ARM GAS  C:\Users\HPz420\AppData\Local\Temp\ccxDBQKL.s 			page 1


   1              		.syntax unified
   2              		.cpu cortex-m3
   3              		.fpu softvfp
   4              		.eabi_attribute 20, 1
   5              		.eabi_attribute 21, 1
   6              		.eabi_attribute 23, 3
   7              		.eabi_attribute 24, 1
   8              		.eabi_attribute 25, 1
   9              		.eabi_attribute 26, 1
  10              		.eabi_attribute 30, 1
  11              		.eabi_attribute 34, 1
  12              		.eabi_attribute 18, 4
  13              		.thumb
  14              		.syntax unified
  15              		.file	"cymetadata.c"
  16              		.text
  17              	.Ltext0:
  18              		.cfi_sections	.debug_frame
  19              		.global	cy_metadata
  20              		.global	cy_meta_flashprotect
  21              		.global	cy_meta_wonvl
  22              		.global	cy_meta_custnvl
  23              		.global	cy_meta_configecc
  24              		.section	.cyconfigecc,"a",%progbits
  25              		.align	2
  26              		.type	cy_meta_configecc, %object
  27              		.size	cy_meta_configecc, 2308
  28              	cy_meta_configecc:
  29 0000 0D       		.byte	13
  30 0001 52       		.byte	82
  31 0002 00       		.byte	0
  32 0003 40       		.byte	64
  33 0004 04       		.byte	4
  34 0005 03       		.byte	3
  35 0006 01       		.byte	1
  36 0007 40       		.byte	64
  37 0008 42       		.byte	66
  38 0009 04       		.byte	4
  39 000a 01       		.byte	1
  40 000b 40       		.byte	64
  41 000c 35       		.byte	53
  42 000d 05       		.byte	5
  43 000e 01       		.byte	1
  44 000f 40       		.byte	64
  45 0010 38       		.byte	56
  46 0011 06       		.byte	6
  47 0012 01       		.byte	1
  48 0013 40       		.byte	64
  49 0014 3F       		.byte	63
  50 0015 07       		.byte	7
  51 0016 01       		.byte	1
  52 0017 40       		.byte	64
  53 0018 3A       		.byte	58
  54 0019 08       		.byte	8
  55 001a 01       		.byte	1
  56 001b 40       		.byte	64
  57 001c 40       		.byte	64
ARM GAS  C:\Users\HPz420\AppData\Local\Temp\ccxDBQKL.s 			page 2


  58 001d 09       		.byte	9
  59 001e 01       		.byte	1
  60 001f 40       		.byte	64
  61 0020 41       		.byte	65
  62 0021 0A       		.byte	10
  63 0022 01       		.byte	1
  64 0023 40       		.byte	64
  65 0024 2D       		.byte	45
  66 0025 0B       		.byte	11
  67 0026 01       		.byte	1
  68 0027 40       		.byte	64
  69 0028 3F       		.byte	63
  70 0029 14       		.byte	20
  71 002a 01       		.byte	1
  72 002b 40       		.byte	64
  73 002c 44       		.byte	68
  74 002d 15       		.byte	21
  75 002e 01       		.byte	1
  76 002f 40       		.byte	64
  77 0030 3F       		.byte	63
  78 0031 16       		.byte	22
  79 0032 01       		.byte	1
  80 0033 40       		.byte	64
  81 0034 42       		.byte	66
  82 0035 17       		.byte	23
  83 0036 01       		.byte	1
  84 0037 40       		.byte	64
  85 0038 37       		.byte	55
  86 0039 18       		.byte	24
  87 003a 01       		.byte	1
  88 003b 40       		.byte	64
  89 003c 33       		.byte	51
  90 003d 19       		.byte	25
  91 003e 01       		.byte	1
  92 003f 40       		.byte	64
  93 0040 06       		.byte	6
  94 0041 1B       		.byte	27
  95 0042 01       		.byte	1
  96 0043 40       		.byte	64
  97 0044 09       		.byte	9
  98 0045 40       		.byte	64
  99 0046 01       		.byte	1
 100 0047 40       		.byte	64
 101 0048 14       		.byte	20
 102 0049 41       		.byte	65
 103 004a 01       		.byte	1
 104 004b 40       		.byte	64
 105 004c 15       		.byte	21
 106 004d 42       		.byte	66
 107 004e 01       		.byte	1
 108 004f 40       		.byte	64
 109 0050 0B       		.byte	11
 110 0051 43       		.byte	67
 111 0052 01       		.byte	1
 112 0053 40       		.byte	64
 113 0054 03       		.byte	3
 114 0055 44       		.byte	68
ARM GAS  C:\Users\HPz420\AppData\Local\Temp\ccxDBQKL.s 			page 3


 115 0056 01       		.byte	1
 116 0057 40       		.byte	64
 117 0058 08       		.byte	8
 118 0059 45       		.byte	69
 119 005a 01       		.byte	1
 120 005b 40       		.byte	64
 121 005c 0A       		.byte	10
 122 005d 46       		.byte	70
 123 005e 01       		.byte	1
 124 005f 40       		.byte	64
 125 0060 0C       		.byte	12
 126 0061 47       		.byte	71
 127 0062 01       		.byte	1
 128 0063 40       		.byte	64
 129 0064 12       		.byte	18
 130 0065 48       		.byte	72
 131 0066 01       		.byte	1
 132 0067 40       		.byte	64
 133 0068 1C       		.byte	28
 134 0069 49       		.byte	73
 135 006a 01       		.byte	1
 136 006b 40       		.byte	64
 137 006c 15       		.byte	21
 138 006d 4C       		.byte	76
 139 006e 01       		.byte	1
 140 006f 40       		.byte	64
 141 0070 19       		.byte	25
 142 0071 4D       		.byte	77
 143 0072 01       		.byte	1
 144 0073 40       		.byte	64
 145 0074 02       		.byte	2
 146 0075 50       		.byte	80
 147 0076 01       		.byte	1
 148 0077 40       		.byte	64
 149 0078 01       		.byte	1
 150 0079 51       		.byte	81
 151 007a 01       		.byte	1
 152 007b 40       		.byte	64
 153 007c 00       		.byte	0
 154 007d 5A       		.byte	90
 155 007e 01       		.byte	1
 156 007f CC       		.byte	-52
 157 0080 0C       		.byte	12
 158 0081 E0       		.byte	-32
 159 0082 14       		.byte	20
 160 0083 FF       		.byte	-1
 161 0084 18       		.byte	24
 162 0085 39       		.byte	57
 163 0086 19       		.byte	25
 164 0087 53       		.byte	83
 165 0088 20       		.byte	32
 166 0089 19       		.byte	25
 167 008a 21       		.byte	33
 168 008b 25       		.byte	37
 169 008c 28       		.byte	40
 170 008d 10       		.byte	16
 171 008e 29       		.byte	41
ARM GAS  C:\Users\HPz420\AppData\Local\Temp\ccxDBQKL.s 			page 4


 172 008f 10       		.byte	16
 173 0090 2C       		.byte	44
 174 0091 4F       		.byte	79
 175 0092 78       		.byte	120
 176 0093 05       		.byte	5
 177 0094 79       		.byte	121
 178 0095 03       		.byte	3
 179 0096 80       		.byte	-128
 180 0097 04       		.byte	4
 181 0098 84       		.byte	-124
 182 0099 04       		.byte	4
 183 009a 8A       		.byte	-118
 184 009b 04       		.byte	4
 185 009c E2       		.byte	-30
 186 009d 80       		.byte	-128
 187 009e 01       		.byte	1
 188 009f 03       		.byte	3
 189 00a0 03       		.byte	3
 190 00a1 08       		.byte	8
 191 00a2 06       		.byte	6
 192 00a3 FF       		.byte	-1
 193 00a4 08       		.byte	8
 194 00a5 FF       		.byte	-1
 195 00a6 09       		.byte	9
 196 00a7 0A       		.byte	10
 197 00a8 0B       		.byte	11
 198 00a9 01       		.byte	1
 199 00aa 0C       		.byte	12
 200 00ab FF       		.byte	-1
 201 00ac 10       		.byte	16
 202 00ad 33       		.byte	51
 203 00ae 11       		.byte	17
 204 00af 03       		.byte	3
 205 00b0 12       		.byte	18
 206 00b1 CC       		.byte	-52
 207 00b2 13       		.byte	19
 208 00b3 08       		.byte	8
 209 00b4 17       		.byte	23
 210 00b5 04       		.byte	4
 211 00b6 18       		.byte	24
 212 00b7 0F       		.byte	15
 213 00b8 1A       		.byte	26
 214 00b9 F0       		.byte	-16
 215 00ba 1C       		.byte	28
 216 00bb 55       		.byte	85
 217 00bc 1E       		.byte	30
 218 00bd AA       		.byte	-86
 219 00be 23       		.byte	35
 220 00bf 04       		.byte	4
 221 00c0 24       		.byte	36
 222 00c1 69       		.byte	105
 223 00c2 26       		.byte	38
 224 00c3 96       		.byte	-106
 225 00c4 29       		.byte	41
 226 00c5 04       		.byte	4
 227 00c6 2D       		.byte	45
 228 00c7 08       		.byte	8
ARM GAS  C:\Users\HPz420\AppData\Local\Temp\ccxDBQKL.s 			page 5


 229 00c8 2F       		.byte	47
 230 00c9 07       		.byte	7
 231 00ca 30       		.byte	48
 232 00cb FF       		.byte	-1
 233 00cc 31       		.byte	49
 234 00cd 04       		.byte	4
 235 00ce 33       		.byte	51
 236 00cf 08       		.byte	8
 237 00d0 35       		.byte	53
 238 00d1 01       		.byte	1
 239 00d2 37       		.byte	55
 240 00d3 02       		.byte	2
 241 00d4 3E       		.byte	62
 242 00d5 01       		.byte	1
 243 00d6 3F       		.byte	63
 244 00d7 55       		.byte	85
 245 00d8 58       		.byte	88
 246 00d9 04       		.byte	4
 247 00da 59       		.byte	89
 248 00db 04       		.byte	4
 249 00dc 5F       		.byte	95
 250 00dd 01       		.byte	1
 251 00de 80       		.byte	-128
 252 00df 04       		.byte	4
 253 00e0 81       		.byte	-127
 254 00e1 0D       		.byte	13
 255 00e2 89       		.byte	-119
 256 00e3 09       		.byte	9
 257 00e4 8B       		.byte	-117
 258 00e5 04       		.byte	4
 259 00e6 8C       		.byte	-116
 260 00e7 06       		.byte	6
 261 00e8 8D       		.byte	-115
 262 00e9 02       		.byte	2
 263 00ea 8E       		.byte	-114
 264 00eb 09       		.byte	9
 265 00ec 91       		.byte	-111
 266 00ed 05       		.byte	5
 267 00ee 93       		.byte	-109
 268 00ef 08       		.byte	8
 269 00f0 96       		.byte	-106
 270 00f1 04       		.byte	4
 271 00f2 97       		.byte	-105
 272 00f3 02       		.byte	2
 273 00f4 9A       		.byte	-102
 274 00f5 04       		.byte	4
 275 00f6 9C       		.byte	-100
 276 00f7 02       		.byte	2
 277 00f8 9E       		.byte	-98
 278 00f9 09       		.byte	9
 279 00fa A0       		.byte	-96
 280 00fb 09       		.byte	9
 281 00fc A2       		.byte	-94
 282 00fd 02       		.byte	2
 283 00fe A8       		.byte	-88
 284 00ff 0A       		.byte	10
 285 0100 AA       		.byte	-86
ARM GAS  C:\Users\HPz420\AppData\Local\Temp\ccxDBQKL.s 			page 6


 286 0101 01       		.byte	1
 287 0102 AB       		.byte	-85
 288 0103 02       		.byte	2
 289 0104 AD       		.byte	-83
 290 0105 0D       		.byte	13
 291 0106 AF       		.byte	-81
 292 0107 02       		.byte	2
 293 0108 B0       		.byte	-80
 294 0109 08       		.byte	8
 295 010a B1       		.byte	-79
 296 010b 01       		.byte	1
 297 010c B2       		.byte	-78
 298 010d 02       		.byte	2
 299 010e B3       		.byte	-77
 300 010f 02       		.byte	2
 301 0110 B4       		.byte	-76
 302 0111 01       		.byte	1
 303 0112 B5       		.byte	-75
 304 0113 08       		.byte	8
 305 0114 B6       		.byte	-74
 306 0115 04       		.byte	4
 307 0116 B7       		.byte	-73
 308 0117 04       		.byte	4
 309 0118 BE       		.byte	-66
 310 0119 55       		.byte	85
 311 011a BF       		.byte	-65
 312 011b 55       		.byte	85
 313 011c D8       		.byte	-40
 314 011d 04       		.byte	4
 315 011e D9       		.byte	-39
 316 011f 04       		.byte	4
 317 0120 DF       		.byte	-33
 318 0121 01       		.byte	1
 319 0122 01       		.byte	1
 320 0123 20       		.byte	32
 321 0124 02       		.byte	2
 322 0125 11       		.byte	17
 323 0126 05       		.byte	5
 324 0127 81       		.byte	-127
 325 0128 09       		.byte	9
 326 0129 02       		.byte	2
 327 012a 0B       		.byte	11
 328 012b 0A       		.byte	10
 329 012c 0E       		.byte	14
 330 012d 2A       		.byte	42
 331 012e 11       		.byte	17
 332 012f 04       		.byte	4
 333 0130 15       		.byte	21
 334 0131 11       		.byte	17
 335 0132 19       		.byte	25
 336 0133 02       		.byte	2
 337 0134 1D       		.byte	29
 338 0135 04       		.byte	4
 339 0136 1E       		.byte	30
 340 0137 80       		.byte	-128
 341 0138 1F       		.byte	31
 342 0139 60       		.byte	96
ARM GAS  C:\Users\HPz420\AppData\Local\Temp\ccxDBQKL.s 			page 7


 343 013a 20       		.byte	32
 344 013b 48       		.byte	72
 345 013c 22       		.byte	34
 346 013d 44       		.byte	68
 347 013e 24       		.byte	36
 348 013f 08       		.byte	8
 349 0140 25       		.byte	37
 350 0141 08       		.byte	8
 351 0142 26       		.byte	38
 352 0143 80       		.byte	-128
 353 0144 27       		.byte	39
 354 0145 40       		.byte	64
 355 0146 28       		.byte	40
 356 0147 08       		.byte	8
 357 0148 29       		.byte	41
 358 0149 81       		.byte	-127
 359 014a 2D       		.byte	45
 360 014b 80       		.byte	-128
 361 014c 2F       		.byte	47
 362 014d 08       		.byte	8
 363 014e 33       		.byte	51
 364 014f 09       		.byte	9
 365 0150 34       		.byte	52
 366 0151 08       		.byte	8
 367 0152 36       		.byte	54
 368 0153 05       		.byte	5
 369 0154 37       		.byte	55
 370 0155 01       		.byte	1
 371 0156 39       		.byte	57
 372 0157 01       		.byte	1
 373 0158 3B       		.byte	59
 374 0159 10       		.byte	16
 375 015a 3C       		.byte	60
 376 015b 80       		.byte	-128
 377 015c 3D       		.byte	61
 378 015d 33       		.byte	51
 379 015e 3F       		.byte	63
 380 015f 10       		.byte	16
 381 0160 80       		.byte	-128
 382 0161 40       		.byte	64
 383 0162 81       		.byte	-127
 384 0163 08       		.byte	8
 385 0164 83       		.byte	-125
 386 0165 40       		.byte	64
 387 0166 86       		.byte	-122
 388 0167 80       		.byte	-128
 389 0168 8A       		.byte	-118
 390 0169 40       		.byte	64
 391 016a 8D       		.byte	-115
 392 016b 11       		.byte	17
 393 016c 94       		.byte	-108
 394 016d 08       		.byte	8
 395 016e 96       		.byte	-106
 396 016f 88       		.byte	-120
 397 0170 9D       		.byte	-99
 398 0171 04       		.byte	4
 399 0172 A4       		.byte	-92
ARM GAS  C:\Users\HPz420\AppData\Local\Temp\ccxDBQKL.s 			page 8


 400 0173 04       		.byte	4
 401 0174 A7       		.byte	-89
 402 0175 20       		.byte	32
 403 0176 A9       		.byte	-87
 404 0177 04       		.byte	4
 405 0178 AF       		.byte	-81
 406 0179 20       		.byte	32
 407 017a B6       		.byte	-74
 408 017b 40       		.byte	64
 409 017c C0       		.byte	-64
 410 017d 97       		.byte	-105
 411 017e C2       		.byte	-62
 412 017f EB       		.byte	-21
 413 0180 C4       		.byte	-60
 414 0181 54       		.byte	84
 415 0182 CA       		.byte	-54
 416 0183 3D       		.byte	61
 417 0184 CC       		.byte	-52
 418 0185 C3       		.byte	-61
 419 0186 CE       		.byte	-50
 420 0187 B5       		.byte	-75
 421 0188 E2       		.byte	-30
 422 0189 24       		.byte	36
 423 018a EA       		.byte	-22
 424 018b 10       		.byte	16
 425 018c 03       		.byte	3
 426 018d 02       		.byte	2
 427 018e 0C       		.byte	12
 428 018f 02       		.byte	2
 429 0190 0D       		.byte	13
 430 0191 01       		.byte	1
 431 0192 0E       		.byte	14
 432 0193 1C       		.byte	28
 433 0194 12       		.byte	18
 434 0195 15       		.byte	21
 435 0196 13       		.byte	19
 436 0197 0A       		.byte	10
 437 0198 15       		.byte	21
 438 0199 01       		.byte	1
 439 019a 16       		.byte	22
 440 019b 05       		.byte	5
 441 019c 18       		.byte	24
 442 019d 01       		.byte	1
 443 019e 1A       		.byte	26
 444 019f 18       		.byte	24
 445 01a0 29       		.byte	41
 446 01a1 01       		.byte	1
 447 01a2 2D       		.byte	45
 448 01a3 01       		.byte	1
 449 01a4 2F       		.byte	47
 450 01a5 0E       		.byte	14
 451 01a6 30       		.byte	48
 452 01a7 0C       		.byte	12
 453 01a8 31       		.byte	49
 454 01a9 08       		.byte	8
 455 01aa 32       		.byte	50
 456 01ab 14       		.byte	20
ARM GAS  C:\Users\HPz420\AppData\Local\Temp\ccxDBQKL.s 			page 9


 457 01ac 33       		.byte	51
 458 01ad 01       		.byte	1
 459 01ae 34       		.byte	52
 460 01af 03       		.byte	3
 461 01b0 35       		.byte	53
 462 01b1 02       		.byte	2
 463 01b2 37       		.byte	55
 464 01b3 04       		.byte	4
 465 01b4 3A       		.byte	58
 466 01b5 3A       		.byte	58
 467 01b6 3B       		.byte	59
 468 01b7 A2       		.byte	-94
 469 01b8 3F       		.byte	63
 470 01b9 04       		.byte	4
 471 01ba 58       		.byte	88
 472 01bb 04       		.byte	4
 473 01bc 59       		.byte	89
 474 01bd 04       		.byte	4
 475 01be 5F       		.byte	95
 476 01bf 01       		.byte	1
 477 01c0 81       		.byte	-127
 478 01c1 55       		.byte	85
 479 01c2 83       		.byte	-125
 480 01c3 AA       		.byte	-86
 481 01c4 84       		.byte	-124
 482 01c5 69       		.byte	105
 483 01c6 85       		.byte	-123
 484 01c7 96       		.byte	-106
 485 01c8 86       		.byte	-122
 486 01c9 96       		.byte	-106
 487 01ca 87       		.byte	-121
 488 01cb 69       		.byte	105
 489 01cc 8A       		.byte	-118
 490 01cd FF       		.byte	-1
 491 01ce 8E       		.byte	-114
 492 01cf FF       		.byte	-1
 493 01d0 90       		.byte	-112
 494 01d1 33       		.byte	51
 495 01d2 91       		.byte	-111
 496 01d3 33       		.byte	51
 497 01d4 92       		.byte	-110
 498 01d5 CC       		.byte	-52
 499 01d6 93       		.byte	-109
 500 01d7 CC       		.byte	-52
 501 01d8 94       		.byte	-108
 502 01d9 55       		.byte	85
 503 01da 96       		.byte	-106
 504 01db AA       		.byte	-86
 505 01dc 98       		.byte	-104
 506 01dd 0F       		.byte	15
 507 01de 99       		.byte	-103
 508 01df FF       		.byte	-1
 509 01e0 9A       		.byte	-102
 510 01e1 F0       		.byte	-16
 511 01e2 A1       		.byte	-95
 512 01e3 FF       		.byte	-1
 513 01e4 A5       		.byte	-91
ARM GAS  C:\Users\HPz420\AppData\Local\Temp\ccxDBQKL.s 			page 10


 514 01e5 0F       		.byte	15
 515 01e6 A6       		.byte	-90
 516 01e7 FF       		.byte	-1
 517 01e8 A7       		.byte	-89
 518 01e9 F0       		.byte	-16
 519 01ea A9       		.byte	-87
 520 01eb FF       		.byte	-1
 521 01ec B0       		.byte	-80
 522 01ed FF       		.byte	-1
 523 01ee B5       		.byte	-75
 524 01ef FF       		.byte	-1
 525 01f0 BA       		.byte	-70
 526 01f1 C0       		.byte	-64
 527 01f2 BE       		.byte	-66
 528 01f3 01       		.byte	1
 529 01f4 BF       		.byte	-65
 530 01f5 10       		.byte	16
 531 01f6 D8       		.byte	-40
 532 01f7 04       		.byte	4
 533 01f8 D9       		.byte	-39
 534 01f9 04       		.byte	4
 535 01fa DF       		.byte	-33
 536 01fb 01       		.byte	1
 537 01fc 01       		.byte	1
 538 01fd 24       		.byte	36
 539 01fe 02       		.byte	2
 540 01ff 01       		.byte	1
 541 0200 05       		.byte	5
 542 0201 80       		.byte	-128
 543 0202 08       		.byte	8
 544 0203 08       		.byte	8
 545 0204 09       		.byte	9
 546 0205 02       		.byte	2
 547 0206 0B       		.byte	11
 548 0207 08       		.byte	8
 549 0208 0E       		.byte	14
 550 0209 A8       		.byte	-88
 551 020a 10       		.byte	16
 552 020b 20       		.byte	32
 553 020c 19       		.byte	25
 554 020d 80       		.byte	-128
 555 020e 1A       		.byte	26
 556 020f 40       		.byte	64
 557 0210 1C       		.byte	28
 558 0211 80       		.byte	-128
 559 0212 1D       		.byte	29
 560 0213 01       		.byte	1
 561 0214 1E       		.byte	30
 562 0215 A8       		.byte	-88
 563 0216 1F       		.byte	31
 564 0217 18       		.byte	24
 565 0218 23       		.byte	35
 566 0219 04       		.byte	4
 567 021a 24       		.byte	36
 568 021b 42       		.byte	66
 569 021c 25       		.byte	37
 570 021d 11       		.byte	17
ARM GAS  C:\Users\HPz420\AppData\Local\Temp\ccxDBQKL.s 			page 11


 571 021e 27       		.byte	39
 572 021f 11       		.byte	17
 573 0220 28       		.byte	40
 574 0221 20       		.byte	32
 575 0222 29       		.byte	41
 576 0223 20       		.byte	32
 577 0224 2A       		.byte	42
 578 0225 01       		.byte	1
 579 0226 2D       		.byte	45
 580 0227 80       		.byte	-128
 581 0228 2F       		.byte	47
 582 0229 08       		.byte	8
 583 022a 30       		.byte	48
 584 022b 20       		.byte	32
 585 022c 31       		.byte	49
 586 022d 02       		.byte	2
 587 022e 36       		.byte	54
 588 022f 04       		.byte	4
 589 0230 37       		.byte	55
 590 0231 01       		.byte	1
 591 0232 39       		.byte	57
 592 0233 04       		.byte	4
 593 0234 3B       		.byte	59
 594 0235 02       		.byte	2
 595 0236 3C       		.byte	60
 596 0237 80       		.byte	-128
 597 0238 3D       		.byte	61
 598 0239 02       		.byte	2
 599 023a 82       		.byte	-126
 600 023b 01       		.byte	1
 601 023c 84       		.byte	-124
 602 023d 20       		.byte	32
 603 023e 87       		.byte	-121
 604 023f 04       		.byte	4
 605 0240 88       		.byte	-120
 606 0241 20       		.byte	32
 607 0242 8A       		.byte	-118
 608 0243 10       		.byte	16
 609 0244 8C       		.byte	-116
 610 0245 08       		.byte	8
 611 0246 8E       		.byte	-114
 612 0247 20       		.byte	32
 613 0248 8F       		.byte	-113
 614 0249 01       		.byte	1
 615 024a 91       		.byte	-111
 616 024b 10       		.byte	16
 617 024c 95       		.byte	-107
 618 024d 04       		.byte	4
 619 024e 97       		.byte	-105
 620 024f 0A       		.byte	10
 621 0250 99       		.byte	-103
 622 0251 02       		.byte	2
 623 0252 9D       		.byte	-99
 624 0253 A1       		.byte	-95
 625 0254 9E       		.byte	-98
 626 0255 11       		.byte	17
 627 0256 9F       		.byte	-97
ARM GAS  C:\Users\HPz420\AppData\Local\Temp\ccxDBQKL.s 			page 12


 628 0257 01       		.byte	1
 629 0258 A4       		.byte	-92
 630 0259 40       		.byte	64
 631 025a A5       		.byte	-91
 632 025b 13       		.byte	19
 633 025c A6       		.byte	-90
 634 025d 14       		.byte	20
 635 025e A7       		.byte	-89
 636 025f 08       		.byte	8
 637 0260 A9       		.byte	-87
 638 0261 80       		.byte	-128
 639 0262 AF       		.byte	-81
 640 0263 40       		.byte	64
 641 0264 B6       		.byte	-74
 642 0265 01       		.byte	1
 643 0266 C0       		.byte	-64
 644 0267 87       		.byte	-121
 645 0268 C2       		.byte	-62
 646 0269 7E       		.byte	126
 647 026a C4       		.byte	-60
 648 026b 04       		.byte	4
 649 026c CA       		.byte	-54
 650 026d 37       		.byte	55
 651 026e CC       		.byte	-52
 652 026f C5       		.byte	-59
 653 0270 CE       		.byte	-50
 654 0271 93       		.byte	-109
 655 0272 E2       		.byte	-30
 656 0273 14       		.byte	20
 657 0274 E6       		.byte	-26
 658 0275 08       		.byte	8
 659 0276 E8       		.byte	-24
 660 0277 04       		.byte	4
 661 0278 EA       		.byte	-22
 662 0279 02       		.byte	2
 663 027a 00       		.byte	0
 664 027b 33       		.byte	51
 665 027c 02       		.byte	2
 666 027d CC       		.byte	-52
 667 027e 08       		.byte	8
 668 027f 55       		.byte	85
 669 0280 0A       		.byte	10
 670 0281 AA       		.byte	-86
 671 0282 0D       		.byte	13
 672 0283 FF       		.byte	-1
 673 0284 10       		.byte	16
 674 0285 0F       		.byte	15
 675 0286 12       		.byte	18
 676 0287 F0       		.byte	-16
 677 0288 15       		.byte	21
 678 0289 69       		.byte	105
 679 028a 16       		.byte	22
 680 028b FF       		.byte	-1
 681 028c 17       		.byte	23
 682 028d 96       		.byte	-106
 683 028e 19       		.byte	25
 684 028f FF       		.byte	-1
ARM GAS  C:\Users\HPz420\AppData\Local\Temp\ccxDBQKL.s 			page 13


 685 0290 1D       		.byte	29
 686 0291 0F       		.byte	15
 687 0292 1E       		.byte	30
 688 0293 FF       		.byte	-1
 689 0294 1F       		.byte	31
 690 0295 F0       		.byte	-16
 691 0296 25       		.byte	37
 692 0297 55       		.byte	85
 693 0298 27       		.byte	39
 694 0299 AA       		.byte	-86
 695 029a 28       		.byte	40
 696 029b 96       		.byte	-106
 697 029c 2A       		.byte	42
 698 029d 69       		.byte	105
 699 029e 2B       		.byte	43
 700 029f FF       		.byte	-1
 701 02a0 2C       		.byte	44
 702 02a1 FF       		.byte	-1
 703 02a2 2D       		.byte	45
 704 02a3 33       		.byte	51
 705 02a4 2F       		.byte	47
 706 02a5 CC       		.byte	-52
 707 02a6 36       		.byte	54
 708 02a7 FF       		.byte	-1
 709 02a8 37       		.byte	55
 710 02a9 FF       		.byte	-1
 711 02aa 3E       		.byte	62
 712 02ab 40       		.byte	64
 713 02ac 3F       		.byte	63
 714 02ad 40       		.byte	64
 715 02ae 58       		.byte	88
 716 02af 04       		.byte	4
 717 02b0 59       		.byte	89
 718 02b1 04       		.byte	4
 719 02b2 5F       		.byte	95
 720 02b3 01       		.byte	1
 721 02b4 80       		.byte	-128
 722 02b5 33       		.byte	51
 723 02b6 82       		.byte	-126
 724 02b7 CC       		.byte	-52
 725 02b8 84       		.byte	-124
 726 02b9 96       		.byte	-106
 727 02ba 86       		.byte	-122
 728 02bb 69       		.byte	105
 729 02bc 89       		.byte	-119
 730 02bd 55       		.byte	85
 731 02be 8A       		.byte	-118
 732 02bf FF       		.byte	-1
 733 02c0 8B       		.byte	-117
 734 02c1 AA       		.byte	-86
 735 02c2 8E       		.byte	-114
 736 02c3 FF       		.byte	-1
 737 02c4 90       		.byte	-112
 738 02c5 0F       		.byte	15
 739 02c6 91       		.byte	-111
 740 02c7 0F       		.byte	15
 741 02c8 92       		.byte	-110
ARM GAS  C:\Users\HPz420\AppData\Local\Temp\ccxDBQKL.s 			page 14


 742 02c9 F0       		.byte	-16
 743 02ca 93       		.byte	-109
 744 02cb F0       		.byte	-16
 745 02cc 94       		.byte	-108
 746 02cd 55       		.byte	85
 747 02ce 96       		.byte	-106
 748 02cf AA       		.byte	-86
 749 02d0 97       		.byte	-105
 750 02d1 FF       		.byte	-1
 751 02d2 98       		.byte	-104
 752 02d3 FF       		.byte	-1
 753 02d4 A3       		.byte	-93
 754 02d5 FF       		.byte	-1
 755 02d6 A7       		.byte	-89
 756 02d7 FF       		.byte	-1
 757 02d8 A9       		.byte	-87
 758 02d9 69       		.byte	105
 759 02da AB       		.byte	-85
 760 02db 96       		.byte	-106
 761 02dc AD       		.byte	-83
 762 02dd 33       		.byte	51
 763 02de AF       		.byte	-81
 764 02df CC       		.byte	-52
 765 02e0 B1       		.byte	-79
 766 02e1 FF       		.byte	-1
 767 02e2 B4       		.byte	-76
 768 02e3 FF       		.byte	-1
 769 02e4 BE       		.byte	-66
 770 02e5 10       		.byte	16
 771 02e6 BF       		.byte	-65
 772 02e7 01       		.byte	1
 773 02e8 D8       		.byte	-40
 774 02e9 04       		.byte	4
 775 02ea D9       		.byte	-39
 776 02eb 04       		.byte	4
 777 02ec DF       		.byte	-33
 778 02ed 01       		.byte	1
 779 02ee 00       		.byte	0
 780 02ef 80       		.byte	-128
 781 02f0 02       		.byte	2
 782 02f1 41       		.byte	65
 783 02f2 03       		.byte	3
 784 02f3 28       		.byte	40
 785 02f4 04       		.byte	4
 786 02f5 20       		.byte	32
 787 02f6 06       		.byte	6
 788 02f7 40       		.byte	64
 789 02f8 08       		.byte	8
 790 02f9 20       		.byte	32
 791 02fa 09       		.byte	9
 792 02fb 02       		.byte	2
 793 02fc 0B       		.byte	11
 794 02fd 20       		.byte	32
 795 02fe 0D       		.byte	13
 796 02ff 82       		.byte	-126
 797 0300 0E       		.byte	14
 798 0301 80       		.byte	-128
ARM GAS  C:\Users\HPz420\AppData\Local\Temp\ccxDBQKL.s 			page 15


 799 0302 0F       		.byte	15
 800 0303 20       		.byte	32
 801 0304 14       		.byte	20
 802 0305 08       		.byte	8
 803 0306 16       		.byte	22
 804 0307 01       		.byte	1
 805 0308 19       		.byte	25
 806 0309 20       		.byte	32
 807 030a 1E       		.byte	30
 808 030b 01       		.byte	1
 809 030c 20       		.byte	32
 810 030d 40       		.byte	64
 811 030e 26       		.byte	38
 812 030f 80       		.byte	-128
 813 0310 28       		.byte	40
 814 0311 29       		.byte	41
 815 0312 29       		.byte	41
 816 0313 10       		.byte	16
 817 0314 2A       		.byte	42
 818 0315 41       		.byte	65
 819 0316 2B       		.byte	43
 820 0317 10       		.byte	16
 821 0318 2C       		.byte	44
 822 0319 01       		.byte	1
 823 031a 2F       		.byte	47
 824 031b 18       		.byte	24
 825 031c 31       		.byte	49
 826 031d 02       		.byte	2
 827 031e 33       		.byte	51
 828 031f 08       		.byte	8
 829 0320 34       		.byte	52
 830 0321 28       		.byte	40
 831 0322 36       		.byte	54
 832 0323 40       		.byte	64
 833 0324 38       		.byte	56
 834 0325 20       		.byte	32
 835 0326 3B       		.byte	59
 836 0327 20       		.byte	32
 837 0328 3C       		.byte	60
 838 0329 80       		.byte	-128
 839 032a 80       		.byte	-128
 840 032b 80       		.byte	-128
 841 032c 85       		.byte	-123
 842 032d 10       		.byte	16
 843 032e 8A       		.byte	-118
 844 032f 80       		.byte	-128
 845 0330 8F       		.byte	-113
 846 0331 04       		.byte	4
 847 0332 90       		.byte	-112
 848 0333 20       		.byte	32
 849 0334 94       		.byte	-108
 850 0335 44       		.byte	68
 851 0336 96       		.byte	-106
 852 0337 01       		.byte	1
 853 0338 98       		.byte	-104
 854 0339 20       		.byte	32
 855 033a 99       		.byte	-103
ARM GAS  C:\Users\HPz420\AppData\Local\Temp\ccxDBQKL.s 			page 16


 856 033b 10       		.byte	16
 857 033c 9A       		.byte	-102
 858 033d 41       		.byte	65
 859 033e 9B       		.byte	-101
 860 033f 02       		.byte	2
 861 0340 9D       		.byte	-99
 862 0341 20       		.byte	32
 863 0342 A1       		.byte	-95
 864 0343 02       		.byte	2
 865 0344 A3       		.byte	-93
 866 0345 20       		.byte	32
 867 0346 A5       		.byte	-91
 868 0347 80       		.byte	-128
 869 0348 A6       		.byte	-90
 870 0349 80       		.byte	-128
 871 034a A7       		.byte	-89
 872 034b 08       		.byte	8
 873 034c A8       		.byte	-88
 874 034d 08       		.byte	8
 875 034e A9       		.byte	-87
 876 034f 10       		.byte	16
 877 0350 AA       		.byte	-86
 878 0351 08       		.byte	8
 879 0352 AB       		.byte	-85
 880 0353 20       		.byte	32
 881 0354 AD       		.byte	-83
 882 0355 08       		.byte	8
 883 0356 B4       		.byte	-76
 884 0357 12       		.byte	18
 885 0358 B5       		.byte	-75
 886 0359 01       		.byte	1
 887 035a C0       		.byte	-64
 888 035b 5F       		.byte	95
 889 035c C2       		.byte	-62
 890 035d BE       		.byte	-66
 891 035e C4       		.byte	-60
 892 035f C0       		.byte	-64
 893 0360 CA       		.byte	-54
 894 0361 7F       		.byte	127
 895 0362 CC       		.byte	-52
 896 0363 73       		.byte	115
 897 0364 CE       		.byte	-50
 898 0365 14       		.byte	20
 899 0366 E2       		.byte	-30
 900 0367 44       		.byte	68
 901 0368 E6       		.byte	-26
 902 0369 28       		.byte	40
 903 036a E8       		.byte	-24
 904 036b 10       		.byte	16
 905 036c EE       		.byte	-18
 906 036d 04       		.byte	4
 907 036e 00       		.byte	0
 908 036f 33       		.byte	51
 909 0370 02       		.byte	2
 910 0371 CC       		.byte	-52
 911 0372 04       		.byte	4
 912 0373 96       		.byte	-106
ARM GAS  C:\Users\HPz420\AppData\Local\Temp\ccxDBQKL.s 			page 17


 913 0374 06       		.byte	6
 914 0375 69       		.byte	105
 915 0376 08       		.byte	8
 916 0377 FF       		.byte	-1
 917 0378 09       		.byte	9
 918 0379 55       		.byte	85
 919 037a 0B       		.byte	11
 920 037b AA       		.byte	-86
 921 037c 0E       		.byte	14
 922 037d FF       		.byte	-1
 923 037e 10       		.byte	16
 924 037f 0F       		.byte	15
 925 0380 11       		.byte	17
 926 0381 0F       		.byte	15
 927 0382 12       		.byte	18
 928 0383 F0       		.byte	-16
 929 0384 13       		.byte	19
 930 0385 F0       		.byte	-16
 931 0386 15       		.byte	21
 932 0387 FF       		.byte	-1
 933 0388 1A       		.byte	26
 934 0389 FF       		.byte	-1
 935 038a 21       		.byte	33
 936 038b FF       		.byte	-1
 937 038c 25       		.byte	37
 938 038d FF       		.byte	-1
 939 038e 29       		.byte	41
 940 038f 96       		.byte	-106
 941 0390 2B       		.byte	43
 942 0391 69       		.byte	105
 943 0392 2C       		.byte	44
 944 0393 55       		.byte	85
 945 0394 2D       		.byte	45
 946 0395 33       		.byte	51
 947 0396 2E       		.byte	46
 948 0397 AA       		.byte	-86
 949 0398 2F       		.byte	47
 950 0399 CC       		.byte	-52
 951 039a 32       		.byte	50
 952 039b FF       		.byte	-1
 953 039c 33       		.byte	51
 954 039d FF       		.byte	-1
 955 039e 3E       		.byte	62
 956 039f 04       		.byte	4
 957 03a0 3F       		.byte	63
 958 03a1 04       		.byte	4
 959 03a2 58       		.byte	88
 960 03a3 04       		.byte	4
 961 03a4 59       		.byte	89
 962 03a5 04       		.byte	4
 963 03a6 5F       		.byte	95
 964 03a7 01       		.byte	1
 965 03a8 80       		.byte	-128
 966 03a9 FF       		.byte	-1
 967 03aa 81       		.byte	-127
 968 03ab 02       		.byte	2
 969 03ac 83       		.byte	-125
ARM GAS  C:\Users\HPz420\AppData\Local\Temp\ccxDBQKL.s 			page 18


 970 03ad 04       		.byte	4
 971 03ae 85       		.byte	-123
 972 03af 01       		.byte	1
 973 03b0 88       		.byte	-120
 974 03b1 55       		.byte	85
 975 03b2 89       		.byte	-119
 976 03b3 04       		.byte	4
 977 03b4 8A       		.byte	-118
 978 03b5 AA       		.byte	-86
 979 03b6 8B       		.byte	-117
 980 03b7 02       		.byte	2
 981 03b8 8D       		.byte	-115
 982 03b9 01       		.byte	1
 983 03ba 90       		.byte	-112
 984 03bb 0F       		.byte	15
 985 03bc 92       		.byte	-110
 986 03bd F0       		.byte	-16
 987 03be 93       		.byte	-109
 988 03bf 06       		.byte	6
 989 03c0 95       		.byte	-107
 990 03c1 04       		.byte	4
 991 03c2 97       		.byte	-105
 992 03c3 02       		.byte	2
 993 03c4 99       		.byte	-103
 994 03c5 01       		.byte	1
 995 03c6 9C       		.byte	-100
 996 03c7 FF       		.byte	-1
 997 03c8 9D       		.byte	-99
 998 03c9 01       		.byte	1
 999 03ca A0       		.byte	-96
 1000 03cb 33       		.byte	51
 1001 03cc A1       		.byte	-95
 1002 03cd 01       		.byte	1
 1003 03ce A2       		.byte	-94
 1004 03cf CC       		.byte	-52
 1005 03d0 A5       		.byte	-91
 1006 03d1 01       		.byte	1
 1007 03d2 A8       		.byte	-88
 1008 03d3 69       		.byte	105
 1009 03d4 A9       		.byte	-87
 1010 03d5 01       		.byte	1
 1011 03d6 AA       		.byte	-86
 1012 03d7 96       		.byte	-106
 1013 03d8 AD       		.byte	-83
 1014 03d9 01       		.byte	1
 1015 03da AE       		.byte	-82
 1016 03db FF       		.byte	-1
 1017 03dc B0       		.byte	-80
 1018 03dd FF       		.byte	-1
 1019 03de B3       		.byte	-77
 1020 03df 04       		.byte	4
 1021 03e0 B5       		.byte	-75
 1022 03e1 02       		.byte	2
 1023 03e2 B7       		.byte	-73
 1024 03e3 01       		.byte	1
 1025 03e4 B9       		.byte	-71
 1026 03e5 80       		.byte	-128
ARM GAS  C:\Users\HPz420\AppData\Local\Temp\ccxDBQKL.s 			page 19


 1027 03e6 BE       		.byte	-66
 1028 03e7 01       		.byte	1
 1029 03e8 BF       		.byte	-65
 1030 03e9 54       		.byte	84
 1031 03ea D8       		.byte	-40
 1032 03eb 04       		.byte	4
 1033 03ec D9       		.byte	-39
 1034 03ed 04       		.byte	4
 1035 03ee DF       		.byte	-33
 1036 03ef 01       		.byte	1
 1037 03f0 02       		.byte	2
 1038 03f1 41       		.byte	65
 1039 03f2 03       		.byte	3
 1040 03f3 28       		.byte	40
 1041 03f4 04       		.byte	4
 1042 03f5 22       		.byte	34
 1043 03f6 08       		.byte	8
 1044 03f7 20       		.byte	32
 1045 03f8 09       		.byte	9
 1046 03f9 02       		.byte	2
 1047 03fa 0D       		.byte	13
 1048 03fb 82       		.byte	-126
 1049 03fc 10       		.byte	16
 1050 03fd 02       		.byte	2
 1051 03fe 14       		.byte	20
 1052 03ff 08       		.byte	8
 1053 0400 16       		.byte	22
 1054 0401 41       		.byte	65
 1055 0402 19       		.byte	25
 1056 0403 08       		.byte	8
 1057 0404 1F       		.byte	31
 1058 0405 02       		.byte	2
 1059 0406 23       		.byte	35
 1060 0407 20       		.byte	32
 1061 0408 25       		.byte	37
 1062 0409 08       		.byte	8
 1063 040a 27       		.byte	39
 1064 040b 0A       		.byte	10
 1065 040c 28       		.byte	40
 1066 040d 28       		.byte	40
 1067 040e 2A       		.byte	42
 1068 040f 41       		.byte	65
 1069 0410 2D       		.byte	45
 1070 0411 28       		.byte	40
 1071 0412 2E       		.byte	46
 1072 0413 01       		.byte	1
 1073 0414 2F       		.byte	47
 1074 0415 02       		.byte	2
 1075 0416 31       		.byte	49
 1076 0417 02       		.byte	2
 1077 0418 33       		.byte	51
 1078 0419 08       		.byte	8
 1079 041a 36       		.byte	54
 1080 041b 8A       		.byte	-118
 1081 041c 37       		.byte	55
 1082 041d 20       		.byte	32
 1083 041e 38       		.byte	56
ARM GAS  C:\Users\HPz420\AppData\Local\Temp\ccxDBQKL.s 			page 20


 1084 041f 20       		.byte	32
 1085 0420 3C       		.byte	60
 1086 0421 54       		.byte	84
 1087 0422 3D       		.byte	61
 1088 0423 02       		.byte	2
 1089 0424 80       		.byte	-128
 1090 0425 21       		.byte	33
 1091 0426 83       		.byte	-125
 1092 0427 08       		.byte	8
 1093 0428 8A       		.byte	-118
 1094 0429 40       		.byte	64
 1095 042a 8C       		.byte	-116
 1096 042b 10       		.byte	16
 1097 042c 8E       		.byte	-114
 1098 042d 02       		.byte	2
 1099 042e 9A       		.byte	-102
 1100 042f 01       		.byte	1
 1101 0430 A1       		.byte	-95
 1102 0431 02       		.byte	2
 1103 0432 AA       		.byte	-86
 1104 0433 01       		.byte	1
 1105 0434 AD       		.byte	-83
 1106 0435 02       		.byte	2
 1107 0436 C0       		.byte	-64
 1108 0437 5F       		.byte	95
 1109 0438 C2       		.byte	-62
 1110 0439 9A       		.byte	-102
 1111 043a C4       		.byte	-60
 1112 043b D1       		.byte	-47
 1113 043c CA       		.byte	-54
 1114 043d FF       		.byte	-1
 1115 043e CC       		.byte	-52
 1116 043f F3       		.byte	-13
 1117 0440 CE       		.byte	-50
 1118 0441 F4       		.byte	-12
 1119 0442 E0       		.byte	-32
 1120 0443 10       		.byte	16
 1121 0444 E4       		.byte	-28
 1122 0445 10       		.byte	16
 1123 0446 E6       		.byte	-26
 1124 0447 04       		.byte	4
 1125 0448 EA       		.byte	-22
 1126 0449 06       		.byte	6
 1127 044a 01       		.byte	1
 1128 044b 55       		.byte	85
 1129 044c 03       		.byte	3
 1130 044d AA       		.byte	-86
 1131 044e 04       		.byte	4
 1132 044f 96       		.byte	-106
 1133 0450 05       		.byte	5
 1134 0451 69       		.byte	105
 1135 0452 06       		.byte	6
 1136 0453 69       		.byte	105
 1137 0454 07       		.byte	7
 1138 0455 96       		.byte	-106
 1139 0456 08       		.byte	8
 1140 0457 FF       		.byte	-1
ARM GAS  C:\Users\HPz420\AppData\Local\Temp\ccxDBQKL.s 			page 21


 1141 0458 0E       		.byte	14
 1142 0459 FF       		.byte	-1
 1143 045a 10       		.byte	16
 1144 045b 33       		.byte	51
 1145 045c 11       		.byte	17
 1146 045d 33       		.byte	51
 1147 045e 12       		.byte	18
 1148 045f CC       		.byte	-52
 1149 0460 13       		.byte	19
 1150 0461 CC       		.byte	-52
 1151 0462 18       		.byte	24
 1152 0463 0F       		.byte	15
 1153 0464 19       		.byte	25
 1154 0465 FF       		.byte	-1
 1155 0466 1A       		.byte	26
 1156 0467 F0       		.byte	-16
 1157 0468 1C       		.byte	28
 1158 0469 55       		.byte	85
 1159 046a 1E       		.byte	30
 1160 046b AA       		.byte	-86
 1161 046c 23       		.byte	35
 1162 046d FF       		.byte	-1
 1163 046e 25       		.byte	37
 1164 046f 0F       		.byte	15
 1165 0470 26       		.byte	38
 1166 0471 FF       		.byte	-1
 1167 0472 27       		.byte	39
 1168 0473 F0       		.byte	-16
 1169 0474 29       		.byte	41
 1170 0475 FF       		.byte	-1
 1171 0476 31       		.byte	49
 1172 0477 FF       		.byte	-1
 1173 0478 36       		.byte	54
 1174 0479 FF       		.byte	-1
 1175 047a 3E       		.byte	62
 1176 047b 40       		.byte	64
 1177 047c 3F       		.byte	63
 1178 047d 01       		.byte	1
 1179 047e 58       		.byte	88
 1180 047f 04       		.byte	4
 1181 0480 59       		.byte	89
 1182 0481 04       		.byte	4
 1183 0482 5F       		.byte	95
 1184 0483 01       		.byte	1
 1185 0484 82       		.byte	-126
 1186 0485 02       		.byte	2
 1187 0486 84       		.byte	-124
 1188 0487 04       		.byte	4
 1189 0488 86       		.byte	-122
 1190 0489 09       		.byte	9
 1191 048a 8B       		.byte	-117
 1192 048b 04       		.byte	4
 1193 048c 8C       		.byte	-116
 1194 048d 08       		.byte	8
 1195 048e 8E       		.byte	-114
 1196 048f 07       		.byte	7
 1197 0490 8F       		.byte	-113
ARM GAS  C:\Users\HPz420\AppData\Local\Temp\ccxDBQKL.s 			page 22


 1198 0491 04       		.byte	4
 1199 0492 91       		.byte	-111
 1200 0493 03       		.byte	3
 1201 0494 93       		.byte	-109
 1202 0495 08       		.byte	8
 1203 0496 95       		.byte	-107
 1204 0497 09       		.byte	9
 1205 0498 97       		.byte	-105
 1206 0499 02       		.byte	2
 1207 049a 98       		.byte	-104
 1208 049b 0D       		.byte	13
 1209 049c 9D       		.byte	-99
 1210 049d 04       		.byte	4
 1211 049e A2       		.byte	-94
 1212 049f 02       		.byte	2
 1213 04a0 A4       		.byte	-92
 1214 04a1 09       		.byte	9
 1215 04a2 A6       		.byte	-90
 1216 04a3 04       		.byte	4
 1217 04a4 A9       		.byte	-87
 1218 04a5 03       		.byte	3
 1219 04a6 AA       		.byte	-86
 1220 04a7 02       		.byte	2
 1221 04a8 AB       		.byte	-85
 1222 04a9 08       		.byte	8
 1223 04aa AD       		.byte	-83
 1224 04ab 0E       		.byte	14
 1225 04ac AF       		.byte	-81
 1226 04ad 01       		.byte	1
 1227 04ae B0       		.byte	-80
 1228 04af 02       		.byte	2
 1229 04b0 B1       		.byte	-79
 1230 04b1 08       		.byte	8
 1231 04b2 B2       		.byte	-78
 1232 04b3 04       		.byte	4
 1233 04b4 B3       		.byte	-77
 1234 04b5 01       		.byte	1
 1235 04b6 B4       		.byte	-76
 1236 04b7 08       		.byte	8
 1237 04b8 B5       		.byte	-75
 1238 04b9 04       		.byte	4
 1239 04ba B6       		.byte	-74
 1240 04bb 01       		.byte	1
 1241 04bc B7       		.byte	-73
 1242 04bd 02       		.byte	2
 1243 04be BE       		.byte	-66
 1244 04bf 55       		.byte	85
 1245 04c0 BF       		.byte	-65
 1246 04c1 55       		.byte	85
 1247 04c2 D8       		.byte	-40
 1248 04c3 04       		.byte	4
 1249 04c4 D9       		.byte	-39
 1250 04c5 04       		.byte	4
 1251 04c6 DF       		.byte	-33
 1252 04c7 01       		.byte	1
 1253 04c8 01       		.byte	1
 1254 04c9 24       		.byte	36
ARM GAS  C:\Users\HPz420\AppData\Local\Temp\ccxDBQKL.s 			page 23


 1255 04ca 02       		.byte	2
 1256 04cb 01       		.byte	1
 1257 04cc 05       		.byte	5
 1258 04cd 80       		.byte	-128
 1259 04ce 07       		.byte	7
 1260 04cf 50       		.byte	80
 1261 04d0 08       		.byte	8
 1262 04d1 20       		.byte	32
 1263 04d2 09       		.byte	9
 1264 04d3 02       		.byte	2
 1265 04d4 0B       		.byte	11
 1266 04d5 02       		.byte	2
 1267 04d6 0E       		.byte	14
 1268 04d7 08       		.byte	8
 1269 04d8 10       		.byte	16
 1270 04d9 20       		.byte	32
 1271 04da 14       		.byte	20
 1272 04db 10       		.byte	16
 1273 04dc 15       		.byte	21
 1274 04dd 10       		.byte	16
 1275 04de 16       		.byte	22
 1276 04df 80       		.byte	-128
 1277 04e0 1A       		.byte	26
 1278 04e1 01       		.byte	1
 1279 04e2 1C       		.byte	28
 1280 04e3 80       		.byte	-128
 1281 04e4 1D       		.byte	29
 1282 04e5 A0       		.byte	-96
 1283 04e6 1F       		.byte	31
 1284 04e7 04       		.byte	4
 1285 04e8 22       		.byte	34
 1286 04e9 02       		.byte	2
 1287 04ea 24       		.byte	36
 1288 04eb 02       		.byte	2
 1289 04ec 25       		.byte	37
 1290 04ed 09       		.byte	9
 1291 04ee 26       		.byte	38
 1292 04ef 10       		.byte	16
 1293 04f0 28       		.byte	40
 1294 04f1 20       		.byte	32
 1295 04f2 29       		.byte	41
 1296 04f3 20       		.byte	32
 1297 04f4 2A       		.byte	42
 1298 04f5 01       		.byte	1
 1299 04f6 2D       		.byte	45
 1300 04f7 80       		.byte	-128
 1301 04f8 2F       		.byte	47
 1302 04f9 08       		.byte	8
 1303 04fa 30       		.byte	48
 1304 04fb 20       		.byte	32
 1305 04fc 31       		.byte	49
 1306 04fd 02       		.byte	2
 1307 04fe 35       		.byte	53
 1308 04ff 01       		.byte	1
 1309 0500 36       		.byte	54
 1310 0501 04       		.byte	4
 1311 0502 37       		.byte	55
ARM GAS  C:\Users\HPz420\AppData\Local\Temp\ccxDBQKL.s 			page 24


 1312 0503 40       		.byte	64
 1313 0504 39       		.byte	57
 1314 0505 04       		.byte	4
 1315 0506 3B       		.byte	59
 1316 0507 02       		.byte	2
 1317 0508 3C       		.byte	60
 1318 0509 40       		.byte	64
 1319 050a 3D       		.byte	61
 1320 050b 10       		.byte	16
 1321 050c 3E       		.byte	62
 1322 050d 80       		.byte	-128
 1323 050e 80       		.byte	-128
 1324 050f 01       		.byte	1
 1325 0510 81       		.byte	-127
 1326 0511 01       		.byte	1
 1327 0512 84       		.byte	-124
 1328 0513 40       		.byte	64
 1329 0514 87       		.byte	-121
 1330 0515 04       		.byte	4
 1331 0516 89       		.byte	-119
 1332 0517 88       		.byte	-120
 1333 0518 8D       		.byte	-115
 1334 0519 20       		.byte	32
 1335 051a 90       		.byte	-112
 1336 051b 40       		.byte	64
 1337 051c 91       		.byte	-111
 1338 051d 14       		.byte	20
 1339 051e 93       		.byte	-109
 1340 051f 02       		.byte	2
 1341 0520 96       		.byte	-106
 1342 0521 01       		.byte	1
 1343 0522 98       		.byte	-104
 1344 0523 30       		.byte	48
 1345 0524 99       		.byte	-103
 1346 0525 A1       		.byte	-95
 1347 0526 9A       		.byte	-102
 1348 0527 01       		.byte	1
 1349 0528 9B       		.byte	-101
 1350 0529 50       		.byte	80
 1351 052a A0       		.byte	-96
 1352 052b 20       		.byte	32
 1353 052c A1       		.byte	-95
 1354 052d 02       		.byte	2
 1355 052e A2       		.byte	-94
 1356 052f 04       		.byte	4
 1357 0530 A3       		.byte	-93
 1358 0531 08       		.byte	8
 1359 0532 A6       		.byte	-90
 1360 0533 12       		.byte	18
 1361 0534 B0       		.byte	-80
 1362 0535 10       		.byte	16
 1363 0536 B1       		.byte	-79
 1364 0537 40       		.byte	64
 1365 0538 B3       		.byte	-77
 1366 0539 0B       		.byte	11
 1367 053a B6       		.byte	-74
 1368 053b 08       		.byte	8
ARM GAS  C:\Users\HPz420\AppData\Local\Temp\ccxDBQKL.s 			page 25


 1369 053c C0       		.byte	-64
 1370 053d B7       		.byte	-73
 1371 053e C2       		.byte	-62
 1372 053f 4B       		.byte	75
 1373 0540 C4       		.byte	-60
 1374 0541 74       		.byte	116
 1375 0542 CA       		.byte	-54
 1376 0543 37       		.byte	55
 1377 0544 CC       		.byte	-52
 1378 0545 D5       		.byte	-43
 1379 0546 CE       		.byte	-50
 1380 0547 33       		.byte	51
 1381 0548 E2       		.byte	-30
 1382 0549 20       		.byte	32
 1383 054a E6       		.byte	-26
 1384 054b 60       		.byte	96
 1385 054c EA       		.byte	-22
 1386 054d 81       		.byte	-127
 1387 054e EE       		.byte	-18
 1388 054f A0       		.byte	-96
 1389 0550 00       		.byte	0
 1390 0551 04       		.byte	4
 1391 0552 02       		.byte	2
 1392 0553 01       		.byte	1
 1393 0554 06       		.byte	6
 1394 0555 02       		.byte	2
 1395 0556 0B       		.byte	11
 1396 0557 04       		.byte	4
 1397 0558 0E       		.byte	14
 1398 0559 05       		.byte	5
 1399 055a 0F       		.byte	15
 1400 055b 04       		.byte	4
 1401 055c 15       		.byte	21
 1402 055d 02       		.byte	2
 1403 055e 17       		.byte	23
 1404 055f 01       		.byte	1
 1405 0560 19       		.byte	25
 1406 0561 02       		.byte	2
 1407 0562 1A       		.byte	26
 1408 0563 02       		.byte	2
 1409 0564 1B       		.byte	27
 1410 0565 01       		.byte	1
 1411 0566 1F       		.byte	31
 1412 0567 04       		.byte	4
 1413 0568 20       		.byte	32
 1414 0569 02       		.byte	2
 1415 056a 22       		.byte	34
 1416 056b 05       		.byte	5
 1417 056c 24       		.byte	36
 1418 056d 02       		.byte	2
 1419 056e 28       		.byte	40
 1420 056f 05       		.byte	5
 1421 0570 29       		.byte	41
 1422 0571 01       		.byte	1
 1423 0572 2B       		.byte	43
 1424 0573 02       		.byte	2
 1425 0574 2D       		.byte	45
ARM GAS  C:\Users\HPz420\AppData\Local\Temp\ccxDBQKL.s 			page 26


 1426 0575 06       		.byte	6
 1427 0576 2F       		.byte	47
 1428 0577 01       		.byte	1
 1429 0578 30       		.byte	48
 1430 0579 02       		.byte	2
 1431 057a 31       		.byte	49
 1432 057b 01       		.byte	1
 1433 057c 32       		.byte	50
 1434 057d 04       		.byte	4
 1435 057e 34       		.byte	52
 1436 057f 01       		.byte	1
 1437 0580 35       		.byte	53
 1438 0581 02       		.byte	2
 1439 0582 37       		.byte	55
 1440 0583 04       		.byte	4
 1441 0584 3E       		.byte	62
 1442 0585 15       		.byte	21
 1443 0586 3F       		.byte	63
 1444 0587 51       		.byte	81
 1445 0588 58       		.byte	88
 1446 0589 04       		.byte	4
 1447 058a 59       		.byte	89
 1448 058b 04       		.byte	4
 1449 058c 5F       		.byte	95
 1450 058d 01       		.byte	1
 1451 058e 80       		.byte	-128
 1452 058f 01       		.byte	1
 1453 0590 81       		.byte	-127
 1454 0591 55       		.byte	85
 1455 0592 83       		.byte	-125
 1456 0593 AA       		.byte	-86
 1457 0594 84       		.byte	-124
 1458 0595 02       		.byte	2
 1459 0596 85       		.byte	-123
 1460 0597 69       		.byte	105
 1461 0598 87       		.byte	-121
 1462 0599 96       		.byte	-106
 1463 059a 88       		.byte	-120
 1464 059b 01       		.byte	1
 1465 059c 8E       		.byte	-114
 1466 059d 02       		.byte	2
 1467 059e 90       		.byte	-112
 1468 059f 01       		.byte	1
 1469 05a0 91       		.byte	-111
 1470 05a1 33       		.byte	51
 1471 05a2 93       		.byte	-109
 1472 05a3 CC       		.byte	-52
 1473 05a4 96       		.byte	-106
 1474 05a5 02       		.byte	2
 1475 05a6 98       		.byte	-104
 1476 05a7 01       		.byte	1
 1477 05a8 99       		.byte	-103
 1478 05a9 FF       		.byte	-1
 1479 05aa 9C       		.byte	-100
 1480 05ab 01       		.byte	1
 1481 05ac A0       		.byte	-96
 1482 05ad 01       		.byte	1
ARM GAS  C:\Users\HPz420\AppData\Local\Temp\ccxDBQKL.s 			page 27


 1483 05ae A1       		.byte	-95
 1484 05af FF       		.byte	-1
 1485 05b0 A4       		.byte	-92
 1486 05b1 02       		.byte	2
 1487 05b2 A5       		.byte	-91
 1488 05b3 0F       		.byte	15
 1489 05b4 A7       		.byte	-89
 1490 05b5 F0       		.byte	-16
 1491 05b6 A8       		.byte	-88
 1492 05b7 01       		.byte	1
 1493 05b8 AB       		.byte	-85
 1494 05b9 FF       		.byte	-1
 1495 05ba AC       		.byte	-84
 1496 05bb 01       		.byte	1
 1497 05bc B0       		.byte	-80
 1498 05bd 02       		.byte	2
 1499 05be B3       		.byte	-77
 1500 05bf FF       		.byte	-1
 1501 05c0 B4       		.byte	-76
 1502 05c1 01       		.byte	1
 1503 05c2 B8       		.byte	-72
 1504 05c3 20       		.byte	32
 1505 05c4 BE       		.byte	-66
 1506 05c5 11       		.byte	17
 1507 05c6 BF       		.byte	-65
 1508 05c7 04       		.byte	4
 1509 05c8 D8       		.byte	-40
 1510 05c9 04       		.byte	4
 1511 05ca D9       		.byte	-39
 1512 05cb 04       		.byte	4
 1513 05cc DF       		.byte	-33
 1514 05cd 01       		.byte	1
 1515 05ce 00       		.byte	0
 1516 05cf 10       		.byte	16
 1517 05d0 01       		.byte	1
 1518 05d1 82       		.byte	-126
 1519 05d2 03       		.byte	3
 1520 05d3 11       		.byte	17
 1521 05d4 04       		.byte	4
 1522 05d5 42       		.byte	66
 1523 05d6 07       		.byte	7
 1524 05d7 50       		.byte	80
 1525 05d8 0A       		.byte	10
 1526 05d9 41       		.byte	65
 1527 05da 0B       		.byte	11
 1528 05db 24       		.byte	36
 1529 05dc 0E       		.byte	14
 1530 05dd 08       		.byte	8
 1531 05de 10       		.byte	16
 1532 05df 10       		.byte	16
 1533 05e0 12       		.byte	18
 1534 05e1 8A       		.byte	-118
 1535 05e2 14       		.byte	20
 1536 05e3 10       		.byte	16
 1537 05e4 15       		.byte	21
 1538 05e5 10       		.byte	16
 1539 05e6 17       		.byte	23
ARM GAS  C:\Users\HPz420\AppData\Local\Temp\ccxDBQKL.s 			page 28


 1540 05e7 01       		.byte	1
 1541 05e8 1A       		.byte	26
 1542 05e9 08       		.byte	8
 1543 05ea 1B       		.byte	27
 1544 05eb 01       		.byte	1
 1545 05ec 1C       		.byte	28
 1546 05ed 20       		.byte	32
 1547 05ee 1E       		.byte	30
 1548 05ef 04       		.byte	4
 1549 05f0 1F       		.byte	31
 1550 05f1 02       		.byte	2
 1551 05f2 20       		.byte	32
 1552 05f3 10       		.byte	16
 1553 05f4 25       		.byte	37
 1554 05f5 40       		.byte	64
 1555 05f6 26       		.byte	38
 1556 05f7 21       		.byte	33
 1557 05f8 28       		.byte	40
 1558 05f9 20       		.byte	32
 1559 05fa 29       		.byte	41
 1560 05fb 20       		.byte	32
 1561 05fc 2A       		.byte	42
 1562 05fd 01       		.byte	1
 1563 05fe 2D       		.byte	45
 1564 05ff 80       		.byte	-128
 1565 0600 2F       		.byte	47
 1566 0601 08       		.byte	8
 1567 0602 30       		.byte	48
 1568 0603 20       		.byte	32
 1569 0604 31       		.byte	49
 1570 0605 02       		.byte	2
 1571 0606 36       		.byte	54
 1572 0607 04       		.byte	4
 1573 0608 37       		.byte	55
 1574 0609 50       		.byte	80
 1575 060a 39       		.byte	57
 1576 060b 04       		.byte	4
 1577 060c 3B       		.byte	59
 1578 060d 02       		.byte	2
 1579 060e 3C       		.byte	60
 1580 060f 40       		.byte	64
 1581 0610 3D       		.byte	61
 1582 0611 10       		.byte	16
 1583 0612 81       		.byte	-127
 1584 0613 01       		.byte	1
 1585 0614 82       		.byte	-126
 1586 0615 81       		.byte	-127
 1587 0616 83       		.byte	-125
 1588 0617 10       		.byte	16
 1589 0618 86       		.byte	-122
 1590 0619 04       		.byte	4
 1591 061a 88       		.byte	-120
 1592 061b 10       		.byte	16
 1593 061c 8A       		.byte	-118
 1594 061d 14       		.byte	20
 1595 061e 8D       		.byte	-115
 1596 061f 22       		.byte	34
ARM GAS  C:\Users\HPz420\AppData\Local\Temp\ccxDBQKL.s 			page 29


 1597 0620 90       		.byte	-112
 1598 0621 42       		.byte	66
 1599 0622 91       		.byte	-111
 1600 0623 14       		.byte	20
 1601 0624 92       		.byte	-110
 1602 0625 40       		.byte	64
 1603 0626 93       		.byte	-109
 1604 0627 26       		.byte	38
 1605 0628 98       		.byte	-104
 1606 0629 20       		.byte	32
 1607 062a 99       		.byte	-103
 1608 062b 83       		.byte	-125
 1609 062c 9A       		.byte	-102
 1610 062d 01       		.byte	1
 1611 062e 9D       		.byte	-99
 1612 062f 20       		.byte	32
 1613 0630 A0       		.byte	-96
 1614 0631 20       		.byte	32
 1615 0632 A2       		.byte	-94
 1616 0633 04       		.byte	4
 1617 0634 A3       		.byte	-93
 1618 0635 08       		.byte	8
 1619 0636 A5       		.byte	-91
 1620 0637 02       		.byte	2
 1621 0638 A6       		.byte	-90
 1622 0639 20       		.byte	32
 1623 063a AB       		.byte	-85
 1624 063b 10       		.byte	16
 1625 063c AD       		.byte	-83
 1626 063d 04       		.byte	4
 1627 063e C0       		.byte	-64
 1628 063f BF       		.byte	-65
 1629 0640 C2       		.byte	-62
 1630 0641 4F       		.byte	79
 1631 0642 C4       		.byte	-60
 1632 0643 7F       		.byte	127
 1633 0644 CA       		.byte	-54
 1634 0645 37       		.byte	55
 1635 0646 CC       		.byte	-52
 1636 0647 75       		.byte	117
 1637 0648 CE       		.byte	-50
 1638 0649 33       		.byte	51
 1639 064a E2       		.byte	-30
 1640 064b 80       		.byte	-128
 1641 064c E4       		.byte	-28
 1642 064d 08       		.byte	8
 1643 064e E6       		.byte	-26
 1644 064f A4       		.byte	-92
 1645 0650 EE       		.byte	-18
 1646 0651 02       		.byte	2
 1647 0652 02       		.byte	2
 1648 0653 FF       		.byte	-1
 1649 0654 05       		.byte	5
 1650 0655 55       		.byte	85
 1651 0656 07       		.byte	7
 1652 0657 AA       		.byte	-86
 1653 0658 0C       		.byte	12
ARM GAS  C:\Users\HPz420\AppData\Local\Temp\ccxDBQKL.s 			page 30


 1654 0659 96       		.byte	-106
 1655 065a 0E       		.byte	14
 1656 065b 69       		.byte	105
 1657 065c 0F       		.byte	15
 1658 065d FF       		.byte	-1
 1659 065e 11       		.byte	17
 1660 065f 96       		.byte	-106
 1661 0660 13       		.byte	19
 1662 0661 69       		.byte	105
 1663 0662 14       		.byte	20
 1664 0663 33       		.byte	51
 1665 0664 16       		.byte	22
 1666 0665 CC       		.byte	-52
 1667 0666 18       		.byte	24
 1668 0667 55       		.byte	85
 1669 0668 1A       		.byte	26
 1670 0669 AA       		.byte	-86
 1671 066a 1E       		.byte	30
 1672 066b FF       		.byte	-1
 1673 066c 1F       		.byte	31
 1674 066d FF       		.byte	-1
 1675 066e 20       		.byte	32
 1676 066f FF       		.byte	-1
 1677 0670 21       		.byte	33
 1678 0671 FF       		.byte	-1
 1679 0672 25       		.byte	37
 1680 0673 33       		.byte	51
 1681 0674 27       		.byte	39
 1682 0675 CC       		.byte	-52
 1683 0676 28       		.byte	40
 1684 0677 0F       		.byte	15
 1685 0678 29       		.byte	41
 1686 0679 0F       		.byte	15
 1687 067a 2A       		.byte	42
 1688 067b F0       		.byte	-16
 1689 067c 2B       		.byte	43
 1690 067d F0       		.byte	-16
 1691 067e 33       		.byte	51
 1692 067f FF       		.byte	-1
 1693 0680 36       		.byte	54
 1694 0681 FF       		.byte	-1
 1695 0682 3E       		.byte	62
 1696 0683 40       		.byte	64
 1697 0684 3F       		.byte	63
 1698 0685 04       		.byte	4
 1699 0686 58       		.byte	88
 1700 0687 04       		.byte	4
 1701 0688 59       		.byte	89
 1702 0689 04       		.byte	4
 1703 068a 5F       		.byte	95
 1704 068b 01       		.byte	1
 1705 068c 88       		.byte	-120
 1706 068d 55       		.byte	85
 1707 068e 89       		.byte	-119
 1708 068f 55       		.byte	85
 1709 0690 8A       		.byte	-118
 1710 0691 AA       		.byte	-86
ARM GAS  C:\Users\HPz420\AppData\Local\Temp\ccxDBQKL.s 			page 31


 1711 0692 8B       		.byte	-117
 1712 0693 AA       		.byte	-86
 1713 0694 8C       		.byte	-116
 1714 0695 0F       		.byte	15
 1715 0696 8E       		.byte	-114
 1716 0697 F0       		.byte	-16
 1717 0698 91       		.byte	-111
 1718 0699 0F       		.byte	15
 1719 069a 93       		.byte	-109
 1720 069b F0       		.byte	-16
 1721 069c 95       		.byte	-107
 1722 069d FF       		.byte	-1
 1723 069e 98       		.byte	-104
 1724 069f 96       		.byte	-106
 1725 06a0 9A       		.byte	-102
 1726 06a1 69       		.byte	105
 1727 06a2 A1       		.byte	-95
 1728 06a3 FF       		.byte	-1
 1729 06a4 A7       		.byte	-89
 1730 06a5 FF       		.byte	-1
 1731 06a6 A8       		.byte	-88
 1732 06a7 33       		.byte	51
 1733 06a8 A9       		.byte	-87
 1734 06a9 69       		.byte	105
 1735 06aa AA       		.byte	-86
 1736 06ab CC       		.byte	-52
 1737 06ac AB       		.byte	-85
 1738 06ad 96       		.byte	-106
 1739 06ae AD       		.byte	-83
 1740 06af 33       		.byte	51
 1741 06b0 AF       		.byte	-81
 1742 06b1 CC       		.byte	-52
 1743 06b2 B5       		.byte	-75
 1744 06b3 FF       		.byte	-1
 1745 06b4 B6       		.byte	-74
 1746 06b5 FF       		.byte	-1
 1747 06b6 BE       		.byte	-66
 1748 06b7 40       		.byte	64
 1749 06b8 BF       		.byte	-65
 1750 06b9 10       		.byte	16
 1751 06ba D8       		.byte	-40
 1752 06bb 04       		.byte	4
 1753 06bc D9       		.byte	-39
 1754 06bd 04       		.byte	4
 1755 06be DF       		.byte	-33
 1756 06bf 01       		.byte	1
 1757 06c0 00       		.byte	0
 1758 06c1 20       		.byte	32
 1759 06c2 02       		.byte	2
 1760 06c3 02       		.byte	2
 1761 06c4 07       		.byte	7
 1762 06c5 42       		.byte	66
 1763 06c6 0B       		.byte	11
 1764 06c7 08       		.byte	8
 1765 06c8 0C       		.byte	12
 1766 06c9 80       		.byte	-128
 1767 06ca 0D       		.byte	13
ARM GAS  C:\Users\HPz420\AppData\Local\Temp\ccxDBQKL.s 			page 32


 1768 06cb 08       		.byte	8
 1769 06cc 0F       		.byte	15
 1770 06cd 08       		.byte	8
 1771 06ce 12       		.byte	18
 1772 06cf 08       		.byte	8
 1773 06d0 15       		.byte	21
 1774 06d1 10       		.byte	16
 1775 06d2 16       		.byte	22
 1776 06d3 80       		.byte	-128
 1777 06d4 18       		.byte	24
 1778 06d5 02       		.byte	2
 1779 06d6 1F       		.byte	31
 1780 06d7 80       		.byte	-128
 1781 06d8 20       		.byte	32
 1782 06d9 04       		.byte	4
 1783 06da 25       		.byte	37
 1784 06db 04       		.byte	4
 1785 06dc 28       		.byte	40
 1786 06dd 20       		.byte	32
 1787 06de 29       		.byte	41
 1788 06df 10       		.byte	16
 1789 06e0 2A       		.byte	42
 1790 06e1 41       		.byte	65
 1791 06e2 2C       		.byte	44
 1792 06e3 A0       		.byte	-96
 1793 06e4 2D       		.byte	45
 1794 06e5 10       		.byte	16
 1795 06e6 31       		.byte	49
 1796 06e7 02       		.byte	2
 1797 06e8 33       		.byte	51
 1798 06e9 08       		.byte	8
 1799 06ea 37       		.byte	55
 1800 06eb 42       		.byte	66
 1801 06ec 38       		.byte	56
 1802 06ed 20       		.byte	32
 1803 06ee 3E       		.byte	62
 1804 06ef 80       		.byte	-128
 1805 06f0 3F       		.byte	63
 1806 06f1 08       		.byte	8
 1807 06f2 83       		.byte	-125
 1808 06f3 80       		.byte	-128
 1809 06f4 87       		.byte	-121
 1810 06f5 04       		.byte	4
 1811 06f6 8C       		.byte	-116
 1812 06f7 20       		.byte	32
 1813 06f8 8D       		.byte	-115
 1814 06f9 08       		.byte	8
 1815 06fa 8F       		.byte	-113
 1816 06fb 40       		.byte	64
 1817 06fc 90       		.byte	-112
 1818 06fd 20       		.byte	32
 1819 06fe 91       		.byte	-111
 1820 06ff 10       		.byte	16
 1821 0700 94       		.byte	-108
 1822 0701 04       		.byte	4
 1823 0702 98       		.byte	-104
 1824 0703 20       		.byte	32
ARM GAS  C:\Users\HPz420\AppData\Local\Temp\ccxDBQKL.s 			page 33


 1825 0704 99       		.byte	-103
 1826 0705 10       		.byte	16
 1827 0706 9A       		.byte	-102
 1828 0707 C1       		.byte	-63
 1829 0708 9B       		.byte	-101
 1830 0709 02       		.byte	2
 1831 070a A0       		.byte	-96
 1832 070b 80       		.byte	-128
 1833 070c A1       		.byte	-95
 1834 070d 02       		.byte	2
 1835 070e A3       		.byte	-93
 1836 070f 0C       		.byte	12
 1837 0710 AF       		.byte	-81
 1838 0711 02       		.byte	2
 1839 0712 B1       		.byte	-79
 1840 0713 80       		.byte	-128
 1841 0714 B3       		.byte	-77
 1842 0715 08       		.byte	8
 1843 0716 C0       		.byte	-64
 1844 0717 93       		.byte	-109
 1845 0718 C2       		.byte	-62
 1846 0719 E2       		.byte	-30
 1847 071a C4       		.byte	-60
 1848 071b 52       		.byte	82
 1849 071c CA       		.byte	-54
 1850 071d EF       		.byte	-17
 1851 071e CC       		.byte	-52
 1852 071f 93       		.byte	-109
 1853 0720 CE       		.byte	-50
 1854 0721 54       		.byte	84
 1855 0722 E2       		.byte	-30
 1856 0723 10       		.byte	16
 1857 0724 E6       		.byte	-26
 1858 0725 10       		.byte	16
 1859 0726 AE       		.byte	-82
 1860 0727 0A       		.byte	10
 1861 0728 B0       		.byte	-80
 1862 0729 10       		.byte	16
 1863 072a B4       		.byte	-76
 1864 072b 01       		.byte	1
 1865 072c B5       		.byte	-75
 1866 072d 04       		.byte	4
 1867 072e EA       		.byte	-22
 1868 072f 0B       		.byte	11
 1869 0730 EE       		.byte	-18
 1870 0731 40       		.byte	64
 1871 0732 50       		.byte	80
 1872 0733 08       		.byte	8
 1873 0734 55       		.byte	85
 1874 0735 80       		.byte	-128
 1875 0736 59       		.byte	89
 1876 0737 40       		.byte	64
 1877 0738 5C       		.byte	92
 1878 0739 10       		.byte	16
 1879 073a 60       		.byte	96
 1880 073b 20       		.byte	32
 1881 073c 64       		.byte	100
ARM GAS  C:\Users\HPz420\AppData\Local\Temp\ccxDBQKL.s 			page 34


 1882 073d 01       		.byte	1
 1883 073e D4       		.byte	-44
 1884 073f E0       		.byte	-32
 1885 0740 D6       		.byte	-42
 1886 0741 A0       		.byte	-96
 1887 0742 D8       		.byte	-40
 1888 0743 40       		.byte	64
 1889 0744 52       		.byte	82
 1890 0745 20       		.byte	32
 1891 0746 57       		.byte	87
 1892 0747 40       		.byte	64
 1893 0748 58       		.byte	88
 1894 0749 10       		.byte	16
 1895 074a 59       		.byte	89
 1896 074b 08       		.byte	8
 1897 074c 5D       		.byte	93
 1898 074d 10       		.byte	16
 1899 074e 5F       		.byte	95
 1900 074f 02       		.byte	2
 1901 0750 63       		.byte	99
 1902 0751 04       		.byte	4
 1903 0752 64       		.byte	100
 1904 0753 04       		.byte	4
 1905 0754 82       		.byte	-126
 1906 0755 20       		.byte	32
 1907 0756 85       		.byte	-123
 1908 0757 80       		.byte	-128
 1909 0758 89       		.byte	-119
 1910 0759 40       		.byte	64
 1911 075a 94       		.byte	-108
 1912 075b 10       		.byte	16
 1913 075c 9C       		.byte	-100
 1914 075d 21       		.byte	33
 1915 075e 9D       		.byte	-99
 1916 075f 40       		.byte	64
 1917 0760 A4       		.byte	-92
 1918 0761 08       		.byte	8
 1919 0762 A5       		.byte	-91
 1920 0763 80       		.byte	-128
 1921 0764 D4       		.byte	-44
 1922 0765 E0       		.byte	-32
 1923 0766 D6       		.byte	-42
 1924 0767 E0       		.byte	-32
 1925 0768 D8       		.byte	-40
 1926 0769 C0       		.byte	-64
 1927 076a E6       		.byte	-26
 1928 076b C0       		.byte	-64
 1929 076c 3E       		.byte	62
 1930 076d 10       		.byte	16
 1931 076e 50       		.byte	80
 1932 076f 04       		.byte	4
 1933 0770 57       		.byte	87
 1934 0771 10       		.byte	16
 1935 0772 80       		.byte	-128
 1936 0773 01       		.byte	1
 1937 0774 82       		.byte	-126
 1938 0775 04       		.byte	4
ARM GAS  C:\Users\HPz420\AppData\Local\Temp\ccxDBQKL.s 			page 35


 1939 0776 83       		.byte	-125
 1940 0777 50       		.byte	80
 1941 0778 84       		.byte	-124
 1942 0779 20       		.byte	32
 1943 077a 88       		.byte	-120
 1944 077b 10       		.byte	16
 1945 077c 95       		.byte	-107
 1946 077d 10       		.byte	16
 1947 077e 97       		.byte	-105
 1948 077f 04       		.byte	4
 1949 0780 9C       		.byte	-100
 1950 0781 35       		.byte	53
 1951 0782 A4       		.byte	-92
 1952 0783 08       		.byte	8
 1953 0784 A7       		.byte	-89
 1954 0785 40       		.byte	64
 1955 0786 AB       		.byte	-85
 1956 0787 02       		.byte	2
 1957 0788 AD       		.byte	-83
 1958 0789 08       		.byte	8
 1959 078a B4       		.byte	-76
 1960 078b 10       		.byte	16
 1961 078c CE       		.byte	-50
 1962 078d 20       		.byte	32
 1963 078e D4       		.byte	-44
 1964 078f 60       		.byte	96
 1965 0790 E2       		.byte	-30
 1966 0791 A0       		.byte	-96
 1967 0792 E6       		.byte	-26
 1968 0793 B0       		.byte	-80
 1969 0794 EE       		.byte	-18
 1970 0795 90       		.byte	-112
 1971 0796 8C       		.byte	-116
 1972 0797 04       		.byte	4
 1973 0798 90       		.byte	-112
 1974 0799 02       		.byte	2
 1975 079a 94       		.byte	-108
 1976 079b 08       		.byte	8
 1977 079c 95       		.byte	-107
 1978 079d 10       		.byte	16
 1979 079e 96       		.byte	-106
 1980 079f 10       		.byte	16
 1981 07a0 9A       		.byte	-102
 1982 07a1 44       		.byte	68
 1983 07a2 9C       		.byte	-100
 1984 07a3 05       		.byte	5
 1985 07a4 A4       		.byte	-92
 1986 07a5 08       		.byte	8
 1987 07a6 AE       		.byte	-82
 1988 07a7 40       		.byte	64
 1989 07a8 AF       		.byte	-81
 1990 07a9 04       		.byte	4
 1991 07aa EA       		.byte	-22
 1992 07ab 50       		.byte	80
 1993 07ac 10       		.byte	16
 1994 07ad 10       		.byte	16
 1995 07ae 14       		.byte	20
ARM GAS  C:\Users\HPz420\AppData\Local\Temp\ccxDBQKL.s 			page 36


 1996 07af 20       		.byte	32
 1997 07b0 C4       		.byte	-60
 1998 07b1 0C       		.byte	12
 1999 07b2 03       		.byte	3
 2000 07b3 82       		.byte	-126
 2001 07b4 06       		.byte	6
 2002 07b5 28       		.byte	40
 2003 07b6 09       		.byte	9
 2004 07b7 08       		.byte	8
 2005 07b8 0B       		.byte	11
 2006 07b9 02       		.byte	2
 2007 07ba 0E       		.byte	14
 2008 07bb 48       		.byte	72
 2009 07bc 98       		.byte	-104
 2010 07bd 30       		.byte	48
 2011 07be C0       		.byte	-64
 2012 07bf 0F       		.byte	15
 2013 07c0 C2       		.byte	-62
 2014 07c1 0F       		.byte	15
 2015 07c2 83       		.byte	-125
 2016 07c3 01       		.byte	1
 2017 07c4 8A       		.byte	-118
 2018 07c5 20       		.byte	32
 2019 07c6 93       		.byte	-109
 2020 07c7 02       		.byte	2
 2021 07c8 98       		.byte	-104
 2022 07c9 30       		.byte	48
 2023 07ca 9A       		.byte	-102
 2024 07cb 28       		.byte	40
 2025 07cc A2       		.byte	-94
 2026 07cd 04       		.byte	4
 2027 07ce A3       		.byte	-93
 2028 07cf 82       		.byte	-126
 2029 07d0 AA       		.byte	-86
 2030 07d1 40       		.byte	64
 2031 07d2 AD       		.byte	-83
 2032 07d3 08       		.byte	8
 2033 07d4 E6       		.byte	-26
 2034 07d5 01       		.byte	1
 2035 07d6 83       		.byte	-125
 2036 07d7 08       		.byte	8
 2037 07d8 87       		.byte	-121
 2038 07d9 80       		.byte	-128
 2039 07da 8A       		.byte	-118
 2040 07db 02       		.byte	2
 2041 07dc 8E       		.byte	-114
 2042 07dd 04       		.byte	4
 2043 07de 98       		.byte	-104
 2044 07df 30       		.byte	48
 2045 07e0 9A       		.byte	-102
 2046 07e1 08       		.byte	8
 2047 07e2 A2       		.byte	-94
 2048 07e3 04       		.byte	4
 2049 07e4 AB       		.byte	-85
 2050 07e5 80       		.byte	-128
 2051 07e6 B7       		.byte	-73
 2052 07e7 02       		.byte	2
ARM GAS  C:\Users\HPz420\AppData\Local\Temp\ccxDBQKL.s 			page 37


 2053 07e8 E2       		.byte	-30
 2054 07e9 02       		.byte	2
 2055 07ea E6       		.byte	-26
 2056 07eb 04       		.byte	4
 2057 07ec EE       		.byte	-18
 2058 07ed 02       		.byte	2
 2059 07ee 50       		.byte	80
 2060 07ef 05       		.byte	5
 2061 07f0 56       		.byte	86
 2062 07f1 20       		.byte	32
 2063 07f2 5D       		.byte	93
 2064 07f3 80       		.byte	-128
 2065 07f4 80       		.byte	-128
 2066 07f5 04       		.byte	4
 2067 07f6 88       		.byte	-120
 2068 07f7 05       		.byte	5
 2069 07f8 89       		.byte	-119
 2070 07f9 10       		.byte	16
 2071 07fa 90       		.byte	-112
 2072 07fb 02       		.byte	2
 2073 07fc 95       		.byte	-107
 2074 07fd 10       		.byte	16
 2075 07fe 96       		.byte	-106
 2076 07ff 10       		.byte	16
 2077 0800 99       		.byte	-103
 2078 0801 80       		.byte	-128
 2079 0802 9A       		.byte	-102
 2080 0803 44       		.byte	68
 2081 0804 9C       		.byte	-100
 2082 0805 05       		.byte	5
 2083 0806 A4       		.byte	-92
 2084 0807 08       		.byte	8
 2085 0808 A9       		.byte	-87
 2086 0809 80       		.byte	-128
 2087 080a D4       		.byte	-44
 2088 080b E0       		.byte	-32
 2089 080c D6       		.byte	-42
 2090 080d 20       		.byte	32
 2091 080e E6       		.byte	-26
 2092 080f 80       		.byte	-128
 2093 0810 EA       		.byte	-22
 2094 0811 20       		.byte	32
 2095 0812 52       		.byte	82
 2096 0813 80       		.byte	-128
 2097 0814 56       		.byte	86
 2098 0815 04       		.byte	4
 2099 0816 5B       		.byte	91
 2100 0817 40       		.byte	64
 2101 0818 5F       		.byte	95
 2102 0819 20       		.byte	32
 2103 081a 62       		.byte	98
 2104 081b 01       		.byte	1
 2105 081c 63       		.byte	99
 2106 081d 02       		.byte	2
 2107 081e 66       		.byte	102
 2108 081f 42       		.byte	66
 2109 0820 74       		.byte	116
ARM GAS  C:\Users\HPz420\AppData\Local\Temp\ccxDBQKL.s 			page 38


 2110 0821 04       		.byte	4
 2111 0822 7A       		.byte	122
 2112 0823 02       		.byte	2
 2113 0824 82       		.byte	-126
 2114 0825 80       		.byte	-128
 2115 0826 83       		.byte	-125
 2116 0827 40       		.byte	64
 2117 0828 86       		.byte	-122
 2118 0829 02       		.byte	2
 2119 082a 87       		.byte	-121
 2120 082b 01       		.byte	1
 2121 082c 88       		.byte	-120
 2122 082d 04       		.byte	4
 2123 082e 8B       		.byte	-117
 2124 082f 20       		.byte	32
 2125 0830 8E       		.byte	-114
 2126 0831 01       		.byte	1
 2127 0832 9A       		.byte	-102
 2128 0833 46       		.byte	70
 2129 0834 AA       		.byte	-86
 2130 0835 10       		.byte	16
 2131 0836 B0       		.byte	-80
 2132 0837 08       		.byte	8
 2133 0838 B2       		.byte	-78
 2134 0839 22       		.byte	34
 2135 083a D4       		.byte	-44
 2136 083b E0       		.byte	-32
 2137 083c D6       		.byte	-42
 2138 083d E0       		.byte	-32
 2139 083e D8       		.byte	-40
 2140 083f C0       		.byte	-64
 2141 0840 DC       		.byte	-36
 2142 0841 80       		.byte	-128
 2143 0842 DE       		.byte	-34
 2144 0843 20       		.byte	32
 2145 0844 E2       		.byte	-30
 2146 0845 40       		.byte	64
 2147 0846 E6       		.byte	-26
 2148 0847 B0       		.byte	-80
 2149 0848 EA       		.byte	-22
 2150 0849 80       		.byte	-128
 2151 084a 0A       		.byte	10
 2152 084b 04       		.byte	4
 2153 084c 0C       		.byte	12
 2154 084d 04       		.byte	4
 2155 084e 0E       		.byte	14
 2156 084f 01       		.byte	1
 2157 0850 10       		.byte	16
 2158 0851 40       		.byte	64
 2159 0852 13       		.byte	19
 2160 0853 20       		.byte	32
 2161 0854 14       		.byte	20
 2162 0855 80       		.byte	-128
 2163 0856 78       		.byte	120
 2164 0857 10       		.byte	16
 2165 0858 7C       		.byte	124
 2166 0859 20       		.byte	32
ARM GAS  C:\Users\HPz420\AppData\Local\Temp\ccxDBQKL.s 			page 39


 2167 085a 8C       		.byte	-116
 2168 085b 04       		.byte	4
 2169 085c 8F       		.byte	-113
 2170 085d 01       		.byte	1
 2171 085e 98       		.byte	-104
 2172 085f 30       		.byte	48
 2173 0860 9F       		.byte	-97
 2174 0861 08       		.byte	8
 2175 0862 A6       		.byte	-90
 2176 0863 02       		.byte	2
 2177 0864 A7       		.byte	-89
 2178 0865 80       		.byte	-128
 2179 0866 B2       		.byte	-78
 2180 0867 08       		.byte	8
 2181 0868 C2       		.byte	-62
 2182 0869 07       		.byte	7
 2183 086a C4       		.byte	-60
 2184 086b 0E       		.byte	14
 2185 086c DE       		.byte	-34
 2186 086d 03       		.byte	3
 2187 086e E2       		.byte	-30
 2188 086f 08       		.byte	8
 2189 0870 E6       		.byte	-26
 2190 0871 08       		.byte	8
 2191 0872 EA       		.byte	-22
 2192 0873 04       		.byte	4
 2193 0874 02       		.byte	2
 2194 0875 02       		.byte	2
 2195 0876 03       		.byte	3
 2196 0877 80       		.byte	-128
 2197 0878 04       		.byte	4
 2198 0879 08       		.byte	8
 2199 087a 07       		.byte	7
 2200 087b 08       		.byte	8
 2201 087c 0B       		.byte	11
 2202 087d 01       		.byte	1
 2203 087e 64       		.byte	100
 2204 087f 08       		.byte	8
 2205 0880 78       		.byte	120
 2206 0881 40       		.byte	64
 2207 0882 7C       		.byte	124
 2208 0883 80       		.byte	-128
 2209 0884 94       		.byte	-108
 2210 0885 08       		.byte	8
 2211 0886 97       		.byte	-105
 2212 0887 01       		.byte	1
 2213 0888 98       		.byte	-104
 2214 0889 C8       		.byte	-56
 2215 088a 9F       		.byte	-97
 2216 088b 08       		.byte	8
 2217 088c A6       		.byte	-90
 2218 088d 02       		.byte	2
 2219 088e A7       		.byte	-89
 2220 088f 80       		.byte	-128
 2221 0890 AB       		.byte	-85
 2222 0891 20       		.byte	32
 2223 0892 AE       		.byte	-82
ARM GAS  C:\Users\HPz420\AppData\Local\Temp\ccxDBQKL.s 			page 40


 2224 0893 05       		.byte	5
 2225 0894 B0       		.byte	-80
 2226 0895 04       		.byte	4
 2227 0896 B4       		.byte	-76
 2228 0897 08       		.byte	8
 2229 0898 C0       		.byte	-64
 2230 0899 0F       		.byte	15
 2231 089a C2       		.byte	-62
 2232 089b 02       		.byte	2
 2233 089c D8       		.byte	-40
 2234 089d 01       		.byte	1
 2235 089e DC       		.byte	-36
 2236 089f 01       		.byte	1
 2237 08a0 DE       		.byte	-34
 2238 08a1 04       		.byte	4
 2239 08a2 E8       		.byte	-24
 2240 08a3 02       		.byte	2
 2241 08a4 EE       		.byte	-18
 2242 08a5 01       		.byte	1
 2243 08a6 00       		.byte	0
 2244 08a7 01       		.byte	1
 2245 08a8 0A       		.byte	10
 2246 08a9 01       		.byte	1
 2247 08aa 03       		.byte	3
 2248 08ab C0       		.byte	-64
 2249 08ac 25       		.byte	37
 2250 08ad 36       		.byte	54
 2251 08ae 00       		.byte	0
 2252 08af 00       		.byte	0
 2253 08b0 30       		.byte	48
 2254 08b1 00       		.byte	0
 2255 08b2 00       		.byte	0
 2256 08b3 00       		.byte	0
 2257 08b4 00       		.byte	0
 2258 08b5 FF       		.byte	-1
 2259 08b6 FF       		.byte	-1
 2260 08b7 00       		.byte	0
 2261 08b8 FF       		.byte	-1
 2262 08b9 00       		.byte	0
 2263 08ba 00       		.byte	0
 2264 08bb 00       		.byte	0
 2265 08bc 30       		.byte	48
 2266 08bd 00       		.byte	0
 2267 08be 00       		.byte	0
 2268 08bf 0F       		.byte	15
 2269 08c0 3F       		.byte	63
 2270 08c1 00       		.byte	0
 2271 08c2 3F       		.byte	63
 2272 08c3 00       		.byte	0
 2273 08c4 00       		.byte	0
 2274 08c5 00       		.byte	0
 2275 08c6 00       		.byte	0
 2276 08c7 00       		.byte	0
 2277 08c8 00       		.byte	0
 2278 08c9 0F       		.byte	15
 2279 08ca 0F       		.byte	15
 2280 08cb 00       		.byte	0
ARM GAS  C:\Users\HPz420\AppData\Local\Temp\ccxDBQKL.s 			page 41


 2281 08cc 0F       		.byte	15
 2282 08cd 00       		.byte	0
 2283 08ce 00       		.byte	0
 2284 08cf 00       		.byte	0
 2285 08d0 E0       		.byte	-32
 2286 08d1 00       		.byte	0
 2287 08d2 00       		.byte	0
 2288 08d3 EB       		.byte	-21
 2289 08d4 0B       		.byte	11
 2290 08d5 00       		.byte	0
 2291 08d6 00       		.byte	0
 2292 08d7 00       		.byte	0
 2293 08d8 00       		.byte	0
 2294 08d9 00       		.byte	0
 2295 08da 00       		.byte	0
 2296 08db 00       		.byte	0
 2297 08dc FF       		.byte	-1
 2298 08dd 00       		.byte	0
 2299 08de 80       		.byte	-128
 2300 08df FF       		.byte	-1
 2301 08e0 80       		.byte	-128
 2302 08e1 00       		.byte	0
 2303 08e2 00       		.byte	0
 2304 08e3 00       		.byte	0
 2305 08e4 00       		.byte	0
 2306 08e5 00       		.byte	0
 2307 08e6 00       		.byte	0
 2308 08e7 00       		.byte	0
 2309 08e8 00       		.byte	0
 2310 08e9 FF       		.byte	-1
 2311 08ea FF       		.byte	-1
 2312 08eb 00       		.byte	0
 2313 08ec FF       		.byte	-1
 2314 08ed 00       		.byte	0
 2315 08ee 00       		.byte	0
 2316 08ef 00       		.byte	0
 2317 08f0 00       		.byte	0
 2318 08f1 3F       		.byte	63
 2319 08f2 3F       		.byte	63
 2320 08f3 00       		.byte	0
 2321 08f4 3F       		.byte	63
 2322 08f5 00       		.byte	0
 2323 08f6 00       		.byte	0
 2324 08f7 00       		.byte	0
 2325 08f8 0D       		.byte	13
 2326 08f9 00       		.byte	0
 2327 08fa 42       		.byte	66
 2328 08fb 1D       		.byte	29
 2329 08fc 10       		.byte	16
 2330 08fd 00       		.byte	0
 2331 08fe 10       		.byte	16
 2332 08ff 00       		.byte	0
 2333 0900 00       		.byte	0
 2334 0901 00       		.byte	0
 2335 0902 00       		.byte	0
 2336 0903 00       		.byte	0
 2337              		.section	.cywolatch,"a",%progbits
ARM GAS  C:\Users\HPz420\AppData\Local\Temp\ccxDBQKL.s 			page 42


 2338              		.align	2
 2339              		.type	cy_meta_wonvl, %object
 2340              		.size	cy_meta_wonvl, 4
 2341              	cy_meta_wonvl:
 2342 0000 BC       		.byte	-68
 2343 0001 90       		.byte	-112
 2344 0002 AC       		.byte	-84
 2345 0003 AF       		.byte	-81
 2346              		.section	.cycustnvl,"a",%progbits
 2347              		.align	2
 2348              		.type	cy_meta_custnvl, %object
 2349              		.size	cy_meta_custnvl, 4
 2350              	cy_meta_custnvl:
 2351 0000 00       		.byte	0
 2352 0001 00       		.byte	0
 2353 0002 40       		.byte	64
 2354 0003 05       		.byte	5
 2355              		.section	.cymeta,"a",%progbits
 2356              		.align	2
 2357              		.type	cy_metadata, %object
 2358              		.size	cy_metadata, 12
 2359              	cy_metadata:
 2360 0000 00       		.byte	0
 2361 0001 01       		.byte	1
 2362 0002 2E       		.byte	46
 2363 0003 13       		.byte	19
 2364 0004 30       		.byte	48
 2365 0005 69       		.byte	105
 2366 0006 00       		.byte	0
 2367 0007 01       		.byte	1
 2368 0008 00       		.byte	0
 2369 0009 00       		.byte	0
 2370 000a 00       		.byte	0
 2371 000b 00       		.byte	0
 2372              		.section	.cyflashprotect,"a",%progbits
 2373              		.align	2
 2374              		.type	cy_meta_flashprotect, %object
 2375              		.size	cy_meta_flashprotect, 128
 2376              	cy_meta_flashprotect:
 2377 0000 00000000 		.space	128
 2377      00000000 
 2377      00000000 
 2377      00000000 
 2377      00000000 
 2378              		.text
 2379              	.Letext0:
 2380              		.file 1 "c:\\program files (x86)\\cypress\\psoc creator\\4.4\\psoc creator\\import\\gnu\\arm\\5.4.
 2381              		.file 2 "c:\\program files (x86)\\cypress\\psoc creator\\4.4\\psoc creator\\import\\gnu\\arm\\5.4.
 2382              		.file 3 "Generated_Source\\PSoC5\\cymetadata.c"
 2383              		.section	.debug_info,"",%progbits
 2384              	.Ldebug_info0:
 2385 0000 35010000 		.4byte	0x135
 2386 0004 0400     		.2byte	0x4
 2387 0006 00000000 		.4byte	.Ldebug_abbrev0
 2388 000a 04       		.byte	0x4
 2389 000b 01       		.uleb128 0x1
 2390 000c 24000000 		.4byte	.LASF17
ARM GAS  C:\Users\HPz420\AppData\Local\Temp\ccxDBQKL.s 			page 43


 2391 0010 0C       		.byte	0xc
 2392 0011 CE010000 		.4byte	.LASF18
 2393 0015 48010000 		.4byte	.LASF19
 2394 0019 00000000 		.4byte	.Ldebug_line0
 2395 001d 02       		.uleb128 0x2
 2396 001e 01       		.byte	0x1
 2397 001f 06       		.byte	0x6
 2398 0020 C2010000 		.4byte	.LASF0
 2399 0024 03       		.uleb128 0x3
 2400 0025 00000000 		.4byte	.LASF9
 2401 0029 01       		.byte	0x1
 2402 002a 1D       		.byte	0x1d
 2403 002b 2F000000 		.4byte	0x2f
 2404 002f 02       		.uleb128 0x2
 2405 0030 01       		.byte	0x1
 2406 0031 08       		.byte	0x8
 2407 0032 16000000 		.4byte	.LASF1
 2408 0036 02       		.uleb128 0x2
 2409 0037 02       		.byte	0x2
 2410 0038 05       		.byte	0x5
 2411 0039 AF010000 		.4byte	.LASF2
 2412 003d 02       		.uleb128 0x2
 2413 003e 02       		.byte	0x2
 2414 003f 07       		.byte	0x7
 2415 0040 C4000000 		.4byte	.LASF3
 2416 0044 02       		.uleb128 0x2
 2417 0045 04       		.byte	0x4
 2418 0046 05       		.byte	0x5
 2419 0047 B9010000 		.4byte	.LASF4
 2420 004b 02       		.uleb128 0x2
 2421 004c 04       		.byte	0x4
 2422 004d 07       		.byte	0x7
 2423 004e B2000000 		.4byte	.LASF5
 2424 0052 02       		.uleb128 0x2
 2425 0053 08       		.byte	0x8
 2426 0054 05       		.byte	0x5
 2427 0055 A1010000 		.4byte	.LASF6
 2428 0059 02       		.uleb128 0x2
 2429 005a 08       		.byte	0x8
 2430 005b 07       		.byte	0x7
 2431 005c 06010000 		.4byte	.LASF7
 2432 0060 04       		.uleb128 0x4
 2433 0061 04       		.byte	0x4
 2434 0062 05       		.byte	0x5
 2435 0063 696E7400 		.ascii	"int\000"
 2436 0067 02       		.uleb128 0x2
 2437 0068 04       		.byte	0x4
 2438 0069 07       		.byte	0x7
 2439 006a F9000000 		.4byte	.LASF8
 2440 006e 03       		.uleb128 0x3
 2441 006f 1D010000 		.4byte	.LASF10
 2442 0073 02       		.byte	0x2
 2443 0074 18       		.byte	0x18
 2444 0075 24000000 		.4byte	0x24
 2445 0079 05       		.uleb128 0x5
 2446 007a 91000000 		.4byte	0x91
 2447 007e 8A000000 		.4byte	0x8a
ARM GAS  C:\Users\HPz420\AppData\Local\Temp\ccxDBQKL.s 			page 44


 2448 0082 06       		.uleb128 0x6
 2449 0083 8A000000 		.4byte	0x8a
 2450 0087 0309     		.2byte	0x903
 2451 0089 00       		.byte	0
 2452 008a 02       		.uleb128 0x2
 2453 008b 04       		.byte	0x4
 2454 008c 07       		.byte	0x7
 2455 008d 98010000 		.4byte	.LASF11
 2456 0091 07       		.uleb128 0x7
 2457 0092 6E000000 		.4byte	0x6e
 2458 0096 08       		.uleb128 0x8
 2459 0097 E7000000 		.4byte	.LASF12
 2460 009b 03       		.byte	0x3
 2461 009c 1F       		.byte	0x1f
 2462 009d A7000000 		.4byte	0xa7
 2463 00a1 05       		.uleb128 0x5
 2464 00a2 03       		.byte	0x3
 2465 00a3 00000000 		.4byte	cy_meta_configecc
 2466 00a7 07       		.uleb128 0x7
 2467 00a8 79000000 		.4byte	0x79
 2468 00ac 05       		.uleb128 0x5
 2469 00ad 91000000 		.4byte	0x91
 2470 00b1 BC000000 		.4byte	0xbc
 2471 00b5 09       		.uleb128 0x9
 2472 00b6 8A000000 		.4byte	0x8a
 2473 00ba 03       		.byte	0x3
 2474 00bb 00       		.byte	0
 2475 00bc 0A       		.uleb128 0xa
 2476 00bd D7000000 		.4byte	.LASF13
 2477 00c1 03       		.byte	0x3
 2478 00c2 4D01     		.2byte	0x14d
 2479 00c4 CE000000 		.4byte	0xce
 2480 00c8 05       		.uleb128 0x5
 2481 00c9 03       		.byte	0x3
 2482 00ca 00000000 		.4byte	cy_meta_custnvl
 2483 00ce 07       		.uleb128 0x7
 2484 00cf AC000000 		.4byte	0xac
 2485 00d3 0A       		.uleb128 0xa
 2486 00d4 3A010000 		.4byte	.LASF14
 2487 00d8 03       		.byte	0x3
 2488 00d9 5B01     		.2byte	0x15b
 2489 00db E5000000 		.4byte	0xe5
 2490 00df 05       		.uleb128 0x5
 2491 00e0 03       		.byte	0x3
 2492 00e1 00000000 		.4byte	cy_meta_wonvl
 2493 00e5 07       		.uleb128 0x7
 2494 00e6 AC000000 		.4byte	0xac
 2495 00ea 05       		.uleb128 0x5
 2496 00eb 91000000 		.4byte	0x91
 2497 00ef FA000000 		.4byte	0xfa
 2498 00f3 09       		.uleb128 0x9
 2499 00f4 8A000000 		.4byte	0x8a
 2500 00f8 7F       		.byte	0x7f
 2501 00f9 00       		.byte	0
 2502 00fa 0A       		.uleb128 0xa
 2503 00fb 25010000 		.4byte	.LASF15
 2504 00ff 03       		.byte	0x3
ARM GAS  C:\Users\HPz420\AppData\Local\Temp\ccxDBQKL.s 			page 45


 2505 0100 6901     		.2byte	0x169
 2506 0102 0C010000 		.4byte	0x10c
 2507 0106 05       		.uleb128 0x5
 2508 0107 03       		.byte	0x3
 2509 0108 00000000 		.4byte	cy_meta_flashprotect
 2510 010c 07       		.uleb128 0x7
 2511 010d EA000000 		.4byte	0xea
 2512 0111 05       		.uleb128 0x5
 2513 0112 91000000 		.4byte	0x91
 2514 0116 21010000 		.4byte	0x121
 2515 011a 09       		.uleb128 0x9
 2516 011b 8A000000 		.4byte	0x8a
 2517 011f 0B       		.byte	0xb
 2518 0120 00       		.byte	0
 2519 0121 0A       		.uleb128 0xa
 2520 0122 0A000000 		.4byte	.LASF16
 2521 0126 03       		.byte	0x3
 2522 0127 8601     		.2byte	0x186
 2523 0129 33010000 		.4byte	0x133
 2524 012d 05       		.uleb128 0x5
 2525 012e 03       		.byte	0x3
 2526 012f 00000000 		.4byte	cy_metadata
 2527 0133 07       		.uleb128 0x7
 2528 0134 11010000 		.4byte	0x111
 2529 0138 00       		.byte	0
 2530              		.section	.debug_abbrev,"",%progbits
 2531              	.Ldebug_abbrev0:
 2532 0000 01       		.uleb128 0x1
 2533 0001 11       		.uleb128 0x11
 2534 0002 01       		.byte	0x1
 2535 0003 25       		.uleb128 0x25
 2536 0004 0E       		.uleb128 0xe
 2537 0005 13       		.uleb128 0x13
 2538 0006 0B       		.uleb128 0xb
 2539 0007 03       		.uleb128 0x3
 2540 0008 0E       		.uleb128 0xe
 2541 0009 1B       		.uleb128 0x1b
 2542 000a 0E       		.uleb128 0xe
 2543 000b 10       		.uleb128 0x10
 2544 000c 17       		.uleb128 0x17
 2545 000d 00       		.byte	0
 2546 000e 00       		.byte	0
 2547 000f 02       		.uleb128 0x2
 2548 0010 24       		.uleb128 0x24
 2549 0011 00       		.byte	0
 2550 0012 0B       		.uleb128 0xb
 2551 0013 0B       		.uleb128 0xb
 2552 0014 3E       		.uleb128 0x3e
 2553 0015 0B       		.uleb128 0xb
 2554 0016 03       		.uleb128 0x3
 2555 0017 0E       		.uleb128 0xe
 2556 0018 00       		.byte	0
 2557 0019 00       		.byte	0
 2558 001a 03       		.uleb128 0x3
 2559 001b 16       		.uleb128 0x16
 2560 001c 00       		.byte	0
 2561 001d 03       		.uleb128 0x3
ARM GAS  C:\Users\HPz420\AppData\Local\Temp\ccxDBQKL.s 			page 46


 2562 001e 0E       		.uleb128 0xe
 2563 001f 3A       		.uleb128 0x3a
 2564 0020 0B       		.uleb128 0xb
 2565 0021 3B       		.uleb128 0x3b
 2566 0022 0B       		.uleb128 0xb
 2567 0023 49       		.uleb128 0x49
 2568 0024 13       		.uleb128 0x13
 2569 0025 00       		.byte	0
 2570 0026 00       		.byte	0
 2571 0027 04       		.uleb128 0x4
 2572 0028 24       		.uleb128 0x24
 2573 0029 00       		.byte	0
 2574 002a 0B       		.uleb128 0xb
 2575 002b 0B       		.uleb128 0xb
 2576 002c 3E       		.uleb128 0x3e
 2577 002d 0B       		.uleb128 0xb
 2578 002e 03       		.uleb128 0x3
 2579 002f 08       		.uleb128 0x8
 2580 0030 00       		.byte	0
 2581 0031 00       		.byte	0
 2582 0032 05       		.uleb128 0x5
 2583 0033 01       		.uleb128 0x1
 2584 0034 01       		.byte	0x1
 2585 0035 49       		.uleb128 0x49
 2586 0036 13       		.uleb128 0x13
 2587 0037 01       		.uleb128 0x1
 2588 0038 13       		.uleb128 0x13
 2589 0039 00       		.byte	0
 2590 003a 00       		.byte	0
 2591 003b 06       		.uleb128 0x6
 2592 003c 21       		.uleb128 0x21
 2593 003d 00       		.byte	0
 2594 003e 49       		.uleb128 0x49
 2595 003f 13       		.uleb128 0x13
 2596 0040 2F       		.uleb128 0x2f
 2597 0041 05       		.uleb128 0x5
 2598 0042 00       		.byte	0
 2599 0043 00       		.byte	0
 2600 0044 07       		.uleb128 0x7
 2601 0045 26       		.uleb128 0x26
 2602 0046 00       		.byte	0
 2603 0047 49       		.uleb128 0x49
 2604 0048 13       		.uleb128 0x13
 2605 0049 00       		.byte	0
 2606 004a 00       		.byte	0
 2607 004b 08       		.uleb128 0x8
 2608 004c 34       		.uleb128 0x34
 2609 004d 00       		.byte	0
 2610 004e 03       		.uleb128 0x3
 2611 004f 0E       		.uleb128 0xe
 2612 0050 3A       		.uleb128 0x3a
 2613 0051 0B       		.uleb128 0xb
 2614 0052 3B       		.uleb128 0x3b
 2615 0053 0B       		.uleb128 0xb
 2616 0054 49       		.uleb128 0x49
 2617 0055 13       		.uleb128 0x13
 2618 0056 3F       		.uleb128 0x3f
ARM GAS  C:\Users\HPz420\AppData\Local\Temp\ccxDBQKL.s 			page 47


 2619 0057 19       		.uleb128 0x19
 2620 0058 02       		.uleb128 0x2
 2621 0059 18       		.uleb128 0x18
 2622 005a 00       		.byte	0
 2623 005b 00       		.byte	0
 2624 005c 09       		.uleb128 0x9
 2625 005d 21       		.uleb128 0x21
 2626 005e 00       		.byte	0
 2627 005f 49       		.uleb128 0x49
 2628 0060 13       		.uleb128 0x13
 2629 0061 2F       		.uleb128 0x2f
 2630 0062 0B       		.uleb128 0xb
 2631 0063 00       		.byte	0
 2632 0064 00       		.byte	0
 2633 0065 0A       		.uleb128 0xa
 2634 0066 34       		.uleb128 0x34
 2635 0067 00       		.byte	0
 2636 0068 03       		.uleb128 0x3
 2637 0069 0E       		.uleb128 0xe
 2638 006a 3A       		.uleb128 0x3a
 2639 006b 0B       		.uleb128 0xb
 2640 006c 3B       		.uleb128 0x3b
 2641 006d 05       		.uleb128 0x5
 2642 006e 49       		.uleb128 0x49
 2643 006f 13       		.uleb128 0x13
 2644 0070 3F       		.uleb128 0x3f
 2645 0071 19       		.uleb128 0x19
 2646 0072 02       		.uleb128 0x2
 2647 0073 18       		.uleb128 0x18
 2648 0074 00       		.byte	0
 2649 0075 00       		.byte	0
 2650 0076 00       		.byte	0
 2651              		.section	.debug_aranges,"",%progbits
 2652 0000 14000000 		.4byte	0x14
 2653 0004 0200     		.2byte	0x2
 2654 0006 00000000 		.4byte	.Ldebug_info0
 2655 000a 04       		.byte	0x4
 2656 000b 00       		.byte	0
 2657 000c 0000     		.2byte	0
 2658 000e 0000     		.2byte	0
 2659 0010 00000000 		.4byte	0
 2660 0014 00000000 		.4byte	0
 2661              		.section	.debug_line,"",%progbits
 2662              	.Ldebug_line0:
 2663 0000 3D010000 		.section	.debug_str,"MS",%progbits,1
 2663      02003701 
 2663      00000201 
 2663      FB0E0D00 
 2663      01010101 
 2664              	.LASF9:
 2665 0000 5F5F7569 		.ascii	"__uint8_t\000"
 2665      6E74385F 
 2665      7400
 2666              	.LASF16:
 2667 000a 63795F6D 		.ascii	"cy_metadata\000"
 2667      65746164 
 2667      61746100 
ARM GAS  C:\Users\HPz420\AppData\Local\Temp\ccxDBQKL.s 			page 48


 2668              	.LASF1:
 2669 0016 756E7369 		.ascii	"unsigned char\000"
 2669      676E6564 
 2669      20636861 
 2669      7200
 2670              	.LASF17:
 2671 0024 474E5520 		.ascii	"GNU C11 5.4.1 20160609 (release) [ARM/embedded-5-br"
 2671      43313120 
 2671      352E342E 
 2671      31203230 
 2671      31363036 
 2672 0057 616E6368 		.ascii	"anch revision 237715] -mcpu=cortex-m3 -mthumb -g -O"
 2672      20726576 
 2672      6973696F 
 2672      6E203233 
 2672      37373135 
 2673 008a 67202D66 		.ascii	"g -ffunction-sections -ffat-lto-objects\000"
 2673      66756E63 
 2673      74696F6E 
 2673      2D736563 
 2673      74696F6E 
 2674              	.LASF5:
 2675 00b2 6C6F6E67 		.ascii	"long unsigned int\000"
 2675      20756E73 
 2675      69676E65 
 2675      6420696E 
 2675      7400
 2676              	.LASF3:
 2677 00c4 73686F72 		.ascii	"short unsigned int\000"
 2677      7420756E 
 2677      7369676E 
 2677      65642069 
 2677      6E7400
 2678              	.LASF13:
 2679 00d7 63795F6D 		.ascii	"cy_meta_custnvl\000"
 2679      6574615F 
 2679      63757374 
 2679      6E766C00 
 2680              	.LASF12:
 2681 00e7 63795F6D 		.ascii	"cy_meta_configecc\000"
 2681      6574615F 
 2681      636F6E66 
 2681      69676563 
 2681      6300
 2682              	.LASF8:
 2683 00f9 756E7369 		.ascii	"unsigned int\000"
 2683      676E6564 
 2683      20696E74 
 2683      00
 2684              	.LASF7:
 2685 0106 6C6F6E67 		.ascii	"long long unsigned int\000"
 2685      206C6F6E 
 2685      6720756E 
 2685      7369676E 
 2685      65642069 
 2686              	.LASF10:
 2687 011d 75696E74 		.ascii	"uint8_t\000"
ARM GAS  C:\Users\HPz420\AppData\Local\Temp\ccxDBQKL.s 			page 49


 2687      385F7400 
 2688              	.LASF15:
 2689 0125 63795F6D 		.ascii	"cy_meta_flashprotect\000"
 2689      6574615F 
 2689      666C6173 
 2689      6870726F 
 2689      74656374 
 2690              	.LASF14:
 2691 013a 63795F6D 		.ascii	"cy_meta_wonvl\000"
 2691      6574615F 
 2691      776F6E76 
 2691      6C00
 2692              	.LASF19:
 2693 0148 433A5C55 		.ascii	"C:\\Users\\HPz420\\Documents\\GitHub\\land-boards\\"
 2693      73657273 
 2693      5C48507A 
 2693      3432305C 
 2693      446F6375 
 2694 0175 4C422D52 		.ascii	"LB-RPPSOC\\RPPSOC-GPIO18Blink.cydsn\000"
 2694      5050534F 
 2694      435C5250 
 2694      50534F43 
 2694      2D475049 
 2695              	.LASF11:
 2696 0198 73697A65 		.ascii	"sizetype\000"
 2696      74797065 
 2696      00
 2697              	.LASF6:
 2698 01a1 6C6F6E67 		.ascii	"long long int\000"
 2698      206C6F6E 
 2698      6720696E 
 2698      7400
 2699              	.LASF2:
 2700 01af 73686F72 		.ascii	"short int\000"
 2700      7420696E 
 2700      7400
 2701              	.LASF4:
 2702 01b9 6C6F6E67 		.ascii	"long int\000"
 2702      20696E74 
 2702      00
 2703              	.LASF0:
 2704 01c2 7369676E 		.ascii	"signed char\000"
 2704      65642063 
 2704      68617200 
 2705              	.LASF18:
 2706 01ce 47656E65 		.ascii	"Generated_Source\\PSoC5\\cymetadata.c\000"
 2706      72617465 
 2706      645F536F 
 2706      75726365 
 2706      5C50536F 
 2707              		.ident	"GCC: (GNU Tools for ARM Embedded Processors) 5.4.1 20160609 (release) [ARM/embedded-5-bran
