ARM GAS  C:\Users\HPz420\AppData\Local\Temp\ccjAQzQ0.s 			page 1


   1              		.syntax unified
   2              		.cpu cortex-m3
   3              		.fpu softvfp
   4              		.eabi_attribute 20, 1
   5              		.eabi_attribute 21, 1
   6              		.eabi_attribute 23, 3
   7              		.eabi_attribute 24, 1
   8              		.eabi_attribute 25, 1
   9              		.eabi_attribute 26, 1
  10              		.eabi_attribute 30, 1
  11              		.eabi_attribute 34, 1
  12              		.eabi_attribute 18, 4
  13              		.thumb
  14              		.syntax unified
  15              		.file	"SDA_1.c"
  16              		.text
  17              	.Ltext0:
  18              		.cfi_sections	.debug_frame
  19              		.section	.text.SDA_1_Write,"ax",%progbits
  20              		.align	2
  21              		.global	SDA_1_Write
  22              		.thumb
  23              		.thumb_func
  24              		.type	SDA_1_Write, %function
  25              	SDA_1_Write:
  26              	.LFB0:
  27              		.file 1 "Generated_Source\\PSoC5\\SDA_1.c"
   1:Generated_Source\PSoC5/SDA_1.c **** /*******************************************************************************
   2:Generated_Source\PSoC5/SDA_1.c **** * File Name: SDA_1.c  
   3:Generated_Source\PSoC5/SDA_1.c **** * Version 2.20
   4:Generated_Source\PSoC5/SDA_1.c **** *
   5:Generated_Source\PSoC5/SDA_1.c **** * Description:
   6:Generated_Source\PSoC5/SDA_1.c **** *  This file contains API to enable firmware control of a Pins component.
   7:Generated_Source\PSoC5/SDA_1.c **** *
   8:Generated_Source\PSoC5/SDA_1.c **** * Note:
   9:Generated_Source\PSoC5/SDA_1.c **** *
  10:Generated_Source\PSoC5/SDA_1.c **** ********************************************************************************
  11:Generated_Source\PSoC5/SDA_1.c **** * Copyright 2008-2015, Cypress Semiconductor Corporation.  All rights reserved.
  12:Generated_Source\PSoC5/SDA_1.c **** * You may use this file only in accordance with the license, terms, conditions, 
  13:Generated_Source\PSoC5/SDA_1.c **** * disclaimers, and limitations in the end user license agreement accompanying 
  14:Generated_Source\PSoC5/SDA_1.c **** * the software package with which this file was provided.
  15:Generated_Source\PSoC5/SDA_1.c **** *******************************************************************************/
  16:Generated_Source\PSoC5/SDA_1.c **** 
  17:Generated_Source\PSoC5/SDA_1.c **** #include "cytypes.h"
  18:Generated_Source\PSoC5/SDA_1.c **** #include "SDA_1.h"
  19:Generated_Source\PSoC5/SDA_1.c **** 
  20:Generated_Source\PSoC5/SDA_1.c **** /* APIs are not generated for P15[7:6] on PSoC 5 */
  21:Generated_Source\PSoC5/SDA_1.c **** #if !(CY_PSOC5A &&\
  22:Generated_Source\PSoC5/SDA_1.c **** 	 SDA_1__PORT == 15 && ((SDA_1__MASK & 0xC0) != 0))
  23:Generated_Source\PSoC5/SDA_1.c **** 
  24:Generated_Source\PSoC5/SDA_1.c **** 
  25:Generated_Source\PSoC5/SDA_1.c **** /*******************************************************************************
  26:Generated_Source\PSoC5/SDA_1.c **** * Function Name: SDA_1_Write
  27:Generated_Source\PSoC5/SDA_1.c **** ****************************************************************************//**
  28:Generated_Source\PSoC5/SDA_1.c **** *
  29:Generated_Source\PSoC5/SDA_1.c **** * \brief Writes the value to the physical port (data output register), masking
  30:Generated_Source\PSoC5/SDA_1.c **** *  and shifting the bits appropriately. 
ARM GAS  C:\Users\HPz420\AppData\Local\Temp\ccjAQzQ0.s 			page 2


  31:Generated_Source\PSoC5/SDA_1.c **** *
  32:Generated_Source\PSoC5/SDA_1.c **** * The data output register controls the signal applied to the physical pin in 
  33:Generated_Source\PSoC5/SDA_1.c **** * conjunction with the drive mode parameter. This function avoids changing 
  34:Generated_Source\PSoC5/SDA_1.c **** * other bits in the port by using the appropriate method (read-modify-write or
  35:Generated_Source\PSoC5/SDA_1.c **** * bit banding).
  36:Generated_Source\PSoC5/SDA_1.c **** *
  37:Generated_Source\PSoC5/SDA_1.c **** * <b>Note</b> This function should not be used on a hardware digital output pin 
  38:Generated_Source\PSoC5/SDA_1.c **** * as it is driven by the hardware signal attached to it.
  39:Generated_Source\PSoC5/SDA_1.c **** *
  40:Generated_Source\PSoC5/SDA_1.c **** * \param value
  41:Generated_Source\PSoC5/SDA_1.c **** *  Value to write to the component instance.
  42:Generated_Source\PSoC5/SDA_1.c **** *
  43:Generated_Source\PSoC5/SDA_1.c **** * \return 
  44:Generated_Source\PSoC5/SDA_1.c **** *  None 
  45:Generated_Source\PSoC5/SDA_1.c **** *
  46:Generated_Source\PSoC5/SDA_1.c **** * \sideeffect
  47:Generated_Source\PSoC5/SDA_1.c **** *  If you use read-modify-write operations that are not atomic; the Interrupt 
  48:Generated_Source\PSoC5/SDA_1.c **** *  Service Routines (ISR) can cause corruption of this function. An ISR that 
  49:Generated_Source\PSoC5/SDA_1.c **** *  interrupts this function and performs writes to the Pins component data 
  50:Generated_Source\PSoC5/SDA_1.c **** *  register can cause corrupted port data. To avoid this issue, you should 
  51:Generated_Source\PSoC5/SDA_1.c **** *  either use the Per-Pin APIs (primary method) or disable interrupts around 
  52:Generated_Source\PSoC5/SDA_1.c **** *  this function.
  53:Generated_Source\PSoC5/SDA_1.c **** *
  54:Generated_Source\PSoC5/SDA_1.c **** * \funcusage
  55:Generated_Source\PSoC5/SDA_1.c **** *  \snippet SDA_1_SUT.c usage_SDA_1_Write
  56:Generated_Source\PSoC5/SDA_1.c **** *******************************************************************************/
  57:Generated_Source\PSoC5/SDA_1.c **** void SDA_1_Write(uint8 value)
  58:Generated_Source\PSoC5/SDA_1.c **** {
  28              		.loc 1 58 0
  29              		.cfi_startproc
  30              		@ args = 0, pretend = 0, frame = 0
  31              		@ frame_needed = 0, uses_anonymous_args = 0
  32              		@ link register save eliminated.
  33              	.LVL0:
  59:Generated_Source\PSoC5/SDA_1.c ****     uint8 staticBits = (SDA_1_DR & (uint8)(~SDA_1_MASK));
  34              		.loc 1 59 0
  35 0000 044A     		ldr	r2, .L2
  36 0002 1378     		ldrb	r3, [r2]	@ zero_extendqisi2
  37 0004 03F0DF03 		and	r3, r3, #223
  38              	.LVL1:
  60:Generated_Source\PSoC5/SDA_1.c ****     SDA_1_DR = staticBits | ((uint8)(value << SDA_1_SHIFT) & SDA_1_MASK);
  39              		.loc 1 60 0
  40 0008 4001     		lsls	r0, r0, #5
  41              	.LVL2:
  42 000a 00F02000 		and	r0, r0, #32
  43 000e 1843     		orrs	r0, r0, r3
  44 0010 1070     		strb	r0, [r2]
  45 0012 7047     		bx	lr
  46              	.L3:
  47              		.align	2
  48              	.L2:
  49 0014 C0510040 		.word	1073762752
  50              		.cfi_endproc
  51              	.LFE0:
  52              		.size	SDA_1_Write, .-SDA_1_Write
  53              		.section	.text.SDA_1_SetDriveMode,"ax",%progbits
  54              		.align	2
ARM GAS  C:\Users\HPz420\AppData\Local\Temp\ccjAQzQ0.s 			page 3


  55              		.global	SDA_1_SetDriveMode
  56              		.thumb
  57              		.thumb_func
  58              		.type	SDA_1_SetDriveMode, %function
  59              	SDA_1_SetDriveMode:
  60              	.LFB1:
  61:Generated_Source\PSoC5/SDA_1.c **** }
  62:Generated_Source\PSoC5/SDA_1.c **** 
  63:Generated_Source\PSoC5/SDA_1.c **** 
  64:Generated_Source\PSoC5/SDA_1.c **** /*******************************************************************************
  65:Generated_Source\PSoC5/SDA_1.c **** * Function Name: SDA_1_SetDriveMode
  66:Generated_Source\PSoC5/SDA_1.c **** ****************************************************************************//**
  67:Generated_Source\PSoC5/SDA_1.c **** *
  68:Generated_Source\PSoC5/SDA_1.c **** * \brief Sets the drive mode for each of the Pins component's pins.
  69:Generated_Source\PSoC5/SDA_1.c **** * 
  70:Generated_Source\PSoC5/SDA_1.c **** * <b>Note</b> This affects all pins in the Pins component instance. Use the
  71:Generated_Source\PSoC5/SDA_1.c **** * Per-Pin APIs if you wish to control individual pin's drive modes.
  72:Generated_Source\PSoC5/SDA_1.c **** *
  73:Generated_Source\PSoC5/SDA_1.c **** * \param mode
  74:Generated_Source\PSoC5/SDA_1.c **** *  Mode for the selected signals. Valid options are documented in 
  75:Generated_Source\PSoC5/SDA_1.c **** *  \ref driveMode.
  76:Generated_Source\PSoC5/SDA_1.c **** *
  77:Generated_Source\PSoC5/SDA_1.c **** * \return
  78:Generated_Source\PSoC5/SDA_1.c **** *  None
  79:Generated_Source\PSoC5/SDA_1.c **** *
  80:Generated_Source\PSoC5/SDA_1.c **** * \sideeffect
  81:Generated_Source\PSoC5/SDA_1.c **** *  If you use read-modify-write operations that are not atomic, the ISR can
  82:Generated_Source\PSoC5/SDA_1.c **** *  cause corruption of this function. An ISR that interrupts this function 
  83:Generated_Source\PSoC5/SDA_1.c **** *  and performs writes to the Pins component Drive Mode registers can cause 
  84:Generated_Source\PSoC5/SDA_1.c **** *  corrupted port data. To avoid this issue, you should either use the Per-Pin
  85:Generated_Source\PSoC5/SDA_1.c **** *  APIs (primary method) or disable interrupts around this function.
  86:Generated_Source\PSoC5/SDA_1.c **** *
  87:Generated_Source\PSoC5/SDA_1.c **** * \funcusage
  88:Generated_Source\PSoC5/SDA_1.c **** *  \snippet SDA_1_SUT.c usage_SDA_1_SetDriveMode
  89:Generated_Source\PSoC5/SDA_1.c **** *******************************************************************************/
  90:Generated_Source\PSoC5/SDA_1.c **** void SDA_1_SetDriveMode(uint8 mode)
  91:Generated_Source\PSoC5/SDA_1.c **** {
  61              		.loc 1 91 0
  62              		.cfi_startproc
  63              		@ args = 0, pretend = 0, frame = 0
  64              		@ frame_needed = 0, uses_anonymous_args = 0
  65              		@ link register save eliminated.
  66              	.LVL3:
  92:Generated_Source\PSoC5/SDA_1.c **** 	CyPins_SetPinDriveMode(SDA_1_0, mode);
  67              		.loc 1 92 0
  68 0000 044A     		ldr	r2, .L5
  69 0002 1378     		ldrb	r3, [r2]	@ zero_extendqisi2
  70 0004 03F0F103 		and	r3, r3, #241
  71 0008 00F00E00 		and	r0, r0, #14
  72              	.LVL4:
  73 000c 1843     		orrs	r0, r0, r3
  74 000e 1070     		strb	r0, [r2]
  75 0010 7047     		bx	lr
  76              	.L6:
  77 0012 00BF     		.align	2
  78              	.L5:
  79 0014 65500040 		.word	1073762405
ARM GAS  C:\Users\HPz420\AppData\Local\Temp\ccjAQzQ0.s 			page 4


  80              		.cfi_endproc
  81              	.LFE1:
  82              		.size	SDA_1_SetDriveMode, .-SDA_1_SetDriveMode
  83              		.section	.text.SDA_1_Read,"ax",%progbits
  84              		.align	2
  85              		.global	SDA_1_Read
  86              		.thumb
  87              		.thumb_func
  88              		.type	SDA_1_Read, %function
  89              	SDA_1_Read:
  90              	.LFB2:
  93:Generated_Source\PSoC5/SDA_1.c **** }
  94:Generated_Source\PSoC5/SDA_1.c **** 
  95:Generated_Source\PSoC5/SDA_1.c **** 
  96:Generated_Source\PSoC5/SDA_1.c **** /*******************************************************************************
  97:Generated_Source\PSoC5/SDA_1.c **** * Function Name: SDA_1_Read
  98:Generated_Source\PSoC5/SDA_1.c **** ****************************************************************************//**
  99:Generated_Source\PSoC5/SDA_1.c **** *
 100:Generated_Source\PSoC5/SDA_1.c **** * \brief Reads the associated physical port (pin status register) and masks 
 101:Generated_Source\PSoC5/SDA_1.c **** *  the required bits according to the width and bit position of the component
 102:Generated_Source\PSoC5/SDA_1.c **** *  instance. 
 103:Generated_Source\PSoC5/SDA_1.c **** *
 104:Generated_Source\PSoC5/SDA_1.c **** * The pin's status register returns the current logic level present on the 
 105:Generated_Source\PSoC5/SDA_1.c **** * physical pin.
 106:Generated_Source\PSoC5/SDA_1.c **** *
 107:Generated_Source\PSoC5/SDA_1.c **** * \return 
 108:Generated_Source\PSoC5/SDA_1.c **** *  The current value for the pins in the component as a right justified number.
 109:Generated_Source\PSoC5/SDA_1.c **** *
 110:Generated_Source\PSoC5/SDA_1.c **** * \funcusage
 111:Generated_Source\PSoC5/SDA_1.c **** *  \snippet SDA_1_SUT.c usage_SDA_1_Read  
 112:Generated_Source\PSoC5/SDA_1.c **** *******************************************************************************/
 113:Generated_Source\PSoC5/SDA_1.c **** uint8 SDA_1_Read(void)
 114:Generated_Source\PSoC5/SDA_1.c **** {
  91              		.loc 1 114 0
  92              		.cfi_startproc
  93              		@ args = 0, pretend = 0, frame = 0
  94              		@ frame_needed = 0, uses_anonymous_args = 0
  95              		@ link register save eliminated.
 115:Generated_Source\PSoC5/SDA_1.c ****     return (SDA_1_PS & SDA_1_MASK) >> SDA_1_SHIFT;
  96              		.loc 1 115 0
  97 0000 024B     		ldr	r3, .L8
  98 0002 1878     		ldrb	r0, [r3]	@ zero_extendqisi2
 116:Generated_Source\PSoC5/SDA_1.c **** }
  99              		.loc 1 116 0
 100 0004 C0F34010 		ubfx	r0, r0, #5, #1
 101 0008 7047     		bx	lr
 102              	.L9:
 103 000a 00BF     		.align	2
 104              	.L8:
 105 000c C1510040 		.word	1073762753
 106              		.cfi_endproc
 107              	.LFE2:
 108              		.size	SDA_1_Read, .-SDA_1_Read
 109              		.section	.text.SDA_1_ReadDataReg,"ax",%progbits
 110              		.align	2
 111              		.global	SDA_1_ReadDataReg
 112              		.thumb
ARM GAS  C:\Users\HPz420\AppData\Local\Temp\ccjAQzQ0.s 			page 5


 113              		.thumb_func
 114              		.type	SDA_1_ReadDataReg, %function
 115              	SDA_1_ReadDataReg:
 116              	.LFB3:
 117:Generated_Source\PSoC5/SDA_1.c **** 
 118:Generated_Source\PSoC5/SDA_1.c **** 
 119:Generated_Source\PSoC5/SDA_1.c **** /*******************************************************************************
 120:Generated_Source\PSoC5/SDA_1.c **** * Function Name: SDA_1_ReadDataReg
 121:Generated_Source\PSoC5/SDA_1.c **** ****************************************************************************//**
 122:Generated_Source\PSoC5/SDA_1.c **** *
 123:Generated_Source\PSoC5/SDA_1.c **** * \brief Reads the associated physical port's data output register and masks 
 124:Generated_Source\PSoC5/SDA_1.c **** *  the correct bits according to the width and bit position of the component 
 125:Generated_Source\PSoC5/SDA_1.c **** *  instance. 
 126:Generated_Source\PSoC5/SDA_1.c **** *
 127:Generated_Source\PSoC5/SDA_1.c **** * The data output register controls the signal applied to the physical pin in 
 128:Generated_Source\PSoC5/SDA_1.c **** * conjunction with the drive mode parameter. This is not the same as the 
 129:Generated_Source\PSoC5/SDA_1.c **** * preferred SDA_1_Read() API because the 
 130:Generated_Source\PSoC5/SDA_1.c **** * SDA_1_ReadDataReg() reads the data register instead of the status 
 131:Generated_Source\PSoC5/SDA_1.c **** * register. For output pins this is a useful function to determine the value 
 132:Generated_Source\PSoC5/SDA_1.c **** * just written to the pin.
 133:Generated_Source\PSoC5/SDA_1.c **** *
 134:Generated_Source\PSoC5/SDA_1.c **** * \return 
 135:Generated_Source\PSoC5/SDA_1.c **** *  The current value of the data register masked and shifted into a right 
 136:Generated_Source\PSoC5/SDA_1.c **** *  justified number for the component instance.
 137:Generated_Source\PSoC5/SDA_1.c **** *
 138:Generated_Source\PSoC5/SDA_1.c **** * \funcusage
 139:Generated_Source\PSoC5/SDA_1.c **** *  \snippet SDA_1_SUT.c usage_SDA_1_ReadDataReg 
 140:Generated_Source\PSoC5/SDA_1.c **** *******************************************************************************/
 141:Generated_Source\PSoC5/SDA_1.c **** uint8 SDA_1_ReadDataReg(void)
 142:Generated_Source\PSoC5/SDA_1.c **** {
 117              		.loc 1 142 0
 118              		.cfi_startproc
 119              		@ args = 0, pretend = 0, frame = 0
 120              		@ frame_needed = 0, uses_anonymous_args = 0
 121              		@ link register save eliminated.
 143:Generated_Source\PSoC5/SDA_1.c ****     return (SDA_1_DR & SDA_1_MASK) >> SDA_1_SHIFT;
 122              		.loc 1 143 0
 123 0000 024B     		ldr	r3, .L11
 124 0002 1878     		ldrb	r0, [r3]	@ zero_extendqisi2
 144:Generated_Source\PSoC5/SDA_1.c **** }
 125              		.loc 1 144 0
 126 0004 C0F34010 		ubfx	r0, r0, #5, #1
 127 0008 7047     		bx	lr
 128              	.L12:
 129 000a 00BF     		.align	2
 130              	.L11:
 131 000c C0510040 		.word	1073762752
 132              		.cfi_endproc
 133              	.LFE3:
 134              		.size	SDA_1_ReadDataReg, .-SDA_1_ReadDataReg
 135              		.text
 136              	.Letext0:
 137              		.file 2 "Generated_Source\\PSoC5\\cytypes.h"
 138              		.section	.debug_info,"",%progbits
 139              	.Ldebug_info0:
 140 0000 1A010000 		.4byte	0x11a
 141 0004 0400     		.2byte	0x4
ARM GAS  C:\Users\HPz420\AppData\Local\Temp\ccjAQzQ0.s 			page 6


 142 0006 00000000 		.4byte	.Ldebug_abbrev0
 143 000a 04       		.byte	0x4
 144 000b 01       		.uleb128 0x1
 145 000c 4A000000 		.4byte	.LASF20
 146 0010 0C       		.byte	0xc
 147 0011 D1010000 		.4byte	.LASF21
 148 0015 3D010000 		.4byte	.LASF22
 149 0019 00000000 		.4byte	.Ldebug_ranges0+0
 150 001d 00000000 		.4byte	0
 151 0021 00000000 		.4byte	.Ldebug_line0
 152 0025 02       		.uleb128 0x2
 153 0026 01       		.byte	0x1
 154 0027 06       		.byte	0x6
 155 0028 C5010000 		.4byte	.LASF0
 156 002c 02       		.uleb128 0x2
 157 002d 01       		.byte	0x1
 158 002e 08       		.byte	0x8
 159 002f 3C000000 		.4byte	.LASF1
 160 0033 02       		.uleb128 0x2
 161 0034 02       		.byte	0x2
 162 0035 05       		.byte	0x5
 163 0036 AC010000 		.4byte	.LASF2
 164 003a 02       		.uleb128 0x2
 165 003b 02       		.byte	0x2
 166 003c 07       		.byte	0x7
 167 003d EF000000 		.4byte	.LASF3
 168 0041 02       		.uleb128 0x2
 169 0042 04       		.byte	0x4
 170 0043 05       		.byte	0x5
 171 0044 BC010000 		.4byte	.LASF4
 172 0048 02       		.uleb128 0x2
 173 0049 04       		.byte	0x4
 174 004a 07       		.byte	0x7
 175 004b DD000000 		.4byte	.LASF5
 176 004f 02       		.uleb128 0x2
 177 0050 08       		.byte	0x8
 178 0051 05       		.byte	0x5
 179 0052 8D010000 		.4byte	.LASF6
 180 0056 02       		.uleb128 0x2
 181 0057 08       		.byte	0x8
 182 0058 07       		.byte	0x7
 183 0059 21010000 		.4byte	.LASF7
 184 005d 03       		.uleb128 0x3
 185 005e 04       		.byte	0x4
 186 005f 05       		.byte	0x5
 187 0060 696E7400 		.ascii	"int\000"
 188 0064 02       		.uleb128 0x2
 189 0065 04       		.byte	0x4
 190 0066 07       		.byte	0x7
 191 0067 14010000 		.4byte	.LASF8
 192 006b 04       		.uleb128 0x4
 193 006c B6010000 		.4byte	.LASF12
 194 0070 02       		.byte	0x2
 195 0071 C2       		.byte	0xc2
 196 0072 2C000000 		.4byte	0x2c
 197 0076 02       		.uleb128 0x2
 198 0077 04       		.byte	0x4
ARM GAS  C:\Users\HPz420\AppData\Local\Temp\ccjAQzQ0.s 			page 7


 199 0078 04       		.byte	0x4
 200 0079 36000000 		.4byte	.LASF9
 201 007d 02       		.uleb128 0x2
 202 007e 08       		.byte	0x8
 203 007f 04       		.byte	0x4
 204 0080 02010000 		.4byte	.LASF10
 205 0084 02       		.uleb128 0x2
 206 0085 01       		.byte	0x1
 207 0086 08       		.byte	0x8
 208 0087 9B010000 		.4byte	.LASF11
 209 008b 05       		.uleb128 0x5
 210 008c D8000000 		.4byte	.LASF13
 211 0090 02       		.byte	0x2
 212 0091 6C01     		.2byte	0x16c
 213 0093 97000000 		.4byte	0x97
 214 0097 06       		.uleb128 0x6
 215 0098 6B000000 		.4byte	0x6b
 216 009c 07       		.uleb128 0x7
 217 009d A0010000 		.4byte	.LASF14
 218 00a1 01       		.byte	0x1
 219 00a2 39       		.byte	0x39
 220 00a3 00000000 		.4byte	.LFB0
 221 00a7 18000000 		.4byte	.LFE0-.LFB0
 222 00ab 01       		.uleb128 0x1
 223 00ac 9C       		.byte	0x9c
 224 00ad CE000000 		.4byte	0xce
 225 00b1 08       		.uleb128 0x8
 226 00b2 00000000 		.4byte	.LASF16
 227 00b6 01       		.byte	0x1
 228 00b7 39       		.byte	0x39
 229 00b8 6B000000 		.4byte	0x6b
 230 00bc 00000000 		.4byte	.LLST0
 231 00c0 09       		.uleb128 0x9
 232 00c1 06000000 		.4byte	.LASF23
 233 00c5 01       		.byte	0x1
 234 00c6 3B       		.byte	0x3b
 235 00c7 6B000000 		.4byte	0x6b
 236 00cb 01       		.uleb128 0x1
 237 00cc 53       		.byte	0x53
 238 00cd 00       		.byte	0
 239 00ce 07       		.uleb128 0x7
 240 00cf 23000000 		.4byte	.LASF15
 241 00d3 01       		.byte	0x1
 242 00d4 5A       		.byte	0x5a
 243 00d5 00000000 		.4byte	.LFB1
 244 00d9 18000000 		.4byte	.LFE1-.LFB1
 245 00dd 01       		.uleb128 0x1
 246 00de 9C       		.byte	0x9c
 247 00df F3000000 		.4byte	0xf3
 248 00e3 08       		.uleb128 0x8
 249 00e4 38010000 		.4byte	.LASF17
 250 00e8 01       		.byte	0x1
 251 00e9 5A       		.byte	0x5a
 252 00ea 6B000000 		.4byte	0x6b
 253 00ee 21000000 		.4byte	.LLST1
 254 00f2 00       		.byte	0
 255 00f3 0A       		.uleb128 0xa
ARM GAS  C:\Users\HPz420\AppData\Local\Temp\ccjAQzQ0.s 			page 8


 256 00f4 09010000 		.4byte	.LASF18
 257 00f8 01       		.byte	0x1
 258 00f9 71       		.byte	0x71
 259 00fa 6B000000 		.4byte	0x6b
 260 00fe 00000000 		.4byte	.LFB2
 261 0102 10000000 		.4byte	.LFE2-.LFB2
 262 0106 01       		.uleb128 0x1
 263 0107 9C       		.byte	0x9c
 264 0108 0A       		.uleb128 0xa
 265 0109 11000000 		.4byte	.LASF19
 266 010d 01       		.byte	0x1
 267 010e 8D       		.byte	0x8d
 268 010f 6B000000 		.4byte	0x6b
 269 0113 00000000 		.4byte	.LFB3
 270 0117 10000000 		.4byte	.LFE3-.LFB3
 271 011b 01       		.uleb128 0x1
 272 011c 9C       		.byte	0x9c
 273 011d 00       		.byte	0
 274              		.section	.debug_abbrev,"",%progbits
 275              	.Ldebug_abbrev0:
 276 0000 01       		.uleb128 0x1
 277 0001 11       		.uleb128 0x11
 278 0002 01       		.byte	0x1
 279 0003 25       		.uleb128 0x25
 280 0004 0E       		.uleb128 0xe
 281 0005 13       		.uleb128 0x13
 282 0006 0B       		.uleb128 0xb
 283 0007 03       		.uleb128 0x3
 284 0008 0E       		.uleb128 0xe
 285 0009 1B       		.uleb128 0x1b
 286 000a 0E       		.uleb128 0xe
 287 000b 55       		.uleb128 0x55
 288 000c 17       		.uleb128 0x17
 289 000d 11       		.uleb128 0x11
 290 000e 01       		.uleb128 0x1
 291 000f 10       		.uleb128 0x10
 292 0010 17       		.uleb128 0x17
 293 0011 00       		.byte	0
 294 0012 00       		.byte	0
 295 0013 02       		.uleb128 0x2
 296 0014 24       		.uleb128 0x24
 297 0015 00       		.byte	0
 298 0016 0B       		.uleb128 0xb
 299 0017 0B       		.uleb128 0xb
 300 0018 3E       		.uleb128 0x3e
 301 0019 0B       		.uleb128 0xb
 302 001a 03       		.uleb128 0x3
 303 001b 0E       		.uleb128 0xe
 304 001c 00       		.byte	0
 305 001d 00       		.byte	0
 306 001e 03       		.uleb128 0x3
 307 001f 24       		.uleb128 0x24
 308 0020 00       		.byte	0
 309 0021 0B       		.uleb128 0xb
 310 0022 0B       		.uleb128 0xb
 311 0023 3E       		.uleb128 0x3e
 312 0024 0B       		.uleb128 0xb
ARM GAS  C:\Users\HPz420\AppData\Local\Temp\ccjAQzQ0.s 			page 9


 313 0025 03       		.uleb128 0x3
 314 0026 08       		.uleb128 0x8
 315 0027 00       		.byte	0
 316 0028 00       		.byte	0
 317 0029 04       		.uleb128 0x4
 318 002a 16       		.uleb128 0x16
 319 002b 00       		.byte	0
 320 002c 03       		.uleb128 0x3
 321 002d 0E       		.uleb128 0xe
 322 002e 3A       		.uleb128 0x3a
 323 002f 0B       		.uleb128 0xb
 324 0030 3B       		.uleb128 0x3b
 325 0031 0B       		.uleb128 0xb
 326 0032 49       		.uleb128 0x49
 327 0033 13       		.uleb128 0x13
 328 0034 00       		.byte	0
 329 0035 00       		.byte	0
 330 0036 05       		.uleb128 0x5
 331 0037 16       		.uleb128 0x16
 332 0038 00       		.byte	0
 333 0039 03       		.uleb128 0x3
 334 003a 0E       		.uleb128 0xe
 335 003b 3A       		.uleb128 0x3a
 336 003c 0B       		.uleb128 0xb
 337 003d 3B       		.uleb128 0x3b
 338 003e 05       		.uleb128 0x5
 339 003f 49       		.uleb128 0x49
 340 0040 13       		.uleb128 0x13
 341 0041 00       		.byte	0
 342 0042 00       		.byte	0
 343 0043 06       		.uleb128 0x6
 344 0044 35       		.uleb128 0x35
 345 0045 00       		.byte	0
 346 0046 49       		.uleb128 0x49
 347 0047 13       		.uleb128 0x13
 348 0048 00       		.byte	0
 349 0049 00       		.byte	0
 350 004a 07       		.uleb128 0x7
 351 004b 2E       		.uleb128 0x2e
 352 004c 01       		.byte	0x1
 353 004d 3F       		.uleb128 0x3f
 354 004e 19       		.uleb128 0x19
 355 004f 03       		.uleb128 0x3
 356 0050 0E       		.uleb128 0xe
 357 0051 3A       		.uleb128 0x3a
 358 0052 0B       		.uleb128 0xb
 359 0053 3B       		.uleb128 0x3b
 360 0054 0B       		.uleb128 0xb
 361 0055 27       		.uleb128 0x27
 362 0056 19       		.uleb128 0x19
 363 0057 11       		.uleb128 0x11
 364 0058 01       		.uleb128 0x1
 365 0059 12       		.uleb128 0x12
 366 005a 06       		.uleb128 0x6
 367 005b 40       		.uleb128 0x40
 368 005c 18       		.uleb128 0x18
 369 005d 9742     		.uleb128 0x2117
ARM GAS  C:\Users\HPz420\AppData\Local\Temp\ccjAQzQ0.s 			page 10


 370 005f 19       		.uleb128 0x19
 371 0060 01       		.uleb128 0x1
 372 0061 13       		.uleb128 0x13
 373 0062 00       		.byte	0
 374 0063 00       		.byte	0
 375 0064 08       		.uleb128 0x8
 376 0065 05       		.uleb128 0x5
 377 0066 00       		.byte	0
 378 0067 03       		.uleb128 0x3
 379 0068 0E       		.uleb128 0xe
 380 0069 3A       		.uleb128 0x3a
 381 006a 0B       		.uleb128 0xb
 382 006b 3B       		.uleb128 0x3b
 383 006c 0B       		.uleb128 0xb
 384 006d 49       		.uleb128 0x49
 385 006e 13       		.uleb128 0x13
 386 006f 02       		.uleb128 0x2
 387 0070 17       		.uleb128 0x17
 388 0071 00       		.byte	0
 389 0072 00       		.byte	0
 390 0073 09       		.uleb128 0x9
 391 0074 34       		.uleb128 0x34
 392 0075 00       		.byte	0
 393 0076 03       		.uleb128 0x3
 394 0077 0E       		.uleb128 0xe
 395 0078 3A       		.uleb128 0x3a
 396 0079 0B       		.uleb128 0xb
 397 007a 3B       		.uleb128 0x3b
 398 007b 0B       		.uleb128 0xb
 399 007c 49       		.uleb128 0x49
 400 007d 13       		.uleb128 0x13
 401 007e 02       		.uleb128 0x2
 402 007f 18       		.uleb128 0x18
 403 0080 00       		.byte	0
 404 0081 00       		.byte	0
 405 0082 0A       		.uleb128 0xa
 406 0083 2E       		.uleb128 0x2e
 407 0084 00       		.byte	0
 408 0085 3F       		.uleb128 0x3f
 409 0086 19       		.uleb128 0x19
 410 0087 03       		.uleb128 0x3
 411 0088 0E       		.uleb128 0xe
 412 0089 3A       		.uleb128 0x3a
 413 008a 0B       		.uleb128 0xb
 414 008b 3B       		.uleb128 0x3b
 415 008c 0B       		.uleb128 0xb
 416 008d 27       		.uleb128 0x27
 417 008e 19       		.uleb128 0x19
 418 008f 49       		.uleb128 0x49
 419 0090 13       		.uleb128 0x13
 420 0091 11       		.uleb128 0x11
 421 0092 01       		.uleb128 0x1
 422 0093 12       		.uleb128 0x12
 423 0094 06       		.uleb128 0x6
 424 0095 40       		.uleb128 0x40
 425 0096 18       		.uleb128 0x18
 426 0097 9742     		.uleb128 0x2117
ARM GAS  C:\Users\HPz420\AppData\Local\Temp\ccjAQzQ0.s 			page 11


 427 0099 19       		.uleb128 0x19
 428 009a 00       		.byte	0
 429 009b 00       		.byte	0
 430 009c 00       		.byte	0
 431              		.section	.debug_loc,"",%progbits
 432              	.Ldebug_loc0:
 433              	.LLST0:
 434 0000 00000000 		.4byte	.LVL0
 435 0004 0A000000 		.4byte	.LVL2
 436 0008 0100     		.2byte	0x1
 437 000a 50       		.byte	0x50
 438 000b 0A000000 		.4byte	.LVL2
 439 000f 18000000 		.4byte	.LFE0
 440 0013 0400     		.2byte	0x4
 441 0015 F3       		.byte	0xf3
 442 0016 01       		.uleb128 0x1
 443 0017 50       		.byte	0x50
 444 0018 9F       		.byte	0x9f
 445 0019 00000000 		.4byte	0
 446 001d 00000000 		.4byte	0
 447              	.LLST1:
 448 0021 00000000 		.4byte	.LVL3
 449 0025 0C000000 		.4byte	.LVL4
 450 0029 0100     		.2byte	0x1
 451 002b 50       		.byte	0x50
 452 002c 0C000000 		.4byte	.LVL4
 453 0030 18000000 		.4byte	.LFE1
 454 0034 0400     		.2byte	0x4
 455 0036 F3       		.byte	0xf3
 456 0037 01       		.uleb128 0x1
 457 0038 50       		.byte	0x50
 458 0039 9F       		.byte	0x9f
 459 003a 00000000 		.4byte	0
 460 003e 00000000 		.4byte	0
 461              		.section	.debug_aranges,"",%progbits
 462 0000 34000000 		.4byte	0x34
 463 0004 0200     		.2byte	0x2
 464 0006 00000000 		.4byte	.Ldebug_info0
 465 000a 04       		.byte	0x4
 466 000b 00       		.byte	0
 467 000c 0000     		.2byte	0
 468 000e 0000     		.2byte	0
 469 0010 00000000 		.4byte	.LFB0
 470 0014 18000000 		.4byte	.LFE0-.LFB0
 471 0018 00000000 		.4byte	.LFB1
 472 001c 18000000 		.4byte	.LFE1-.LFB1
 473 0020 00000000 		.4byte	.LFB2
 474 0024 10000000 		.4byte	.LFE2-.LFB2
 475 0028 00000000 		.4byte	.LFB3
 476 002c 10000000 		.4byte	.LFE3-.LFB3
 477 0030 00000000 		.4byte	0
 478 0034 00000000 		.4byte	0
 479              		.section	.debug_ranges,"",%progbits
 480              	.Ldebug_ranges0:
 481 0000 00000000 		.4byte	.LFB0
 482 0004 18000000 		.4byte	.LFE0
 483 0008 00000000 		.4byte	.LFB1
ARM GAS  C:\Users\HPz420\AppData\Local\Temp\ccjAQzQ0.s 			page 12


 484 000c 18000000 		.4byte	.LFE1
 485 0010 00000000 		.4byte	.LFB2
 486 0014 10000000 		.4byte	.LFE2
 487 0018 00000000 		.4byte	.LFB3
 488 001c 10000000 		.4byte	.LFE3
 489 0020 00000000 		.4byte	0
 490 0024 00000000 		.4byte	0
 491              		.section	.debug_line,"",%progbits
 492              	.Ldebug_line0:
 493 0000 8E000000 		.section	.debug_str,"MS",%progbits,1
 493      02004200 
 493      00000201 
 493      FB0E0D00 
 493      01010101 
 494              	.LASF16:
 495 0000 76616C75 		.ascii	"value\000"
 495      6500
 496              	.LASF23:
 497 0006 73746174 		.ascii	"staticBits\000"
 497      69634269 
 497      747300
 498              	.LASF19:
 499 0011 5344415F 		.ascii	"SDA_1_ReadDataReg\000"
 499      315F5265 
 499      61644461 
 499      74615265 
 499      6700
 500              	.LASF15:
 501 0023 5344415F 		.ascii	"SDA_1_SetDriveMode\000"
 501      315F5365 
 501      74447269 
 501      76654D6F 
 501      646500
 502              	.LASF9:
 503 0036 666C6F61 		.ascii	"float\000"
 503      7400
 504              	.LASF1:
 505 003c 756E7369 		.ascii	"unsigned char\000"
 505      676E6564 
 505      20636861 
 505      7200
 506              	.LASF20:
 507 004a 474E5520 		.ascii	"GNU C11 5.4.1 20160609 (release) [ARM/embedded-5-br"
 507      43313120 
 507      352E342E 
 507      31203230 
 507      31363036 
 508 007d 616E6368 		.ascii	"anch revision 237715] -mcpu=cortex-m3 -mthumb -g -O"
 508      20726576 
 508      6973696F 
 508      6E203233 
 508      37373135 
 509 00b0 67202D66 		.ascii	"g -ffunction-sections -ffat-lto-objects\000"
 509      66756E63 
 509      74696F6E 
 509      2D736563 
 509      74696F6E 
ARM GAS  C:\Users\HPz420\AppData\Local\Temp\ccjAQzQ0.s 			page 13


 510              	.LASF13:
 511 00d8 72656738 		.ascii	"reg8\000"
 511      00
 512              	.LASF5:
 513 00dd 6C6F6E67 		.ascii	"long unsigned int\000"
 513      20756E73 
 513      69676E65 
 513      6420696E 
 513      7400
 514              	.LASF3:
 515 00ef 73686F72 		.ascii	"short unsigned int\000"
 515      7420756E 
 515      7369676E 
 515      65642069 
 515      6E7400
 516              	.LASF10:
 517 0102 646F7562 		.ascii	"double\000"
 517      6C6500
 518              	.LASF18:
 519 0109 5344415F 		.ascii	"SDA_1_Read\000"
 519      315F5265 
 519      616400
 520              	.LASF8:
 521 0114 756E7369 		.ascii	"unsigned int\000"
 521      676E6564 
 521      20696E74 
 521      00
 522              	.LASF7:
 523 0121 6C6F6E67 		.ascii	"long long unsigned int\000"
 523      206C6F6E 
 523      6720756E 
 523      7369676E 
 523      65642069 
 524              	.LASF17:
 525 0138 6D6F6465 		.ascii	"mode\000"
 525      00
 526              	.LASF22:
 527 013d 433A5C55 		.ascii	"C:\\Users\\HPz420\\Documents\\GitHub\\land-boards\\"
 527      73657273 
 527      5C48507A 
 527      3432305C 
 527      446F6375 
 528 016a 4C422D52 		.ascii	"LB-RPPSOC\\RPPSOC-GPIO18Blink.cydsn\000"
 528      5050534F 
 528      435C5250 
 528      50534F43 
 528      2D475049 
 529              	.LASF6:
 530 018d 6C6F6E67 		.ascii	"long long int\000"
 530      206C6F6E 
 530      6720696E 
 530      7400
 531              	.LASF11:
 532 019b 63686172 		.ascii	"char\000"
 532      00
 533              	.LASF14:
 534 01a0 5344415F 		.ascii	"SDA_1_Write\000"
ARM GAS  C:\Users\HPz420\AppData\Local\Temp\ccjAQzQ0.s 			page 14


 534      315F5772 
 534      69746500 
 535              	.LASF2:
 536 01ac 73686F72 		.ascii	"short int\000"
 536      7420696E 
 536      7400
 537              	.LASF12:
 538 01b6 75696E74 		.ascii	"uint8\000"
 538      3800
 539              	.LASF4:
 540 01bc 6C6F6E67 		.ascii	"long int\000"
 540      20696E74 
 540      00
 541              	.LASF0:
 542 01c5 7369676E 		.ascii	"signed char\000"
 542      65642063 
 542      68617200 
 543              	.LASF21:
 544 01d1 47656E65 		.ascii	"Generated_Source\\PSoC5\\SDA_1.c\000"
 544      72617465 
 544      645F536F 
 544      75726365 
 544      5C50536F 
 545              		.ident	"GCC: (GNU Tools for ARM Embedded Processors) 5.4.1 20160609 (release) [ARM/embedded-5-bran
