#***************************************************************************

#sjplacer

#Version:            1.1

#Build Date:         Apr 25 2016 12:55:34

#File Generated:     May 28 2016 14:13:30

#Purpose:            

#Copyright (C) 2010-2011 by Softjin Technologies Pvt Ltd. All rights reserved.

#***************************************************************************

Executing : C:\Program Files (x86)\Cypress\PSoC Creator\3.3\PSoC Creator\bin/sjplacer.exe --proj-name RPPSOC-Blink7 --netlist-vh2 RPPSOC-Blink7_p.vh2 --arch-file C:\Program Files (x86)\Cypress\PSoC Creator\3.3\PSoC Creator\dev/arch/p35_udb4x6.ark --rrg-file C:\Program Files (x86)\Cypress\PSoC Creator\3.3\PSoC Creator\dev/psoc5/psoc5lp/route_arch-rrg.cydata --irq-file C:\Program Files (x86)\Cypress\PSoC Creator\3.3\PSoC Creator\dev/psoc5/psoc5lp/irqconn.cydata --drq-file C:\Program Files (x86)\Cypress\PSoC Creator\3.3\PSoC Creator\dev/psoc5/psoc5lp/dmaconn.cydata --dsi-conn-file C:\Program Files (x86)\Cypress\PSoC Creator\3.3\PSoC Creator\dev/psoc5/psoc5lp/dsiconn.cydata --pins-file pins_100-TQFP.xml --lib-file RPPSOC-Blink7_p.lib --sdc-file RPPSOC-Blink7.sdc --io-pcf RPPSOC-Blink7.pci --outdir .

		Softjin Techologies Placer, Version 1.1

Build Date : Apr 25 2016	12:53:53

D2004: Option and Settings Summary
=============================================================
Netlist vh2 file          - RPPSOC-Blink7_p.vh2
Architecture file         - C:\Program Files (x86)\Cypress\PSoC Creator\3.3\PSoC Creator\dev/arch/p35_udb4x6.ark
Package                   - 
Defparam file             - 
SDC file                  - RPPSOC-Blink7.sdc
Output directory          - .
Timing library            - RPPSOC-Blink7_p.lib
IO Placement file         - RPPSOC-Blink7.pci

D2050: Starting reading inputs for placer
=============================================================
D2065: Reading netlist file : "RPPSOC-Blink7_p.vh2"
D2065: Reading arch file : "C:\Program Files (x86)\Cypress\PSoC Creator\3.3\PSoC Creator\dev/arch/p35_udb4x6.ark"
D2051: Reading of inputs for placer completed successfully

D2053: Starting placement of the design
=============================================================

Phase 2
Phase 3

Design Statistics after Packing
    Number of Combinational MCs 	:	48
    Number of Sequential MCs    	:	7
    Number of DPs               	:	0
    Number of Controls          	:	1
    Number of Status            	:	0
    Number of SyncCells         	:	0
    Number of count7cells       	:	0

Device Utilization Summary after Packing
    Macrocells                  :	55/192
    UDBS                        :	14/24
    IOs                         :	49/72


D2088: Phase 3, elapsed time : 0.0 (sec)

Phase 4
D2088: Phase 4, elapsed time : 0.0 (sec)

Phase 5
D2088: Phase 5, elapsed time : 0.0 (sec)

Phase 6

######################################################################
Placement Timing Summary

The timing summary is based on estimated routing delays after
placement. For final timing report, please carry out the timing
analysis after routing.
======================================================================

######################################################################
                     Clock Summary 
======================================================================
Number of clocks: 7
Clock: Clock_1              | Frequency:  87.2 MHz | Target:   0.0 MHz
Clock: CyBUS_CLK            | Frequency: N/A       | Target:  24.0 MHz
Clock: CyBUS_CLK(fixed-function) | Frequency: N/A       | Target:  24.0 MHz
Clock: CyILO                | Frequency: N/A       | Target:   0.0 MHz
Clock: CyIMO                | Frequency: N/A       | Target:   3.0 MHz
Clock: CyMASTER_CLK         | Frequency: N/A       | Target:  24.0 MHz
Clock: CyPLL_OUT            | Frequency: N/A       | Target:  24.0 MHz

======================================================================
                     End of Clock Summary
######################################################################

D2088: Phase 6, elapsed time : 0.1 (sec)

Phase 7
######################################################################
                     Clock Summary 
======================================================================
Number of clocks: 7
Clock: Clock_1              | Frequency:  87.2 MHz | Target:   0.0 MHz
Clock: CyBUS_CLK            | Frequency: N/A       | Target:  24.0 MHz
Clock: CyBUS_CLK(fixed-function) | Frequency: N/A       | Target:  24.0 MHz
Clock: CyILO                | Frequency: N/A       | Target:   0.0 MHz
Clock: CyIMO                | Frequency: N/A       | Target:   3.0 MHz
Clock: CyMASTER_CLK         | Frequency: N/A       | Target:  24.0 MHz
Clock: CyPLL_OUT            | Frequency: N/A       | Target:  24.0 MHz

======================================================================
                     End of Clock Summary
######################################################################
D2088: Phase 7, elapsed time : 2.3 (sec)

Final Design Statistics
    Number of Combinational MCs 	:	48
    Number of Sequential MCs    	:	7
    Number of DPs               	:	0
    Number of Controls          	:	1
    Number of Status            	:	0
    Number of SyncCells         	:	0
    Number of count7cells       	:	0
    Number of IOs       	:	49

Device Utilization Summary
    Macrocells                  :	55/192
    IOs                         :	49/72



######################################################################
Placement Timing Summary

The timing summary is based on estimated routing delays after
placement. For final timing report, please carry out the timing
analysis after routing.
======================================================================


######################################################################
                     Clock Summary 
======================================================================
Number of clocks: 7
Clock: Clock_1              | Frequency: 115.5 MHz | Target:   0.0 MHz
Clock: CyBUS_CLK            | Frequency: N/A       | Target:  24.0 MHz
Clock: CyBUS_CLK(fixed-function) | Frequency: N/A       | Target:  24.0 MHz
Clock: CyILO                | Frequency: N/A       | Target:   0.0 MHz
Clock: CyIMO                | Frequency: N/A       | Target:   3.0 MHz
Clock: CyMASTER_CLK         | Frequency: N/A       | Target:  24.0 MHz
Clock: CyPLL_OUT            | Frequency: N/A       | Target:  24.0 MHz

======================================================================
                     End of Clock Summary
######################################################################

Phase 8
D2088: Phase 8, elapsed time : 0.0 (sec)

D2054: Placement of the design completed successfully

I2076: Total run-time: 3.5 sec.

