--------------- Build Started: 10/02/2015 20:05:24 Project: Blink-01, Configuration: ARM GCC 4.9-2015-q1-update Debug ---------------
cydsfit.exe -.appdatapath "C:\Users\doug_000\AppData\Local\Cypress Semiconductor\PSoC Creator\3.3" -.fdsnotice -.fdswarpdepfile=warp_dependencies.txt -.fdselabdepfile=elab_dependencies.txt -.fdsbldfile=generated_files.txt -p C:\Users\doug_000\Documents\GitHub\PSOC5LP\Blink-01\Blink-01.cydsn\Blink-01.cyprj -d CY8C5888AXI-LP096 -s C:\Users\doug_000\Documents\GitHub\PSOC5LP\Blink-01\Blink-01.cydsn\Generated_Source\PSoC5 -- -yv2 -q10 -ygs -o2 -v3 -.fftcfgtype=LE
Elaborating Design...
HDL Generation ...
Synthesis ...
Place and Route ...
Tech mapping ...
Analog Placement ...
Log: apr.M0058: The analog placement iterative improvement is 42% done. (App=cydsfit)
Analog Routing ...
Analog Code Generation ...
Digital Placement ...
Digital Routing ...
Bitstream Generation ...
Static timing analysis ...
API Generation ...
Dependency Generation ...
Clean Temporary Files ...
arm-none-eabi-gcc.exe -mcpu=cortex-m3 -mthumb -Wno-main -I. -IGenerated_Source\PSoC5 -Wa,-alh=.\CortexM3\ARM_GCC_493\Debug/main.lst -g -D DEBUG -Wall -ffunction-sections -Og -ffat-lto-objects -c .\main.c -o .\CortexM3\ARM_GCC_493\Debug\main.o
arm-none-eabi-gcc.exe -mcpu=cortex-m3 -mthumb -Wno-main -I. -IGenerated_Source\PSoC5 -Wa,-alh=.\CortexM3\ARM_GCC_493\Debug/WaveDAC8_1.lst -g -D DEBUG -Wall -ffunction-sections -Og -ffat-lto-objects -c .\Generated_Source\PSoC5\WaveDAC8_1.c -o .\CortexM3\ARM_GCC_493\Debug\WaveDAC8_1.o
arm-none-eabi-gcc.exe -mcpu=cortex-m3 -mthumb -Wno-main -I. -IGenerated_Source\PSoC5 -Wa,-alh=.\CortexM3\ARM_GCC_493\Debug/WaveDAC8_1_PM.lst -g -D DEBUG -Wall -ffunction-sections -Og -ffat-lto-objects -c .\Generated_Source\PSoC5\WaveDAC8_1_PM.c -o .\CortexM3\ARM_GCC_493\Debug\WaveDAC8_1_PM.o
arm-none-eabi-ar.exe -rs .\CortexM3\ARM_GCC_493\Debug\Blink-01.a .\CortexM3\ARM_GCC_493\Debug\cyfitter_cfg.o .\CortexM3\ARM_GCC_493\Debug\Button_Pin.o .\CortexM3\ARM_GCC_493\Debug\LED_Pin.o .\CortexM3\ARM_GCC_493\Debug\CyBootAsmGnu.o .\CortexM3\ARM_GCC_493\Debug\CyDmac.o .\CortexM3\ARM_GCC_493\Debug\CyFlash.o .\CortexM3\ARM_GCC_493\Debug\CyLib.o .\CortexM3\ARM_GCC_493\Debug\cyPm.o .\CortexM3\ARM_GCC_493\Debug\CySpc.o .\CortexM3\ARM_GCC_493\Debug\cyutils.o .\CortexM3\ARM_GCC_493\Debug\Clock_1.o .\CortexM3\ARM_GCC_493\Debug\Control_Reg_1.o .\CortexM3\ARM_GCC_493\Debug\Control_Reg_1_PM.o .\CortexM3\ARM_GCC_493\Debug\WaveDAC8_1.o .\CortexM3\ARM_GCC_493\Debug\WaveDAC8_1_PM.o .\CortexM3\ARM_GCC_493\Debug\WaveDAC8_1_DacClk.o .\CortexM3\ARM_GCC_493\Debug\WaveDAC8_1_Wave1_DMA_dma.o .\CortexM3\ARM_GCC_493\Debug\WaveDAC8_1_Wave2_DMA_dma.o .\CortexM3\ARM_GCC_493\Debug\WaveDAC8_1_VDAC8.o .\CortexM3\ARM_GCC_493\Debug\WaveDAC8_1_VDAC8_PM.o .\CortexM3\ARM_GCC_493\Debug\Vout_1.o
arm-none-eabi-ar.exe: creating .\CortexM3\ARM_GCC_493\Debug\Blink-01.a
arm-none-eabi-gcc.exe -Wl,--start-group -o .\CortexM3\ARM_GCC_493\Debug\Blink-01.elf .\CortexM3\ARM_GCC_493\Debug\main.o .\CortexM3\ARM_GCC_493\Debug\cymetadata.o .\CortexM3\ARM_GCC_493\Debug\Cm3Start.o .\CortexM3\ARM_GCC_493\Debug\Blink-01.a "C:\Program Files (x86)\Cypress\PSoC Creator\3.3\PSoC Creator\psoc\content\cycomponentlibrary\CyComponentLibrary.cylib\CortexM3\ARM_GCC_493\Debug\CyComponentLibrary.a" -mcpu=cortex-m3 -mthumb -g -ffunction-sections -Og -L Generated_Source\PSoC5 -Wl,-Map,.\CortexM3\ARM_GCC_493\Debug/Blink-01.map -T Generated_Source\PSoC5\cm3gcc.ld -specs=nano.specs -Wl,--gc-sections -Wl,--end-group
cyelftool.exe -C C:\Users\doug_000\Documents\GitHub\PSOC5LP\Blink-01\Blink-01.cydsn\CortexM3\ARM_GCC_493\Debug\Blink-01.elf --flash_row_size 256 --flash_size 262144
cyelftool.exe -S C:\Users\doug_000\Documents\GitHub\PSOC5LP\Blink-01\Blink-01.cydsn\CortexM3\ARM_GCC_493\Debug\Blink-01.elf
Flash used: 2816 of 262144 bytes (1.1 %).
SRAM used: 2493 of 65536 bytes (3.8 %). Stack: 2048 bytes. Heap: 128 bytes.
--------------- Build Succeeded: 10/02/2015 20:05:50 ---------------
