ARM GAS  C:\Users\doug_000\AppData\Local\Temp\ccvf3Bn6.s 			page 1


   1              		.syntax unified
   2              		.cpu cortex-m3
   3              		.fpu softvfp
   4              		.eabi_attribute 20, 1
   5              		.eabi_attribute 21, 1
   6              		.eabi_attribute 23, 3
   7              		.eabi_attribute 24, 1
   8              		.eabi_attribute 25, 1
   9              		.eabi_attribute 26, 1
  10              		.eabi_attribute 30, 1
  11              		.eabi_attribute 34, 1
  12              		.eabi_attribute 18, 4
  13              		.thumb
  14              		.file	"cymetadata.c"
  15              		.text
  16              	.Ltext0:
  17              		.cfi_sections	.debug_frame
  18              		.global	cy_metadata
  19              		.global	cy_meta_flashprotect
  20              		.global	cy_meta_wonvl
  21              		.global	cy_meta_custnvl
  22              		.global	cy_meta_configecc
  23              		.section	.cyconfigecc,"a",%progbits
  24              		.align	2
  25              		.type	cy_meta_configecc, %object
  26              		.size	cy_meta_configecc, 676
  27              	cy_meta_configecc:
  28 0000 02       		.byte	2
  29 0001 52       		.byte	82
  30 0002 00       		.byte	0
  31 0003 40       		.byte	64
  32 0004 01       		.byte	1
  33 0005 5A       		.byte	90
  34 0006 00       		.byte	0
  35 0007 40       		.byte	64
  36 0008 02       		.byte	2
  37 0009 0B       		.byte	11
  38 000a 01       		.byte	1
  39 000b 40       		.byte	64
  40 000c 3B       		.byte	59
  41 000d 0C       		.byte	12
  42 000e 01       		.byte	1
  43 000f 40       		.byte	64
  44 0010 3C       		.byte	60
  45 0011 0D       		.byte	13
  46 0012 01       		.byte	1
  47 0013 40       		.byte	64
  48 0014 4B       		.byte	75
  49 0015 0E       		.byte	14
  50 0016 01       		.byte	1
  51 0017 40       		.byte	64
  52 0018 36       		.byte	54
  53 0019 0F       		.byte	15
  54 001a 01       		.byte	1
  55 001b 40       		.byte	64
  56 001c 01       		.byte	1
  57 001d 15       		.byte	21
ARM GAS  C:\Users\doug_000\AppData\Local\Temp\ccvf3Bn6.s 			page 2


  58 001e 01       		.byte	1
  59 001f 40       		.byte	64
  60 0020 01       		.byte	1
  61 0021 1B       		.byte	27
  62 0022 01       		.byte	1
  63 0023 40       		.byte	64
  64 0024 02       		.byte	2
  65 0025 40       		.byte	64
  66 0026 01       		.byte	1
  67 0027 40       		.byte	64
  68 0028 01       		.byte	1
  69 0029 41       		.byte	65
  70 002a 01       		.byte	1
  71 002b 40       		.byte	64
  72 002c 01       		.byte	1
  73 002d 42       		.byte	66
  74 002e 01       		.byte	1
  75 002f 40       		.byte	64
  76 0030 01       		.byte	1
  77 0031 43       		.byte	67
  78 0032 01       		.byte	1
  79 0033 40       		.byte	64
  80 0034 04       		.byte	4
  81 0035 44       		.byte	68
  82 0036 01       		.byte	1
  83 0037 40       		.byte	64
  84 0038 02       		.byte	2
  85 0039 45       		.byte	69
  86 003a 01       		.byte	1
  87 003b 40       		.byte	64
  88 003c 01       		.byte	1
  89 003d 46       		.byte	70
  90 003e 01       		.byte	1
  91 003f 40       		.byte	64
  92 0040 01       		.byte	1
  93 0041 47       		.byte	71
  94 0042 01       		.byte	1
  95 0043 40       		.byte	64
  96 0044 03       		.byte	3
  97 0045 48       		.byte	72
  98 0046 01       		.byte	1
  99 0047 40       		.byte	64
 100 0048 01       		.byte	1
 101 0049 49       		.byte	73
 102 004a 01       		.byte	1
 103 004b 40       		.byte	64
 104 004c 01       		.byte	1
 105 004d 4C       		.byte	76
 106 004e 01       		.byte	1
 107 004f 40       		.byte	64
 108 0050 02       		.byte	2
 109 0051 4D       		.byte	77
 110 0052 01       		.byte	1
 111 0053 40       		.byte	64
 112 0054 02       		.byte	2
 113 0055 50       		.byte	80
 114 0056 01       		.byte	1
ARM GAS  C:\Users\doug_000\AppData\Local\Temp\ccvf3Bn6.s 			page 3


 115 0057 40       		.byte	64
 116 0058 01       		.byte	1
 117 0059 51       		.byte	81
 118 005a 01       		.byte	1
 119 005b 40       		.byte	64
 120 005c 0C       		.byte	12
 121 005d 04       		.byte	4
 122 005e 30       		.byte	48
 123 005f 80       		.byte	-128
 124 0060 8F       		.byte	-113
 125 0061 01       		.byte	1
 126 0062 AE       		.byte	-82
 127 0063 01       		.byte	1
 128 0064 AF       		.byte	-81
 129 0065 08       		.byte	8
 130 0066 02       		.byte	2
 131 0067 07       		.byte	7
 132 0068 03       		.byte	3
 133 0069 01       		.byte	1
 134 006a 06       		.byte	6
 135 006b 07       		.byte	7
 136 006c 07       		.byte	7
 137 006d 01       		.byte	1
 138 006e 0A       		.byte	10
 139 006f 07       		.byte	7
 140 0070 0B       		.byte	11
 141 0071 03       		.byte	3
 142 0072 0D       		.byte	13
 143 0073 01       		.byte	1
 144 0074 0E       		.byte	14
 145 0075 05       		.byte	5
 146 0076 0F       		.byte	15
 147 0077 02       		.byte	2
 148 0078 12       		.byte	18
 149 0079 03       		.byte	3
 150 007a 13       		.byte	19
 151 007b 03       		.byte	3
 152 007c 16       		.byte	22
 153 007d 05       		.byte	5
 154 007e 17       		.byte	23
 155 007f 01       		.byte	1
 156 0080 18       		.byte	24
 157 0081 01       		.byte	1
 158 0082 1A       		.byte	26
 159 0083 06       		.byte	6
 160 0084 1B       		.byte	27
 161 0085 01       		.byte	1
 162 0086 1E       		.byte	30
 163 0087 05       		.byte	5
 164 0088 1F       		.byte	31
 165 0089 03       		.byte	3
 166 008a 20       		.byte	32
 167 008b 01       		.byte	1
 168 008c 22       		.byte	34
 169 008d 06       		.byte	6
 170 008e 23       		.byte	35
 171 008f 03       		.byte	3
ARM GAS  C:\Users\doug_000\AppData\Local\Temp\ccvf3Bn6.s 			page 4


 172 0090 25       		.byte	37
 173 0091 01       		.byte	1
 174 0092 26       		.byte	38
 175 0093 01       		.byte	1
 176 0094 27       		.byte	39
 177 0095 02       		.byte	2
 178 0096 2A       		.byte	42
 179 0097 01       		.byte	1
 180 0098 2B       		.byte	43
 181 0099 03       		.byte	3
 182 009a 2E       		.byte	46
 183 009b 03       		.byte	3
 184 009c 2F       		.byte	47
 185 009d 03       		.byte	3
 186 009e 31       		.byte	49
 187 009f 03       		.byte	3
 188 00a0 32       		.byte	50
 189 00a1 03       		.byte	3
 190 00a2 34       		.byte	52
 191 00a3 04       		.byte	4
 192 00a4 3A       		.byte	58
 193 00a5 08       		.byte	8
 194 00a6 3B       		.byte	59
 195 00a7 02       		.byte	2
 196 00a8 3E       		.byte	62
 197 00a9 10       		.byte	16
 198 00aa 58       		.byte	88
 199 00ab 04       		.byte	4
 200 00ac 59       		.byte	89
 201 00ad 04       		.byte	4
 202 00ae 5C       		.byte	92
 203 00af 11       		.byte	17
 204 00b0 5F       		.byte	95
 205 00b1 01       		.byte	1
 206 00b2 82       		.byte	-126
 207 00b3 01       		.byte	1
 208 00b4 83       		.byte	-125
 209 00b5 01       		.byte	1
 210 00b6 87       		.byte	-121
 211 00b7 01       		.byte	1
 212 00b8 88       		.byte	-120
 213 00b9 01       		.byte	1
 214 00ba 8B       		.byte	-117
 215 00bb 01       		.byte	1
 216 00bc 8F       		.byte	-113
 217 00bd 01       		.byte	1
 218 00be 93       		.byte	-109
 219 00bf 01       		.byte	1
 220 00c0 97       		.byte	-105
 221 00c1 01       		.byte	1
 222 00c2 9B       		.byte	-101
 223 00c3 01       		.byte	1
 224 00c4 9F       		.byte	-97
 225 00c5 01       		.byte	1
 226 00c6 A1       		.byte	-95
 227 00c7 01       		.byte	1
 228 00c8 A7       		.byte	-89
ARM GAS  C:\Users\doug_000\AppData\Local\Temp\ccvf3Bn6.s 			page 5


 229 00c9 01       		.byte	1
 230 00ca A9       		.byte	-87
 231 00cb 01       		.byte	1
 232 00cc AF       		.byte	-81
 233 00cd 01       		.byte	1
 234 00ce B1       		.byte	-79
 235 00cf 01       		.byte	1
 236 00d0 B2       		.byte	-78
 237 00d1 01       		.byte	1
 238 00d2 BE       		.byte	-66
 239 00d3 04       		.byte	4
 240 00d4 BF       		.byte	-65
 241 00d5 01       		.byte	1
 242 00d6 D8       		.byte	-40
 243 00d7 04       		.byte	4
 244 00d8 D9       		.byte	-39
 245 00d9 04       		.byte	4
 246 00da DF       		.byte	-33
 247 00db 01       		.byte	1
 248 00dc 01       		.byte	1
 249 00dd 02       		.byte	2
 250 00de 02       		.byte	2
 251 00df 80       		.byte	-128
 252 00e0 03       		.byte	3
 253 00e1 04       		.byte	4
 254 00e2 04       		.byte	4
 255 00e3 98       		.byte	-104
 256 00e4 05       		.byte	5
 257 00e5 40       		.byte	64
 258 00e6 07       		.byte	7
 259 00e7 40       		.byte	64
 260 00e8 0C       		.byte	12
 261 00e9 02       		.byte	2
 262 00ea 0D       		.byte	13
 263 00eb 40       		.byte	64
 264 00ec 0E       		.byte	14
 265 00ed 25       		.byte	37
 266 00ee 0F       		.byte	15
 267 00ef 08       		.byte	8
 268 00f0 14       		.byte	20
 269 00f1 01       		.byte	1
 270 00f2 15       		.byte	21
 271 00f3 02       		.byte	2
 272 00f4 16       		.byte	22
 273 00f5 80       		.byte	-128
 274 00f6 17       		.byte	23
 275 00f7 14       		.byte	20
 276 00f8 19       		.byte	25
 277 00f9 08       		.byte	8
 278 00fa 1C       		.byte	28
 279 00fb 20       		.byte	32
 280 00fc 1E       		.byte	30
 281 00fd 28       		.byte	40
 282 00fe 1F       		.byte	31
 283 00ff 08       		.byte	8
 284 0100 21       		.byte	33
 285 0101 02       		.byte	2
ARM GAS  C:\Users\doug_000\AppData\Local\Temp\ccvf3Bn6.s 			page 6


 286 0102 24       		.byte	36
 287 0103 80       		.byte	-128
 288 0104 25       		.byte	37
 289 0105 01       		.byte	1
 290 0106 28       		.byte	40
 291 0107 40       		.byte	64
 292 0108 29       		.byte	41
 293 0109 48       		.byte	72
 294 010a 2B       		.byte	43
 295 010b 04       		.byte	4
 296 010c 2C       		.byte	44
 297 010d 42       		.byte	66
 298 010e 2E       		.byte	46
 299 010f 04       		.byte	4
 300 0110 2F       		.byte	47
 301 0111 08       		.byte	8
 302 0112 30       		.byte	48
 303 0113 02       		.byte	2
 304 0114 33       		.byte	51
 305 0115 58       		.byte	88
 306 0116 34       		.byte	52
 307 0117 01       		.byte	1
 308 0118 35       		.byte	53
 309 0119 02       		.byte	2
 310 011a 37       		.byte	55
 311 011b 58       		.byte	88
 312 011c 38       		.byte	56
 313 011d 10       		.byte	16
 314 011e 39       		.byte	57
 315 011f 82       		.byte	-126
 316 0120 3B       		.byte	59
 317 0121 04       		.byte	4
 318 0122 3C       		.byte	60
 319 0123 14       		.byte	20
 320 0124 3D       		.byte	61
 321 0125 02       		.byte	2
 322 0126 3E       		.byte	62
 323 0127 80       		.byte	-128
 324 0128 90       		.byte	-112
 325 0129 1C       		.byte	28
 326 012a 91       		.byte	-111
 327 012b 02       		.byte	2
 328 012c 92       		.byte	-110
 329 012d 05       		.byte	5
 330 012e 93       		.byte	-109
 331 012f 04       		.byte	4
 332 0130 94       		.byte	-108
 333 0131 80       		.byte	-128
 334 0132 98       		.byte	-104
 335 0133 40       		.byte	64
 336 0134 9B       		.byte	-101
 337 0135 54       		.byte	84
 338 0136 A0       		.byte	-96
 339 0137 02       		.byte	2
 340 0138 A2       		.byte	-94
 341 0139 80       		.byte	-128
 342 013a A4       		.byte	-92
ARM GAS  C:\Users\doug_000\AppData\Local\Temp\ccvf3Bn6.s 			page 7


 343 013b 10       		.byte	16
 344 013c A5       		.byte	-91
 345 013d 03       		.byte	3
 346 013e A6       		.byte	-90
 347 013f 14       		.byte	20
 348 0140 AB       		.byte	-85
 349 0141 84       		.byte	-124
 350 0142 B4       		.byte	-76
 351 0143 05       		.byte	5
 352 0144 B6       		.byte	-74
 353 0145 40       		.byte	64
 354 0146 B7       		.byte	-73
 355 0147 04       		.byte	4
 356 0148 C0       		.byte	-64
 357 0149 FA       		.byte	-6
 358 014a C2       		.byte	-62
 359 014b F0       		.byte	-16
 360 014c C4       		.byte	-60
 361 014d F0       		.byte	-16
 362 014e CA       		.byte	-54
 363 014f FF       		.byte	-1
 364 0150 CC       		.byte	-52
 365 0151 FF       		.byte	-1
 366 0152 CE       		.byte	-50
 367 0153 FF       		.byte	-1
 368 0154 01       		.byte	1
 369 0155 01       		.byte	1
 370 0156 02       		.byte	2
 371 0157 01       		.byte	1
 372 0158 03       		.byte	3
 373 0159 38       		.byte	56
 374 015a 05       		.byte	5
 375 015b 01       		.byte	1
 376 015c 06       		.byte	6
 377 015d 01       		.byte	1
 378 015e 0A       		.byte	10
 379 015f 01       		.byte	1
 380 0160 0B       		.byte	11
 381 0161 28       		.byte	40
 382 0162 0C       		.byte	12
 383 0163 01       		.byte	1
 384 0164 0F       		.byte	15
 385 0165 39       		.byte	57
 386 0166 12       		.byte	18
 387 0167 01       		.byte	1
 388 0168 13       		.byte	19
 389 0169 02       		.byte	2
 390 016a 14       		.byte	20
 391 016b 01       		.byte	1
 392 016c 18       		.byte	24
 393 016d 01       		.byte	1
 394 016e 1B       		.byte	27
 395 016f 08       		.byte	8
 396 0170 1E       		.byte	30
 397 0171 01       		.byte	1
 398 0172 1F       		.byte	31
 399 0173 38       		.byte	56
ARM GAS  C:\Users\doug_000\AppData\Local\Temp\ccvf3Bn6.s 			page 8


 400 0174 22       		.byte	34
 401 0175 01       		.byte	1
 402 0176 23       		.byte	35
 403 0177 08       		.byte	8
 404 0178 26       		.byte	38
 405 0179 01       		.byte	1
 406 017a 27       		.byte	39
 407 017b 04       		.byte	4
 408 017c 2A       		.byte	42
 409 017d 01       		.byte	1
 410 017e 2E       		.byte	46
 411 017f 01       		.byte	1
 412 0180 31       		.byte	49
 413 0181 08       		.byte	8
 414 0182 32       		.byte	50
 415 0183 01       		.byte	1
 416 0184 33       		.byte	51
 417 0185 10       		.byte	16
 418 0186 35       		.byte	53
 419 0187 07       		.byte	7
 420 0188 37       		.byte	55
 421 0189 20       		.byte	32
 422 018a 3B       		.byte	59
 423 018b AA       		.byte	-86
 424 018c 3E       		.byte	62
 425 018d 04       		.byte	4
 426 018e 58       		.byte	88
 427 018f 04       		.byte	4
 428 0190 59       		.byte	89
 429 0191 04       		.byte	4
 430 0192 5B       		.byte	91
 431 0193 04       		.byte	4
 432 0194 5C       		.byte	92
 433 0195 10       		.byte	16
 434 0196 5F       		.byte	95
 435 0197 01       		.byte	1
 436 0198 80       		.byte	-128
 437 0199 40       		.byte	64
 438 019a 82       		.byte	-126
 439 019b 81       		.byte	-127
 440 019c 84       		.byte	-124
 441 019d 10       		.byte	16
 442 019e 85       		.byte	-123
 443 019f 10       		.byte	16
 444 01a0 86       		.byte	-122
 445 01a1 81       		.byte	-127
 446 01a2 87       		.byte	-121
 447 01a3 0D       		.byte	13
 448 01a4 88       		.byte	-120
 449 01a5 20       		.byte	32
 450 01a6 8A       		.byte	-118
 451 01a7 81       		.byte	-127
 452 01a8 8E       		.byte	-114
 453 01a9 89       		.byte	-119
 454 01aa 90       		.byte	-112
 455 01ab 09       		.byte	9
 456 01ac 91       		.byte	-111
ARM GAS  C:\Users\doug_000\AppData\Local\Temp\ccvf3Bn6.s 			page 9


 457 01ad 10       		.byte	16
 458 01ae 92       		.byte	-110
 459 01af 80       		.byte	-128
 460 01b0 93       		.byte	-109
 461 01b1 0D       		.byte	13
 462 01b2 96       		.byte	-106
 463 01b3 89       		.byte	-119
 464 01b4 97       		.byte	-105
 465 01b5 05       		.byte	5
 466 01b6 98       		.byte	-104
 467 01b7 04       		.byte	4
 468 01b8 9A       		.byte	-102
 469 01b9 81       		.byte	-127
 470 01ba 9B       		.byte	-101
 471 01bb 01       		.byte	1
 472 01bc 9E       		.byte	-98
 473 01bd 09       		.byte	9
 474 01be A0       		.byte	-96
 475 01bf 02       		.byte	2
 476 01c0 A2       		.byte	-94
 477 01c1 81       		.byte	-127
 478 01c2 A4       		.byte	-92
 479 01c3 09       		.byte	9
 480 01c4 A6       		.byte	-90
 481 01c5 80       		.byte	-128
 482 01c6 AA       		.byte	-86
 483 01c7 09       		.byte	9
 484 01c8 AB       		.byte	-85
 485 01c9 02       		.byte	2
 486 01ca AE       		.byte	-82
 487 01cb 09       		.byte	9
 488 01cc B1       		.byte	-79
 489 01cd 08       		.byte	8
 490 01ce B2       		.byte	-78
 491 01cf 01       		.byte	1
 492 01d0 B3       		.byte	-77
 493 01d1 06       		.byte	6
 494 01d2 B4       		.byte	-76
 495 01d3 7E       		.byte	126
 496 01d4 B5       		.byte	-75
 497 01d5 03       		.byte	3
 498 01d6 B6       		.byte	-74
 499 01d7 81       		.byte	-127
 500 01d8 B7       		.byte	-73
 501 01d9 10       		.byte	16
 502 01da B9       		.byte	-71
 503 01db 80       		.byte	-128
 504 01dc BA       		.byte	-70
 505 01dd B0       		.byte	-80
 506 01de BB       		.byte	-69
 507 01df 2A       		.byte	42
 508 01e0 BE       		.byte	-66
 509 01e1 04       		.byte	4
 510 01e2 D8       		.byte	-40
 511 01e3 04       		.byte	4
 512 01e4 D9       		.byte	-39
 513 01e5 04       		.byte	4
ARM GAS  C:\Users\doug_000\AppData\Local\Temp\ccvf3Bn6.s 			page 10


 514 01e6 DC       		.byte	-36
 515 01e7 11       		.byte	17
 516 01e8 DF       		.byte	-33
 517 01e9 01       		.byte	1
 518 01ea 00       		.byte	0
 519 01eb 20       		.byte	32
 520 01ec 02       		.byte	2
 521 01ed 02       		.byte	2
 522 01ee 03       		.byte	3
 523 01ef 50       		.byte	80
 524 01f0 04       		.byte	4
 525 01f1 98       		.byte	-104
 526 01f2 07       		.byte	7
 527 01f3 40       		.byte	64
 528 01f4 08       		.byte	8
 529 01f5 40       		.byte	64
 530 01f6 09       		.byte	9
 531 01f7 01       		.byte	1
 532 01f8 0B       		.byte	11
 533 01f9 24       		.byte	36
 534 01fa 0D       		.byte	13
 535 01fb 01       		.byte	1
 536 01fc 0E       		.byte	14
 537 01fd 21       		.byte	33
 538 01fe 0F       		.byte	15
 539 01ff 08       		.byte	8
 540 0200 10       		.byte	16
 541 0201 02       		.byte	2
 542 0202 11       		.byte	17
 543 0203 21       		.byte	33
 544 0204 12       		.byte	18
 545 0205 10       		.byte	16
 546 0206 17       		.byte	23
 547 0207 99       		.byte	-103
 548 0208 19       		.byte	25
 549 0209 08       		.byte	8
 550 020a 1D       		.byte	29
 551 020b 10       		.byte	16
 552 020c 1E       		.byte	30
 553 020d 05       		.byte	5
 554 020e 1F       		.byte	31
 555 020f 18       		.byte	24
 556 0210 20       		.byte	32
 557 0211 10       		.byte	16
 558 0212 21       		.byte	33
 559 0213 01       		.byte	1
 560 0214 22       		.byte	34
 561 0215 42       		.byte	66
 562 0216 23       		.byte	35
 563 0217 04       		.byte	4
 564 0218 24       		.byte	36
 565 0219 06       		.byte	6
 566 021a 25       		.byte	37
 567 021b 10       		.byte	16
 568 021c 26       		.byte	38
 569 021d 80       		.byte	-128
 570 021e 27       		.byte	39
ARM GAS  C:\Users\doug_000\AppData\Local\Temp\ccvf3Bn6.s 			page 11


 571 021f 54       		.byte	84
 572 0220 28       		.byte	40
 573 0221 40       		.byte	64
 574 0222 29       		.byte	41
 575 0223 08       		.byte	8
 576 0224 2F       		.byte	47
 577 0225 08       		.byte	8
 578 0226 31       		.byte	49
 579 0227 12       		.byte	18
 580 0228 33       		.byte	51
 581 0229 40       		.byte	64
 582 022a 36       		.byte	54
 583 022b 04       		.byte	4
 584 022c 37       		.byte	55
 585 022d 11       		.byte	17
 586 022e 38       		.byte	56
 587 022f 12       		.byte	18
 588 0230 39       		.byte	57
 589 0231 40       		.byte	64
 590 0232 3A       		.byte	58
 591 0233 10       		.byte	16
 592 0234 3B       		.byte	59
 593 0235 04       		.byte	4
 594 0236 3F       		.byte	63
 595 0237 08       		.byte	8
 596 0238 58       		.byte	88
 597 0239 40       		.byte	64
 598 023a 5A       		.byte	90
 599 023b 80       		.byte	-128
 600 023c 5D       		.byte	93
 601 023d 01       		.byte	1
 602 023e 5E       		.byte	94
 603 023f 05       		.byte	5
 604 0240 5F       		.byte	95
 605 0241 08       		.byte	8
 606 0242 68       		.byte	104
 607 0243 02       		.byte	2
 608 0244 69       		.byte	105
 609 0245 40       		.byte	64
 610 0246 6B       		.byte	107
 611 0247 01       		.byte	1
 612 0248 8B       		.byte	-117
 613 0249 04       		.byte	4
 614 024a C0       		.byte	-64
 615 024b FF       		.byte	-1
 616 024c C2       		.byte	-62
 617 024d FF       		.byte	-1
 618 024e C4       		.byte	-60
 619 024f FF       		.byte	-1
 620 0250 CA       		.byte	-54
 621 0251 23       		.byte	35
 622 0252 CC       		.byte	-52
 623 0253 ED       		.byte	-19
 624 0254 CE       		.byte	-50
 625 0255 4F       		.byte	79
 626 0256 EC       		.byte	-20
 627 0257 10       		.byte	16
ARM GAS  C:\Users\doug_000\AppData\Local\Temp\ccvf3Bn6.s 			page 12


 628 0258 EC       		.byte	-20
 629 0259 10       		.byte	16
 630 025a 3D       		.byte	61
 631 025b 80       		.byte	-128
 632 025c CE       		.byte	-50
 633 025d 20       		.byte	32
 634 025e A5       		.byte	-91
 635 025f 40       		.byte	64
 636 0260 A5       		.byte	-91
 637 0261 40       		.byte	64
 638 0262 A5       		.byte	-91
 639 0263 40       		.byte	64
 640 0264 66       		.byte	102
 641 0265 80       		.byte	-128
 642 0266 8A       		.byte	-118
 643 0267 80       		.byte	-128
 644 0268 D6       		.byte	-42
 645 0269 01       		.byte	1
 646 026a E4       		.byte	-28
 647 026b 04       		.byte	4
 648 026c 30       		.byte	48
 649 026d 20       		.byte	32
 650 026e CC       		.byte	-52
 651 026f 08       		.byte	8
 652 0270 A4       		.byte	-92
 653 0271 20       		.byte	32
 654 0272 A4       		.byte	-92
 655 0273 20       		.byte	32
 656 0274 25       		.byte	37
 657 0275 50       		.byte	80
 658 0276 A5       		.byte	-91
 659 0277 40       		.byte	64
 660 0278 C8       		.byte	-56
 661 0279 20       		.byte	32
 662 027a B5       		.byte	-75
 663 027b 10       		.byte	16
 664 027c A4       		.byte	-92
 665 027d 20       		.byte	32
 666 027e B4       		.byte	-76
 667 027f 20       		.byte	32
 668 0280 EC       		.byte	-20
 669 0281 08       		.byte	8
 670 0282 00       		.byte	0
 671 0283 02       		.byte	2
 672 0284 0E       		.byte	14
 673 0285 02       		.byte	2
 674 0286 10       		.byte	16
 675 0287 02       		.byte	2
 676 0288 04       		.byte	4
 677 0289 00       		.byte	0
 678 028a 00       		.byte	0
 679 028b 04       		.byte	4
 680 028c 00       		.byte	0
 681 028d 00       		.byte	0
 682 028e 00       		.byte	0
 683 028f 00       		.byte	0
 684 0290 00       		.byte	0
ARM GAS  C:\Users\doug_000\AppData\Local\Temp\ccvf3Bn6.s 			page 13


 685 0291 00       		.byte	0
 686 0292 00       		.byte	0
 687 0293 00       		.byte	0
 688 0294 00       		.byte	0
 689 0295 00       		.byte	0
 690 0296 00       		.byte	0
 691 0297 00       		.byte	0
 692 0298 00       		.byte	0
 693 0299 00       		.byte	0
 694 029a 01       		.byte	1
 695 029b 00       		.byte	0
 696 029c 00       		.byte	0
 697 029d 80       		.byte	-128
 698 029e 80       		.byte	-128
 699 029f 00       		.byte	0
 700 02a0 80       		.byte	-128
 701 02a1 00       		.byte	0
 702 02a2 00       		.byte	0
 703 02a3 00       		.byte	0
 704              		.section	.cywolatch,"a",%progbits
 705              		.align	2
 706              		.type	cy_meta_wonvl, %object
 707              		.size	cy_meta_wonvl, 4
 708              	cy_meta_wonvl:
 709 0000 BC       		.byte	-68
 710 0001 90       		.byte	-112
 711 0002 AC       		.byte	-84
 712 0003 AF       		.byte	-81
 713              		.section	.cycustnvl,"a",%progbits
 714              		.align	2
 715              		.type	cy_meta_custnvl, %object
 716              		.size	cy_meta_custnvl, 4
 717              	cy_meta_custnvl:
 718 0000 00       		.byte	0
 719 0001 00       		.byte	0
 720 0002 40       		.byte	64
 721 0003 05       		.byte	5
 722              		.section	.cymeta,"a",%progbits
 723              		.align	2
 724              		.type	cy_metadata, %object
 725              		.size	cy_metadata, 12
 726              	cy_metadata:
 727 0000 00       		.byte	0
 728 0001 01       		.byte	1
 729 0002 2E       		.byte	46
 730 0003 16       		.byte	22
 731 0004 00       		.byte	0
 732 0005 69       		.byte	105
 733 0006 00       		.byte	0
 734 0007 01       		.byte	1
 735 0008 00       		.byte	0
 736 0009 00       		.byte	0
 737 000a 00       		.byte	0
 738 000b 00       		.byte	0
 739              		.section	.cyflashprotect,"a",%progbits
 740              		.align	2
 741              		.type	cy_meta_flashprotect, %object
ARM GAS  C:\Users\doug_000\AppData\Local\Temp\ccvf3Bn6.s 			page 14


 742              		.size	cy_meta_flashprotect, 256
 743              	cy_meta_flashprotect:
 744 0000 00000000 		.space	256
 744      00000000 
 744      00000000 
 744      00000000 
 744      00000000 
 745              		.text
 746              	.Letext0:
 747              		.file 1 ".\\Generated_Source\\PSoC5\\cymetadata.c"
 748              		.file 2 ".\\Generated_Source\\PSoC5\\cytypes.h"
 749              		.section	.debug_info,"",%progbits
 750              	.Ldebug_info0:
 751 0000 36010000 		.4byte	0x136
 752 0004 0400     		.2byte	0x4
 753 0006 00000000 		.4byte	.Ldebug_abbrev0
 754 000a 04       		.byte	0x4
 755 000b 01       		.uleb128 0x1
 756 000c 94000000 		.4byte	.LASF18
 757 0010 01       		.byte	0x1
 758 0011 00000000 		.4byte	.LASF19
 759 0015 AA010000 		.4byte	.LASF20
 760 0019 00000000 		.4byte	.Ldebug_line0
 761 001d 02       		.uleb128 0x2
 762 001e 01       		.byte	0x1
 763 001f 06       		.byte	0x6
 764 0020 9E010000 		.4byte	.LASF0
 765 0024 02       		.uleb128 0x2
 766 0025 01       		.byte	0x1
 767 0026 08       		.byte	0x8
 768 0027 38000000 		.4byte	.LASF1
 769 002b 02       		.uleb128 0x2
 770 002c 02       		.byte	0x2
 771 002d 05       		.byte	0x5
 772 002e 85010000 		.4byte	.LASF2
 773 0032 02       		.uleb128 0x2
 774 0033 02       		.byte	0x2
 775 0034 07       		.byte	0x7
 776 0035 58000000 		.4byte	.LASF3
 777 0039 02       		.uleb128 0x2
 778 003a 04       		.byte	0x4
 779 003b 05       		.byte	0x5
 780 003c 95010000 		.4byte	.LASF4
 781 0040 02       		.uleb128 0x2
 782 0041 04       		.byte	0x4
 783 0042 07       		.byte	0x7
 784 0043 46000000 		.4byte	.LASF5
 785 0047 02       		.uleb128 0x2
 786 0048 08       		.byte	0x8
 787 0049 05       		.byte	0x5
 788 004a 72010000 		.4byte	.LASF6
 789 004e 02       		.uleb128 0x2
 790 004f 08       		.byte	0x8
 791 0050 07       		.byte	0x7
 792 0051 2F010000 		.4byte	.LASF7
 793 0055 03       		.uleb128 0x3
 794 0056 04       		.byte	0x4
ARM GAS  C:\Users\doug_000\AppData\Local\Temp\ccvf3Bn6.s 			page 15


 795 0057 05       		.byte	0x5
 796 0058 696E7400 		.ascii	"int\000"
 797 005c 02       		.uleb128 0x2
 798 005d 04       		.byte	0x4
 799 005e 07       		.byte	0x7
 800 005f 22010000 		.4byte	.LASF8
 801 0063 04       		.uleb128 0x4
 802 0064 8F010000 		.4byte	.LASF21
 803 0068 02       		.byte	0x2
 804 0069 C2       		.byte	0xc2
 805 006a 24000000 		.4byte	0x24
 806 006e 02       		.uleb128 0x2
 807 006f 04       		.byte	0x4
 808 0070 04       		.byte	0x4
 809 0071 32000000 		.4byte	.LASF9
 810 0075 02       		.uleb128 0x2
 811 0076 08       		.byte	0x8
 812 0077 04       		.byte	0x4
 813 0078 6B000000 		.4byte	.LASF10
 814 007c 02       		.uleb128 0x2
 815 007d 01       		.byte	0x1
 816 007e 08       		.byte	0x8
 817 007f 80010000 		.4byte	.LASF11
 818 0083 05       		.uleb128 0x5
 819 0084 63000000 		.4byte	0x63
 820 0088 94000000 		.4byte	0x94
 821 008c 06       		.uleb128 0x6
 822 008d 94000000 		.4byte	0x94
 823 0091 A302     		.2byte	0x2a3
 824 0093 00       		.byte	0
 825 0094 02       		.uleb128 0x2
 826 0095 04       		.byte	0x4
 827 0096 07       		.byte	0x7
 828 0097 69010000 		.4byte	.LASF12
 829 009b 07       		.uleb128 0x7
 830 009c 82000000 		.4byte	.LASF13
 831 00a0 01       		.byte	0x1
 832 00a1 1C       		.byte	0x1c
 833 00a2 AC000000 		.4byte	0xac
 834 00a6 05       		.uleb128 0x5
 835 00a7 03       		.byte	0x3
 836 00a8 00000000 		.4byte	cy_meta_configecc
 837 00ac 08       		.uleb128 0x8
 838 00ad 83000000 		.4byte	0x83
 839 00b1 05       		.uleb128 0x5
 840 00b2 63000000 		.4byte	0x63
 841 00b6 C1000000 		.4byte	0xc1
 842 00ba 09       		.uleb128 0x9
 843 00bb 94000000 		.4byte	0x94
 844 00bf 03       		.byte	0x3
 845 00c0 00       		.byte	0
 846 00c1 07       		.uleb128 0x7
 847 00c2 72000000 		.4byte	.LASF14
 848 00c6 01       		.byte	0x1
 849 00c7 7B       		.byte	0x7b
 850 00c8 D2000000 		.4byte	0xd2
 851 00cc 05       		.uleb128 0x5
ARM GAS  C:\Users\doug_000\AppData\Local\Temp\ccvf3Bn6.s 			page 16


 852 00cd 03       		.byte	0x3
 853 00ce 00000000 		.4byte	cy_meta_custnvl
 854 00d2 08       		.uleb128 0x8
 855 00d3 B1000000 		.4byte	0xb1
 856 00d7 07       		.uleb128 0x7
 857 00d8 5B010000 		.4byte	.LASF15
 858 00dc 01       		.byte	0x1
 859 00dd 86       		.byte	0x86
 860 00de E8000000 		.4byte	0xe8
 861 00e2 05       		.uleb128 0x5
 862 00e3 03       		.byte	0x3
 863 00e4 00000000 		.4byte	cy_meta_wonvl
 864 00e8 08       		.uleb128 0x8
 865 00e9 B1000000 		.4byte	0xb1
 866 00ed 05       		.uleb128 0x5
 867 00ee 63000000 		.4byte	0x63
 868 00f2 FD000000 		.4byte	0xfd
 869 00f6 09       		.uleb128 0x9
 870 00f7 94000000 		.4byte	0x94
 871 00fb FF       		.byte	0xff
 872 00fc 00       		.byte	0
 873 00fd 07       		.uleb128 0x7
 874 00fe 46010000 		.4byte	.LASF16
 875 0102 01       		.byte	0x1
 876 0103 91       		.byte	0x91
 877 0104 0E010000 		.4byte	0x10e
 878 0108 05       		.uleb128 0x5
 879 0109 03       		.byte	0x3
 880 010a 00000000 		.4byte	cy_meta_flashprotect
 881 010e 08       		.uleb128 0x8
 882 010f ED000000 		.4byte	0xed
 883 0113 05       		.uleb128 0x5
 884 0114 63000000 		.4byte	0x63
 885 0118 23010000 		.4byte	0x123
 886 011c 09       		.uleb128 0x9
 887 011d 94000000 		.4byte	0x94
 888 0121 0B       		.byte	0xb
 889 0122 00       		.byte	0
 890 0123 07       		.uleb128 0x7
 891 0124 26000000 		.4byte	.LASF17
 892 0128 01       		.byte	0x1
 893 0129 BB       		.byte	0xbb
 894 012a 34010000 		.4byte	0x134
 895 012e 05       		.uleb128 0x5
 896 012f 03       		.byte	0x3
 897 0130 00000000 		.4byte	cy_metadata
 898 0134 08       		.uleb128 0x8
 899 0135 13010000 		.4byte	0x113
 900 0139 00       		.byte	0
 901              		.section	.debug_abbrev,"",%progbits
 902              	.Ldebug_abbrev0:
 903 0000 01       		.uleb128 0x1
 904 0001 11       		.uleb128 0x11
 905 0002 01       		.byte	0x1
 906 0003 25       		.uleb128 0x25
 907 0004 0E       		.uleb128 0xe
 908 0005 13       		.uleb128 0x13
ARM GAS  C:\Users\doug_000\AppData\Local\Temp\ccvf3Bn6.s 			page 17


 909 0006 0B       		.uleb128 0xb
 910 0007 03       		.uleb128 0x3
 911 0008 0E       		.uleb128 0xe
 912 0009 1B       		.uleb128 0x1b
 913 000a 0E       		.uleb128 0xe
 914 000b 10       		.uleb128 0x10
 915 000c 17       		.uleb128 0x17
 916 000d 00       		.byte	0
 917 000e 00       		.byte	0
 918 000f 02       		.uleb128 0x2
 919 0010 24       		.uleb128 0x24
 920 0011 00       		.byte	0
 921 0012 0B       		.uleb128 0xb
 922 0013 0B       		.uleb128 0xb
 923 0014 3E       		.uleb128 0x3e
 924 0015 0B       		.uleb128 0xb
 925 0016 03       		.uleb128 0x3
 926 0017 0E       		.uleb128 0xe
 927 0018 00       		.byte	0
 928 0019 00       		.byte	0
 929 001a 03       		.uleb128 0x3
 930 001b 24       		.uleb128 0x24
 931 001c 00       		.byte	0
 932 001d 0B       		.uleb128 0xb
 933 001e 0B       		.uleb128 0xb
 934 001f 3E       		.uleb128 0x3e
 935 0020 0B       		.uleb128 0xb
 936 0021 03       		.uleb128 0x3
 937 0022 08       		.uleb128 0x8
 938 0023 00       		.byte	0
 939 0024 00       		.byte	0
 940 0025 04       		.uleb128 0x4
 941 0026 16       		.uleb128 0x16
 942 0027 00       		.byte	0
 943 0028 03       		.uleb128 0x3
 944 0029 0E       		.uleb128 0xe
 945 002a 3A       		.uleb128 0x3a
 946 002b 0B       		.uleb128 0xb
 947 002c 3B       		.uleb128 0x3b
 948 002d 0B       		.uleb128 0xb
 949 002e 49       		.uleb128 0x49
 950 002f 13       		.uleb128 0x13
 951 0030 00       		.byte	0
 952 0031 00       		.byte	0
 953 0032 05       		.uleb128 0x5
 954 0033 01       		.uleb128 0x1
 955 0034 01       		.byte	0x1
 956 0035 49       		.uleb128 0x49
 957 0036 13       		.uleb128 0x13
 958 0037 01       		.uleb128 0x1
 959 0038 13       		.uleb128 0x13
 960 0039 00       		.byte	0
 961 003a 00       		.byte	0
 962 003b 06       		.uleb128 0x6
 963 003c 21       		.uleb128 0x21
 964 003d 00       		.byte	0
 965 003e 49       		.uleb128 0x49
ARM GAS  C:\Users\doug_000\AppData\Local\Temp\ccvf3Bn6.s 			page 18


 966 003f 13       		.uleb128 0x13
 967 0040 2F       		.uleb128 0x2f
 968 0041 05       		.uleb128 0x5
 969 0042 00       		.byte	0
 970 0043 00       		.byte	0
 971 0044 07       		.uleb128 0x7
 972 0045 34       		.uleb128 0x34
 973 0046 00       		.byte	0
 974 0047 03       		.uleb128 0x3
 975 0048 0E       		.uleb128 0xe
 976 0049 3A       		.uleb128 0x3a
 977 004a 0B       		.uleb128 0xb
 978 004b 3B       		.uleb128 0x3b
 979 004c 0B       		.uleb128 0xb
 980 004d 49       		.uleb128 0x49
 981 004e 13       		.uleb128 0x13
 982 004f 3F       		.uleb128 0x3f
 983 0050 19       		.uleb128 0x19
 984 0051 02       		.uleb128 0x2
 985 0052 18       		.uleb128 0x18
 986 0053 00       		.byte	0
 987 0054 00       		.byte	0
 988 0055 08       		.uleb128 0x8
 989 0056 26       		.uleb128 0x26
 990 0057 00       		.byte	0
 991 0058 49       		.uleb128 0x49
 992 0059 13       		.uleb128 0x13
 993 005a 00       		.byte	0
 994 005b 00       		.byte	0
 995 005c 09       		.uleb128 0x9
 996 005d 21       		.uleb128 0x21
 997 005e 00       		.byte	0
 998 005f 49       		.uleb128 0x49
 999 0060 13       		.uleb128 0x13
 1000 0061 2F       		.uleb128 0x2f
 1001 0062 0B       		.uleb128 0xb
 1002 0063 00       		.byte	0
 1003 0064 00       		.byte	0
 1004 0065 00       		.byte	0
 1005              		.section	.debug_aranges,"",%progbits
 1006 0000 14000000 		.4byte	0x14
 1007 0004 0200     		.2byte	0x2
 1008 0006 00000000 		.4byte	.Ldebug_info0
 1009 000a 04       		.byte	0x4
 1010 000b 00       		.byte	0
 1011 000c 0000     		.2byte	0
 1012 000e 0000     		.2byte	0
 1013 0010 00000000 		.4byte	0
 1014 0014 00000000 		.4byte	0
 1015              		.section	.debug_line,"",%progbits
 1016              	.Ldebug_line0:
 1017 0000 4F000000 		.section	.debug_str,"MS",%progbits,1
 1017      02004900 
 1017      00000201 
 1017      FB0E0D00 
 1017      01010101 
 1018              	.LASF19:
ARM GAS  C:\Users\doug_000\AppData\Local\Temp\ccvf3Bn6.s 			page 19


 1019 0000 2E5C4765 		.ascii	".\\Generated_Source\\PSoC5\\cymetadata.c\000"
 1019      6E657261 
 1019      7465645F 
 1019      536F7572 
 1019      63655C50 
 1020              	.LASF17:
 1021 0026 63795F6D 		.ascii	"cy_metadata\000"
 1021      65746164 
 1021      61746100 
 1022              	.LASF9:
 1023 0032 666C6F61 		.ascii	"float\000"
 1023      7400
 1024              	.LASF1:
 1025 0038 756E7369 		.ascii	"unsigned char\000"
 1025      676E6564 
 1025      20636861 
 1025      7200
 1026              	.LASF5:
 1027 0046 6C6F6E67 		.ascii	"long unsigned int\000"
 1027      20756E73 
 1027      69676E65 
 1027      6420696E 
 1027      7400
 1028              	.LASF3:
 1029 0058 73686F72 		.ascii	"short unsigned int\000"
 1029      7420756E 
 1029      7369676E 
 1029      65642069 
 1029      6E7400
 1030              	.LASF10:
 1031 006b 646F7562 		.ascii	"double\000"
 1031      6C6500
 1032              	.LASF14:
 1033 0072 63795F6D 		.ascii	"cy_meta_custnvl\000"
 1033      6574615F 
 1033      63757374 
 1033      6E766C00 
 1034              	.LASF13:
 1035 0082 63795F6D 		.ascii	"cy_meta_configecc\000"
 1035      6574615F 
 1035      636F6E66 
 1035      69676563 
 1035      6300
 1036              	.LASF18:
 1037 0094 474E5520 		.ascii	"GNU C 4.9.3 20150303 (release) [ARM/embedded-4_9-br"
 1037      4320342E 
 1037      392E3320 
 1037      32303135 
 1037      30333033 
 1038 00c7 616E6368 		.ascii	"anch revision 221220] -mcpu=cortex-m3 -mthumb -g -O"
 1038      20726576 
 1038      6973696F 
 1038      6E203232 
 1038      31323230 
 1039 00fa 67202D66 		.ascii	"g -ffunction-sections -ffat-lto-objects\000"
 1039      66756E63 
 1039      74696F6E 
ARM GAS  C:\Users\doug_000\AppData\Local\Temp\ccvf3Bn6.s 			page 20


 1039      2D736563 
 1039      74696F6E 
 1040              	.LASF8:
 1041 0122 756E7369 		.ascii	"unsigned int\000"
 1041      676E6564 
 1041      20696E74 
 1041      00
 1042              	.LASF7:
 1043 012f 6C6F6E67 		.ascii	"long long unsigned int\000"
 1043      206C6F6E 
 1043      6720756E 
 1043      7369676E 
 1043      65642069 
 1044              	.LASF16:
 1045 0146 63795F6D 		.ascii	"cy_meta_flashprotect\000"
 1045      6574615F 
 1045      666C6173 
 1045      6870726F 
 1045      74656374 
 1046              	.LASF15:
 1047 015b 63795F6D 		.ascii	"cy_meta_wonvl\000"
 1047      6574615F 
 1047      776F6E76 
 1047      6C00
 1048              	.LASF12:
 1049 0169 73697A65 		.ascii	"sizetype\000"
 1049      74797065 
 1049      00
 1050              	.LASF6:
 1051 0172 6C6F6E67 		.ascii	"long long int\000"
 1051      206C6F6E 
 1051      6720696E 
 1051      7400
 1052              	.LASF11:
 1053 0180 63686172 		.ascii	"char\000"
 1053      00
 1054              	.LASF2:
 1055 0185 73686F72 		.ascii	"short int\000"
 1055      7420696E 
 1055      7400
 1056              	.LASF21:
 1057 018f 75696E74 		.ascii	"uint8\000"
 1057      3800
 1058              	.LASF4:
 1059 0195 6C6F6E67 		.ascii	"long int\000"
 1059      20696E74 
 1059      00
 1060              	.LASF0:
 1061 019e 7369676E 		.ascii	"signed char\000"
 1061      65642063 
 1061      68617200 
 1062              	.LASF20:
 1063 01aa 433A5C55 		.ascii	"C:\\Users\\doug_000\\Documents\\GitHub\\PSOC5LP\\Bl"
 1063      73657273 
 1063      5C646F75 
 1063      675F3030 
 1063      305C446F 
ARM GAS  C:\Users\doug_000\AppData\Local\Temp\ccvf3Bn6.s 			page 21


 1064 01d7 696E6B2D 		.ascii	"ink-01\\Blink-01.cydsn\000"
 1064      30315C42 
 1064      6C696E6B 
 1064      2D30312E 
 1064      63796473 
 1065              		.ident	"GCC: (GNU Tools for ARM Embedded Processors) 4.9.3 20150303 (release) [ARM/embedded-4_9-br
