ARM GAS  C:\Users\DGILLI~1\AppData\Local\Temp\ccuWyshM.s 			page 1


   1              		.syntax unified
   2              		.cpu cortex-m3
   3              		.fpu softvfp
   4              		.eabi_attribute 20, 1
   5              		.eabi_attribute 21, 1
   6              		.eabi_attribute 23, 3
   7              		.eabi_attribute 24, 1
   8              		.eabi_attribute 25, 1
   9              		.eabi_attribute 26, 1
  10              		.eabi_attribute 30, 1
  11              		.eabi_attribute 34, 1
  12              		.eabi_attribute 18, 4
  13              		.thumb
  14              		.file	"cymetadata.c"
  15              		.text
  16              	.Ltext0:
  17              		.cfi_sections	.debug_frame
  18              		.global	cy_metadata
  19              		.global	cy_meta_flashprotect
  20              		.global	cy_meta_wonvl
  21              		.global	cy_meta_custnvl
  22              		.global	cy_meta_configecc
  23              		.section	.cyconfigecc,"a",%progbits
  24              		.align	2
  25              		.type	cy_meta_configecc, %object
  26              		.size	cy_meta_configecc, 2244
  27              	cy_meta_configecc:
  28 0000 0E       		.byte	14
  29 0001 52       		.byte	82
  30 0002 00       		.byte	0
  31 0003 40       		.byte	64
  32 0004 07       		.byte	7
  33 0005 03       		.byte	3
  34 0006 01       		.byte	1
  35 0007 40       		.byte	64
  36 0008 3C       		.byte	60
  37 0009 04       		.byte	4
  38 000a 01       		.byte	1
  39 000b 40       		.byte	64
  40 000c 38       		.byte	56
  41 000d 05       		.byte	5
  42 000e 01       		.byte	1
  43 000f 40       		.byte	64
  44 0010 41       		.byte	65
  45 0011 06       		.byte	6
  46 0012 01       		.byte	1
  47 0013 40       		.byte	64
  48 0014 43       		.byte	67
  49 0015 07       		.byte	7
  50 0016 01       		.byte	1
  51 0017 40       		.byte	64
  52 0018 3B       		.byte	59
  53 0019 08       		.byte	8
  54 001a 01       		.byte	1
  55 001b 40       		.byte	64
  56 001c 37       		.byte	55
  57 001d 09       		.byte	9
ARM GAS  C:\Users\DGILLI~1\AppData\Local\Temp\ccuWyshM.s 			page 2


  58 001e 01       		.byte	1
  59 001f 40       		.byte	64
  60 0020 38       		.byte	56
  61 0021 0A       		.byte	10
  62 0022 01       		.byte	1
  63 0023 40       		.byte	64
  64 0024 25       		.byte	37
  65 0025 0B       		.byte	11
  66 0026 01       		.byte	1
  67 0027 40       		.byte	64
  68 0028 04       		.byte	4
  69 0029 0D       		.byte	13
  70 002a 01       		.byte	1
  71 002b 40       		.byte	64
  72 002c 0D       		.byte	13
  73 002d 15       		.byte	21
  74 002e 01       		.byte	1
  75 002f 40       		.byte	64
  76 0030 3E       		.byte	62
  77 0031 16       		.byte	22
  78 0032 01       		.byte	1
  79 0033 40       		.byte	64
  80 0034 3F       		.byte	63
  81 0035 17       		.byte	23
  82 0036 01       		.byte	1
  83 0037 40       		.byte	64
  84 0038 3F       		.byte	63
  85 0039 18       		.byte	24
  86 003a 01       		.byte	1
  87 003b 40       		.byte	64
  88 003c 34       		.byte	52
  89 003d 19       		.byte	25
  90 003e 01       		.byte	1
  91 003f 40       		.byte	64
  92 0040 3A       		.byte	58
  93 0041 1A       		.byte	26
  94 0042 01       		.byte	1
  95 0043 40       		.byte	64
  96 0044 3D       		.byte	61
  97 0045 1B       		.byte	27
  98 0046 01       		.byte	1
  99 0047 40       		.byte	64
 100 0048 09       		.byte	9
 101 0049 40       		.byte	64
 102 004a 01       		.byte	1
 103 004b 40       		.byte	64
 104 004c 16       		.byte	22
 105 004d 41       		.byte	65
 106 004e 01       		.byte	1
 107 004f 40       		.byte	64
 108 0050 10       		.byte	16
 109 0051 42       		.byte	66
 110 0052 01       		.byte	1
 111 0053 40       		.byte	64
 112 0054 0C       		.byte	12
 113 0055 43       		.byte	67
 114 0056 01       		.byte	1
ARM GAS  C:\Users\DGILLI~1\AppData\Local\Temp\ccuWyshM.s 			page 3


 115 0057 40       		.byte	64
 116 0058 0B       		.byte	11
 117 0059 45       		.byte	69
 118 005a 01       		.byte	1
 119 005b 40       		.byte	64
 120 005c 05       		.byte	5
 121 005d 46       		.byte	70
 122 005e 01       		.byte	1
 123 005f 40       		.byte	64
 124 0060 09       		.byte	9
 125 0061 47       		.byte	71
 126 0062 01       		.byte	1
 127 0063 40       		.byte	64
 128 0064 16       		.byte	22
 129 0065 48       		.byte	72
 130 0066 01       		.byte	1
 131 0067 40       		.byte	64
 132 0068 1C       		.byte	28
 133 0069 49       		.byte	73
 134 006a 01       		.byte	1
 135 006b 40       		.byte	64
 136 006c 0C       		.byte	12
 137 006d 4C       		.byte	76
 138 006e 01       		.byte	1
 139 006f 40       		.byte	64
 140 0070 15       		.byte	21
 141 0071 4D       		.byte	77
 142 0072 01       		.byte	1
 143 0073 40       		.byte	64
 144 0074 04       		.byte	4
 145 0075 50       		.byte	80
 146 0076 01       		.byte	1
 147 0077 40       		.byte	64
 148 0078 00       		.byte	0
 149 0079 C9       		.byte	-55
 150 007a 01       		.byte	1
 151 007b 5C       		.byte	92
 152 007c 0C       		.byte	12
 153 007d E0       		.byte	-32
 154 007e 14       		.byte	20
 155 007f FF       		.byte	-1
 156 0080 18       		.byte	24
 157 0081 A5       		.byte	-91
 158 0082 19       		.byte	25
 159 0083 63       		.byte	99
 160 0084 20       		.byte	32
 161 0085 1C       		.byte	28
 162 0086 21       		.byte	33
 163 0087 25       		.byte	37
 164 0088 29       		.byte	41
 165 0089 10       		.byte	16
 166 008a 2C       		.byte	44
 167 008b 4F       		.byte	79
 168 008c 60       		.byte	96
 169 008d 09       		.byte	9
 170 008e 61       		.byte	97
 171 008f 0C       		.byte	12
ARM GAS  C:\Users\DGILLI~1\AppData\Local\Temp\ccuWyshM.s 			page 4


 172 0090 78       		.byte	120
 173 0091 09       		.byte	9
 174 0092 79       		.byte	121
 175 0093 05       		.byte	5
 176 0094 81       		.byte	-127
 177 0095 01       		.byte	1
 178 0096 84       		.byte	-124
 179 0097 10       		.byte	16
 180 0098 87       		.byte	-121
 181 0099 01       		.byte	1
 182 009a 8C       		.byte	-116
 183 009b 01       		.byte	1
 184 009c 8F       		.byte	-113
 185 009d 20       		.byte	32
 186 009e E2       		.byte	-30
 187 009f 48       		.byte	72
 188 00a0 E6       		.byte	-26
 189 00a1 14       		.byte	20
 190 00a2 01       		.byte	1
 191 00a3 04       		.byte	4
 192 00a4 05       		.byte	5
 193 00a5 07       		.byte	7
 194 00a6 06       		.byte	6
 195 00a7 01       		.byte	1
 196 00a8 08       		.byte	8
 197 00a9 02       		.byte	2
 198 00aa 0A       		.byte	10
 199 00ab 01       		.byte	1
 200 00ac 0B       		.byte	11
 201 00ad 03       		.byte	3
 202 00ae 16       		.byte	22
 203 00af 01       		.byte	1
 204 00b0 19       		.byte	25
 205 00b1 01       		.byte	1
 206 00b2 1B       		.byte	27
 207 00b3 02       		.byte	2
 208 00b4 1C       		.byte	28
 209 00b5 02       		.byte	2
 210 00b6 20       		.byte	32
 211 00b7 01       		.byte	1
 212 00b8 23       		.byte	35
 213 00b9 04       		.byte	4
 214 00ba 26       		.byte	38
 215 00bb 02       		.byte	2
 216 00bc 29       		.byte	41
 217 00bd 04       		.byte	4
 218 00be 2D       		.byte	45
 219 00bf 02       		.byte	2
 220 00c0 2E       		.byte	46
 221 00c1 02       		.byte	2
 222 00c2 2F       		.byte	47
 223 00c3 01       		.byte	1
 224 00c4 31       		.byte	49
 225 00c5 04       		.byte	4
 226 00c6 33       		.byte	51
 227 00c7 01       		.byte	1
 228 00c8 34       		.byte	52
ARM GAS  C:\Users\DGILLI~1\AppData\Local\Temp\ccuWyshM.s 			page 5


 229 00c9 01       		.byte	1
 230 00ca 35       		.byte	53
 231 00cb 02       		.byte	2
 232 00cc 36       		.byte	54
 233 00cd 02       		.byte	2
 234 00ce 3E       		.byte	62
 235 00cf 50       		.byte	80
 236 00d0 3F       		.byte	63
 237 00d1 15       		.byte	21
 238 00d2 58       		.byte	88
 239 00d3 04       		.byte	4
 240 00d4 59       		.byte	89
 241 00d5 04       		.byte	4
 242 00d6 5F       		.byte	95
 243 00d7 01       		.byte	1
 244 00d8 80       		.byte	-128
 245 00d9 04       		.byte	4
 246 00da 81       		.byte	-127
 247 00db 01       		.byte	1
 248 00dc 83       		.byte	-125
 249 00dd 0A       		.byte	10
 250 00de 85       		.byte	-123
 251 00df 0D       		.byte	13
 252 00e0 87       		.byte	-121
 253 00e1 02       		.byte	2
 254 00e2 8F       		.byte	-113
 255 00e3 0B       		.byte	11
 256 00e4 90       		.byte	-112
 257 00e5 0B       		.byte	11
 258 00e6 93       		.byte	-109
 259 00e7 04       		.byte	4
 260 00e8 95       		.byte	-107
 261 00e9 03       		.byte	3
 262 00ea 97       		.byte	-105
 263 00eb 08       		.byte	8
 264 00ec 99       		.byte	-103
 265 00ed 04       		.byte	4
 266 00ee 9A       		.byte	-102
 267 00ef 04       		.byte	4
 268 00f0 9C       		.byte	-100
 269 00f1 0A       		.byte	10
 270 00f2 9E       		.byte	-98
 271 00f3 01       		.byte	1
 272 00f4 A3       		.byte	-93
 273 00f5 04       		.byte	4
 274 00f6 A4       		.byte	-92
 275 00f7 07       		.byte	7
 276 00f8 A6       		.byte	-90
 277 00f9 08       		.byte	8
 278 00fa A8       		.byte	-88
 279 00fb 03       		.byte	3
 280 00fc AA       		.byte	-86
 281 00fd 08       		.byte	8
 282 00fe AE       		.byte	-82
 283 00ff 04       		.byte	4
 284 0100 B0       		.byte	-80
 285 0101 04       		.byte	4
ARM GAS  C:\Users\DGILLI~1\AppData\Local\Temp\ccuWyshM.s 			page 6


 286 0102 B1       		.byte	-79
 287 0103 01       		.byte	1
 288 0104 B2       		.byte	-78
 289 0105 01       		.byte	1
 290 0106 B3       		.byte	-77
 291 0107 04       		.byte	4
 292 0108 B4       		.byte	-76
 293 0109 08       		.byte	8
 294 010a B5       		.byte	-75
 295 010b 02       		.byte	2
 296 010c B6       		.byte	-74
 297 010d 02       		.byte	2
 298 010e B7       		.byte	-73
 299 010f 08       		.byte	8
 300 0110 BE       		.byte	-66
 301 0111 55       		.byte	85
 302 0112 BF       		.byte	-65
 303 0113 55       		.byte	85
 304 0114 D8       		.byte	-40
 305 0115 04       		.byte	4
 306 0116 D9       		.byte	-39
 307 0117 04       		.byte	4
 308 0118 DF       		.byte	-33
 309 0119 01       		.byte	1
 310 011a 03       		.byte	3
 311 011b 14       		.byte	20
 312 011c 05       		.byte	5
 313 011d 02       		.byte	2
 314 011e 09       		.byte	9
 315 011f 04       		.byte	4
 316 0120 0B       		.byte	11
 317 0121 01       		.byte	1
 318 0122 0F       		.byte	15
 319 0123 8A       		.byte	-118
 320 0124 12       		.byte	18
 321 0125 91       		.byte	-111
 322 0126 14       		.byte	20
 323 0127 04       		.byte	4
 324 0128 15       		.byte	21
 325 0129 04       		.byte	4
 326 012a 16       		.byte	22
 327 012b 02       		.byte	2
 328 012c 17       		.byte	23
 329 012d 14       		.byte	20
 330 012e 1A       		.byte	26
 331 012f 02       		.byte	2
 332 0130 1B       		.byte	27
 333 0131 20       		.byte	32
 334 0132 1C       		.byte	28
 335 0133 08       		.byte	8
 336 0134 1E       		.byte	30
 337 0135 51       		.byte	81
 338 0136 21       		.byte	33
 339 0137 10       		.byte	16
 340 0138 22       		.byte	34
 341 0139 08       		.byte	8
 342 013a 23       		.byte	35
ARM GAS  C:\Users\DGILLI~1\AppData\Local\Temp\ccuWyshM.s 			page 7


 343 013b 80       		.byte	-128
 344 013c 24       		.byte	36
 345 013d 01       		.byte	1
 346 013e 25       		.byte	37
 347 013f 11       		.byte	17
 348 0140 26       		.byte	38
 349 0141 04       		.byte	4
 350 0142 29       		.byte	41
 351 0143 12       		.byte	18
 352 0144 2A       		.byte	42
 353 0145 11       		.byte	17
 354 0146 2B       		.byte	43
 355 0147 05       		.byte	5
 356 0148 2E       		.byte	46
 357 0149 02       		.byte	2
 358 014a 33       		.byte	51
 359 014b 10       		.byte	16
 360 014c 34       		.byte	52
 361 014d 04       		.byte	4
 362 014e 35       		.byte	53
 363 014f 12       		.byte	18
 364 0150 38       		.byte	56
 365 0151 20       		.byte	32
 366 0152 39       		.byte	57
 367 0153 04       		.byte	4
 368 0154 3A       		.byte	58
 369 0155 02       		.byte	2
 370 0156 3B       		.byte	59
 371 0157 01       		.byte	1
 372 0158 3D       		.byte	61
 373 0159 04       		.byte	4
 374 015a 3F       		.byte	63
 375 015b 82       		.byte	-126
 376 015c 82       		.byte	-126
 377 015d 10       		.byte	16
 378 015e 84       		.byte	-124
 379 015f 10       		.byte	16
 380 0160 86       		.byte	-122
 381 0161 08       		.byte	8
 382 0162 88       		.byte	-120
 383 0163 04       		.byte	4
 384 0164 8A       		.byte	-118
 385 0165 01       		.byte	1
 386 0166 8D       		.byte	-115
 387 0167 10       		.byte	16
 388 0168 8E       		.byte	-114
 389 0169 08       		.byte	8
 390 016a 94       		.byte	-108
 391 016b 01       		.byte	1
 392 016c 95       		.byte	-107
 393 016d 20       		.byte	32
 394 016e 9F       		.byte	-97
 395 016f 01       		.byte	1
 396 0170 A0       		.byte	-96
 397 0171 10       		.byte	16
 398 0172 A5       		.byte	-91
 399 0173 01       		.byte	1
ARM GAS  C:\Users\DGILLI~1\AppData\Local\Temp\ccuWyshM.s 			page 8


 400 0174 A7       		.byte	-89
 401 0175 20       		.byte	32
 402 0176 B1       		.byte	-79
 403 0177 10       		.byte	16
 404 0178 C0       		.byte	-64
 405 0179 16       		.byte	22
 406 017a C2       		.byte	-62
 407 017b D5       		.byte	-43
 408 017c C4       		.byte	-60
 409 017d ED       		.byte	-19
 410 017e CA       		.byte	-54
 411 017f 8D       		.byte	-115
 412 0180 CC       		.byte	-52
 413 0181 E4       		.byte	-28
 414 0182 CE       		.byte	-50
 415 0183 D7       		.byte	-41
 416 0184 E2       		.byte	-30
 417 0185 20       		.byte	32
 418 0186 E6       		.byte	-26
 419 0187 92       		.byte	-110
 420 0188 EE       		.byte	-18
 421 0189 20       		.byte	32
 422 018a 00       		.byte	0
 423 018b 0E       		.byte	14
 424 018c 01       		.byte	1
 425 018d 04       		.byte	4
 426 018e 03       		.byte	3
 427 018f 02       		.byte	2
 428 0190 06       		.byte	6
 429 0191 01       		.byte	1
 430 0192 07       		.byte	7
 431 0193 01       		.byte	1
 432 0194 0C       		.byte	12
 433 0195 0C       		.byte	12
 434 0196 0D       		.byte	13
 435 0197 02       		.byte	2
 436 0198 0E       		.byte	14
 437 0199 02       		.byte	2
 438 019a 0F       		.byte	15
 439 019b 04       		.byte	4
 440 019c 10       		.byte	16
 441 019d 01       		.byte	1
 442 019e 13       		.byte	19
 443 019f 01       		.byte	1
 444 01a0 18       		.byte	24
 445 01a1 0A       		.byte	10
 446 01a2 19       		.byte	25
 447 01a3 04       		.byte	4
 448 01a4 1A       		.byte	26
 449 01a5 04       		.byte	4
 450 01a6 1B       		.byte	27
 451 01a7 02       		.byte	2
 452 01a8 1C       		.byte	28
 453 01a9 01       		.byte	1
 454 01aa 21       		.byte	33
 455 01ab 01       		.byte	1
 456 01ac 24       		.byte	36
ARM GAS  C:\Users\DGILLI~1\AppData\Local\Temp\ccuWyshM.s 			page 9


 457 01ad 0B       		.byte	11
 458 01ae 25       		.byte	37
 459 01af 02       		.byte	2
 460 01b0 26       		.byte	38
 461 01b1 04       		.byte	4
 462 01b2 27       		.byte	39
 463 01b3 05       		.byte	5
 464 01b4 30       		.byte	48
 465 01b5 02       		.byte	2
 466 01b6 32       		.byte	50
 467 01b7 01       		.byte	1
 468 01b8 33       		.byte	51
 469 01b9 02       		.byte	2
 470 01ba 34       		.byte	52
 471 01bb 08       		.byte	8
 472 01bc 35       		.byte	53
 473 01bd 01       		.byte	1
 474 01be 36       		.byte	54
 475 01bf 04       		.byte	4
 476 01c0 37       		.byte	55
 477 01c1 04       		.byte	4
 478 01c2 3E       		.byte	62
 479 01c3 55       		.byte	85
 480 01c4 3F       		.byte	63
 481 01c5 54       		.byte	84
 482 01c6 58       		.byte	88
 483 01c7 04       		.byte	4
 484 01c8 59       		.byte	89
 485 01c9 04       		.byte	4
 486 01ca 5F       		.byte	95
 487 01cb 01       		.byte	1
 488 01cc 83       		.byte	-125
 489 01cd 02       		.byte	2
 490 01ce 84       		.byte	-124
 491 01cf 69       		.byte	105
 492 01d0 85       		.byte	-123
 493 01d1 01       		.byte	1
 494 01d2 86       		.byte	-122
 495 01d3 96       		.byte	-106
 496 01d4 88       		.byte	-120
 497 01d5 0F       		.byte	15
 498 01d6 8A       		.byte	-118
 499 01d7 F0       		.byte	-16
 500 01d8 8B       		.byte	-117
 501 01d9 02       		.byte	2
 502 01da 8C       		.byte	-116
 503 01db 33       		.byte	51
 504 01dc 8D       		.byte	-115
 505 01dd 01       		.byte	1
 506 01de 8E       		.byte	-114
 507 01df CC       		.byte	-52
 508 01e0 91       		.byte	-111
 509 01e1 01       		.byte	1
 510 01e2 95       		.byte	-107
 511 01e3 01       		.byte	1
 512 01e4 9B       		.byte	-101
 513 01e5 02       		.byte	2
ARM GAS  C:\Users\DGILLI~1\AppData\Local\Temp\ccuWyshM.s 			page 10


 514 01e6 9D       		.byte	-99
 515 01e7 01       		.byte	1
 516 01e8 9E       		.byte	-98
 517 01e9 FF       		.byte	-1
 518 01ea A0       		.byte	-96
 519 01eb 55       		.byte	85
 520 01ec A2       		.byte	-94
 521 01ed AA       		.byte	-86
 522 01ee A3       		.byte	-93
 523 01ef 02       		.byte	2
 524 01f0 A4       		.byte	-92
 525 01f1 FF       		.byte	-1
 526 01f2 A5       		.byte	-91
 527 01f3 01       		.byte	1
 528 01f4 A8       		.byte	-88
 529 01f5 FF       		.byte	-1
 530 01f6 A9       		.byte	-87
 531 01f7 01       		.byte	1
 532 01f8 AD       		.byte	-83
 533 01f9 01       		.byte	1
 534 01fa B1       		.byte	-79
 535 01fb 01       		.byte	1
 536 01fc B2       		.byte	-78
 537 01fd FF       		.byte	-1
 538 01fe B5       		.byte	-75
 539 01ff 02       		.byte	2
 540 0200 B9       		.byte	-71
 541 0201 02       		.byte	2
 542 0202 BE       		.byte	-66
 543 0203 04       		.byte	4
 544 0204 BF       		.byte	-65
 545 0205 11       		.byte	17
 546 0206 D8       		.byte	-40
 547 0207 04       		.byte	4
 548 0208 D9       		.byte	-39
 549 0209 04       		.byte	4
 550 020a DF       		.byte	-33
 551 020b 01       		.byte	1
 552 020c 00       		.byte	0
 553 020d 20       		.byte	32
 554 020e 02       		.byte	2
 555 020f 11       		.byte	17
 556 0210 05       		.byte	5
 557 0211 02       		.byte	2
 558 0212 06       		.byte	6
 559 0213 02       		.byte	2
 560 0214 07       		.byte	7
 561 0215 10       		.byte	16
 562 0216 0B       		.byte	11
 563 0217 02       		.byte	2
 564 0218 0F       		.byte	15
 565 0219 8A       		.byte	-118
 566 021a 10       		.byte	16
 567 021b 18       		.byte	24
 568 021c 13       		.byte	19
 569 021d 02       		.byte	2
 570 021e 15       		.byte	21
ARM GAS  C:\Users\DGILLI~1\AppData\Local\Temp\ccuWyshM.s 			page 11


 571 021f 04       		.byte	4
 572 0220 19       		.byte	25
 573 0221 04       		.byte	4
 574 0222 1C       		.byte	28
 575 0223 80       		.byte	-128
 576 0224 1D       		.byte	29
 577 0225 20       		.byte	32
 578 0226 1E       		.byte	30
 579 0227 10       		.byte	16
 580 0228 1F       		.byte	31
 581 0229 40       		.byte	64
 582 022a 21       		.byte	33
 583 022b 10       		.byte	16
 584 022c 23       		.byte	35
 585 022d 40       		.byte	64
 586 022e 26       		.byte	38
 587 022f 04       		.byte	4
 588 0230 27       		.byte	39
 589 0231 09       		.byte	9
 590 0232 29       		.byte	41
 591 0233 44       		.byte	68
 592 0234 2A       		.byte	42
 593 0235 20       		.byte	32
 594 0236 2B       		.byte	43
 595 0237 40       		.byte	64
 596 0238 2D       		.byte	45
 597 0239 04       		.byte	4
 598 023a 2E       		.byte	46
 599 023b 02       		.byte	2
 600 023c 2F       		.byte	47
 601 023d 10       		.byte	16
 602 023e 31       		.byte	49
 603 023f 02       		.byte	2
 604 0240 32       		.byte	50
 605 0241 40       		.byte	64
 606 0242 33       		.byte	51
 607 0243 18       		.byte	24
 608 0244 35       		.byte	53
 609 0245 02       		.byte	2
 610 0246 37       		.byte	55
 611 0247 10       		.byte	16
 612 0248 3A       		.byte	58
 613 0249 88       		.byte	-120
 614 024a 3B       		.byte	59
 615 024b 21       		.byte	33
 616 024c 3F       		.byte	63
 617 024d 8B       		.byte	-117
 618 024e 82       		.byte	-126
 619 024f 03       		.byte	3
 620 0250 87       		.byte	-121
 621 0251 40       		.byte	64
 622 0252 8A       		.byte	-118
 623 0253 01       		.byte	1
 624 0254 8C       		.byte	-116
 625 0255 10       		.byte	16
 626 0256 8E       		.byte	-114
 627 0257 14       		.byte	20
ARM GAS  C:\Users\DGILLI~1\AppData\Local\Temp\ccuWyshM.s 			page 12


 628 0258 92       		.byte	-110
 629 0259 02       		.byte	2
 630 025a 95       		.byte	-107
 631 025b 04       		.byte	4
 632 025c 98       		.byte	-104
 633 025d 10       		.byte	16
 634 025e 9A       		.byte	-102
 635 025f 88       		.byte	-120
 636 0260 9B       		.byte	-101
 637 0261 90       		.byte	-112
 638 0262 9D       		.byte	-99
 639 0263 02       		.byte	2
 640 0264 9E       		.byte	-98
 641 0265 02       		.byte	2
 642 0266 9F       		.byte	-97
 643 0267 01       		.byte	1
 644 0268 A0       		.byte	-96
 645 0269 10       		.byte	16
 646 026a A3       		.byte	-93
 647 026b 49       		.byte	73
 648 026c A7       		.byte	-89
 649 026d 04       		.byte	4
 650 026e A8       		.byte	-88
 651 026f 10       		.byte	16
 652 0270 A9       		.byte	-87
 653 0271 04       		.byte	4
 654 0272 AB       		.byte	-85
 655 0273 40       		.byte	64
 656 0274 AE       		.byte	-82
 657 0275 80       		.byte	-128
 658 0276 B0       		.byte	-80
 659 0277 04       		.byte	4
 660 0278 B2       		.byte	-78
 661 0279 80       		.byte	-128
 662 027a B3       		.byte	-77
 663 027b 09       		.byte	9
 664 027c B6       		.byte	-74
 665 027d 44       		.byte	68
 666 027e C0       		.byte	-64
 667 027f B7       		.byte	-73
 668 0280 C2       		.byte	-62
 669 0281 D1       		.byte	-47
 670 0282 C4       		.byte	-60
 671 0283 2E       		.byte	46
 672 0284 CA       		.byte	-54
 673 0285 CF       		.byte	-49
 674 0286 CC       		.byte	-52
 675 0287 AF       		.byte	-81
 676 0288 CE       		.byte	-50
 677 0289 DF       		.byte	-33
 678 028a E2       		.byte	-30
 679 028b 74       		.byte	116
 680 028c E6       		.byte	-26
 681 028d 14       		.byte	20
 682 028e EA       		.byte	-22
 683 028f 46       		.byte	70
 684 0290 EE       		.byte	-18
ARM GAS  C:\Users\DGILLI~1\AppData\Local\Temp\ccuWyshM.s 			page 13


 685 0291 40       		.byte	64
 686 0292 00       		.byte	0
 687 0293 96       		.byte	-106
 688 0294 01       		.byte	1
 689 0295 FF       		.byte	-1
 690 0296 02       		.byte	2
 691 0297 69       		.byte	105
 692 0298 04       		.byte	4
 693 0299 FF       		.byte	-1
 694 029a 05       		.byte	5
 695 029b 69       		.byte	105
 696 029c 07       		.byte	7
 697 029d 96       		.byte	-106
 698 029e 08       		.byte	8
 699 029f FF       		.byte	-1
 700 02a0 09       		.byte	9
 701 02a1 55       		.byte	85
 702 02a2 0B       		.byte	11
 703 02a3 AA       		.byte	-86
 704 02a4 0C       		.byte	12
 705 02a5 0F       		.byte	15
 706 02a6 0D       		.byte	13
 707 02a7 FF       		.byte	-1
 708 02a8 0E       		.byte	14
 709 02a9 F0       		.byte	-16
 710 02aa 10       		.byte	16
 711 02ab 55       		.byte	85
 712 02ac 11       		.byte	17
 713 02ad 0F       		.byte	15
 714 02ae 12       		.byte	18
 715 02af AA       		.byte	-86
 716 02b0 13       		.byte	19
 717 02b1 F0       		.byte	-16
 718 02b2 19       		.byte	25
 719 02b3 33       		.byte	51
 720 02b4 1B       		.byte	27
 721 02b5 CC       		.byte	-52
 722 02b6 1C       		.byte	28
 723 02b7 33       		.byte	51
 724 02b8 1E       		.byte	30
 725 02b9 CC       		.byte	-52
 726 02ba 1F       		.byte	31
 727 02bb FF       		.byte	-1
 728 02bc 28       		.byte	40
 729 02bd FF       		.byte	-1
 730 02be 33       		.byte	51
 731 02bf FF       		.byte	-1
 732 02c0 34       		.byte	52
 733 02c1 FF       		.byte	-1
 734 02c2 3A       		.byte	58
 735 02c3 03       		.byte	3
 736 02c4 3E       		.byte	62
 737 02c5 10       		.byte	16
 738 02c6 3F       		.byte	63
 739 02c7 04       		.byte	4
 740 02c8 58       		.byte	88
 741 02c9 04       		.byte	4
ARM GAS  C:\Users\DGILLI~1\AppData\Local\Temp\ccuWyshM.s 			page 14


 742 02ca 59       		.byte	89
 743 02cb 04       		.byte	4
 744 02cc 5F       		.byte	95
 745 02cd 01       		.byte	1
 746 02ce 84       		.byte	-124
 747 02cf 69       		.byte	105
 748 02d0 86       		.byte	-122
 749 02d1 96       		.byte	-106
 750 02d2 8B       		.byte	-117
 751 02d3 FF       		.byte	-1
 752 02d4 8C       		.byte	-116
 753 02d5 FF       		.byte	-1
 754 02d6 8D       		.byte	-115
 755 02d7 55       		.byte	85
 756 02d8 8F       		.byte	-113
 757 02d9 AA       		.byte	-86
 758 02da 91       		.byte	-111
 759 02db 0F       		.byte	15
 760 02dc 92       		.byte	-110
 761 02dd FF       		.byte	-1
 762 02de 93       		.byte	-109
 763 02df F0       		.byte	-16
 764 02e0 97       		.byte	-105
 765 02e1 FF       		.byte	-1
 766 02e2 9C       		.byte	-100
 767 02e3 FF       		.byte	-1
 768 02e4 9D       		.byte	-99
 769 02e5 33       		.byte	51
 770 02e6 9F       		.byte	-97
 771 02e7 CC       		.byte	-52
 772 02e8 A0       		.byte	-96
 773 02e9 0F       		.byte	15
 774 02ea A2       		.byte	-94
 775 02eb F0       		.byte	-16
 776 02ec A4       		.byte	-92
 777 02ed 33       		.byte	51
 778 02ee A5       		.byte	-91
 779 02ef FF       		.byte	-1
 780 02f0 A6       		.byte	-90
 781 02f1 CC       		.byte	-52
 782 02f2 A8       		.byte	-88
 783 02f3 55       		.byte	85
 784 02f4 AA       		.byte	-86
 785 02f5 AA       		.byte	-86
 786 02f6 AD       		.byte	-83
 787 02f7 96       		.byte	-106
 788 02f8 AF       		.byte	-81
 789 02f9 69       		.byte	105
 790 02fa B0       		.byte	-80
 791 02fb FF       		.byte	-1
 792 02fc B3       		.byte	-77
 793 02fd FF       		.byte	-1
 794 02fe BE       		.byte	-66
 795 02ff 01       		.byte	1
 796 0300 BF       		.byte	-65
 797 0301 04       		.byte	4
 798 0302 D8       		.byte	-40
ARM GAS  C:\Users\DGILLI~1\AppData\Local\Temp\ccuWyshM.s 			page 15


 799 0303 04       		.byte	4
 800 0304 D9       		.byte	-39
 801 0305 04       		.byte	4
 802 0306 DF       		.byte	-33
 803 0307 01       		.byte	1
 804 0308 00       		.byte	0
 805 0309 88       		.byte	-120
 806 030a 02       		.byte	2
 807 030b 01       		.byte	1
 808 030c 04       		.byte	4
 809 030d 10       		.byte	16
 810 030e 05       		.byte	5
 811 030f 08       		.byte	8
 812 0310 06       		.byte	6
 813 0311 80       		.byte	-128
 814 0312 07       		.byte	7
 815 0313 01       		.byte	1
 816 0314 08       		.byte	8
 817 0315 82       		.byte	-126
 818 0316 09       		.byte	9
 819 0317 01       		.byte	1
 820 0318 0C       		.byte	12
 821 0319 80       		.byte	-128
 822 031a 0F       		.byte	15
 823 031b 40       		.byte	64
 824 031c 10       		.byte	16
 825 031d 10       		.byte	16
 826 031e 12       		.byte	18
 827 031f 88       		.byte	-120
 828 0320 13       		.byte	19
 829 0321 02       		.byte	2
 830 0322 14       		.byte	20
 831 0323 04       		.byte	4
 832 0324 1B       		.byte	27
 833 0325 01       		.byte	1
 834 0326 1D       		.byte	29
 835 0327 20       		.byte	32
 836 0328 1E       		.byte	30
 837 0329 80       		.byte	-128
 838 032a 22       		.byte	34
 839 032b 04       		.byte	4
 840 032c 27       		.byte	39
 841 032d 10       		.byte	16
 842 032e 29       		.byte	41
 843 032f 08       		.byte	8
 844 0330 2A       		.byte	42
 845 0331 80       		.byte	-128
 846 0332 30       		.byte	48
 847 0333 84       		.byte	-124
 848 0334 33       		.byte	51
 849 0335 07       		.byte	7
 850 0336 34       		.byte	52
 851 0337 90       		.byte	-112
 852 0338 37       		.byte	55
 853 0339 02       		.byte	2
 854 033a 38       		.byte	56
 855 033b 10       		.byte	16
ARM GAS  C:\Users\DGILLI~1\AppData\Local\Temp\ccuWyshM.s 			page 16


 856 033c 3B       		.byte	59
 857 033d 60       		.byte	96
 858 033e 3C       		.byte	60
 859 033f 88       		.byte	-120
 860 0340 3D       		.byte	61
 861 0341 02       		.byte	2
 862 0342 3F       		.byte	63
 863 0343 20       		.byte	32
 864 0344 4E       		.byte	78
 865 0345 08       		.byte	8
 866 0346 4F       		.byte	79
 867 0347 20       		.byte	32
 868 0348 80       		.byte	-128
 869 0349 C0       		.byte	-64
 870 034a 93       		.byte	-109
 871 034b 60       		.byte	96
 872 034c 9A       		.byte	-102
 873 034d 80       		.byte	-128
 874 034e 9B       		.byte	-101
 875 034f 04       		.byte	4
 876 0350 9D       		.byte	-99
 877 0351 08       		.byte	8
 878 0352 A3       		.byte	-93
 879 0353 12       		.byte	18
 880 0354 A4       		.byte	-92
 881 0355 80       		.byte	-128
 882 0356 A6       		.byte	-90
 883 0357 40       		.byte	64
 884 0358 A9       		.byte	-87
 885 0359 01       		.byte	1
 886 035a AB       		.byte	-85
 887 035b 04       		.byte	4
 888 035c AC       		.byte	-84
 889 035d 10       		.byte	16
 890 035e AF       		.byte	-81
 891 035f 44       		.byte	68
 892 0360 B1       		.byte	-79
 893 0361 20       		.byte	32
 894 0362 B2       		.byte	-78
 895 0363 95       		.byte	-107
 896 0364 C0       		.byte	-64
 897 0365 F5       		.byte	-11
 898 0366 C2       		.byte	-62
 899 0367 99       		.byte	-103
 900 0368 C4       		.byte	-60
 901 0369 4E       		.byte	78
 902 036a CA       		.byte	-54
 903 036b 0A       		.byte	10
 904 036c CC       		.byte	-52
 905 036d BB       		.byte	-69
 906 036e CE       		.byte	-50
 907 036f FC       		.byte	-4
 908 0370 E2       		.byte	-30
 909 0371 04       		.byte	4
 910 0372 EA       		.byte	-22
 911 0373 A1       		.byte	-95
 912 0374 EE       		.byte	-18
ARM GAS  C:\Users\DGILLI~1\AppData\Local\Temp\ccuWyshM.s 			page 17


 913 0375 82       		.byte	-126
 914 0376 06       		.byte	6
 915 0377 FF       		.byte	-1
 916 0378 09       		.byte	9
 917 0379 FF       		.byte	-1
 918 037a 0A       		.byte	10
 919 037b FF       		.byte	-1
 920 037c 0C       		.byte	12
 921 037d 0F       		.byte	15
 922 037e 0D       		.byte	13
 923 037f 55       		.byte	85
 924 0380 0E       		.byte	14
 925 0381 F0       		.byte	-16
 926 0382 0F       		.byte	15
 927 0383 AA       		.byte	-86
 928 0384 10       		.byte	16
 929 0385 55       		.byte	85
 930 0386 11       		.byte	17
 931 0387 0F       		.byte	15
 932 0388 12       		.byte	18
 933 0389 AA       		.byte	-86
 934 038a 13       		.byte	19
 935 038b F0       		.byte	-16
 936 038c 14       		.byte	20
 937 038d FF       		.byte	-1
 938 038e 17       		.byte	23
 939 038f FF       		.byte	-1
 940 0390 18       		.byte	24
 941 0391 96       		.byte	-106
 942 0392 1A       		.byte	26
 943 0393 69       		.byte	105
 944 0394 1D       		.byte	29
 945 0395 33       		.byte	51
 946 0396 1F       		.byte	31
 947 0397 CC       		.byte	-52
 948 0398 20       		.byte	32
 949 0399 33       		.byte	51
 950 039a 22       		.byte	34
 951 039b CC       		.byte	-52
 952 039c 25       		.byte	37
 953 039d FF       		.byte	-1
 954 039e 2D       		.byte	45
 955 039f 69       		.byte	105
 956 03a0 2F       		.byte	47
 957 03a1 96       		.byte	-106
 958 03a2 34       		.byte	52
 959 03a3 FF       		.byte	-1
 960 03a4 35       		.byte	53
 961 03a5 FF       		.byte	-1
 962 03a6 3E       		.byte	62
 963 03a7 10       		.byte	16
 964 03a8 3F       		.byte	63
 965 03a9 10       		.byte	16
 966 03aa 58       		.byte	88
 967 03ab 04       		.byte	4
 968 03ac 59       		.byte	89
 969 03ad 04       		.byte	4
ARM GAS  C:\Users\DGILLI~1\AppData\Local\Temp\ccuWyshM.s 			page 18


 970 03ae 5F       		.byte	95
 971 03af 01       		.byte	1
 972 03b0 80       		.byte	-128
 973 03b1 02       		.byte	2
 974 03b2 87       		.byte	-121
 975 03b3 FF       		.byte	-1
 976 03b4 8D       		.byte	-115
 977 03b5 69       		.byte	105
 978 03b6 8F       		.byte	-113
 979 03b7 96       		.byte	-106
 980 03b8 92       		.byte	-110
 981 03b9 0F       		.byte	15
 982 03ba 95       		.byte	-107
 983 03bb FF       		.byte	-1
 984 03bc 96       		.byte	-106
 985 03bd 0B       		.byte	11
 986 03be 99       		.byte	-103
 987 03bf 55       		.byte	85
 988 03c0 9B       		.byte	-101
 989 03c1 AA       		.byte	-86
 990 03c2 9C       		.byte	-100
 991 03c3 02       		.byte	2
 992 03c4 9E       		.byte	-98
 993 03c5 01       		.byte	1
 994 03c6 A1       		.byte	-95
 995 03c7 33       		.byte	51
 996 03c8 A3       		.byte	-93
 997 03c9 CC       		.byte	-52
 998 03ca A5       		.byte	-91
 999 03cb FF       		.byte	-1
 1000 03cc AD       		.byte	-83
 1001 03cd 0F       		.byte	15
 1002 03ce AF       		.byte	-81
 1003 03cf F0       		.byte	-16
 1004 03d0 B0       		.byte	-80
 1005 03d1 01       		.byte	1
 1006 03d2 B2       		.byte	-78
 1007 03d3 04       		.byte	4
 1008 03d4 B4       		.byte	-76
 1009 03d5 02       		.byte	2
 1010 03d6 B6       		.byte	-74
 1011 03d7 08       		.byte	8
 1012 03d8 B7       		.byte	-73
 1013 03d9 FF       		.byte	-1
 1014 03da BA       		.byte	-70
 1015 03db 8A       		.byte	-118
 1016 03dc BE       		.byte	-66
 1017 03dd 10       		.byte	16
 1018 03de BF       		.byte	-65
 1019 03df 40       		.byte	64
 1020 03e0 D8       		.byte	-40
 1021 03e1 04       		.byte	4
 1022 03e2 D9       		.byte	-39
 1023 03e3 04       		.byte	4
 1024 03e4 DF       		.byte	-33
 1025 03e5 01       		.byte	1
 1026 03e6 01       		.byte	1
ARM GAS  C:\Users\DGILLI~1\AppData\Local\Temp\ccuWyshM.s 			page 19


 1027 03e7 08       		.byte	8
 1028 03e8 03       		.byte	3
 1029 03e9 06       		.byte	6
 1030 03ea 05       		.byte	5
 1031 03eb 01       		.byte	1
 1032 03ec 0A       		.byte	10
 1033 03ed 04       		.byte	4
 1034 03ee 0B       		.byte	11
 1035 03ef 60       		.byte	96
 1036 03f0 0E       		.byte	14
 1037 03f1 A1       		.byte	-95
 1038 03f2 10       		.byte	16
 1039 03f3 80       		.byte	-128
 1040 03f4 19       		.byte	25
 1041 03f5 20       		.byte	32
 1042 03f6 1D       		.byte	29
 1043 03f7 01       		.byte	1
 1044 03f8 1E       		.byte	30
 1045 03f9 29       		.byte	41
 1046 03fa 23       		.byte	35
 1047 03fb 04       		.byte	4
 1048 03fc 25       		.byte	37
 1049 03fd 80       		.byte	-128
 1050 03fe 29       		.byte	41
 1051 03ff 08       		.byte	8
 1052 0400 2A       		.byte	42
 1053 0401 80       		.byte	-128
 1054 0402 2C       		.byte	44
 1055 0403 80       		.byte	-128
 1056 0404 2D       		.byte	45
 1057 0405 08       		.byte	8
 1058 0406 2F       		.byte	47
 1059 0407 02       		.byte	2
 1060 0408 30       		.byte	48
 1061 0409 80       		.byte	-128
 1062 040a 33       		.byte	51
 1063 040b 06       		.byte	6
 1064 040c 34       		.byte	52
 1065 040d 10       		.byte	16
 1066 040e 37       		.byte	55
 1067 040f 04       		.byte	4
 1068 0410 3B       		.byte	59
 1069 0411 60       		.byte	96
 1070 0412 3C       		.byte	60
 1071 0413 08       		.byte	8
 1072 0414 3E       		.byte	62
 1073 0415 80       		.byte	-128
 1074 0416 84       		.byte	-124
 1075 0417 04       		.byte	4
 1076 0418 87       		.byte	-121
 1077 0419 10       		.byte	16
 1078 041a 8D       		.byte	-115
 1079 041b 80       		.byte	-128
 1080 041c A3       		.byte	-93
 1081 041d 12       		.byte	18
 1082 041e A6       		.byte	-90
 1083 041f 04       		.byte	4
ARM GAS  C:\Users\DGILLI~1\AppData\Local\Temp\ccuWyshM.s 			page 20


 1084 0420 C0       		.byte	-64
 1085 0421 17       		.byte	23
 1086 0422 C2       		.byte	-62
 1087 0423 BE       		.byte	-66
 1088 0424 C4       		.byte	-60
 1089 0425 08       		.byte	8
 1090 0426 CA       		.byte	-54
 1091 0427 DA       		.byte	-38
 1092 0428 CC       		.byte	-52
 1093 0429 6B       		.byte	107
 1094 042a CE       		.byte	-50
 1095 042b 5C       		.byte	92
 1096 042c E2       		.byte	-30
 1097 042d 10       		.byte	16
 1098 042e E6       		.byte	-26
 1099 042f 02       		.byte	2
 1100 0430 82       		.byte	-126
 1101 0431 04       		.byte	4
 1102 0432 87       		.byte	-121
 1103 0433 02       		.byte	2
 1104 0434 8F       		.byte	-113
 1105 0435 10       		.byte	16
 1106 0436 E2       		.byte	-30
 1107 0437 08       		.byte	8
 1108 0438 80       		.byte	-128
 1109 0439 10       		.byte	16
 1110 043a 84       		.byte	-124
 1111 043b 40       		.byte	64
 1112 043c 8C       		.byte	-116
 1113 043d 01       		.byte	1
 1114 043e 90       		.byte	-112
 1115 043f 21       		.byte	33
 1116 0440 A0       		.byte	-96
 1117 0441 40       		.byte	64
 1118 0442 A8       		.byte	-88
 1119 0443 08       		.byte	8
 1120 0444 AA       		.byte	-86
 1121 0445 80       		.byte	-128
 1122 0446 B1       		.byte	-79
 1123 0447 82       		.byte	-126
 1124 0448 B2       		.byte	-78
 1125 0449 10       		.byte	16
 1126 044a B5       		.byte	-75
 1127 044b 01       		.byte	1
 1128 044c E6       		.byte	-26
 1129 044d 10       		.byte	16
 1130 044e EA       		.byte	-22
 1131 044f 21       		.byte	33
 1132 0450 EE       		.byte	-18
 1133 0451 40       		.byte	64
 1134 0452 00       		.byte	0
 1135 0453 09       		.byte	9
 1136 0454 02       		.byte	2
 1137 0455 04       		.byte	4
 1138 0456 03       		.byte	3
 1139 0457 04       		.byte	4
 1140 0458 04       		.byte	4
ARM GAS  C:\Users\DGILLI~1\AppData\Local\Temp\ccuWyshM.s 			page 21


 1141 0459 02       		.byte	2
 1142 045a 05       		.byte	5
 1143 045b 01       		.byte	1
 1144 045c 07       		.byte	7
 1145 045d 0A       		.byte	10
 1146 045e 0C       		.byte	12
 1147 045f 08       		.byte	8
 1148 0460 0D       		.byte	13
 1149 0461 04       		.byte	4
 1150 0462 0E       		.byte	14
 1151 0463 05       		.byte	5
 1152 0464 10       		.byte	16
 1153 0465 02       		.byte	2
 1154 0466 11       		.byte	17
 1155 0467 09       		.byte	9
 1156 0468 13       		.byte	19
 1157 0469 02       		.byte	2
 1158 046a 18       		.byte	24
 1159 046b 0D       		.byte	13
 1160 046c 1B       		.byte	27
 1161 046d 04       		.byte	4
 1162 046e 1C       		.byte	28
 1163 046f 02       		.byte	2
 1164 0470 21       		.byte	33
 1165 0471 0A       		.byte	10
 1166 0472 23       		.byte	35
 1167 0473 01       		.byte	1
 1168 0474 25       		.byte	37
 1169 0475 08       		.byte	8
 1170 0476 26       		.byte	38
 1171 0477 0F       		.byte	15
 1172 0478 27       		.byte	39
 1173 0479 07       		.byte	7
 1174 047a 30       		.byte	48
 1175 047b 01       		.byte	1
 1176 047c 31       		.byte	49
 1177 047d 08       		.byte	8
 1178 047e 32       		.byte	50
 1179 047f 02       		.byte	2
 1180 0480 33       		.byte	51
 1181 0481 01       		.byte	1
 1182 0482 34       		.byte	52
 1183 0483 04       		.byte	4
 1184 0484 35       		.byte	53
 1185 0485 04       		.byte	4
 1186 0486 36       		.byte	54
 1187 0487 08       		.byte	8
 1188 0488 37       		.byte	55
 1189 0489 02       		.byte	2
 1190 048a 3E       		.byte	62
 1191 048b 55       		.byte	85
 1192 048c 3F       		.byte	63
 1193 048d 55       		.byte	85
 1194 048e 58       		.byte	88
 1195 048f 04       		.byte	4
 1196 0490 59       		.byte	89
 1197 0491 04       		.byte	4
ARM GAS  C:\Users\DGILLI~1\AppData\Local\Temp\ccuWyshM.s 			page 22


 1198 0492 5F       		.byte	95
 1199 0493 01       		.byte	1
 1200 0494 84       		.byte	-124
 1201 0495 69       		.byte	105
 1202 0496 85       		.byte	-123
 1203 0497 55       		.byte	85
 1204 0498 86       		.byte	-122
 1205 0499 96       		.byte	-106
 1206 049a 87       		.byte	-121
 1207 049b AA       		.byte	-86
 1208 049c 88       		.byte	-120
 1209 049d 0F       		.byte	15
 1210 049e 8A       		.byte	-118
 1211 049f F0       		.byte	-16
 1212 04a0 8C       		.byte	-116
 1213 04a1 33       		.byte	51
 1214 04a2 8E       		.byte	-114
 1215 04a3 CC       		.byte	-52
 1216 04a4 91       		.byte	-111
 1217 04a5 33       		.byte	51
 1218 04a6 93       		.byte	-109
 1219 04a7 CC       		.byte	-52
 1220 04a8 95       		.byte	-107
 1221 04a9 0F       		.byte	15
 1222 04aa 97       		.byte	-105
 1223 04ab F0       		.byte	-16
 1224 04ac 9B       		.byte	-101
 1225 04ad FF       		.byte	-1
 1226 04ae 9E       		.byte	-98
 1227 04af FF       		.byte	-1
 1228 04b0 A0       		.byte	-96
 1229 04b1 55       		.byte	85
 1230 04b2 A2       		.byte	-94
 1231 04b3 AA       		.byte	-86
 1232 04b4 A3       		.byte	-93
 1233 04b5 FF       		.byte	-1
 1234 04b6 A6       		.byte	-90
 1235 04b7 FF       		.byte	-1
 1236 04b8 A9       		.byte	-87
 1237 04b9 96       		.byte	-106
 1238 04ba AA       		.byte	-86
 1239 04bb FF       		.byte	-1
 1240 04bc AB       		.byte	-85
 1241 04bd 69       		.byte	105
 1242 04be AD       		.byte	-83
 1243 04bf FF       		.byte	-1
 1244 04c0 B0       		.byte	-80
 1245 04c1 FF       		.byte	-1
 1246 04c2 B1       		.byte	-79
 1247 04c3 FF       		.byte	-1
 1248 04c4 BE       		.byte	-66
 1249 04c5 01       		.byte	1
 1250 04c6 BF       		.byte	-65
 1251 04c7 01       		.byte	1
 1252 04c8 D8       		.byte	-40
 1253 04c9 04       		.byte	4
 1254 04ca D9       		.byte	-39
ARM GAS  C:\Users\DGILLI~1\AppData\Local\Temp\ccuWyshM.s 			page 23


 1255 04cb 04       		.byte	4
 1256 04cc DF       		.byte	-33
 1257 04cd 01       		.byte	1
 1258 04ce 00       		.byte	0
 1259 04cf 20       		.byte	32
 1260 04d0 02       		.byte	2
 1261 04d1 13       		.byte	19
 1262 04d2 03       		.byte	3
 1263 04d3 08       		.byte	8
 1264 04d4 05       		.byte	5
 1265 04d5 02       		.byte	2
 1266 04d6 06       		.byte	6
 1267 04d7 02       		.byte	2
 1268 04d8 07       		.byte	7
 1269 04d9 11       		.byte	17
 1270 04da 08       		.byte	8
 1271 04db 80       		.byte	-128
 1272 04dc 0B       		.byte	11
 1273 04dd 02       		.byte	2
 1274 04de 0F       		.byte	15
 1275 04df 8A       		.byte	-118
 1276 04e0 10       		.byte	16
 1277 04e1 18       		.byte	24
 1278 04e2 13       		.byte	19
 1279 04e3 02       		.byte	2
 1280 04e4 15       		.byte	21
 1281 04e5 04       		.byte	4
 1282 04e6 1A       		.byte	26
 1283 04e7 80       		.byte	-128
 1284 04e8 1C       		.byte	28
 1285 04e9 11       		.byte	17
 1286 04ea 1D       		.byte	29
 1287 04eb 01       		.byte	1
 1288 04ec 1F       		.byte	31
 1289 04ed 20       		.byte	32
 1290 04ee 21       		.byte	33
 1291 04ef 02       		.byte	2
 1292 04f0 24       		.byte	36
 1293 04f1 20       		.byte	32
 1294 04f2 25       		.byte	37
 1295 04f3 A0       		.byte	-96
 1296 04f4 26       		.byte	38
 1297 04f5 01       		.byte	1
 1298 04f6 28       		.byte	40
 1299 04f7 80       		.byte	-128
 1300 04f8 2A       		.byte	42
 1301 04f9 90       		.byte	-112
 1302 04fa 2D       		.byte	45
 1303 04fb 06       		.byte	6
 1304 04fc 30       		.byte	48
 1305 04fd 10       		.byte	16
 1306 04fe 32       		.byte	50
 1307 04ff 02       		.byte	2
 1308 0500 33       		.byte	51
 1309 0501 08       		.byte	8
 1310 0502 37       		.byte	55
 1311 0503 11       		.byte	17
ARM GAS  C:\Users\DGILLI~1\AppData\Local\Temp\ccuWyshM.s 			page 24


 1312 0504 3A       		.byte	58
 1313 0505 08       		.byte	8
 1314 0506 3F       		.byte	63
 1315 0507 8A       		.byte	-118
 1316 0508 82       		.byte	-126
 1317 0509 01       		.byte	1
 1318 050a 85       		.byte	-123
 1319 050b 20       		.byte	32
 1320 050c 87       		.byte	-121
 1321 050d E0       		.byte	-32
 1322 050e 8A       		.byte	-118
 1323 050f 08       		.byte	8
 1324 0510 8B       		.byte	-117
 1325 0511 0A       		.byte	10
 1326 0512 8F       		.byte	-113
 1327 0513 04       		.byte	4
 1328 0514 91       		.byte	-111
 1329 0515 04       		.byte	4
 1330 0516 93       		.byte	-109
 1331 0517 42       		.byte	66
 1332 0518 94       		.byte	-108
 1333 0519 10       		.byte	16
 1334 051a 96       		.byte	-106
 1335 051b 80       		.byte	-128
 1336 051c 98       		.byte	-104
 1337 051d 10       		.byte	16
 1338 051e 9A       		.byte	-102
 1339 051f 03       		.byte	3
 1340 0520 9B       		.byte	-101
 1341 0521 98       		.byte	-104
 1342 0522 9D       		.byte	-99
 1343 0523 02       		.byte	2
 1344 0524 9E       		.byte	-98
 1345 0525 10       		.byte	16
 1346 0526 9F       		.byte	-97
 1347 0527 02       		.byte	2
 1348 0528 A0       		.byte	-96
 1349 0529 50       		.byte	80
 1350 052a A3       		.byte	-93
 1351 052b 41       		.byte	65
 1352 052c A4       		.byte	-92
 1353 052d 08       		.byte	8
 1354 052e A5       		.byte	-91
 1355 052f 02       		.byte	2
 1356 0530 A7       		.byte	-89
 1357 0531 04       		.byte	4
 1358 0532 AB       		.byte	-85
 1359 0533 01       		.byte	1
 1360 0534 AD       		.byte	-83
 1361 0535 24       		.byte	36
 1362 0536 B1       		.byte	-79
 1363 0537 50       		.byte	80
 1364 0538 B2       		.byte	-78
 1365 0539 20       		.byte	32
 1366 053a C0       		.byte	-64
 1367 053b B7       		.byte	-73
 1368 053c C2       		.byte	-62
ARM GAS  C:\Users\DGILLI~1\AppData\Local\Temp\ccuWyshM.s 			page 25


 1369 053d D1       		.byte	-47
 1370 053e C4       		.byte	-60
 1371 053f 2E       		.byte	46
 1372 0540 CA       		.byte	-54
 1373 0541 CD       		.byte	-51
 1374 0542 CC       		.byte	-52
 1375 0543 A7       		.byte	-89
 1376 0544 CE       		.byte	-50
 1377 0545 D2       		.byte	-46
 1378 0546 E4       		.byte	-28
 1379 0547 02       		.byte	2
 1380 0548 E6       		.byte	-26
 1381 0549 80       		.byte	-128
 1382 054a EE       		.byte	-18
 1383 054b 26       		.byte	38
 1384 054c 00       		.byte	0
 1385 054d 01       		.byte	1
 1386 054e 04       		.byte	4
 1387 054f 01       		.byte	1
 1388 0550 05       		.byte	5
 1389 0551 96       		.byte	-106
 1390 0552 07       		.byte	7
 1391 0553 69       		.byte	105
 1392 0554 08       		.byte	8
 1393 0555 01       		.byte	1
 1394 0556 09       		.byte	9
 1395 0557 55       		.byte	85
 1396 0558 0B       		.byte	11
 1397 0559 AA       		.byte	-86
 1398 055a 0C       		.byte	12
 1399 055b 08       		.byte	8
 1400 055c 0E       		.byte	14
 1401 055d 24       		.byte	36
 1402 055e 0F       		.byte	15
 1403 055f FF       		.byte	-1
 1404 0560 10       		.byte	16
 1405 0561 10       		.byte	16
 1406 0562 12       		.byte	18
 1407 0563 26       		.byte	38
 1408 0564 13       		.byte	19
 1409 0565 FF       		.byte	-1
 1410 0566 15       		.byte	21
 1411 0567 0F       		.byte	15
 1412 0568 16       		.byte	22
 1413 0569 2A       		.byte	42
 1414 056a 17       		.byte	23
 1415 056b F0       		.byte	-16
 1416 056c 1A       		.byte	26
 1417 056d 0A       		.byte	10
 1418 056e 1C       		.byte	28
 1419 056f 01       		.byte	1
 1420 0570 1D       		.byte	29
 1421 0571 FF       		.byte	-1
 1422 0572 20       		.byte	32
 1423 0573 01       		.byte	1
 1424 0574 24       		.byte	36
 1425 0575 01       		.byte	1
ARM GAS  C:\Users\DGILLI~1\AppData\Local\Temp\ccuWyshM.s 			page 26


 1426 0576 25       		.byte	37
 1427 0577 33       		.byte	51
 1428 0578 27       		.byte	39
 1429 0579 CC       		.byte	-52
 1430 057a 28       		.byte	40
 1431 057b 01       		.byte	1
 1432 057c 2C       		.byte	44
 1433 057d 01       		.byte	1
 1434 057e 30       		.byte	48
 1435 057f 18       		.byte	24
 1436 0580 32       		.byte	50
 1437 0581 06       		.byte	6
 1438 0582 34       		.byte	52
 1439 0583 22       		.byte	34
 1440 0584 36       		.byte	54
 1441 0585 01       		.byte	1
 1442 0586 37       		.byte	55
 1443 0587 FF       		.byte	-1
 1444 0588 38       		.byte	56
 1445 0589 80       		.byte	-128
 1446 058a 3A       		.byte	58
 1447 058b 2B       		.byte	43
 1448 058c 3E       		.byte	62
 1449 058d 40       		.byte	64
 1450 058e 3F       		.byte	63
 1451 058f 40       		.byte	64
 1452 0590 58       		.byte	88
 1453 0591 04       		.byte	4
 1454 0592 59       		.byte	89
 1455 0593 04       		.byte	4
 1456 0594 5F       		.byte	95
 1457 0595 01       		.byte	1
 1458 0596 84       		.byte	-124
 1459 0597 96       		.byte	-106
 1460 0598 86       		.byte	-122
 1461 0599 69       		.byte	105
 1462 059a 8E       		.byte	-114
 1463 059b FF       		.byte	-1
 1464 059c 90       		.byte	-112
 1465 059d FF       		.byte	-1
 1466 059e 91       		.byte	-111
 1467 059f 96       		.byte	-106
 1468 05a0 93       		.byte	-109
 1469 05a1 69       		.byte	105
 1470 05a2 95       		.byte	-107
 1471 05a3 33       		.byte	51
 1472 05a4 97       		.byte	-105
 1473 05a5 CC       		.byte	-52
 1474 05a6 98       		.byte	-104
 1475 05a7 55       		.byte	85
 1476 05a8 9A       		.byte	-102
 1477 05a9 AA       		.byte	-86
 1478 05aa 9D       		.byte	-99
 1479 05ab 0F       		.byte	15
 1480 05ac 9E       		.byte	-98
 1481 05ad FF       		.byte	-1
 1482 05ae 9F       		.byte	-97
ARM GAS  C:\Users\DGILLI~1\AppData\Local\Temp\ccuWyshM.s 			page 27


 1483 05af F0       		.byte	-16
 1484 05b0 A0       		.byte	-96
 1485 05b1 0F       		.byte	15
 1486 05b2 A1       		.byte	-95
 1487 05b3 55       		.byte	85
 1488 05b4 A2       		.byte	-94
 1489 05b5 F0       		.byte	-16
 1490 05b6 A3       		.byte	-93
 1491 05b7 AA       		.byte	-86
 1492 05b8 A4       		.byte	-92
 1493 05b9 33       		.byte	51
 1494 05ba A6       		.byte	-90
 1495 05bb CC       		.byte	-52
 1496 05bc B4       		.byte	-76
 1497 05bd FF       		.byte	-1
 1498 05be B7       		.byte	-73
 1499 05bf FF       		.byte	-1
 1500 05c0 BE       		.byte	-66
 1501 05c1 10       		.byte	16
 1502 05c2 BF       		.byte	-65
 1503 05c3 40       		.byte	64
 1504 05c4 D8       		.byte	-40
 1505 05c5 04       		.byte	4
 1506 05c6 D9       		.byte	-39
 1507 05c7 04       		.byte	4
 1508 05c8 DF       		.byte	-33
 1509 05c9 01       		.byte	1
 1510 05ca 00       		.byte	0
 1511 05cb 08       		.byte	8
 1512 05cc 02       		.byte	2
 1513 05cd 01       		.byte	1
 1514 05ce 04       		.byte	4
 1515 05cf 44       		.byte	68
 1516 05d0 05       		.byte	5
 1517 05d1 12       		.byte	18
 1518 05d2 08       		.byte	8
 1519 05d3 82       		.byte	-126
 1520 05d4 09       		.byte	9
 1521 05d5 10       		.byte	16
 1522 05d6 0E       		.byte	14
 1523 05d7 A8       		.byte	-88
 1524 05d8 0F       		.byte	15
 1525 05d9 02       		.byte	2
 1526 05da 10       		.byte	16
 1527 05db 10       		.byte	16
 1528 05dc 12       		.byte	18
 1529 05dd 80       		.byte	-128
 1530 05de 17       		.byte	23
 1531 05df 55       		.byte	85
 1532 05e0 19       		.byte	25
 1533 05e1 10       		.byte	16
 1534 05e2 1C       		.byte	28
 1535 05e3 40       		.byte	64
 1536 05e4 1E       		.byte	30
 1537 05e5 28       		.byte	40
 1538 05e6 1F       		.byte	31
 1539 05e7 80       		.byte	-128
ARM GAS  C:\Users\DGILLI~1\AppData\Local\Temp\ccuWyshM.s 			page 28


 1540 05e8 21       		.byte	33
 1541 05e9 80       		.byte	-128
 1542 05ea 27       		.byte	39
 1543 05eb 01       		.byte	1
 1544 05ec 2B       		.byte	43
 1545 05ed 80       		.byte	-128
 1546 05ee 2C       		.byte	44
 1547 05ef 10       		.byte	16
 1548 05f0 30       		.byte	48
 1549 05f1 40       		.byte	64
 1550 05f2 32       		.byte	50
 1551 05f3 0A       		.byte	10
 1552 05f4 34       		.byte	52
 1553 05f5 8A       		.byte	-118
 1554 05f6 3C       		.byte	60
 1555 05f7 88       		.byte	-120
 1556 05f8 3D       		.byte	61
 1557 05f9 20       		.byte	32
 1558 05fa 3F       		.byte	63
 1559 05fb 20       		.byte	32
 1560 05fc 84       		.byte	-124
 1561 05fd 04       		.byte	4
 1562 05fe 87       		.byte	-121
 1563 05ff 02       		.byte	2
 1564 0600 88       		.byte	-120
 1565 0601 40       		.byte	64
 1566 0602 8A       		.byte	-118
 1567 0603 08       		.byte	8
 1568 0604 8E       		.byte	-114
 1569 0605 04       		.byte	4
 1570 0606 94       		.byte	-108
 1571 0607 40       		.byte	64
 1572 0608 9B       		.byte	-101
 1573 0609 10       		.byte	16
 1574 060a 9C       		.byte	-100
 1575 060b 92       		.byte	-110
 1576 060c 9E       		.byte	-98
 1577 060d 01       		.byte	1
 1578 060e A0       		.byte	-96
 1579 060f 40       		.byte	64
 1580 0610 A2       		.byte	-94
 1581 0611 40       		.byte	64
 1582 0612 A3       		.byte	-93
 1583 0613 11       		.byte	17
 1584 0614 A4       		.byte	-92
 1585 0615 04       		.byte	4
 1586 0616 A6       		.byte	-90
 1587 0617 80       		.byte	-128
 1588 0618 A9       		.byte	-87
 1589 0619 08       		.byte	8
 1590 061a AE       		.byte	-82
 1591 061b 40       		.byte	64
 1592 061c B1       		.byte	-79
 1593 061d 20       		.byte	32
 1594 061e B2       		.byte	-78
 1595 061f 04       		.byte	4
 1596 0620 C0       		.byte	-64
ARM GAS  C:\Users\DGILLI~1\AppData\Local\Temp\ccuWyshM.s 			page 29


 1597 0621 F5       		.byte	-11
 1598 0622 C2       		.byte	-62
 1599 0623 FB       		.byte	-5
 1600 0624 C4       		.byte	-60
 1601 0625 FC       		.byte	-4
 1602 0626 CA       		.byte	-54
 1603 0627 41       		.byte	65
 1604 0628 CC       		.byte	-52
 1605 0629 DB       		.byte	-37
 1606 062a CE       		.byte	-50
 1607 062b 70       		.byte	112
 1608 062c E2       		.byte	-30
 1609 062d 60       		.byte	96
 1610 062e EA       		.byte	-22
 1611 062f 80       		.byte	-128
 1612 0630 EE       		.byte	-18
 1613 0631 84       		.byte	-124
 1614 0632 00       		.byte	0
 1615 0633 96       		.byte	-106
 1616 0634 02       		.byte	2
 1617 0635 69       		.byte	105
 1618 0636 08       		.byte	8
 1619 0637 FF       		.byte	-1
 1620 0638 0C       		.byte	12
 1621 0639 FF       		.byte	-1
 1622 063a 0D       		.byte	13
 1623 063b FF       		.byte	-1
 1624 063c 17       		.byte	23
 1625 063d FF       		.byte	-1
 1626 063e 18       		.byte	24
 1627 063f 33       		.byte	51
 1628 0640 1A       		.byte	26
 1629 0641 CC       		.byte	-52
 1630 0642 1C       		.byte	28
 1631 0643 FF       		.byte	-1
 1632 0644 1D       		.byte	29
 1633 0645 0F       		.byte	15
 1634 0646 1F       		.byte	31
 1635 0647 F0       		.byte	-16
 1636 0648 20       		.byte	32
 1637 0649 0F       		.byte	15
 1638 064a 22       		.byte	34
 1639 064b F0       		.byte	-16
 1640 064c 23       		.byte	35
 1641 064d FF       		.byte	-1
 1642 064e 24       		.byte	36
 1643 064f 55       		.byte	85
 1644 0650 25       		.byte	37
 1645 0651 33       		.byte	51
 1646 0652 26       		.byte	38
 1647 0653 AA       		.byte	-86
 1648 0654 27       		.byte	39
 1649 0655 CC       		.byte	-52
 1650 0656 29       		.byte	41
 1651 0657 55       		.byte	85
 1652 0658 2B       		.byte	43
 1653 0659 AA       		.byte	-86
ARM GAS  C:\Users\DGILLI~1\AppData\Local\Temp\ccuWyshM.s 			page 30


 1654 065a 2D       		.byte	45
 1655 065b 96       		.byte	-106
 1656 065c 2F       		.byte	47
 1657 065d 69       		.byte	105
 1658 065e 30       		.byte	48
 1659 065f FF       		.byte	-1
 1660 0660 35       		.byte	53
 1661 0661 FF       		.byte	-1
 1662 0662 3E       		.byte	62
 1663 0663 01       		.byte	1
 1664 0664 3F       		.byte	63
 1665 0665 10       		.byte	16
 1666 0666 58       		.byte	88
 1667 0667 04       		.byte	4
 1668 0668 59       		.byte	89
 1669 0669 04       		.byte	4
 1670 066a 5F       		.byte	95
 1671 066b 01       		.byte	1
 1672 066c 89       		.byte	-119
 1673 066d 55       		.byte	85
 1674 066e 8A       		.byte	-118
 1675 066f FF       		.byte	-1
 1676 0670 8B       		.byte	-117
 1677 0671 AA       		.byte	-86
 1678 0672 8E       		.byte	-114
 1679 0673 FF       		.byte	-1
 1680 0674 8F       		.byte	-113
 1681 0675 FF       		.byte	-1
 1682 0676 91       		.byte	-111
 1683 0677 69       		.byte	105
 1684 0678 93       		.byte	-109
 1685 0679 96       		.byte	-106
 1686 067a 94       		.byte	-108
 1687 067b 55       		.byte	85
 1688 067c 95       		.byte	-107
 1689 067d 0F       		.byte	15
 1690 067e 96       		.byte	-106
 1691 067f AA       		.byte	-86
 1692 0680 97       		.byte	-105
 1693 0681 F0       		.byte	-16
 1694 0682 98       		.byte	-104
 1695 0683 33       		.byte	51
 1696 0684 9A       		.byte	-102
 1697 0685 CC       		.byte	-52
 1698 0686 9D       		.byte	-99
 1699 0687 FF       		.byte	-1
 1700 0688 9E       		.byte	-98
 1701 0689 FF       		.byte	-1
 1702 068a A0       		.byte	-96
 1703 068b 69       		.byte	105
 1704 068c A2       		.byte	-94
 1705 068d 96       		.byte	-106
 1706 068e A5       		.byte	-91
 1707 068f 33       		.byte	51
 1708 0690 A7       		.byte	-89
 1709 0691 CC       		.byte	-52
 1710 0692 A8       		.byte	-88
ARM GAS  C:\Users\DGILLI~1\AppData\Local\Temp\ccuWyshM.s 			page 31


 1711 0693 0F       		.byte	15
 1712 0694 A9       		.byte	-87
 1713 0695 FF       		.byte	-1
 1714 0696 AA       		.byte	-86
 1715 0697 F0       		.byte	-16
 1716 0698 B5       		.byte	-75
 1717 0699 FF       		.byte	-1
 1718 069a B6       		.byte	-74
 1719 069b FF       		.byte	-1
 1720 069c BE       		.byte	-66
 1721 069d 40       		.byte	64
 1722 069e BF       		.byte	-65
 1723 069f 10       		.byte	16
 1724 06a0 D8       		.byte	-40
 1725 06a1 04       		.byte	4
 1726 06a2 D9       		.byte	-39
 1727 06a3 04       		.byte	4
 1728 06a4 DF       		.byte	-33
 1729 06a5 01       		.byte	1
 1730 06a6 00       		.byte	0
 1731 06a7 40       		.byte	64
 1732 06a8 02       		.byte	2
 1733 06a9 41       		.byte	65
 1734 06aa 03       		.byte	3
 1735 06ab 08       		.byte	8
 1736 06ac 04       		.byte	4
 1737 06ad 40       		.byte	64
 1738 06ae 06       		.byte	6
 1739 06af 08       		.byte	8
 1740 06b0 08       		.byte	8
 1741 06b1 90       		.byte	-112
 1742 06b2 0C       		.byte	12
 1743 06b3 14       		.byte	20
 1744 06b4 0D       		.byte	13
 1745 06b5 80       		.byte	-128
 1746 06b6 0F       		.byte	15
 1747 06b7 20       		.byte	32
 1748 06b8 11       		.byte	17
 1749 06b9 04       		.byte	4
 1750 06ba 12       		.byte	18
 1751 06bb 80       		.byte	-128
 1752 06bc 14       		.byte	20
 1753 06bd 08       		.byte	8
 1754 06be 16       		.byte	22
 1755 06bf 40       		.byte	64
 1756 06c0 17       		.byte	23
 1757 06c1 02       		.byte	2
 1758 06c2 19       		.byte	25
 1759 06c3 02       		.byte	2
 1760 06c4 1E       		.byte	30
 1761 06c5 01       		.byte	1
 1762 06c6 20       		.byte	32
 1763 06c7 04       		.byte	4
 1764 06c8 27       		.byte	39
 1765 06c9 04       		.byte	4
 1766 06ca 28       		.byte	40
 1767 06cb 94       		.byte	-108
ARM GAS  C:\Users\DGILLI~1\AppData\Local\Temp\ccuWyshM.s 			page 32


 1768 06cc 2A       		.byte	42
 1769 06cd 40       		.byte	64
 1770 06ce 2C       		.byte	44
 1771 06cf 10       		.byte	16
 1772 06d0 2F       		.byte	47
 1773 06d1 08       		.byte	8
 1774 06d2 32       		.byte	50
 1775 06d3 80       		.byte	-128
 1776 06d4 33       		.byte	51
 1777 06d5 08       		.byte	8
 1778 06d6 34       		.byte	52
 1779 06d7 88       		.byte	-120
 1780 06d8 37       		.byte	55
 1781 06d9 02       		.byte	2
 1782 06da 38       		.byte	56
 1783 06db 40       		.byte	64
 1784 06dc 3C       		.byte	60
 1785 06dd 40       		.byte	64
 1786 06de 3F       		.byte	63
 1787 06df 20       		.byte	32
 1788 06e0 42       		.byte	66
 1789 06e1 01       		.byte	1
 1790 06e2 43       		.byte	67
 1791 06e3 40       		.byte	64
 1792 06e4 79       		.byte	121
 1793 06e5 04       		.byte	4
 1794 06e6 7B       		.byte	123
 1795 06e7 10       		.byte	16
 1796 06e8 80       		.byte	-128
 1797 06e9 42       		.byte	66
 1798 06ea 81       		.byte	-127
 1799 06eb 80       		.byte	-128
 1800 06ec 83       		.byte	-125
 1801 06ed 08       		.byte	8
 1802 06ee 84       		.byte	-124
 1803 06ef 18       		.byte	24
 1804 06f0 86       		.byte	-122
 1805 06f1 80       		.byte	-128
 1806 06f2 8C       		.byte	-116
 1807 06f3 80       		.byte	-128
 1808 06f4 8E       		.byte	-114
 1809 06f5 08       		.byte	8
 1810 06f6 94       		.byte	-108
 1811 06f7 04       		.byte	4
 1812 06f8 9B       		.byte	-101
 1813 06f9 02       		.byte	2
 1814 06fa 9C       		.byte	-100
 1815 06fb 9A       		.byte	-102
 1816 06fc 9D       		.byte	-99
 1817 06fd 02       		.byte	2
 1818 06fe 9E       		.byte	-98
 1819 06ff 01       		.byte	1
 1820 0700 9F       		.byte	-97
 1821 0701 44       		.byte	68
 1822 0702 A3       		.byte	-93
 1823 0703 10       		.byte	16
 1824 0704 A6       		.byte	-90
ARM GAS  C:\Users\DGILLI~1\AppData\Local\Temp\ccuWyshM.s 			page 33


 1825 0705 80       		.byte	-128
 1826 0706 A9       		.byte	-87
 1827 0707 80       		.byte	-128
 1828 0708 AE       		.byte	-82
 1829 0709 02       		.byte	2
 1830 070a B2       		.byte	-78
 1831 070b 10       		.byte	16
 1832 070c C0       		.byte	-64
 1833 070d CB       		.byte	-53
 1834 070e C2       		.byte	-62
 1835 070f E3       		.byte	-29
 1836 0710 C4       		.byte	-60
 1837 0711 5C       		.byte	92
 1838 0712 CA       		.byte	-54
 1839 0713 6F       		.byte	111
 1840 0714 CC       		.byte	-52
 1841 0715 DA       		.byte	-38
 1842 0716 CE       		.byte	-50
 1843 0717 38       		.byte	56
 1844 0718 E6       		.byte	-26
 1845 0719 0F       		.byte	15
 1846 071a EA       		.byte	-22
 1847 071b 83       		.byte	-125
 1848 071c EC       		.byte	-20
 1849 071d 01       		.byte	1
 1850 071e EE       		.byte	-18
 1851 071f 20       		.byte	32
 1852 0720 50       		.byte	80
 1853 0721 08       		.byte	8
 1854 0722 55       		.byte	85
 1855 0723 08       		.byte	8
 1856 0724 5A       		.byte	90
 1857 0725 80       		.byte	-128
 1858 0726 5D       		.byte	93
 1859 0727 40       		.byte	64
 1860 0728 5E       		.byte	94
 1861 0729 01       		.byte	1
 1862 072a 62       		.byte	98
 1863 072b 20       		.byte	32
 1864 072c D4       		.byte	-44
 1865 072d E0       		.byte	-32
 1866 072e D6       		.byte	-42
 1867 072f A0       		.byte	-96
 1868 0730 D8       		.byte	-40
 1869 0731 40       		.byte	64
 1870 0732 53       		.byte	83
 1871 0733 80       		.byte	-128
 1872 0734 55       		.byte	85
 1873 0735 10       		.byte	16
 1874 0736 59       		.byte	89
 1875 0737 10       		.byte	16
 1876 0738 5F       		.byte	95
 1877 0739 88       		.byte	-120
 1878 073a 60       		.byte	96
 1879 073b 01       		.byte	1
 1880 073c 61       		.byte	97
 1881 073d 02       		.byte	2
ARM GAS  C:\Users\DGILLI~1\AppData\Local\Temp\ccuWyshM.s 			page 34


 1882 073e 64       		.byte	100
 1883 073f 10       		.byte	16
 1884 0740 81       		.byte	-127
 1885 0741 10       		.byte	16
 1886 0742 82       		.byte	-126
 1887 0743 20       		.byte	32
 1888 0744 85       		.byte	-123
 1889 0745 08       		.byte	8
 1890 0746 8C       		.byte	-116
 1891 0747 08       		.byte	8
 1892 0748 8F       		.byte	-113
 1893 0749 80       		.byte	-128
 1894 074a 95       		.byte	-107
 1895 074b 40       		.byte	64
 1896 074c 96       		.byte	-106
 1897 074d 81       		.byte	-127
 1898 074e A4       		.byte	-92
 1899 074f 08       		.byte	8
 1900 0750 A5       		.byte	-91
 1901 0751 08       		.byte	8
 1902 0752 A6       		.byte	-90
 1903 0753 20       		.byte	32
 1904 0754 D4       		.byte	-44
 1905 0755 E0       		.byte	-32
 1906 0756 D6       		.byte	-42
 1907 0757 E0       		.byte	-32
 1908 0758 D8       		.byte	-40
 1909 0759 C0       		.byte	-64
 1910 075a E2       		.byte	-30
 1911 075b 40       		.byte	64
 1912 075c E6       		.byte	-26
 1913 075d A0       		.byte	-96
 1914 075e 52       		.byte	82
 1915 075f 40       		.byte	64
 1916 0760 55       		.byte	85
 1917 0761 08       		.byte	8
 1918 0762 81       		.byte	-127
 1919 0763 10       		.byte	16
 1920 0764 87       		.byte	-121
 1921 0765 08       		.byte	8
 1922 0766 88       		.byte	-120
 1923 0767 10       		.byte	16
 1924 0768 8A       		.byte	-118
 1925 0769 40       		.byte	64
 1926 076a 8C       		.byte	-116
 1927 076b 01       		.byte	1
 1928 076c 94       		.byte	-108
 1929 076d 01       		.byte	1
 1930 076e 95       		.byte	-107
 1931 076f 40       		.byte	64
 1932 0770 96       		.byte	-106
 1933 0771 81       		.byte	-127
 1934 0772 9C       		.byte	-100
 1935 0773 10       		.byte	16
 1936 0774 9F       		.byte	-97
 1937 0775 08       		.byte	8
 1938 0776 A5       		.byte	-91
ARM GAS  C:\Users\DGILLI~1\AppData\Local\Temp\ccuWyshM.s 			page 35


 1939 0777 12       		.byte	18
 1940 0778 B3       		.byte	-77
 1941 0779 80       		.byte	-128
 1942 077a D4       		.byte	-44
 1943 077b 60       		.byte	96
 1944 077c E2       		.byte	-30
 1945 077d 90       		.byte	-112
 1946 077e 85       		.byte	-123
 1947 077f 01       		.byte	1
 1948 0780 88       		.byte	-120
 1949 0781 80       		.byte	-128
 1950 0782 8D       		.byte	-115
 1951 0783 42       		.byte	66
 1952 0784 8E       		.byte	-114
 1953 0785 40       		.byte	64
 1954 0786 90       		.byte	-112
 1955 0787 02       		.byte	2
 1956 0788 95       		.byte	-107
 1957 0789 40       		.byte	64
 1958 078a 96       		.byte	-106
 1959 078b 81       		.byte	-127
 1960 078c 9A       		.byte	-102
 1961 078d 01       		.byte	1
 1962 078e A5       		.byte	-91
 1963 078f 0A       		.byte	10
 1964 0790 B4       		.byte	-76
 1965 0791 01       		.byte	1
 1966 0792 B6       		.byte	-74
 1967 0793 01       		.byte	1
 1968 0794 E2       		.byte	-30
 1969 0795 10       		.byte	16
 1970 0796 00       		.byte	0
 1971 0797 08       		.byte	8
 1972 0798 02       		.byte	2
 1973 0799 02       		.byte	2
 1974 079a 06       		.byte	6
 1975 079b 24       		.byte	36
 1976 079c 0B       		.byte	11
 1977 079d 82       		.byte	-126
 1978 079e 0E       		.byte	14
 1979 079f 02       		.byte	2
 1980 07a0 0F       		.byte	15
 1981 07a1 40       		.byte	64
 1982 07a2 87       		.byte	-121
 1983 07a3 40       		.byte	64
 1984 07a4 8E       		.byte	-114
 1985 07a5 01       		.byte	1
 1986 07a6 C0       		.byte	-64
 1987 07a7 0F       		.byte	15
 1988 07a8 C2       		.byte	-62
 1989 07a9 0F       		.byte	15
 1990 07aa E2       		.byte	-30
 1991 07ab 08       		.byte	8
 1992 07ac 87       		.byte	-121
 1993 07ad 40       		.byte	64
 1994 07ae 93       		.byte	-109
 1995 07af 42       		.byte	66
ARM GAS  C:\Users\DGILLI~1\AppData\Local\Temp\ccuWyshM.s 			page 36


 1996 07b0 9A       		.byte	-102
 1997 07b1 24       		.byte	36
 1998 07b2 A0       		.byte	-96
 1999 07b3 04       		.byte	4
 2000 07b4 A2       		.byte	-94
 2001 07b5 02       		.byte	2
 2002 07b6 82       		.byte	-126
 2003 07b7 20       		.byte	32
 2004 07b8 93       		.byte	-109
 2005 07b9 02       		.byte	2
 2006 07ba 9A       		.byte	-102
 2007 07bb 24       		.byte	36
 2008 07bc A0       		.byte	-96
 2009 07bd 04       		.byte	4
 2010 07be A2       		.byte	-94
 2011 07bf 02       		.byte	2
 2012 07c0 AA       		.byte	-86
 2013 07c1 04       		.byte	4
 2014 07c2 AC       		.byte	-84
 2015 07c3 04       		.byte	4
 2016 07c4 B2       		.byte	-78
 2017 07c5 02       		.byte	2
 2018 07c6 EE       		.byte	-18
 2019 07c7 04       		.byte	4
 2020 07c8 50       		.byte	80
 2021 07c9 01       		.byte	1
 2022 07ca 51       		.byte	81
 2023 07cb 20       		.byte	32
 2024 07cc 57       		.byte	87
 2025 07cd 80       		.byte	-128
 2026 07ce 5D       		.byte	93
 2027 07cf 80       		.byte	-128
 2028 07d0 80       		.byte	-128
 2029 07d1 04       		.byte	4
 2030 07d2 85       		.byte	-123
 2031 07d3 02       		.byte	2
 2032 07d4 86       		.byte	-122
 2033 07d5 01       		.byte	1
 2034 07d6 87       		.byte	-121
 2035 07d7 80       		.byte	-128
 2036 07d8 89       		.byte	-119
 2037 07d9 20       		.byte	32
 2038 07da 90       		.byte	-112
 2039 07db 02       		.byte	2
 2040 07dc 91       		.byte	-111
 2041 07dd 01       		.byte	1
 2042 07de 96       		.byte	-106
 2043 07df 01       		.byte	1
 2044 07e0 98       		.byte	-104
 2045 07e1 80       		.byte	-128
 2046 07e2 99       		.byte	-103
 2047 07e3 80       		.byte	-128
 2048 07e4 9A       		.byte	-102
 2049 07e5 01       		.byte	1
 2050 07e6 AD       		.byte	-83
 2051 07e7 80       		.byte	-128
 2052 07e8 B1       		.byte	-79
ARM GAS  C:\Users\DGILLI~1\AppData\Local\Temp\ccuWyshM.s 			page 37


 2053 07e9 08       		.byte	8
 2054 07ea D4       		.byte	-44
 2055 07eb E0       		.byte	-32
 2056 07ec D6       		.byte	-42
 2057 07ed 20       		.byte	32
 2058 07ee E2       		.byte	-30
 2059 07ef 50       		.byte	80
 2060 07f0 E6       		.byte	-26
 2061 07f1 90       		.byte	-112
 2062 07f2 EA       		.byte	-22
 2063 07f3 10       		.byte	16
 2064 07f4 53       		.byte	83
 2065 07f5 10       		.byte	16
 2066 07f6 56       		.byte	86
 2067 07f7 10       		.byte	16
 2068 07f8 58       		.byte	88
 2069 07f9 80       		.byte	-128
 2070 07fa 5B       		.byte	91
 2071 07fb 08       		.byte	8
 2072 07fc 5D       		.byte	93
 2073 07fd 01       		.byte	1
 2074 07fe 5F       		.byte	95
 2075 07ff 20       		.byte	32
 2076 0800 61       		.byte	97
 2077 0801 02       		.byte	2
 2078 0802 66       		.byte	102
 2079 0803 01       		.byte	1
 2080 0804 70       		.byte	112
 2081 0805 04       		.byte	4
 2082 0806 77       		.byte	119
 2083 0807 10       		.byte	16
 2084 0808 83       		.byte	-125
 2085 0809 10       		.byte	16
 2086 080a 86       		.byte	-122
 2087 080b 10       		.byte	16
 2088 080c 8F       		.byte	-113
 2089 080d 20       		.byte	32
 2090 080e 90       		.byte	-112
 2091 080f 08       		.byte	8
 2092 0810 91       		.byte	-111
 2093 0811 01       		.byte	1
 2094 0812 93       		.byte	-109
 2095 0813 20       		.byte	32
 2096 0814 98       		.byte	-104
 2097 0815 80       		.byte	-128
 2098 0816 9A       		.byte	-102
 2099 0817 01       		.byte	1
 2100 0818 9B       		.byte	-101
 2101 0819 08       		.byte	8
 2102 081a A1       		.byte	-95
 2103 081b 02       		.byte	2
 2104 081c B3       		.byte	-77
 2105 081d 10       		.byte	16
 2106 081e B7       		.byte	-73
 2107 081f 08       		.byte	8
 2108 0820 D4       		.byte	-44
 2109 0821 E0       		.byte	-32
ARM GAS  C:\Users\DGILLI~1\AppData\Local\Temp\ccuWyshM.s 			page 38


 2110 0822 D6       		.byte	-42
 2111 0823 E0       		.byte	-32
 2112 0824 D8       		.byte	-40
 2113 0825 C0       		.byte	-64
 2114 0826 DC       		.byte	-36
 2115 0827 80       		.byte	-128
 2116 0828 DE       		.byte	-34
 2117 0829 20       		.byte	32
 2118 082a E2       		.byte	-30
 2119 082b 60       		.byte	96
 2120 082c 08       		.byte	8
 2121 082d 20       		.byte	32
 2122 082e 0C       		.byte	12
 2123 082f 08       		.byte	8
 2124 0830 0E       		.byte	14
 2125 0831 01       		.byte	1
 2126 0832 88       		.byte	-120
 2127 0833 24       		.byte	36
 2128 0834 8A       		.byte	-118
 2129 0835 01       		.byte	1
 2130 0836 9A       		.byte	-102
 2131 0837 04       		.byte	4
 2132 0838 A0       		.byte	-96
 2133 0839 04       		.byte	4
 2134 083a A2       		.byte	-94
 2135 083b 02       		.byte	2
 2136 083c AB       		.byte	-85
 2137 083d 01       		.byte	1
 2138 083e C2       		.byte	-62
 2139 083f 07       		.byte	7
 2140 0840 E2       		.byte	-30
 2141 0841 05       		.byte	5
 2142 0842 E6       		.byte	-26
 2143 0843 01       		.byte	1
 2144 0844 00       		.byte	0
 2145 0845 10       		.byte	16
 2146 0846 03       		.byte	3
 2147 0847 80       		.byte	-128
 2148 0848 04       		.byte	4
 2149 0849 08       		.byte	8
 2150 084a 06       		.byte	6
 2151 084b 02       		.byte	2
 2152 084c 08       		.byte	8
 2153 084d 80       		.byte	-128
 2154 084e 63       		.byte	99
 2155 084f 20       		.byte	32
 2156 0850 80       		.byte	-128
 2157 0851 04       		.byte	4
 2158 0852 82       		.byte	-126
 2159 0853 02       		.byte	2
 2160 0854 84       		.byte	-124
 2161 0855 80       		.byte	-128
 2162 0856 87       		.byte	-121
 2163 0857 80       		.byte	-128
 2164 0858 8C       		.byte	-116
 2165 0859 10       		.byte	16
 2166 085a A3       		.byte	-93
ARM GAS  C:\Users\DGILLI~1\AppData\Local\Temp\ccuWyshM.s 			page 39


 2167 085b 10       		.byte	16
 2168 085c AA       		.byte	-86
 2169 085d 04       		.byte	4
 2170 085e AB       		.byte	-85
 2171 085f 10       		.byte	16
 2172 0860 AC       		.byte	-84
 2173 0861 08       		.byte	8
 2174 0862 B2       		.byte	-78
 2175 0863 02       		.byte	2
 2176 0864 C0       		.byte	-64
 2177 0865 0F       		.byte	15
 2178 0866 C2       		.byte	-62
 2179 0867 02       		.byte	2
 2180 0868 D8       		.byte	-40
 2181 0869 02       		.byte	2
 2182 086a E2       		.byte	-30
 2183 086b 08       		.byte	8
 2184 086c EE       		.byte	-18
 2185 086d 04       		.byte	4
 2186 086e 00       		.byte	0
 2187 086f 01       		.byte	1
 2188 0870 0C       		.byte	12
 2189 0871 01       		.byte	1
 2190 0872 10       		.byte	16
 2191 0873 01       		.byte	1
 2192 0874 1C       		.byte	28
 2193 0875 01       		.byte	1
 2194 0876 00       		.byte	0
 2195 0877 00       		.byte	0
 2196 0878 00       		.byte	0
 2197 0879 FF       		.byte	-1
 2198 087a FF       		.byte	-1
 2199 087b 00       		.byte	0
 2200 087c FF       		.byte	-1
 2201 087d 00       		.byte	0
 2202 087e 00       		.byte	0
 2203 087f 00       		.byte	0
 2204 0880 00       		.byte	0
 2205 0881 0F       		.byte	15
 2206 0882 0F       		.byte	15
 2207 0883 00       		.byte	0
 2208 0884 0F       		.byte	15
 2209 0885 00       		.byte	0
 2210 0886 00       		.byte	0
 2211 0887 00       		.byte	0
 2212 0888 00       		.byte	0
 2213 0889 0F       		.byte	15
 2214 088a 0F       		.byte	15
 2215 088b 00       		.byte	0
 2216 088c 0F       		.byte	15
 2217 088d 00       		.byte	0
 2218 088e 00       		.byte	0
 2219 088f 00       		.byte	0
 2220 0890 E0       		.byte	-32
 2221 0891 00       		.byte	0
 2222 0892 00       		.byte	0
 2223 0893 E0       		.byte	-32
ARM GAS  C:\Users\DGILLI~1\AppData\Local\Temp\ccuWyshM.s 			page 40


 2224 0894 00       		.byte	0
 2225 0895 00       		.byte	0
 2226 0896 00       		.byte	0
 2227 0897 00       		.byte	0
 2228 0898 00       		.byte	0
 2229 0899 00       		.byte	0
 2230 089a 00       		.byte	0
 2231 089b 00       		.byte	0
 2232 089c FF       		.byte	-1
 2233 089d 00       		.byte	0
 2234 089e 80       		.byte	-128
 2235 089f FF       		.byte	-1
 2236 08a0 80       		.byte	-128
 2237 08a1 00       		.byte	0
 2238 08a2 00       		.byte	0
 2239 08a3 00       		.byte	0
 2240 08a4 00       		.byte	0
 2241 08a5 00       		.byte	0
 2242 08a6 00       		.byte	0
 2243 08a7 00       		.byte	0
 2244 08a8 00       		.byte	0
 2245 08a9 FF       		.byte	-1
 2246 08aa FF       		.byte	-1
 2247 08ab 00       		.byte	0
 2248 08ac FF       		.byte	-1
 2249 08ad 00       		.byte	0
 2250 08ae 00       		.byte	0
 2251 08af 00       		.byte	0
 2252 08b0 00       		.byte	0
 2253 08b1 3F       		.byte	63
 2254 08b2 3F       		.byte	63
 2255 08b3 00       		.byte	0
 2256 08b4 3F       		.byte	63
 2257 08b5 00       		.byte	0
 2258 08b6 00       		.byte	0
 2259 08b7 00       		.byte	0
 2260 08b8 0D       		.byte	13
 2261 08b9 00       		.byte	0
 2262 08ba 42       		.byte	66
 2263 08bb 1D       		.byte	29
 2264 08bc 10       		.byte	16
 2265 08bd 00       		.byte	0
 2266 08be 10       		.byte	16
 2267 08bf 00       		.byte	0
 2268 08c0 00       		.byte	0
 2269 08c1 00       		.byte	0
 2270 08c2 00       		.byte	0
 2271 08c3 00       		.byte	0
 2272              		.section	.cywolatch,"a",%progbits
 2273              		.align	2
 2274              		.type	cy_meta_wonvl, %object
 2275              		.size	cy_meta_wonvl, 4
 2276              	cy_meta_wonvl:
 2277 0000 BC       		.byte	-68
 2278 0001 90       		.byte	-112
 2279 0002 AC       		.byte	-84
 2280 0003 AF       		.byte	-81
ARM GAS  C:\Users\DGILLI~1\AppData\Local\Temp\ccuWyshM.s 			page 41


 2281              		.section	.cycustnvl,"a",%progbits
 2282              		.align	2
 2283              		.type	cy_meta_custnvl, %object
 2284              		.size	cy_meta_custnvl, 4
 2285              	cy_meta_custnvl:
 2286 0000 00       		.byte	0
 2287 0001 00       		.byte	0
 2288 0002 40       		.byte	64
 2289 0003 05       		.byte	5
 2290              		.section	.cymeta,"a",%progbits
 2291              		.align	2
 2292              		.type	cy_metadata, %object
 2293              		.size	cy_metadata, 12
 2294              	cy_metadata:
 2295 0000 00       		.byte	0
 2296 0001 01       		.byte	1
 2297 0002 2E       		.byte	46
 2298 0003 13       		.byte	19
 2299 0004 30       		.byte	48
 2300 0005 69       		.byte	105
 2301 0006 00       		.byte	0
 2302 0007 01       		.byte	1
 2303 0008 00       		.byte	0
 2304 0009 00       		.byte	0
 2305 000a 00       		.byte	0
 2306 000b 00       		.byte	0
 2307              		.section	.cyflashprotect,"a",%progbits
 2308              		.align	2
 2309              		.type	cy_meta_flashprotect, %object
 2310              		.size	cy_meta_flashprotect, 128
 2311              	cy_meta_flashprotect:
 2312 0000 00000000 		.space	128
 2312      00000000 
 2312      00000000 
 2312      00000000 
 2312      00000000 
 2313              		.text
 2314              	.Letext0:
 2315              		.file 1 ".\\Generated_Source\\PSoC5\\cymetadata.c"
 2316              		.file 2 ".\\Generated_Source\\PSoC5\\cytypes.h"
 2317              		.section	.debug_info,"",%progbits
 2318              	.Ldebug_info0:
 2319 0000 3A010000 		.4byte	0x13a
 2320 0004 0400     		.2byte	0x4
 2321 0006 00000000 		.4byte	.Ldebug_abbrev0
 2322 000a 04       		.byte	0x4
 2323 000b 01       		.uleb128 0x1
 2324 000c D7000000 		.4byte	.LASF18
 2325 0010 01       		.byte	0x1
 2326 0011 43000000 		.4byte	.LASF19
 2327 0015 00000000 		.4byte	.LASF20
 2328 0019 00000000 		.4byte	.Ldebug_line0
 2329 001d 02       		.uleb128 0x2
 2330 001e 01       		.byte	0x1
 2331 001f 06       		.byte	0x6
 2332 0020 E1010000 		.4byte	.LASF0
 2333 0024 02       		.uleb128 0x2
ARM GAS  C:\Users\DGILLI~1\AppData\Local\Temp\ccuWyshM.s 			page 42


 2334 0025 01       		.byte	0x1
 2335 0026 08       		.byte	0x8
 2336 0027 7B000000 		.4byte	.LASF1
 2337 002b 02       		.uleb128 0x2
 2338 002c 02       		.byte	0x2
 2339 002d 05       		.byte	0x5
 2340 002e C8010000 		.4byte	.LASF2
 2341 0032 02       		.uleb128 0x2
 2342 0033 02       		.byte	0x2
 2343 0034 07       		.byte	0x7
 2344 0035 9B000000 		.4byte	.LASF3
 2345 0039 02       		.uleb128 0x2
 2346 003a 04       		.byte	0x4
 2347 003b 05       		.byte	0x5
 2348 003c D8010000 		.4byte	.LASF4
 2349 0040 02       		.uleb128 0x2
 2350 0041 04       		.byte	0x4
 2351 0042 07       		.byte	0x7
 2352 0043 89000000 		.4byte	.LASF5
 2353 0047 02       		.uleb128 0x2
 2354 0048 08       		.byte	0x8
 2355 0049 05       		.byte	0x5
 2356 004a B5010000 		.4byte	.LASF6
 2357 004e 02       		.uleb128 0x2
 2358 004f 08       		.byte	0x8
 2359 0050 07       		.byte	0x7
 2360 0051 72010000 		.4byte	.LASF7
 2361 0055 03       		.uleb128 0x3
 2362 0056 04       		.byte	0x4
 2363 0057 05       		.byte	0x5
 2364 0058 696E7400 		.ascii	"int\000"
 2365 005c 02       		.uleb128 0x2
 2366 005d 04       		.byte	0x4
 2367 005e 07       		.byte	0x7
 2368 005f 65010000 		.4byte	.LASF8
 2369 0063 04       		.uleb128 0x4
 2370 0064 D2010000 		.4byte	.LASF21
 2371 0068 02       		.byte	0x2
 2372 0069 C2       		.byte	0xc2
 2373 006a 24000000 		.4byte	0x24
 2374 006e 02       		.uleb128 0x2
 2375 006f 04       		.byte	0x4
 2376 0070 04       		.byte	0x4
 2377 0071 75000000 		.4byte	.LASF9
 2378 0075 02       		.uleb128 0x2
 2379 0076 08       		.byte	0x8
 2380 0077 04       		.byte	0x4
 2381 0078 AE000000 		.4byte	.LASF10
 2382 007c 02       		.uleb128 0x2
 2383 007d 01       		.byte	0x1
 2384 007e 08       		.byte	0x8
 2385 007f C3010000 		.4byte	.LASF11
 2386 0083 05       		.uleb128 0x5
 2387 0084 63000000 		.4byte	0x63
 2388 0088 94000000 		.4byte	0x94
 2389 008c 06       		.uleb128 0x6
 2390 008d 94000000 		.4byte	0x94
ARM GAS  C:\Users\DGILLI~1\AppData\Local\Temp\ccuWyshM.s 			page 43


 2391 0091 C308     		.2byte	0x8c3
 2392 0093 00       		.byte	0
 2393 0094 02       		.uleb128 0x2
 2394 0095 04       		.byte	0x4
 2395 0096 07       		.byte	0x7
 2396 0097 AC010000 		.4byte	.LASF12
 2397 009b 07       		.uleb128 0x7
 2398 009c C5000000 		.4byte	.LASF13
 2399 00a0 01       		.byte	0x1
 2400 00a1 1C       		.byte	0x1c
 2401 00a2 AC000000 		.4byte	0xac
 2402 00a6 05       		.uleb128 0x5
 2403 00a7 03       		.byte	0x3
 2404 00a8 00000000 		.4byte	cy_meta_configecc
 2405 00ac 08       		.uleb128 0x8
 2406 00ad 83000000 		.4byte	0x83
 2407 00b1 05       		.uleb128 0x5
 2408 00b2 63000000 		.4byte	0x63
 2409 00b6 C1000000 		.4byte	0xc1
 2410 00ba 09       		.uleb128 0x9
 2411 00bb 94000000 		.4byte	0x94
 2412 00bf 03       		.byte	0x3
 2413 00c0 00       		.byte	0
 2414 00c1 0A       		.uleb128 0xa
 2415 00c2 B5000000 		.4byte	.LASF14
 2416 00c6 01       		.byte	0x1
 2417 00c7 3F01     		.2byte	0x13f
 2418 00c9 D3000000 		.4byte	0xd3
 2419 00cd 05       		.uleb128 0x5
 2420 00ce 03       		.byte	0x3
 2421 00cf 00000000 		.4byte	cy_meta_custnvl
 2422 00d3 08       		.uleb128 0x8
 2423 00d4 B1000000 		.4byte	0xb1
 2424 00d8 0A       		.uleb128 0xa
 2425 00d9 9E010000 		.4byte	.LASF15
 2426 00dd 01       		.byte	0x1
 2427 00de 4A01     		.2byte	0x14a
 2428 00e0 EA000000 		.4byte	0xea
 2429 00e4 05       		.uleb128 0x5
 2430 00e5 03       		.byte	0x3
 2431 00e6 00000000 		.4byte	cy_meta_wonvl
 2432 00ea 08       		.uleb128 0x8
 2433 00eb B1000000 		.4byte	0xb1
 2434 00ef 05       		.uleb128 0x5
 2435 00f0 63000000 		.4byte	0x63
 2436 00f4 FF000000 		.4byte	0xff
 2437 00f8 09       		.uleb128 0x9
 2438 00f9 94000000 		.4byte	0x94
 2439 00fd 7F       		.byte	0x7f
 2440 00fe 00       		.byte	0
 2441 00ff 0A       		.uleb128 0xa
 2442 0100 89010000 		.4byte	.LASF16
 2443 0104 01       		.byte	0x1
 2444 0105 5501     		.2byte	0x155
 2445 0107 11010000 		.4byte	0x111
 2446 010b 05       		.uleb128 0x5
 2447 010c 03       		.byte	0x3
ARM GAS  C:\Users\DGILLI~1\AppData\Local\Temp\ccuWyshM.s 			page 44


 2448 010d 00000000 		.4byte	cy_meta_flashprotect
 2449 0111 08       		.uleb128 0x8
 2450 0112 EF000000 		.4byte	0xef
 2451 0116 05       		.uleb128 0x5
 2452 0117 63000000 		.4byte	0x63
 2453 011b 26010000 		.4byte	0x126
 2454 011f 09       		.uleb128 0x9
 2455 0120 94000000 		.4byte	0x94
 2456 0124 0B       		.byte	0xb
 2457 0125 00       		.byte	0
 2458 0126 0A       		.uleb128 0xa
 2459 0127 69000000 		.4byte	.LASF17
 2460 012b 01       		.byte	0x1
 2461 012c 6F01     		.2byte	0x16f
 2462 012e 38010000 		.4byte	0x138
 2463 0132 05       		.uleb128 0x5
 2464 0133 03       		.byte	0x3
 2465 0134 00000000 		.4byte	cy_metadata
 2466 0138 08       		.uleb128 0x8
 2467 0139 16010000 		.4byte	0x116
 2468 013d 00       		.byte	0
 2469              		.section	.debug_abbrev,"",%progbits
 2470              	.Ldebug_abbrev0:
 2471 0000 01       		.uleb128 0x1
 2472 0001 11       		.uleb128 0x11
 2473 0002 01       		.byte	0x1
 2474 0003 25       		.uleb128 0x25
 2475 0004 0E       		.uleb128 0xe
 2476 0005 13       		.uleb128 0x13
 2477 0006 0B       		.uleb128 0xb
 2478 0007 03       		.uleb128 0x3
 2479 0008 0E       		.uleb128 0xe
 2480 0009 1B       		.uleb128 0x1b
 2481 000a 0E       		.uleb128 0xe
 2482 000b 10       		.uleb128 0x10
 2483 000c 17       		.uleb128 0x17
 2484 000d 00       		.byte	0
 2485 000e 00       		.byte	0
 2486 000f 02       		.uleb128 0x2
 2487 0010 24       		.uleb128 0x24
 2488 0011 00       		.byte	0
 2489 0012 0B       		.uleb128 0xb
 2490 0013 0B       		.uleb128 0xb
 2491 0014 3E       		.uleb128 0x3e
 2492 0015 0B       		.uleb128 0xb
 2493 0016 03       		.uleb128 0x3
 2494 0017 0E       		.uleb128 0xe
 2495 0018 00       		.byte	0
 2496 0019 00       		.byte	0
 2497 001a 03       		.uleb128 0x3
 2498 001b 24       		.uleb128 0x24
 2499 001c 00       		.byte	0
 2500 001d 0B       		.uleb128 0xb
 2501 001e 0B       		.uleb128 0xb
 2502 001f 3E       		.uleb128 0x3e
 2503 0020 0B       		.uleb128 0xb
 2504 0021 03       		.uleb128 0x3
ARM GAS  C:\Users\DGILLI~1\AppData\Local\Temp\ccuWyshM.s 			page 45


 2505 0022 08       		.uleb128 0x8
 2506 0023 00       		.byte	0
 2507 0024 00       		.byte	0
 2508 0025 04       		.uleb128 0x4
 2509 0026 16       		.uleb128 0x16
 2510 0027 00       		.byte	0
 2511 0028 03       		.uleb128 0x3
 2512 0029 0E       		.uleb128 0xe
 2513 002a 3A       		.uleb128 0x3a
 2514 002b 0B       		.uleb128 0xb
 2515 002c 3B       		.uleb128 0x3b
 2516 002d 0B       		.uleb128 0xb
 2517 002e 49       		.uleb128 0x49
 2518 002f 13       		.uleb128 0x13
 2519 0030 00       		.byte	0
 2520 0031 00       		.byte	0
 2521 0032 05       		.uleb128 0x5
 2522 0033 01       		.uleb128 0x1
 2523 0034 01       		.byte	0x1
 2524 0035 49       		.uleb128 0x49
 2525 0036 13       		.uleb128 0x13
 2526 0037 01       		.uleb128 0x1
 2527 0038 13       		.uleb128 0x13
 2528 0039 00       		.byte	0
 2529 003a 00       		.byte	0
 2530 003b 06       		.uleb128 0x6
 2531 003c 21       		.uleb128 0x21
 2532 003d 00       		.byte	0
 2533 003e 49       		.uleb128 0x49
 2534 003f 13       		.uleb128 0x13
 2535 0040 2F       		.uleb128 0x2f
 2536 0041 05       		.uleb128 0x5
 2537 0042 00       		.byte	0
 2538 0043 00       		.byte	0
 2539 0044 07       		.uleb128 0x7
 2540 0045 34       		.uleb128 0x34
 2541 0046 00       		.byte	0
 2542 0047 03       		.uleb128 0x3
 2543 0048 0E       		.uleb128 0xe
 2544 0049 3A       		.uleb128 0x3a
 2545 004a 0B       		.uleb128 0xb
 2546 004b 3B       		.uleb128 0x3b
 2547 004c 0B       		.uleb128 0xb
 2548 004d 49       		.uleb128 0x49
 2549 004e 13       		.uleb128 0x13
 2550 004f 3F       		.uleb128 0x3f
 2551 0050 19       		.uleb128 0x19
 2552 0051 02       		.uleb128 0x2
 2553 0052 18       		.uleb128 0x18
 2554 0053 00       		.byte	0
 2555 0054 00       		.byte	0
 2556 0055 08       		.uleb128 0x8
 2557 0056 26       		.uleb128 0x26
 2558 0057 00       		.byte	0
 2559 0058 49       		.uleb128 0x49
 2560 0059 13       		.uleb128 0x13
 2561 005a 00       		.byte	0
ARM GAS  C:\Users\DGILLI~1\AppData\Local\Temp\ccuWyshM.s 			page 46


 2562 005b 00       		.byte	0
 2563 005c 09       		.uleb128 0x9
 2564 005d 21       		.uleb128 0x21
 2565 005e 00       		.byte	0
 2566 005f 49       		.uleb128 0x49
 2567 0060 13       		.uleb128 0x13
 2568 0061 2F       		.uleb128 0x2f
 2569 0062 0B       		.uleb128 0xb
 2570 0063 00       		.byte	0
 2571 0064 00       		.byte	0
 2572 0065 0A       		.uleb128 0xa
 2573 0066 34       		.uleb128 0x34
 2574 0067 00       		.byte	0
 2575 0068 03       		.uleb128 0x3
 2576 0069 0E       		.uleb128 0xe
 2577 006a 3A       		.uleb128 0x3a
 2578 006b 0B       		.uleb128 0xb
 2579 006c 3B       		.uleb128 0x3b
 2580 006d 05       		.uleb128 0x5
 2581 006e 49       		.uleb128 0x49
 2582 006f 13       		.uleb128 0x13
 2583 0070 3F       		.uleb128 0x3f
 2584 0071 19       		.uleb128 0x19
 2585 0072 02       		.uleb128 0x2
 2586 0073 18       		.uleb128 0x18
 2587 0074 00       		.byte	0
 2588 0075 00       		.byte	0
 2589 0076 00       		.byte	0
 2590              		.section	.debug_aranges,"",%progbits
 2591 0000 14000000 		.4byte	0x14
 2592 0004 0200     		.2byte	0x2
 2593 0006 00000000 		.4byte	.Ldebug_info0
 2594 000a 04       		.byte	0x4
 2595 000b 00       		.byte	0
 2596 000c 0000     		.2byte	0
 2597 000e 0000     		.2byte	0
 2598 0010 00000000 		.4byte	0
 2599 0014 00000000 		.4byte	0
 2600              		.section	.debug_line,"",%progbits
 2601              	.Ldebug_line0:
 2602 0000 4F000000 		.section	.debug_str,"MS",%progbits,1
 2602      02004900 
 2602      00000201 
 2602      FB0E0D00 
 2602      01010101 
 2603              	.LASF20:
 2604 0000 433A5C55 		.ascii	"C:\\Users\\DGilliland\\Documents\\GitHub\\LB-RPPSOC"
 2604      73657273 
 2604      5C444769 
 2604      6C6C696C 
 2604      616E645C 
 2605 002e 5C525050 		.ascii	"\\RPPSOC-Blink4.cydsn\000"
 2605      534F432D 
 2605      426C696E 
 2605      6B342E63 
 2605      7964736E 
 2606              	.LASF19:
ARM GAS  C:\Users\DGILLI~1\AppData\Local\Temp\ccuWyshM.s 			page 47


 2607 0043 2E5C4765 		.ascii	".\\Generated_Source\\PSoC5\\cymetadata.c\000"
 2607      6E657261 
 2607      7465645F 
 2607      536F7572 
 2607      63655C50 
 2608              	.LASF17:
 2609 0069 63795F6D 		.ascii	"cy_metadata\000"
 2609      65746164 
 2609      61746100 
 2610              	.LASF9:
 2611 0075 666C6F61 		.ascii	"float\000"
 2611      7400
 2612              	.LASF1:
 2613 007b 756E7369 		.ascii	"unsigned char\000"
 2613      676E6564 
 2613      20636861 
 2613      7200
 2614              	.LASF5:
 2615 0089 6C6F6E67 		.ascii	"long unsigned int\000"
 2615      20756E73 
 2615      69676E65 
 2615      6420696E 
 2615      7400
 2616              	.LASF3:
 2617 009b 73686F72 		.ascii	"short unsigned int\000"
 2617      7420756E 
 2617      7369676E 
 2617      65642069 
 2617      6E7400
 2618              	.LASF10:
 2619 00ae 646F7562 		.ascii	"double\000"
 2619      6C6500
 2620              	.LASF14:
 2621 00b5 63795F6D 		.ascii	"cy_meta_custnvl\000"
 2621      6574615F 
 2621      63757374 
 2621      6E766C00 
 2622              	.LASF13:
 2623 00c5 63795F6D 		.ascii	"cy_meta_configecc\000"
 2623      6574615F 
 2623      636F6E66 
 2623      69676563 
 2623      6300
 2624              	.LASF18:
 2625 00d7 474E5520 		.ascii	"GNU C 4.9.3 20150303 (release) [ARM/embedded-4_9-br"
 2625      4320342E 
 2625      392E3320 
 2625      32303135 
 2625      30333033 
 2626 010a 616E6368 		.ascii	"anch revision 221220] -mcpu=cortex-m3 -mthumb -g -O"
 2626      20726576 
 2626      6973696F 
 2626      6E203232 
 2626      31323230 
 2627 013d 67202D66 		.ascii	"g -ffunction-sections -ffat-lto-objects\000"
 2627      66756E63 
 2627      74696F6E 
ARM GAS  C:\Users\DGILLI~1\AppData\Local\Temp\ccuWyshM.s 			page 48


 2627      2D736563 
 2627      74696F6E 
 2628              	.LASF8:
 2629 0165 756E7369 		.ascii	"unsigned int\000"
 2629      676E6564 
 2629      20696E74 
 2629      00
 2630              	.LASF7:
 2631 0172 6C6F6E67 		.ascii	"long long unsigned int\000"
 2631      206C6F6E 
 2631      6720756E 
 2631      7369676E 
 2631      65642069 
 2632              	.LASF16:
 2633 0189 63795F6D 		.ascii	"cy_meta_flashprotect\000"
 2633      6574615F 
 2633      666C6173 
 2633      6870726F 
 2633      74656374 
 2634              	.LASF15:
 2635 019e 63795F6D 		.ascii	"cy_meta_wonvl\000"
 2635      6574615F 
 2635      776F6E76 
 2635      6C00
 2636              	.LASF12:
 2637 01ac 73697A65 		.ascii	"sizetype\000"
 2637      74797065 
 2637      00
 2638              	.LASF6:
 2639 01b5 6C6F6E67 		.ascii	"long long int\000"
 2639      206C6F6E 
 2639      6720696E 
 2639      7400
 2640              	.LASF11:
 2641 01c3 63686172 		.ascii	"char\000"
 2641      00
 2642              	.LASF2:
 2643 01c8 73686F72 		.ascii	"short int\000"
 2643      7420696E 
 2643      7400
 2644              	.LASF21:
 2645 01d2 75696E74 		.ascii	"uint8\000"
 2645      3800
 2646              	.LASF4:
 2647 01d8 6C6F6E67 		.ascii	"long int\000"
 2647      20696E74 
 2647      00
 2648              	.LASF0:
 2649 01e1 7369676E 		.ascii	"signed char\000"
 2649      65642063 
 2649      68617200 
 2650              		.ident	"GCC: (GNU Tools for ARM Embedded Processors) 4.9.3 20150303 (release) [ARM/embedded-4_9-br
