ARM GAS  C:\Users\DGILLI~1\AppData\Local\Temp\ccsfUg07.s 			page 1


   1              		.syntax unified
   2              		.cpu cortex-m3
   3              		.fpu softvfp
   4              		.eabi_attribute 20, 1
   5              		.eabi_attribute 21, 1
   6              		.eabi_attribute 23, 3
   7              		.eabi_attribute 24, 1
   8              		.eabi_attribute 25, 1
   9              		.eabi_attribute 26, 1
  10              		.eabi_attribute 30, 1
  11              		.eabi_attribute 34, 1
  12              		.eabi_attribute 18, 4
  13              		.thumb
  14              		.file	"cymetadata.c"
  15              		.text
  16              	.Ltext0:
  17              		.cfi_sections	.debug_frame
  18              		.global	cy_metadata
  19              		.global	cy_meta_flashprotect
  20              		.global	cy_meta_wonvl
  21              		.global	cy_meta_custnvl
  22              		.global	cy_meta_configecc
  23              		.section	.cyconfigecc,"a",%progbits
  24              		.align	2
  25              		.type	cy_meta_configecc, %object
  26              		.size	cy_meta_configecc, 56
  27              	cy_meta_configecc:
  28 0000 02       		.byte	2
  29 0001 52       		.byte	82
  30 0002 00       		.byte	0
  31 0003 40       		.byte	64
  32 0004 01       		.byte	1
  33 0005 15       		.byte	21
  34 0006 01       		.byte	1
  35 0007 40       		.byte	64
  36 0008 01       		.byte	1
  37 0009 1B       		.byte	27
  38 000a 01       		.byte	1
  39 000b 40       		.byte	64
  40 000c 02       		.byte	2
  41 000d 48       		.byte	72
  42 000e 01       		.byte	1
  43 000f 40       		.byte	64
  44 0010 01       		.byte	1
  45 0011 49       		.byte	73
  46 0012 01       		.byte	1
  47 0013 40       		.byte	64
  48 0014 05       		.byte	5
  49 0015 4D       		.byte	77
  50 0016 01       		.byte	1
  51 0017 40       		.byte	64
  52 0018 28       		.byte	40
  53 0019 10       		.byte	16
  54 001a 29       		.byte	41
  55 001b 10       		.byte	16
  56 001c E8       		.byte	-24
  57 001d 40       		.byte	64
ARM GAS  C:\Users\DGILLI~1\AppData\Local\Temp\ccsfUg07.s 			page 2


  58 001e E8       		.byte	-24
  59 001f 40       		.byte	64
  60 0020 24       		.byte	36
  61 0021 02       		.byte	2
  62 0022 C8       		.byte	-56
  63 0023 20       		.byte	32
  64 0024 B4       		.byte	-76
  65 0025 01       		.byte	1
  66 0026 64       		.byte	100
  67 0027 08       		.byte	8
  68 0028 98       		.byte	-104
  69 0029 08       		.byte	8
  70 002a B4       		.byte	-76
  71 002b 08       		.byte	8
  72 002c D8       		.byte	-40
  73 002d 01       		.byte	1
  74 002e E8       		.byte	-24
  75 002f 02       		.byte	2
  76 0030 00       		.byte	0
  77 0031 10       		.byte	16
  78 0032 10       		.byte	16
  79 0033 00       		.byte	0
  80 0034 10       		.byte	16
  81 0035 00       		.byte	0
  82 0036 00       		.byte	0
  83 0037 00       		.byte	0
  84              		.section	.cywolatch,"a",%progbits
  85              		.align	2
  86              		.type	cy_meta_wonvl, %object
  87              		.size	cy_meta_wonvl, 4
  88              	cy_meta_wonvl:
  89 0000 BC       		.byte	-68
  90 0001 90       		.byte	-112
  91 0002 AC       		.byte	-84
  92 0003 AF       		.byte	-81
  93              		.section	.cycustnvl,"a",%progbits
  94              		.align	2
  95              		.type	cy_meta_custnvl, %object
  96              		.size	cy_meta_custnvl, 4
  97              	cy_meta_custnvl:
  98 0000 00       		.byte	0
  99 0001 00       		.byte	0
 100 0002 40       		.byte	64
 101 0003 05       		.byte	5
 102              		.section	.cymeta,"a",%progbits
 103              		.align	2
 104              		.type	cy_metadata, %object
 105              		.size	cy_metadata, 12
 106              	cy_metadata:
 107 0000 00       		.byte	0
 108 0001 01       		.byte	1
 109 0002 2E       		.byte	46
 110 0003 13       		.byte	19
 111 0004 30       		.byte	48
 112 0005 69       		.byte	105
 113 0006 00       		.byte	0
 114 0007 01       		.byte	1
ARM GAS  C:\Users\DGILLI~1\AppData\Local\Temp\ccsfUg07.s 			page 3


 115 0008 00       		.byte	0
 116 0009 00       		.byte	0
 117 000a 00       		.byte	0
 118 000b 00       		.byte	0
 119              		.section	.cyflashprotect,"a",%progbits
 120              		.align	2
 121              		.type	cy_meta_flashprotect, %object
 122              		.size	cy_meta_flashprotect, 128
 123              	cy_meta_flashprotect:
 124 0000 00000000 		.space	128
 124      00000000 
 124      00000000 
 124      00000000 
 124      00000000 
 125              		.text
 126              	.Letext0:
 127              		.file 1 ".\\Generated_Source\\PSoC5\\cymetadata.c"
 128              		.file 2 ".\\Generated_Source\\PSoC5\\cytypes.h"
 129              		.section	.debug_info,"",%progbits
 130              	.Ldebug_info0:
 131 0000 35010000 		.4byte	0x135
 132 0004 0400     		.2byte	0x4
 133 0006 00000000 		.4byte	.Ldebug_abbrev0
 134 000a 04       		.byte	0x4
 135 000b 01       		.uleb128 0x1
 136 000c A2000000 		.4byte	.LASF18
 137 0010 01       		.byte	0x1
 138 0011 0E000000 		.4byte	.LASF19
 139 0015 80010000 		.4byte	.LASF20
 140 0019 00000000 		.4byte	.Ldebug_line0
 141 001d 02       		.uleb128 0x2
 142 001e 01       		.byte	0x1
 143 001f 06       		.byte	0x6
 144 0020 E1010000 		.4byte	.LASF0
 145 0024 02       		.uleb128 0x2
 146 0025 01       		.byte	0x1
 147 0026 08       		.byte	0x8
 148 0027 46000000 		.4byte	.LASF1
 149 002b 02       		.uleb128 0x2
 150 002c 02       		.byte	0x2
 151 002d 05       		.byte	0x5
 152 002e C8010000 		.4byte	.LASF2
 153 0032 02       		.uleb128 0x2
 154 0033 02       		.byte	0x2
 155 0034 07       		.byte	0x7
 156 0035 66000000 		.4byte	.LASF3
 157 0039 02       		.uleb128 0x2
 158 003a 04       		.byte	0x4
 159 003b 05       		.byte	0x5
 160 003c D8010000 		.4byte	.LASF4
 161 0040 02       		.uleb128 0x2
 162 0041 04       		.byte	0x4
 163 0042 07       		.byte	0x7
 164 0043 54000000 		.4byte	.LASF5
 165 0047 02       		.uleb128 0x2
 166 0048 08       		.byte	0x8
 167 0049 05       		.byte	0x5
ARM GAS  C:\Users\DGILLI~1\AppData\Local\Temp\ccsfUg07.s 			page 4


 168 004a 00000000 		.4byte	.LASF6
 169 004e 02       		.uleb128 0x2
 170 004f 08       		.byte	0x8
 171 0050 07       		.byte	0x7
 172 0051 3D010000 		.4byte	.LASF7
 173 0055 03       		.uleb128 0x3
 174 0056 04       		.byte	0x4
 175 0057 05       		.byte	0x5
 176 0058 696E7400 		.ascii	"int\000"
 177 005c 02       		.uleb128 0x2
 178 005d 04       		.byte	0x4
 179 005e 07       		.byte	0x7
 180 005f 30010000 		.4byte	.LASF8
 181 0063 04       		.uleb128 0x4
 182 0064 D2010000 		.4byte	.LASF21
 183 0068 02       		.byte	0x2
 184 0069 C2       		.byte	0xc2
 185 006a 24000000 		.4byte	0x24
 186 006e 02       		.uleb128 0x2
 187 006f 04       		.byte	0x4
 188 0070 04       		.byte	0x4
 189 0071 40000000 		.4byte	.LASF9
 190 0075 02       		.uleb128 0x2
 191 0076 08       		.byte	0x8
 192 0077 04       		.byte	0x4
 193 0078 79000000 		.4byte	.LASF10
 194 007c 02       		.uleb128 0x2
 195 007d 01       		.byte	0x1
 196 007e 08       		.byte	0x8
 197 007f C3010000 		.4byte	.LASF11
 198 0083 05       		.uleb128 0x5
 199 0084 63000000 		.4byte	0x63
 200 0088 93000000 		.4byte	0x93
 201 008c 06       		.uleb128 0x6
 202 008d 93000000 		.4byte	0x93
 203 0091 37       		.byte	0x37
 204 0092 00       		.byte	0
 205 0093 02       		.uleb128 0x2
 206 0094 04       		.byte	0x4
 207 0095 07       		.byte	0x7
 208 0096 77010000 		.4byte	.LASF12
 209 009a 07       		.uleb128 0x7
 210 009b 90000000 		.4byte	.LASF13
 211 009f 01       		.byte	0x1
 212 00a0 1C       		.byte	0x1c
 213 00a1 AB000000 		.4byte	0xab
 214 00a5 05       		.uleb128 0x5
 215 00a6 03       		.byte	0x3
 216 00a7 00000000 		.4byte	cy_meta_configecc
 217 00ab 08       		.uleb128 0x8
 218 00ac 83000000 		.4byte	0x83
 219 00b0 05       		.uleb128 0x5
 220 00b1 63000000 		.4byte	0x63
 221 00b5 C0000000 		.4byte	0xc0
 222 00b9 06       		.uleb128 0x6
 223 00ba 93000000 		.4byte	0x93
 224 00be 03       		.byte	0x3
ARM GAS  C:\Users\DGILLI~1\AppData\Local\Temp\ccsfUg07.s 			page 5


 225 00bf 00       		.byte	0
 226 00c0 07       		.uleb128 0x7
 227 00c1 80000000 		.4byte	.LASF14
 228 00c5 01       		.byte	0x1
 229 00c6 2D       		.byte	0x2d
 230 00c7 D1000000 		.4byte	0xd1
 231 00cb 05       		.uleb128 0x5
 232 00cc 03       		.byte	0x3
 233 00cd 00000000 		.4byte	cy_meta_custnvl
 234 00d1 08       		.uleb128 0x8
 235 00d2 B0000000 		.4byte	0xb0
 236 00d6 07       		.uleb128 0x7
 237 00d7 69010000 		.4byte	.LASF15
 238 00db 01       		.byte	0x1
 239 00dc 38       		.byte	0x38
 240 00dd E7000000 		.4byte	0xe7
 241 00e1 05       		.uleb128 0x5
 242 00e2 03       		.byte	0x3
 243 00e3 00000000 		.4byte	cy_meta_wonvl
 244 00e7 08       		.uleb128 0x8
 245 00e8 B0000000 		.4byte	0xb0
 246 00ec 05       		.uleb128 0x5
 247 00ed 63000000 		.4byte	0x63
 248 00f1 FC000000 		.4byte	0xfc
 249 00f5 06       		.uleb128 0x6
 250 00f6 93000000 		.4byte	0x93
 251 00fa 7F       		.byte	0x7f
 252 00fb 00       		.byte	0
 253 00fc 07       		.uleb128 0x7
 254 00fd 54010000 		.4byte	.LASF16
 255 0101 01       		.byte	0x1
 256 0102 43       		.byte	0x43
 257 0103 0D010000 		.4byte	0x10d
 258 0107 05       		.uleb128 0x5
 259 0108 03       		.byte	0x3
 260 0109 00000000 		.4byte	cy_meta_flashprotect
 261 010d 08       		.uleb128 0x8
 262 010e EC000000 		.4byte	0xec
 263 0112 05       		.uleb128 0x5
 264 0113 63000000 		.4byte	0x63
 265 0117 22010000 		.4byte	0x122
 266 011b 06       		.uleb128 0x6
 267 011c 93000000 		.4byte	0x93
 268 0120 0B       		.byte	0xb
 269 0121 00       		.byte	0
 270 0122 07       		.uleb128 0x7
 271 0123 34000000 		.4byte	.LASF17
 272 0127 01       		.byte	0x1
 273 0128 5D       		.byte	0x5d
 274 0129 33010000 		.4byte	0x133
 275 012d 05       		.uleb128 0x5
 276 012e 03       		.byte	0x3
 277 012f 00000000 		.4byte	cy_metadata
 278 0133 08       		.uleb128 0x8
 279 0134 12010000 		.4byte	0x112
 280 0138 00       		.byte	0
 281              		.section	.debug_abbrev,"",%progbits
ARM GAS  C:\Users\DGILLI~1\AppData\Local\Temp\ccsfUg07.s 			page 6


 282              	.Ldebug_abbrev0:
 283 0000 01       		.uleb128 0x1
 284 0001 11       		.uleb128 0x11
 285 0002 01       		.byte	0x1
 286 0003 25       		.uleb128 0x25
 287 0004 0E       		.uleb128 0xe
 288 0005 13       		.uleb128 0x13
 289 0006 0B       		.uleb128 0xb
 290 0007 03       		.uleb128 0x3
 291 0008 0E       		.uleb128 0xe
 292 0009 1B       		.uleb128 0x1b
 293 000a 0E       		.uleb128 0xe
 294 000b 10       		.uleb128 0x10
 295 000c 17       		.uleb128 0x17
 296 000d 00       		.byte	0
 297 000e 00       		.byte	0
 298 000f 02       		.uleb128 0x2
 299 0010 24       		.uleb128 0x24
 300 0011 00       		.byte	0
 301 0012 0B       		.uleb128 0xb
 302 0013 0B       		.uleb128 0xb
 303 0014 3E       		.uleb128 0x3e
 304 0015 0B       		.uleb128 0xb
 305 0016 03       		.uleb128 0x3
 306 0017 0E       		.uleb128 0xe
 307 0018 00       		.byte	0
 308 0019 00       		.byte	0
 309 001a 03       		.uleb128 0x3
 310 001b 24       		.uleb128 0x24
 311 001c 00       		.byte	0
 312 001d 0B       		.uleb128 0xb
 313 001e 0B       		.uleb128 0xb
 314 001f 3E       		.uleb128 0x3e
 315 0020 0B       		.uleb128 0xb
 316 0021 03       		.uleb128 0x3
 317 0022 08       		.uleb128 0x8
 318 0023 00       		.byte	0
 319 0024 00       		.byte	0
 320 0025 04       		.uleb128 0x4
 321 0026 16       		.uleb128 0x16
 322 0027 00       		.byte	0
 323 0028 03       		.uleb128 0x3
 324 0029 0E       		.uleb128 0xe
 325 002a 3A       		.uleb128 0x3a
 326 002b 0B       		.uleb128 0xb
 327 002c 3B       		.uleb128 0x3b
 328 002d 0B       		.uleb128 0xb
 329 002e 49       		.uleb128 0x49
 330 002f 13       		.uleb128 0x13
 331 0030 00       		.byte	0
 332 0031 00       		.byte	0
 333 0032 05       		.uleb128 0x5
 334 0033 01       		.uleb128 0x1
 335 0034 01       		.byte	0x1
 336 0035 49       		.uleb128 0x49
 337 0036 13       		.uleb128 0x13
 338 0037 01       		.uleb128 0x1
ARM GAS  C:\Users\DGILLI~1\AppData\Local\Temp\ccsfUg07.s 			page 7


 339 0038 13       		.uleb128 0x13
 340 0039 00       		.byte	0
 341 003a 00       		.byte	0
 342 003b 06       		.uleb128 0x6
 343 003c 21       		.uleb128 0x21
 344 003d 00       		.byte	0
 345 003e 49       		.uleb128 0x49
 346 003f 13       		.uleb128 0x13
 347 0040 2F       		.uleb128 0x2f
 348 0041 0B       		.uleb128 0xb
 349 0042 00       		.byte	0
 350 0043 00       		.byte	0
 351 0044 07       		.uleb128 0x7
 352 0045 34       		.uleb128 0x34
 353 0046 00       		.byte	0
 354 0047 03       		.uleb128 0x3
 355 0048 0E       		.uleb128 0xe
 356 0049 3A       		.uleb128 0x3a
 357 004a 0B       		.uleb128 0xb
 358 004b 3B       		.uleb128 0x3b
 359 004c 0B       		.uleb128 0xb
 360 004d 49       		.uleb128 0x49
 361 004e 13       		.uleb128 0x13
 362 004f 3F       		.uleb128 0x3f
 363 0050 19       		.uleb128 0x19
 364 0051 02       		.uleb128 0x2
 365 0052 18       		.uleb128 0x18
 366 0053 00       		.byte	0
 367 0054 00       		.byte	0
 368 0055 08       		.uleb128 0x8
 369 0056 26       		.uleb128 0x26
 370 0057 00       		.byte	0
 371 0058 49       		.uleb128 0x49
 372 0059 13       		.uleb128 0x13
 373 005a 00       		.byte	0
 374 005b 00       		.byte	0
 375 005c 00       		.byte	0
 376              		.section	.debug_aranges,"",%progbits
 377 0000 14000000 		.4byte	0x14
 378 0004 0200     		.2byte	0x2
 379 0006 00000000 		.4byte	.Ldebug_info0
 380 000a 04       		.byte	0x4
 381 000b 00       		.byte	0
 382 000c 0000     		.2byte	0
 383 000e 0000     		.2byte	0
 384 0010 00000000 		.4byte	0
 385 0014 00000000 		.4byte	0
 386              		.section	.debug_line,"",%progbits
 387              	.Ldebug_line0:
 388 0000 4F000000 		.section	.debug_str,"MS",%progbits,1
 388      02004900 
 388      00000201 
 388      FB0E0D00 
 388      01010101 
 389              	.LASF6:
 390 0000 6C6F6E67 		.ascii	"long long int\000"
 390      206C6F6E 
ARM GAS  C:\Users\DGILLI~1\AppData\Local\Temp\ccsfUg07.s 			page 8


 390      6720696E 
 390      7400
 391              	.LASF19:
 392 000e 2E5C4765 		.ascii	".\\Generated_Source\\PSoC5\\cymetadata.c\000"
 392      6E657261 
 392      7465645F 
 392      536F7572 
 392      63655C50 
 393              	.LASF17:
 394 0034 63795F6D 		.ascii	"cy_metadata\000"
 394      65746164 
 394      61746100 
 395              	.LASF9:
 396 0040 666C6F61 		.ascii	"float\000"
 396      7400
 397              	.LASF1:
 398 0046 756E7369 		.ascii	"unsigned char\000"
 398      676E6564 
 398      20636861 
 398      7200
 399              	.LASF5:
 400 0054 6C6F6E67 		.ascii	"long unsigned int\000"
 400      20756E73 
 400      69676E65 
 400      6420696E 
 400      7400
 401              	.LASF3:
 402 0066 73686F72 		.ascii	"short unsigned int\000"
 402      7420756E 
 402      7369676E 
 402      65642069 
 402      6E7400
 403              	.LASF10:
 404 0079 646F7562 		.ascii	"double\000"
 404      6C6500
 405              	.LASF14:
 406 0080 63795F6D 		.ascii	"cy_meta_custnvl\000"
 406      6574615F 
 406      63757374 
 406      6E766C00 
 407              	.LASF13:
 408 0090 63795F6D 		.ascii	"cy_meta_configecc\000"
 408      6574615F 
 408      636F6E66 
 408      69676563 
 408      6300
 409              	.LASF18:
 410 00a2 474E5520 		.ascii	"GNU C 4.9.3 20150303 (release) [ARM/embedded-4_9-br"
 410      4320342E 
 410      392E3320 
 410      32303135 
 410      30333033 
 411 00d5 616E6368 		.ascii	"anch revision 221220] -mcpu=cortex-m3 -mthumb -g -O"
 411      20726576 
 411      6973696F 
 411      6E203232 
 411      31323230 
ARM GAS  C:\Users\DGILLI~1\AppData\Local\Temp\ccsfUg07.s 			page 9


 412 0108 67202D66 		.ascii	"g -ffunction-sections -ffat-lto-objects\000"
 412      66756E63 
 412      74696F6E 
 412      2D736563 
 412      74696F6E 
 413              	.LASF8:
 414 0130 756E7369 		.ascii	"unsigned int\000"
 414      676E6564 
 414      20696E74 
 414      00
 415              	.LASF7:
 416 013d 6C6F6E67 		.ascii	"long long unsigned int\000"
 416      206C6F6E 
 416      6720756E 
 416      7369676E 
 416      65642069 
 417              	.LASF16:
 418 0154 63795F6D 		.ascii	"cy_meta_flashprotect\000"
 418      6574615F 
 418      666C6173 
 418      6870726F 
 418      74656374 
 419              	.LASF15:
 420 0169 63795F6D 		.ascii	"cy_meta_wonvl\000"
 420      6574615F 
 420      776F6E76 
 420      6C00
 421              	.LASF12:
 422 0177 73697A65 		.ascii	"sizetype\000"
 422      74797065 
 422      00
 423              	.LASF20:
 424 0180 433A5C55 		.ascii	"C:\\Users\\DGilliland\\Documents\\GitHub\\LB-RPPSOC"
 424      73657273 
 424      5C444769 
 424      6C6C696C 
 424      616E645C 
 425 01ae 5C525050 		.ascii	"\\RPPSOC-Blink1.cydsn\000"
 425      534F432D 
 425      426C696E 
 425      6B312E63 
 425      7964736E 
 426              	.LASF11:
 427 01c3 63686172 		.ascii	"char\000"
 427      00
 428              	.LASF2:
 429 01c8 73686F72 		.ascii	"short int\000"
 429      7420696E 
 429      7400
 430              	.LASF21:
 431 01d2 75696E74 		.ascii	"uint8\000"
 431      3800
 432              	.LASF4:
 433 01d8 6C6F6E67 		.ascii	"long int\000"
 433      20696E74 
 433      00
 434              	.LASF0:
ARM GAS  C:\Users\DGILLI~1\AppData\Local\Temp\ccsfUg07.s 			page 10


 435 01e1 7369676E 		.ascii	"signed char\000"
 435      65642063 
 435      68617200 
 436              		.ident	"GCC: (GNU Tools for ARM Embedded Processors) 4.9.3 20150303 (release) [ARM/embedded-4_9-br
