ARM GAS  C:\Users\DGILLI~1\AppData\Local\Temp\cctsdob6.s 			page 1


   1              		.syntax unified
   2              		.cpu cortex-m3
   3              		.fpu softvfp
   4              		.eabi_attribute 20, 1
   5              		.eabi_attribute 21, 1
   6              		.eabi_attribute 23, 3
   7              		.eabi_attribute 24, 1
   8              		.eabi_attribute 25, 1
   9              		.eabi_attribute 26, 1
  10              		.eabi_attribute 30, 1
  11              		.eabi_attribute 34, 1
  12              		.eabi_attribute 18, 4
  13              		.thumb
  14              		.file	"cymetadata.c"
  15              		.text
  16              	.Ltext0:
  17              		.cfi_sections	.debug_frame
  18              		.global	cy_metadata
  19              		.global	cy_meta_flashprotect
  20              		.global	cy_meta_wonvl
  21              		.global	cy_meta_custnvl
  22              		.global	cy_meta_configecc
  23              		.section	.cyconfigecc,"a",%progbits
  24              		.align	2
  25              		.type	cy_meta_configecc, %object
  26              		.size	cy_meta_configecc, 1224
  27              	cy_meta_configecc:
  28 0000 07       		.byte	7
  29 0001 52       		.byte	82
  30 0002 00       		.byte	0
  31 0003 40       		.byte	64
  32 0004 01       		.byte	1
  33 0005 65       		.byte	101
  34 0006 00       		.byte	0
  35 0007 40       		.byte	64
  36 0008 01       		.byte	1
  37 0009 07       		.byte	7
  38 000a 01       		.byte	1
  39 000b 40       		.byte	64
  40 000c 3B       		.byte	59
  41 000d 08       		.byte	8
  42 000e 01       		.byte	1
  43 000f 40       		.byte	64
  44 0010 33       		.byte	51
  45 0011 09       		.byte	9
  46 0012 01       		.byte	1
  47 0013 40       		.byte	64
  48 0014 04       		.byte	4
  49 0015 0B       		.byte	11
  50 0016 01       		.byte	1
  51 0017 40       		.byte	64
  52 0018 02       		.byte	2
  53 0019 15       		.byte	21
  54 001a 01       		.byte	1
  55 001b 40       		.byte	64
  56 001c 01       		.byte	1
  57 001d 17       		.byte	23
ARM GAS  C:\Users\DGILLI~1\AppData\Local\Temp\cctsdob6.s 			page 2


  58 001e 01       		.byte	1
  59 001f 40       		.byte	64
  60 0020 5E       		.byte	94
  61 0021 18       		.byte	24
  62 0022 01       		.byte	1
  63 0023 40       		.byte	64
  64 0024 54       		.byte	84
  65 0025 19       		.byte	25
  66 0026 01       		.byte	1
  67 0027 40       		.byte	64
  68 0028 3A       		.byte	58
  69 0029 1A       		.byte	26
  70 002a 01       		.byte	1
  71 002b 40       		.byte	64
  72 002c 50       		.byte	80
  73 002d 1B       		.byte	27
  74 002e 01       		.byte	1
  75 002f 40       		.byte	64
  76 0030 01       		.byte	1
  77 0031 43       		.byte	67
  78 0032 01       		.byte	1
  79 0033 40       		.byte	64
  80 0034 07       		.byte	7
  81 0035 45       		.byte	69
  82 0036 01       		.byte	1
  83 0037 40       		.byte	64
  84 0038 09       		.byte	9
  85 0039 46       		.byte	70
  86 003a 01       		.byte	1
  87 003b 40       		.byte	64
  88 003c 06       		.byte	6
  89 003d 47       		.byte	71
  90 003e 01       		.byte	1
  91 003f 40       		.byte	64
  92 0040 06       		.byte	6
  93 0041 48       		.byte	72
  94 0042 01       		.byte	1
  95 0043 40       		.byte	64
  96 0044 0A       		.byte	10
  97 0045 49       		.byte	73
  98 0046 01       		.byte	1
  99 0047 40       		.byte	64
 100 0048 14       		.byte	20
 101 0049 4C       		.byte	76
 102 004a 01       		.byte	1
 103 004b 40       		.byte	64
 104 004c 1A       		.byte	26
 105 004d 4D       		.byte	77
 106 004e 01       		.byte	1
 107 004f 40       		.byte	64
 108 0050 04       		.byte	4
 109 0051 50       		.byte	80
 110 0052 01       		.byte	1
 111 0053 40       		.byte	64
 112 0054 0C       		.byte	12
 113 0055 E0       		.byte	-32
 114 0056 14       		.byte	20
ARM GAS  C:\Users\DGILLI~1\AppData\Local\Temp\cctsdob6.s 			page 3


 115 0057 FF       		.byte	-1
 116 0058 19       		.byte	25
 117 0059 14       		.byte	20
 118 005a 28       		.byte	40
 119 005b 10       		.byte	16
 120 005c 29       		.byte	41
 121 005d 10       		.byte	16
 122 005e 2C       		.byte	44
 123 005f 4F       		.byte	79
 124 0060 78       		.byte	120
 125 0061 01       		.byte	1
 126 0062 8B       		.byte	-117
 127 0063 0F       		.byte	15
 128 0064 E6       		.byte	-26
 129 0065 80       		.byte	-128
 130 0066 00       		.byte	0
 131 0067 01       		.byte	1
 132 0068 01       		.byte	1
 133 0069 01       		.byte	1
 134 006a 04       		.byte	4
 135 006b 01       		.byte	1
 136 006c 05       		.byte	5
 137 006d 01       		.byte	1
 138 006e 0A       		.byte	10
 139 006f 04       		.byte	4
 140 0070 0C       		.byte	12
 141 0071 08       		.byte	8
 142 0072 12       		.byte	18
 143 0073 20       		.byte	32
 144 0074 18       		.byte	24
 145 0075 08       		.byte	8
 146 0076 19       		.byte	25
 147 0077 01       		.byte	1
 148 0078 1C       		.byte	28
 149 0079 01       		.byte	1
 150 007a 22       		.byte	34
 151 007b 12       		.byte	18
 152 007c 24       		.byte	36
 153 007d 10       		.byte	16
 154 007e 26       		.byte	38
 155 007f 20       		.byte	32
 156 0080 28       		.byte	40
 157 0081 02       		.byte	2
 158 0082 2A       		.byte	42
 159 0083 04       		.byte	4
 160 0084 2C       		.byte	44
 161 0085 01       		.byte	1
 162 0086 30       		.byte	48
 163 0087 01       		.byte	1
 164 0088 32       		.byte	50
 165 0089 08       		.byte	8
 166 008a 33       		.byte	51
 167 008b 01       		.byte	1
 168 008c 34       		.byte	52
 169 008d 30       		.byte	48
 170 008e 36       		.byte	54
 171 008f 06       		.byte	6
ARM GAS  C:\Users\DGILLI~1\AppData\Local\Temp\cctsdob6.s 			page 4


 172 0090 38       		.byte	56
 173 0091 02       		.byte	2
 174 0092 3E       		.byte	62
 175 0093 51       		.byte	81
 176 0094 58       		.byte	88
 177 0095 04       		.byte	4
 178 0096 59       		.byte	89
 179 0097 04       		.byte	4
 180 0098 5B       		.byte	91
 181 0099 04       		.byte	4
 182 009a 5F       		.byte	95
 183 009b 01       		.byte	1
 184 009c 81       		.byte	-127
 185 009d 08       		.byte	8
 186 009e 82       		.byte	-126
 187 009f 0F       		.byte	15
 188 00a0 86       		.byte	-122
 189 00a1 0F       		.byte	15
 190 00a2 87       		.byte	-121
 191 00a3 0F       		.byte	15
 192 00a4 88       		.byte	-120
 193 00a5 02       		.byte	2
 194 00a6 8B       		.byte	-117
 195 00a7 0F       		.byte	15
 196 00a8 8C       		.byte	-116
 197 00a9 04       		.byte	4
 198 00aa 8F       		.byte	-113
 199 00ab 0F       		.byte	15
 200 00ac 92       		.byte	-110
 201 00ad 0F       		.byte	15
 202 00ae 93       		.byte	-109
 203 00af 0F       		.byte	15
 204 00b0 95       		.byte	-107
 205 00b1 02       		.byte	2
 206 00b2 96       		.byte	-106
 207 00b3 0F       		.byte	15
 208 00b4 98       		.byte	-104
 209 00b5 01       		.byte	1
 210 00b6 99       		.byte	-103
 211 00b7 04       		.byte	4
 212 00b8 9D       		.byte	-99
 213 00b9 01       		.byte	1
 214 00ba 9E       		.byte	-98
 215 00bb 0F       		.byte	15
 216 00bc A2       		.byte	-94
 217 00bd 0F       		.byte	15
 218 00be A3       		.byte	-93
 219 00bf 0F       		.byte	15
 220 00c0 A4       		.byte	-92
 221 00c1 08       		.byte	8
 222 00c2 A7       		.byte	-89
 223 00c3 0F       		.byte	15
 224 00c4 AA       		.byte	-86
 225 00c5 0F       		.byte	15
 226 00c6 AB       		.byte	-85
 227 00c7 0F       		.byte	15
 228 00c8 AE       		.byte	-82
ARM GAS  C:\Users\DGILLI~1\AppData\Local\Temp\cctsdob6.s 			page 5


 229 00c9 0F       		.byte	15
 230 00ca AF       		.byte	-81
 231 00cb 0F       		.byte	15
 232 00cc B0       		.byte	-80
 233 00cd 0F       		.byte	15
 234 00ce B1       		.byte	-79
 235 00cf 0F       		.byte	15
 236 00d0 B9       		.byte	-71
 237 00d1 08       		.byte	8
 238 00d2 BE       		.byte	-66
 239 00d3 01       		.byte	1
 240 00d4 BF       		.byte	-65
 241 00d5 01       		.byte	1
 242 00d6 D8       		.byte	-40
 243 00d7 04       		.byte	4
 244 00d8 D9       		.byte	-39
 245 00d9 04       		.byte	4
 246 00da DF       		.byte	-33
 247 00db 01       		.byte	1
 248 00dc 01       		.byte	1
 249 00dd 18       		.byte	24
 250 00de 02       		.byte	2
 251 00df 90       		.byte	-112
 252 00e0 03       		.byte	3
 253 00e1 81       		.byte	-127
 254 00e2 04       		.byte	4
 255 00e3 14       		.byte	20
 256 00e4 05       		.byte	5
 257 00e5 02       		.byte	2
 258 00e6 06       		.byte	6
 259 00e7 02       		.byte	2
 260 00e8 08       		.byte	8
 261 00e9 0A       		.byte	10
 262 00ea 09       		.byte	9
 263 00eb 10       		.byte	16
 264 00ec 0A       		.byte	10
 265 00ed 81       		.byte	-127
 266 00ee 0B       		.byte	11
 267 00ef 02       		.byte	2
 268 00f0 0E       		.byte	14
 269 00f1 40       		.byte	64
 270 00f2 0F       		.byte	15
 271 00f3 06       		.byte	6
 272 00f4 11       		.byte	17
 273 00f5 02       		.byte	2
 274 00f6 12       		.byte	18
 275 00f7 64       		.byte	100
 276 00f8 13       		.byte	19
 277 00f9 50       		.byte	80
 278 00fa 16       		.byte	22
 279 00fb 80       		.byte	-128
 280 00fc 17       		.byte	23
 281 00fd 94       		.byte	-108
 282 00fe 1B       		.byte	27
 283 00ff 01       		.byte	1
 284 0100 1E       		.byte	30
 285 0101 24       		.byte	36
ARM GAS  C:\Users\DGILLI~1\AppData\Local\Temp\cctsdob6.s 			page 6


 286 0102 1F       		.byte	31
 287 0103 42       		.byte	66
 288 0104 21       		.byte	33
 289 0105 04       		.byte	4
 290 0106 22       		.byte	34
 291 0107 08       		.byte	8
 292 0108 23       		.byte	35
 293 0109 80       		.byte	-128
 294 010a 27       		.byte	39
 295 010b 20       		.byte	32
 296 010c 28       		.byte	40
 297 010d 0A       		.byte	10
 298 010e 29       		.byte	41
 299 010f 08       		.byte	8
 300 0110 2B       		.byte	43
 301 0111 80       		.byte	-128
 302 0112 31       		.byte	49
 303 0113 80       		.byte	-128
 304 0114 32       		.byte	50
 305 0115 15       		.byte	21
 306 0116 36       		.byte	54
 307 0117 10       		.byte	16
 308 0118 39       		.byte	57
 309 0119 02       		.byte	2
 310 011a 3A       		.byte	58
 311 011b 64       		.byte	100
 312 011c 3E       		.byte	62
 313 011d 02       		.byte	2
 314 011e 3F       		.byte	63
 315 011f 04       		.byte	4
 316 0120 6C       		.byte	108
 317 0121 02       		.byte	2
 318 0122 6D       		.byte	109
 319 0123 01       		.byte	1
 320 0124 6F       		.byte	111
 321 0125 14       		.byte	20
 322 0126 86       		.byte	-122
 323 0127 01       		.byte	1
 324 0128 87       		.byte	-121
 325 0129 40       		.byte	64
 326 012a 8B       		.byte	-117
 327 012b 40       		.byte	64
 328 012c 91       		.byte	-111
 329 012d 02       		.byte	2
 330 012e 98       		.byte	-104
 331 012f 10       		.byte	16
 332 0130 99       		.byte	-103
 333 0131 20       		.byte	32
 334 0132 A1       		.byte	-95
 335 0133 80       		.byte	-128
 336 0134 C0       		.byte	-64
 337 0135 FF       		.byte	-1
 338 0136 C2       		.byte	-62
 339 0137 DF       		.byte	-33
 340 0138 C4       		.byte	-60
 341 0139 FF       		.byte	-1
 342 013a CA       		.byte	-54
ARM GAS  C:\Users\DGILLI~1\AppData\Local\Temp\cctsdob6.s 			page 7


 343 013b 0F       		.byte	15
 344 013c CC       		.byte	-52
 345 013d 2F       		.byte	47
 346 013e CE       		.byte	-50
 347 013f CF       		.byte	-49
 348 0140 E6       		.byte	-26
 349 0141 82       		.byte	-126
 350 0142 85       		.byte	-123
 351 0143 21       		.byte	33
 352 0144 88       		.byte	-120
 353 0145 10       		.byte	16
 354 0146 89       		.byte	-119
 355 0147 80       		.byte	-128
 356 0148 E6       		.byte	-26
 357 0149 02       		.byte	2
 358 014a E6       		.byte	-26
 359 014b 40       		.byte	64
 360 014c EE       		.byte	-18
 361 014d 02       		.byte	2
 362 014e EA       		.byte	-22
 363 014f 02       		.byte	2
 364 0150 00       		.byte	0
 365 0151 88       		.byte	-120
 366 0152 02       		.byte	2
 367 0153 04       		.byte	4
 368 0154 08       		.byte	8
 369 0155 C0       		.byte	-64
 370 0156 0A       		.byte	10
 371 0157 36       		.byte	54
 372 0158 0B       		.byte	11
 373 0159 10       		.byte	16
 374 015a 0D       		.byte	13
 375 015b 08       		.byte	8
 376 015c 0F       		.byte	15
 377 015d 84       		.byte	-124
 378 015e 12       		.byte	18
 379 015f 20       		.byte	32
 380 0160 15       		.byte	21
 381 0161 01       		.byte	1
 382 0162 16       		.byte	22
 383 0163 10       		.byte	16
 384 0164 17       		.byte	23
 385 0165 C6       		.byte	-58
 386 0166 18       		.byte	24
 387 0167 88       		.byte	-120
 388 0168 19       		.byte	25
 389 0169 C0       		.byte	-64
 390 016a 1A       		.byte	26
 391 016b 02       		.byte	2
 392 016c 1B       		.byte	27
 393 016d 39       		.byte	57
 394 016e 1C       		.byte	28
 395 016f C6       		.byte	-58
 396 0170 1E       		.byte	30
 397 0171 09       		.byte	9
 398 0172 1F       		.byte	31
 399 0173 20       		.byte	32
ARM GAS  C:\Users\DGILLI~1\AppData\Local\Temp\cctsdob6.s 			page 8


 400 0174 21       		.byte	33
 401 0175 06       		.byte	6
 402 0176 23       		.byte	35
 403 0177 C9       		.byte	-55
 404 0178 24       		.byte	36
 405 0179 41       		.byte	65
 406 017a 26       		.byte	38
 407 017b 06       		.byte	6
 408 017c 29       		.byte	41
 409 017d 08       		.byte	8
 410 017e 2B       		.byte	43
 411 017f 42       		.byte	66
 412 0180 30       		.byte	48
 413 0181 C0       		.byte	-64
 414 0182 33       		.byte	51
 415 0183 C0       		.byte	-64
 416 0184 34       		.byte	52
 417 0185 3F       		.byte	63
 418 0186 35       		.byte	53
 419 0187 3F       		.byte	63
 420 0188 40       		.byte	64
 421 0189 60       		.byte	96
 422 018a 41       		.byte	65
 423 018b 02       		.byte	2
 424 018c 45       		.byte	69
 425 018d D4       		.byte	-44
 426 018e 46       		.byte	70
 427 018f 01       		.byte	1
 428 0190 47       		.byte	71
 429 0191 52       		.byte	82
 430 0192 48       		.byte	72
 431 0193 3F       		.byte	63
 432 0194 49       		.byte	73
 433 0195 FF       		.byte	-1
 434 0196 4A       		.byte	74
 435 0197 FF       		.byte	-1
 436 0198 4B       		.byte	75
 437 0199 FF       		.byte	-1
 438 019a 4D       		.byte	77
 439 019b A0       		.byte	-96
 440 019c 4F       		.byte	79
 441 019d 04       		.byte	4
 442 019e 50       		.byte	80
 443 019f 18       		.byte	24
 444 01a0 58       		.byte	88
 445 01a1 04       		.byte	4
 446 01a2 59       		.byte	89
 447 01a3 04       		.byte	4
 448 01a4 5A       		.byte	90
 449 01a5 04       		.byte	4
 450 01a6 5F       		.byte	95
 451 01a7 01       		.byte	1
 452 01a8 60       		.byte	96
 453 01a9 40       		.byte	64
 454 01aa 62       		.byte	98
 455 01ab C0       		.byte	-64
 456 01ac 64       		.byte	100
ARM GAS  C:\Users\DGILLI~1\AppData\Local\Temp\cctsdob6.s 			page 9


 457 01ad 40       		.byte	64
 458 01ae 65       		.byte	101
 459 01af 40       		.byte	64
 460 01b0 66       		.byte	102
 461 01b1 C0       		.byte	-64
 462 01b2 68       		.byte	104
 463 01b3 C0       		.byte	-64
 464 01b4 6A       		.byte	106
 465 01b5 C0       		.byte	-64
 466 01b6 6C       		.byte	108
 467 01b7 C0       		.byte	-64
 468 01b8 6E       		.byte	110
 469 01b9 C0       		.byte	-64
 470 01ba 84       		.byte	-124
 471 01bb 7F       		.byte	127
 472 01bc 85       		.byte	-123
 473 01bd 0F       		.byte	15
 474 01be 89       		.byte	-119
 475 01bf 10       		.byte	16
 476 01c0 8B       		.byte	-117
 477 01c1 2F       		.byte	47
 478 01c2 8C       		.byte	-116
 479 01c3 80       		.byte	-128
 480 01c4 8D       		.byte	-115
 481 01c5 09       		.byte	9
 482 01c6 8F       		.byte	-113
 483 01c7 06       		.byte	6
 484 01c8 90       		.byte	-112
 485 01c9 61       		.byte	97
 486 01ca 91       		.byte	-111
 487 01cb 10       		.byte	16
 488 01cc 92       		.byte	-110
 489 01cd 1E       		.byte	30
 490 01ce 93       		.byte	-109
 491 01cf 20       		.byte	32
 492 01d0 94       		.byte	-108
 493 01d1 80       		.byte	-128
 494 01d2 96       		.byte	-106
 495 01d3 26       		.byte	38
 496 01d4 97       		.byte	-105
 497 01d5 10       		.byte	16
 498 01d6 98       		.byte	-104
 499 01d7 60       		.byte	96
 500 01d8 99       		.byte	-103
 501 01d9 0F       		.byte	15
 502 01da 9A       		.byte	-102
 503 01db 0A       		.byte	10
 504 01dc 9C       		.byte	-100
 505 01dd 80       		.byte	-128
 506 01de 9E       		.byte	-98
 507 01df 59       		.byte	89
 508 01e0 A3       		.byte	-93
 509 01e1 40       		.byte	64
 510 01e2 A4       		.byte	-92
 511 01e3 7F       		.byte	127
 512 01e4 A5       		.byte	-91
 513 01e5 88       		.byte	-120
ARM GAS  C:\Users\DGILLI~1\AppData\Local\Temp\cctsdob6.s 			page 10


 514 01e6 A7       		.byte	-89
 515 01e7 02       		.byte	2
 516 01e8 A8       		.byte	-88
 517 01e9 01       		.byte	1
 518 01ea A9       		.byte	-87
 519 01eb 01       		.byte	1
 520 01ec AA       		.byte	-86
 521 01ed 1E       		.byte	30
 522 01ee AB       		.byte	-85
 523 01ef 06       		.byte	6
 524 01f0 AC       		.byte	-84
 525 01f1 60       		.byte	96
 526 01f2 AD       		.byte	-83
 527 01f3 88       		.byte	-120
 528 01f4 AE       		.byte	-82
 529 01f5 14       		.byte	20
 530 01f6 AF       		.byte	-81
 531 01f7 04       		.byte	4
 532 01f8 B0       		.byte	-80
 533 01f9 FF       		.byte	-1
 534 01fa B1       		.byte	-79
 535 01fb 41       		.byte	65
 536 01fc B3       		.byte	-77
 537 01fd 3F       		.byte	63
 538 01fe B5       		.byte	-75
 539 01ff 80       		.byte	-128
 540 0200 B9       		.byte	-71
 541 0201 20       		.byte	32
 542 0202 BB       		.byte	-69
 543 0203 03       		.byte	3
 544 0204 BE       		.byte	-66
 545 0205 01       		.byte	1
 546 0206 D8       		.byte	-40
 547 0207 04       		.byte	4
 548 0208 D9       		.byte	-39
 549 0209 04       		.byte	4
 550 020a DF       		.byte	-33
 551 020b 01       		.byte	1
 552 020c 00       		.byte	0
 553 020d 08       		.byte	8
 554 020e 01       		.byte	1
 555 020f 40       		.byte	64
 556 0210 05       		.byte	5
 557 0211 10       		.byte	16
 558 0212 06       		.byte	6
 559 0213 40       		.byte	64
 560 0214 09       		.byte	9
 561 0215 28       		.byte	40
 562 0216 0A       		.byte	10
 563 0217 02       		.byte	2
 564 0218 0B       		.byte	11
 565 0219 80       		.byte	-128
 566 021a 0D       		.byte	13
 567 021b 20       		.byte	32
 568 021c 0E       		.byte	14
 569 021d 02       		.byte	2
 570 021e 0F       		.byte	15
ARM GAS  C:\Users\DGILLI~1\AppData\Local\Temp\cctsdob6.s 			page 11


 571 021f 50       		.byte	80
 572 0220 11       		.byte	17
 573 0221 80       		.byte	-128
 574 0222 12       		.byte	18
 575 0223 08       		.byte	8
 576 0224 13       		.byte	19
 577 0225 08       		.byte	8
 578 0226 15       		.byte	21
 579 0227 08       		.byte	8
 580 0228 19       		.byte	25
 581 0229 01       		.byte	1
 582 022a 1C       		.byte	28
 583 022b 08       		.byte	8
 584 022c 1D       		.byte	29
 585 022d 10       		.byte	16
 586 022e 1E       		.byte	30
 587 022f 40       		.byte	64
 588 0230 21       		.byte	33
 589 0231 18       		.byte	24
 590 0232 22       		.byte	34
 591 0233 01       		.byte	1
 592 0234 23       		.byte	35
 593 0235 D0       		.byte	-48
 594 0236 24       		.byte	36
 595 0237 18       		.byte	24
 596 0238 26       		.byte	38
 597 0239 10       		.byte	16
 598 023a 27       		.byte	39
 599 023b 18       		.byte	24
 600 023c 28       		.byte	40
 601 023d 04       		.byte	4
 602 023e 29       		.byte	41
 603 023f 01       		.byte	1
 604 0240 2A       		.byte	42
 605 0241 40       		.byte	64
 606 0242 2B       		.byte	43
 607 0243 10       		.byte	16
 608 0244 2E       		.byte	46
 609 0245 20       		.byte	32
 610 0246 2F       		.byte	47
 611 0247 40       		.byte	64
 612 0248 30       		.byte	48
 613 0249 08       		.byte	8
 614 024a 31       		.byte	49
 615 024b 10       		.byte	16
 616 024c 32       		.byte	50
 617 024d 01       		.byte	1
 618 024e 34       		.byte	52
 619 024f 04       		.byte	4
 620 0250 36       		.byte	54
 621 0251 18       		.byte	24
 622 0252 37       		.byte	55
 623 0253 80       		.byte	-128
 624 0254 38       		.byte	56
 625 0255 08       		.byte	8
 626 0256 3B       		.byte	59
 627 0257 90       		.byte	-112
ARM GAS  C:\Users\DGILLI~1\AppData\Local\Temp\cctsdob6.s 			page 12


 628 0258 3D       		.byte	61
 629 0259 80       		.byte	-128
 630 025a 3F       		.byte	63
 631 025b 10       		.byte	16
 632 025c 40       		.byte	64
 633 025d 80       		.byte	-128
 634 025e 41       		.byte	65
 635 025f 01       		.byte	1
 636 0260 46       		.byte	70
 637 0261 08       		.byte	8
 638 0262 4E       		.byte	78
 639 0263 08       		.byte	8
 640 0264 4F       		.byte	79
 641 0265 05       		.byte	5
 642 0266 55       		.byte	85
 643 0267 60       		.byte	96
 644 0268 56       		.byte	86
 645 0269 6A       		.byte	106
 646 026a 57       		.byte	87
 647 026b 10       		.byte	16
 648 026c 80       		.byte	-128
 649 026d 80       		.byte	-128
 650 026e 82       		.byte	-126
 651 026f 50       		.byte	80
 652 0270 85       		.byte	-123
 653 0271 08       		.byte	8
 654 0272 87       		.byte	-121
 655 0273 80       		.byte	-128
 656 0274 8B       		.byte	-117
 657 0275 02       		.byte	2
 658 0276 91       		.byte	-111
 659 0277 09       		.byte	9
 660 0278 94       		.byte	-108
 661 0279 14       		.byte	20
 662 027a 95       		.byte	-107
 663 027b 10       		.byte	16
 664 027c 96       		.byte	-106
 665 027d E0       		.byte	-32
 666 027e 97       		.byte	-105
 667 027f 06       		.byte	6
 668 0280 98       		.byte	-104
 669 0281 10       		.byte	16
 670 0282 99       		.byte	-103
 671 0283 20       		.byte	32
 672 0284 9A       		.byte	-102
 673 0285 04       		.byte	4
 674 0286 9B       		.byte	-101
 675 0287 20       		.byte	32
 676 0288 9C       		.byte	-100
 677 0289 08       		.byte	8
 678 028a 9D       		.byte	-99
 679 028b 02       		.byte	2
 680 028c 9E       		.byte	-98
 681 028d 92       		.byte	-110
 682 028e 9F       		.byte	-97
 683 028f 01       		.byte	1
 684 0290 A0       		.byte	-96
ARM GAS  C:\Users\DGILLI~1\AppData\Local\Temp\cctsdob6.s 			page 13


 685 0291 02       		.byte	2
 686 0292 A1       		.byte	-95
 687 0293 80       		.byte	-128
 688 0294 A2       		.byte	-94
 689 0295 08       		.byte	8
 690 0296 A3       		.byte	-93
 691 0297 82       		.byte	-126
 692 0298 A5       		.byte	-91
 693 0299 11       		.byte	17
 694 029a AE       		.byte	-82
 695 029b 25       		.byte	37
 696 029c B2       		.byte	-78
 697 029d 24       		.byte	36
 698 029e B3       		.byte	-77
 699 029f 10       		.byte	16
 700 02a0 B6       		.byte	-74
 701 02a1 80       		.byte	-128
 702 02a2 C0       		.byte	-64
 703 02a3 55       		.byte	85
 704 02a4 C2       		.byte	-62
 705 02a5 FF       		.byte	-1
 706 02a6 C4       		.byte	-60
 707 02a7 27       		.byte	39
 708 02a8 CA       		.byte	-54
 709 02a9 AF       		.byte	-81
 710 02aa CC       		.byte	-52
 711 02ab 77       		.byte	119
 712 02ac CE       		.byte	-50
 713 02ad 3E       		.byte	62
 714 02ae D0       		.byte	-48
 715 02af 20       		.byte	32
 716 02b0 D2       		.byte	-46
 717 02b1 20       		.byte	32
 718 02b2 E6       		.byte	-26
 719 02b3 05       		.byte	5
 720 02b4 01       		.byte	1
 721 02b5 08       		.byte	8
 722 02b6 02       		.byte	2
 723 02b7 0F       		.byte	15
 724 02b8 04       		.byte	4
 725 02b9 08       		.byte	8
 726 02ba 05       		.byte	5
 727 02bb 01       		.byte	1
 728 02bc 09       		.byte	9
 729 02bd 04       		.byte	4
 730 02be 0A       		.byte	10
 731 02bf 0F       		.byte	15
 732 02c0 0E       		.byte	14
 733 02c1 0F       		.byte	15
 734 02c2 0F       		.byte	15
 735 02c3 0F       		.byte	15
 736 02c4 12       		.byte	18
 737 02c5 0F       		.byte	15
 738 02c6 13       		.byte	19
 739 02c7 0F       		.byte	15
 740 02c8 16       		.byte	22
 741 02c9 0F       		.byte	15
ARM GAS  C:\Users\DGILLI~1\AppData\Local\Temp\cctsdob6.s 			page 14


 742 02ca 17       		.byte	23
 743 02cb 0F       		.byte	15
 744 02cc 1A       		.byte	26
 745 02cd 0F       		.byte	15
 746 02ce 1B       		.byte	27
 747 02cf 0F       		.byte	15
 748 02d0 1C       		.byte	28
 749 02d1 04       		.byte	4
 750 02d2 1F       		.byte	31
 751 02d3 0F       		.byte	15
 752 02d4 20       		.byte	32
 753 02d5 02       		.byte	2
 754 02d6 23       		.byte	35
 755 02d7 0F       		.byte	15
 756 02d8 25       		.byte	37
 757 02d9 02       		.byte	2
 758 02da 26       		.byte	38
 759 02db 0F       		.byte	15
 760 02dc 2A       		.byte	42
 761 02dd 0F       		.byte	15
 762 02de 2B       		.byte	43
 763 02df 0F       		.byte	15
 764 02e0 2C       		.byte	44
 765 02e1 01       		.byte	1
 766 02e2 2F       		.byte	47
 767 02e3 0F       		.byte	15
 768 02e4 30       		.byte	48
 769 02e5 0F       		.byte	15
 770 02e6 35       		.byte	53
 771 02e7 0F       		.byte	15
 772 02e8 3E       		.byte	62
 773 02e9 01       		.byte	1
 774 02ea 3F       		.byte	63
 775 02eb 10       		.byte	16
 776 02ec 52       		.byte	82
 777 02ed 03       		.byte	3
 778 02ee 58       		.byte	88
 779 02ef 04       		.byte	4
 780 02f0 59       		.byte	89
 781 02f1 04       		.byte	4
 782 02f2 5B       		.byte	91
 783 02f3 04       		.byte	4
 784 02f4 5F       		.byte	95
 785 02f5 01       		.byte	1
 786 02f6 81       		.byte	-127
 787 02f7 01       		.byte	1
 788 02f8 82       		.byte	-126
 789 02f9 0A       		.byte	10
 790 02fa 83       		.byte	-125
 791 02fb 02       		.byte	2
 792 02fc 86       		.byte	-122
 793 02fd 40       		.byte	64
 794 02fe 8A       		.byte	-118
 795 02ff 10       		.byte	16
 796 0300 8F       		.byte	-113
 797 0301 02       		.byte	2
 798 0302 90       		.byte	-112
ARM GAS  C:\Users\DGILLI~1\AppData\Local\Temp\cctsdob6.s 			page 15


 799 0303 20       		.byte	32
 800 0304 92       		.byte	-110
 801 0305 40       		.byte	64
 802 0306 96       		.byte	-106
 803 0307 05       		.byte	5
 804 0308 98       		.byte	-104
 805 0309 0C       		.byte	12
 806 030a A2       		.byte	-94
 807 030b 20       		.byte	32
 808 030c A6       		.byte	-90
 809 030d 13       		.byte	19
 810 030e AF       		.byte	-81
 811 030f 01       		.byte	1
 812 0310 B0       		.byte	-80
 813 0311 0C       		.byte	12
 814 0312 B2       		.byte	-78
 815 0313 60       		.byte	96
 816 0314 B3       		.byte	-77
 817 0315 03       		.byte	3
 818 0316 B4       		.byte	-76
 819 0317 10       		.byte	16
 820 0318 B6       		.byte	-74
 821 0319 03       		.byte	3
 822 031a BE       		.byte	-66
 823 031b 14       		.byte	20
 824 031c BF       		.byte	-65
 825 031d 04       		.byte	4
 826 031e D4       		.byte	-44
 827 031f 07       		.byte	7
 828 0320 D8       		.byte	-40
 829 0321 04       		.byte	4
 830 0322 D9       		.byte	-39
 831 0323 04       		.byte	4
 832 0324 DB       		.byte	-37
 833 0325 04       		.byte	4
 834 0326 DF       		.byte	-33
 835 0327 01       		.byte	1
 836 0328 01       		.byte	1
 837 0329 20       		.byte	32
 838 032a 02       		.byte	2
 839 032b 80       		.byte	-128
 840 032c 03       		.byte	3
 841 032d A3       		.byte	-93
 842 032e 06       		.byte	6
 843 032f 48       		.byte	72
 844 0330 07       		.byte	7
 845 0331 10       		.byte	16
 846 0332 09       		.byte	9
 847 0333 10       		.byte	16
 848 0334 0A       		.byte	10
 849 0335 20       		.byte	32
 850 0336 0B       		.byte	11
 851 0337 42       		.byte	66
 852 0338 0C       		.byte	12
 853 0339 02       		.byte	2
 854 033a 0D       		.byte	13
 855 033b 10       		.byte	16
ARM GAS  C:\Users\DGILLI~1\AppData\Local\Temp\cctsdob6.s 			page 16


 856 033c 0F       		.byte	15
 857 033d 20       		.byte	32
 858 033e 10       		.byte	16
 859 033f 10       		.byte	16
 860 0340 11       		.byte	17
 861 0341 92       		.byte	-110
 862 0342 12       		.byte	18
 863 0343 08       		.byte	8
 864 0344 15       		.byte	21
 865 0345 08       		.byte	8
 866 0346 16       		.byte	22
 867 0347 80       		.byte	-128
 868 0348 19       		.byte	25
 869 0349 02       		.byte	2
 870 034a 1E       		.byte	30
 871 034b 8A       		.byte	-118
 872 034c 1F       		.byte	31
 873 034d 48       		.byte	72
 874 034e 20       		.byte	32
 875 034f 04       		.byte	4
 876 0350 24       		.byte	36
 877 0351 20       		.byte	32
 878 0352 29       		.byte	41
 879 0353 28       		.byte	40
 880 0354 2B       		.byte	43
 881 0355 82       		.byte	-126
 882 0356 2E       		.byte	46
 883 0357 80       		.byte	-128
 884 0358 31       		.byte	49
 885 0359 80       		.byte	-128
 886 035a 32       		.byte	50
 887 035b 19       		.byte	25
 888 035c 38       		.byte	56
 889 035d 80       		.byte	-128
 890 035e 39       		.byte	57
 891 035f 02       		.byte	2
 892 0360 3A       		.byte	58
 893 0361 04       		.byte	4
 894 0362 3B       		.byte	59
 895 0363 10       		.byte	16
 896 0364 3D       		.byte	61
 897 0365 01       		.byte	1
 898 0366 3E       		.byte	62
 899 0367 40       		.byte	64
 900 0368 5E       		.byte	94
 901 0369 88       		.byte	-120
 902 036a 5F       		.byte	95
 903 036b 21       		.byte	33
 904 036c 68       		.byte	104
 905 036d 08       		.byte	8
 906 036e 69       		.byte	105
 907 036f 40       		.byte	64
 908 0370 76       		.byte	118
 909 0371 80       		.byte	-128
 910 0372 83       		.byte	-125
 911 0373 01       		.byte	1
 912 0374 84       		.byte	-124
ARM GAS  C:\Users\DGILLI~1\AppData\Local\Temp\cctsdob6.s 			page 17


 913 0375 08       		.byte	8
 914 0376 85       		.byte	-123
 915 0377 40       		.byte	64
 916 0378 86       		.byte	-122
 917 0379 11       		.byte	17
 918 037a 87       		.byte	-121
 919 037b 70       		.byte	112
 920 037c 8B       		.byte	-117
 921 037d 01       		.byte	1
 922 037e 8C       		.byte	-116
 923 037f 50       		.byte	80
 924 0380 8D       		.byte	-115
 925 0381 11       		.byte	17
 926 0382 91       		.byte	-111
 927 0383 3B       		.byte	59
 928 0384 92       		.byte	-110
 929 0385 60       		.byte	96
 930 0386 93       		.byte	-109
 931 0387 01       		.byte	1
 932 0388 94       		.byte	-108
 933 0389 04       		.byte	4
 934 038a 95       		.byte	-107
 935 038b 40       		.byte	64
 936 038c 97       		.byte	-105
 937 038d 82       		.byte	-126
 938 038e 98       		.byte	-104
 939 038f 10       		.byte	16
 940 0390 99       		.byte	-103
 941 0391 28       		.byte	40
 942 0392 9A       		.byte	-102
 943 0393 4C       		.byte	76
 944 0394 9B       		.byte	-101
 945 0395 30       		.byte	48
 946 0396 9C       		.byte	-100
 947 0397 08       		.byte	8
 948 0398 9D       		.byte	-99
 949 0399 02       		.byte	2
 950 039a 9E       		.byte	-98
 951 039b 90       		.byte	-112
 952 039c 9F       		.byte	-97
 953 039d 01       		.byte	1
 954 039e A0       		.byte	-96
 955 039f 02       		.byte	2
 956 03a0 A1       		.byte	-95
 957 03a1 80       		.byte	-128
 958 03a2 A2       		.byte	-94
 959 03a3 80       		.byte	-128
 960 03a4 A3       		.byte	-93
 961 03a5 10       		.byte	16
 962 03a6 A4       		.byte	-92
 963 03a7 08       		.byte	8
 964 03a8 A5       		.byte	-91
 965 03a9 11       		.byte	17
 966 03aa A6       		.byte	-90
 967 03ab 01       		.byte	1
 968 03ac A7       		.byte	-89
 969 03ad 08       		.byte	8
ARM GAS  C:\Users\DGILLI~1\AppData\Local\Temp\cctsdob6.s 			page 18


 970 03ae AA       		.byte	-86
 971 03af 80       		.byte	-128
 972 03b0 AD       		.byte	-83
 973 03b1 10       		.byte	16
 974 03b2 AF       		.byte	-81
 975 03b3 08       		.byte	8
 976 03b4 C0       		.byte	-64
 977 03b5 7F       		.byte	127
 978 03b6 C2       		.byte	-62
 979 03b7 7F       		.byte	127
 980 03b8 C4       		.byte	-60
 981 03b9 3F       		.byte	63
 982 03ba CA       		.byte	-54
 983 03bb 1F       		.byte	31
 984 03bc CC       		.byte	-52
 985 03bd 0F       		.byte	15
 986 03be CE       		.byte	-50
 987 03bf 9F       		.byte	-97
 988 03c0 D6       		.byte	-42
 989 03c1 F0       		.byte	-16
 990 03c2 E2       		.byte	-30
 991 03c3 0A       		.byte	10
 992 03c4 E6       		.byte	-26
 993 03c5 4E       		.byte	78
 994 03c6 EE       		.byte	-18
 995 03c7 0C       		.byte	12
 996 03c8 89       		.byte	-119
 997 03c9 80       		.byte	-128
 998 03ca 00       		.byte	0
 999 03cb 40       		.byte	64
 1000 03cc 01       		.byte	1
 1001 03cd 04       		.byte	4
 1002 03ce 05       		.byte	5
 1003 03cf 28       		.byte	40
 1004 03d0 0B       		.byte	11
 1005 03d1 28       		.byte	40
 1006 03d2 0C       		.byte	12
 1007 03d3 21       		.byte	33
 1008 03d4 C0       		.byte	-64
 1009 03d5 0F       		.byte	15
 1010 03d6 C2       		.byte	-62
 1011 03d7 0F       		.byte	15
 1012 03d8 85       		.byte	-123
 1013 03d9 04       		.byte	4
 1014 03da 8B       		.byte	-117
 1015 03db 10       		.byte	16
 1016 03dc 90       		.byte	-112
 1017 03dd 40       		.byte	64
 1018 03de 91       		.byte	-111
 1019 03df 04       		.byte	4
 1020 03e0 93       		.byte	-109
 1021 03e1 28       		.byte	40
 1022 03e2 98       		.byte	-104
 1023 03e3 01       		.byte	1
 1024 03e4 99       		.byte	-103
 1025 03e5 28       		.byte	40
 1026 03e6 A0       		.byte	-96
ARM GAS  C:\Users\DGILLI~1\AppData\Local\Temp\cctsdob6.s 			page 19


 1027 03e7 20       		.byte	32
 1028 03e8 E2       		.byte	-30
 1029 03e9 04       		.byte	4
 1030 03ea 85       		.byte	-123
 1031 03eb 01       		.byte	1
 1032 03ec 90       		.byte	-112
 1033 03ed 40       		.byte	64
 1034 03ee 93       		.byte	-109
 1035 03ef 08       		.byte	8
 1036 03f0 98       		.byte	-104
 1037 03f1 01       		.byte	1
 1038 03f2 99       		.byte	-103
 1039 03f3 28       		.byte	40
 1040 03f4 A0       		.byte	-96
 1041 03f5 20       		.byte	32
 1042 03f6 57       		.byte	87
 1043 03f7 08       		.byte	8
 1044 03f8 91       		.byte	-111
 1045 03f9 20       		.byte	32
 1046 03fa 99       		.byte	-103
 1047 03fb 80       		.byte	-128
 1048 03fc AD       		.byte	-83
 1049 03fd 10       		.byte	16
 1050 03fe D4       		.byte	-44
 1051 03ff 40       		.byte	64
 1052 0400 EA       		.byte	-22
 1053 0401 40       		.byte	64
 1054 0402 51       		.byte	81
 1055 0403 10       		.byte	16
 1056 0404 59       		.byte	89
 1057 0405 80       		.byte	-128
 1058 0406 62       		.byte	98
 1059 0407 01       		.byte	1
 1060 0408 8E       		.byte	-114
 1061 0409 01       		.byte	1
 1062 040a 91       		.byte	-111
 1063 040b 20       		.byte	32
 1064 040c 99       		.byte	-103
 1065 040d 80       		.byte	-128
 1066 040e AF       		.byte	-81
 1067 040f 08       		.byte	8
 1068 0410 D4       		.byte	-44
 1069 0411 A0       		.byte	-96
 1070 0412 D8       		.byte	-40
 1071 0413 40       		.byte	64
 1072 0414 EE       		.byte	-18
 1073 0415 40       		.byte	64
 1074 0416 0A       		.byte	10
 1075 0417 01       		.byte	1
 1076 0418 0D       		.byte	13
 1077 0419 05       		.byte	5
 1078 041a 0F       		.byte	15
 1079 041b 08       		.byte	8
 1080 041c 80       		.byte	-128
 1081 041d 50       		.byte	80
 1082 041e 8B       		.byte	-117
 1083 041f 40       		.byte	64
ARM GAS  C:\Users\DGILLI~1\AppData\Local\Temp\cctsdob6.s 			page 20


 1084 0420 90       		.byte	-112
 1085 0421 40       		.byte	64
 1086 0422 93       		.byte	-109
 1087 0423 08       		.byte	8
 1088 0424 95       		.byte	-107
 1089 0425 02       		.byte	2
 1090 0426 96       		.byte	-106
 1091 0427 01       		.byte	1
 1092 0428 98       		.byte	-104
 1093 0429 01       		.byte	1
 1094 042a 99       		.byte	-103
 1095 042b 28       		.byte	40
 1096 042c A0       		.byte	-96
 1097 042d 20       		.byte	32
 1098 042e A7       		.byte	-89
 1099 042f 04       		.byte	4
 1100 0430 B1       		.byte	-79
 1101 0431 28       		.byte	40
 1102 0432 B2       		.byte	-78
 1103 0433 01       		.byte	1
 1104 0434 B7       		.byte	-73
 1105 0435 04       		.byte	4
 1106 0436 C2       		.byte	-62
 1107 0437 07       		.byte	7
 1108 0438 E4       		.byte	-28
 1109 0439 01       		.byte	1
 1110 043a EA       		.byte	-22
 1111 043b 07       		.byte	7
 1112 043c EE       		.byte	-18
 1113 043d 01       		.byte	1
 1114 043e 00       		.byte	0
 1115 043f 80       		.byte	-128
 1116 0440 01       		.byte	1
 1117 0441 08       		.byte	8
 1118 0442 04       		.byte	4
 1119 0443 10       		.byte	16
 1120 0444 07       		.byte	7
 1121 0445 40       		.byte	64
 1122 0446 0B       		.byte	11
 1123 0447 08       		.byte	8
 1124 0448 67       		.byte	103
 1125 0449 80       		.byte	-128
 1126 044a 81       		.byte	-127
 1127 044b 08       		.byte	8
 1128 044c 84       		.byte	-124
 1129 044d 40       		.byte	64
 1130 044e 85       		.byte	-123
 1131 044f 24       		.byte	36
 1132 0450 87       		.byte	-121
 1133 0451 04       		.byte	4
 1134 0452 88       		.byte	-120
 1135 0453 01       		.byte	1
 1136 0454 8C       		.byte	-116
 1137 0455 20       		.byte	32
 1138 0456 8F       		.byte	-113
 1139 0457 40       		.byte	64
 1140 0458 91       		.byte	-111
ARM GAS  C:\Users\DGILLI~1\AppData\Local\Temp\cctsdob6.s 			page 21


 1141 0459 08       		.byte	8
 1142 045a 93       		.byte	-109
 1143 045b 80       		.byte	-128
 1144 045c 94       		.byte	-108
 1145 045d 10       		.byte	16
 1146 045e 98       		.byte	-104
 1147 045f 01       		.byte	1
 1148 0460 99       		.byte	-103
 1149 0461 20       		.byte	32
 1150 0462 A0       		.byte	-96
 1151 0463 20       		.byte	32
 1152 0464 A9       		.byte	-87
 1153 0465 08       		.byte	8
 1154 0466 AF       		.byte	-81
 1155 0467 04       		.byte	4
 1156 0468 C0       		.byte	-64
 1157 0469 0F       		.byte	15
 1158 046a C2       		.byte	-62
 1159 046b 02       		.byte	2
 1160 046c D8       		.byte	-40
 1161 046d 01       		.byte	1
 1162 046e E2       		.byte	-30
 1163 046f 08       		.byte	8
 1164 0470 E6       		.byte	-26
 1165 0471 0C       		.byte	12
 1166 0472 00       		.byte	0
 1167 0473 01       		.byte	1
 1168 0474 0C       		.byte	12
 1169 0475 01       		.byte	1
 1170 0476 10       		.byte	16
 1171 0477 01       		.byte	1
 1172 0478 1C       		.byte	28
 1173 0479 01       		.byte	1
 1174 047a 00       		.byte	0
 1175 047b 00       		.byte	0
 1176 047c 00       		.byte	0
 1177 047d FF       		.byte	-1
 1178 047e FF       		.byte	-1
 1179 047f 00       		.byte	0
 1180 0480 FF       		.byte	-1
 1181 0481 00       		.byte	0
 1182 0482 00       		.byte	0
 1183 0483 00       		.byte	0
 1184 0484 00       		.byte	0
 1185 0485 0F       		.byte	15
 1186 0486 0F       		.byte	15
 1187 0487 00       		.byte	0
 1188 0488 0F       		.byte	15
 1189 0489 00       		.byte	0
 1190 048a 00       		.byte	0
 1191 048b 00       		.byte	0
 1192 048c 00       		.byte	0
 1193 048d 0D       		.byte	13
 1194 048e 0D       		.byte	13
 1195 048f 00       		.byte	0
 1196 0490 0D       		.byte	13
 1197 0491 00       		.byte	0
ARM GAS  C:\Users\DGILLI~1\AppData\Local\Temp\cctsdob6.s 			page 22


 1198 0492 00       		.byte	0
 1199 0493 00       		.byte	0
 1200 0494 E0       		.byte	-32
 1201 0495 00       		.byte	0
 1202 0496 00       		.byte	0
 1203 0497 E0       		.byte	-32
 1204 0498 00       		.byte	0
 1205 0499 00       		.byte	0
 1206 049a 00       		.byte	0
 1207 049b 00       		.byte	0
 1208 049c 00       		.byte	0
 1209 049d 00       		.byte	0
 1210 049e 00       		.byte	0
 1211 049f 00       		.byte	0
 1212 04a0 FF       		.byte	-1
 1213 04a1 00       		.byte	0
 1214 04a2 80       		.byte	-128
 1215 04a3 FF       		.byte	-1
 1216 04a4 80       		.byte	-128
 1217 04a5 00       		.byte	0
 1218 04a6 00       		.byte	0
 1219 04a7 00       		.byte	0
 1220 04a8 00       		.byte	0
 1221 04a9 00       		.byte	0
 1222 04aa 00       		.byte	0
 1223 04ab 00       		.byte	0
 1224 04ac 00       		.byte	0
 1225 04ad 55       		.byte	85
 1226 04ae 55       		.byte	85
 1227 04af 00       		.byte	0
 1228 04b0 55       		.byte	85
 1229 04b1 00       		.byte	0
 1230 04b2 00       		.byte	0
 1231 04b3 00       		.byte	0
 1232 04b4 00       		.byte	0
 1233 04b5 3F       		.byte	63
 1234 04b6 3F       		.byte	63
 1235 04b7 00       		.byte	0
 1236 04b8 3F       		.byte	63
 1237 04b9 00       		.byte	0
 1238 04ba 00       		.byte	0
 1239 04bb 00       		.byte	0
 1240 04bc 0D       		.byte	13
 1241 04bd 00       		.byte	0
 1242 04be 42       		.byte	66
 1243 04bf 1D       		.byte	29
 1244 04c0 10       		.byte	16
 1245 04c1 00       		.byte	0
 1246 04c2 10       		.byte	16
 1247 04c3 00       		.byte	0
 1248 04c4 00       		.byte	0
 1249 04c5 00       		.byte	0
 1250 04c6 00       		.byte	0
 1251 04c7 00       		.byte	0
 1252              		.section	.cywolatch,"a",%progbits
 1253              		.align	2
 1254              		.type	cy_meta_wonvl, %object
ARM GAS  C:\Users\DGILLI~1\AppData\Local\Temp\cctsdob6.s 			page 23


 1255              		.size	cy_meta_wonvl, 4
 1256              	cy_meta_wonvl:
 1257 0000 BC       		.byte	-68
 1258 0001 90       		.byte	-112
 1259 0002 AC       		.byte	-84
 1260 0003 AF       		.byte	-81
 1261              		.section	.cycustnvl,"a",%progbits
 1262              		.align	2
 1263              		.type	cy_meta_custnvl, %object
 1264              		.size	cy_meta_custnvl, 4
 1265              	cy_meta_custnvl:
 1266 0000 00       		.byte	0
 1267 0001 00       		.byte	0
 1268 0002 40       		.byte	64
 1269 0003 05       		.byte	5
 1270              		.section	.cymeta,"a",%progbits
 1271              		.align	2
 1272              		.type	cy_metadata, %object
 1273              		.size	cy_metadata, 12
 1274              	cy_metadata:
 1275 0000 00       		.byte	0
 1276 0001 01       		.byte	1
 1277 0002 2E       		.byte	46
 1278 0003 13       		.byte	19
 1279 0004 30       		.byte	48
 1280 0005 69       		.byte	105
 1281 0006 00       		.byte	0
 1282 0007 01       		.byte	1
 1283 0008 00       		.byte	0
 1284 0009 00       		.byte	0
 1285 000a 00       		.byte	0
 1286 000b 00       		.byte	0
 1287              		.section	.cyflashprotect,"a",%progbits
 1288              		.align	2
 1289              		.type	cy_meta_flashprotect, %object
 1290              		.size	cy_meta_flashprotect, 128
 1291              	cy_meta_flashprotect:
 1292 0000 00000000 		.space	128
 1292      00000000 
 1292      00000000 
 1292      00000000 
 1292      00000000 
 1293              		.text
 1294              	.Letext0:
 1295              		.file 1 ".\\Generated_Source\\PSoC5\\cymetadata.c"
 1296              		.file 2 ".\\Generated_Source\\PSoC5\\cytypes.h"
 1297              		.section	.debug_info,"",%progbits
 1298              	.Ldebug_info0:
 1299 0000 36010000 		.4byte	0x136
 1300 0004 0400     		.2byte	0x4
 1301 0006 00000000 		.4byte	.Ldebug_abbrev0
 1302 000a 04       		.byte	0x4
 1303 000b 01       		.uleb128 0x1
 1304 000c 94000000 		.4byte	.LASF18
 1305 0010 01       		.byte	0x1
 1306 0011 00000000 		.4byte	.LASF19
 1307 0015 69010000 		.4byte	.LASF20
ARM GAS  C:\Users\DGILLI~1\AppData\Local\Temp\cctsdob6.s 			page 24


 1308 0019 00000000 		.4byte	.Ldebug_line0
 1309 001d 02       		.uleb128 0x2
 1310 001e 01       		.byte	0x1
 1311 001f 06       		.byte	0x6
 1312 0020 DE010000 		.4byte	.LASF0
 1313 0024 02       		.uleb128 0x2
 1314 0025 01       		.byte	0x1
 1315 0026 08       		.byte	0x8
 1316 0027 38000000 		.4byte	.LASF1
 1317 002b 02       		.uleb128 0x2
 1318 002c 02       		.byte	0x2
 1319 002d 05       		.byte	0x5
 1320 002e C5010000 		.4byte	.LASF2
 1321 0032 02       		.uleb128 0x2
 1322 0033 02       		.byte	0x2
 1323 0034 07       		.byte	0x7
 1324 0035 58000000 		.4byte	.LASF3
 1325 0039 02       		.uleb128 0x2
 1326 003a 04       		.byte	0x4
 1327 003b 05       		.byte	0x5
 1328 003c D5010000 		.4byte	.LASF4
 1329 0040 02       		.uleb128 0x2
 1330 0041 04       		.byte	0x4
 1331 0042 07       		.byte	0x7
 1332 0043 46000000 		.4byte	.LASF5
 1333 0047 02       		.uleb128 0x2
 1334 0048 08       		.byte	0x8
 1335 0049 05       		.byte	0x5
 1336 004a B2010000 		.4byte	.LASF6
 1337 004e 02       		.uleb128 0x2
 1338 004f 08       		.byte	0x8
 1339 0050 07       		.byte	0x7
 1340 0051 2F010000 		.4byte	.LASF7
 1341 0055 03       		.uleb128 0x3
 1342 0056 04       		.byte	0x4
 1343 0057 05       		.byte	0x5
 1344 0058 696E7400 		.ascii	"int\000"
 1345 005c 02       		.uleb128 0x2
 1346 005d 04       		.byte	0x4
 1347 005e 07       		.byte	0x7
 1348 005f 22010000 		.4byte	.LASF8
 1349 0063 04       		.uleb128 0x4
 1350 0064 CF010000 		.4byte	.LASF21
 1351 0068 02       		.byte	0x2
 1352 0069 C2       		.byte	0xc2
 1353 006a 24000000 		.4byte	0x24
 1354 006e 02       		.uleb128 0x2
 1355 006f 04       		.byte	0x4
 1356 0070 04       		.byte	0x4
 1357 0071 32000000 		.4byte	.LASF9
 1358 0075 02       		.uleb128 0x2
 1359 0076 08       		.byte	0x8
 1360 0077 04       		.byte	0x4
 1361 0078 6B000000 		.4byte	.LASF10
 1362 007c 02       		.uleb128 0x2
 1363 007d 01       		.byte	0x1
 1364 007e 08       		.byte	0x8
ARM GAS  C:\Users\DGILLI~1\AppData\Local\Temp\cctsdob6.s 			page 25


 1365 007f C0010000 		.4byte	.LASF11
 1366 0083 05       		.uleb128 0x5
 1367 0084 63000000 		.4byte	0x63
 1368 0088 94000000 		.4byte	0x94
 1369 008c 06       		.uleb128 0x6
 1370 008d 94000000 		.4byte	0x94
 1371 0091 C704     		.2byte	0x4c7
 1372 0093 00       		.byte	0
 1373 0094 02       		.uleb128 0x2
 1374 0095 04       		.byte	0x4
 1375 0096 07       		.byte	0x7
 1376 0097 A9010000 		.4byte	.LASF12
 1377 009b 07       		.uleb128 0x7
 1378 009c 82000000 		.4byte	.LASF13
 1379 00a0 01       		.byte	0x1
 1380 00a1 1C       		.byte	0x1c
 1381 00a2 AC000000 		.4byte	0xac
 1382 00a6 05       		.uleb128 0x5
 1383 00a7 03       		.byte	0x3
 1384 00a8 00000000 		.4byte	cy_meta_configecc
 1385 00ac 08       		.uleb128 0x8
 1386 00ad 83000000 		.4byte	0x83
 1387 00b1 05       		.uleb128 0x5
 1388 00b2 63000000 		.4byte	0x63
 1389 00b6 C1000000 		.4byte	0xc1
 1390 00ba 09       		.uleb128 0x9
 1391 00bb 94000000 		.4byte	0x94
 1392 00bf 03       		.byte	0x3
 1393 00c0 00       		.byte	0
 1394 00c1 07       		.uleb128 0x7
 1395 00c2 72000000 		.4byte	.LASF14
 1396 00c6 01       		.byte	0x1
 1397 00c7 BF       		.byte	0xbf
 1398 00c8 D2000000 		.4byte	0xd2
 1399 00cc 05       		.uleb128 0x5
 1400 00cd 03       		.byte	0x3
 1401 00ce 00000000 		.4byte	cy_meta_custnvl
 1402 00d2 08       		.uleb128 0x8
 1403 00d3 B1000000 		.4byte	0xb1
 1404 00d7 07       		.uleb128 0x7
 1405 00d8 5B010000 		.4byte	.LASF15
 1406 00dc 01       		.byte	0x1
 1407 00dd CA       		.byte	0xca
 1408 00de E8000000 		.4byte	0xe8
 1409 00e2 05       		.uleb128 0x5
 1410 00e3 03       		.byte	0x3
 1411 00e4 00000000 		.4byte	cy_meta_wonvl
 1412 00e8 08       		.uleb128 0x8
 1413 00e9 B1000000 		.4byte	0xb1
 1414 00ed 05       		.uleb128 0x5
 1415 00ee 63000000 		.4byte	0x63
 1416 00f2 FD000000 		.4byte	0xfd
 1417 00f6 09       		.uleb128 0x9
 1418 00f7 94000000 		.4byte	0x94
 1419 00fb 7F       		.byte	0x7f
 1420 00fc 00       		.byte	0
 1421 00fd 07       		.uleb128 0x7
ARM GAS  C:\Users\DGILLI~1\AppData\Local\Temp\cctsdob6.s 			page 26


 1422 00fe 46010000 		.4byte	.LASF16
 1423 0102 01       		.byte	0x1
 1424 0103 D5       		.byte	0xd5
 1425 0104 0E010000 		.4byte	0x10e
 1426 0108 05       		.uleb128 0x5
 1427 0109 03       		.byte	0x3
 1428 010a 00000000 		.4byte	cy_meta_flashprotect
 1429 010e 08       		.uleb128 0x8
 1430 010f ED000000 		.4byte	0xed
 1431 0113 05       		.uleb128 0x5
 1432 0114 63000000 		.4byte	0x63
 1433 0118 23010000 		.4byte	0x123
 1434 011c 09       		.uleb128 0x9
 1435 011d 94000000 		.4byte	0x94
 1436 0121 0B       		.byte	0xb
 1437 0122 00       		.byte	0
 1438 0123 07       		.uleb128 0x7
 1439 0124 26000000 		.4byte	.LASF17
 1440 0128 01       		.byte	0x1
 1441 0129 EF       		.byte	0xef
 1442 012a 34010000 		.4byte	0x134
 1443 012e 05       		.uleb128 0x5
 1444 012f 03       		.byte	0x3
 1445 0130 00000000 		.4byte	cy_metadata
 1446 0134 08       		.uleb128 0x8
 1447 0135 13010000 		.4byte	0x113
 1448 0139 00       		.byte	0
 1449              		.section	.debug_abbrev,"",%progbits
 1450              	.Ldebug_abbrev0:
 1451 0000 01       		.uleb128 0x1
 1452 0001 11       		.uleb128 0x11
 1453 0002 01       		.byte	0x1
 1454 0003 25       		.uleb128 0x25
 1455 0004 0E       		.uleb128 0xe
 1456 0005 13       		.uleb128 0x13
 1457 0006 0B       		.uleb128 0xb
 1458 0007 03       		.uleb128 0x3
 1459 0008 0E       		.uleb128 0xe
 1460 0009 1B       		.uleb128 0x1b
 1461 000a 0E       		.uleb128 0xe
 1462 000b 10       		.uleb128 0x10
 1463 000c 17       		.uleb128 0x17
 1464 000d 00       		.byte	0
 1465 000e 00       		.byte	0
 1466 000f 02       		.uleb128 0x2
 1467 0010 24       		.uleb128 0x24
 1468 0011 00       		.byte	0
 1469 0012 0B       		.uleb128 0xb
 1470 0013 0B       		.uleb128 0xb
 1471 0014 3E       		.uleb128 0x3e
 1472 0015 0B       		.uleb128 0xb
 1473 0016 03       		.uleb128 0x3
 1474 0017 0E       		.uleb128 0xe
 1475 0018 00       		.byte	0
 1476 0019 00       		.byte	0
 1477 001a 03       		.uleb128 0x3
 1478 001b 24       		.uleb128 0x24
ARM GAS  C:\Users\DGILLI~1\AppData\Local\Temp\cctsdob6.s 			page 27


 1479 001c 00       		.byte	0
 1480 001d 0B       		.uleb128 0xb
 1481 001e 0B       		.uleb128 0xb
 1482 001f 3E       		.uleb128 0x3e
 1483 0020 0B       		.uleb128 0xb
 1484 0021 03       		.uleb128 0x3
 1485 0022 08       		.uleb128 0x8
 1486 0023 00       		.byte	0
 1487 0024 00       		.byte	0
 1488 0025 04       		.uleb128 0x4
 1489 0026 16       		.uleb128 0x16
 1490 0027 00       		.byte	0
 1491 0028 03       		.uleb128 0x3
 1492 0029 0E       		.uleb128 0xe
 1493 002a 3A       		.uleb128 0x3a
 1494 002b 0B       		.uleb128 0xb
 1495 002c 3B       		.uleb128 0x3b
 1496 002d 0B       		.uleb128 0xb
 1497 002e 49       		.uleb128 0x49
 1498 002f 13       		.uleb128 0x13
 1499 0030 00       		.byte	0
 1500 0031 00       		.byte	0
 1501 0032 05       		.uleb128 0x5
 1502 0033 01       		.uleb128 0x1
 1503 0034 01       		.byte	0x1
 1504 0035 49       		.uleb128 0x49
 1505 0036 13       		.uleb128 0x13
 1506 0037 01       		.uleb128 0x1
 1507 0038 13       		.uleb128 0x13
 1508 0039 00       		.byte	0
 1509 003a 00       		.byte	0
 1510 003b 06       		.uleb128 0x6
 1511 003c 21       		.uleb128 0x21
 1512 003d 00       		.byte	0
 1513 003e 49       		.uleb128 0x49
 1514 003f 13       		.uleb128 0x13
 1515 0040 2F       		.uleb128 0x2f
 1516 0041 05       		.uleb128 0x5
 1517 0042 00       		.byte	0
 1518 0043 00       		.byte	0
 1519 0044 07       		.uleb128 0x7
 1520 0045 34       		.uleb128 0x34
 1521 0046 00       		.byte	0
 1522 0047 03       		.uleb128 0x3
 1523 0048 0E       		.uleb128 0xe
 1524 0049 3A       		.uleb128 0x3a
 1525 004a 0B       		.uleb128 0xb
 1526 004b 3B       		.uleb128 0x3b
 1527 004c 0B       		.uleb128 0xb
 1528 004d 49       		.uleb128 0x49
 1529 004e 13       		.uleb128 0x13
 1530 004f 3F       		.uleb128 0x3f
 1531 0050 19       		.uleb128 0x19
 1532 0051 02       		.uleb128 0x2
 1533 0052 18       		.uleb128 0x18
 1534 0053 00       		.byte	0
 1535 0054 00       		.byte	0
ARM GAS  C:\Users\DGILLI~1\AppData\Local\Temp\cctsdob6.s 			page 28


 1536 0055 08       		.uleb128 0x8
 1537 0056 26       		.uleb128 0x26
 1538 0057 00       		.byte	0
 1539 0058 49       		.uleb128 0x49
 1540 0059 13       		.uleb128 0x13
 1541 005a 00       		.byte	0
 1542 005b 00       		.byte	0
 1543 005c 09       		.uleb128 0x9
 1544 005d 21       		.uleb128 0x21
 1545 005e 00       		.byte	0
 1546 005f 49       		.uleb128 0x49
 1547 0060 13       		.uleb128 0x13
 1548 0061 2F       		.uleb128 0x2f
 1549 0062 0B       		.uleb128 0xb
 1550 0063 00       		.byte	0
 1551 0064 00       		.byte	0
 1552 0065 00       		.byte	0
 1553              		.section	.debug_aranges,"",%progbits
 1554 0000 14000000 		.4byte	0x14
 1555 0004 0200     		.2byte	0x2
 1556 0006 00000000 		.4byte	.Ldebug_info0
 1557 000a 04       		.byte	0x4
 1558 000b 00       		.byte	0
 1559 000c 0000     		.2byte	0
 1560 000e 0000     		.2byte	0
 1561 0010 00000000 		.4byte	0
 1562 0014 00000000 		.4byte	0
 1563              		.section	.debug_line,"",%progbits
 1564              	.Ldebug_line0:
 1565 0000 4F000000 		.section	.debug_str,"MS",%progbits,1
 1565      02004900 
 1565      00000201 
 1565      FB0E0D00 
 1565      01010101 
 1566              	.LASF19:
 1567 0000 2E5C4765 		.ascii	".\\Generated_Source\\PSoC5\\cymetadata.c\000"
 1567      6E657261 
 1567      7465645F 
 1567      536F7572 
 1567      63655C50 
 1568              	.LASF17:
 1569 0026 63795F6D 		.ascii	"cy_metadata\000"
 1569      65746164 
 1569      61746100 
 1570              	.LASF9:
 1571 0032 666C6F61 		.ascii	"float\000"
 1571      7400
 1572              	.LASF1:
 1573 0038 756E7369 		.ascii	"unsigned char\000"
 1573      676E6564 
 1573      20636861 
 1573      7200
 1574              	.LASF5:
 1575 0046 6C6F6E67 		.ascii	"long unsigned int\000"
 1575      20756E73 
 1575      69676E65 
 1575      6420696E 
ARM GAS  C:\Users\DGILLI~1\AppData\Local\Temp\cctsdob6.s 			page 29


 1575      7400
 1576              	.LASF3:
 1577 0058 73686F72 		.ascii	"short unsigned int\000"
 1577      7420756E 
 1577      7369676E 
 1577      65642069 
 1577      6E7400
 1578              	.LASF10:
 1579 006b 646F7562 		.ascii	"double\000"
 1579      6C6500
 1580              	.LASF14:
 1581 0072 63795F6D 		.ascii	"cy_meta_custnvl\000"
 1581      6574615F 
 1581      63757374 
 1581      6E766C00 
 1582              	.LASF13:
 1583 0082 63795F6D 		.ascii	"cy_meta_configecc\000"
 1583      6574615F 
 1583      636F6E66 
 1583      69676563 
 1583      6300
 1584              	.LASF18:
 1585 0094 474E5520 		.ascii	"GNU C 4.9.3 20150303 (release) [ARM/embedded-4_9-br"
 1585      4320342E 
 1585      392E3320 
 1585      32303135 
 1585      30333033 
 1586 00c7 616E6368 		.ascii	"anch revision 221220] -mcpu=cortex-m3 -mthumb -g -O"
 1586      20726576 
 1586      6973696F 
 1586      6E203232 
 1586      31323230 
 1587 00fa 67202D66 		.ascii	"g -ffunction-sections -ffat-lto-objects\000"
 1587      66756E63 
 1587      74696F6E 
 1587      2D736563 
 1587      74696F6E 
 1588              	.LASF8:
 1589 0122 756E7369 		.ascii	"unsigned int\000"
 1589      676E6564 
 1589      20696E74 
 1589      00
 1590              	.LASF7:
 1591 012f 6C6F6E67 		.ascii	"long long unsigned int\000"
 1591      206C6F6E 
 1591      6720756E 
 1591      7369676E 
 1591      65642069 
 1592              	.LASF16:
 1593 0146 63795F6D 		.ascii	"cy_meta_flashprotect\000"
 1593      6574615F 
 1593      666C6173 
 1593      6870726F 
 1593      74656374 
 1594              	.LASF15:
 1595 015b 63795F6D 		.ascii	"cy_meta_wonvl\000"
 1595      6574615F 
ARM GAS  C:\Users\DGILLI~1\AppData\Local\Temp\cctsdob6.s 			page 30


 1595      776F6E76 
 1595      6C00
 1596              	.LASF20:
 1597 0169 433A5C55 		.ascii	"C:\\Users\\DGilliland\\Documents\\GitHub\\LB-RPPSOC"
 1597      73657273 
 1597      5C444769 
 1597      6C6C696C 
 1597      616E645C 
 1598 0197 5C525050 		.ascii	"\\RPPSOC-PWM.cydsn\000"
 1598      534F432D 
 1598      50574D2E 
 1598      63796473 
 1598      6E00
 1599              	.LASF12:
 1600 01a9 73697A65 		.ascii	"sizetype\000"
 1600      74797065 
 1600      00
 1601              	.LASF6:
 1602 01b2 6C6F6E67 		.ascii	"long long int\000"
 1602      206C6F6E 
 1602      6720696E 
 1602      7400
 1603              	.LASF11:
 1604 01c0 63686172 		.ascii	"char\000"
 1604      00
 1605              	.LASF2:
 1606 01c5 73686F72 		.ascii	"short int\000"
 1606      7420696E 
 1606      7400
 1607              	.LASF21:
 1608 01cf 75696E74 		.ascii	"uint8\000"
 1608      3800
 1609              	.LASF4:
 1610 01d5 6C6F6E67 		.ascii	"long int\000"
 1610      20696E74 
 1610      00
 1611              	.LASF0:
 1612 01de 7369676E 		.ascii	"signed char\000"
 1612      65642063 
 1612      68617200 
 1613              		.ident	"GCC: (GNU Tools for ARM Embedded Processors) 4.9.3 20150303 (release) [ARM/embedded-4_9-br
