ARM GAS  C:\Users\doug_000\AppData\Local\Temp\ccsSnnSe.s 			page 1


   1              		.syntax unified
   2              		.cpu cortex-m3
   3              		.fpu softvfp
   4              		.eabi_attribute 20, 1
   5              		.eabi_attribute 21, 1
   6              		.eabi_attribute 23, 3
   7              		.eabi_attribute 24, 1
   8              		.eabi_attribute 25, 1
   9              		.eabi_attribute 26, 1
  10              		.eabi_attribute 30, 1
  11              		.eabi_attribute 34, 1
  12              		.eabi_attribute 18, 4
  13              		.thumb
  14              		.file	"cymetadata.c"
  15              		.text
  16              	.Ltext0:
  17              		.cfi_sections	.debug_frame
  18              		.global	cy_metadata
  19              		.global	cy_meta_flashprotect
  20              		.global	cy_meta_wonvl
  21              		.global	cy_meta_custnvl
  22              		.global	cy_meta_configecc
  23              		.section	.cyconfigecc,"a",%progbits
  24              		.align	2
  25              		.type	cy_meta_configecc, %object
  26              		.size	cy_meta_configecc, 116
  27              	cy_meta_configecc:
  28 0000 01       		.byte	1
  29 0001 5A       		.byte	90
  30 0002 00       		.byte	0
  31 0003 40       		.byte	64
  32 0004 01       		.byte	1
  33 0005 15       		.byte	21
  34 0006 01       		.byte	1
  35 0007 40       		.byte	64
  36 0008 01       		.byte	1
  37 0009 1B       		.byte	27
  38 000a 01       		.byte	1
  39 000b 40       		.byte	64
  40 000c 02       		.byte	2
  41 000d 40       		.byte	64
  42 000e 01       		.byte	1
  43 000f 40       		.byte	64
  44 0010 01       		.byte	1
  45 0011 41       		.byte	65
  46 0012 01       		.byte	1
  47 0013 40       		.byte	64
  48 0014 01       		.byte	1
  49 0015 42       		.byte	66
  50 0016 01       		.byte	1
  51 0017 40       		.byte	64
  52 0018 01       		.byte	1
  53 0019 43       		.byte	67
  54 001a 01       		.byte	1
  55 001b 40       		.byte	64
  56 001c 02       		.byte	2
  57 001d 44       		.byte	68
ARM GAS  C:\Users\doug_000\AppData\Local\Temp\ccsSnnSe.s 			page 2


  58 001e 01       		.byte	1
  59 001f 40       		.byte	64
  60 0020 01       		.byte	1
  61 0021 45       		.byte	69
  62 0022 01       		.byte	1
  63 0023 40       		.byte	64
  64 0024 01       		.byte	1
  65 0025 46       		.byte	70
  66 0026 01       		.byte	1
  67 0027 40       		.byte	64
  68 0028 01       		.byte	1
  69 0029 47       		.byte	71
  70 002a 01       		.byte	1
  71 002b 40       		.byte	64
  72 002c 03       		.byte	3
  73 002d 48       		.byte	72
  74 002e 01       		.byte	1
  75 002f 40       		.byte	64
  76 0030 01       		.byte	1
  77 0031 49       		.byte	73
  78 0032 01       		.byte	1
  79 0033 40       		.byte	64
  80 0034 01       		.byte	1
  81 0035 4C       		.byte	76
  82 0036 01       		.byte	1
  83 0037 40       		.byte	64
  84 0038 02       		.byte	2
  85 0039 4D       		.byte	77
  86 003a 01       		.byte	1
  87 003b 40       		.byte	64
  88 003c 01       		.byte	1
  89 003d 51       		.byte	81
  90 003e 01       		.byte	1
  91 003f 40       		.byte	64
  92 0040 87       		.byte	-121
  93 0041 01       		.byte	1
  94 0042 EC       		.byte	-20
  95 0043 10       		.byte	16
  96 0044 EC       		.byte	-20
  97 0045 10       		.byte	16
  98 0046 3D       		.byte	61
  99 0047 80       		.byte	-128
 100 0048 CE       		.byte	-50
 101 0049 20       		.byte	32
 102 004a A5       		.byte	-91
 103 004b 40       		.byte	64
 104 004c A5       		.byte	-91
 105 004d 40       		.byte	64
 106 004e A5       		.byte	-91
 107 004f 40       		.byte	64
 108 0050 30       		.byte	48
 109 0051 20       		.byte	32
 110 0052 CC       		.byte	-52
 111 0053 08       		.byte	8
 112 0054 A4       		.byte	-92
 113 0055 20       		.byte	32
 114 0056 A4       		.byte	-92
ARM GAS  C:\Users\doug_000\AppData\Local\Temp\ccsSnnSe.s 			page 3


 115 0057 20       		.byte	32
 116 0058 A4       		.byte	-92
 117 0059 20       		.byte	32
 118 005a 25       		.byte	37
 119 005b 50       		.byte	80
 120 005c A5       		.byte	-91
 121 005d 40       		.byte	64
 122 005e C8       		.byte	-56
 123 005f 20       		.byte	32
 124 0060 B5       		.byte	-75
 125 0061 10       		.byte	16
 126 0062 A4       		.byte	-92
 127 0063 20       		.byte	32
 128 0064 B4       		.byte	-76
 129 0065 20       		.byte	32
 130 0066 EC       		.byte	-20
 131 0067 08       		.byte	8
 132 0068 10       		.byte	16
 133 0069 02       		.byte	2
 134 006a 00       		.byte	0
 135 006b 00       		.byte	0
 136 006c 00       		.byte	0
 137 006d 00       		.byte	0
 138 006e 00       		.byte	0
 139 006f 00       		.byte	0
 140 0070 00       		.byte	0
 141 0071 00       		.byte	0
 142 0072 10       		.byte	16
 143 0073 00       		.byte	0
 144              		.section	.cywolatch,"a",%progbits
 145              		.align	2
 146              		.type	cy_meta_wonvl, %object
 147              		.size	cy_meta_wonvl, 4
 148              	cy_meta_wonvl:
 149 0000 BC       		.byte	-68
 150 0001 90       		.byte	-112
 151 0002 AC       		.byte	-84
 152 0003 AF       		.byte	-81
 153              		.section	.cycustnvl,"a",%progbits
 154              		.align	2
 155              		.type	cy_meta_custnvl, %object
 156              		.size	cy_meta_custnvl, 4
 157              	cy_meta_custnvl:
 158 0000 00       		.byte	0
 159 0001 00       		.byte	0
 160 0002 40       		.byte	64
 161 0003 05       		.byte	5
 162              		.section	.cymeta,"a",%progbits
 163              		.align	2
 164              		.type	cy_metadata, %object
 165              		.size	cy_metadata, 12
 166              	cy_metadata:
 167 0000 00       		.byte	0
 168 0001 01       		.byte	1
 169 0002 2E       		.byte	46
 170 0003 13       		.byte	19
 171 0004 30       		.byte	48
ARM GAS  C:\Users\doug_000\AppData\Local\Temp\ccsSnnSe.s 			page 4


 172 0005 69       		.byte	105
 173 0006 00       		.byte	0
 174 0007 01       		.byte	1
 175 0008 00       		.byte	0
 176 0009 00       		.byte	0
 177 000a 00       		.byte	0
 178 000b 00       		.byte	0
 179              		.section	.cyflashprotect,"a",%progbits
 180              		.align	2
 181              		.type	cy_meta_flashprotect, %object
 182              		.size	cy_meta_flashprotect, 128
 183              	cy_meta_flashprotect:
 184 0000 00000000 		.space	128
 184      00000000 
 184      00000000 
 184      00000000 
 184      00000000 
 185              		.text
 186              	.Letext0:
 187              		.file 1 ".\\Generated_Source\\PSoC5\\cymetadata.c"
 188              		.file 2 ".\\Generated_Source\\PSoC5\\cytypes.h"
 189              		.section	.debug_info,"",%progbits
 190              	.Ldebug_info0:
 191 0000 35010000 		.4byte	0x135
 192 0004 0400     		.2byte	0x4
 193 0006 00000000 		.4byte	.Ldebug_abbrev0
 194 000a 04       		.byte	0x4
 195 000b 01       		.uleb128 0x1
 196 000c D5000000 		.4byte	.LASF18
 197 0010 01       		.byte	0x1
 198 0011 00000000 		.4byte	.LASF19
 199 0015 38000000 		.4byte	.LASF20
 200 0019 00000000 		.4byte	.Ldebug_line0
 201 001d 02       		.uleb128 0x2
 202 001e 01       		.byte	0x1
 203 001f 06       		.byte	0x6
 204 0020 DF010000 		.4byte	.LASF0
 205 0024 02       		.uleb128 0x2
 206 0025 01       		.byte	0x1
 207 0026 08       		.byte	0x8
 208 0027 79000000 		.4byte	.LASF1
 209 002b 02       		.uleb128 0x2
 210 002c 02       		.byte	0x2
 211 002d 05       		.byte	0x5
 212 002e C6010000 		.4byte	.LASF2
 213 0032 02       		.uleb128 0x2
 214 0033 02       		.byte	0x2
 215 0034 07       		.byte	0x7
 216 0035 99000000 		.4byte	.LASF3
 217 0039 02       		.uleb128 0x2
 218 003a 04       		.byte	0x4
 219 003b 05       		.byte	0x5
 220 003c D6010000 		.4byte	.LASF4
 221 0040 02       		.uleb128 0x2
 222 0041 04       		.byte	0x4
 223 0042 07       		.byte	0x7
 224 0043 87000000 		.4byte	.LASF5
ARM GAS  C:\Users\doug_000\AppData\Local\Temp\ccsSnnSe.s 			page 5


 225 0047 02       		.uleb128 0x2
 226 0048 08       		.byte	0x8
 227 0049 05       		.byte	0x5
 228 004a B3010000 		.4byte	.LASF6
 229 004e 02       		.uleb128 0x2
 230 004f 08       		.byte	0x8
 231 0050 07       		.byte	0x7
 232 0051 70010000 		.4byte	.LASF7
 233 0055 03       		.uleb128 0x3
 234 0056 04       		.byte	0x4
 235 0057 05       		.byte	0x5
 236 0058 696E7400 		.ascii	"int\000"
 237 005c 02       		.uleb128 0x2
 238 005d 04       		.byte	0x4
 239 005e 07       		.byte	0x7
 240 005f 63010000 		.4byte	.LASF8
 241 0063 04       		.uleb128 0x4
 242 0064 D0010000 		.4byte	.LASF21
 243 0068 02       		.byte	0x2
 244 0069 C2       		.byte	0xc2
 245 006a 24000000 		.4byte	0x24
 246 006e 02       		.uleb128 0x2
 247 006f 04       		.byte	0x4
 248 0070 04       		.byte	0x4
 249 0071 32000000 		.4byte	.LASF9
 250 0075 02       		.uleb128 0x2
 251 0076 08       		.byte	0x8
 252 0077 04       		.byte	0x4
 253 0078 AC000000 		.4byte	.LASF10
 254 007c 02       		.uleb128 0x2
 255 007d 01       		.byte	0x1
 256 007e 08       		.byte	0x8
 257 007f C1010000 		.4byte	.LASF11
 258 0083 05       		.uleb128 0x5
 259 0084 63000000 		.4byte	0x63
 260 0088 93000000 		.4byte	0x93
 261 008c 06       		.uleb128 0x6
 262 008d 93000000 		.4byte	0x93
 263 0091 73       		.byte	0x73
 264 0092 00       		.byte	0
 265 0093 02       		.uleb128 0x2
 266 0094 04       		.byte	0x4
 267 0095 07       		.byte	0x7
 268 0096 AA010000 		.4byte	.LASF12
 269 009a 07       		.uleb128 0x7
 270 009b C3000000 		.4byte	.LASF13
 271 009f 01       		.byte	0x1
 272 00a0 1F       		.byte	0x1f
 273 00a1 AB000000 		.4byte	0xab
 274 00a5 05       		.uleb128 0x5
 275 00a6 03       		.byte	0x3
 276 00a7 00000000 		.4byte	cy_meta_configecc
 277 00ab 08       		.uleb128 0x8
 278 00ac 83000000 		.4byte	0x83
 279 00b0 05       		.uleb128 0x5
 280 00b1 63000000 		.4byte	0x63
 281 00b5 C0000000 		.4byte	0xc0
ARM GAS  C:\Users\doug_000\AppData\Local\Temp\ccsSnnSe.s 			page 6


 282 00b9 06       		.uleb128 0x6
 283 00ba 93000000 		.4byte	0x93
 284 00be 03       		.byte	0x3
 285 00bf 00       		.byte	0
 286 00c0 07       		.uleb128 0x7
 287 00c1 B3000000 		.4byte	.LASF14
 288 00c5 01       		.byte	0x1
 289 00c6 3B       		.byte	0x3b
 290 00c7 D1000000 		.4byte	0xd1
 291 00cb 05       		.uleb128 0x5
 292 00cc 03       		.byte	0x3
 293 00cd 00000000 		.4byte	cy_meta_custnvl
 294 00d1 08       		.uleb128 0x8
 295 00d2 B0000000 		.4byte	0xb0
 296 00d6 07       		.uleb128 0x7
 297 00d7 9C010000 		.4byte	.LASF15
 298 00db 01       		.byte	0x1
 299 00dc 49       		.byte	0x49
 300 00dd E7000000 		.4byte	0xe7
 301 00e1 05       		.uleb128 0x5
 302 00e2 03       		.byte	0x3
 303 00e3 00000000 		.4byte	cy_meta_wonvl
 304 00e7 08       		.uleb128 0x8
 305 00e8 B0000000 		.4byte	0xb0
 306 00ec 05       		.uleb128 0x5
 307 00ed 63000000 		.4byte	0x63
 308 00f1 FC000000 		.4byte	0xfc
 309 00f5 06       		.uleb128 0x6
 310 00f6 93000000 		.4byte	0x93
 311 00fa 7F       		.byte	0x7f
 312 00fb 00       		.byte	0
 313 00fc 07       		.uleb128 0x7
 314 00fd 87010000 		.4byte	.LASF16
 315 0101 01       		.byte	0x1
 316 0102 57       		.byte	0x57
 317 0103 0D010000 		.4byte	0x10d
 318 0107 05       		.uleb128 0x5
 319 0108 03       		.byte	0x3
 320 0109 00000000 		.4byte	cy_meta_flashprotect
 321 010d 08       		.uleb128 0x8
 322 010e EC000000 		.4byte	0xec
 323 0112 05       		.uleb128 0x5
 324 0113 63000000 		.4byte	0x63
 325 0117 22010000 		.4byte	0x122
 326 011b 06       		.uleb128 0x6
 327 011c 93000000 		.4byte	0x93
 328 0120 0B       		.byte	0xb
 329 0121 00       		.byte	0
 330 0122 07       		.uleb128 0x7
 331 0123 26000000 		.4byte	.LASF17
 332 0127 01       		.byte	0x1
 333 0128 74       		.byte	0x74
 334 0129 33010000 		.4byte	0x133
 335 012d 05       		.uleb128 0x5
 336 012e 03       		.byte	0x3
 337 012f 00000000 		.4byte	cy_metadata
 338 0133 08       		.uleb128 0x8
ARM GAS  C:\Users\doug_000\AppData\Local\Temp\ccsSnnSe.s 			page 7


 339 0134 12010000 		.4byte	0x112
 340 0138 00       		.byte	0
 341              		.section	.debug_abbrev,"",%progbits
 342              	.Ldebug_abbrev0:
 343 0000 01       		.uleb128 0x1
 344 0001 11       		.uleb128 0x11
 345 0002 01       		.byte	0x1
 346 0003 25       		.uleb128 0x25
 347 0004 0E       		.uleb128 0xe
 348 0005 13       		.uleb128 0x13
 349 0006 0B       		.uleb128 0xb
 350 0007 03       		.uleb128 0x3
 351 0008 0E       		.uleb128 0xe
 352 0009 1B       		.uleb128 0x1b
 353 000a 0E       		.uleb128 0xe
 354 000b 10       		.uleb128 0x10
 355 000c 17       		.uleb128 0x17
 356 000d 00       		.byte	0
 357 000e 00       		.byte	0
 358 000f 02       		.uleb128 0x2
 359 0010 24       		.uleb128 0x24
 360 0011 00       		.byte	0
 361 0012 0B       		.uleb128 0xb
 362 0013 0B       		.uleb128 0xb
 363 0014 3E       		.uleb128 0x3e
 364 0015 0B       		.uleb128 0xb
 365 0016 03       		.uleb128 0x3
 366 0017 0E       		.uleb128 0xe
 367 0018 00       		.byte	0
 368 0019 00       		.byte	0
 369 001a 03       		.uleb128 0x3
 370 001b 24       		.uleb128 0x24
 371 001c 00       		.byte	0
 372 001d 0B       		.uleb128 0xb
 373 001e 0B       		.uleb128 0xb
 374 001f 3E       		.uleb128 0x3e
 375 0020 0B       		.uleb128 0xb
 376 0021 03       		.uleb128 0x3
 377 0022 08       		.uleb128 0x8
 378 0023 00       		.byte	0
 379 0024 00       		.byte	0
 380 0025 04       		.uleb128 0x4
 381 0026 16       		.uleb128 0x16
 382 0027 00       		.byte	0
 383 0028 03       		.uleb128 0x3
 384 0029 0E       		.uleb128 0xe
 385 002a 3A       		.uleb128 0x3a
 386 002b 0B       		.uleb128 0xb
 387 002c 3B       		.uleb128 0x3b
 388 002d 0B       		.uleb128 0xb
 389 002e 49       		.uleb128 0x49
 390 002f 13       		.uleb128 0x13
 391 0030 00       		.byte	0
 392 0031 00       		.byte	0
 393 0032 05       		.uleb128 0x5
 394 0033 01       		.uleb128 0x1
 395 0034 01       		.byte	0x1
ARM GAS  C:\Users\doug_000\AppData\Local\Temp\ccsSnnSe.s 			page 8


 396 0035 49       		.uleb128 0x49
 397 0036 13       		.uleb128 0x13
 398 0037 01       		.uleb128 0x1
 399 0038 13       		.uleb128 0x13
 400 0039 00       		.byte	0
 401 003a 00       		.byte	0
 402 003b 06       		.uleb128 0x6
 403 003c 21       		.uleb128 0x21
 404 003d 00       		.byte	0
 405 003e 49       		.uleb128 0x49
 406 003f 13       		.uleb128 0x13
 407 0040 2F       		.uleb128 0x2f
 408 0041 0B       		.uleb128 0xb
 409 0042 00       		.byte	0
 410 0043 00       		.byte	0
 411 0044 07       		.uleb128 0x7
 412 0045 34       		.uleb128 0x34
 413 0046 00       		.byte	0
 414 0047 03       		.uleb128 0x3
 415 0048 0E       		.uleb128 0xe
 416 0049 3A       		.uleb128 0x3a
 417 004a 0B       		.uleb128 0xb
 418 004b 3B       		.uleb128 0x3b
 419 004c 0B       		.uleb128 0xb
 420 004d 49       		.uleb128 0x49
 421 004e 13       		.uleb128 0x13
 422 004f 3F       		.uleb128 0x3f
 423 0050 19       		.uleb128 0x19
 424 0051 02       		.uleb128 0x2
 425 0052 18       		.uleb128 0x18
 426 0053 00       		.byte	0
 427 0054 00       		.byte	0
 428 0055 08       		.uleb128 0x8
 429 0056 26       		.uleb128 0x26
 430 0057 00       		.byte	0
 431 0058 49       		.uleb128 0x49
 432 0059 13       		.uleb128 0x13
 433 005a 00       		.byte	0
 434 005b 00       		.byte	0
 435 005c 00       		.byte	0
 436              		.section	.debug_aranges,"",%progbits
 437 0000 14000000 		.4byte	0x14
 438 0004 0200     		.2byte	0x2
 439 0006 00000000 		.4byte	.Ldebug_info0
 440 000a 04       		.byte	0x4
 441 000b 00       		.byte	0
 442 000c 0000     		.2byte	0
 443 000e 0000     		.2byte	0
 444 0010 00000000 		.4byte	0
 445 0014 00000000 		.4byte	0
 446              		.section	.debug_line,"",%progbits
 447              	.Ldebug_line0:
 448 0000 4F000000 		.section	.debug_str,"MS",%progbits,1
 448      02004900 
 448      00000201 
 448      FB0E0D00 
 448      01010101 
ARM GAS  C:\Users\doug_000\AppData\Local\Temp\ccsSnnSe.s 			page 9


 449              	.LASF19:
 450 0000 2E5C4765 		.ascii	".\\Generated_Source\\PSoC5\\cymetadata.c\000"
 450      6E657261 
 450      7465645F 
 450      536F7572 
 450      63655C50 
 451              	.LASF17:
 452 0026 63795F6D 		.ascii	"cy_metadata\000"
 452      65746164 
 452      61746100 
 453              	.LASF9:
 454 0032 666C6F61 		.ascii	"float\000"
 454      7400
 455              	.LASF20:
 456 0038 433A5C55 		.ascii	"C:\\Users\\doug_000\\Documents\\GitHub\\LB-RPPSOC\\"
 456      73657273 
 456      5C646F75 
 456      675F3030 
 456      305C446F 
 457 0065 52505053 		.ascii	"RPPSOC-Blink8.cydsn\000"
 457      4F432D42 
 457      6C696E6B 
 457      382E6379 
 457      64736E00 
 458              	.LASF1:
 459 0079 756E7369 		.ascii	"unsigned char\000"
 459      676E6564 
 459      20636861 
 459      7200
 460              	.LASF5:
 461 0087 6C6F6E67 		.ascii	"long unsigned int\000"
 461      20756E73 
 461      69676E65 
 461      6420696E 
 461      7400
 462              	.LASF3:
 463 0099 73686F72 		.ascii	"short unsigned int\000"
 463      7420756E 
 463      7369676E 
 463      65642069 
 463      6E7400
 464              	.LASF10:
 465 00ac 646F7562 		.ascii	"double\000"
 465      6C6500
 466              	.LASF14:
 467 00b3 63795F6D 		.ascii	"cy_meta_custnvl\000"
 467      6574615F 
 467      63757374 
 467      6E766C00 
 468              	.LASF13:
 469 00c3 63795F6D 		.ascii	"cy_meta_configecc\000"
 469      6574615F 
 469      636F6E66 
 469      69676563 
 469      6300
 470              	.LASF18:
 471 00d5 474E5520 		.ascii	"GNU C 4.9.3 20150303 (release) [ARM/embedded-4_9-br"
ARM GAS  C:\Users\doug_000\AppData\Local\Temp\ccsSnnSe.s 			page 10


 471      4320342E 
 471      392E3320 
 471      32303135 
 471      30333033 
 472 0108 616E6368 		.ascii	"anch revision 221220] -mcpu=cortex-m3 -mthumb -g -O"
 472      20726576 
 472      6973696F 
 472      6E203232 
 472      31323230 
 473 013b 67202D66 		.ascii	"g -ffunction-sections -ffat-lto-objects\000"
 473      66756E63 
 473      74696F6E 
 473      2D736563 
 473      74696F6E 
 474              	.LASF8:
 475 0163 756E7369 		.ascii	"unsigned int\000"
 475      676E6564 
 475      20696E74 
 475      00
 476              	.LASF7:
 477 0170 6C6F6E67 		.ascii	"long long unsigned int\000"
 477      206C6F6E 
 477      6720756E 
 477      7369676E 
 477      65642069 
 478              	.LASF16:
 479 0187 63795F6D 		.ascii	"cy_meta_flashprotect\000"
 479      6574615F 
 479      666C6173 
 479      6870726F 
 479      74656374 
 480              	.LASF15:
 481 019c 63795F6D 		.ascii	"cy_meta_wonvl\000"
 481      6574615F 
 481      776F6E76 
 481      6C00
 482              	.LASF12:
 483 01aa 73697A65 		.ascii	"sizetype\000"
 483      74797065 
 483      00
 484              	.LASF6:
 485 01b3 6C6F6E67 		.ascii	"long long int\000"
 485      206C6F6E 
 485      6720696E 
 485      7400
 486              	.LASF11:
 487 01c1 63686172 		.ascii	"char\000"
 487      00
 488              	.LASF2:
 489 01c6 73686F72 		.ascii	"short int\000"
 489      7420696E 
 489      7400
 490              	.LASF21:
 491 01d0 75696E74 		.ascii	"uint8\000"
 491      3800
 492              	.LASF4:
 493 01d6 6C6F6E67 		.ascii	"long int\000"
ARM GAS  C:\Users\doug_000\AppData\Local\Temp\ccsSnnSe.s 			page 11


 493      20696E74 
 493      00
 494              	.LASF0:
 495 01df 7369676E 		.ascii	"signed char\000"
 495      65642063 
 495      68617200 
 496              		.ident	"GCC: (GNU Tools for ARM Embedded Processors) 4.9.3 20150303 (release) [ARM/embedded-4_9-br
