ARM GAS  C:\Users\doug_000\AppData\Local\Temp\ccMmqgMQ.s 			page 1


   1              		.syntax unified
   2              		.cpu cortex-m3
   3              		.fpu softvfp
   4              		.eabi_attribute 20, 1
   5              		.eabi_attribute 21, 1
   6              		.eabi_attribute 23, 3
   7              		.eabi_attribute 24, 1
   8              		.eabi_attribute 25, 1
   9              		.eabi_attribute 26, 1
  10              		.eabi_attribute 30, 1
  11              		.eabi_attribute 34, 1
  12              		.eabi_attribute 18, 4
  13              		.thumb
  14              		.file	"cymetadata.c"
  15              		.text
  16              	.Ltext0:
  17              		.cfi_sections	.debug_frame
  18              		.global	cy_metadata
  19              		.global	cy_meta_flashprotect
  20              		.global	cy_meta_wonvl
  21              		.global	cy_meta_custnvl
  22              		.global	cy_meta_configecc
  23              		.section	.cyconfigecc,"a",%progbits
  24              		.align	2
  25              		.type	cy_meta_configecc, %object
  26              		.size	cy_meta_configecc, 2360
  27              	cy_meta_configecc:
  28 0000 0D       		.byte	13
  29 0001 52       		.byte	82
  30 0002 00       		.byte	0
  31 0003 40       		.byte	64
  32 0004 09       		.byte	9
  33 0005 03       		.byte	3
  34 0006 01       		.byte	1
  35 0007 40       		.byte	64
  36 0008 43       		.byte	67
  37 0009 04       		.byte	4
  38 000a 01       		.byte	1
  39 000b 40       		.byte	64
  40 000c 3E       		.byte	62
  41 000d 05       		.byte	5
  42 000e 01       		.byte	1
  43 000f 40       		.byte	64
  44 0010 39       		.byte	57
  45 0011 06       		.byte	6
  46 0012 01       		.byte	1
  47 0013 40       		.byte	64
  48 0014 3F       		.byte	63
  49 0015 07       		.byte	7
  50 0016 01       		.byte	1
  51 0017 40       		.byte	64
  52 0018 3D       		.byte	61
  53 0019 08       		.byte	8
  54 001a 01       		.byte	1
  55 001b 40       		.byte	64
  56 001c 39       		.byte	57
  57 001d 09       		.byte	9
ARM GAS  C:\Users\doug_000\AppData\Local\Temp\ccMmqgMQ.s 			page 2


  58 001e 01       		.byte	1
  59 001f 40       		.byte	64
  60 0020 3A       		.byte	58
  61 0021 0A       		.byte	10
  62 0022 01       		.byte	1
  63 0023 40       		.byte	64
  64 0024 26       		.byte	38
  65 0025 0B       		.byte	11
  66 0026 01       		.byte	1
  67 0027 40       		.byte	64
  68 0028 04       		.byte	4
  69 0029 0D       		.byte	13
  70 002a 01       		.byte	1
  71 002b 40       		.byte	64
  72 002c 0E       		.byte	14
  73 002d 15       		.byte	21
  74 002e 01       		.byte	1
  75 002f 40       		.byte	64
  76 0030 3F       		.byte	63
  77 0031 16       		.byte	22
  78 0032 01       		.byte	1
  79 0033 40       		.byte	64
  80 0034 43       		.byte	67
  81 0035 17       		.byte	23
  82 0036 01       		.byte	1
  83 0037 40       		.byte	64
  84 0038 3A       		.byte	58
  85 0039 18       		.byte	24
  86 003a 01       		.byte	1
  87 003b 40       		.byte	64
  88 003c 44       		.byte	68
  89 003d 19       		.byte	25
  90 003e 01       		.byte	1
  91 003f 40       		.byte	64
  92 0040 3A       		.byte	58
  93 0041 1A       		.byte	26
  94 0042 01       		.byte	1
  95 0043 40       		.byte	64
  96 0044 3D       		.byte	61
  97 0045 1B       		.byte	27
  98 0046 01       		.byte	1
  99 0047 40       		.byte	64
 100 0048 08       		.byte	8
 101 0049 40       		.byte	64
 102 004a 01       		.byte	1
 103 004b 40       		.byte	64
 104 004c 13       		.byte	19
 105 004d 41       		.byte	65
 106 004e 01       		.byte	1
 107 004f 40       		.byte	64
 108 0050 15       		.byte	21
 109 0051 42       		.byte	66
 110 0052 01       		.byte	1
 111 0053 40       		.byte	64
 112 0054 0F       		.byte	15
 113 0055 43       		.byte	67
 114 0056 01       		.byte	1
ARM GAS  C:\Users\doug_000\AppData\Local\Temp\ccMmqgMQ.s 			page 3


 115 0057 40       		.byte	64
 116 0058 03       		.byte	3
 117 0059 44       		.byte	68
 118 005a 01       		.byte	1
 119 005b 40       		.byte	64
 120 005c 0E       		.byte	14
 121 005d 45       		.byte	69
 122 005e 01       		.byte	1
 123 005f 40       		.byte	64
 124 0060 07       		.byte	7
 125 0061 46       		.byte	70
 126 0062 01       		.byte	1
 127 0063 40       		.byte	64
 128 0064 0B       		.byte	11
 129 0065 47       		.byte	71
 130 0066 01       		.byte	1
 131 0067 40       		.byte	64
 132 0068 12       		.byte	18
 133 0069 48       		.byte	72
 134 006a 01       		.byte	1
 135 006b 40       		.byte	64
 136 006c 1D       		.byte	29
 137 006d 49       		.byte	73
 138 006e 01       		.byte	1
 139 006f 40       		.byte	64
 140 0070 16       		.byte	22
 141 0071 4C       		.byte	76
 142 0072 01       		.byte	1
 143 0073 40       		.byte	64
 144 0074 18       		.byte	24
 145 0075 4D       		.byte	77
 146 0076 01       		.byte	1
 147 0077 40       		.byte	64
 148 0078 02       		.byte	2
 149 0079 50       		.byte	80
 150 007a 01       		.byte	1
 151 007b 40       		.byte	64
 152 007c 01       		.byte	1
 153 007d 51       		.byte	81
 154 007e 01       		.byte	1
 155 007f 40       		.byte	64
 156 0080 00       		.byte	0
 157 0081 95       		.byte	-107
 158 0082 01       		.byte	1
 159 0083 C9       		.byte	-55
 160 0084 0C       		.byte	12
 161 0085 E0       		.byte	-32
 162 0086 14       		.byte	20
 163 0087 FF       		.byte	-1
 164 0088 18       		.byte	24
 165 0089 A5       		.byte	-91
 166 008a 19       		.byte	25
 167 008b 63       		.byte	99
 168 008c 20       		.byte	32
 169 008d 25       		.byte	37
 170 008e 21       		.byte	33
 171 008f 1C       		.byte	28
ARM GAS  C:\Users\doug_000\AppData\Local\Temp\ccMmqgMQ.s 			page 4


 172 0090 28       		.byte	40
 173 0091 10       		.byte	16
 174 0092 29       		.byte	41
 175 0093 10       		.byte	16
 176 0094 2C       		.byte	44
 177 0095 4F       		.byte	79
 178 0096 78       		.byte	120
 179 0097 03       		.byte	3
 180 0098 79       		.byte	121
 181 0099 05       		.byte	5
 182 009a 82       		.byte	-126
 183 009b 04       		.byte	4
 184 009c 8A       		.byte	-118
 185 009d 10       		.byte	16
 186 009e 8B       		.byte	-117
 187 009f 10       		.byte	16
 188 00a0 8D       		.byte	-115
 189 00a1 40       		.byte	64
 190 00a2 A6       		.byte	-90
 191 00a3 04       		.byte	4
 192 00a4 B6       		.byte	-74
 193 00a5 04       		.byte	4
 194 00a6 E2       		.byte	-30
 195 00a7 21       		.byte	33
 196 00a8 E6       		.byte	-26
 197 00a9 90       		.byte	-112
 198 00aa EA       		.byte	-22
 199 00ab 40       		.byte	64
 200 00ac 01       		.byte	1
 201 00ad 03       		.byte	3
 202 00ae 03       		.byte	3
 203 00af 0C       		.byte	12
 204 00b0 06       		.byte	6
 205 00b1 02       		.byte	2
 206 00b2 09       		.byte	9
 207 00b3 08       		.byte	8
 208 00b4 0A       		.byte	10
 209 00b5 05       		.byte	5
 210 00b6 0B       		.byte	11
 211 00b7 03       		.byte	3
 212 00b8 0F       		.byte	15
 213 00b9 04       		.byte	4
 214 00ba 10       		.byte	16
 215 00bb 01       		.byte	1
 216 00bc 12       		.byte	18
 217 00bd 04       		.byte	4
 218 00be 15       		.byte	21
 219 00bf 0A       		.byte	10
 220 00c0 17       		.byte	23
 221 00c1 01       		.byte	1
 222 00c2 19       		.byte	25
 223 00c3 04       		.byte	4
 224 00c4 1E       		.byte	30
 225 00c5 07       		.byte	7
 226 00c6 24       		.byte	36
 227 00c7 04       		.byte	4
 228 00c8 26       		.byte	38
ARM GAS  C:\Users\doug_000\AppData\Local\Temp\ccMmqgMQ.s 			page 5


 229 00c9 01       		.byte	1
 230 00ca 28       		.byte	40
 231 00cb 02       		.byte	2
 232 00cc 29       		.byte	41
 233 00cd 04       		.byte	4
 234 00ce 2C       		.byte	44
 235 00cf 02       		.byte	2
 236 00d0 2D       		.byte	45
 237 00d1 09       		.byte	9
 238 00d2 2F       		.byte	47
 239 00d3 02       		.byte	2
 240 00d4 31       		.byte	49
 241 00d5 02       		.byte	2
 242 00d6 32       		.byte	50
 243 00d7 02       		.byte	2
 244 00d8 33       		.byte	51
 245 00d9 08       		.byte	8
 246 00da 34       		.byte	52
 247 00db 01       		.byte	1
 248 00dc 35       		.byte	53
 249 00dd 04       		.byte	4
 250 00de 36       		.byte	54
 251 00df 04       		.byte	4
 252 00e0 37       		.byte	55
 253 00e1 01       		.byte	1
 254 00e2 3E       		.byte	62
 255 00e3 54       		.byte	84
 256 00e4 3F       		.byte	63
 257 00e5 55       		.byte	85
 258 00e6 58       		.byte	88
 259 00e7 04       		.byte	4
 260 00e8 59       		.byte	89
 261 00e9 04       		.byte	4
 262 00ea 5F       		.byte	95
 263 00eb 01       		.byte	1
 264 00ec 81       		.byte	-127
 265 00ed 03       		.byte	3
 266 00ee 83       		.byte	-125
 267 00ef 0C       		.byte	12
 268 00f0 85       		.byte	-123
 269 00f1 04       		.byte	4
 270 00f2 87       		.byte	-121
 271 00f3 09       		.byte	9
 272 00f4 88       		.byte	-120
 273 00f5 0A       		.byte	10
 274 00f6 89       		.byte	-119
 275 00f7 02       		.byte	2
 276 00f8 8A       		.byte	-118
 277 00f9 04       		.byte	4
 278 00fa 90       		.byte	-112
 279 00fb 02       		.byte	2
 280 00fc 91       		.byte	-111
 281 00fd 05       		.byte	5
 282 00fe 92       		.byte	-110
 283 00ff 0C       		.byte	12
 284 0100 93       		.byte	-109
 285 0101 08       		.byte	8
ARM GAS  C:\Users\doug_000\AppData\Local\Temp\ccMmqgMQ.s 			page 6


 286 0102 94       		.byte	-108
 287 0103 01       		.byte	1
 288 0104 95       		.byte	-107
 289 0105 02       		.byte	2
 290 0106 98       		.byte	-104
 291 0107 01       		.byte	1
 292 0108 9C       		.byte	-100
 293 0109 0A       		.byte	10
 294 010a 9E       		.byte	-98
 295 010b 05       		.byte	5
 296 010c A0       		.byte	-96
 297 010d 01       		.byte	1
 298 010e A8       		.byte	-88
 299 010f 0C       		.byte	12
 300 0110 A9       		.byte	-87
 301 0111 08       		.byte	8
 302 0112 AA       		.byte	-86
 303 0113 02       		.byte	2
 304 0114 AB       		.byte	-85
 305 0115 05       		.byte	5
 306 0116 AD       		.byte	-83
 307 0117 02       		.byte	2
 308 0118 B0       		.byte	-80
 309 0119 02       		.byte	2
 310 011a B1       		.byte	-79
 311 011b 02       		.byte	2
 312 011c B2       		.byte	-78
 313 011d 04       		.byte	4
 314 011e B3       		.byte	-77
 315 011f 04       		.byte	4
 316 0120 B4       		.byte	-76
 317 0121 08       		.byte	8
 318 0122 B5       		.byte	-75
 319 0123 01       		.byte	1
 320 0124 B6       		.byte	-74
 321 0125 01       		.byte	1
 322 0126 B7       		.byte	-73
 323 0127 08       		.byte	8
 324 0128 BE       		.byte	-66
 325 0129 55       		.byte	85
 326 012a BF       		.byte	-65
 327 012b 55       		.byte	85
 328 012c D8       		.byte	-40
 329 012d 04       		.byte	4
 330 012e D9       		.byte	-39
 331 012f 04       		.byte	4
 332 0130 DF       		.byte	-33
 333 0131 01       		.byte	1
 334 0132 00       		.byte	0
 335 0133 10       		.byte	16
 336 0134 03       		.byte	3
 337 0135 20       		.byte	32
 338 0136 07       		.byte	7
 339 0137 08       		.byte	8
 340 0138 0A       		.byte	10
 341 0139 40       		.byte	64
 342 013a 0B       		.byte	11
ARM GAS  C:\Users\doug_000\AppData\Local\Temp\ccMmqgMQ.s 			page 7


 343 013b 01       		.byte	1
 344 013c 0D       		.byte	13
 345 013d 28       		.byte	40
 346 013e 0E       		.byte	14
 347 013f 44       		.byte	68
 348 0140 0F       		.byte	15
 349 0141 01       		.byte	1
 350 0142 10       		.byte	16
 351 0143 04       		.byte	4
 352 0144 13       		.byte	19
 353 0145 48       		.byte	72
 354 0146 15       		.byte	21
 355 0147 02       		.byte	2
 356 0148 17       		.byte	23
 357 0149 11       		.byte	17
 358 014a 18       		.byte	24
 359 014b 08       		.byte	8
 360 014c 19       		.byte	25
 361 014d 08       		.byte	8
 362 014e 1B       		.byte	27
 363 014f 40       		.byte	64
 364 0150 1C       		.byte	28
 365 0151 04       		.byte	4
 366 0152 1E       		.byte	30
 367 0153 91       		.byte	-111
 368 0154 21       		.byte	33
 369 0155 50       		.byte	80
 370 0156 22       		.byte	34
 371 0157 02       		.byte	2
 372 0158 23       		.byte	35
 373 0159 10       		.byte	16
 374 015a 24       		.byte	36
 375 015b 80       		.byte	-128
 376 015c 25       		.byte	37
 377 015d 44       		.byte	68
 378 015e 26       		.byte	38
 379 015f 10       		.byte	16
 380 0160 28       		.byte	40
 381 0161 04       		.byte	4
 382 0162 2B       		.byte	43
 383 0163 02       		.byte	2
 384 0164 2C       		.byte	44
 385 0165 04       		.byte	4
 386 0166 2F       		.byte	47
 387 0167 02       		.byte	2
 388 0168 31       		.byte	49
 389 0169 20       		.byte	32
 390 016a 32       		.byte	50
 391 016b 08       		.byte	8
 392 016c 33       		.byte	51
 393 016d 20       		.byte	32
 394 016e 36       		.byte	54
 395 016f 08       		.byte	8
 396 0170 37       		.byte	55
 397 0171 09       		.byte	9
 398 0172 38       		.byte	56
 399 0173 10       		.byte	16
ARM GAS  C:\Users\doug_000\AppData\Local\Temp\ccMmqgMQ.s 			page 8


 400 0174 3B       		.byte	59
 401 0175 41       		.byte	65
 402 0176 3C       		.byte	60
 403 0177 10       		.byte	16
 404 0178 3E       		.byte	62
 405 0179 04       		.byte	4
 406 017a 3F       		.byte	63
 407 017b 01       		.byte	1
 408 017c 82       		.byte	-126
 409 017d 10       		.byte	16
 410 017e 85       		.byte	-123
 411 017f 40       		.byte	64
 412 0180 88       		.byte	-120
 413 0181 10       		.byte	16
 414 0182 89       		.byte	-119
 415 0183 50       		.byte	80
 416 0184 8D       		.byte	-115
 417 0185 08       		.byte	8
 418 0186 8F       		.byte	-113
 419 0187 40       		.byte	64
 420 0188 91       		.byte	-111
 421 0189 04       		.byte	4
 422 018a 94       		.byte	-108
 423 018b 08       		.byte	8
 424 018c 95       		.byte	-107
 425 018d 80       		.byte	-128
 426 018e 97       		.byte	-105
 427 018f 10       		.byte	16
 428 0190 9A       		.byte	-102
 429 0191 14       		.byte	20
 430 0192 A6       		.byte	-90
 431 0193 06       		.byte	6
 432 0194 AA       		.byte	-86
 433 0195 02       		.byte	2
 434 0196 AD       		.byte	-83
 435 0197 04       		.byte	4
 436 0198 B4       		.byte	-76
 437 0199 04       		.byte	4
 438 019a C0       		.byte	-64
 439 019b 46       		.byte	70
 440 019c C2       		.byte	-62
 441 019d F9       		.byte	-7
 442 019e C4       		.byte	-60
 443 019f 57       		.byte	87
 444 01a0 CA       		.byte	-54
 445 01a1 3C       		.byte	60
 446 01a2 CC       		.byte	-52
 447 01a3 C6       		.byte	-58
 448 01a4 CE       		.byte	-50
 449 01a5 ED       		.byte	-19
 450 01a6 E2       		.byte	-30
 451 01a7 C0       		.byte	-64
 452 01a8 E6       		.byte	-26
 453 01a9 E0       		.byte	-32
 454 01aa EA       		.byte	-22
 455 01ab 10       		.byte	16
 456 01ac EE       		.byte	-18
ARM GAS  C:\Users\doug_000\AppData\Local\Temp\ccMmqgMQ.s 			page 9


 457 01ad 02       		.byte	2
 458 01ae 01       		.byte	1
 459 01af 01       		.byte	1
 460 01b0 03       		.byte	3
 461 01b1 0E       		.byte	14
 462 01b2 09       		.byte	9
 463 01b3 02       		.byte	2
 464 01b4 0F       		.byte	15
 465 01b5 01       		.byte	1
 466 01b6 10       		.byte	16
 467 01b7 0C       		.byte	12
 468 01b8 12       		.byte	18
 469 01b9 02       		.byte	2
 470 01ba 17       		.byte	23
 471 01bb 0A       		.byte	10
 472 01bc 1C       		.byte	28
 473 01bd 04       		.byte	4
 474 01be 1E       		.byte	30
 475 01bf 0B       		.byte	11
 476 01c0 24       		.byte	36
 477 01c1 0A       		.byte	10
 478 01c2 26       		.byte	38
 479 01c3 05       		.byte	5
 480 01c4 27       		.byte	39
 481 01c5 01       		.byte	1
 482 01c6 28       		.byte	40
 483 01c7 06       		.byte	6
 484 01c8 29       		.byte	41
 485 01c9 01       		.byte	1
 486 01ca 2A       		.byte	42
 487 01cb 09       		.byte	9
 488 01cc 2D       		.byte	45
 489 01cd 02       		.byte	2
 490 01ce 30       		.byte	48
 491 01cf 01       		.byte	1
 492 01d0 31       		.byte	49
 493 01d1 01       		.byte	1
 494 01d2 32       		.byte	50
 495 01d3 08       		.byte	8
 496 01d4 33       		.byte	51
 497 01d5 08       		.byte	8
 498 01d6 34       		.byte	52
 499 01d7 02       		.byte	2
 500 01d8 35       		.byte	53
 501 01d9 04       		.byte	4
 502 01da 36       		.byte	54
 503 01db 04       		.byte	4
 504 01dc 37       		.byte	55
 505 01dd 02       		.byte	2
 506 01de 3A       		.byte	58
 507 01df 02       		.byte	2
 508 01e0 3B       		.byte	59
 509 01e1 28       		.byte	40
 510 01e2 3E       		.byte	62
 511 01e3 54       		.byte	84
 512 01e4 3F       		.byte	63
 513 01e5 41       		.byte	65
ARM GAS  C:\Users\doug_000\AppData\Local\Temp\ccMmqgMQ.s 			page 10


 514 01e6 58       		.byte	88
 515 01e7 04       		.byte	4
 516 01e8 59       		.byte	89
 517 01e9 04       		.byte	4
 518 01ea 5F       		.byte	95
 519 01eb 01       		.byte	1
 520 01ec 81       		.byte	-127
 521 01ed 02       		.byte	2
 522 01ee 83       		.byte	-125
 523 01ef 1C       		.byte	28
 524 01f0 86       		.byte	-122
 525 01f1 FF       		.byte	-1
 526 01f2 88       		.byte	-120
 527 01f3 69       		.byte	105
 528 01f4 8A       		.byte	-118
 529 01f5 96       		.byte	-106
 530 01f6 8F       		.byte	-113
 531 01f7 15       		.byte	21
 532 01f8 92       		.byte	-110
 533 01f9 FF       		.byte	-1
 534 01fa 95       		.byte	-107
 535 01fb 01       		.byte	1
 536 01fc 97       		.byte	-105
 537 01fd 18       		.byte	24
 538 01fe 9B       		.byte	-101
 539 01ff 05       		.byte	5
 540 0200 9E       		.byte	-98
 541 0201 FF       		.byte	-1
 542 0202 A0       		.byte	-96
 543 0203 0F       		.byte	15
 544 0204 A2       		.byte	-94
 545 0205 F0       		.byte	-16
 546 0206 A4       		.byte	-92
 547 0207 55       		.byte	85
 548 0208 A6       		.byte	-90
 549 0209 AA       		.byte	-86
 550 020a A8       		.byte	-88
 551 020b 33       		.byte	51
 552 020c AA       		.byte	-86
 553 020d CC       		.byte	-52
 554 020e B1       		.byte	-79
 555 020f 0C       		.byte	12
 556 0210 B2       		.byte	-78
 557 0211 FF       		.byte	-1
 558 0212 B3       		.byte	-77
 559 0213 03       		.byte	3
 560 0214 B5       		.byte	-75
 561 0215 14       		.byte	20
 562 0216 BB       		.byte	-69
 563 0217 EE       		.byte	-18
 564 0218 BE       		.byte	-66
 565 0219 04       		.byte	4
 566 021a D8       		.byte	-40
 567 021b 04       		.byte	4
 568 021c D9       		.byte	-39
 569 021d 04       		.byte	4
 570 021e DF       		.byte	-33
ARM GAS  C:\Users\doug_000\AppData\Local\Temp\ccMmqgMQ.s 			page 11


 571 021f 01       		.byte	1
 572 0220 00       		.byte	0
 573 0221 04       		.byte	4
 574 0222 02       		.byte	2
 575 0223 14       		.byte	20
 576 0224 0A       		.byte	10
 577 0225 80       		.byte	-128
 578 0226 0B       		.byte	11
 579 0227 02       		.byte	2
 580 0228 0E       		.byte	14
 581 0229 40       		.byte	64
 582 022a 0F       		.byte	15
 583 022b 01       		.byte	1
 584 022c 10       		.byte	16
 585 022d 20       		.byte	32
 586 022e 11       		.byte	17
 587 022f 16       		.byte	22
 588 0230 17       		.byte	23
 589 0231 18       		.byte	24
 590 0232 18       		.byte	24
 591 0233 20       		.byte	32
 592 0234 1C       		.byte	28
 593 0235 20       		.byte	32
 594 0236 1D       		.byte	29
 595 0237 40       		.byte	64
 596 0238 1E       		.byte	30
 597 0239 48       		.byte	72
 598 023a 1F       		.byte	31
 599 023b 02       		.byte	2
 600 023c 21       		.byte	33
 601 023d 29       		.byte	41
 602 023e 22       		.byte	34
 603 023f 80       		.byte	-128
 604 0240 23       		.byte	35
 605 0241 41       		.byte	65
 606 0242 24       		.byte	36
 607 0243 10       		.byte	16
 608 0244 25       		.byte	37
 609 0245 40       		.byte	64
 610 0246 27       		.byte	39
 611 0247 58       		.byte	88
 612 0248 2C       		.byte	44
 613 0249 14       		.byte	20
 614 024a 2F       		.byte	47
 615 024b 02       		.byte	2
 616 024c 30       		.byte	48
 617 024d 14       		.byte	20
 618 024e 31       		.byte	49
 619 024f 28       		.byte	40
 620 0250 37       		.byte	55
 621 0251 08       		.byte	8
 622 0252 3B       		.byte	59
 623 0253 41       		.byte	65
 624 0254 3C       		.byte	60
 625 0255 10       		.byte	16
 626 0256 3F       		.byte	63
 627 0257 41       		.byte	65
ARM GAS  C:\Users\doug_000\AppData\Local\Temp\ccMmqgMQ.s 			page 12


 628 0258 82       		.byte	-126
 629 0259 40       		.byte	64
 630 025a 83       		.byte	-125
 631 025b 08       		.byte	8
 632 025c 86       		.byte	-122
 633 025d 40       		.byte	64
 634 025e 89       		.byte	-119
 635 025f 52       		.byte	82
 636 0260 8B       		.byte	-117
 637 0261 02       		.byte	2
 638 0262 8F       		.byte	-113
 639 0263 40       		.byte	64
 640 0264 91       		.byte	-111
 641 0265 04       		.byte	4
 642 0266 92       		.byte	-110
 643 0267 01       		.byte	1
 644 0268 94       		.byte	-108
 645 0269 10       		.byte	16
 646 026a 95       		.byte	-107
 647 026b 02       		.byte	2
 648 026c 96       		.byte	-106
 649 026d 40       		.byte	64
 650 026e 97       		.byte	-105
 651 026f 41       		.byte	65
 652 0270 9A       		.byte	-102
 653 0271 14       		.byte	20
 654 0272 9C       		.byte	-100
 655 0273 04       		.byte	4
 656 0274 9D       		.byte	-99
 657 0275 40       		.byte	64
 658 0276 9F       		.byte	-97
 659 0277 18       		.byte	24
 660 0278 A2       		.byte	-94
 661 0279 10       		.byte	16
 662 027a A4       		.byte	-92
 663 027b 10       		.byte	16
 664 027c A5       		.byte	-91
 665 027d 28       		.byte	40
 666 027e A6       		.byte	-90
 667 027f 04       		.byte	4
 668 0280 A7       		.byte	-89
 669 0281 02       		.byte	2
 670 0282 A8       		.byte	-88
 671 0283 40       		.byte	64
 672 0284 A9       		.byte	-87
 673 0285 04       		.byte	4
 674 0286 AE       		.byte	-82
 675 0287 40       		.byte	64
 676 0288 B4       		.byte	-76
 677 0289 04       		.byte	4
 678 028a C0       		.byte	-64
 679 028b 06       		.byte	6
 680 028c C2       		.byte	-62
 681 028d 99       		.byte	-103
 682 028e C4       		.byte	-60
 683 028f 6E       		.byte	110
 684 0290 CA       		.byte	-54
ARM GAS  C:\Users\doug_000\AppData\Local\Temp\ccMmqgMQ.s 			page 13


 685 0291 70       		.byte	112
 686 0292 CC       		.byte	-52
 687 0293 46       		.byte	70
 688 0294 CE       		.byte	-50
 689 0295 B9       		.byte	-71
 690 0296 E0       		.byte	-32
 691 0297 04       		.byte	4
 692 0298 E2       		.byte	-30
 693 0299 10       		.byte	16
 694 029a E6       		.byte	-26
 695 029b 21       		.byte	33
 696 029c EE       		.byte	-18
 697 029d 40       		.byte	64
 698 029e 00       		.byte	0
 699 029f 33       		.byte	51
 700 02a0 01       		.byte	1
 701 02a1 01       		.byte	1
 702 02a2 02       		.byte	2
 703 02a3 CC       		.byte	-52
 704 02a4 07       		.byte	7
 705 02a5 02       		.byte	2
 706 02a6 09       		.byte	9
 707 02a7 01       		.byte	1
 708 02a8 0F       		.byte	15
 709 02a9 02       		.byte	2
 710 02aa 10       		.byte	16
 711 02ab 55       		.byte	85
 712 02ac 11       		.byte	17
 713 02ad 01       		.byte	1
 714 02ae 12       		.byte	18
 715 02af AA       		.byte	-86
 716 02b0 16       		.byte	22
 717 02b1 FF       		.byte	-1
 718 02b2 17       		.byte	23
 719 02b3 02       		.byte	2
 720 02b4 19       		.byte	25
 721 02b5 01       		.byte	1
 722 02b6 1D       		.byte	29
 723 02b7 01       		.byte	1
 724 02b8 1E       		.byte	30
 725 02b9 FF       		.byte	-1
 726 02ba 20       		.byte	32
 727 02bb 0F       		.byte	15
 728 02bc 21       		.byte	33
 729 02bd 01       		.byte	1
 730 02be 22       		.byte	34
 731 02bf F0       		.byte	-16
 732 02c0 25       		.byte	37
 733 02c1 01       		.byte	1
 734 02c2 28       		.byte	40
 735 02c3 FF       		.byte	-1
 736 02c4 29       		.byte	41
 737 02c5 02       		.byte	2
 738 02c6 2C       		.byte	44
 739 02c7 96       		.byte	-106
 740 02c8 2D       		.byte	45
 741 02c9 01       		.byte	1
ARM GAS  C:\Users\doug_000\AppData\Local\Temp\ccMmqgMQ.s 			page 14


 742 02ca 2E       		.byte	46
 743 02cb 69       		.byte	105
 744 02cc 31       		.byte	49
 745 02cd 01       		.byte	1
 746 02ce 34       		.byte	52
 747 02cf FF       		.byte	-1
 748 02d0 37       		.byte	55
 749 02d1 02       		.byte	2
 750 02d2 39       		.byte	57
 751 02d3 02       		.byte	2
 752 02d4 3E       		.byte	62
 753 02d5 10       		.byte	16
 754 02d6 3F       		.byte	63
 755 02d7 41       		.byte	65
 756 02d8 58       		.byte	88
 757 02d9 04       		.byte	4
 758 02da 59       		.byte	89
 759 02db 04       		.byte	4
 760 02dc 5F       		.byte	95
 761 02dd 01       		.byte	1
 762 02de 83       		.byte	-125
 763 02df FF       		.byte	-1
 764 02e0 84       		.byte	-124
 765 02e1 FF       		.byte	-1
 766 02e2 87       		.byte	-121
 767 02e3 FF       		.byte	-1
 768 02e4 89       		.byte	-119
 769 02e5 0F       		.byte	15
 770 02e6 8B       		.byte	-117
 771 02e7 F0       		.byte	-16
 772 02e8 8E       		.byte	-114
 773 02e9 FF       		.byte	-1
 774 02ea 90       		.byte	-112
 775 02eb 55       		.byte	85
 776 02ec 91       		.byte	-111
 777 02ed 55       		.byte	85
 778 02ee 92       		.byte	-110
 779 02ef AA       		.byte	-86
 780 02f0 93       		.byte	-109
 781 02f1 AA       		.byte	-86
 782 02f2 9B       		.byte	-101
 783 02f3 FF       		.byte	-1
 784 02f4 9C       		.byte	-100
 785 02f5 0F       		.byte	15
 786 02f6 9D       		.byte	-99
 787 02f7 69       		.byte	105
 788 02f8 9E       		.byte	-98
 789 02f9 F0       		.byte	-16
 790 02fa 9F       		.byte	-97
 791 02fb 96       		.byte	-106
 792 02fc A0       		.byte	-96
 793 02fd 69       		.byte	105
 794 02fe A2       		.byte	-94
 795 02ff 96       		.byte	-106
 796 0300 A4       		.byte	-92
 797 0301 FF       		.byte	-1
 798 0302 A8       		.byte	-88
ARM GAS  C:\Users\doug_000\AppData\Local\Temp\ccMmqgMQ.s 			page 15


 799 0303 33       		.byte	51
 800 0304 AA       		.byte	-86
 801 0305 CC       		.byte	-52
 802 0306 AD       		.byte	-83
 803 0307 33       		.byte	51
 804 0308 AF       		.byte	-81
 805 0309 CC       		.byte	-52
 806 030a B0       		.byte	-80
 807 030b FF       		.byte	-1
 808 030c B5       		.byte	-75
 809 030d FF       		.byte	-1
 810 030e BE       		.byte	-66
 811 030f 01       		.byte	1
 812 0310 BF       		.byte	-65
 813 0311 10       		.byte	16
 814 0312 D8       		.byte	-40
 815 0313 04       		.byte	4
 816 0314 D9       		.byte	-39
 817 0315 04       		.byte	4
 818 0316 DF       		.byte	-33
 819 0317 01       		.byte	1
 820 0318 02       		.byte	2
 821 0319 01       		.byte	1
 822 031a 03       		.byte	3
 823 031b 30       		.byte	48
 824 031c 06       		.byte	6
 825 031d 80       		.byte	-128
 826 031e 08       		.byte	8
 827 031f 80       		.byte	-128
 828 0320 09       		.byte	9
 829 0321 02       		.byte	2
 830 0322 0D       		.byte	13
 831 0323 06       		.byte	6
 832 0324 0F       		.byte	15
 833 0325 01       		.byte	1
 834 0326 11       		.byte	17
 835 0327 04       		.byte	4
 836 0328 12       		.byte	18
 837 0329 80       		.byte	-128
 838 032a 13       		.byte	19
 839 032b 20       		.byte	32
 840 032c 14       		.byte	20
 841 032d 80       		.byte	-128
 842 032e 17       		.byte	23
 843 032f 50       		.byte	80
 844 0330 1A       		.byte	26
 845 0331 40       		.byte	64
 846 0332 1E       		.byte	30
 847 0333 04       		.byte	4
 848 0334 22       		.byte	34
 849 0335 20       		.byte	32
 850 0336 25       		.byte	37
 851 0337 01       		.byte	1
 852 0338 26       		.byte	38
 853 0339 40       		.byte	64
 854 033a 2A       		.byte	42
 855 033b 80       		.byte	-128
ARM GAS  C:\Users\doug_000\AppData\Local\Temp\ccMmqgMQ.s 			page 16


 856 033c 2E       		.byte	46
 857 033d 44       		.byte	68
 858 033e 2F       		.byte	47
 859 033f 44       		.byte	68
 860 0340 32       		.byte	50
 861 0341 80       		.byte	-128
 862 0342 33       		.byte	51
 863 0343 61       		.byte	97
 864 0344 35       		.byte	53
 865 0345 40       		.byte	64
 866 0346 36       		.byte	54
 867 0347 22       		.byte	34
 868 0348 37       		.byte	55
 869 0349 08       		.byte	8
 870 034a 39       		.byte	57
 871 034b 0C       		.byte	12
 872 034c 3A       		.byte	58
 873 034d 01       		.byte	1
 874 034e 3B       		.byte	59
 875 034f 21       		.byte	33
 876 0350 3C       		.byte	60
 877 0351 04       		.byte	4
 878 0352 3E       		.byte	62
 879 0353 01       		.byte	1
 880 0354 3F       		.byte	63
 881 0355 90       		.byte	-112
 882 0356 80       		.byte	-128
 883 0357 04       		.byte	4
 884 0358 83       		.byte	-125
 885 0359 08       		.byte	8
 886 035a 89       		.byte	-119
 887 035b 02       		.byte	2
 888 035c 8A       		.byte	-118
 889 035d 02       		.byte	2
 890 035e 8B       		.byte	-117
 891 035f 09       		.byte	9
 892 0360 92       		.byte	-110
 893 0361 01       		.byte	1
 894 0362 93       		.byte	-109
 895 0363 10       		.byte	16
 896 0364 95       		.byte	-107
 897 0365 0C       		.byte	12
 898 0366 97       		.byte	-105
 899 0367 21       		.byte	33
 900 0368 99       		.byte	-103
 901 0369 40       		.byte	64
 902 036a 9C       		.byte	-100
 903 036b 80       		.byte	-128
 904 036c 9F       		.byte	-97
 905 036d 21       		.byte	33
 906 036e A1       		.byte	-95
 907 036f 08       		.byte	8
 908 0370 A2       		.byte	-94
 909 0371 02       		.byte	2
 910 0372 A5       		.byte	-91
 911 0373 02       		.byte	2
 912 0374 A6       		.byte	-90
ARM GAS  C:\Users\doug_000\AppData\Local\Temp\ccMmqgMQ.s 			page 17


 913 0375 C0       		.byte	-64
 914 0376 A7       		.byte	-89
 915 0377 20       		.byte	32
 916 0378 C0       		.byte	-64
 917 0379 15       		.byte	21
 918 037a C2       		.byte	-62
 919 037b B9       		.byte	-71
 920 037c C4       		.byte	-60
 921 037d DE       		.byte	-34
 922 037e CA       		.byte	-54
 923 037f F8       		.byte	-8
 924 0380 CC       		.byte	-52
 925 0381 FD       		.byte	-3
 926 0382 CE       		.byte	-50
 927 0383 F7       		.byte	-9
 928 0384 E2       		.byte	-30
 929 0385 80       		.byte	-128
 930 0386 E4       		.byte	-28
 931 0387 80       		.byte	-128
 932 0388 E6       		.byte	-26
 933 0389 01       		.byte	1
 934 038a 03       		.byte	3
 935 038b FF       		.byte	-1
 936 038c 04       		.byte	4
 937 038d FF       		.byte	-1
 938 038e 05       		.byte	5
 939 038f FF       		.byte	-1
 940 0390 10       		.byte	16
 941 0391 55       		.byte	85
 942 0392 11       		.byte	17
 943 0393 55       		.byte	85
 944 0394 12       		.byte	18
 945 0395 AA       		.byte	-86
 946 0396 13       		.byte	19
 947 0397 AA       		.byte	-86
 948 0398 14       		.byte	20
 949 0399 0F       		.byte	15
 950 039a 16       		.byte	22
 951 039b F0       		.byte	-16
 952 039c 1B       		.byte	27
 953 039d FF       		.byte	-1
 954 039e 1C       		.byte	28
 955 039f FF       		.byte	-1
 956 03a0 1D       		.byte	29
 957 03a1 96       		.byte	-106
 958 03a2 1F       		.byte	31
 959 03a3 69       		.byte	105
 960 03a4 20       		.byte	32
 961 03a5 96       		.byte	-106
 962 03a6 21       		.byte	33
 963 03a7 0F       		.byte	15
 964 03a8 22       		.byte	34
 965 03a9 69       		.byte	105
 966 03aa 23       		.byte	35
 967 03ab F0       		.byte	-16
 968 03ac 24       		.byte	36
 969 03ad FF       		.byte	-1
ARM GAS  C:\Users\doug_000\AppData\Local\Temp\ccMmqgMQ.s 			page 18


 970 03ae 28       		.byte	40
 971 03af 33       		.byte	51
 972 03b0 29       		.byte	41
 973 03b1 33       		.byte	51
 974 03b2 2A       		.byte	42
 975 03b3 CC       		.byte	-52
 976 03b4 2B       		.byte	43
 977 03b5 CC       		.byte	-52
 978 03b6 33       		.byte	51
 979 03b7 FF       		.byte	-1
 980 03b8 36       		.byte	54
 981 03b9 FF       		.byte	-1
 982 03ba 3E       		.byte	62
 983 03bb 40       		.byte	64
 984 03bc 3F       		.byte	63
 985 03bd 04       		.byte	4
 986 03be 58       		.byte	88
 987 03bf 04       		.byte	4
 988 03c0 59       		.byte	89
 989 03c1 04       		.byte	4
 990 03c2 5F       		.byte	95
 991 03c3 01       		.byte	1
 992 03c4 80       		.byte	-128
 993 03c5 69       		.byte	105
 994 03c6 81       		.byte	-127
 995 03c7 FF       		.byte	-1
 996 03c8 82       		.byte	-126
 997 03c9 96       		.byte	-106
 998 03ca 87       		.byte	-121
 999 03cb FF       		.byte	-1
 1000 03cc 88       		.byte	-120
 1001 03cd 33       		.byte	51
 1002 03ce 8A       		.byte	-118
 1003 03cf CC       		.byte	-52
 1004 03d0 8D       		.byte	-115
 1005 03d1 0F       		.byte	15
 1006 03d2 8F       		.byte	-113
 1007 03d3 F0       		.byte	-16
 1008 03d4 90       		.byte	-112
 1009 03d5 55       		.byte	85
 1010 03d6 91       		.byte	-111
 1011 03d7 55       		.byte	85
 1012 03d8 92       		.byte	-110
 1013 03d9 AA       		.byte	-86
 1014 03da 93       		.byte	-109
 1015 03db AA       		.byte	-86
 1016 03dc 96       		.byte	-106
 1017 03dd FF       		.byte	-1
 1018 03de 99       		.byte	-103
 1019 03df 33       		.byte	51
 1020 03e0 9B       		.byte	-101
 1021 03e1 CC       		.byte	-52
 1022 03e2 9C       		.byte	-100
 1023 03e3 FF       		.byte	-1
 1024 03e4 9D       		.byte	-99
 1025 03e5 96       		.byte	-106
 1026 03e6 9F       		.byte	-97
ARM GAS  C:\Users\doug_000\AppData\Local\Temp\ccMmqgMQ.s 			page 19


 1027 03e7 69       		.byte	105
 1028 03e8 A0       		.byte	-96
 1029 03e9 0F       		.byte	15
 1030 03ea A2       		.byte	-94
 1031 03eb F0       		.byte	-16
 1032 03ec A7       		.byte	-89
 1033 03ed FF       		.byte	-1
 1034 03ee A8       		.byte	-88
 1035 03ef FF       		.byte	-1
 1036 03f0 B1       		.byte	-79
 1037 03f1 FF       		.byte	-1
 1038 03f2 B6       		.byte	-74
 1039 03f3 FF       		.byte	-1
 1040 03f4 BE       		.byte	-66
 1041 03f5 40       		.byte	64
 1042 03f6 BF       		.byte	-65
 1043 03f7 01       		.byte	1
 1044 03f8 D8       		.byte	-40
 1045 03f9 04       		.byte	4
 1046 03fa D9       		.byte	-39
 1047 03fb 04       		.byte	4
 1048 03fc DF       		.byte	-33
 1049 03fd 01       		.byte	1
 1050 03fe 03       		.byte	3
 1051 03ff 30       		.byte	48
 1052 0400 06       		.byte	6
 1053 0401 44       		.byte	68
 1054 0402 09       		.byte	9
 1055 0403 02       		.byte	2
 1056 0404 0B       		.byte	11
 1057 0405 21       		.byte	33
 1058 0406 0D       		.byte	13
 1059 0407 06       		.byte	6
 1060 0408 0F       		.byte	15
 1061 0409 01       		.byte	1
 1062 040a 11       		.byte	17
 1063 040b 04       		.byte	4
 1064 040c 12       		.byte	18
 1065 040d C4       		.byte	-60
 1066 040e 13       		.byte	19
 1067 040f 20       		.byte	32
 1068 0410 14       		.byte	20
 1069 0411 80       		.byte	-128
 1070 0412 16       		.byte	22
 1071 0413 80       		.byte	-128
 1072 0414 17       		.byte	23
 1073 0415 10       		.byte	16
 1074 0416 1A       		.byte	26
 1075 0417 01       		.byte	1
 1076 0418 1D       		.byte	29
 1077 0419 40       		.byte	64
 1078 041a 23       		.byte	35
 1079 041b 10       		.byte	16
 1080 041c 26       		.byte	38
 1081 041d 02       		.byte	2
 1082 041e 28       		.byte	40
 1083 041f 80       		.byte	-128
ARM GAS  C:\Users\doug_000\AppData\Local\Temp\ccMmqgMQ.s 			page 20


 1084 0420 29       		.byte	41
 1085 0421 10       		.byte	16
 1086 0422 2F       		.byte	47
 1087 0423 20       		.byte	32
 1088 0424 32       		.byte	50
 1089 0425 80       		.byte	-128
 1090 0426 33       		.byte	51
 1091 0427 21       		.byte	33
 1092 0428 35       		.byte	53
 1093 0429 10       		.byte	16
 1094 042a 36       		.byte	54
 1095 042b 80       		.byte	-128
 1096 042c 37       		.byte	55
 1097 042d 21       		.byte	33
 1098 042e 39       		.byte	57
 1099 042f 08       		.byte	8
 1100 0430 3B       		.byte	59
 1101 0431 01       		.byte	1
 1102 0432 3D       		.byte	61
 1103 0433 04       		.byte	4
 1104 0434 3E       		.byte	62
 1105 0435 80       		.byte	-128
 1106 0436 3F       		.byte	63
 1107 0437 01       		.byte	1
 1108 0438 A1       		.byte	-95
 1109 0439 08       		.byte	8
 1110 043a A6       		.byte	-90
 1111 043b 40       		.byte	64
 1112 043c C0       		.byte	-64
 1113 043d 54       		.byte	84
 1114 043e C2       		.byte	-62
 1115 043f BD       		.byte	-67
 1116 0440 C4       		.byte	-60
 1117 0441 5E       		.byte	94
 1118 0442 CA       		.byte	-54
 1119 0443 45       		.byte	69
 1120 0444 CC       		.byte	-52
 1121 0445 BD       		.byte	-67
 1122 0446 CE       		.byte	-50
 1123 0447 D3       		.byte	-45
 1124 0448 EE       		.byte	-18
 1125 0449 02       		.byte	2
 1126 044a 81       		.byte	-127
 1127 044b 08       		.byte	8
 1128 044c 8A       		.byte	-118
 1129 044d 40       		.byte	64
 1130 044e E2       		.byte	-30
 1131 044f 21       		.byte	33
 1132 0450 E6       		.byte	-26
 1133 0451 20       		.byte	32
 1134 0452 86       		.byte	-122
 1135 0453 10       		.byte	16
 1136 0454 8C       		.byte	-116
 1137 0455 10       		.byte	16
 1138 0456 90       		.byte	-112
 1139 0457 10       		.byte	16
 1140 0458 A2       		.byte	-94
ARM GAS  C:\Users\doug_000\AppData\Local\Temp\ccMmqgMQ.s 			page 21


 1141 0459 10       		.byte	16
 1142 045a AB       		.byte	-85
 1143 045b 40       		.byte	64
 1144 045c AD       		.byte	-83
 1145 045d 20       		.byte	32
 1146 045e AE       		.byte	-82
 1147 045f 01       		.byte	1
 1148 0460 B0       		.byte	-80
 1149 0461 20       		.byte	32
 1150 0462 B4       		.byte	-76
 1151 0463 04       		.byte	4
 1152 0464 B6       		.byte	-74
 1153 0465 01       		.byte	1
 1154 0466 E2       		.byte	-30
 1155 0467 10       		.byte	16
 1156 0468 E8       		.byte	-24
 1157 0469 04       		.byte	4
 1158 046a EA       		.byte	-22
 1159 046b 11       		.byte	17
 1160 046c EC       		.byte	-20
 1161 046d 02       		.byte	2
 1162 046e 0D       		.byte	13
 1163 046f 08       		.byte	8
 1164 0470 0F       		.byte	15
 1165 0471 03       		.byte	3
 1166 0472 12       		.byte	18
 1167 0473 08       		.byte	8
 1168 0474 14       		.byte	20
 1169 0475 06       		.byte	6
 1170 0476 16       		.byte	22
 1171 0477 01       		.byte	1
 1172 0478 17       		.byte	23
 1173 0479 04       		.byte	4
 1174 047a 18       		.byte	24
 1175 047b 04       		.byte	4
 1176 047c 1A       		.byte	26
 1177 047d 03       		.byte	3
 1178 047e 1B       		.byte	27
 1179 047f 04       		.byte	4
 1180 0480 1C       		.byte	28
 1181 0481 0E       		.byte	14
 1182 0482 1D       		.byte	29
 1183 0483 0A       		.byte	10
 1184 0484 1E       		.byte	30
 1185 0485 01       		.byte	1
 1186 0486 1F       		.byte	31
 1187 0487 05       		.byte	5
 1188 0488 20       		.byte	32
 1189 0489 03       		.byte	3
 1190 048a 22       		.byte	34
 1191 048b 04       		.byte	4
 1192 048c 25       		.byte	37
 1193 048d 0B       		.byte	11
 1194 048e 26       		.byte	38
 1195 048f 08       		.byte	8
 1196 0490 28       		.byte	40
 1197 0491 08       		.byte	8
ARM GAS  C:\Users\doug_000\AppData\Local\Temp\ccMmqgMQ.s 			page 22


 1198 0492 29       		.byte	41
 1199 0493 08       		.byte	8
 1200 0494 2B       		.byte	43
 1201 0495 03       		.byte	3
 1202 0496 2F       		.byte	47
 1203 0497 04       		.byte	4
 1204 0498 30       		.byte	48
 1205 0499 08       		.byte	8
 1206 049a 31       		.byte	49
 1207 049b 08       		.byte	8
 1208 049c 32       		.byte	50
 1209 049d 01       		.byte	1
 1210 049e 33       		.byte	51
 1211 049f 02       		.byte	2
 1212 04a0 34       		.byte	52
 1213 04a1 02       		.byte	2
 1214 04a2 35       		.byte	53
 1215 04a3 04       		.byte	4
 1216 04a4 36       		.byte	54
 1217 04a5 04       		.byte	4
 1218 04a6 37       		.byte	55
 1219 04a7 01       		.byte	1
 1220 04a8 3E       		.byte	62
 1221 04a9 55       		.byte	85
 1222 04aa 3F       		.byte	63
 1223 04ab 55       		.byte	85
 1224 04ac 58       		.byte	88
 1225 04ad 04       		.byte	4
 1226 04ae 59       		.byte	89
 1227 04af 04       		.byte	4
 1228 04b0 5F       		.byte	95
 1229 04b1 01       		.byte	1
 1230 04b2 80       		.byte	-128
 1231 04b3 33       		.byte	51
 1232 04b4 82       		.byte	-126
 1233 04b5 CC       		.byte	-52
 1234 04b6 84       		.byte	-124
 1235 04b7 FF       		.byte	-1
 1236 04b8 85       		.byte	-123
 1237 04b9 96       		.byte	-106
 1238 04ba 87       		.byte	-121
 1239 04bb 69       		.byte	105
 1240 04bc 89       		.byte	-119
 1241 04bd FF       		.byte	-1
 1242 04be 92       		.byte	-110
 1243 04bf FF       		.byte	-1
 1244 04c0 94       		.byte	-108
 1245 04c1 FF       		.byte	-1
 1246 04c2 99       		.byte	-103
 1247 04c3 55       		.byte	85
 1248 04c4 9B       		.byte	-101
 1249 04c5 AA       		.byte	-86
 1250 04c6 9F       		.byte	-97
 1251 04c7 FF       		.byte	-1
 1252 04c8 A0       		.byte	-96
 1253 04c9 0F       		.byte	15
 1254 04ca A1       		.byte	-95
ARM GAS  C:\Users\doug_000\AppData\Local\Temp\ccMmqgMQ.s 			page 23


 1255 04cb 33       		.byte	51
 1256 04cc A2       		.byte	-94
 1257 04cd F0       		.byte	-16
 1258 04ce A3       		.byte	-93
 1259 04cf CC       		.byte	-52
 1260 04d0 A4       		.byte	-92
 1261 04d1 55       		.byte	85
 1262 04d2 A5       		.byte	-91
 1263 04d3 0F       		.byte	15
 1264 04d4 A6       		.byte	-90
 1265 04d5 AA       		.byte	-86
 1266 04d6 A7       		.byte	-89
 1267 04d7 F0       		.byte	-16
 1268 04d8 A8       		.byte	-88
 1269 04d9 69       		.byte	105
 1270 04da AA       		.byte	-86
 1271 04db 96       		.byte	-106
 1272 04dc AB       		.byte	-85
 1273 04dd FF       		.byte	-1
 1274 04de B3       		.byte	-77
 1275 04df FF       		.byte	-1
 1276 04e0 B6       		.byte	-74
 1277 04e1 FF       		.byte	-1
 1278 04e2 BE       		.byte	-66
 1279 04e3 40       		.byte	64
 1280 04e4 BF       		.byte	-65
 1281 04e5 04       		.byte	4
 1282 04e6 D8       		.byte	-40
 1283 04e7 04       		.byte	4
 1284 04e8 D9       		.byte	-39
 1285 04e9 04       		.byte	4
 1286 04ea DF       		.byte	-33
 1287 04eb 01       		.byte	1
 1288 04ec 01       		.byte	1
 1289 04ed 02       		.byte	2
 1290 04ee 02       		.byte	2
 1291 04ef 10       		.byte	16
 1292 04f0 08       		.byte	8
 1293 04f1 08       		.byte	8
 1294 04f2 0A       		.byte	10
 1295 04f3 80       		.byte	-128
 1296 04f4 0C       		.byte	12
 1297 04f5 14       		.byte	20
 1298 04f6 0E       		.byte	14
 1299 04f7 40       		.byte	64
 1300 04f8 0F       		.byte	15
 1301 04f9 02       		.byte	2
 1302 04fa 10       		.byte	16
 1303 04fb 20       		.byte	32
 1304 04fc 11       		.byte	17
 1305 04fd 02       		.byte	2
 1306 04fe 12       		.byte	18
 1307 04ff 04       		.byte	4
 1308 0500 15       		.byte	21
 1309 0501 02       		.byte	2
 1310 0502 17       		.byte	23
 1311 0503 18       		.byte	24
ARM GAS  C:\Users\doug_000\AppData\Local\Temp\ccMmqgMQ.s 			page 24


 1312 0504 1B       		.byte	27
 1313 0505 40       		.byte	64
 1314 0506 1C       		.byte	28
 1315 0507 10       		.byte	16
 1316 0508 1D       		.byte	29
 1317 0509 10       		.byte	16
 1318 050a 1E       		.byte	30
 1319 050b 82       		.byte	-126
 1320 050c 20       		.byte	32
 1321 050d 20       		.byte	32
 1322 050e 25       		.byte	37
 1323 050f 28       		.byte	40
 1324 0510 27       		.byte	39
 1325 0511 41       		.byte	65
 1326 0512 28       		.byte	40
 1327 0513 08       		.byte	8
 1328 0514 29       		.byte	41
 1329 0515 02       		.byte	2
 1330 0516 2A       		.byte	42
 1331 0517 08       		.byte	8
 1332 0518 2C       		.byte	44
 1333 0519 14       		.byte	20
 1334 051a 2D       		.byte	45
 1335 051b 20       		.byte	32
 1336 051c 2E       		.byte	46
 1337 051d 40       		.byte	64
 1338 051e 30       		.byte	48
 1339 051f 20       		.byte	32
 1340 0520 32       		.byte	50
 1341 0521 40       		.byte	64
 1342 0522 36       		.byte	54
 1343 0523 80       		.byte	-128
 1344 0524 37       		.byte	55
 1345 0525 18       		.byte	24
 1346 0526 3A       		.byte	58
 1347 0527 14       		.byte	20
 1348 0528 3F       		.byte	63
 1349 0529 40       		.byte	64
 1350 052a 81       		.byte	-127
 1351 052b 10       		.byte	16
 1352 052c 83       		.byte	-125
 1353 052d 40       		.byte	64
 1354 052e 84       		.byte	-124
 1355 052f 10       		.byte	16
 1356 0530 85       		.byte	-123
 1357 0531 28       		.byte	40
 1358 0532 86       		.byte	-122
 1359 0533 80       		.byte	-128
 1360 0534 87       		.byte	-121
 1361 0535 01       		.byte	1
 1362 0536 88       		.byte	-120
 1363 0537 10       		.byte	16
 1364 0538 89       		.byte	-119
 1365 0539 01       		.byte	1
 1366 053a 8B       		.byte	-117
 1367 053b 01       		.byte	1
 1368 053c 90       		.byte	-112
ARM GAS  C:\Users\doug_000\AppData\Local\Temp\ccMmqgMQ.s 			page 25


 1369 053d 04       		.byte	4
 1370 053e 91       		.byte	-111
 1371 053f 02       		.byte	2
 1372 0540 92       		.byte	-110
 1373 0541 C1       		.byte	-63
 1374 0542 93       		.byte	-109
 1375 0543 40       		.byte	64
 1376 0544 98       		.byte	-104
 1377 0545 1C       		.byte	28
 1378 0546 99       		.byte	-103
 1379 0547 02       		.byte	2
 1380 0548 9A       		.byte	-102
 1381 0549 1C       		.byte	28
 1382 054a 9B       		.byte	-101
 1383 054b 18       		.byte	24
 1384 054c A0       		.byte	-96
 1385 054d 20       		.byte	32
 1386 054e A1       		.byte	-95
 1387 054f 01       		.byte	1
 1388 0550 A2       		.byte	-94
 1389 0551 90       		.byte	-112
 1390 0552 A6       		.byte	-90
 1391 0553 40       		.byte	64
 1392 0554 A8       		.byte	-88
 1393 0555 08       		.byte	8
 1394 0556 AB       		.byte	-85
 1395 0557 11       		.byte	17
 1396 0558 B4       		.byte	-76
 1397 0559 10       		.byte	16
 1398 055a B5       		.byte	-75
 1399 055b 01       		.byte	1
 1400 055c B6       		.byte	-74
 1401 055d 08       		.byte	8
 1402 055e C0       		.byte	-64
 1403 055f 0C       		.byte	12
 1404 0560 C2       		.byte	-62
 1405 0561 FC       		.byte	-4
 1406 0562 C4       		.byte	-60
 1407 0563 7E       		.byte	126
 1408 0564 CA       		.byte	-54
 1409 0565 77       		.byte	119
 1410 0566 CC       		.byte	-52
 1411 0567 7C       		.byte	124
 1412 0568 CE       		.byte	-50
 1413 0569 16       		.byte	22
 1414 056a E4       		.byte	-28
 1415 056b 0A       		.byte	10
 1416 056c E6       		.byte	-26
 1417 056d 60       		.byte	96
 1418 056e E8       		.byte	-24
 1419 056f 04       		.byte	4
 1420 0570 EE       		.byte	-18
 1421 0571 04       		.byte	4
 1422 0572 00       		.byte	0
 1423 0573 33       		.byte	51
 1424 0574 01       		.byte	1
 1425 0575 01       		.byte	1
ARM GAS  C:\Users\doug_000\AppData\Local\Temp\ccMmqgMQ.s 			page 26


 1426 0576 02       		.byte	2
 1427 0577 CC       		.byte	-52
 1428 0578 05       		.byte	5
 1429 0579 02       		.byte	2
 1430 057a 09       		.byte	9
 1431 057b 01       		.byte	1
 1432 057c 0C       		.byte	12
 1433 057d 55       		.byte	85
 1434 057e 0D       		.byte	13
 1435 057f 01       		.byte	1
 1436 0580 0E       		.byte	14
 1437 0581 AA       		.byte	-86
 1438 0582 10       		.byte	16
 1439 0583 69       		.byte	105
 1440 0584 12       		.byte	18
 1441 0585 96       		.byte	-106
 1442 0586 13       		.byte	19
 1443 0587 02       		.byte	2
 1444 0588 14       		.byte	20
 1445 0589 FF       		.byte	-1
 1446 058a 15       		.byte	21
 1447 058b 01       		.byte	1
 1448 058c 19       		.byte	25
 1449 058d 01       		.byte	1
 1450 058e 1C       		.byte	28
 1451 058f FF       		.byte	-1
 1452 0590 1D       		.byte	29
 1453 0591 01       		.byte	1
 1454 0592 20       		.byte	32
 1455 0593 0F       		.byte	15
 1456 0594 21       		.byte	33
 1457 0595 01       		.byte	1
 1458 0596 22       		.byte	34
 1459 0597 F0       		.byte	-16
 1460 0598 25       		.byte	37
 1461 0599 02       		.byte	2
 1462 059a 29       		.byte	41
 1463 059b 02       		.byte	2
 1464 059c 2A       		.byte	42
 1465 059d FF       		.byte	-1
 1466 059e 2D       		.byte	45
 1467 059f 01       		.byte	1
 1468 05a0 33       		.byte	51
 1469 05a1 02       		.byte	2
 1470 05a2 36       		.byte	54
 1471 05a3 FF       		.byte	-1
 1472 05a4 37       		.byte	55
 1473 05a5 01       		.byte	1
 1474 05a6 39       		.byte	57
 1475 05a7 80       		.byte	-128
 1476 05a8 3E       		.byte	62
 1477 05a9 40       		.byte	64
 1478 05aa 3F       		.byte	63
 1479 05ab 44       		.byte	68
 1480 05ac 58       		.byte	88
 1481 05ad 04       		.byte	4
 1482 05ae 59       		.byte	89
ARM GAS  C:\Users\doug_000\AppData\Local\Temp\ccMmqgMQ.s 			page 27


 1483 05af 04       		.byte	4
 1484 05b0 5F       		.byte	95
 1485 05b1 01       		.byte	1
 1486 05b2 88       		.byte	-120
 1487 05b3 96       		.byte	-106
 1488 05b4 89       		.byte	-119
 1489 05b5 55       		.byte	85
 1490 05b6 8A       		.byte	-118
 1491 05b7 69       		.byte	105
 1492 05b8 8B       		.byte	-117
 1493 05b9 AA       		.byte	-86
 1494 05ba 8C       		.byte	-116
 1495 05bb 33       		.byte	51
 1496 05bc 8E       		.byte	-114
 1497 05bd CC       		.byte	-52
 1498 05be 90       		.byte	-112
 1499 05bf 55       		.byte	85
 1500 05c0 92       		.byte	-110
 1501 05c1 AA       		.byte	-86
 1502 05c2 93       		.byte	-109
 1503 05c3 FF       		.byte	-1
 1504 05c4 95       		.byte	-107
 1505 05c5 96       		.byte	-106
 1506 05c6 97       		.byte	-105
 1507 05c7 69       		.byte	105
 1508 05c8 99       		.byte	-103
 1509 05c9 FF       		.byte	-1
 1510 05ca A1       		.byte	-95
 1511 05cb 33       		.byte	51
 1512 05cc A3       		.byte	-93
 1513 05cd CC       		.byte	-52
 1514 05ce A5       		.byte	-91
 1515 05cf 0F       		.byte	15
 1516 05d0 A7       		.byte	-89
 1517 05d1 F0       		.byte	-16
 1518 05d2 A8       		.byte	-88
 1519 05d3 0F       		.byte	15
 1520 05d4 AA       		.byte	-86
 1521 05d5 F0       		.byte	-16
 1522 05d6 AB       		.byte	-85
 1523 05d7 FF       		.byte	-1
 1524 05d8 B0       		.byte	-80
 1525 05d9 FF       		.byte	-1
 1526 05da B3       		.byte	-77
 1527 05db FF       		.byte	-1
 1528 05dc BE       		.byte	-66
 1529 05dd 01       		.byte	1
 1530 05de BF       		.byte	-65
 1531 05df 04       		.byte	4
 1532 05e0 D8       		.byte	-40
 1533 05e1 04       		.byte	4
 1534 05e2 D9       		.byte	-39
 1535 05e3 04       		.byte	4
 1536 05e4 DF       		.byte	-33
 1537 05e5 01       		.byte	1
 1538 05e6 00       		.byte	0
 1539 05e7 20       		.byte	32
ARM GAS  C:\Users\doug_000\AppData\Local\Temp\ccMmqgMQ.s 			page 28


 1540 05e8 02       		.byte	2
 1541 05e9 01       		.byte	1
 1542 05ea 06       		.byte	6
 1543 05eb 80       		.byte	-128
 1544 05ec 07       		.byte	7
 1545 05ed 01       		.byte	1
 1546 05ee 09       		.byte	9
 1547 05ef 01       		.byte	1
 1548 05f0 0D       		.byte	13
 1549 05f1 04       		.byte	4
 1550 05f2 0E       		.byte	14
 1551 05f3 80       		.byte	-128
 1552 05f4 0F       		.byte	15
 1553 05f5 01       		.byte	1
 1554 05f6 10       		.byte	16
 1555 05f7 04       		.byte	4
 1556 05f8 14       		.byte	20
 1557 05f9 88       		.byte	-120
 1558 05fa 19       		.byte	25
 1559 05fb 02       		.byte	2
 1560 05fc 1F       		.byte	31
 1561 05fd 40       		.byte	64
 1562 05fe 23       		.byte	35
 1563 05ff 10       		.byte	16
 1564 0600 26       		.byte	38
 1565 0601 C0       		.byte	-64
 1566 0602 27       		.byte	39
 1567 0603 10       		.byte	16
 1568 0604 29       		.byte	41
 1569 0605 04       		.byte	4
 1570 0606 2A       		.byte	42
 1571 0607 02       		.byte	2
 1572 0608 2B       		.byte	43
 1573 0609 08       		.byte	8
 1574 060a 2E       		.byte	46
 1575 060b 01       		.byte	1
 1576 060c 2F       		.byte	47
 1577 060d 16       		.byte	22
 1578 060e 30       		.byte	48
 1579 060f 02       		.byte	2
 1580 0610 31       		.byte	49
 1581 0611 08       		.byte	8
 1582 0612 32       		.byte	50
 1583 0613 10       		.byte	16
 1584 0614 34       		.byte	52
 1585 0615 02       		.byte	2
 1586 0616 36       		.byte	54
 1587 0617 28       		.byte	40
 1588 0618 37       		.byte	55
 1589 0619 40       		.byte	64
 1590 061a 39       		.byte	57
 1591 061b 20       		.byte	32
 1592 061c 3D       		.byte	61
 1593 061d 05       		.byte	5
 1594 061e 3E       		.byte	62
 1595 061f 40       		.byte	64
 1596 0620 3F       		.byte	63
ARM GAS  C:\Users\doug_000\AppData\Local\Temp\ccMmqgMQ.s 			page 29


 1597 0621 10       		.byte	16
 1598 0622 82       		.byte	-126
 1599 0623 01       		.byte	1
 1600 0624 85       		.byte	-123
 1601 0625 04       		.byte	4
 1602 0626 87       		.byte	-121
 1603 0627 14       		.byte	20
 1604 0628 89       		.byte	-119
 1605 0629 05       		.byte	5
 1606 062a 8D       		.byte	-115
 1607 062b 02       		.byte	2
 1608 062c 8F       		.byte	-113
 1609 062d 10       		.byte	16
 1610 062e 92       		.byte	-110
 1611 062f 20       		.byte	32
 1612 0630 95       		.byte	-107
 1613 0631 08       		.byte	8
 1614 0632 97       		.byte	-105
 1615 0633 89       		.byte	-119
 1616 0634 98       		.byte	-104
 1617 0635 80       		.byte	-128
 1618 0636 99       		.byte	-103
 1619 0637 04       		.byte	4
 1620 0638 9A       		.byte	-102
 1621 0639 82       		.byte	-126
 1622 063a 9B       		.byte	-101
 1623 063b 01       		.byte	1
 1624 063c A1       		.byte	-95
 1625 063d 09       		.byte	9
 1626 063e A2       		.byte	-94
 1627 063f 08       		.byte	8
 1628 0640 A3       		.byte	-93
 1629 0641 08       		.byte	8
 1630 0642 A6       		.byte	-90
 1631 0643 80       		.byte	-128
 1632 0644 A7       		.byte	-89
 1633 0645 20       		.byte	32
 1634 0646 AA       		.byte	-86
 1635 0647 10       		.byte	16
 1636 0648 AB       		.byte	-85
 1637 0649 40       		.byte	64
 1638 064a AC       		.byte	-84
 1639 064b 80       		.byte	-128
 1640 064c AE       		.byte	-82
 1641 064d 80       		.byte	-128
 1642 064e AF       		.byte	-81
 1643 064f 30       		.byte	48
 1644 0650 B5       		.byte	-75
 1645 0651 04       		.byte	4
 1646 0652 B6       		.byte	-74
 1647 0653 08       		.byte	8
 1648 0654 C0       		.byte	-64
 1649 0655 93       		.byte	-109
 1650 0656 C2       		.byte	-62
 1651 0657 B8       		.byte	-72
 1652 0658 C4       		.byte	-60
 1653 0659 52       		.byte	82
ARM GAS  C:\Users\doug_000\AppData\Local\Temp\ccMmqgMQ.s 			page 30


 1654 065a CA       		.byte	-54
 1655 065b F7       		.byte	-9
 1656 065c CC       		.byte	-52
 1657 065d F7       		.byte	-9
 1658 065e CE       		.byte	-50
 1659 065f F4       		.byte	-12
 1660 0660 E0       		.byte	-32
 1661 0661 20       		.byte	32
 1662 0662 E2       		.byte	-30
 1663 0663 0C       		.byte	12
 1664 0664 E4       		.byte	-28
 1665 0665 80       		.byte	-128
 1666 0666 E6       		.byte	-26
 1667 0667 40       		.byte	64
 1668 0668 EA       		.byte	-22
 1669 0669 12       		.byte	18
 1670 066a EC       		.byte	-20
 1671 066b 40       		.byte	64
 1672 066c EE       		.byte	-18
 1673 066d 06       		.byte	6
 1674 066e 08       		.byte	8
 1675 066f FF       		.byte	-1
 1676 0670 09       		.byte	9
 1677 0671 55       		.byte	85
 1678 0672 0B       		.byte	11
 1679 0673 AA       		.byte	-86
 1680 0674 0C       		.byte	12
 1681 0675 33       		.byte	51
 1682 0676 0E       		.byte	14
 1683 0677 CC       		.byte	-52
 1684 0678 13       		.byte	19
 1685 0679 FF       		.byte	-1
 1686 067a 14       		.byte	20
 1687 067b 96       		.byte	-106
 1688 067c 15       		.byte	21
 1689 067d 96       		.byte	-106
 1690 067e 16       		.byte	22
 1691 067f 69       		.byte	105
 1692 0680 17       		.byte	23
 1693 0681 69       		.byte	105
 1694 0682 18       		.byte	24
 1695 0683 FF       		.byte	-1
 1696 0684 1B       		.byte	27
 1697 0685 FF       		.byte	-1
 1698 0686 1C       		.byte	28
 1699 0687 FF       		.byte	-1
 1700 0688 21       		.byte	33
 1701 0689 33       		.byte	51
 1702 068a 23       		.byte	35
 1703 068b CC       		.byte	-52
 1704 068c 24       		.byte	36
 1705 068d 0F       		.byte	15
 1706 068e 25       		.byte	37
 1707 068f 0F       		.byte	15
 1708 0690 26       		.byte	38
 1709 0691 F0       		.byte	-16
 1710 0692 27       		.byte	39
ARM GAS  C:\Users\doug_000\AppData\Local\Temp\ccMmqgMQ.s 			page 31


 1711 0693 F0       		.byte	-16
 1712 0694 28       		.byte	40
 1713 0695 55       		.byte	85
 1714 0696 29       		.byte	41
 1715 0697 FF       		.byte	-1
 1716 0698 2A       		.byte	42
 1717 0699 AA       		.byte	-86
 1718 069a 30       		.byte	48
 1719 069b FF       		.byte	-1
 1720 069c 35       		.byte	53
 1721 069d FF       		.byte	-1
 1722 069e 3E       		.byte	62
 1723 069f 01       		.byte	1
 1724 06a0 3F       		.byte	63
 1725 06a1 10       		.byte	16
 1726 06a2 58       		.byte	88
 1727 06a3 04       		.byte	4
 1728 06a4 59       		.byte	89
 1729 06a5 04       		.byte	4
 1730 06a6 5F       		.byte	95
 1731 06a7 01       		.byte	1
 1732 06a8 84       		.byte	-124
 1733 06a9 FF       		.byte	-1
 1734 06aa 85       		.byte	-123
 1735 06ab 69       		.byte	105
 1736 06ac 87       		.byte	-121
 1737 06ad 96       		.byte	-106
 1738 06ae 88       		.byte	-120
 1739 06af 0F       		.byte	15
 1740 06b0 89       		.byte	-119
 1741 06b1 0F       		.byte	15
 1742 06b2 8A       		.byte	-118
 1743 06b3 F0       		.byte	-16
 1744 06b4 8B       		.byte	-117
 1745 06b5 F0       		.byte	-16
 1746 06b6 8C       		.byte	-116
 1747 06b7 33       		.byte	51
 1748 06b8 8D       		.byte	-115
 1749 06b9 33       		.byte	51
 1750 06ba 8E       		.byte	-114
 1751 06bb CC       		.byte	-52
 1752 06bc 8F       		.byte	-113
 1753 06bd CC       		.byte	-52
 1754 06be 92       		.byte	-110
 1755 06bf FF       		.byte	-1
 1756 06c0 94       		.byte	-108
 1757 06c1 FF       		.byte	-1
 1758 06c2 95       		.byte	-107
 1759 06c3 FF       		.byte	-1
 1760 06c4 98       		.byte	-104
 1761 06c5 55       		.byte	85
 1762 06c6 9A       		.byte	-102
 1763 06c7 AA       		.byte	-86
 1764 06c8 A4       		.byte	-92
 1765 06c9 69       		.byte	105
 1766 06ca A6       		.byte	-90
 1767 06cb 96       		.byte	-106
ARM GAS  C:\Users\doug_000\AppData\Local\Temp\ccMmqgMQ.s 			page 32


 1768 06cc A7       		.byte	-89
 1769 06cd FF       		.byte	-1
 1770 06ce A9       		.byte	-87
 1771 06cf 55       		.byte	85
 1772 06d0 AB       		.byte	-85
 1773 06d1 AA       		.byte	-86
 1774 06d2 AD       		.byte	-83
 1775 06d3 FF       		.byte	-1
 1776 06d4 B1       		.byte	-79
 1777 06d5 FF       		.byte	-1
 1778 06d6 B6       		.byte	-74
 1779 06d7 FF       		.byte	-1
 1780 06d8 BE       		.byte	-66
 1781 06d9 40       		.byte	64
 1782 06da BF       		.byte	-65
 1783 06db 01       		.byte	1
 1784 06dc D8       		.byte	-40
 1785 06dd 04       		.byte	4
 1786 06de D9       		.byte	-39
 1787 06df 04       		.byte	4
 1788 06e0 DF       		.byte	-33
 1789 06e1 01       		.byte	1
 1790 06e2 02       		.byte	2
 1791 06e3 01       		.byte	1
 1792 06e4 03       		.byte	3
 1793 06e5 08       		.byte	8
 1794 06e6 06       		.byte	6
 1795 06e7 0B       		.byte	11
 1796 06e8 07       		.byte	7
 1797 06e9 18       		.byte	24
 1798 06ea 08       		.byte	8
 1799 06eb 10       		.byte	16
 1800 06ec 09       		.byte	9
 1801 06ed 08       		.byte	8
 1802 06ee 0B       		.byte	11
 1803 06ef 02       		.byte	2
 1804 06f0 0C       		.byte	12
 1805 06f1 06       		.byte	6
 1806 06f2 0D       		.byte	13
 1807 06f3 10       		.byte	16
 1808 06f4 11       		.byte	17
 1809 06f5 10       		.byte	16
 1810 06f6 13       		.byte	19
 1811 06f7 08       		.byte	8
 1812 06f8 15       		.byte	21
 1813 06f9 04       		.byte	4
 1814 06fa 17       		.byte	23
 1815 06fb 04       		.byte	4
 1816 06fc 1B       		.byte	27
 1817 06fd 02       		.byte	2
 1818 06fe 1E       		.byte	30
 1819 06ff 01       		.byte	1
 1820 0700 22       		.byte	34
 1821 0701 20       		.byte	32
 1822 0702 27       		.byte	39
 1823 0703 40       		.byte	64
 1824 0704 28       		.byte	40
ARM GAS  C:\Users\doug_000\AppData\Local\Temp\ccMmqgMQ.s 			page 33


 1825 0705 04       		.byte	4
 1826 0706 29       		.byte	41
 1827 0707 04       		.byte	4
 1828 0708 2A       		.byte	42
 1829 0709 0A       		.byte	10
 1830 070a 2B       		.byte	43
 1831 070b 58       		.byte	88
 1832 070c 2C       		.byte	44
 1833 070d 12       		.byte	18
 1834 070e 2D       		.byte	45
 1835 070f 10       		.byte	16
 1836 0710 2F       		.byte	47
 1837 0711 01       		.byte	1
 1838 0712 30       		.byte	48
 1839 0713 12       		.byte	18
 1840 0714 31       		.byte	49
 1841 0715 08       		.byte	8
 1842 0716 32       		.byte	50
 1843 0717 10       		.byte	16
 1844 0718 33       		.byte	51
 1845 0719 14       		.byte	20
 1846 071a 34       		.byte	52
 1847 071b 04       		.byte	4
 1848 071c 39       		.byte	57
 1849 071d 30       		.byte	48
 1850 071e 3D       		.byte	61
 1851 071f 04       		.byte	4
 1852 0720 3F       		.byte	63
 1853 0721 A0       		.byte	-96
 1854 0722 8F       		.byte	-113
 1855 0723 01       		.byte	1
 1856 0724 91       		.byte	-111
 1857 0725 20       		.byte	32
 1858 0726 92       		.byte	-110
 1859 0727 20       		.byte	32
 1860 0728 96       		.byte	-106
 1861 0729 01       		.byte	1
 1862 072a 97       		.byte	-105
 1863 072b 01       		.byte	1
 1864 072c 99       		.byte	-103
 1865 072d 04       		.byte	4
 1866 072e 9A       		.byte	-102
 1867 072f 02       		.byte	2
 1868 0730 9F       		.byte	-97
 1869 0731 40       		.byte	64
 1870 0732 A0       		.byte	-96
 1871 0733 02       		.byte	2
 1872 0734 A1       		.byte	-95
 1873 0735 08       		.byte	8
 1874 0736 A3       		.byte	-93
 1875 0737 08       		.byte	8
 1876 0738 A6       		.byte	-90
 1877 0739 20       		.byte	32
 1878 073a A7       		.byte	-89
 1879 073b 02       		.byte	2
 1880 073c A8       		.byte	-88
 1881 073d 08       		.byte	8
ARM GAS  C:\Users\doug_000\AppData\Local\Temp\ccMmqgMQ.s 			page 34


 1882 073e AA       		.byte	-86
 1883 073f 40       		.byte	64
 1884 0740 AB       		.byte	-85
 1885 0741 20       		.byte	32
 1886 0742 AC       		.byte	-84
 1887 0743 06       		.byte	6
 1888 0744 B0       		.byte	-80
 1889 0745 10       		.byte	16
 1890 0746 B1       		.byte	-79
 1891 0747 10       		.byte	16
 1892 0748 B4       		.byte	-76
 1893 0749 02       		.byte	2
 1894 074a C0       		.byte	-64
 1895 074b E3       		.byte	-29
 1896 074c C2       		.byte	-62
 1897 074d 77       		.byte	119
 1898 074e C4       		.byte	-60
 1899 074f 26       		.byte	38
 1900 0750 CA       		.byte	-54
 1901 0751 77       		.byte	119
 1902 0752 CC       		.byte	-52
 1903 0753 47       		.byte	71
 1904 0754 CE       		.byte	-50
 1905 0755 74       		.byte	116
 1906 0756 EA       		.byte	-22
 1907 0757 09       		.byte	9
 1908 0758 EC       		.byte	-20
 1909 0759 60       		.byte	96
 1910 075a EE       		.byte	-18
 1911 075b 04       		.byte	4
 1912 075c 53       		.byte	83
 1913 075d 10       		.byte	16
 1914 075e 54       		.byte	84
 1915 075f 10       		.byte	16
 1916 0760 58       		.byte	88
 1917 0761 20       		.byte	32
 1918 0762 5F       		.byte	95
 1919 0763 28       		.byte	40
 1920 0764 62       		.byte	98
 1921 0765 20       		.byte	32
 1922 0766 D4       		.byte	-44
 1923 0767 E0       		.byte	-32
 1924 0768 D6       		.byte	-42
 1925 0769 A0       		.byte	-96
 1926 076a D8       		.byte	-40
 1927 076b 40       		.byte	64
 1928 076c 50       		.byte	80
 1929 076d 80       		.byte	-128
 1930 076e 51       		.byte	81
 1931 076f 02       		.byte	2
 1932 0770 54       		.byte	84
 1933 0771 40       		.byte	64
 1934 0772 5C       		.byte	92
 1935 0773 02       		.byte	2
 1936 0774 5D       		.byte	93
 1937 0775 10       		.byte	16
 1938 0776 62       		.byte	98
ARM GAS  C:\Users\doug_000\AppData\Local\Temp\ccMmqgMQ.s 			page 35


 1939 0777 08       		.byte	8
 1940 0778 63       		.byte	99
 1941 0779 01       		.byte	1
 1942 077a 64       		.byte	100
 1943 077b 10       		.byte	16
 1944 077c 88       		.byte	-120
 1945 077d 10       		.byte	16
 1946 077e 8B       		.byte	-117
 1947 077f 10       		.byte	16
 1948 0780 8F       		.byte	-113
 1949 0781 20       		.byte	32
 1950 0782 97       		.byte	-105
 1951 0783 20       		.byte	32
 1952 0784 9F       		.byte	-97
 1953 0785 28       		.byte	40
 1954 0786 A4       		.byte	-92
 1955 0787 10       		.byte	16
 1956 0788 A6       		.byte	-90
 1957 0789 20       		.byte	32
 1958 078a B4       		.byte	-76
 1959 078b 20       		.byte	32
 1960 078c D4       		.byte	-44
 1961 078d E0       		.byte	-32
 1962 078e D6       		.byte	-42
 1963 078f E0       		.byte	-32
 1964 0790 D8       		.byte	-40
 1965 0791 C0       		.byte	-64
 1966 0792 3E       		.byte	62
 1967 0793 10       		.byte	16
 1968 0794 52       		.byte	82
 1969 0795 10       		.byte	16
 1970 0796 55       		.byte	85
 1971 0797 08       		.byte	8
 1972 0798 83       		.byte	-125
 1973 0799 01       		.byte	1
 1974 079a 86       		.byte	-122
 1975 079b 80       		.byte	-128
 1976 079c 89       		.byte	-119
 1977 079d 10       		.byte	16
 1978 079e 8A       		.byte	-118
 1979 079f 18       		.byte	24
 1980 07a0 8C       		.byte	-116
 1981 07a1 80       		.byte	-128
 1982 07a2 8F       		.byte	-113
 1983 07a3 01       		.byte	1
 1984 07a4 95       		.byte	-107
 1985 07a5 10       		.byte	16
 1986 07a6 97       		.byte	-105
 1987 07a7 01       		.byte	1
 1988 07a8 9C       		.byte	-100
 1989 07a9 12       		.byte	18
 1990 07aa 9F       		.byte	-97
 1991 07ab 08       		.byte	8
 1992 07ac A4       		.byte	-92
 1993 07ad C0       		.byte	-64
 1994 07ae A6       		.byte	-90
 1995 07af 08       		.byte	8
ARM GAS  C:\Users\doug_000\AppData\Local\Temp\ccMmqgMQ.s 			page 36


 1996 07b0 A9       		.byte	-87
 1997 07b1 02       		.byte	2
 1998 07b2 B6       		.byte	-74
 1999 07b3 20       		.byte	32
 2000 07b4 CE       		.byte	-50
 2001 07b5 20       		.byte	32
 2002 07b6 D4       		.byte	-44
 2003 07b7 60       		.byte	96
 2004 07b8 E2       		.byte	-30
 2005 07b9 C0       		.byte	-64
 2006 07ba EA       		.byte	-22
 2007 07bb 80       		.byte	-128
 2008 07bc 84       		.byte	-124
 2009 07bd 10       		.byte	16
 2010 07be 88       		.byte	-120
 2011 07bf 40       		.byte	64
 2012 07c0 8C       		.byte	-116
 2013 07c1 80       		.byte	-128
 2014 07c2 93       		.byte	-109
 2015 07c3 02       		.byte	2
 2016 07c4 96       		.byte	-106
 2017 07c5 10       		.byte	16
 2018 07c6 99       		.byte	-103
 2019 07c7 01       		.byte	1
 2020 07c8 9A       		.byte	-102
 2021 07c9 80       		.byte	-128
 2022 07ca 9C       		.byte	-100
 2023 07cb 10       		.byte	16
 2024 07cc A4       		.byte	-92
 2025 07cd 40       		.byte	64
 2026 07ce A9       		.byte	-87
 2027 07cf 09       		.byte	9
 2028 07d0 AC       		.byte	-84
 2029 07d1 02       		.byte	2
 2030 07d2 B7       		.byte	-73
 2031 07d3 08       		.byte	8
 2032 07d4 E6       		.byte	-26
 2033 07d5 40       		.byte	64
 2034 07d6 EA       		.byte	-22
 2035 07d7 A0       		.byte	-96
 2036 07d8 EE       		.byte	-18
 2037 07d9 40       		.byte	64
 2038 07da 10       		.byte	16
 2039 07db 10       		.byte	16
 2040 07dc 15       		.byte	21
 2041 07dd 01       		.byte	1
 2042 07de C4       		.byte	-60
 2043 07df 0C       		.byte	12
 2044 07e0 02       		.byte	2
 2045 07e1 24       		.byte	36
 2046 07e2 04       		.byte	4
 2047 07e3 40       		.byte	64
 2048 07e4 05       		.byte	5
 2049 07e5 02       		.byte	2
 2050 07e6 08       		.byte	8
 2051 07e7 80       		.byte	-128
 2052 07e8 09       		.byte	9
ARM GAS  C:\Users\doug_000\AppData\Local\Temp\ccMmqgMQ.s 			page 37


 2053 07e9 01       		.byte	1
 2054 07ea 0C       		.byte	12
 2055 07eb 20       		.byte	32
 2056 07ec 0D       		.byte	13
 2057 07ed 08       		.byte	8
 2058 07ee 82       		.byte	-126
 2059 07ef 04       		.byte	4
 2060 07f0 89       		.byte	-119
 2061 07f1 08       		.byte	8
 2062 07f2 91       		.byte	-111
 2063 07f3 01       		.byte	1
 2064 07f4 98       		.byte	-104
 2065 07f5 10       		.byte	16
 2066 07f6 C0       		.byte	-64
 2067 07f7 0F       		.byte	15
 2068 07f8 C2       		.byte	-62
 2069 07f9 0F       		.byte	15
 2070 07fa E6       		.byte	-26
 2071 07fb 04       		.byte	4
 2072 07fc 90       		.byte	-112
 2073 07fd 40       		.byte	64
 2074 07fe 91       		.byte	-111
 2075 07ff 01       		.byte	1
 2076 0800 98       		.byte	-104
 2077 0801 90       		.byte	-112
 2078 0802 99       		.byte	-103
 2079 0803 02       		.byte	2
 2080 0804 A0       		.byte	-96
 2081 0805 20       		.byte	32
 2082 0806 A1       		.byte	-95
 2083 0807 01       		.byte	1
 2084 0808 AE       		.byte	-82
 2085 0809 20       		.byte	32
 2086 080a 80       		.byte	-128
 2087 080b 80       		.byte	-128
 2088 080c 88       		.byte	-120
 2089 080d 20       		.byte	32
 2090 080e 89       		.byte	-119
 2091 080f 02       		.byte	2
 2092 0810 90       		.byte	-112
 2093 0811 40       		.byte	64
 2094 0812 91       		.byte	-111
 2095 0813 01       		.byte	1
 2096 0814 98       		.byte	-104
 2097 0815 90       		.byte	-112
 2098 0816 99       		.byte	-103
 2099 0817 02       		.byte	2
 2100 0818 A0       		.byte	-96
 2101 0819 20       		.byte	32
 2102 081a A1       		.byte	-95
 2103 081b 01       		.byte	1
 2104 081c E2       		.byte	-30
 2105 081d 01       		.byte	1
 2106 081e E6       		.byte	-26
 2107 081f 04       		.byte	4
 2108 0820 51       		.byte	81
 2109 0821 02       		.byte	2
ARM GAS  C:\Users\doug_000\AppData\Local\Temp\ccMmqgMQ.s 			page 38


 2110 0822 52       		.byte	82
 2111 0823 10       		.byte	16
 2112 0824 55       		.byte	85
 2113 0825 01       		.byte	1
 2114 0826 56       		.byte	86
 2115 0827 80       		.byte	-128
 2116 0828 81       		.byte	-127
 2117 0829 41       		.byte	65
 2118 082a 84       		.byte	-124
 2119 082b 02       		.byte	2
 2120 082c 85       		.byte	-123
 2121 082d 02       		.byte	2
 2122 082e 8A       		.byte	-118
 2123 082f 10       		.byte	16
 2124 0830 8D       		.byte	-115
 2125 0831 20       		.byte	32
 2126 0832 93       		.byte	-109
 2127 0833 02       		.byte	2
 2128 0834 96       		.byte	-106
 2129 0835 10       		.byte	16
 2130 0836 98       		.byte	-104
 2131 0837 80       		.byte	-128
 2132 0838 99       		.byte	-103
 2133 0839 01       		.byte	1
 2134 083a 9A       		.byte	-102
 2135 083b 80       		.byte	-128
 2136 083c D4       		.byte	-44
 2137 083d E0       		.byte	-32
 2138 083e D6       		.byte	-42
 2139 083f 20       		.byte	32
 2140 0840 E2       		.byte	-30
 2141 0841 50       		.byte	80
 2142 0842 E6       		.byte	-26
 2143 0843 A0       		.byte	-96
 2144 0844 50       		.byte	80
 2145 0845 04       		.byte	4
 2146 0846 55       		.byte	85
 2147 0847 20       		.byte	32
 2148 0848 57       		.byte	87
 2149 0849 02       		.byte	2
 2150 084a 58       		.byte	88
 2151 084b 80       		.byte	-128
 2152 084c 59       		.byte	89
 2153 084d 01       		.byte	1
 2154 084e 63       		.byte	99
 2155 084f 20       		.byte	32
 2156 0850 64       		.byte	100
 2157 0851 08       		.byte	8
 2158 0852 67       		.byte	103
 2159 0853 02       		.byte	2
 2160 0854 70       		.byte	112
 2161 0855 02       		.byte	2
 2162 0856 7D       		.byte	125
 2163 0857 40       		.byte	64
 2164 0858 84       		.byte	-124
 2165 0859 08       		.byte	8
 2166 085a 8C       		.byte	-116
ARM GAS  C:\Users\doug_000\AppData\Local\Temp\ccMmqgMQ.s 			page 39


 2167 085b 04       		.byte	4
 2168 085c 91       		.byte	-111
 2169 085d 40       		.byte	64
 2170 085e 93       		.byte	-109
 2171 085f 02       		.byte	2
 2172 0860 98       		.byte	-104
 2173 0861 80       		.byte	-128
 2174 0862 99       		.byte	-103
 2175 0863 01       		.byte	1
 2176 0864 A0       		.byte	-96
 2177 0865 02       		.byte	2
 2178 0866 A1       		.byte	-95
 2179 0867 20       		.byte	32
 2180 0868 A3       		.byte	-93
 2181 0869 12       		.byte	18
 2182 086a AA       		.byte	-86
 2183 086b 10       		.byte	16
 2184 086c AF       		.byte	-81
 2185 086d 02       		.byte	2
 2186 086e B7       		.byte	-73
 2187 086f 10       		.byte	16
 2188 0870 D4       		.byte	-44
 2189 0871 E0       		.byte	-32
 2190 0872 D6       		.byte	-42
 2191 0873 E0       		.byte	-32
 2192 0874 D8       		.byte	-40
 2193 0875 C0       		.byte	-64
 2194 0876 DC       		.byte	-36
 2195 0877 80       		.byte	-128
 2196 0878 DE       		.byte	-34
 2197 0879 20       		.byte	32
 2198 087a E6       		.byte	-26
 2199 087b 10       		.byte	16
 2200 087c EA       		.byte	-22
 2201 087d 90       		.byte	-112
 2202 087e 0A       		.byte	10
 2203 087f 01       		.byte	1
 2204 0880 0C       		.byte	12
 2205 0881 84       		.byte	-124
 2206 0882 10       		.byte	16
 2207 0883 40       		.byte	64
 2208 0884 13       		.byte	19
 2209 0885 20       		.byte	32
 2210 0886 14       		.byte	20
 2211 0887 80       		.byte	-128
 2212 0888 78       		.byte	120
 2213 0889 10       		.byte	16
 2214 088a 7D       		.byte	125
 2215 088b 01       		.byte	1
 2216 088c 80       		.byte	-128
 2217 088d 80       		.byte	-128
 2218 088e 86       		.byte	-122
 2219 088f 40       		.byte	64
 2220 0890 8E       		.byte	-114
 2221 0891 02       		.byte	2
 2222 0892 91       		.byte	-111
 2223 0893 01       		.byte	1
ARM GAS  C:\Users\doug_000\AppData\Local\Temp\ccMmqgMQ.s 			page 40


 2224 0894 95       		.byte	-107
 2225 0895 04       		.byte	4
 2226 0896 98       		.byte	-104
 2227 0897 10       		.byte	16
 2228 0898 A5       		.byte	-91
 2229 0899 40       		.byte	64
 2230 089a A8       		.byte	-88
 2231 089b 40       		.byte	64
 2232 089c AD       		.byte	-83
 2233 089d 44       		.byte	68
 2234 089e B5       		.byte	-75
 2235 089f 01       		.byte	1
 2236 08a0 C2       		.byte	-62
 2237 08a1 07       		.byte	7
 2238 08a2 C4       		.byte	-60
 2239 08a3 0E       		.byte	14
 2240 08a4 DE       		.byte	-34
 2241 08a5 03       		.byte	3
 2242 08a6 E0       		.byte	-32
 2243 08a7 02       		.byte	2
 2244 08a8 EA       		.byte	-22
 2245 08a9 08       		.byte	8
 2246 08aa 01       		.byte	1
 2247 08ab 44       		.byte	68
 2248 08ac 06       		.byte	6
 2249 08ad 40       		.byte	64
 2250 08ae 07       		.byte	7
 2251 08af 04       		.byte	4
 2252 08b0 09       		.byte	9
 2253 08b1 40       		.byte	64
 2254 08b2 66       		.byte	102
 2255 08b3 02       		.byte	2
 2256 08b4 78       		.byte	120
 2257 08b5 40       		.byte	64
 2258 08b6 7C       		.byte	124
 2259 08b7 80       		.byte	-128
 2260 08b8 8F       		.byte	-113
 2261 08b9 04       		.byte	4
 2262 08ba 95       		.byte	-107
 2263 08bb 44       		.byte	68
 2264 08bc 98       		.byte	-104
 2265 08bd C0       		.byte	-64
 2266 08be 9A       		.byte	-102
 2267 08bf 02       		.byte	2
 2268 08c0 9E       		.byte	-98
 2269 08c1 40       		.byte	64
 2270 08c2 A5       		.byte	-91
 2271 08c3 40       		.byte	64
 2272 08c4 A9       		.byte	-87
 2273 08c5 40       		.byte	64
 2274 08c6 AB       		.byte	-85
 2275 08c7 20       		.byte	32
 2276 08c8 AE       		.byte	-82
 2277 08c9 01       		.byte	1
 2278 08ca B0       		.byte	-80
 2279 08cb 04       		.byte	4
 2280 08cc C0       		.byte	-64
ARM GAS  C:\Users\doug_000\AppData\Local\Temp\ccMmqgMQ.s 			page 41


 2281 08cd 0F       		.byte	15
 2282 08ce C2       		.byte	-62
 2283 08cf 02       		.byte	2
 2284 08d0 D8       		.byte	-40
 2285 08d1 01       		.byte	1
 2286 08d2 DC       		.byte	-36
 2287 08d3 01       		.byte	1
 2288 08d4 DE       		.byte	-34
 2289 08d5 04       		.byte	4
 2290 08d6 E6       		.byte	-26
 2291 08d7 08       		.byte	8
 2292 08d8 EE       		.byte	-18
 2293 08d9 01       		.byte	1
 2294 08da 00       		.byte	0
 2295 08db 01       		.byte	1
 2296 08dc 0A       		.byte	10
 2297 08dd 01       		.byte	1
 2298 08de 03       		.byte	3
 2299 08df C0       		.byte	-64
 2300 08e0 26       		.byte	38
 2301 08e1 35       		.byte	53
 2302 08e2 00       		.byte	0
 2303 08e3 00       		.byte	0
 2304 08e4 30       		.byte	48
 2305 08e5 00       		.byte	0
 2306 08e6 00       		.byte	0
 2307 08e7 00       		.byte	0
 2308 08e8 00       		.byte	0
 2309 08e9 FF       		.byte	-1
 2310 08ea FF       		.byte	-1
 2311 08eb 00       		.byte	0
 2312 08ec FF       		.byte	-1
 2313 08ed 00       		.byte	0
 2314 08ee 00       		.byte	0
 2315 08ef 00       		.byte	0
 2316 08f0 30       		.byte	48
 2317 08f1 00       		.byte	0
 2318 08f2 00       		.byte	0
 2319 08f3 0F       		.byte	15
 2320 08f4 3F       		.byte	63
 2321 08f5 00       		.byte	0
 2322 08f6 3F       		.byte	63
 2323 08f7 00       		.byte	0
 2324 08f8 00       		.byte	0
 2325 08f9 00       		.byte	0
 2326 08fa 00       		.byte	0
 2327 08fb 00       		.byte	0
 2328 08fc 00       		.byte	0
 2329 08fd 0F       		.byte	15
 2330 08fe 0F       		.byte	15
 2331 08ff 00       		.byte	0
 2332 0900 0F       		.byte	15
 2333 0901 00       		.byte	0
 2334 0902 00       		.byte	0
 2335 0903 00       		.byte	0
 2336 0904 E0       		.byte	-32
 2337 0905 00       		.byte	0
ARM GAS  C:\Users\doug_000\AppData\Local\Temp\ccMmqgMQ.s 			page 42


 2338 0906 00       		.byte	0
 2339 0907 E0       		.byte	-32
 2340 0908 00       		.byte	0
 2341 0909 00       		.byte	0
 2342 090a 00       		.byte	0
 2343 090b 00       		.byte	0
 2344 090c 00       		.byte	0
 2345 090d 00       		.byte	0
 2346 090e 00       		.byte	0
 2347 090f 00       		.byte	0
 2348 0910 FF       		.byte	-1
 2349 0911 00       		.byte	0
 2350 0912 80       		.byte	-128
 2351 0913 FF       		.byte	-1
 2352 0914 80       		.byte	-128
 2353 0915 00       		.byte	0
 2354 0916 00       		.byte	0
 2355 0917 00       		.byte	0
 2356 0918 00       		.byte	0
 2357 0919 00       		.byte	0
 2358 091a 00       		.byte	0
 2359 091b 00       		.byte	0
 2360 091c 00       		.byte	0
 2361 091d FF       		.byte	-1
 2362 091e FF       		.byte	-1
 2363 091f 00       		.byte	0
 2364 0920 FF       		.byte	-1
 2365 0921 00       		.byte	0
 2366 0922 00       		.byte	0
 2367 0923 00       		.byte	0
 2368 0924 00       		.byte	0
 2369 0925 3F       		.byte	63
 2370 0926 3F       		.byte	63
 2371 0927 00       		.byte	0
 2372 0928 3F       		.byte	63
 2373 0929 00       		.byte	0
 2374 092a 00       		.byte	0
 2375 092b 00       		.byte	0
 2376 092c 0D       		.byte	13
 2377 092d 00       		.byte	0
 2378 092e 42       		.byte	66
 2379 092f 1D       		.byte	29
 2380 0930 10       		.byte	16
 2381 0931 00       		.byte	0
 2382 0932 10       		.byte	16
 2383 0933 00       		.byte	0
 2384 0934 00       		.byte	0
 2385 0935 00       		.byte	0
 2386 0936 00       		.byte	0
 2387 0937 00       		.byte	0
 2388              		.section	.cywolatch,"a",%progbits
 2389              		.align	2
 2390              		.type	cy_meta_wonvl, %object
 2391              		.size	cy_meta_wonvl, 4
 2392              	cy_meta_wonvl:
 2393 0000 BC       		.byte	-68
 2394 0001 90       		.byte	-112
ARM GAS  C:\Users\doug_000\AppData\Local\Temp\ccMmqgMQ.s 			page 43


 2395 0002 AC       		.byte	-84
 2396 0003 AF       		.byte	-81
 2397              		.section	.cycustnvl,"a",%progbits
 2398              		.align	2
 2399              		.type	cy_meta_custnvl, %object
 2400              		.size	cy_meta_custnvl, 4
 2401              	cy_meta_custnvl:
 2402 0000 00       		.byte	0
 2403 0001 00       		.byte	0
 2404 0002 40       		.byte	64
 2405 0003 05       		.byte	5
 2406              		.section	.cymeta,"a",%progbits
 2407              		.align	2
 2408              		.type	cy_metadata, %object
 2409              		.size	cy_metadata, 12
 2410              	cy_metadata:
 2411 0000 00       		.byte	0
 2412 0001 01       		.byte	1
 2413 0002 2E       		.byte	46
 2414 0003 13       		.byte	19
 2415 0004 30       		.byte	48
 2416 0005 69       		.byte	105
 2417 0006 00       		.byte	0
 2418 0007 01       		.byte	1
 2419 0008 00       		.byte	0
 2420 0009 00       		.byte	0
 2421 000a 00       		.byte	0
 2422 000b 00       		.byte	0
 2423              		.section	.cyflashprotect,"a",%progbits
 2424              		.align	2
 2425              		.type	cy_meta_flashprotect, %object
 2426              		.size	cy_meta_flashprotect, 128
 2427              	cy_meta_flashprotect:
 2428 0000 00000000 		.space	128
 2428      00000000 
 2428      00000000 
 2428      00000000 
 2428      00000000 
 2429              		.text
 2430              	.Letext0:
 2431              		.file 1 ".\\Generated_Source\\PSoC5\\cymetadata.c"
 2432              		.file 2 ".\\Generated_Source\\PSoC5\\cytypes.h"
 2433              		.section	.debug_info,"",%progbits
 2434              	.Ldebug_info0:
 2435 0000 3A010000 		.4byte	0x13a
 2436 0004 0400     		.2byte	0x4
 2437 0006 00000000 		.4byte	.Ldebug_abbrev0
 2438 000a 04       		.byte	0x4
 2439 000b 01       		.uleb128 0x1
 2440 000c 94000000 		.4byte	.LASF18
 2441 0010 01       		.byte	0x1
 2442 0011 00000000 		.4byte	.LASF19
 2443 0015 85010000 		.4byte	.LASF20
 2444 0019 00000000 		.4byte	.Ldebug_line0
 2445 001d 02       		.uleb128 0x2
 2446 001e 01       		.byte	0x1
 2447 001f 06       		.byte	0x6
ARM GAS  C:\Users\doug_000\AppData\Local\Temp\ccMmqgMQ.s 			page 44


 2448 0020 E4010000 		.4byte	.LASF0
 2449 0024 02       		.uleb128 0x2
 2450 0025 01       		.byte	0x1
 2451 0026 08       		.byte	0x8
 2452 0027 38000000 		.4byte	.LASF1
 2453 002b 02       		.uleb128 0x2
 2454 002c 02       		.byte	0x2
 2455 002d 05       		.byte	0x5
 2456 002e CB010000 		.4byte	.LASF2
 2457 0032 02       		.uleb128 0x2
 2458 0033 02       		.byte	0x2
 2459 0034 07       		.byte	0x7
 2460 0035 58000000 		.4byte	.LASF3
 2461 0039 02       		.uleb128 0x2
 2462 003a 04       		.byte	0x4
 2463 003b 05       		.byte	0x5
 2464 003c DB010000 		.4byte	.LASF4
 2465 0040 02       		.uleb128 0x2
 2466 0041 04       		.byte	0x4
 2467 0042 07       		.byte	0x7
 2468 0043 46000000 		.4byte	.LASF5
 2469 0047 02       		.uleb128 0x2
 2470 0048 08       		.byte	0x8
 2471 0049 05       		.byte	0x5
 2472 004a 72010000 		.4byte	.LASF6
 2473 004e 02       		.uleb128 0x2
 2474 004f 08       		.byte	0x8
 2475 0050 07       		.byte	0x7
 2476 0051 2F010000 		.4byte	.LASF7
 2477 0055 03       		.uleb128 0x3
 2478 0056 04       		.byte	0x4
 2479 0057 05       		.byte	0x5
 2480 0058 696E7400 		.ascii	"int\000"
 2481 005c 02       		.uleb128 0x2
 2482 005d 04       		.byte	0x4
 2483 005e 07       		.byte	0x7
 2484 005f 22010000 		.4byte	.LASF8
 2485 0063 04       		.uleb128 0x4
 2486 0064 D5010000 		.4byte	.LASF21
 2487 0068 02       		.byte	0x2
 2488 0069 C2       		.byte	0xc2
 2489 006a 24000000 		.4byte	0x24
 2490 006e 02       		.uleb128 0x2
 2491 006f 04       		.byte	0x4
 2492 0070 04       		.byte	0x4
 2493 0071 32000000 		.4byte	.LASF9
 2494 0075 02       		.uleb128 0x2
 2495 0076 08       		.byte	0x8
 2496 0077 04       		.byte	0x4
 2497 0078 6B000000 		.4byte	.LASF10
 2498 007c 02       		.uleb128 0x2
 2499 007d 01       		.byte	0x1
 2500 007e 08       		.byte	0x8
 2501 007f 80010000 		.4byte	.LASF11
 2502 0083 05       		.uleb128 0x5
 2503 0084 63000000 		.4byte	0x63
 2504 0088 94000000 		.4byte	0x94
ARM GAS  C:\Users\doug_000\AppData\Local\Temp\ccMmqgMQ.s 			page 45


 2505 008c 06       		.uleb128 0x6
 2506 008d 94000000 		.4byte	0x94
 2507 0091 3709     		.2byte	0x937
 2508 0093 00       		.byte	0
 2509 0094 02       		.uleb128 0x2
 2510 0095 04       		.byte	0x4
 2511 0096 07       		.byte	0x7
 2512 0097 69010000 		.4byte	.LASF12
 2513 009b 07       		.uleb128 0x7
 2514 009c 82000000 		.4byte	.LASF13
 2515 00a0 01       		.byte	0x1
 2516 00a1 1F       		.byte	0x1f
 2517 00a2 AC000000 		.4byte	0xac
 2518 00a6 05       		.uleb128 0x5
 2519 00a7 03       		.byte	0x3
 2520 00a8 00000000 		.4byte	cy_meta_configecc
 2521 00ac 08       		.uleb128 0x8
 2522 00ad 83000000 		.4byte	0x83
 2523 00b1 05       		.uleb128 0x5
 2524 00b2 63000000 		.4byte	0x63
 2525 00b6 C1000000 		.4byte	0xc1
 2526 00ba 09       		.uleb128 0x9
 2527 00bb 94000000 		.4byte	0x94
 2528 00bf 03       		.byte	0x3
 2529 00c0 00       		.byte	0
 2530 00c1 0A       		.uleb128 0xa
 2531 00c2 72000000 		.4byte	.LASF14
 2532 00c6 01       		.byte	0x1
 2533 00c7 5301     		.2byte	0x153
 2534 00c9 D3000000 		.4byte	0xd3
 2535 00cd 05       		.uleb128 0x5
 2536 00ce 03       		.byte	0x3
 2537 00cf 00000000 		.4byte	cy_meta_custnvl
 2538 00d3 08       		.uleb128 0x8
 2539 00d4 B1000000 		.4byte	0xb1
 2540 00d8 0A       		.uleb128 0xa
 2541 00d9 5B010000 		.4byte	.LASF15
 2542 00dd 01       		.byte	0x1
 2543 00de 6101     		.2byte	0x161
 2544 00e0 EA000000 		.4byte	0xea
 2545 00e4 05       		.uleb128 0x5
 2546 00e5 03       		.byte	0x3
 2547 00e6 00000000 		.4byte	cy_meta_wonvl
 2548 00ea 08       		.uleb128 0x8
 2549 00eb B1000000 		.4byte	0xb1
 2550 00ef 05       		.uleb128 0x5
 2551 00f0 63000000 		.4byte	0x63
 2552 00f4 FF000000 		.4byte	0xff
 2553 00f8 09       		.uleb128 0x9
 2554 00f9 94000000 		.4byte	0x94
 2555 00fd 7F       		.byte	0x7f
 2556 00fe 00       		.byte	0
 2557 00ff 0A       		.uleb128 0xa
 2558 0100 46010000 		.4byte	.LASF16
 2559 0104 01       		.byte	0x1
 2560 0105 6F01     		.2byte	0x16f
 2561 0107 11010000 		.4byte	0x111
ARM GAS  C:\Users\doug_000\AppData\Local\Temp\ccMmqgMQ.s 			page 46


 2562 010b 05       		.uleb128 0x5
 2563 010c 03       		.byte	0x3
 2564 010d 00000000 		.4byte	cy_meta_flashprotect
 2565 0111 08       		.uleb128 0x8
 2566 0112 EF000000 		.4byte	0xef
 2567 0116 05       		.uleb128 0x5
 2568 0117 63000000 		.4byte	0x63
 2569 011b 26010000 		.4byte	0x126
 2570 011f 09       		.uleb128 0x9
 2571 0120 94000000 		.4byte	0x94
 2572 0124 0B       		.byte	0xb
 2573 0125 00       		.byte	0
 2574 0126 0A       		.uleb128 0xa
 2575 0127 26000000 		.4byte	.LASF17
 2576 012b 01       		.byte	0x1
 2577 012c 8C01     		.2byte	0x18c
 2578 012e 38010000 		.4byte	0x138
 2579 0132 05       		.uleb128 0x5
 2580 0133 03       		.byte	0x3
 2581 0134 00000000 		.4byte	cy_metadata
 2582 0138 08       		.uleb128 0x8
 2583 0139 16010000 		.4byte	0x116
 2584 013d 00       		.byte	0
 2585              		.section	.debug_abbrev,"",%progbits
 2586              	.Ldebug_abbrev0:
 2587 0000 01       		.uleb128 0x1
 2588 0001 11       		.uleb128 0x11
 2589 0002 01       		.byte	0x1
 2590 0003 25       		.uleb128 0x25
 2591 0004 0E       		.uleb128 0xe
 2592 0005 13       		.uleb128 0x13
 2593 0006 0B       		.uleb128 0xb
 2594 0007 03       		.uleb128 0x3
 2595 0008 0E       		.uleb128 0xe
 2596 0009 1B       		.uleb128 0x1b
 2597 000a 0E       		.uleb128 0xe
 2598 000b 10       		.uleb128 0x10
 2599 000c 17       		.uleb128 0x17
 2600 000d 00       		.byte	0
 2601 000e 00       		.byte	0
 2602 000f 02       		.uleb128 0x2
 2603 0010 24       		.uleb128 0x24
 2604 0011 00       		.byte	0
 2605 0012 0B       		.uleb128 0xb
 2606 0013 0B       		.uleb128 0xb
 2607 0014 3E       		.uleb128 0x3e
 2608 0015 0B       		.uleb128 0xb
 2609 0016 03       		.uleb128 0x3
 2610 0017 0E       		.uleb128 0xe
 2611 0018 00       		.byte	0
 2612 0019 00       		.byte	0
 2613 001a 03       		.uleb128 0x3
 2614 001b 24       		.uleb128 0x24
 2615 001c 00       		.byte	0
 2616 001d 0B       		.uleb128 0xb
 2617 001e 0B       		.uleb128 0xb
 2618 001f 3E       		.uleb128 0x3e
ARM GAS  C:\Users\doug_000\AppData\Local\Temp\ccMmqgMQ.s 			page 47


 2619 0020 0B       		.uleb128 0xb
 2620 0021 03       		.uleb128 0x3
 2621 0022 08       		.uleb128 0x8
 2622 0023 00       		.byte	0
 2623 0024 00       		.byte	0
 2624 0025 04       		.uleb128 0x4
 2625 0026 16       		.uleb128 0x16
 2626 0027 00       		.byte	0
 2627 0028 03       		.uleb128 0x3
 2628 0029 0E       		.uleb128 0xe
 2629 002a 3A       		.uleb128 0x3a
 2630 002b 0B       		.uleb128 0xb
 2631 002c 3B       		.uleb128 0x3b
 2632 002d 0B       		.uleb128 0xb
 2633 002e 49       		.uleb128 0x49
 2634 002f 13       		.uleb128 0x13
 2635 0030 00       		.byte	0
 2636 0031 00       		.byte	0
 2637 0032 05       		.uleb128 0x5
 2638 0033 01       		.uleb128 0x1
 2639 0034 01       		.byte	0x1
 2640 0035 49       		.uleb128 0x49
 2641 0036 13       		.uleb128 0x13
 2642 0037 01       		.uleb128 0x1
 2643 0038 13       		.uleb128 0x13
 2644 0039 00       		.byte	0
 2645 003a 00       		.byte	0
 2646 003b 06       		.uleb128 0x6
 2647 003c 21       		.uleb128 0x21
 2648 003d 00       		.byte	0
 2649 003e 49       		.uleb128 0x49
 2650 003f 13       		.uleb128 0x13
 2651 0040 2F       		.uleb128 0x2f
 2652 0041 05       		.uleb128 0x5
 2653 0042 00       		.byte	0
 2654 0043 00       		.byte	0
 2655 0044 07       		.uleb128 0x7
 2656 0045 34       		.uleb128 0x34
 2657 0046 00       		.byte	0
 2658 0047 03       		.uleb128 0x3
 2659 0048 0E       		.uleb128 0xe
 2660 0049 3A       		.uleb128 0x3a
 2661 004a 0B       		.uleb128 0xb
 2662 004b 3B       		.uleb128 0x3b
 2663 004c 0B       		.uleb128 0xb
 2664 004d 49       		.uleb128 0x49
 2665 004e 13       		.uleb128 0x13
 2666 004f 3F       		.uleb128 0x3f
 2667 0050 19       		.uleb128 0x19
 2668 0051 02       		.uleb128 0x2
 2669 0052 18       		.uleb128 0x18
 2670 0053 00       		.byte	0
 2671 0054 00       		.byte	0
 2672 0055 08       		.uleb128 0x8
 2673 0056 26       		.uleb128 0x26
 2674 0057 00       		.byte	0
 2675 0058 49       		.uleb128 0x49
ARM GAS  C:\Users\doug_000\AppData\Local\Temp\ccMmqgMQ.s 			page 48


 2676 0059 13       		.uleb128 0x13
 2677 005a 00       		.byte	0
 2678 005b 00       		.byte	0
 2679 005c 09       		.uleb128 0x9
 2680 005d 21       		.uleb128 0x21
 2681 005e 00       		.byte	0
 2682 005f 49       		.uleb128 0x49
 2683 0060 13       		.uleb128 0x13
 2684 0061 2F       		.uleb128 0x2f
 2685 0062 0B       		.uleb128 0xb
 2686 0063 00       		.byte	0
 2687 0064 00       		.byte	0
 2688 0065 0A       		.uleb128 0xa
 2689 0066 34       		.uleb128 0x34
 2690 0067 00       		.byte	0
 2691 0068 03       		.uleb128 0x3
 2692 0069 0E       		.uleb128 0xe
 2693 006a 3A       		.uleb128 0x3a
 2694 006b 0B       		.uleb128 0xb
 2695 006c 3B       		.uleb128 0x3b
 2696 006d 05       		.uleb128 0x5
 2697 006e 49       		.uleb128 0x49
 2698 006f 13       		.uleb128 0x13
 2699 0070 3F       		.uleb128 0x3f
 2700 0071 19       		.uleb128 0x19
 2701 0072 02       		.uleb128 0x2
 2702 0073 18       		.uleb128 0x18
 2703 0074 00       		.byte	0
 2704 0075 00       		.byte	0
 2705 0076 00       		.byte	0
 2706              		.section	.debug_aranges,"",%progbits
 2707 0000 14000000 		.4byte	0x14
 2708 0004 0200     		.2byte	0x2
 2709 0006 00000000 		.4byte	.Ldebug_info0
 2710 000a 04       		.byte	0x4
 2711 000b 00       		.byte	0
 2712 000c 0000     		.2byte	0
 2713 000e 0000     		.2byte	0
 2714 0010 00000000 		.4byte	0
 2715 0014 00000000 		.4byte	0
 2716              		.section	.debug_line,"",%progbits
 2717              	.Ldebug_line0:
 2718 0000 4F000000 		.section	.debug_str,"MS",%progbits,1
 2718      02004900 
 2718      00000201 
 2718      FB0E0D00 
 2718      01010101 
 2719              	.LASF19:
 2720 0000 2E5C4765 		.ascii	".\\Generated_Source\\PSoC5\\cymetadata.c\000"
 2720      6E657261 
 2720      7465645F 
 2720      536F7572 
 2720      63655C50 
 2721              	.LASF17:
 2722 0026 63795F6D 		.ascii	"cy_metadata\000"
 2722      65746164 
 2722      61746100 
ARM GAS  C:\Users\doug_000\AppData\Local\Temp\ccMmqgMQ.s 			page 49


 2723              	.LASF9:
 2724 0032 666C6F61 		.ascii	"float\000"
 2724      7400
 2725              	.LASF1:
 2726 0038 756E7369 		.ascii	"unsigned char\000"
 2726      676E6564 
 2726      20636861 
 2726      7200
 2727              	.LASF5:
 2728 0046 6C6F6E67 		.ascii	"long unsigned int\000"
 2728      20756E73 
 2728      69676E65 
 2728      6420696E 
 2728      7400
 2729              	.LASF3:
 2730 0058 73686F72 		.ascii	"short unsigned int\000"
 2730      7420756E 
 2730      7369676E 
 2730      65642069 
 2730      6E7400
 2731              	.LASF10:
 2732 006b 646F7562 		.ascii	"double\000"
 2732      6C6500
 2733              	.LASF14:
 2734 0072 63795F6D 		.ascii	"cy_meta_custnvl\000"
 2734      6574615F 
 2734      63757374 
 2734      6E766C00 
 2735              	.LASF13:
 2736 0082 63795F6D 		.ascii	"cy_meta_configecc\000"
 2736      6574615F 
 2736      636F6E66 
 2736      69676563 
 2736      6300
 2737              	.LASF18:
 2738 0094 474E5520 		.ascii	"GNU C 4.9.3 20150303 (release) [ARM/embedded-4_9-br"
 2738      4320342E 
 2738      392E3320 
 2738      32303135 
 2738      30333033 
 2739 00c7 616E6368 		.ascii	"anch revision 221220] -mcpu=cortex-m3 -mthumb -g -O"
 2739      20726576 
 2739      6973696F 
 2739      6E203232 
 2739      31323230 
 2740 00fa 67202D66 		.ascii	"g -ffunction-sections -ffat-lto-objects\000"
 2740      66756E63 
 2740      74696F6E 
 2740      2D736563 
 2740      74696F6E 
 2741              	.LASF8:
 2742 0122 756E7369 		.ascii	"unsigned int\000"
 2742      676E6564 
 2742      20696E74 
 2742      00
 2743              	.LASF7:
 2744 012f 6C6F6E67 		.ascii	"long long unsigned int\000"
ARM GAS  C:\Users\doug_000\AppData\Local\Temp\ccMmqgMQ.s 			page 50


 2744      206C6F6E 
 2744      6720756E 
 2744      7369676E 
 2744      65642069 
 2745              	.LASF16:
 2746 0146 63795F6D 		.ascii	"cy_meta_flashprotect\000"
 2746      6574615F 
 2746      666C6173 
 2746      6870726F 
 2746      74656374 
 2747              	.LASF15:
 2748 015b 63795F6D 		.ascii	"cy_meta_wonvl\000"
 2748      6574615F 
 2748      776F6E76 
 2748      6C00
 2749              	.LASF12:
 2750 0169 73697A65 		.ascii	"sizetype\000"
 2750      74797065 
 2750      00
 2751              	.LASF6:
 2752 0172 6C6F6E67 		.ascii	"long long int\000"
 2752      206C6F6E 
 2752      6720696E 
 2752      7400
 2753              	.LASF11:
 2754 0180 63686172 		.ascii	"char\000"
 2754      00
 2755              	.LASF20:
 2756 0185 433A5C55 		.ascii	"C:\\Users\\doug_000\\Documents\\GitHub\\LB-RPPSOC\\"
 2756      73657273 
 2756      5C646F75 
 2756      675F3030 
 2756      305C446F 
 2757 01b2 52505053 		.ascii	"RPPSOC-GPIO18Blink.cydsn\000"
 2757      4F432D47 
 2757      50494F31 
 2757      38426C69 
 2757      6E6B2E63 
 2758              	.LASF2:
 2759 01cb 73686F72 		.ascii	"short int\000"
 2759      7420696E 
 2759      7400
 2760              	.LASF21:
 2761 01d5 75696E74 		.ascii	"uint8\000"
 2761      3800
 2762              	.LASF4:
 2763 01db 6C6F6E67 		.ascii	"long int\000"
 2763      20696E74 
 2763      00
 2764              	.LASF0:
 2765 01e4 7369676E 		.ascii	"signed char\000"
 2765      65642063 
 2765      68617200 
 2766              		.ident	"GCC: (GNU Tools for ARM Embedded Processors) 4.9.3 20150303 (release) [ARM/embedded-4_9-br
