ARM GAS  C:\Users\doug_000\AppData\Local\Temp\ccRKYtFR.s 			page 1


   1              		.syntax unified
   2              		.cpu cortex-m3
   3              		.fpu softvfp
   4              		.eabi_attribute 20, 1
   5              		.eabi_attribute 21, 1
   6              		.eabi_attribute 23, 3
   7              		.eabi_attribute 24, 1
   8              		.eabi_attribute 25, 1
   9              		.eabi_attribute 26, 1
  10              		.eabi_attribute 30, 1
  11              		.eabi_attribute 34, 1
  12              		.eabi_attribute 18, 4
  13              		.thumb
  14              		.file	"main.c"
  15              		.text
  16              	.Ltext0:
  17              		.cfi_sections	.debug_frame
  18              		.section	.text.main,"ax",%progbits
  19              		.align	2
  20              		.global	main
  21              		.thumb
  22              		.thumb_func
  23              		.type	main, %function
  24              	main:
  25              	.LFB63:
  26              		.file 1 ".\\main.c"
   1:.\main.c      **** /* ========================================
   2:.\main.c      **** *
   3:.\main.c      **** * Copyright YOUR COMPANY, THE YEAR
   4:.\main.c      **** * All Rights Reserved
   5:.\main.c      **** * UNPUBLISHED, LICENSED SOFTWARE.
   6:.\main.c      **** *
   7:.\main.c      **** * CONFIDENTIAL AND PROPRIETARY INFORMATION
   8:.\main.c      **** * WHICH IS THE PROPERTY OF your company.
   9:.\main.c      **** *
  10:.\main.c      **** * ========================================
  11:.\main.c      **** */
  12:.\main.c      **** #include <project.h>
  13:.\main.c      **** 
  14:.\main.c      **** int main()
  15:.\main.c      **** {
  27              		.loc 1 15 0
  28              		.cfi_startproc
  29              		@ args = 0, pretend = 0, frame = 16
  30              		@ frame_needed = 0, uses_anonymous_args = 0
  31 0000 10B5     		push	{r4, lr}
  32              		.cfi_def_cfa_offset 8
  33              		.cfi_offset 4, -8
  34              		.cfi_offset 14, -4
  35 0002 84B0     		sub	sp, sp, #16
  36              		.cfi_def_cfa_offset 24
  16:.\main.c      **** 	uint8 wrBuf[10];
  17:.\main.c      **** 	uint8 userArray[10];
  18:.\main.c      **** 	uint8 byteCnt;
  19:.\main.c      ****     uint32 i;
  20:.\main.c      **** 	CyGlobalIntEnable; /* Enable global interrupts. */
  37              		.loc 1 20 0
ARM GAS  C:\Users\doug_000\AppData\Local\Temp\ccRKYtFR.s 			page 2


  38              	@ 20 ".\main.c" 1
  39 0004 62B6     		CPSIE   i
  40              	@ 0 "" 2
  21:.\main.c      **** 	/* Initialize write buffer before call I2C_Start */
  22:.\main.c      **** 	I2C_1_SlaveInitWriteBuf((uint8 *) wrBuf, 10);
  41              		.loc 1 22 0
  42              		.thumb
  43 0006 01A8     		add	r0, sp, #4
  44 0008 0A21     		movs	r1, #10
  45 000a FFF7FEFF 		bl	I2C_1_SlaveInitWriteBuf
  46              	.LVL0:
  23:.\main.c      **** 	/* Start I2C Slave operation */
  24:.\main.c      **** 	I2C_1_Start();
  47              		.loc 1 24 0
  48 000e FFF7FEFF 		bl	I2C_1_Start
  49              	.LVL1:
  50              	.L2:
  25:.\main.c      **** 	/* Wait for I2C master to complete a write */
  26:.\main.c      **** 	for(;;) /* loop forever */
  27:.\main.c      **** 	{
  28:.\main.c      **** 		/* Wait for I2C master to complete a write */
  29:.\main.c      **** 		if(0u != (I2C_1_SlaveStatus() & I2C_1_SSTAT_WR_CMPLT))
  51              		.loc 1 29 0
  52 0012 FFF7FEFF 		bl	I2C_1_SlaveStatus
  53              	.LVL2:
  54 0016 10F0100F 		tst	r0, #16
  55 001a FAD0     		beq	.L2
  30:.\main.c      **** 		{
  31:.\main.c      **** 			byteCnt = I2C_1_SlaveGetWriteBufSize();
  56              		.loc 1 31 0
  57 001c FFF7FEFF 		bl	I2C_1_SlaveGetWriteBufSize
  58              	.LVL3:
  59 0020 0446     		mov	r4, r0
  60              	.LVL4:
  32:.\main.c      **** 			I2C_1_SlaveClearWriteStatus();
  61              		.loc 1 32 0
  62 0022 FFF7FEFF 		bl	I2C_1_SlaveClearWriteStatus
  63              	.LVL5:
  33:.\main.c      **** 			for(i=0; i < byteCnt; i++)
  64              		.loc 1 33 0
  65 0026 0023     		movs	r3, #0
  66 0028 00E0     		b	.L3
  67              	.LVL6:
  68              	.L4:
  69              		.loc 1 33 0 is_stmt 0 discriminator 3
  70 002a 0133     		adds	r3, r3, #1
  71              	.LVL7:
  72              	.L3:
  73              		.loc 1 33 0 discriminator 1
  74 002c 9C42     		cmp	r4, r3
  75 002e FCD8     		bhi	.L4
  34:.\main.c      **** 			{
  35:.\main.c      **** 				userArray[i] = wrBuf[i]; /* Transfer data */
  36:.\main.c      **** 			}
  37:.\main.c      **** 			I2C_1_SlaveClearWriteBuf();
  76              		.loc 1 37 0 is_stmt 1
  77 0030 FFF7FEFF 		bl	I2C_1_SlaveClearWriteBuf
ARM GAS  C:\Users\doug_000\AppData\Local\Temp\ccRKYtFR.s 			page 3


  78              	.LVL8:
  79 0034 EDE7     		b	.L2
  80              		.cfi_endproc
  81              	.LFE63:
  82              		.size	main, .-main
  83 0036 00BF     		.text
  84              	.Letext0:
  85              		.file 2 "c:\\program files (x86)\\cypress\\psoc creator\\3.3\\psoc creator\\import\\gnu\\arm\\4.9.
  86              		.file 3 "c:\\program files (x86)\\cypress\\psoc creator\\3.3\\psoc creator\\import\\gnu\\arm\\4.9.
  87              		.file 4 "Generated_Source\\PSoC5/cytypes.h"
  88              		.file 5 "Generated_Source\\PSoC5/I2C_1.h"
  89              		.file 6 "Generated_Source\\PSoC5/core_cm3.h"
  90              		.section	.debug_info,"",%progbits
  91              	.Ldebug_info0:
  92 0000 AF010000 		.4byte	0x1af
  93 0004 0400     		.2byte	0x4
  94 0006 00000000 		.4byte	.Ldebug_abbrev0
  95 000a 04       		.byte	0x4
  96 000b 01       		.uleb128 0x1
  97 000c E9000000 		.4byte	.LASF24
  98 0010 01       		.byte	0x1
  99 0011 8B000000 		.4byte	.LASF25
 100 0015 CC010000 		.4byte	.LASF26
 101 0019 00000000 		.4byte	.Ldebug_ranges0+0
 102 001d 00000000 		.4byte	0
 103 0021 00000000 		.4byte	.Ldebug_line0
 104 0025 02       		.uleb128 0x2
 105 0026 01       		.byte	0x1
 106 0027 06       		.byte	0x6
 107 0028 37020000 		.4byte	.LASF0
 108 002c 02       		.uleb128 0x2
 109 002d 01       		.byte	0x1
 110 002e 08       		.byte	0x8
 111 002f 7D000000 		.4byte	.LASF1
 112 0033 02       		.uleb128 0x2
 113 0034 02       		.byte	0x2
 114 0035 05       		.byte	0x5
 115 0036 1E020000 		.4byte	.LASF2
 116 003a 02       		.uleb128 0x2
 117 003b 02       		.byte	0x2
 118 003c 07       		.byte	0x7
 119 003d 2D000000 		.4byte	.LASF3
 120 0041 03       		.uleb128 0x3
 121 0042 23000000 		.4byte	.LASF9
 122 0046 02       		.byte	0x2
 123 0047 3F       		.byte	0x3f
 124 0048 4C000000 		.4byte	0x4c
 125 004c 02       		.uleb128 0x2
 126 004d 04       		.byte	0x4
 127 004e 05       		.byte	0x5
 128 004f 2E020000 		.4byte	.LASF4
 129 0053 02       		.uleb128 0x2
 130 0054 04       		.byte	0x4
 131 0055 07       		.byte	0x7
 132 0056 94000000 		.4byte	.LASF5
 133 005a 02       		.uleb128 0x2
 134 005b 08       		.byte	0x8
ARM GAS  C:\Users\doug_000\AppData\Local\Temp\ccRKYtFR.s 			page 4


 135 005c 05       		.byte	0x5
 136 005d B9010000 		.4byte	.LASF6
 137 0061 02       		.uleb128 0x2
 138 0062 08       		.byte	0x8
 139 0063 07       		.byte	0x7
 140 0064 84010000 		.4byte	.LASF7
 141 0068 04       		.uleb128 0x4
 142 0069 04       		.byte	0x4
 143 006a 05       		.byte	0x5
 144 006b 696E7400 		.ascii	"int\000"
 145 006f 02       		.uleb128 0x2
 146 0070 04       		.byte	0x4
 147 0071 07       		.byte	0x7
 148 0072 77010000 		.4byte	.LASF8
 149 0076 03       		.uleb128 0x3
 150 0077 A8010000 		.4byte	.LASF10
 151 007b 03       		.byte	0x3
 152 007c 2C       		.byte	0x2c
 153 007d 41000000 		.4byte	0x41
 154 0081 03       		.uleb128 0x3
 155 0082 28020000 		.4byte	.LASF11
 156 0086 04       		.byte	0x4
 157 0087 C2       		.byte	0xc2
 158 0088 2C000000 		.4byte	0x2c
 159 008c 03       		.uleb128 0x3
 160 008d E2000000 		.4byte	.LASF12
 161 0091 04       		.byte	0x4
 162 0092 C4       		.byte	0xc4
 163 0093 53000000 		.4byte	0x53
 164 0097 02       		.uleb128 0x2
 165 0098 04       		.byte	0x4
 166 0099 04       		.byte	0x4
 167 009a 77000000 		.4byte	.LASF13
 168 009e 02       		.uleb128 0x2
 169 009f 08       		.byte	0x8
 170 00a0 04       		.byte	0x4
 171 00a1 D6000000 		.4byte	.LASF14
 172 00a5 02       		.uleb128 0x2
 173 00a6 01       		.byte	0x1
 174 00a7 08       		.byte	0x8
 175 00a8 C7010000 		.4byte	.LASF15
 176 00ac 02       		.uleb128 0x2
 177 00ad 04       		.byte	0x4
 178 00ae 07       		.byte	0x7
 179 00af B0010000 		.4byte	.LASF16
 180 00b3 05       		.uleb128 0x5
 181 00b4 DD000000 		.4byte	.LASF27
 182 00b8 01       		.byte	0x1
 183 00b9 0E       		.byte	0xe
 184 00ba 68000000 		.4byte	0x68
 185 00be 00000000 		.4byte	.LFB63
 186 00c2 36000000 		.4byte	.LFE63-.LFB63
 187 00c6 01       		.uleb128 0x1
 188 00c7 9C       		.byte	0x9c
 189 00c8 46010000 		.4byte	0x146
 190 00cc 06       		.uleb128 0x6
 191 00cd D0000000 		.4byte	.LASF17
ARM GAS  C:\Users\doug_000\AppData\Local\Temp\ccRKYtFR.s 			page 5


 192 00d1 01       		.byte	0x1
 193 00d2 10       		.byte	0x10
 194 00d3 46010000 		.4byte	0x146
 195 00d7 02       		.uleb128 0x2
 196 00d8 91       		.byte	0x91
 197 00d9 6C       		.sleb128 -20
 198 00da 07       		.uleb128 0x7
 199 00db 00000000 		.4byte	.LASF28
 200 00df 01       		.byte	0x1
 201 00e0 11       		.byte	0x11
 202 00e1 46010000 		.4byte	0x146
 203 00e5 06       		.uleb128 0x6
 204 00e6 43020000 		.4byte	.LASF18
 205 00ea 01       		.byte	0x1
 206 00eb 12       		.byte	0x12
 207 00ec 81000000 		.4byte	0x81
 208 00f0 01       		.uleb128 0x1
 209 00f1 54       		.byte	0x54
 210 00f2 08       		.uleb128 0x8
 211 00f3 6900     		.ascii	"i\000"
 212 00f5 01       		.byte	0x1
 213 00f6 13       		.byte	0x13
 214 00f7 8C000000 		.4byte	0x8c
 215 00fb 00000000 		.4byte	.LLST0
 216 00ff 09       		.uleb128 0x9
 217 0100 0E000000 		.4byte	.LVL0
 218 0104 67010000 		.4byte	0x167
 219 0108 18010000 		.4byte	0x118
 220 010c 0A       		.uleb128 0xa
 221 010d 01       		.uleb128 0x1
 222 010e 51       		.byte	0x51
 223 010f 01       		.uleb128 0x1
 224 0110 3A       		.byte	0x3a
 225 0111 0A       		.uleb128 0xa
 226 0112 01       		.uleb128 0x1
 227 0113 50       		.byte	0x50
 228 0114 02       		.uleb128 0x2
 229 0115 91       		.byte	0x91
 230 0116 6C       		.sleb128 -20
 231 0117 00       		.byte	0
 232 0118 0B       		.uleb128 0xb
 233 0119 12000000 		.4byte	.LVL1
 234 011d 83010000 		.4byte	0x183
 235 0121 0B       		.uleb128 0xb
 236 0122 16000000 		.4byte	.LVL2
 237 0126 8A010000 		.4byte	0x18a
 238 012a 0B       		.uleb128 0xb
 239 012b 20000000 		.4byte	.LVL3
 240 012f 95010000 		.4byte	0x195
 241 0133 0B       		.uleb128 0xb
 242 0134 26000000 		.4byte	.LVL5
 243 0138 A0010000 		.4byte	0x1a0
 244 013c 0B       		.uleb128 0xb
 245 013d 34000000 		.4byte	.LVL8
 246 0141 AB010000 		.4byte	0x1ab
 247 0145 00       		.byte	0
 248 0146 0C       		.uleb128 0xc
ARM GAS  C:\Users\doug_000\AppData\Local\Temp\ccRKYtFR.s 			page 6


 249 0147 81000000 		.4byte	0x81
 250 014b 56010000 		.4byte	0x156
 251 014f 0D       		.uleb128 0xd
 252 0150 AC000000 		.4byte	0xac
 253 0154 09       		.byte	0x9
 254 0155 00       		.byte	0
 255 0156 0E       		.uleb128 0xe
 256 0157 9B010000 		.4byte	.LASF29
 257 015b 06       		.byte	0x6
 258 015c 2A06     		.2byte	0x62a
 259 015e 62010000 		.4byte	0x162
 260 0162 0F       		.uleb128 0xf
 261 0163 76000000 		.4byte	0x76
 262 0167 10       		.uleb128 0x10
 263 0168 B8000000 		.4byte	.LASF30
 264 016c 05       		.byte	0x5
 265 016d C7       		.byte	0xc7
 266 016e 7D010000 		.4byte	0x17d
 267 0172 11       		.uleb128 0x11
 268 0173 7D010000 		.4byte	0x17d
 269 0177 11       		.uleb128 0x11
 270 0178 81000000 		.4byte	0x81
 271 017c 00       		.byte	0
 272 017d 12       		.uleb128 0x12
 273 017e 04       		.byte	0x4
 274 017f 81000000 		.4byte	0x81
 275 0183 13       		.uleb128 0x13
 276 0184 12020000 		.4byte	.LASF22
 277 0188 05       		.byte	0x5
 278 0189 93       		.byte	0x93
 279 018a 14       		.uleb128 0x14
 280 018b A6000000 		.4byte	.LASF19
 281 018f 05       		.byte	0x5
 282 0190 BE       		.byte	0xbe
 283 0191 81000000 		.4byte	0x81
 284 0195 14       		.uleb128 0x14
 285 0196 5C000000 		.4byte	.LASF20
 286 019a 05       		.byte	0x5
 287 019b CA       		.byte	0xca
 288 019c 81000000 		.4byte	0x81
 289 01a0 14       		.uleb128 0x14
 290 01a1 40000000 		.4byte	.LASF21
 291 01a5 05       		.byte	0x5
 292 01a6 C0       		.byte	0xc0
 293 01a7 81000000 		.4byte	0x81
 294 01ab 13       		.uleb128 0x13
 295 01ac 0A000000 		.4byte	.LASF23
 296 01b0 05       		.byte	0x5
 297 01b1 CC       		.byte	0xcc
 298 01b2 00       		.byte	0
 299              		.section	.debug_abbrev,"",%progbits
 300              	.Ldebug_abbrev0:
 301 0000 01       		.uleb128 0x1
 302 0001 11       		.uleb128 0x11
 303 0002 01       		.byte	0x1
 304 0003 25       		.uleb128 0x25
 305 0004 0E       		.uleb128 0xe
ARM GAS  C:\Users\doug_000\AppData\Local\Temp\ccRKYtFR.s 			page 7


 306 0005 13       		.uleb128 0x13
 307 0006 0B       		.uleb128 0xb
 308 0007 03       		.uleb128 0x3
 309 0008 0E       		.uleb128 0xe
 310 0009 1B       		.uleb128 0x1b
 311 000a 0E       		.uleb128 0xe
 312 000b 55       		.uleb128 0x55
 313 000c 17       		.uleb128 0x17
 314 000d 11       		.uleb128 0x11
 315 000e 01       		.uleb128 0x1
 316 000f 10       		.uleb128 0x10
 317 0010 17       		.uleb128 0x17
 318 0011 00       		.byte	0
 319 0012 00       		.byte	0
 320 0013 02       		.uleb128 0x2
 321 0014 24       		.uleb128 0x24
 322 0015 00       		.byte	0
 323 0016 0B       		.uleb128 0xb
 324 0017 0B       		.uleb128 0xb
 325 0018 3E       		.uleb128 0x3e
 326 0019 0B       		.uleb128 0xb
 327 001a 03       		.uleb128 0x3
 328 001b 0E       		.uleb128 0xe
 329 001c 00       		.byte	0
 330 001d 00       		.byte	0
 331 001e 03       		.uleb128 0x3
 332 001f 16       		.uleb128 0x16
 333 0020 00       		.byte	0
 334 0021 03       		.uleb128 0x3
 335 0022 0E       		.uleb128 0xe
 336 0023 3A       		.uleb128 0x3a
 337 0024 0B       		.uleb128 0xb
 338 0025 3B       		.uleb128 0x3b
 339 0026 0B       		.uleb128 0xb
 340 0027 49       		.uleb128 0x49
 341 0028 13       		.uleb128 0x13
 342 0029 00       		.byte	0
 343 002a 00       		.byte	0
 344 002b 04       		.uleb128 0x4
 345 002c 24       		.uleb128 0x24
 346 002d 00       		.byte	0
 347 002e 0B       		.uleb128 0xb
 348 002f 0B       		.uleb128 0xb
 349 0030 3E       		.uleb128 0x3e
 350 0031 0B       		.uleb128 0xb
 351 0032 03       		.uleb128 0x3
 352 0033 08       		.uleb128 0x8
 353 0034 00       		.byte	0
 354 0035 00       		.byte	0
 355 0036 05       		.uleb128 0x5
 356 0037 2E       		.uleb128 0x2e
 357 0038 01       		.byte	0x1
 358 0039 3F       		.uleb128 0x3f
 359 003a 19       		.uleb128 0x19
 360 003b 03       		.uleb128 0x3
 361 003c 0E       		.uleb128 0xe
 362 003d 3A       		.uleb128 0x3a
ARM GAS  C:\Users\doug_000\AppData\Local\Temp\ccRKYtFR.s 			page 8


 363 003e 0B       		.uleb128 0xb
 364 003f 3B       		.uleb128 0x3b
 365 0040 0B       		.uleb128 0xb
 366 0041 49       		.uleb128 0x49
 367 0042 13       		.uleb128 0x13
 368 0043 11       		.uleb128 0x11
 369 0044 01       		.uleb128 0x1
 370 0045 12       		.uleb128 0x12
 371 0046 06       		.uleb128 0x6
 372 0047 40       		.uleb128 0x40
 373 0048 18       		.uleb128 0x18
 374 0049 9742     		.uleb128 0x2117
 375 004b 19       		.uleb128 0x19
 376 004c 01       		.uleb128 0x1
 377 004d 13       		.uleb128 0x13
 378 004e 00       		.byte	0
 379 004f 00       		.byte	0
 380 0050 06       		.uleb128 0x6
 381 0051 34       		.uleb128 0x34
 382 0052 00       		.byte	0
 383 0053 03       		.uleb128 0x3
 384 0054 0E       		.uleb128 0xe
 385 0055 3A       		.uleb128 0x3a
 386 0056 0B       		.uleb128 0xb
 387 0057 3B       		.uleb128 0x3b
 388 0058 0B       		.uleb128 0xb
 389 0059 49       		.uleb128 0x49
 390 005a 13       		.uleb128 0x13
 391 005b 02       		.uleb128 0x2
 392 005c 18       		.uleb128 0x18
 393 005d 00       		.byte	0
 394 005e 00       		.byte	0
 395 005f 07       		.uleb128 0x7
 396 0060 34       		.uleb128 0x34
 397 0061 00       		.byte	0
 398 0062 03       		.uleb128 0x3
 399 0063 0E       		.uleb128 0xe
 400 0064 3A       		.uleb128 0x3a
 401 0065 0B       		.uleb128 0xb
 402 0066 3B       		.uleb128 0x3b
 403 0067 0B       		.uleb128 0xb
 404 0068 49       		.uleb128 0x49
 405 0069 13       		.uleb128 0x13
 406 006a 00       		.byte	0
 407 006b 00       		.byte	0
 408 006c 08       		.uleb128 0x8
 409 006d 34       		.uleb128 0x34
 410 006e 00       		.byte	0
 411 006f 03       		.uleb128 0x3
 412 0070 08       		.uleb128 0x8
 413 0071 3A       		.uleb128 0x3a
 414 0072 0B       		.uleb128 0xb
 415 0073 3B       		.uleb128 0x3b
 416 0074 0B       		.uleb128 0xb
 417 0075 49       		.uleb128 0x49
 418 0076 13       		.uleb128 0x13
 419 0077 02       		.uleb128 0x2
ARM GAS  C:\Users\doug_000\AppData\Local\Temp\ccRKYtFR.s 			page 9


 420 0078 17       		.uleb128 0x17
 421 0079 00       		.byte	0
 422 007a 00       		.byte	0
 423 007b 09       		.uleb128 0x9
 424 007c 898201   		.uleb128 0x4109
 425 007f 01       		.byte	0x1
 426 0080 11       		.uleb128 0x11
 427 0081 01       		.uleb128 0x1
 428 0082 31       		.uleb128 0x31
 429 0083 13       		.uleb128 0x13
 430 0084 01       		.uleb128 0x1
 431 0085 13       		.uleb128 0x13
 432 0086 00       		.byte	0
 433 0087 00       		.byte	0
 434 0088 0A       		.uleb128 0xa
 435 0089 8A8201   		.uleb128 0x410a
 436 008c 00       		.byte	0
 437 008d 02       		.uleb128 0x2
 438 008e 18       		.uleb128 0x18
 439 008f 9142     		.uleb128 0x2111
 440 0091 18       		.uleb128 0x18
 441 0092 00       		.byte	0
 442 0093 00       		.byte	0
 443 0094 0B       		.uleb128 0xb
 444 0095 898201   		.uleb128 0x4109
 445 0098 00       		.byte	0
 446 0099 11       		.uleb128 0x11
 447 009a 01       		.uleb128 0x1
 448 009b 31       		.uleb128 0x31
 449 009c 13       		.uleb128 0x13
 450 009d 00       		.byte	0
 451 009e 00       		.byte	0
 452 009f 0C       		.uleb128 0xc
 453 00a0 01       		.uleb128 0x1
 454 00a1 01       		.byte	0x1
 455 00a2 49       		.uleb128 0x49
 456 00a3 13       		.uleb128 0x13
 457 00a4 01       		.uleb128 0x1
 458 00a5 13       		.uleb128 0x13
 459 00a6 00       		.byte	0
 460 00a7 00       		.byte	0
 461 00a8 0D       		.uleb128 0xd
 462 00a9 21       		.uleb128 0x21
 463 00aa 00       		.byte	0
 464 00ab 49       		.uleb128 0x49
 465 00ac 13       		.uleb128 0x13
 466 00ad 2F       		.uleb128 0x2f
 467 00ae 0B       		.uleb128 0xb
 468 00af 00       		.byte	0
 469 00b0 00       		.byte	0
 470 00b1 0E       		.uleb128 0xe
 471 00b2 34       		.uleb128 0x34
 472 00b3 00       		.byte	0
 473 00b4 03       		.uleb128 0x3
 474 00b5 0E       		.uleb128 0xe
 475 00b6 3A       		.uleb128 0x3a
 476 00b7 0B       		.uleb128 0xb
ARM GAS  C:\Users\doug_000\AppData\Local\Temp\ccRKYtFR.s 			page 10


 477 00b8 3B       		.uleb128 0x3b
 478 00b9 05       		.uleb128 0x5
 479 00ba 49       		.uleb128 0x49
 480 00bb 13       		.uleb128 0x13
 481 00bc 3F       		.uleb128 0x3f
 482 00bd 19       		.uleb128 0x19
 483 00be 3C       		.uleb128 0x3c
 484 00bf 19       		.uleb128 0x19
 485 00c0 00       		.byte	0
 486 00c1 00       		.byte	0
 487 00c2 0F       		.uleb128 0xf
 488 00c3 35       		.uleb128 0x35
 489 00c4 00       		.byte	0
 490 00c5 49       		.uleb128 0x49
 491 00c6 13       		.uleb128 0x13
 492 00c7 00       		.byte	0
 493 00c8 00       		.byte	0
 494 00c9 10       		.uleb128 0x10
 495 00ca 2E       		.uleb128 0x2e
 496 00cb 01       		.byte	0x1
 497 00cc 3F       		.uleb128 0x3f
 498 00cd 19       		.uleb128 0x19
 499 00ce 03       		.uleb128 0x3
 500 00cf 0E       		.uleb128 0xe
 501 00d0 3A       		.uleb128 0x3a
 502 00d1 0B       		.uleb128 0xb
 503 00d2 3B       		.uleb128 0x3b
 504 00d3 0B       		.uleb128 0xb
 505 00d4 27       		.uleb128 0x27
 506 00d5 19       		.uleb128 0x19
 507 00d6 3C       		.uleb128 0x3c
 508 00d7 19       		.uleb128 0x19
 509 00d8 01       		.uleb128 0x1
 510 00d9 13       		.uleb128 0x13
 511 00da 00       		.byte	0
 512 00db 00       		.byte	0
 513 00dc 11       		.uleb128 0x11
 514 00dd 05       		.uleb128 0x5
 515 00de 00       		.byte	0
 516 00df 49       		.uleb128 0x49
 517 00e0 13       		.uleb128 0x13
 518 00e1 00       		.byte	0
 519 00e2 00       		.byte	0
 520 00e3 12       		.uleb128 0x12
 521 00e4 0F       		.uleb128 0xf
 522 00e5 00       		.byte	0
 523 00e6 0B       		.uleb128 0xb
 524 00e7 0B       		.uleb128 0xb
 525 00e8 49       		.uleb128 0x49
 526 00e9 13       		.uleb128 0x13
 527 00ea 00       		.byte	0
 528 00eb 00       		.byte	0
 529 00ec 13       		.uleb128 0x13
 530 00ed 2E       		.uleb128 0x2e
 531 00ee 00       		.byte	0
 532 00ef 3F       		.uleb128 0x3f
 533 00f0 19       		.uleb128 0x19
ARM GAS  C:\Users\doug_000\AppData\Local\Temp\ccRKYtFR.s 			page 11


 534 00f1 03       		.uleb128 0x3
 535 00f2 0E       		.uleb128 0xe
 536 00f3 3A       		.uleb128 0x3a
 537 00f4 0B       		.uleb128 0xb
 538 00f5 3B       		.uleb128 0x3b
 539 00f6 0B       		.uleb128 0xb
 540 00f7 27       		.uleb128 0x27
 541 00f8 19       		.uleb128 0x19
 542 00f9 3C       		.uleb128 0x3c
 543 00fa 19       		.uleb128 0x19
 544 00fb 00       		.byte	0
 545 00fc 00       		.byte	0
 546 00fd 14       		.uleb128 0x14
 547 00fe 2E       		.uleb128 0x2e
 548 00ff 00       		.byte	0
 549 0100 3F       		.uleb128 0x3f
 550 0101 19       		.uleb128 0x19
 551 0102 03       		.uleb128 0x3
 552 0103 0E       		.uleb128 0xe
 553 0104 3A       		.uleb128 0x3a
 554 0105 0B       		.uleb128 0xb
 555 0106 3B       		.uleb128 0x3b
 556 0107 0B       		.uleb128 0xb
 557 0108 27       		.uleb128 0x27
 558 0109 19       		.uleb128 0x19
 559 010a 49       		.uleb128 0x49
 560 010b 13       		.uleb128 0x13
 561 010c 3C       		.uleb128 0x3c
 562 010d 19       		.uleb128 0x19
 563 010e 00       		.byte	0
 564 010f 00       		.byte	0
 565 0110 00       		.byte	0
 566              		.section	.debug_loc,"",%progbits
 567              	.Ldebug_loc0:
 568              	.LLST0:
 569 0000 26000000 		.4byte	.LVL5
 570 0004 2A000000 		.4byte	.LVL6
 571 0008 0200     		.2byte	0x2
 572 000a 30       		.byte	0x30
 573 000b 9F       		.byte	0x9f
 574 000c 2A000000 		.4byte	.LVL6
 575 0010 33000000 		.4byte	.LVL8-1
 576 0014 0100     		.2byte	0x1
 577 0016 53       		.byte	0x53
 578 0017 00000000 		.4byte	0
 579 001b 00000000 		.4byte	0
 580              		.section	.debug_aranges,"",%progbits
 581 0000 1C000000 		.4byte	0x1c
 582 0004 0200     		.2byte	0x2
 583 0006 00000000 		.4byte	.Ldebug_info0
 584 000a 04       		.byte	0x4
 585 000b 00       		.byte	0
 586 000c 0000     		.2byte	0
 587 000e 0000     		.2byte	0
 588 0010 00000000 		.4byte	.LFB63
 589 0014 36000000 		.4byte	.LFE63-.LFB63
 590 0018 00000000 		.4byte	0
ARM GAS  C:\Users\doug_000\AppData\Local\Temp\ccRKYtFR.s 			page 12


 591 001c 00000000 		.4byte	0
 592              		.section	.debug_ranges,"",%progbits
 593              	.Ldebug_ranges0:
 594 0000 00000000 		.4byte	.LFB63
 595 0004 36000000 		.4byte	.LFE63
 596 0008 00000000 		.4byte	0
 597 000c 00000000 		.4byte	0
 598              		.section	.debug_line,"",%progbits
 599              	.Ldebug_line0:
 600 0000 7D010000 		.section	.debug_str,"MS",%progbits,1
 600      02005401 
 600      00000201 
 600      FB0E0D00 
 600      01010101 
 601              	.LASF28:
 602 0000 75736572 		.ascii	"userArray\000"
 602      41727261 
 602      7900
 603              	.LASF23:
 604 000a 4932435F 		.ascii	"I2C_1_SlaveClearWriteBuf\000"
 604      315F536C 
 604      61766543 
 604      6C656172 
 604      57726974 
 605              	.LASF9:
 606 0023 5F5F696E 		.ascii	"__int32_t\000"
 606      7433325F 
 606      7400
 607              	.LASF3:
 608 002d 73686F72 		.ascii	"short unsigned int\000"
 608      7420756E 
 608      7369676E 
 608      65642069 
 608      6E7400
 609              	.LASF21:
 610 0040 4932435F 		.ascii	"I2C_1_SlaveClearWriteStatus\000"
 610      315F536C 
 610      61766543 
 610      6C656172 
 610      57726974 
 611              	.LASF20:
 612 005c 4932435F 		.ascii	"I2C_1_SlaveGetWriteBufSize\000"
 612      315F536C 
 612      61766547 
 612      65745772 
 612      69746542 
 613              	.LASF13:
 614 0077 666C6F61 		.ascii	"float\000"
 614      7400
 615              	.LASF1:
 616 007d 756E7369 		.ascii	"unsigned char\000"
 616      676E6564 
 616      20636861 
 616      7200
 617              	.LASF25:
 618 008b 2E5C6D61 		.ascii	".\\main.c\000"
 618      696E2E63 
ARM GAS  C:\Users\doug_000\AppData\Local\Temp\ccRKYtFR.s 			page 13


 618      00
 619              	.LASF5:
 620 0094 6C6F6E67 		.ascii	"long unsigned int\000"
 620      20756E73 
 620      69676E65 
 620      6420696E 
 620      7400
 621              	.LASF19:
 622 00a6 4932435F 		.ascii	"I2C_1_SlaveStatus\000"
 622      315F536C 
 622      61766553 
 622      74617475 
 622      7300
 623              	.LASF30:
 624 00b8 4932435F 		.ascii	"I2C_1_SlaveInitWriteBuf\000"
 624      315F536C 
 624      61766549 
 624      6E697457 
 624      72697465 
 625              	.LASF17:
 626 00d0 77724275 		.ascii	"wrBuf\000"
 626      6600
 627              	.LASF14:
 628 00d6 646F7562 		.ascii	"double\000"
 628      6C6500
 629              	.LASF27:
 630 00dd 6D61696E 		.ascii	"main\000"
 630      00
 631              	.LASF12:
 632 00e2 75696E74 		.ascii	"uint32\000"
 632      333200
 633              	.LASF24:
 634 00e9 474E5520 		.ascii	"GNU C 4.9.3 20150303 (release) [ARM/embedded-4_9-br"
 634      4320342E 
 634      392E3320 
 634      32303135 
 634      30333033 
 635 011c 616E6368 		.ascii	"anch revision 221220] -mcpu=cortex-m3 -mthumb -g -O"
 635      20726576 
 635      6973696F 
 635      6E203232 
 635      31323230 
 636 014f 67202D66 		.ascii	"g -ffunction-sections -ffat-lto-objects\000"
 636      66756E63 
 636      74696F6E 
 636      2D736563 
 636      74696F6E 
 637              	.LASF8:
 638 0177 756E7369 		.ascii	"unsigned int\000"
 638      676E6564 
 638      20696E74 
 638      00
 639              	.LASF7:
 640 0184 6C6F6E67 		.ascii	"long long unsigned int\000"
 640      206C6F6E 
 640      6720756E 
 640      7369676E 
ARM GAS  C:\Users\doug_000\AppData\Local\Temp\ccRKYtFR.s 			page 14


 640      65642069 
 641              	.LASF29:
 642 019b 49544D5F 		.ascii	"ITM_RxBuffer\000"
 642      52784275 
 642      66666572 
 642      00
 643              	.LASF10:
 644 01a8 696E7433 		.ascii	"int32_t\000"
 644      325F7400 
 645              	.LASF16:
 646 01b0 73697A65 		.ascii	"sizetype\000"
 646      74797065 
 646      00
 647              	.LASF6:
 648 01b9 6C6F6E67 		.ascii	"long long int\000"
 648      206C6F6E 
 648      6720696E 
 648      7400
 649              	.LASF15:
 650 01c7 63686172 		.ascii	"char\000"
 650      00
 651              	.LASF26:
 652 01cc 433A5C55 		.ascii	"C:\\Users\\doug_000\\Documents\\GitHub\\LB-RPPSOC\\"
 652      73657273 
 652      5C646F75 
 652      675F3030 
 652      305C446F 
 653 01f9 52505053 		.ascii	"RPPSOC-GPIO18Blink.cydsn\000"
 653      4F432D47 
 653      50494F31 
 653      38426C69 
 653      6E6B2E63 
 654              	.LASF22:
 655 0212 4932435F 		.ascii	"I2C_1_Start\000"
 655      315F5374 
 655      61727400 
 656              	.LASF2:
 657 021e 73686F72 		.ascii	"short int\000"
 657      7420696E 
 657      7400
 658              	.LASF11:
 659 0228 75696E74 		.ascii	"uint8\000"
 659      3800
 660              	.LASF4:
 661 022e 6C6F6E67 		.ascii	"long int\000"
 661      20696E74 
 661      00
 662              	.LASF0:
 663 0237 7369676E 		.ascii	"signed char\000"
 663      65642063 
 663      68617200 
 664              	.LASF18:
 665 0243 62797465 		.ascii	"byteCnt\000"
 665      436E7400 
 666              		.ident	"GCC: (GNU Tools for ARM Embedded Processors) 4.9.3 20150303 (release) [ARM/embedded-4_9-br
