ARM GAS  C:\Users\HPz420\AppData\Local\Temp\ccyrzTcd.s 			page 1


   1              		.syntax unified
   2              		.cpu cortex-m3
   3              		.fpu softvfp
   4              		.eabi_attribute 20, 1
   5              		.eabi_attribute 21, 1
   6              		.eabi_attribute 23, 3
   7              		.eabi_attribute 24, 1
   8              		.eabi_attribute 25, 1
   9              		.eabi_attribute 26, 1
  10              		.eabi_attribute 30, 1
  11              		.eabi_attribute 34, 1
  12              		.eabi_attribute 18, 4
  13              		.thumb
  14              		.syntax unified
  15              		.file	"cymetadata.c"
  16              		.text
  17              	.Ltext0:
  18              		.cfi_sections	.debug_frame
  19              		.global	cy_metadata
  20              		.global	cy_meta_flashprotect
  21              		.global	cy_meta_wonvl
  22              		.global	cy_meta_custnvl
  23              		.global	cy_meta_configecc
  24              		.section	.cyconfigecc,"a",%progbits
  25              		.align	2
  26              		.type	cy_meta_configecc, %object
  27              		.size	cy_meta_configecc, 52
  28              	cy_meta_configecc:
  29 0000 02       		.byte	2
  30 0001 52       		.byte	82
  31 0002 00       		.byte	0
  32 0003 40       		.byte	64
  33 0004 02       		.byte	2
  34 0005 1A       		.byte	26
  35 0006 01       		.byte	1
  36 0007 40       		.byte	64
  37 0008 02       		.byte	2
  38 0009 1B       		.byte	27
  39 000a 01       		.byte	1
  40 000b 40       		.byte	64
  41 000c 04       		.byte	4
  42 000d 4D       		.byte	77
  43 000e 01       		.byte	1
  44 000f 40       		.byte	64
  45 0010 28       		.byte	40
  46 0011 10       		.byte	16
  47 0012 29       		.byte	41
  48 0013 10       		.byte	16
  49 0014 5B       		.byte	91
  50 0015 04       		.byte	4
  51 0016 5F       		.byte	95
  52 0017 01       		.byte	1
  53 0018 68       		.byte	104
  54 0019 01       		.byte	1
  55 001a 88       		.byte	-120
  56 001b 01       		.byte	1
  57 001c 64       		.byte	100
ARM GAS  C:\Users\HPz420\AppData\Local\Temp\ccyrzTcd.s 			page 2


  58 001d 08       		.byte	8
  59 001e 88       		.byte	-120
  60 001f 08       		.byte	8
  61 0020 D8       		.byte	-40
  62 0021 01       		.byte	1
  63 0022 E0       		.byte	-32
  64 0023 01       		.byte	1
  65 0024 00       		.byte	0
  66 0025 0B       		.byte	11
  67 0026 0B       		.byte	11
  68 0027 00       		.byte	0
  69 0028 00       		.byte	0
  70 0029 00       		.byte	0
  71 002a 00       		.byte	0
  72 002b 00       		.byte	0
  73 002c 00       		.byte	0
  74 002d 10       		.byte	16
  75 002e 10       		.byte	16
  76 002f 00       		.byte	0
  77 0030 10       		.byte	16
  78 0031 00       		.byte	0
  79 0032 00       		.byte	0
  80 0033 00       		.byte	0
  81              		.section	.cywolatch,"a",%progbits
  82              		.align	2
  83              		.type	cy_meta_wonvl, %object
  84              		.size	cy_meta_wonvl, 4
  85              	cy_meta_wonvl:
  86 0000 BC       		.byte	-68
  87 0001 90       		.byte	-112
  88 0002 AC       		.byte	-84
  89 0003 AF       		.byte	-81
  90              		.section	.cycustnvl,"a",%progbits
  91              		.align	2
  92              		.type	cy_meta_custnvl, %object
  93              		.size	cy_meta_custnvl, 4
  94              	cy_meta_custnvl:
  95 0000 00       		.byte	0
  96 0001 00       		.byte	0
  97 0002 40       		.byte	64
  98 0003 05       		.byte	5
  99              		.section	.cymeta,"a",%progbits
 100              		.align	2
 101              		.type	cy_metadata, %object
 102              		.size	cy_metadata, 12
 103              	cy_metadata:
 104 0000 00       		.byte	0
 105 0001 01       		.byte	1
 106 0002 2E       		.byte	46
 107 0003 13       		.byte	19
 108 0004 30       		.byte	48
 109 0005 69       		.byte	105
 110 0006 00       		.byte	0
 111 0007 01       		.byte	1
 112 0008 00       		.byte	0
 113 0009 00       		.byte	0
 114 000a 00       		.byte	0
ARM GAS  C:\Users\HPz420\AppData\Local\Temp\ccyrzTcd.s 			page 3


 115 000b 00       		.byte	0
 116              		.section	.cyflashprotect,"a",%progbits
 117              		.align	2
 118              		.type	cy_meta_flashprotect, %object
 119              		.size	cy_meta_flashprotect, 128
 120              	cy_meta_flashprotect:
 121 0000 00000000 		.space	128
 121      00000000 
 121      00000000 
 121      00000000 
 121      00000000 
 122              		.text
 123              	.Letext0:
 124              		.file 1 "c:\\program files (x86)\\cypress\\psoc creator\\4.4\\psoc creator\\import\\gnu\\arm\\5.4.
 125              		.file 2 "c:\\program files (x86)\\cypress\\psoc creator\\4.4\\psoc creator\\import\\gnu\\arm\\5.4.
 126              		.file 3 "Generated_Source\\PSoC5\\cymetadata.c"
 127              		.section	.debug_info,"",%progbits
 128              	.Ldebug_info0:
 129 0000 30010000 		.4byte	0x130
 130 0004 0400     		.2byte	0x4
 131 0006 00000000 		.4byte	.Ldebug_abbrev0
 132 000a 04       		.byte	0x4
 133 000b 01       		.uleb128 0x1
 134 000c 6F000000 		.4byte	.LASF17
 135 0010 0C       		.byte	0xc
 136 0011 C9010000 		.4byte	.LASF18
 137 0015 16000000 		.4byte	.LASF19
 138 0019 00000000 		.4byte	.Ldebug_line0
 139 001d 02       		.uleb128 0x2
 140 001e 01       		.byte	0x1
 141 001f 06       		.byte	0x6
 142 0020 BD010000 		.4byte	.LASF0
 143 0024 03       		.uleb128 0x3
 144 0025 00000000 		.4byte	.LASF9
 145 0029 01       		.byte	0x1
 146 002a 1D       		.byte	0x1d
 147 002b 2F000000 		.4byte	0x2f
 148 002f 02       		.uleb128 0x2
 149 0030 01       		.byte	0x1
 150 0031 08       		.byte	0x8
 151 0032 61000000 		.4byte	.LASF1
 152 0036 02       		.uleb128 0x2
 153 0037 02       		.byte	0x2
 154 0038 05       		.byte	0x5
 155 0039 AA010000 		.4byte	.LASF2
 156 003d 02       		.uleb128 0x2
 157 003e 02       		.byte	0x2
 158 003f 07       		.byte	0x7
 159 0040 0F010000 		.4byte	.LASF3
 160 0044 02       		.uleb128 0x2
 161 0045 04       		.byte	0x4
 162 0046 05       		.byte	0x5
 163 0047 B4010000 		.4byte	.LASF4
 164 004b 02       		.uleb128 0x2
 165 004c 04       		.byte	0x4
 166 004d 07       		.byte	0x7
 167 004e FD000000 		.4byte	.LASF5
ARM GAS  C:\Users\HPz420\AppData\Local\Temp\ccyrzTcd.s 			page 4


 168 0052 02       		.uleb128 0x2
 169 0053 08       		.byte	0x8
 170 0054 05       		.byte	0x5
 171 0055 9C010000 		.4byte	.LASF6
 172 0059 02       		.uleb128 0x2
 173 005a 08       		.byte	0x8
 174 005b 07       		.byte	0x7
 175 005c 51010000 		.4byte	.LASF7
 176 0060 04       		.uleb128 0x4
 177 0061 04       		.byte	0x4
 178 0062 05       		.byte	0x5
 179 0063 696E7400 		.ascii	"int\000"
 180 0067 02       		.uleb128 0x2
 181 0068 04       		.byte	0x4
 182 0069 07       		.byte	0x7
 183 006a 44010000 		.4byte	.LASF8
 184 006e 03       		.uleb128 0x3
 185 006f 68010000 		.4byte	.LASF10
 186 0073 02       		.byte	0x2
 187 0074 18       		.byte	0x18
 188 0075 24000000 		.4byte	0x24
 189 0079 05       		.uleb128 0x5
 190 007a 90000000 		.4byte	0x90
 191 007e 89000000 		.4byte	0x89
 192 0082 06       		.uleb128 0x6
 193 0083 89000000 		.4byte	0x89
 194 0087 33       		.byte	0x33
 195 0088 00       		.byte	0
 196 0089 02       		.uleb128 0x2
 197 008a 04       		.byte	0x4
 198 008b 07       		.byte	0x7
 199 008c 93010000 		.4byte	.LASF11
 200 0090 07       		.uleb128 0x7
 201 0091 6E000000 		.4byte	0x6e
 202 0095 08       		.uleb128 0x8
 203 0096 32010000 		.4byte	.LASF12
 204 009a 03       		.byte	0x3
 205 009b 1F       		.byte	0x1f
 206 009c A6000000 		.4byte	0xa6
 207 00a0 05       		.uleb128 0x5
 208 00a1 03       		.byte	0x3
 209 00a2 00000000 		.4byte	cy_meta_configecc
 210 00a6 07       		.uleb128 0x7
 211 00a7 79000000 		.4byte	0x79
 212 00ab 05       		.uleb128 0x5
 213 00ac 90000000 		.4byte	0x90
 214 00b0 BB000000 		.4byte	0xbb
 215 00b4 06       		.uleb128 0x6
 216 00b5 89000000 		.4byte	0x89
 217 00b9 03       		.byte	0x3
 218 00ba 00       		.byte	0
 219 00bb 08       		.uleb128 0x8
 220 00bc 22010000 		.4byte	.LASF13
 221 00c0 03       		.byte	0x3
 222 00c1 33       		.byte	0x33
 223 00c2 CC000000 		.4byte	0xcc
 224 00c6 05       		.uleb128 0x5
ARM GAS  C:\Users\HPz420\AppData\Local\Temp\ccyrzTcd.s 			page 5


 225 00c7 03       		.byte	0x3
 226 00c8 00000000 		.4byte	cy_meta_custnvl
 227 00cc 07       		.uleb128 0x7
 228 00cd AB000000 		.4byte	0xab
 229 00d1 08       		.uleb128 0x8
 230 00d2 85010000 		.4byte	.LASF14
 231 00d6 03       		.byte	0x3
 232 00d7 41       		.byte	0x41
 233 00d8 E2000000 		.4byte	0xe2
 234 00dc 05       		.uleb128 0x5
 235 00dd 03       		.byte	0x3
 236 00de 00000000 		.4byte	cy_meta_wonvl
 237 00e2 07       		.uleb128 0x7
 238 00e3 AB000000 		.4byte	0xab
 239 00e7 05       		.uleb128 0x5
 240 00e8 90000000 		.4byte	0x90
 241 00ec F7000000 		.4byte	0xf7
 242 00f0 06       		.uleb128 0x6
 243 00f1 89000000 		.4byte	0x89
 244 00f5 7F       		.byte	0x7f
 245 00f6 00       		.byte	0
 246 00f7 08       		.uleb128 0x8
 247 00f8 70010000 		.4byte	.LASF15
 248 00fc 03       		.byte	0x3
 249 00fd 4F       		.byte	0x4f
 250 00fe 08010000 		.4byte	0x108
 251 0102 05       		.uleb128 0x5
 252 0103 03       		.byte	0x3
 253 0104 00000000 		.4byte	cy_meta_flashprotect
 254 0108 07       		.uleb128 0x7
 255 0109 E7000000 		.4byte	0xe7
 256 010d 05       		.uleb128 0x5
 257 010e 90000000 		.4byte	0x90
 258 0112 1D010000 		.4byte	0x11d
 259 0116 06       		.uleb128 0x6
 260 0117 89000000 		.4byte	0x89
 261 011b 0B       		.byte	0xb
 262 011c 00       		.byte	0
 263 011d 08       		.uleb128 0x8
 264 011e 0A000000 		.4byte	.LASF16
 265 0122 03       		.byte	0x3
 266 0123 6C       		.byte	0x6c
 267 0124 2E010000 		.4byte	0x12e
 268 0128 05       		.uleb128 0x5
 269 0129 03       		.byte	0x3
 270 012a 00000000 		.4byte	cy_metadata
 271 012e 07       		.uleb128 0x7
 272 012f 0D010000 		.4byte	0x10d
 273 0133 00       		.byte	0
 274              		.section	.debug_abbrev,"",%progbits
 275              	.Ldebug_abbrev0:
 276 0000 01       		.uleb128 0x1
 277 0001 11       		.uleb128 0x11
 278 0002 01       		.byte	0x1
 279 0003 25       		.uleb128 0x25
 280 0004 0E       		.uleb128 0xe
 281 0005 13       		.uleb128 0x13
ARM GAS  C:\Users\HPz420\AppData\Local\Temp\ccyrzTcd.s 			page 6


 282 0006 0B       		.uleb128 0xb
 283 0007 03       		.uleb128 0x3
 284 0008 0E       		.uleb128 0xe
 285 0009 1B       		.uleb128 0x1b
 286 000a 0E       		.uleb128 0xe
 287 000b 10       		.uleb128 0x10
 288 000c 17       		.uleb128 0x17
 289 000d 00       		.byte	0
 290 000e 00       		.byte	0
 291 000f 02       		.uleb128 0x2
 292 0010 24       		.uleb128 0x24
 293 0011 00       		.byte	0
 294 0012 0B       		.uleb128 0xb
 295 0013 0B       		.uleb128 0xb
 296 0014 3E       		.uleb128 0x3e
 297 0015 0B       		.uleb128 0xb
 298 0016 03       		.uleb128 0x3
 299 0017 0E       		.uleb128 0xe
 300 0018 00       		.byte	0
 301 0019 00       		.byte	0
 302 001a 03       		.uleb128 0x3
 303 001b 16       		.uleb128 0x16
 304 001c 00       		.byte	0
 305 001d 03       		.uleb128 0x3
 306 001e 0E       		.uleb128 0xe
 307 001f 3A       		.uleb128 0x3a
 308 0020 0B       		.uleb128 0xb
 309 0021 3B       		.uleb128 0x3b
 310 0022 0B       		.uleb128 0xb
 311 0023 49       		.uleb128 0x49
 312 0024 13       		.uleb128 0x13
 313 0025 00       		.byte	0
 314 0026 00       		.byte	0
 315 0027 04       		.uleb128 0x4
 316 0028 24       		.uleb128 0x24
 317 0029 00       		.byte	0
 318 002a 0B       		.uleb128 0xb
 319 002b 0B       		.uleb128 0xb
 320 002c 3E       		.uleb128 0x3e
 321 002d 0B       		.uleb128 0xb
 322 002e 03       		.uleb128 0x3
 323 002f 08       		.uleb128 0x8
 324 0030 00       		.byte	0
 325 0031 00       		.byte	0
 326 0032 05       		.uleb128 0x5
 327 0033 01       		.uleb128 0x1
 328 0034 01       		.byte	0x1
 329 0035 49       		.uleb128 0x49
 330 0036 13       		.uleb128 0x13
 331 0037 01       		.uleb128 0x1
 332 0038 13       		.uleb128 0x13
 333 0039 00       		.byte	0
 334 003a 00       		.byte	0
 335 003b 06       		.uleb128 0x6
 336 003c 21       		.uleb128 0x21
 337 003d 00       		.byte	0
 338 003e 49       		.uleb128 0x49
ARM GAS  C:\Users\HPz420\AppData\Local\Temp\ccyrzTcd.s 			page 7


 339 003f 13       		.uleb128 0x13
 340 0040 2F       		.uleb128 0x2f
 341 0041 0B       		.uleb128 0xb
 342 0042 00       		.byte	0
 343 0043 00       		.byte	0
 344 0044 07       		.uleb128 0x7
 345 0045 26       		.uleb128 0x26
 346 0046 00       		.byte	0
 347 0047 49       		.uleb128 0x49
 348 0048 13       		.uleb128 0x13
 349 0049 00       		.byte	0
 350 004a 00       		.byte	0
 351 004b 08       		.uleb128 0x8
 352 004c 34       		.uleb128 0x34
 353 004d 00       		.byte	0
 354 004e 03       		.uleb128 0x3
 355 004f 0E       		.uleb128 0xe
 356 0050 3A       		.uleb128 0x3a
 357 0051 0B       		.uleb128 0xb
 358 0052 3B       		.uleb128 0x3b
 359 0053 0B       		.uleb128 0xb
 360 0054 49       		.uleb128 0x49
 361 0055 13       		.uleb128 0x13
 362 0056 3F       		.uleb128 0x3f
 363 0057 19       		.uleb128 0x19
 364 0058 02       		.uleb128 0x2
 365 0059 18       		.uleb128 0x18
 366 005a 00       		.byte	0
 367 005b 00       		.byte	0
 368 005c 00       		.byte	0
 369              		.section	.debug_aranges,"",%progbits
 370 0000 14000000 		.4byte	0x14
 371 0004 0200     		.2byte	0x2
 372 0006 00000000 		.4byte	.Ldebug_info0
 373 000a 04       		.byte	0x4
 374 000b 00       		.byte	0
 375 000c 0000     		.2byte	0
 376 000e 0000     		.2byte	0
 377 0010 00000000 		.4byte	0
 378 0014 00000000 		.4byte	0
 379              		.section	.debug_line,"",%progbits
 380              	.Ldebug_line0:
 381 0000 3D010000 		.section	.debug_str,"MS",%progbits,1
 381      02003701 
 381      00000201 
 381      FB0E0D00 
 381      01010101 
 382              	.LASF9:
 383 0000 5F5F7569 		.ascii	"__uint8_t\000"
 383      6E74385F 
 383      7400
 384              	.LASF16:
 385 000a 63795F6D 		.ascii	"cy_metadata\000"
 385      65746164 
 385      61746100 
 386              	.LASF19:
 387 0016 433A5C55 		.ascii	"C:\\Users\\HPz420\\Documents\\GitHub\\land-boards\\"
ARM GAS  C:\Users\HPz420\AppData\Local\Temp\ccyrzTcd.s 			page 8


 387      73657273 
 387      5C48507A 
 387      3432305C 
 387      446F6375 
 388 0043 4C422D52 		.ascii	"LB-RPPSOC\\RPPSOC-Blink2.cydsn\000"
 388      5050534F 
 388      435C5250 
 388      50534F43 
 388      2D426C69 
 389              	.LASF1:
 390 0061 756E7369 		.ascii	"unsigned char\000"
 390      676E6564 
 390      20636861 
 390      7200
 391              	.LASF17:
 392 006f 474E5520 		.ascii	"GNU C11 5.4.1 20160609 (release) [ARM/embedded-5-br"
 392      43313120 
 392      352E342E 
 392      31203230 
 392      31363036 
 393 00a2 616E6368 		.ascii	"anch revision 237715] -mcpu=cortex-m3 -mthumb -g -O"
 393      20726576 
 393      6973696F 
 393      6E203233 
 393      37373135 
 394 00d5 67202D66 		.ascii	"g -ffunction-sections -ffat-lto-objects\000"
 394      66756E63 
 394      74696F6E 
 394      2D736563 
 394      74696F6E 
 395              	.LASF5:
 396 00fd 6C6F6E67 		.ascii	"long unsigned int\000"
 396      20756E73 
 396      69676E65 
 396      6420696E 
 396      7400
 397              	.LASF3:
 398 010f 73686F72 		.ascii	"short unsigned int\000"
 398      7420756E 
 398      7369676E 
 398      65642069 
 398      6E7400
 399              	.LASF13:
 400 0122 63795F6D 		.ascii	"cy_meta_custnvl\000"
 400      6574615F 
 400      63757374 
 400      6E766C00 
 401              	.LASF12:
 402 0132 63795F6D 		.ascii	"cy_meta_configecc\000"
 402      6574615F 
 402      636F6E66 
 402      69676563 
 402      6300
 403              	.LASF8:
 404 0144 756E7369 		.ascii	"unsigned int\000"
 404      676E6564 
 404      20696E74 
ARM GAS  C:\Users\HPz420\AppData\Local\Temp\ccyrzTcd.s 			page 9


 404      00
 405              	.LASF7:
 406 0151 6C6F6E67 		.ascii	"long long unsigned int\000"
 406      206C6F6E 
 406      6720756E 
 406      7369676E 
 406      65642069 
 407              	.LASF10:
 408 0168 75696E74 		.ascii	"uint8_t\000"
 408      385F7400 
 409              	.LASF15:
 410 0170 63795F6D 		.ascii	"cy_meta_flashprotect\000"
 410      6574615F 
 410      666C6173 
 410      6870726F 
 410      74656374 
 411              	.LASF14:
 412 0185 63795F6D 		.ascii	"cy_meta_wonvl\000"
 412      6574615F 
 412      776F6E76 
 412      6C00
 413              	.LASF11:
 414 0193 73697A65 		.ascii	"sizetype\000"
 414      74797065 
 414      00
 415              	.LASF6:
 416 019c 6C6F6E67 		.ascii	"long long int\000"
 416      206C6F6E 
 416      6720696E 
 416      7400
 417              	.LASF2:
 418 01aa 73686F72 		.ascii	"short int\000"
 418      7420696E 
 418      7400
 419              	.LASF4:
 420 01b4 6C6F6E67 		.ascii	"long int\000"
 420      20696E74 
 420      00
 421              	.LASF0:
 422 01bd 7369676E 		.ascii	"signed char\000"
 422      65642063 
 422      68617200 
 423              	.LASF18:
 424 01c9 47656E65 		.ascii	"Generated_Source\\PSoC5\\cymetadata.c\000"
 424      72617465 
 424      645F536F 
 424      75726365 
 424      5C50536F 
 425              		.ident	"GCC: (GNU Tools for ARM Embedded Processors) 5.4.1 20160609 (release) [ARM/embedded-5-bran
