ARM GAS  C:\Users\DGILLI~1\AppData\Local\Temp\ccPGgrj3.s 			page 1


   1              		.syntax unified
   2              		.cpu cortex-m3
   3              		.fpu softvfp
   4              		.eabi_attribute 20, 1
   5              		.eabi_attribute 21, 1
   6              		.eabi_attribute 23, 3
   7              		.eabi_attribute 24, 1
   8              		.eabi_attribute 25, 1
   9              		.eabi_attribute 26, 1
  10              		.eabi_attribute 30, 6
  11              		.eabi_attribute 34, 1
  12              		.eabi_attribute 18, 4
  13              		.thumb
  14              		.file	"Cm3Start.c"
  15              		.text
  16              	.Ltext0:
  17              		.cfi_sections	.debug_frame
  18              		.section	.noinit,"aw",%progbits
  19              		.align	2
  20              		.type	cySysNoInitDataValid, %object
  21              		.size	cySysNoInitDataValid, 4
  22              	cySysNoInitDataValid:
  23 0000 00000000 		.space	4
  24              		.global	CyRamVectors
  25              		.section	.ramvectors,"aw",%progbits
  26              		.align	8
  27              		.type	CyRamVectors, %object
  28              		.size	CyRamVectors, 192
  29              	CyRamVectors:
  30 0000 00000000 		.space	192
  30      00000000 
  30      00000000 
  30      00000000 
  30      00000000 
  31 00c0 00000000 		.section	.text.IntDefaultHandler,"ax",%progbits
  31      00000000 
  31      00000000 
  31      00000000 
  31      00000000 
  32              		.align	2
  33              		.global	IntDefaultHandler
  34              		.thumb
  35              		.thumb_func
  36              		.type	IntDefaultHandler, %function
  37              	IntDefaultHandler:
  38              	.LFB0:
  39              		.file 1 ".\\Generated_Source\\PSoC5\\Cm3Start.c"
   1:.\Generated_Source\PSoC5/Cm3Start.c **** /*******************************************************************************
   2:.\Generated_Source\PSoC5/Cm3Start.c **** * File Name: Cm3Start.c
   3:.\Generated_Source\PSoC5/Cm3Start.c **** * Version 5.20
   4:.\Generated_Source\PSoC5/Cm3Start.c **** *
   5:.\Generated_Source\PSoC5/Cm3Start.c **** *  Description:
   6:.\Generated_Source\PSoC5/Cm3Start.c **** *  Startup code for the ARM CM3.
   7:.\Generated_Source\PSoC5/Cm3Start.c **** *
   8:.\Generated_Source\PSoC5/Cm3Start.c **** ********************************************************************************
   9:.\Generated_Source\PSoC5/Cm3Start.c **** * Copyright 2008-2015, Cypress Semiconductor Corporation. All rights reserved.
  10:.\Generated_Source\PSoC5/Cm3Start.c **** * You may use this file only in accordance with the license, terms, conditions,
ARM GAS  C:\Users\DGILLI~1\AppData\Local\Temp\ccPGgrj3.s 			page 2


  11:.\Generated_Source\PSoC5/Cm3Start.c **** * disclaimers, and limitations in the end user license agreement accompanying
  12:.\Generated_Source\PSoC5/Cm3Start.c **** * the software package with which this file was provided.
  13:.\Generated_Source\PSoC5/Cm3Start.c **** *******************************************************************************/
  14:.\Generated_Source\PSoC5/Cm3Start.c **** 
  15:.\Generated_Source\PSoC5/Cm3Start.c **** #include <limits.h>
  16:.\Generated_Source\PSoC5/Cm3Start.c **** #include "cydevice_trm.h"
  17:.\Generated_Source\PSoC5/Cm3Start.c **** #include "cytypes.h"
  18:.\Generated_Source\PSoC5/Cm3Start.c **** #include "cyfitter_cfg.h"
  19:.\Generated_Source\PSoC5/Cm3Start.c **** #include "CyLib.h"
  20:.\Generated_Source\PSoC5/Cm3Start.c **** #include "CyDmac.h"
  21:.\Generated_Source\PSoC5/Cm3Start.c **** #include "cyfitter.h"
  22:.\Generated_Source\PSoC5/Cm3Start.c **** 
  23:.\Generated_Source\PSoC5/Cm3Start.c **** 
  24:.\Generated_Source\PSoC5/Cm3Start.c **** #define CY_NUM_INTERRUPTS           (32u)
  25:.\Generated_Source\PSoC5/Cm3Start.c **** #define CY_NUM_VECTORS              (CYINT_IRQ_BASE + CY_NUM_INTERRUPTS)
  26:.\Generated_Source\PSoC5/Cm3Start.c **** #define CY_NUM_ROM_VECTORS          (4u)
  27:.\Generated_Source\PSoC5/Cm3Start.c **** #define CY_NVIC_APINT_PTR           ((reg32 *) CYREG_NVIC_APPLN_INTR)
  28:.\Generated_Source\PSoC5/Cm3Start.c **** #define CY_NVIC_CFG_CTRL_PTR        ((reg32 *) CYREG_NVIC_CFG_CONTROL)
  29:.\Generated_Source\PSoC5/Cm3Start.c **** #define CY_NVIC_APINT_PRIGROUP_3_5  (0x00000400u)  /* Priority group 3.5 split */
  30:.\Generated_Source\PSoC5/Cm3Start.c **** #define CY_NVIC_APINT_VECTKEY       (0x05FA0000u)  /* This key is required in order to write the NV
  31:.\Generated_Source\PSoC5/Cm3Start.c **** #define CY_NVIC_CFG_STACKALIGN      (0x00000200u)  /* This specifies that the exception stack must 
  32:.\Generated_Source\PSoC5/Cm3Start.c **** 
  33:.\Generated_Source\PSoC5/Cm3Start.c **** #if defined(__ARMCC_VERSION)
  34:.\Generated_Source\PSoC5/Cm3Start.c ****     #define INITIAL_STACK_POINTER ((cyisraddress)(uint32)&Image$$ARM_LIB_STACK$$ZI$$Limit)
  35:.\Generated_Source\PSoC5/Cm3Start.c **** #elif defined (__GNUC__)
  36:.\Generated_Source\PSoC5/Cm3Start.c ****     #define INITIAL_STACK_POINTER (&__cy_stack)
  37:.\Generated_Source\PSoC5/Cm3Start.c **** #elif defined (__ICCARM__)
  38:.\Generated_Source\PSoC5/Cm3Start.c ****     #pragma language=extended
  39:.\Generated_Source\PSoC5/Cm3Start.c ****     #pragma segment="CSTACK"
  40:.\Generated_Source\PSoC5/Cm3Start.c ****     #define INITIAL_STACK_POINTER  { .__ptr = __sfe( "CSTACK" ) }
  41:.\Generated_Source\PSoC5/Cm3Start.c **** 
  42:.\Generated_Source\PSoC5/Cm3Start.c ****     extern void __iar_program_start( void );
  43:.\Generated_Source\PSoC5/Cm3Start.c ****     extern void __iar_data_init3 (void);
  44:.\Generated_Source\PSoC5/Cm3Start.c **** #endif  /* (__ARMCC_VERSION) */
  45:.\Generated_Source\PSoC5/Cm3Start.c **** 
  46:.\Generated_Source\PSoC5/Cm3Start.c **** #if defined(__GNUC__)
  47:.\Generated_Source\PSoC5/Cm3Start.c ****     #include <errno.h>
  48:.\Generated_Source\PSoC5/Cm3Start.c ****     extern int  errno;
  49:.\Generated_Source\PSoC5/Cm3Start.c ****     extern int  end;
  50:.\Generated_Source\PSoC5/Cm3Start.c **** #endif  /* defined(__GNUC__) */
  51:.\Generated_Source\PSoC5/Cm3Start.c **** 
  52:.\Generated_Source\PSoC5/Cm3Start.c **** /* Extern functions */
  53:.\Generated_Source\PSoC5/Cm3Start.c **** extern void CyBtldr_CheckLaunch(void);
  54:.\Generated_Source\PSoC5/Cm3Start.c **** 
  55:.\Generated_Source\PSoC5/Cm3Start.c **** /* Function prototypes */
  56:.\Generated_Source\PSoC5/Cm3Start.c **** void initialize_psoc(void);
  57:.\Generated_Source\PSoC5/Cm3Start.c **** CY_ISR(IntDefaultHandler);
  58:.\Generated_Source\PSoC5/Cm3Start.c **** void Reset(void);
  59:.\Generated_Source\PSoC5/Cm3Start.c **** CY_ISR(IntDefaultHandler);
  60:.\Generated_Source\PSoC5/Cm3Start.c **** 
  61:.\Generated_Source\PSoC5/Cm3Start.c **** /* Global variables */
  62:.\Generated_Source\PSoC5/Cm3Start.c **** #if !defined (__ICCARM__)
  63:.\Generated_Source\PSoC5/Cm3Start.c ****     CY_NOINIT static uint32 cySysNoInitDataValid;
  64:.\Generated_Source\PSoC5/Cm3Start.c **** #endif  /* !defined (__ICCARM__) */
  65:.\Generated_Source\PSoC5/Cm3Start.c **** 
  66:.\Generated_Source\PSoC5/Cm3Start.c **** 
  67:.\Generated_Source\PSoC5/Cm3Start.c **** /*******************************************************************************
ARM GAS  C:\Users\DGILLI~1\AppData\Local\Temp\ccPGgrj3.s 			page 3


  68:.\Generated_Source\PSoC5/Cm3Start.c **** * Default Ram Interrupt Vector table storage area. Must be 256-byte aligned.
  69:.\Generated_Source\PSoC5/Cm3Start.c **** *******************************************************************************/
  70:.\Generated_Source\PSoC5/Cm3Start.c **** #if defined (__ICCARM__)
  71:.\Generated_Source\PSoC5/Cm3Start.c ****     #pragma location=".ramvectors"
  72:.\Generated_Source\PSoC5/Cm3Start.c ****     #pragma data_alignment=256
  73:.\Generated_Source\PSoC5/Cm3Start.c **** #else
  74:.\Generated_Source\PSoC5/Cm3Start.c ****     CY_SECTION(".ramvectors")
  75:.\Generated_Source\PSoC5/Cm3Start.c ****     CY_ALIGN(256)
  76:.\Generated_Source\PSoC5/Cm3Start.c **** #endif  /* defined (__ICCARM__) */
  77:.\Generated_Source\PSoC5/Cm3Start.c **** cyisraddress CyRamVectors[CY_NUM_VECTORS];
  78:.\Generated_Source\PSoC5/Cm3Start.c **** 
  79:.\Generated_Source\PSoC5/Cm3Start.c **** 
  80:.\Generated_Source\PSoC5/Cm3Start.c **** /*******************************************************************************
  81:.\Generated_Source\PSoC5/Cm3Start.c **** * Function Name: IntDefaultHandler
  82:.\Generated_Source\PSoC5/Cm3Start.c **** ********************************************************************************
  83:.\Generated_Source\PSoC5/Cm3Start.c **** *
  84:.\Generated_Source\PSoC5/Cm3Start.c **** * Summary:
  85:.\Generated_Source\PSoC5/Cm3Start.c **** *  This function is called for all interrupts, other than a reset that gets
  86:.\Generated_Source\PSoC5/Cm3Start.c **** *  called before the system is setup.
  87:.\Generated_Source\PSoC5/Cm3Start.c **** *
  88:.\Generated_Source\PSoC5/Cm3Start.c **** * Parameters:
  89:.\Generated_Source\PSoC5/Cm3Start.c **** *  None
  90:.\Generated_Source\PSoC5/Cm3Start.c **** *
  91:.\Generated_Source\PSoC5/Cm3Start.c **** * Return:
  92:.\Generated_Source\PSoC5/Cm3Start.c **** *  None
  93:.\Generated_Source\PSoC5/Cm3Start.c **** *
  94:.\Generated_Source\PSoC5/Cm3Start.c **** * Theory:
  95:.\Generated_Source\PSoC5/Cm3Start.c **** *  Any value other than zero is acceptable.
  96:.\Generated_Source\PSoC5/Cm3Start.c **** *
  97:.\Generated_Source\PSoC5/Cm3Start.c **** *******************************************************************************/
  98:.\Generated_Source\PSoC5/Cm3Start.c **** CY_ISR(IntDefaultHandler)
  99:.\Generated_Source\PSoC5/Cm3Start.c **** {
  40              		.loc 1 99 0
  41              		.cfi_startproc
  42              		@ args = 0, pretend = 0, frame = 0
  43              		@ frame_needed = 1, uses_anonymous_args = 0
  44              		@ link register save eliminated.
  45 0000 80B4     		push	{r7}
  46              		.cfi_def_cfa_offset 4
  47              		.cfi_offset 7, -4
  48 0002 00AF     		add	r7, sp, #0
  49              		.cfi_def_cfa_register 7
  50              	.L2:
 100:.\Generated_Source\PSoC5/Cm3Start.c ****     #ifdef CY_BOOT_INT_DEFAULT_HANDLER_EXCEPTION_ENTRY_CALLBACK
 101:.\Generated_Source\PSoC5/Cm3Start.c ****         CyBoot_IntDefaultHandler_Exception_EntryCallback();
 102:.\Generated_Source\PSoC5/Cm3Start.c ****     #endif /* CY_BOOT_INT_DEFAULT_HANDLER_EXCEPTION_ENTRY_CALLBACK */
 103:.\Generated_Source\PSoC5/Cm3Start.c **** 
 104:.\Generated_Source\PSoC5/Cm3Start.c ****     while(1)
 105:.\Generated_Source\PSoC5/Cm3Start.c ****     {
 106:.\Generated_Source\PSoC5/Cm3Start.c ****         /***********************************************************************
 107:.\Generated_Source\PSoC5/Cm3Start.c ****         * We must not get here. If we do, a serious problem occurs, so go
 108:.\Generated_Source\PSoC5/Cm3Start.c ****         * into an infinite loop.
 109:.\Generated_Source\PSoC5/Cm3Start.c ****         ***********************************************************************/
 110:.\Generated_Source\PSoC5/Cm3Start.c ****     }
  51              		.loc 1 110 0 discriminator 1
  52 0004 FEE7     		b	.L2
  53              		.cfi_endproc
ARM GAS  C:\Users\DGILLI~1\AppData\Local\Temp\ccPGgrj3.s 			page 4


  54              	.LFE0:
  55              		.size	IntDefaultHandler, .-IntDefaultHandler
  56              		.section	.text._exit,"ax",%progbits
  57              		.align	2
  58              		.weak	_exit
  59              		.thumb
  60              		.thumb_func
  61              		.type	_exit, %function
  62              	_exit:
  63              	.LFB1:
 111:.\Generated_Source\PSoC5/Cm3Start.c **** }
 112:.\Generated_Source\PSoC5/Cm3Start.c **** 
 113:.\Generated_Source\PSoC5/Cm3Start.c **** 
 114:.\Generated_Source\PSoC5/Cm3Start.c **** #if defined(__ARMCC_VERSION)
 115:.\Generated_Source\PSoC5/Cm3Start.c **** 
 116:.\Generated_Source\PSoC5/Cm3Start.c **** /* Local function for device reset. */
 117:.\Generated_Source\PSoC5/Cm3Start.c **** extern void Reset(void);
 118:.\Generated_Source\PSoC5/Cm3Start.c **** 
 119:.\Generated_Source\PSoC5/Cm3Start.c **** /* Application entry point. */
 120:.\Generated_Source\PSoC5/Cm3Start.c **** extern void $Super$$main(void);
 121:.\Generated_Source\PSoC5/Cm3Start.c **** 
 122:.\Generated_Source\PSoC5/Cm3Start.c **** /* Linker-generated Stack Base addresses, Two Region and One Region */
 123:.\Generated_Source\PSoC5/Cm3Start.c **** extern uint32 Image$$ARM_LIB_STACK$$ZI$$Limit;
 124:.\Generated_Source\PSoC5/Cm3Start.c **** 
 125:.\Generated_Source\PSoC5/Cm3Start.c **** /* RealView C Library initialization. */
 126:.\Generated_Source\PSoC5/Cm3Start.c **** extern int __main(void);
 127:.\Generated_Source\PSoC5/Cm3Start.c **** 
 128:.\Generated_Source\PSoC5/Cm3Start.c **** 
 129:.\Generated_Source\PSoC5/Cm3Start.c **** /*******************************************************************************
 130:.\Generated_Source\PSoC5/Cm3Start.c **** * Function Name: Reset
 131:.\Generated_Source\PSoC5/Cm3Start.c **** ********************************************************************************
 132:.\Generated_Source\PSoC5/Cm3Start.c **** *
 133:.\Generated_Source\PSoC5/Cm3Start.c **** * Summary:
 134:.\Generated_Source\PSoC5/Cm3Start.c **** *  This function handles the reset interrupt for the RVDS/MDK toolchains.
 135:.\Generated_Source\PSoC5/Cm3Start.c **** *  This is the first bit of code that is executed at startup.
 136:.\Generated_Source\PSoC5/Cm3Start.c **** *
 137:.\Generated_Source\PSoC5/Cm3Start.c **** * Parameters:
 138:.\Generated_Source\PSoC5/Cm3Start.c **** *  None
 139:.\Generated_Source\PSoC5/Cm3Start.c **** *
 140:.\Generated_Source\PSoC5/Cm3Start.c **** * Return:
 141:.\Generated_Source\PSoC5/Cm3Start.c **** *  None
 142:.\Generated_Source\PSoC5/Cm3Start.c **** *
 143:.\Generated_Source\PSoC5/Cm3Start.c **** *******************************************************************************/
 144:.\Generated_Source\PSoC5/Cm3Start.c **** void Reset(void)
 145:.\Generated_Source\PSoC5/Cm3Start.c **** {
 146:.\Generated_Source\PSoC5/Cm3Start.c ****     #if(CYDEV_PROJ_TYPE != CYDEV_PROJ_TYPE_LOADABLE && CYDEV_PROJ_TYPE != CYDEV_PROJ_TYPE_LOADABLEA
 147:.\Generated_Source\PSoC5/Cm3Start.c **** 
 148:.\Generated_Source\PSoC5/Cm3Start.c ****         /* For PSoC 5LP, debugging is enabled by default */
 149:.\Generated_Source\PSoC5/Cm3Start.c ****         #if(CYDEV_DEBUGGING_ENABLE == 0)
 150:.\Generated_Source\PSoC5/Cm3Start.c ****             *(reg32 *)(CYDEV_DEBUG_ENABLE_REGISTER) |= CYDEV_DEBUG_ENABLE_MASK;
 151:.\Generated_Source\PSoC5/Cm3Start.c ****         #endif /* (CYDEV_DEBUGGING_ENABLE) */
 152:.\Generated_Source\PSoC5/Cm3Start.c **** 
 153:.\Generated_Source\PSoC5/Cm3Start.c ****         /* Reset Status Register has Read-to-clear SW access mode.
 154:.\Generated_Source\PSoC5/Cm3Start.c ****         * Preserve current RESET_SR0 state to make it available for next reading.
 155:.\Generated_Source\PSoC5/Cm3Start.c ****         */
 156:.\Generated_Source\PSoC5/Cm3Start.c ****         *(reg32 *)(CYREG_PHUB_CFGMEM23_CFG1) = *(reg32 *)(CYREG_RESET_SR0);
 157:.\Generated_Source\PSoC5/Cm3Start.c **** 
ARM GAS  C:\Users\DGILLI~1\AppData\Local\Temp\ccPGgrj3.s 			page 5


 158:.\Generated_Source\PSoC5/Cm3Start.c ****     #endif  /* (CYDEV_PROJ_TYPE != CYDEV_PROJ_TYPE_LOADABLE && CYDEV_PROJ_TYPE != CYDEV_PROJ_TYPE_L
 159:.\Generated_Source\PSoC5/Cm3Start.c **** 
 160:.\Generated_Source\PSoC5/Cm3Start.c ****     #if ((CYDEV_BOOTLOADER_ENABLE) && (CYDEV_PROJ_TYPE != CYDEV_PROJ_TYPE_LOADABLEANDBOOTLOADER))
 161:.\Generated_Source\PSoC5/Cm3Start.c ****         CyBtldr_CheckLaunch();
 162:.\Generated_Source\PSoC5/Cm3Start.c ****     #endif /* ((CYDEV_BOOTLOADER_ENABLE) && (CYDEV_PROJ_TYPE != CYDEV_PROJ_TYPE_LOADABLEANDBOOTLOAD
 163:.\Generated_Source\PSoC5/Cm3Start.c **** 
 164:.\Generated_Source\PSoC5/Cm3Start.c ****     __main();
 165:.\Generated_Source\PSoC5/Cm3Start.c **** }
 166:.\Generated_Source\PSoC5/Cm3Start.c **** 
 167:.\Generated_Source\PSoC5/Cm3Start.c **** 
 168:.\Generated_Source\PSoC5/Cm3Start.c **** /*******************************************************************************
 169:.\Generated_Source\PSoC5/Cm3Start.c **** * Function Name: $Sub$$main
 170:.\Generated_Source\PSoC5/Cm3Start.c **** ********************************************************************************
 171:.\Generated_Source\PSoC5/Cm3Start.c **** *
 172:.\Generated_Source\PSoC5/Cm3Start.c **** * Summary:
 173:.\Generated_Source\PSoC5/Cm3Start.c **** *  This function is called immediately before the users main
 174:.\Generated_Source\PSoC5/Cm3Start.c **** *
 175:.\Generated_Source\PSoC5/Cm3Start.c **** * Parameters:
 176:.\Generated_Source\PSoC5/Cm3Start.c **** *  None
 177:.\Generated_Source\PSoC5/Cm3Start.c **** *
 178:.\Generated_Source\PSoC5/Cm3Start.c **** * Return:
 179:.\Generated_Source\PSoC5/Cm3Start.c **** *  None
 180:.\Generated_Source\PSoC5/Cm3Start.c **** *
 181:.\Generated_Source\PSoC5/Cm3Start.c **** *******************************************************************************/
 182:.\Generated_Source\PSoC5/Cm3Start.c **** void $Sub$$main(void)
 183:.\Generated_Source\PSoC5/Cm3Start.c **** {
 184:.\Generated_Source\PSoC5/Cm3Start.c ****     initialize_psoc();
 185:.\Generated_Source\PSoC5/Cm3Start.c **** 
 186:.\Generated_Source\PSoC5/Cm3Start.c ****     /* Call original main */
 187:.\Generated_Source\PSoC5/Cm3Start.c ****     $Super$$main();
 188:.\Generated_Source\PSoC5/Cm3Start.c **** 
 189:.\Generated_Source\PSoC5/Cm3Start.c ****     while (1)
 190:.\Generated_Source\PSoC5/Cm3Start.c ****     {
 191:.\Generated_Source\PSoC5/Cm3Start.c ****         /* If main returns, it is undefined what we should do. */
 192:.\Generated_Source\PSoC5/Cm3Start.c ****     }
 193:.\Generated_Source\PSoC5/Cm3Start.c **** }
 194:.\Generated_Source\PSoC5/Cm3Start.c **** 
 195:.\Generated_Source\PSoC5/Cm3Start.c **** #elif defined(__GNUC__)
 196:.\Generated_Source\PSoC5/Cm3Start.c **** 
 197:.\Generated_Source\PSoC5/Cm3Start.c **** void Start_c(void);
 198:.\Generated_Source\PSoC5/Cm3Start.c **** 
 199:.\Generated_Source\PSoC5/Cm3Start.c **** /* Stack Base address */
 200:.\Generated_Source\PSoC5/Cm3Start.c **** extern void __cy_stack(void);
 201:.\Generated_Source\PSoC5/Cm3Start.c **** 
 202:.\Generated_Source\PSoC5/Cm3Start.c **** /* Application entry point. */
 203:.\Generated_Source\PSoC5/Cm3Start.c **** extern int main(void);
 204:.\Generated_Source\PSoC5/Cm3Start.c **** 
 205:.\Generated_Source\PSoC5/Cm3Start.c **** /* Static objects constructors initializer */
 206:.\Generated_Source\PSoC5/Cm3Start.c **** extern void __libc_init_array(void);
 207:.\Generated_Source\PSoC5/Cm3Start.c **** 
 208:.\Generated_Source\PSoC5/Cm3Start.c **** typedef unsigned char __cy_byte_align8 __attribute ((aligned (8)));
 209:.\Generated_Source\PSoC5/Cm3Start.c **** 
 210:.\Generated_Source\PSoC5/Cm3Start.c **** struct __cy_region
 211:.\Generated_Source\PSoC5/Cm3Start.c **** {
 212:.\Generated_Source\PSoC5/Cm3Start.c ****     __cy_byte_align8 *init; /* Initial contents of this region.  */
 213:.\Generated_Source\PSoC5/Cm3Start.c ****     __cy_byte_align8 *data; /* Start address of region.  */
 214:.\Generated_Source\PSoC5/Cm3Start.c ****     size_t init_size;       /* Size of initial data.  */
ARM GAS  C:\Users\DGILLI~1\AppData\Local\Temp\ccPGgrj3.s 			page 6


 215:.\Generated_Source\PSoC5/Cm3Start.c ****     size_t zero_size;       /* Additional size to be zeroed.  */
 216:.\Generated_Source\PSoC5/Cm3Start.c **** };
 217:.\Generated_Source\PSoC5/Cm3Start.c **** 
 218:.\Generated_Source\PSoC5/Cm3Start.c **** extern const struct __cy_region __cy_regions[];
 219:.\Generated_Source\PSoC5/Cm3Start.c **** extern const char __cy_region_num __attribute__((weak));
 220:.\Generated_Source\PSoC5/Cm3Start.c **** #define __cy_region_num ((size_t)&__cy_region_num)
 221:.\Generated_Source\PSoC5/Cm3Start.c **** 
 222:.\Generated_Source\PSoC5/Cm3Start.c **** 
 223:.\Generated_Source\PSoC5/Cm3Start.c **** /*******************************************************************************
 224:.\Generated_Source\PSoC5/Cm3Start.c **** * System Calls of the Red Hat newlib C Library
 225:.\Generated_Source\PSoC5/Cm3Start.c **** *******************************************************************************/
 226:.\Generated_Source\PSoC5/Cm3Start.c **** 
 227:.\Generated_Source\PSoC5/Cm3Start.c **** 
 228:.\Generated_Source\PSoC5/Cm3Start.c **** /*******************************************************************************
 229:.\Generated_Source\PSoC5/Cm3Start.c **** * Function Name: _exit
 230:.\Generated_Source\PSoC5/Cm3Start.c **** ********************************************************************************
 231:.\Generated_Source\PSoC5/Cm3Start.c **** *
 232:.\Generated_Source\PSoC5/Cm3Start.c **** * Summary:
 233:.\Generated_Source\PSoC5/Cm3Start.c **** *  Exit a program without cleaning up files. If your system doesn't provide
 234:.\Generated_Source\PSoC5/Cm3Start.c **** *  this, it is best to avoid linking with subroutines that require it (exit,
 235:.\Generated_Source\PSoC5/Cm3Start.c **** *  system).
 236:.\Generated_Source\PSoC5/Cm3Start.c **** *
 237:.\Generated_Source\PSoC5/Cm3Start.c **** * Parameters:
 238:.\Generated_Source\PSoC5/Cm3Start.c **** *  status: Status caused program exit.
 239:.\Generated_Source\PSoC5/Cm3Start.c **** *
 240:.\Generated_Source\PSoC5/Cm3Start.c **** * Return:
 241:.\Generated_Source\PSoC5/Cm3Start.c **** *  None
 242:.\Generated_Source\PSoC5/Cm3Start.c **** *
 243:.\Generated_Source\PSoC5/Cm3Start.c **** *******************************************************************************/
 244:.\Generated_Source\PSoC5/Cm3Start.c **** __attribute__((weak))
 245:.\Generated_Source\PSoC5/Cm3Start.c **** void _exit(int status)
 246:.\Generated_Source\PSoC5/Cm3Start.c **** {
  64              		.loc 1 246 0
  65              		.cfi_startproc
  66              		@ args = 0, pretend = 0, frame = 8
  67              		@ frame_needed = 1, uses_anonymous_args = 0
  68 0000 80B5     		push	{r7, lr}
  69              		.cfi_def_cfa_offset 8
  70              		.cfi_offset 7, -8
  71              		.cfi_offset 14, -4
  72 0002 82B0     		sub	sp, sp, #8
  73              		.cfi_def_cfa_offset 16
  74 0004 00AF     		add	r7, sp, #0
  75              		.cfi_def_cfa_register 7
  76 0006 7860     		str	r0, [r7, #4]
 247:.\Generated_Source\PSoC5/Cm3Start.c ****     CyHalt((uint8) status);
  77              		.loc 1 247 0
  78 0008 7B68     		ldr	r3, [r7, #4]
  79 000a DBB2     		uxtb	r3, r3
  80 000c 1846     		mov	r0, r3
  81 000e FFF7FEFF 		bl	CyHalt
  82              	.L4:
 248:.\Generated_Source\PSoC5/Cm3Start.c ****     while(1)
 249:.\Generated_Source\PSoC5/Cm3Start.c ****     {
 250:.\Generated_Source\PSoC5/Cm3Start.c **** 
 251:.\Generated_Source\PSoC5/Cm3Start.c ****     }
  83              		.loc 1 251 0 discriminator 1
ARM GAS  C:\Users\DGILLI~1\AppData\Local\Temp\ccPGgrj3.s 			page 7


  84 0012 FEE7     		b	.L4
  85              		.cfi_endproc
  86              	.LFE1:
  87              		.size	_exit, .-_exit
  88              		.section	.text._sbrk,"ax",%progbits
  89              		.align	2
  90              		.weak	_sbrk
  91              		.thumb
  92              		.thumb_func
  93              		.type	_sbrk, %function
  94              	_sbrk:
  95              	.LFB2:
 252:.\Generated_Source\PSoC5/Cm3Start.c **** }
 253:.\Generated_Source\PSoC5/Cm3Start.c **** 
 254:.\Generated_Source\PSoC5/Cm3Start.c **** 
 255:.\Generated_Source\PSoC5/Cm3Start.c **** /*******************************************************************************
 256:.\Generated_Source\PSoC5/Cm3Start.c **** * Function Name: _sbrk
 257:.\Generated_Source\PSoC5/Cm3Start.c **** ********************************************************************************
 258:.\Generated_Source\PSoC5/Cm3Start.c **** *
 259:.\Generated_Source\PSoC5/Cm3Start.c **** * Summary:
 260:.\Generated_Source\PSoC5/Cm3Start.c **** *  Increase program data space. As malloc and related functions depend on this,
 261:.\Generated_Source\PSoC5/Cm3Start.c **** *  it is useful to have a working implementation. The following suffices for a
 262:.\Generated_Source\PSoC5/Cm3Start.c **** *  standalone system; it exploits the symbol end automatically defined by the
 263:.\Generated_Source\PSoC5/Cm3Start.c **** *  GNU linker.
 264:.\Generated_Source\PSoC5/Cm3Start.c **** *
 265:.\Generated_Source\PSoC5/Cm3Start.c **** * Parameters:
 266:.\Generated_Source\PSoC5/Cm3Start.c **** *  nbytes: The number of bytes requested (if the parameter value is positive)
 267:.\Generated_Source\PSoC5/Cm3Start.c **** *  from the heap or returned back to the heap (if the parameter value is
 268:.\Generated_Source\PSoC5/Cm3Start.c **** *  negative).
 269:.\Generated_Source\PSoC5/Cm3Start.c **** *
 270:.\Generated_Source\PSoC5/Cm3Start.c **** * Return:
 271:.\Generated_Source\PSoC5/Cm3Start.c **** *  None
 272:.\Generated_Source\PSoC5/Cm3Start.c **** *
 273:.\Generated_Source\PSoC5/Cm3Start.c **** *******************************************************************************/
 274:.\Generated_Source\PSoC5/Cm3Start.c **** __attribute__((weak))
 275:.\Generated_Source\PSoC5/Cm3Start.c **** void * _sbrk (int nbytes)
 276:.\Generated_Source\PSoC5/Cm3Start.c **** {
  96              		.loc 1 276 0
  97              		.cfi_startproc
  98              		@ args = 0, pretend = 0, frame = 16
  99              		@ frame_needed = 1, uses_anonymous_args = 0
 100 0000 80B5     		push	{r7, lr}
 101              		.cfi_def_cfa_offset 8
 102              		.cfi_offset 7, -8
 103              		.cfi_offset 14, -4
 104 0002 84B0     		sub	sp, sp, #16
 105              		.cfi_def_cfa_offset 24
 106 0004 00AF     		add	r7, sp, #0
 107              		.cfi_def_cfa_register 7
 108 0006 7860     		str	r0, [r7, #4]
 277:.\Generated_Source\PSoC5/Cm3Start.c ****     extern int  end;            /* Symbol defined by linker map. Start of free memory (as symbol). 
 278:.\Generated_Source\PSoC5/Cm3Start.c ****     void *      returnValue;
 279:.\Generated_Source\PSoC5/Cm3Start.c **** 
 280:.\Generated_Source\PSoC5/Cm3Start.c ****     /* The statically held previous end of the heap, with its initialization. */
 281:.\Generated_Source\PSoC5/Cm3Start.c ****     static void *heapPointer = (void *) &end;                 /* Previous end */
 282:.\Generated_Source\PSoC5/Cm3Start.c **** 
 283:.\Generated_Source\PSoC5/Cm3Start.c ****     if (((heapPointer + nbytes) - (void *) &end) <= CYDEV_HEAP_SIZE)
ARM GAS  C:\Users\DGILLI~1\AppData\Local\Temp\ccPGgrj3.s 			page 8


 109              		.loc 1 283 0
 110 0008 0F4B     		ldr	r3, .L9
 111 000a 1A68     		ldr	r2, [r3]
 112 000c 7B68     		ldr	r3, [r7, #4]
 113 000e 1344     		add	r3, r3, r2
 114 0010 1A46     		mov	r2, r3
 115 0012 0E4B     		ldr	r3, .L9+4
 116 0014 D31A     		subs	r3, r2, r3
 117 0016 802B     		cmp	r3, #128
 118 0018 09DC     		bgt	.L6
 284:.\Generated_Source\PSoC5/Cm3Start.c ****     {
 285:.\Generated_Source\PSoC5/Cm3Start.c ****         returnValue  = heapPointer;
 119              		.loc 1 285 0
 120 001a 0B4B     		ldr	r3, .L9
 121 001c 1B68     		ldr	r3, [r3]
 122 001e FB60     		str	r3, [r7, #12]
 286:.\Generated_Source\PSoC5/Cm3Start.c ****         heapPointer += nbytes;
 123              		.loc 1 286 0
 124 0020 094B     		ldr	r3, .L9
 125 0022 1A68     		ldr	r2, [r3]
 126 0024 7B68     		ldr	r3, [r7, #4]
 127 0026 1344     		add	r3, r3, r2
 128 0028 074A     		ldr	r2, .L9
 129 002a 1360     		str	r3, [r2]
 130 002c 07E0     		b	.L7
 131              	.L6:
 287:.\Generated_Source\PSoC5/Cm3Start.c ****     }
 288:.\Generated_Source\PSoC5/Cm3Start.c ****     else
 289:.\Generated_Source\PSoC5/Cm3Start.c ****     {
 290:.\Generated_Source\PSoC5/Cm3Start.c ****         errno = ENOMEM;
 132              		.loc 1 290 0
 133 002e FFF7FEFF 		bl	__errno
 134 0032 0246     		mov	r2, r0
 135 0034 0C23     		movs	r3, #12
 136 0036 1360     		str	r3, [r2]
 291:.\Generated_Source\PSoC5/Cm3Start.c ****         returnValue = (void *) -1;
 137              		.loc 1 291 0
 138 0038 4FF0FF33 		mov	r3, #-1
 139 003c FB60     		str	r3, [r7, #12]
 140              	.L7:
 292:.\Generated_Source\PSoC5/Cm3Start.c ****     }
 293:.\Generated_Source\PSoC5/Cm3Start.c **** 
 294:.\Generated_Source\PSoC5/Cm3Start.c ****     return (returnValue);
 141              		.loc 1 294 0
 142 003e FB68     		ldr	r3, [r7, #12]
 295:.\Generated_Source\PSoC5/Cm3Start.c **** }
 143              		.loc 1 295 0
 144 0040 1846     		mov	r0, r3
 145 0042 1037     		adds	r7, r7, #16
 146              		.cfi_def_cfa_offset 8
 147 0044 BD46     		mov	sp, r7
 148              		.cfi_def_cfa_register 13
 149              		@ sp needed
 150 0046 80BD     		pop	{r7, pc}
 151              	.L10:
 152              		.align	2
 153              	.L9:
ARM GAS  C:\Users\DGILLI~1\AppData\Local\Temp\ccPGgrj3.s 			page 9


 154 0048 00000000 		.word	heapPointer.4942
 155 004c 00000000 		.word	end
 156              		.cfi_endproc
 157              	.LFE2:
 158              		.size	_sbrk, .-_sbrk
 159              		.section	.text.Reset,"ax",%progbits
 160              		.align	2
 161              		.global	Reset
 162              		.thumb
 163              		.thumb_func
 164              		.type	Reset, %function
 165              	Reset:
 166              	.LFB3:
 296:.\Generated_Source\PSoC5/Cm3Start.c **** 
 297:.\Generated_Source\PSoC5/Cm3Start.c **** 
 298:.\Generated_Source\PSoC5/Cm3Start.c **** /*******************************************************************************
 299:.\Generated_Source\PSoC5/Cm3Start.c **** * Function Name: Reset
 300:.\Generated_Source\PSoC5/Cm3Start.c **** ********************************************************************************
 301:.\Generated_Source\PSoC5/Cm3Start.c **** *
 302:.\Generated_Source\PSoC5/Cm3Start.c **** * Summary:
 303:.\Generated_Source\PSoC5/Cm3Start.c **** *  This function handles the reset interrupt for the GCC toolchain. This is the
 304:.\Generated_Source\PSoC5/Cm3Start.c **** *  first bit of code that is executed at startup.
 305:.\Generated_Source\PSoC5/Cm3Start.c **** *
 306:.\Generated_Source\PSoC5/Cm3Start.c **** * Parameters:
 307:.\Generated_Source\PSoC5/Cm3Start.c **** *  None
 308:.\Generated_Source\PSoC5/Cm3Start.c **** *
 309:.\Generated_Source\PSoC5/Cm3Start.c **** * Return:
 310:.\Generated_Source\PSoC5/Cm3Start.c **** *  None
 311:.\Generated_Source\PSoC5/Cm3Start.c **** *
 312:.\Generated_Source\PSoC5/Cm3Start.c **** *******************************************************************************/
 313:.\Generated_Source\PSoC5/Cm3Start.c **** void Reset(void)
 314:.\Generated_Source\PSoC5/Cm3Start.c **** {
 167              		.loc 1 314 0
 168              		.cfi_startproc
 169              		@ args = 0, pretend = 0, frame = 0
 170              		@ frame_needed = 1, uses_anonymous_args = 0
 171 0000 80B5     		push	{r7, lr}
 172              		.cfi_def_cfa_offset 8
 173              		.cfi_offset 7, -8
 174              		.cfi_offset 14, -4
 175 0002 00AF     		add	r7, sp, #0
 176              		.cfi_def_cfa_register 7
 315:.\Generated_Source\PSoC5/Cm3Start.c ****     #if(CYDEV_PROJ_TYPE != CYDEV_PROJ_TYPE_LOADABLE && CYDEV_PROJ_TYPE != CYDEV_PROJ_TYPE_LOADABLEA
 316:.\Generated_Source\PSoC5/Cm3Start.c **** 
 317:.\Generated_Source\PSoC5/Cm3Start.c ****         /* For PSoC 5LP, debugging is enabled by default */
 318:.\Generated_Source\PSoC5/Cm3Start.c ****         #if(CYDEV_DEBUGGING_ENABLE == 0)
 319:.\Generated_Source\PSoC5/Cm3Start.c ****             *(reg32 *)(CYDEV_DEBUG_ENABLE_REGISTER) |= CYDEV_DEBUG_ENABLE_MASK;
 320:.\Generated_Source\PSoC5/Cm3Start.c ****         #endif /* (CYDEV_DEBUGGING_ENABLE) */
 321:.\Generated_Source\PSoC5/Cm3Start.c **** 
 322:.\Generated_Source\PSoC5/Cm3Start.c ****         /* Reset Status Register has Read-to-clear SW access mode.
 323:.\Generated_Source\PSoC5/Cm3Start.c ****         * Preserve current RESET_SR0 state to make it available for next reading.
 324:.\Generated_Source\PSoC5/Cm3Start.c ****         */
 325:.\Generated_Source\PSoC5/Cm3Start.c ****         *(reg32 *)(CYREG_PHUB_CFGMEM23_CFG1) = *(reg32 *)(CYREG_RESET_SR0);
 177              		.loc 1 325 0
 178 0004 024A     		ldr	r2, .L12
 179 0006 034B     		ldr	r3, .L12+4
 180 0008 1B68     		ldr	r3, [r3]
ARM GAS  C:\Users\DGILLI~1\AppData\Local\Temp\ccPGgrj3.s 			page 10


 181 000a 1360     		str	r3, [r2]
 326:.\Generated_Source\PSoC5/Cm3Start.c **** 
 327:.\Generated_Source\PSoC5/Cm3Start.c ****     #endif  /* (CYDEV_PROJ_TYPE != CYDEV_PROJ_TYPE_LOADABLE && CYDEV_PROJ_TYPE != CYDEV_PROJ_TYPE_L
 328:.\Generated_Source\PSoC5/Cm3Start.c **** 
 329:.\Generated_Source\PSoC5/Cm3Start.c ****     #if ((CYDEV_BOOTLOADER_ENABLE) && (CYDEV_PROJ_TYPE != CYDEV_PROJ_TYPE_LOADABLEANDBOOTLOADER))
 330:.\Generated_Source\PSoC5/Cm3Start.c ****         CyBtldr_CheckLaunch();
 331:.\Generated_Source\PSoC5/Cm3Start.c ****     #endif /* ((CYDEV_BOOTLOADER_ENABLE) && (CYDEV_PROJ_TYPE != CYDEV_PROJ_TYPE_LOADABLEANDBOOTLOAD
 332:.\Generated_Source\PSoC5/Cm3Start.c **** 
 333:.\Generated_Source\PSoC5/Cm3Start.c ****     Start_c();
 182              		.loc 1 333 0
 183 000c FFF7FEFF 		bl	Start_c
 184              	.L13:
 185              		.align	2
 186              	.L12:
 187 0010 BC760040 		.word	1073772220
 188 0014 FA460040 		.word	1073759994
 189              		.cfi_endproc
 190              	.LFE3:
 191              		.size	Reset, .-Reset
 192              		.section	.text.Start_c,"ax",%progbits
 193              		.align	2
 194              		.global	Start_c
 195              		.thumb
 196              		.thumb_func
 197              		.type	Start_c, %function
 198              	Start_c:
 199              	.LFB4:
 334:.\Generated_Source\PSoC5/Cm3Start.c **** }
 335:.\Generated_Source\PSoC5/Cm3Start.c **** 
 336:.\Generated_Source\PSoC5/Cm3Start.c **** 
 337:.\Generated_Source\PSoC5/Cm3Start.c **** /*******************************************************************************
 338:.\Generated_Source\PSoC5/Cm3Start.c **** * Function Name: Start_c
 339:.\Generated_Source\PSoC5/Cm3Start.c **** ********************************************************************************
 340:.\Generated_Source\PSoC5/Cm3Start.c **** *
 341:.\Generated_Source\PSoC5/Cm3Start.c **** * Summary:
 342:.\Generated_Source\PSoC5/Cm3Start.c **** *  This function handles initializing the .data and .bss sections in
 343:.\Generated_Source\PSoC5/Cm3Start.c **** *  preparation for running the standard C code.  Once initialization is complete
 344:.\Generated_Source\PSoC5/Cm3Start.c **** *  it will call main(). This function will never return.
 345:.\Generated_Source\PSoC5/Cm3Start.c **** *
 346:.\Generated_Source\PSoC5/Cm3Start.c **** * Parameters:
 347:.\Generated_Source\PSoC5/Cm3Start.c **** *  None
 348:.\Generated_Source\PSoC5/Cm3Start.c **** *
 349:.\Generated_Source\PSoC5/Cm3Start.c **** * Return:
 350:.\Generated_Source\PSoC5/Cm3Start.c **** *  None
 351:.\Generated_Source\PSoC5/Cm3Start.c **** *
 352:.\Generated_Source\PSoC5/Cm3Start.c **** *******************************************************************************/
 353:.\Generated_Source\PSoC5/Cm3Start.c **** void Start_c(void)  __attribute__ ((noreturn));
 354:.\Generated_Source\PSoC5/Cm3Start.c **** void Start_c(void)
 355:.\Generated_Source\PSoC5/Cm3Start.c **** {
 200              		.loc 1 355 0
 201              		.cfi_startproc
 202              		@ args = 0, pretend = 0, frame = 24
 203              		@ frame_needed = 1, uses_anonymous_args = 0
 204 0000 80B5     		push	{r7, lr}
 205              		.cfi_def_cfa_offset 8
 206              		.cfi_offset 7, -8
 207              		.cfi_offset 14, -4
ARM GAS  C:\Users\DGILLI~1\AppData\Local\Temp\ccPGgrj3.s 			page 11


 208 0002 86B0     		sub	sp, sp, #24
 209              		.cfi_def_cfa_offset 32
 210 0004 00AF     		add	r7, sp, #0
 211              		.cfi_def_cfa_register 7
 356:.\Generated_Source\PSoC5/Cm3Start.c ****     unsigned regions = __cy_region_num;
 212              		.loc 1 356 0
 213 0006 224B     		ldr	r3, .L22
 214 0008 7B61     		str	r3, [r7, #20]
 357:.\Generated_Source\PSoC5/Cm3Start.c ****     const struct __cy_region *rptr = __cy_regions;
 215              		.loc 1 357 0
 216 000a 224B     		ldr	r3, .L22+4
 217 000c 3B61     		str	r3, [r7, #16]
 358:.\Generated_Source\PSoC5/Cm3Start.c **** 
 359:.\Generated_Source\PSoC5/Cm3Start.c ****     /* Initialize memory */
 360:.\Generated_Source\PSoC5/Cm3Start.c ****     for (regions = __cy_region_num; regions != 0u; regions--)
 218              		.loc 1 360 0
 219 000e 204B     		ldr	r3, .L22
 220 0010 7B61     		str	r3, [r7, #20]
 221 0012 35E0     		b	.L15
 222              	.L20:
 223              	.LBB2:
 361:.\Generated_Source\PSoC5/Cm3Start.c ****     {
 362:.\Generated_Source\PSoC5/Cm3Start.c ****         uint32 *src = (uint32 *)rptr->init;
 224              		.loc 1 362 0
 225 0014 3B69     		ldr	r3, [r7, #16]
 226 0016 1B68     		ldr	r3, [r3]
 227 0018 FB60     		str	r3, [r7, #12]
 363:.\Generated_Source\PSoC5/Cm3Start.c ****         uint32 *dst = (uint32 *)rptr->data;
 228              		.loc 1 363 0
 229 001a 3B69     		ldr	r3, [r7, #16]
 230 001c 5B68     		ldr	r3, [r3, #4]
 231 001e BB60     		str	r3, [r7, #8]
 364:.\Generated_Source\PSoC5/Cm3Start.c ****         unsigned limit = rptr->init_size;
 232              		.loc 1 364 0
 233 0020 3B69     		ldr	r3, [r7, #16]
 234 0022 9B68     		ldr	r3, [r3, #8]
 235 0024 3B60     		str	r3, [r7]
 365:.\Generated_Source\PSoC5/Cm3Start.c ****         unsigned count;
 366:.\Generated_Source\PSoC5/Cm3Start.c **** 
 367:.\Generated_Source\PSoC5/Cm3Start.c ****         for (count = 0u; count != limit; count += sizeof (uint32))
 236              		.loc 1 367 0
 237 0026 0023     		movs	r3, #0
 238 0028 7B60     		str	r3, [r7, #4]
 239 002a 0CE0     		b	.L16
 240              	.L17:
 368:.\Generated_Source\PSoC5/Cm3Start.c ****         {
 369:.\Generated_Source\PSoC5/Cm3Start.c ****             *dst = *src;
 241              		.loc 1 369 0 discriminator 3
 242 002c FB68     		ldr	r3, [r7, #12]
 243 002e 1A68     		ldr	r2, [r3]
 244 0030 BB68     		ldr	r3, [r7, #8]
 245 0032 1A60     		str	r2, [r3]
 370:.\Generated_Source\PSoC5/Cm3Start.c ****             dst++;
 246              		.loc 1 370 0 discriminator 3
 247 0034 BB68     		ldr	r3, [r7, #8]
 248 0036 0433     		adds	r3, r3, #4
 249 0038 BB60     		str	r3, [r7, #8]
ARM GAS  C:\Users\DGILLI~1\AppData\Local\Temp\ccPGgrj3.s 			page 12


 371:.\Generated_Source\PSoC5/Cm3Start.c ****             src++;
 250              		.loc 1 371 0 discriminator 3
 251 003a FB68     		ldr	r3, [r7, #12]
 252 003c 0433     		adds	r3, r3, #4
 253 003e FB60     		str	r3, [r7, #12]
 367:.\Generated_Source\PSoC5/Cm3Start.c ****         {
 254              		.loc 1 367 0 discriminator 3
 255 0040 7B68     		ldr	r3, [r7, #4]
 256 0042 0433     		adds	r3, r3, #4
 257 0044 7B60     		str	r3, [r7, #4]
 258              	.L16:
 367:.\Generated_Source\PSoC5/Cm3Start.c ****         {
 259              		.loc 1 367 0 is_stmt 0 discriminator 1
 260 0046 7A68     		ldr	r2, [r7, #4]
 261 0048 3B68     		ldr	r3, [r7]
 262 004a 9A42     		cmp	r2, r3
 263 004c EED1     		bne	.L17
 372:.\Generated_Source\PSoC5/Cm3Start.c ****         }
 373:.\Generated_Source\PSoC5/Cm3Start.c ****         limit = rptr->zero_size;
 264              		.loc 1 373 0 is_stmt 1
 265 004e 3B69     		ldr	r3, [r7, #16]
 266 0050 DB68     		ldr	r3, [r3, #12]
 267 0052 3B60     		str	r3, [r7]
 374:.\Generated_Source\PSoC5/Cm3Start.c ****         for (count = 0u; count != limit; count += sizeof (uint32))
 268              		.loc 1 374 0
 269 0054 0023     		movs	r3, #0
 270 0056 7B60     		str	r3, [r7, #4]
 271 0058 08E0     		b	.L18
 272              	.L19:
 375:.\Generated_Source\PSoC5/Cm3Start.c ****         {
 376:.\Generated_Source\PSoC5/Cm3Start.c ****             *dst = 0u;
 273              		.loc 1 376 0 discriminator 3
 274 005a BB68     		ldr	r3, [r7, #8]
 275 005c 0022     		movs	r2, #0
 276 005e 1A60     		str	r2, [r3]
 377:.\Generated_Source\PSoC5/Cm3Start.c ****             dst++;
 277              		.loc 1 377 0 discriminator 3
 278 0060 BB68     		ldr	r3, [r7, #8]
 279 0062 0433     		adds	r3, r3, #4
 280 0064 BB60     		str	r3, [r7, #8]
 374:.\Generated_Source\PSoC5/Cm3Start.c ****         for (count = 0u; count != limit; count += sizeof (uint32))
 281              		.loc 1 374 0 discriminator 3
 282 0066 7B68     		ldr	r3, [r7, #4]
 283 0068 0433     		adds	r3, r3, #4
 284 006a 7B60     		str	r3, [r7, #4]
 285              	.L18:
 374:.\Generated_Source\PSoC5/Cm3Start.c ****         for (count = 0u; count != limit; count += sizeof (uint32))
 286              		.loc 1 374 0 is_stmt 0 discriminator 1
 287 006c 7A68     		ldr	r2, [r7, #4]
 288 006e 3B68     		ldr	r3, [r7]
 289 0070 9A42     		cmp	r2, r3
 290 0072 F2D1     		bne	.L19
 378:.\Generated_Source\PSoC5/Cm3Start.c ****         }
 379:.\Generated_Source\PSoC5/Cm3Start.c **** 
 380:.\Generated_Source\PSoC5/Cm3Start.c ****         rptr++;
 291              		.loc 1 380 0 is_stmt 1 discriminator 2
 292 0074 3B69     		ldr	r3, [r7, #16]
ARM GAS  C:\Users\DGILLI~1\AppData\Local\Temp\ccPGgrj3.s 			page 13


 293 0076 1033     		adds	r3, r3, #16
 294 0078 3B61     		str	r3, [r7, #16]
 295              	.LBE2:
 360:.\Generated_Source\PSoC5/Cm3Start.c ****     {
 296              		.loc 1 360 0 discriminator 2
 297 007a 7B69     		ldr	r3, [r7, #20]
 298 007c 013B     		subs	r3, r3, #1
 299 007e 7B61     		str	r3, [r7, #20]
 300              	.L15:
 360:.\Generated_Source\PSoC5/Cm3Start.c ****     {
 301              		.loc 1 360 0 is_stmt 0 discriminator 1
 302 0080 7B69     		ldr	r3, [r7, #20]
 303 0082 002B     		cmp	r3, #0
 304 0084 C6D1     		bne	.L20
 381:.\Generated_Source\PSoC5/Cm3Start.c ****     }
 382:.\Generated_Source\PSoC5/Cm3Start.c **** 
 383:.\Generated_Source\PSoC5/Cm3Start.c ****     /* Invoke static objects constructors */
 384:.\Generated_Source\PSoC5/Cm3Start.c ****     __libc_init_array();
 305              		.loc 1 384 0 is_stmt 1
 306 0086 FFF7FEFF 		bl	__libc_init_array
 385:.\Generated_Source\PSoC5/Cm3Start.c ****     (void) main();
 307              		.loc 1 385 0
 308 008a FFF7FEFF 		bl	main
 309              	.L21:
 386:.\Generated_Source\PSoC5/Cm3Start.c **** 
 387:.\Generated_Source\PSoC5/Cm3Start.c ****     while (1)
 388:.\Generated_Source\PSoC5/Cm3Start.c ****     {
 389:.\Generated_Source\PSoC5/Cm3Start.c ****         /* If main returns, make sure we don't return. */
 390:.\Generated_Source\PSoC5/Cm3Start.c ****     }
 310              		.loc 1 390 0 discriminator 1
 311 008e FEE7     		b	.L21
 312              	.L23:
 313              		.align	2
 314              	.L22:
 315 0090 00000000 		.word	__cy_region_num
 316 0094 00000000 		.word	__cy_regions
 317              		.cfi_endproc
 318              	.LFE4:
 319              		.size	Start_c, .-Start_c
 320              		.global	RomVectors
 321              		.section	.romvectors,"a",%progbits
 322              		.align	2
 323              		.type	RomVectors, %object
 324              		.size	RomVectors, 16
 325              	RomVectors:
 326 0000 00000000 		.word	__cy_stack
 327 0004 00000000 		.word	Reset
 328 0008 00000000 		.word	IntDefaultHandler
 329 000c 00000000 		.word	IntDefaultHandler
 330              		.section	.text.initialize_psoc,"ax",%progbits
 331              		.align	2
 332              		.global	initialize_psoc
 333              		.thumb
 334              		.thumb_func
 335              		.type	initialize_psoc, %function
 336              	initialize_psoc:
 337              	.LFB5:
ARM GAS  C:\Users\DGILLI~1\AppData\Local\Temp\ccPGgrj3.s 			page 14


 391:.\Generated_Source\PSoC5/Cm3Start.c **** }
 392:.\Generated_Source\PSoC5/Cm3Start.c **** 
 393:.\Generated_Source\PSoC5/Cm3Start.c **** 
 394:.\Generated_Source\PSoC5/Cm3Start.c **** #elif defined (__ICCARM__)
 395:.\Generated_Source\PSoC5/Cm3Start.c **** 
 396:.\Generated_Source\PSoC5/Cm3Start.c **** /*******************************************************************************
 397:.\Generated_Source\PSoC5/Cm3Start.c **** * Function Name: __low_level_init
 398:.\Generated_Source\PSoC5/Cm3Start.c **** ********************************************************************************
 399:.\Generated_Source\PSoC5/Cm3Start.c **** *
 400:.\Generated_Source\PSoC5/Cm3Start.c **** * Summary:
 401:.\Generated_Source\PSoC5/Cm3Start.c **** *  This function performs early initializations for the IAR Embedded
 402:.\Generated_Source\PSoC5/Cm3Start.c **** *  Workbench IDE. It is executed in the context of a reset interrupt handler
 403:.\Generated_Source\PSoC5/Cm3Start.c **** *  before the data sections are initialized.
 404:.\Generated_Source\PSoC5/Cm3Start.c **** *
 405:.\Generated_Source\PSoC5/Cm3Start.c **** * Parameters:
 406:.\Generated_Source\PSoC5/Cm3Start.c **** *  None
 407:.\Generated_Source\PSoC5/Cm3Start.c **** *
 408:.\Generated_Source\PSoC5/Cm3Start.c **** * Return:
 409:.\Generated_Source\PSoC5/Cm3Start.c **** *  The value that determines whether or not data sections should be initialized
 410:.\Generated_Source\PSoC5/Cm3Start.c **** *  by the system startup code:
 411:.\Generated_Source\PSoC5/Cm3Start.c **** *    0 - skip data sections initialization;
 412:.\Generated_Source\PSoC5/Cm3Start.c **** *    1 - initialize data sections;
 413:.\Generated_Source\PSoC5/Cm3Start.c **** *
 414:.\Generated_Source\PSoC5/Cm3Start.c **** *******************************************************************************/
 415:.\Generated_Source\PSoC5/Cm3Start.c **** int __low_level_init(void)
 416:.\Generated_Source\PSoC5/Cm3Start.c **** {
 417:.\Generated_Source\PSoC5/Cm3Start.c ****     #if (CYDEV_PROJ_TYPE != CYDEV_PROJ_TYPE_LOADABLE && CYDEV_PROJ_TYPE != CYDEV_PROJ_TYPE_LOADABLE
 418:.\Generated_Source\PSoC5/Cm3Start.c **** 
 419:.\Generated_Source\PSoC5/Cm3Start.c ****         /* For PSoC 5LP, debugging is enabled by default */
 420:.\Generated_Source\PSoC5/Cm3Start.c ****         #if(CYDEV_DEBUGGING_ENABLE == 0)
 421:.\Generated_Source\PSoC5/Cm3Start.c ****             *(reg32 *)(CYDEV_DEBUG_ENABLE_REGISTER) |= CYDEV_DEBUG_ENABLE_MASK;
 422:.\Generated_Source\PSoC5/Cm3Start.c ****         #endif /* (CYDEV_DEBUGGING_ENABLE) */
 423:.\Generated_Source\PSoC5/Cm3Start.c **** 
 424:.\Generated_Source\PSoC5/Cm3Start.c ****         /* Reset Status Register has Read-to-clear SW access mode.
 425:.\Generated_Source\PSoC5/Cm3Start.c ****         * Preserve current RESET_SR0 state to make it available for next reading.
 426:.\Generated_Source\PSoC5/Cm3Start.c ****         */
 427:.\Generated_Source\PSoC5/Cm3Start.c ****         *(reg32 *)(CYREG_PHUB_CFGMEM23_CFG1) = *(reg32 *)(CYREG_RESET_SR0);
 428:.\Generated_Source\PSoC5/Cm3Start.c **** 
 429:.\Generated_Source\PSoC5/Cm3Start.c ****     #endif  /* (CYDEV_PROJ_TYPE != CYDEV_PROJ_TYPE_LOADABLE && CYDEV_PROJ_TYPE != CYDEV_PROJ_TYPE_L
 430:.\Generated_Source\PSoC5/Cm3Start.c **** 
 431:.\Generated_Source\PSoC5/Cm3Start.c ****     #if ((CYDEV_BOOTLOADER_ENABLE) && (CYDEV_PROJ_TYPE != CYDEV_PROJ_TYPE_LOADABLEANDBOOTLOADER))
 432:.\Generated_Source\PSoC5/Cm3Start.c ****         CyBtldr_CheckLaunch();
 433:.\Generated_Source\PSoC5/Cm3Start.c ****     #endif /* ((CYDEV_BOOTLOADER_ENABLE) && (CYDEV_PROJ_TYPE != CYDEV_PROJ_TYPE_LOADABLEANDBOOTLOAD
 434:.\Generated_Source\PSoC5/Cm3Start.c **** 
 435:.\Generated_Source\PSoC5/Cm3Start.c ****     /* Initialize data sections */
 436:.\Generated_Source\PSoC5/Cm3Start.c ****     __iar_data_init3();
 437:.\Generated_Source\PSoC5/Cm3Start.c **** 
 438:.\Generated_Source\PSoC5/Cm3Start.c ****     initialize_psoc();
 439:.\Generated_Source\PSoC5/Cm3Start.c **** 
 440:.\Generated_Source\PSoC5/Cm3Start.c ****     return 0;
 441:.\Generated_Source\PSoC5/Cm3Start.c **** }
 442:.\Generated_Source\PSoC5/Cm3Start.c **** 
 443:.\Generated_Source\PSoC5/Cm3Start.c **** #endif /* __GNUC__ */
 444:.\Generated_Source\PSoC5/Cm3Start.c **** 
 445:.\Generated_Source\PSoC5/Cm3Start.c **** 
 446:.\Generated_Source\PSoC5/Cm3Start.c **** /*******************************************************************************
 447:.\Generated_Source\PSoC5/Cm3Start.c **** *
ARM GAS  C:\Users\DGILLI~1\AppData\Local\Temp\ccPGgrj3.s 			page 15


 448:.\Generated_Source\PSoC5/Cm3Start.c **** * Default Rom Interrupt Vector table.
 449:.\Generated_Source\PSoC5/Cm3Start.c **** *
 450:.\Generated_Source\PSoC5/Cm3Start.c **** *******************************************************************************/
 451:.\Generated_Source\PSoC5/Cm3Start.c **** #if defined(__ARMCC_VERSION)
 452:.\Generated_Source\PSoC5/Cm3Start.c ****     /* Suppress diagnostic message 1296-D: extended constant initialiser used */
 453:.\Generated_Source\PSoC5/Cm3Start.c ****     #pragma diag_suppress 1296
 454:.\Generated_Source\PSoC5/Cm3Start.c **** #endif  /* defined(__ARMCC_VERSION) */
 455:.\Generated_Source\PSoC5/Cm3Start.c **** 
 456:.\Generated_Source\PSoC5/Cm3Start.c **** #if defined (__ICCARM__)
 457:.\Generated_Source\PSoC5/Cm3Start.c ****     #pragma location=".romvectors"
 458:.\Generated_Source\PSoC5/Cm3Start.c ****     const intvec_elem __vector_table[CY_NUM_ROM_VECTORS] =
 459:.\Generated_Source\PSoC5/Cm3Start.c **** #else
 460:.\Generated_Source\PSoC5/Cm3Start.c ****     CY_SECTION(".romvectors")
 461:.\Generated_Source\PSoC5/Cm3Start.c ****     const cyisraddress RomVectors[CY_NUM_ROM_VECTORS] =
 462:.\Generated_Source\PSoC5/Cm3Start.c **** #endif  /* defined (__ICCARM__) */
 463:.\Generated_Source\PSoC5/Cm3Start.c **** {
 464:.\Generated_Source\PSoC5/Cm3Start.c ****     INITIAL_STACK_POINTER,   /* Initial stack pointer  0 */
 465:.\Generated_Source\PSoC5/Cm3Start.c ****     #if defined (__ICCARM__) /* Reset handler          1 */
 466:.\Generated_Source\PSoC5/Cm3Start.c ****         __iar_program_start,
 467:.\Generated_Source\PSoC5/Cm3Start.c ****     #else
 468:.\Generated_Source\PSoC5/Cm3Start.c ****         (cyisraddress)&Reset,
 469:.\Generated_Source\PSoC5/Cm3Start.c ****     #endif  /* defined (__ICCARM__) */
 470:.\Generated_Source\PSoC5/Cm3Start.c ****     &IntDefaultHandler,      /* NMI handler            2 */
 471:.\Generated_Source\PSoC5/Cm3Start.c ****     &IntDefaultHandler,      /* Hard fault handler     3 */
 472:.\Generated_Source\PSoC5/Cm3Start.c **** };
 473:.\Generated_Source\PSoC5/Cm3Start.c **** 
 474:.\Generated_Source\PSoC5/Cm3Start.c **** #if defined(__ARMCC_VERSION)
 475:.\Generated_Source\PSoC5/Cm3Start.c ****     #pragma diag_default 1296
 476:.\Generated_Source\PSoC5/Cm3Start.c **** #endif  /* defined(__ARMCC_VERSION) */
 477:.\Generated_Source\PSoC5/Cm3Start.c **** 
 478:.\Generated_Source\PSoC5/Cm3Start.c **** 
 479:.\Generated_Source\PSoC5/Cm3Start.c **** /*******************************************************************************
 480:.\Generated_Source\PSoC5/Cm3Start.c **** * Function Name: initialize_psoc
 481:.\Generated_Source\PSoC5/Cm3Start.c **** ********************************************************************************
 482:.\Generated_Source\PSoC5/Cm3Start.c **** *
 483:.\Generated_Source\PSoC5/Cm3Start.c **** * Summary:
 484:.\Generated_Source\PSoC5/Cm3Start.c **** *  This function used to initialize the PSoC chip before calling main.
 485:.\Generated_Source\PSoC5/Cm3Start.c **** *
 486:.\Generated_Source\PSoC5/Cm3Start.c **** * Parameters:
 487:.\Generated_Source\PSoC5/Cm3Start.c **** *  None
 488:.\Generated_Source\PSoC5/Cm3Start.c **** *
 489:.\Generated_Source\PSoC5/Cm3Start.c **** * Return:
 490:.\Generated_Source\PSoC5/Cm3Start.c **** *  None
 491:.\Generated_Source\PSoC5/Cm3Start.c **** *
 492:.\Generated_Source\PSoC5/Cm3Start.c **** *******************************************************************************/
 493:.\Generated_Source\PSoC5/Cm3Start.c **** #if (defined(__GNUC__) && !defined(__ARMCC_VERSION))
 494:.\Generated_Source\PSoC5/Cm3Start.c **** __attribute__ ((constructor(101)))
 495:.\Generated_Source\PSoC5/Cm3Start.c **** #endif
 496:.\Generated_Source\PSoC5/Cm3Start.c **** void initialize_psoc(void)
 497:.\Generated_Source\PSoC5/Cm3Start.c **** {
 338              		.loc 1 497 0
 339              		.cfi_startproc
 340              		@ args = 0, pretend = 0, frame = 8
 341              		@ frame_needed = 1, uses_anonymous_args = 0
 342 0000 80B5     		push	{r7, lr}
 343              		.cfi_def_cfa_offset 8
 344              		.cfi_offset 7, -8
ARM GAS  C:\Users\DGILLI~1\AppData\Local\Temp\ccPGgrj3.s 			page 16


 345              		.cfi_offset 14, -4
 346 0002 82B0     		sub	sp, sp, #8
 347              		.cfi_def_cfa_offset 16
 348 0004 00AF     		add	r7, sp, #0
 349              		.cfi_def_cfa_register 7
 498:.\Generated_Source\PSoC5/Cm3Start.c ****     uint32 i;
 499:.\Generated_Source\PSoC5/Cm3Start.c **** 
 500:.\Generated_Source\PSoC5/Cm3Start.c ****     /* Set Priority group 5. */
 501:.\Generated_Source\PSoC5/Cm3Start.c **** 
 502:.\Generated_Source\PSoC5/Cm3Start.c ****     /* Writes to NVIC_APINT register require the VECTKEY in the upper half */
 503:.\Generated_Source\PSoC5/Cm3Start.c ****     *CY_NVIC_APINT_PTR = CY_NVIC_APINT_VECTKEY | CY_NVIC_APINT_PRIGROUP_3_5;
 350              		.loc 1 503 0
 351 0006 174B     		ldr	r3, .L29
 352 0008 174A     		ldr	r2, .L29+4
 353 000a 1A60     		str	r2, [r3]
 504:.\Generated_Source\PSoC5/Cm3Start.c ****     *CY_NVIC_CFG_CTRL_PTR |= CY_NVIC_CFG_STACKALIGN;
 354              		.loc 1 504 0
 355 000c 174A     		ldr	r2, .L29+8
 356 000e 174B     		ldr	r3, .L29+8
 357 0010 1B68     		ldr	r3, [r3]
 358 0012 43F40073 		orr	r3, r3, #512
 359 0016 1360     		str	r3, [r2]
 505:.\Generated_Source\PSoC5/Cm3Start.c **** 
 506:.\Generated_Source\PSoC5/Cm3Start.c ****     /* Set Ram interrupt vectors to default functions. */
 507:.\Generated_Source\PSoC5/Cm3Start.c ****     for (i = 0u; i < CY_NUM_VECTORS; i++)
 360              		.loc 1 507 0
 361 0018 0023     		movs	r3, #0
 362 001a 7B60     		str	r3, [r7, #4]
 363 001c 0FE0     		b	.L25
 364              	.L28:
 508:.\Generated_Source\PSoC5/Cm3Start.c ****     {
 509:.\Generated_Source\PSoC5/Cm3Start.c ****         #if defined (__ICCARM__)
 510:.\Generated_Source\PSoC5/Cm3Start.c ****             CyRamVectors[i] = (i < CY_NUM_ROM_VECTORS) ? __vector_table[i].__fun : &IntDefaultHandl
 511:.\Generated_Source\PSoC5/Cm3Start.c ****         #else
 512:.\Generated_Source\PSoC5/Cm3Start.c ****             CyRamVectors[i] = (i < CY_NUM_ROM_VECTORS) ? RomVectors[i] : &IntDefaultHandler;
 365              		.loc 1 512 0
 366 001e 7B68     		ldr	r3, [r7, #4]
 367 0020 032B     		cmp	r3, #3
 368 0022 04D8     		bhi	.L26
 369              		.loc 1 512 0 is_stmt 0 discriminator 1
 370 0024 124A     		ldr	r2, .L29+12
 371 0026 7B68     		ldr	r3, [r7, #4]
 372 0028 52F82330 		ldr	r3, [r2, r3, lsl #2]
 373 002c 00E0     		b	.L27
 374              	.L26:
 375              		.loc 1 512 0 discriminator 2
 376 002e 114B     		ldr	r3, .L29+16
 377              	.L27:
 378              		.loc 1 512 0 discriminator 4
 379 0030 1149     		ldr	r1, .L29+20
 380 0032 7A68     		ldr	r2, [r7, #4]
 381 0034 41F82230 		str	r3, [r1, r2, lsl #2]
 507:.\Generated_Source\PSoC5/Cm3Start.c ****     {
 382              		.loc 1 507 0 is_stmt 1 discriminator 4
 383 0038 7B68     		ldr	r3, [r7, #4]
 384 003a 0133     		adds	r3, r3, #1
 385 003c 7B60     		str	r3, [r7, #4]
ARM GAS  C:\Users\DGILLI~1\AppData\Local\Temp\ccPGgrj3.s 			page 17


 386              	.L25:
 507:.\Generated_Source\PSoC5/Cm3Start.c ****     {
 387              		.loc 1 507 0 is_stmt 0 discriminator 2
 388 003e 7B68     		ldr	r3, [r7, #4]
 389 0040 2F2B     		cmp	r3, #47
 390 0042 ECD9     		bls	.L28
 513:.\Generated_Source\PSoC5/Cm3Start.c ****         #endif  /* defined (__ICCARM__) */
 514:.\Generated_Source\PSoC5/Cm3Start.c ****     }
 515:.\Generated_Source\PSoC5/Cm3Start.c **** 
 516:.\Generated_Source\PSoC5/Cm3Start.c ****     /* Was stored in CFGMEM to avoid being cleared while SRAM gets cleared */
 517:.\Generated_Source\PSoC5/Cm3Start.c ****     CyResetStatus = CY_GET_REG8(CYREG_PHUB_CFGMEM23_CFG1);
 391              		.loc 1 517 0 is_stmt 1
 392 0044 0D4B     		ldr	r3, .L29+24
 393 0046 1B78     		ldrb	r3, [r3]
 394 0048 DAB2     		uxtb	r2, r3
 395 004a 0D4B     		ldr	r3, .L29+28
 396 004c 1A70     		strb	r2, [r3]
 518:.\Generated_Source\PSoC5/Cm3Start.c **** 
 519:.\Generated_Source\PSoC5/Cm3Start.c ****     /* Point NVIC at RAM vector table. */
 520:.\Generated_Source\PSoC5/Cm3Start.c ****     *CYINT_VECT_TABLE = CyRamVectors;
 397              		.loc 1 520 0
 398 004e 0D4B     		ldr	r3, .L29+32
 399 0050 094A     		ldr	r2, .L29+20
 400 0052 1A60     		str	r2, [r3]
 521:.\Generated_Source\PSoC5/Cm3Start.c **** 
 522:.\Generated_Source\PSoC5/Cm3Start.c ****     /* Initialize the configuration registers. */
 523:.\Generated_Source\PSoC5/Cm3Start.c ****     cyfitter_cfg();
 401              		.loc 1 523 0
 402 0054 FFF7FEFF 		bl	cyfitter_cfg
 524:.\Generated_Source\PSoC5/Cm3Start.c **** 
 525:.\Generated_Source\PSoC5/Cm3Start.c ****     #if(0u != DMA_CHANNELS_USED__MASK0)
 526:.\Generated_Source\PSoC5/Cm3Start.c **** 
 527:.\Generated_Source\PSoC5/Cm3Start.c ****         /* Setup DMA - only necessary if design contains DMA component. */
 528:.\Generated_Source\PSoC5/Cm3Start.c ****         CyDmacConfigure();
 529:.\Generated_Source\PSoC5/Cm3Start.c **** 
 530:.\Generated_Source\PSoC5/Cm3Start.c ****     #endif  /* (0u != DMA_CHANNELS_USED__MASK0) */
 531:.\Generated_Source\PSoC5/Cm3Start.c **** 
 532:.\Generated_Source\PSoC5/Cm3Start.c ****     #if !defined (__ICCARM__)
 533:.\Generated_Source\PSoC5/Cm3Start.c ****         /* Actually, no need to clean this variable, just to make compiler happy. */
 534:.\Generated_Source\PSoC5/Cm3Start.c ****         cySysNoInitDataValid = 0u;
 403              		.loc 1 534 0
 404 0058 0B4B     		ldr	r3, .L29+36
 405 005a 0022     		movs	r2, #0
 406 005c 1A60     		str	r2, [r3]
 535:.\Generated_Source\PSoC5/Cm3Start.c ****     #endif  /* !defined (__ICCARM__) */
 536:.\Generated_Source\PSoC5/Cm3Start.c **** }
 407              		.loc 1 536 0
 408 005e 0837     		adds	r7, r7, #8
 409              		.cfi_def_cfa_offset 8
 410 0060 BD46     		mov	sp, r7
 411              		.cfi_def_cfa_register 13
 412              		@ sp needed
 413 0062 80BD     		pop	{r7, pc}
 414              	.L30:
 415              		.align	2
 416              	.L29:
 417 0064 0CED00E0 		.word	-536810228
ARM GAS  C:\Users\DGILLI~1\AppData\Local\Temp\ccPGgrj3.s 			page 18


 418 0068 0004FA05 		.word	100271104
 419 006c 14ED00E0 		.word	-536810220
 420 0070 00000000 		.word	RomVectors
 421 0074 00000000 		.word	IntDefaultHandler
 422 0078 00000000 		.word	CyRamVectors
 423 007c BC760040 		.word	1073772220
 424 0080 00000000 		.word	CyResetStatus
 425 0084 08ED00E0 		.word	-536810232
 426 0088 00000000 		.word	cySysNoInitDataValid
 427              		.cfi_endproc
 428              	.LFE5:
 429              		.size	initialize_psoc, .-initialize_psoc
 430              		.section	.init_array,"aw",%init_array
 431              		.align	2
 432 0000 00000000 		.word	initialize_psoc(target1)
 433              		.data
 434              		.align	2
 435              		.type	heapPointer.4942, %object
 436              		.size	heapPointer.4942, 4
 437              	heapPointer.4942:
 438 0000 00000000 		.word	end
 439              		.weak	__cy_region_num
 440              		.text
 441              	.Letext0:
 442              		.file 2 ".\\Generated_Source\\PSoC5\\cytypes.h"
 443              		.file 3 "c:\\program files (x86)\\cypress\\psoc creator\\3.3\\psoc creator\\import\\gnu\\arm\\4.9.
 444              		.file 4 ".\\Generated_Source\\PSoC5\\CyLib.h"
 445              		.section	.debug_info,"",%progbits
 446              	.Ldebug_info0:
 447 0000 13030000 		.4byte	0x313
 448 0004 0400     		.2byte	0x4
 449 0006 00000000 		.4byte	.Ldebug_abbrev0
 450 000a 04       		.byte	0x4
 451 000b 01       		.uleb128 0x1
 452 000c 17010000 		.4byte	.LASF43
 453 0010 01       		.byte	0x1
 454 0011 00000000 		.4byte	.LASF44
 455 0015 36020000 		.4byte	.LASF45
 456 0019 00000000 		.4byte	.Ldebug_ranges0+0
 457 001d 00000000 		.4byte	0
 458 0021 00000000 		.4byte	.Ldebug_line0
 459 0025 02       		.uleb128 0x2
 460 0026 01       		.byte	0x1
 461 0027 06       		.byte	0x6
 462 0028 B6020000 		.4byte	.LASF0
 463 002c 02       		.uleb128 0x2
 464 002d 01       		.byte	0x1
 465 002e 08       		.byte	0x8
 466 002f A1000000 		.4byte	.LASF1
 467 0033 02       		.uleb128 0x2
 468 0034 02       		.byte	0x2
 469 0035 05       		.byte	0x5
 470 0036 95020000 		.4byte	.LASF2
 471 003a 02       		.uleb128 0x2
 472 003b 02       		.byte	0x2
 473 003c 07       		.byte	0x7
 474 003d 58000000 		.4byte	.LASF3
ARM GAS  C:\Users\DGILLI~1\AppData\Local\Temp\ccPGgrj3.s 			page 19


 475 0041 02       		.uleb128 0x2
 476 0042 04       		.byte	0x4
 477 0043 05       		.byte	0x5
 478 0044 9F020000 		.4byte	.LASF4
 479 0048 02       		.uleb128 0x2
 480 0049 04       		.byte	0x4
 481 004a 07       		.byte	0x7
 482 004b C6000000 		.4byte	.LASF5
 483 004f 02       		.uleb128 0x2
 484 0050 08       		.byte	0x8
 485 0051 05       		.byte	0x5
 486 0052 23020000 		.4byte	.LASF6
 487 0056 02       		.uleb128 0x2
 488 0057 08       		.byte	0x8
 489 0058 07       		.byte	0x7
 490 0059 D0010000 		.4byte	.LASF7
 491 005d 03       		.uleb128 0x3
 492 005e 04       		.byte	0x4
 493 005f 05       		.byte	0x5
 494 0060 696E7400 		.ascii	"int\000"
 495 0064 02       		.uleb128 0x2
 496 0065 04       		.byte	0x4
 497 0066 07       		.byte	0x7
 498 0067 C3010000 		.4byte	.LASF8
 499 006b 04       		.uleb128 0x4
 500 006c ED000000 		.4byte	.LASF9
 501 0070 02       		.byte	0x2
 502 0071 C2       		.byte	0xc2
 503 0072 2C000000 		.4byte	0x2c
 504 0076 04       		.uleb128 0x4
 505 0077 BC010000 		.4byte	.LASF10
 506 007b 02       		.byte	0x2
 507 007c C4       		.byte	0xc4
 508 007d 48000000 		.4byte	0x48
 509 0081 02       		.uleb128 0x2
 510 0082 04       		.byte	0x4
 511 0083 04       		.byte	0x4
 512 0084 96000000 		.4byte	.LASF11
 513 0088 02       		.uleb128 0x2
 514 0089 08       		.byte	0x8
 515 008a 04       		.byte	0x4
 516 008b A5010000 		.4byte	.LASF12
 517 008f 02       		.uleb128 0x2
 518 0090 01       		.byte	0x1
 519 0091 08       		.byte	0x8
 520 0092 31020000 		.4byte	.LASF13
 521 0096 05       		.uleb128 0x5
 522 0097 15020000 		.4byte	.LASF14
 523 009b 02       		.byte	0x2
 524 009c 6C01     		.2byte	0x16c
 525 009e A2000000 		.4byte	0xa2
 526 00a2 06       		.uleb128 0x6
 527 00a3 6B000000 		.4byte	0x6b
 528 00a7 05       		.uleb128 0x5
 529 00a8 24000000 		.4byte	.LASF15
 530 00ac 02       		.byte	0x2
 531 00ad 6E01     		.2byte	0x16e
ARM GAS  C:\Users\DGILLI~1\AppData\Local\Temp\ccPGgrj3.s 			page 20


 532 00af B3000000 		.4byte	0xb3
 533 00b3 06       		.uleb128 0x6
 534 00b4 76000000 		.4byte	0x76
 535 00b8 05       		.uleb128 0x5
 536 00b9 ED010000 		.4byte	.LASF16
 537 00bd 02       		.byte	0x2
 538 00be 7E01     		.2byte	0x17e
 539 00c0 C4000000 		.4byte	0xc4
 540 00c4 07       		.uleb128 0x7
 541 00c5 04       		.byte	0x4
 542 00c6 CA000000 		.4byte	0xca
 543 00ca 08       		.uleb128 0x8
 544 00cb 04       		.uleb128 0x4
 545 00cc 2A000000 		.4byte	.LASF17
 546 00d0 03       		.byte	0x3
 547 00d1 D4       		.byte	0xd4
 548 00d2 64000000 		.4byte	0x64
 549 00d6 02       		.uleb128 0x2
 550 00d7 04       		.byte	0x4
 551 00d8 07       		.byte	0x7
 552 00d9 1A020000 		.4byte	.LASF18
 553 00dd 09       		.uleb128 0x9
 554 00de 04       		.byte	0x4
 555 00df 0A       		.uleb128 0xa
 556 00e0 8F000000 		.4byte	0x8f
 557 00e4 04       		.uleb128 0x4
 558 00e5 04020000 		.4byte	.LASF19
 559 00e9 01       		.byte	0x1
 560 00ea D0       		.byte	0xd0
 561 00eb 2C000000 		.4byte	0x2c
 562 00ef 0B       		.uleb128 0xb
 563 00f0 DE020000 		.4byte	.LASF46
 564 00f4 10       		.byte	0x10
 565 00f5 01       		.byte	0x1
 566 00f6 D2       		.byte	0xd2
 567 00f7 2C010000 		.4byte	0x12c
 568 00fb 0C       		.uleb128 0xc
 569 00fc 7B000000 		.4byte	.LASF20
 570 0100 01       		.byte	0x1
 571 0101 D4       		.byte	0xd4
 572 0102 2C010000 		.4byte	0x12c
 573 0106 00       		.byte	0
 574 0107 0C       		.uleb128 0xc
 575 0108 9C000000 		.4byte	.LASF21
 576 010c 01       		.byte	0x1
 577 010d D5       		.byte	0xd5
 578 010e 2C010000 		.4byte	0x12c
 579 0112 04       		.byte	0x4
 580 0113 0C       		.uleb128 0xc
 581 0114 FA010000 		.4byte	.LASF22
 582 0118 01       		.byte	0x1
 583 0119 D6       		.byte	0xd6
 584 011a CB000000 		.4byte	0xcb
 585 011e 08       		.byte	0x8
 586 011f 0C       		.uleb128 0xc
 587 0120 87000000 		.4byte	.LASF23
 588 0124 01       		.byte	0x1
ARM GAS  C:\Users\DGILLI~1\AppData\Local\Temp\ccPGgrj3.s 			page 21


 589 0125 D7       		.byte	0xd7
 590 0126 CB000000 		.4byte	0xcb
 591 012a 0C       		.byte	0xc
 592 012b 00       		.byte	0
 593 012c 07       		.uleb128 0x7
 594 012d 04       		.byte	0x4
 595 012e E4000000 		.4byte	0xe4
 596 0132 0D       		.uleb128 0xd
 597 0133 FF000000 		.4byte	.LASF28
 598 0137 01       		.byte	0x1
 599 0138 62       		.byte	0x62
 600 0139 00000000 		.4byte	.LFB0
 601 013d 06000000 		.4byte	.LFE0-.LFB0
 602 0141 01       		.uleb128 0x1
 603 0142 9C       		.byte	0x9c
 604 0143 0E       		.uleb128 0xe
 605 0144 F9000000 		.4byte	.LASF30
 606 0148 01       		.byte	0x1
 607 0149 F5       		.byte	0xf5
 608 014a 00000000 		.4byte	.LFB1
 609 014e 14000000 		.4byte	.LFE1-.LFB1
 610 0152 01       		.uleb128 0x1
 611 0153 9C       		.byte	0x9c
 612 0154 67010000 		.4byte	0x167
 613 0158 0F       		.uleb128 0xf
 614 0159 80000000 		.4byte	.LASF24
 615 015d 01       		.byte	0x1
 616 015e F5       		.byte	0xf5
 617 015f 5D000000 		.4byte	0x5d
 618 0163 02       		.uleb128 0x2
 619 0164 91       		.byte	0x91
 620 0165 74       		.sleb128 -12
 621 0166 00       		.byte	0
 622 0167 10       		.uleb128 0x10
 623 0168 11010000 		.4byte	.LASF47
 624 016c 01       		.byte	0x1
 625 016d 1301     		.2byte	0x113
 626 016f DD000000 		.4byte	0xdd
 627 0173 00000000 		.4byte	.LFB2
 628 0177 50000000 		.4byte	.LFE2-.LFB2
 629 017b 01       		.uleb128 0x1
 630 017c 9C       		.byte	0x9c
 631 017d BE010000 		.4byte	0x1be
 632 0181 11       		.uleb128 0x11
 633 0182 D7020000 		.4byte	.LASF25
 634 0186 01       		.byte	0x1
 635 0187 1301     		.2byte	0x113
 636 0189 5D000000 		.4byte	0x5d
 637 018d 02       		.uleb128 0x2
 638 018e 91       		.byte	0x91
 639 018f 6C       		.sleb128 -20
 640 0190 12       		.uleb128 0x12
 641 0191 656E6400 		.ascii	"end\000"
 642 0195 01       		.byte	0x1
 643 0196 1501     		.2byte	0x115
 644 0198 5D000000 		.4byte	0x5d
 645 019c 13       		.uleb128 0x13
ARM GAS  C:\Users\DGILLI~1\AppData\Local\Temp\ccPGgrj3.s 			page 22


 646 019d AF000000 		.4byte	.LASF26
 647 01a1 01       		.byte	0x1
 648 01a2 1601     		.2byte	0x116
 649 01a4 DD000000 		.4byte	0xdd
 650 01a8 02       		.uleb128 0x2
 651 01a9 91       		.byte	0x91
 652 01aa 74       		.sleb128 -12
 653 01ab 13       		.uleb128 0x13
 654 01ac 4C000000 		.4byte	.LASF27
 655 01b0 01       		.byte	0x1
 656 01b1 1901     		.2byte	0x119
 657 01b3 DD000000 		.4byte	0xdd
 658 01b7 05       		.uleb128 0x5
 659 01b8 03       		.byte	0x3
 660 01b9 00000000 		.4byte	heapPointer.4942
 661 01bd 00       		.byte	0
 662 01be 14       		.uleb128 0x14
 663 01bf F3000000 		.4byte	.LASF29
 664 01c3 01       		.byte	0x1
 665 01c4 3901     		.2byte	0x139
 666 01c6 00000000 		.4byte	.LFB3
 667 01ca 18000000 		.4byte	.LFE3-.LFB3
 668 01ce 01       		.uleb128 0x1
 669 01cf 9C       		.byte	0x9c
 670 01d0 15       		.uleb128 0x15
 671 01d1 3E000000 		.4byte	.LASF31
 672 01d5 01       		.byte	0x1
 673 01d6 6201     		.2byte	0x162
 674 01d8 00000000 		.4byte	.LFB4
 675 01dc 98000000 		.4byte	.LFE4-.LFB4
 676 01e0 01       		.uleb128 0x1
 677 01e1 9C       		.byte	0x9c
 678 01e2 4B020000 		.4byte	0x24b
 679 01e6 13       		.uleb128 0x13
 680 01e7 CF020000 		.4byte	.LASF32
 681 01eb 01       		.byte	0x1
 682 01ec 6401     		.2byte	0x164
 683 01ee 64000000 		.4byte	0x64
 684 01f2 02       		.uleb128 0x2
 685 01f3 91       		.byte	0x91
 686 01f4 74       		.sleb128 -12
 687 01f5 13       		.uleb128 0x13
 688 01f6 91000000 		.4byte	.LASF33
 689 01fa 01       		.byte	0x1
 690 01fb 6501     		.2byte	0x165
 691 01fd 4B020000 		.4byte	0x24b
 692 0201 02       		.uleb128 0x2
 693 0202 91       		.byte	0x91
 694 0203 70       		.sleb128 -16
 695 0204 16       		.uleb128 0x16
 696 0205 14000000 		.4byte	.LBB2
 697 0209 66000000 		.4byte	.LBE2-.LBB2
 698 020d 17       		.uleb128 0x17
 699 020e 73726300 		.ascii	"src\000"
 700 0212 01       		.byte	0x1
 701 0213 6A01     		.2byte	0x16a
 702 0215 56020000 		.4byte	0x256
ARM GAS  C:\Users\DGILLI~1\AppData\Local\Temp\ccPGgrj3.s 			page 23


 703 0219 02       		.uleb128 0x2
 704 021a 91       		.byte	0x91
 705 021b 6C       		.sleb128 -20
 706 021c 17       		.uleb128 0x17
 707 021d 64737400 		.ascii	"dst\000"
 708 0221 01       		.byte	0x1
 709 0222 6B01     		.2byte	0x16b
 710 0224 56020000 		.4byte	0x256
 711 0228 02       		.uleb128 0x2
 712 0229 91       		.byte	0x91
 713 022a 68       		.sleb128 -24
 714 022b 13       		.uleb128 0x13
 715 022c E7010000 		.4byte	.LASF34
 716 0230 01       		.byte	0x1
 717 0231 6C01     		.2byte	0x16c
 718 0233 64000000 		.4byte	0x64
 719 0237 02       		.uleb128 0x2
 720 0238 91       		.byte	0x91
 721 0239 60       		.sleb128 -32
 722 023a 13       		.uleb128 0x13
 723 023b 46000000 		.4byte	.LASF35
 724 023f 01       		.byte	0x1
 725 0240 6D01     		.2byte	0x16d
 726 0242 64000000 		.4byte	0x64
 727 0246 02       		.uleb128 0x2
 728 0247 91       		.byte	0x91
 729 0248 64       		.sleb128 -28
 730 0249 00       		.byte	0
 731 024a 00       		.byte	0
 732 024b 07       		.uleb128 0x7
 733 024c 04       		.byte	0x4
 734 024d 51020000 		.4byte	0x251
 735 0251 0A       		.uleb128 0xa
 736 0252 EF000000 		.4byte	0xef
 737 0256 07       		.uleb128 0x7
 738 0257 04       		.byte	0x4
 739 0258 76000000 		.4byte	0x76
 740 025c 15       		.uleb128 0x15
 741 025d AC010000 		.4byte	.LASF36
 742 0261 01       		.byte	0x1
 743 0262 F001     		.2byte	0x1f0
 744 0264 00000000 		.4byte	.LFB5
 745 0268 8C000000 		.4byte	.LFE5-.LFB5
 746 026c 01       		.uleb128 0x1
 747 026d 9C       		.byte	0x9c
 748 026e 80020000 		.4byte	0x280
 749 0272 17       		.uleb128 0x17
 750 0273 6900     		.ascii	"i\000"
 751 0275 01       		.byte	0x1
 752 0276 F201     		.2byte	0x1f2
 753 0278 76000000 		.4byte	0x76
 754 027c 02       		.uleb128 0x2
 755 027d 91       		.byte	0x91
 756 027e 74       		.sleb128 -12
 757 027f 00       		.byte	0
 758 0280 18       		.uleb128 0x18
 759 0281 D8000000 		.4byte	.LASF37
ARM GAS  C:\Users\DGILLI~1\AppData\Local\Temp\ccPGgrj3.s 			page 24


 760 0285 01       		.byte	0x1
 761 0286 3F       		.byte	0x3f
 762 0287 76000000 		.4byte	0x76
 763 028b 05       		.uleb128 0x5
 764 028c 03       		.byte	0x3
 765 028d 00000000 		.4byte	cySysNoInitDataValid
 766 0291 19       		.uleb128 0x19
 767 0292 A8020000 		.4byte	.LASF38
 768 0296 04       		.byte	0x4
 769 0297 2D       		.byte	0x2d
 770 0298 6B000000 		.4byte	0x6b
 771 029c 12       		.uleb128 0x12
 772 029d 656E6400 		.ascii	"end\000"
 773 02a1 01       		.byte	0x1
 774 02a2 1501     		.2byte	0x115
 775 02a4 5D000000 		.4byte	0x5d
 776 02a8 1A       		.uleb128 0x1a
 777 02a9 B8000000 		.4byte	0xb8
 778 02ad B8020000 		.4byte	0x2b8
 779 02b1 1B       		.uleb128 0x1b
 780 02b2 D6000000 		.4byte	0xd6
 781 02b6 2F       		.byte	0x2f
 782 02b7 00       		.byte	0
 783 02b8 1C       		.uleb128 0x1c
 784 02b9 31000000 		.4byte	.LASF39
 785 02bd 01       		.byte	0x1
 786 02be 4D       		.byte	0x4d
 787 02bf A8020000 		.4byte	0x2a8
 788 02c3 05       		.uleb128 0x5
 789 02c4 03       		.byte	0x3
 790 02c5 00000000 		.4byte	CyRamVectors
 791 02c9 1A       		.uleb128 0x1a
 792 02ca EF000000 		.4byte	0xef
 793 02ce D4020000 		.4byte	0x2d4
 794 02d2 1D       		.uleb128 0x1d
 795 02d3 00       		.byte	0
 796 02d4 19       		.uleb128 0x19
 797 02d5 C2020000 		.4byte	.LASF40
 798 02d9 01       		.byte	0x1
 799 02da DA       		.byte	0xda
 800 02db DF020000 		.4byte	0x2df
 801 02df 0A       		.uleb128 0xa
 802 02e0 C9020000 		.4byte	0x2c9
 803 02e4 19       		.uleb128 0x19
 804 02e5 6B000000 		.4byte	.LASF41
 805 02e9 01       		.byte	0x1
 806 02ea DB       		.byte	0xdb
 807 02eb DF000000 		.4byte	0xdf
 808 02ef 1A       		.uleb128 0x1a
 809 02f0 B8000000 		.4byte	0xb8
 810 02f4 FF020000 		.4byte	0x2ff
 811 02f8 1B       		.uleb128 0x1b
 812 02f9 D6000000 		.4byte	0xd6
 813 02fd 03       		.byte	0x3
 814 02fe 00       		.byte	0
 815 02ff 1E       		.uleb128 0x1e
 816 0300 BB000000 		.4byte	.LASF42
ARM GAS  C:\Users\DGILLI~1\AppData\Local\Temp\ccPGgrj3.s 			page 25


 817 0304 01       		.byte	0x1
 818 0305 CD01     		.2byte	0x1cd
 819 0307 11030000 		.4byte	0x311
 820 030b 05       		.uleb128 0x5
 821 030c 03       		.byte	0x3
 822 030d 00000000 		.4byte	RomVectors
 823 0311 0A       		.uleb128 0xa
 824 0312 EF020000 		.4byte	0x2ef
 825 0316 00       		.byte	0
 826              		.section	.debug_abbrev,"",%progbits
 827              	.Ldebug_abbrev0:
 828 0000 01       		.uleb128 0x1
 829 0001 11       		.uleb128 0x11
 830 0002 01       		.byte	0x1
 831 0003 25       		.uleb128 0x25
 832 0004 0E       		.uleb128 0xe
 833 0005 13       		.uleb128 0x13
 834 0006 0B       		.uleb128 0xb
 835 0007 03       		.uleb128 0x3
 836 0008 0E       		.uleb128 0xe
 837 0009 1B       		.uleb128 0x1b
 838 000a 0E       		.uleb128 0xe
 839 000b 55       		.uleb128 0x55
 840 000c 17       		.uleb128 0x17
 841 000d 11       		.uleb128 0x11
 842 000e 01       		.uleb128 0x1
 843 000f 10       		.uleb128 0x10
 844 0010 17       		.uleb128 0x17
 845 0011 00       		.byte	0
 846 0012 00       		.byte	0
 847 0013 02       		.uleb128 0x2
 848 0014 24       		.uleb128 0x24
 849 0015 00       		.byte	0
 850 0016 0B       		.uleb128 0xb
 851 0017 0B       		.uleb128 0xb
 852 0018 3E       		.uleb128 0x3e
 853 0019 0B       		.uleb128 0xb
 854 001a 03       		.uleb128 0x3
 855 001b 0E       		.uleb128 0xe
 856 001c 00       		.byte	0
 857 001d 00       		.byte	0
 858 001e 03       		.uleb128 0x3
 859 001f 24       		.uleb128 0x24
 860 0020 00       		.byte	0
 861 0021 0B       		.uleb128 0xb
 862 0022 0B       		.uleb128 0xb
 863 0023 3E       		.uleb128 0x3e
 864 0024 0B       		.uleb128 0xb
 865 0025 03       		.uleb128 0x3
 866 0026 08       		.uleb128 0x8
 867 0027 00       		.byte	0
 868 0028 00       		.byte	0
 869 0029 04       		.uleb128 0x4
 870 002a 16       		.uleb128 0x16
 871 002b 00       		.byte	0
 872 002c 03       		.uleb128 0x3
 873 002d 0E       		.uleb128 0xe
ARM GAS  C:\Users\DGILLI~1\AppData\Local\Temp\ccPGgrj3.s 			page 26


 874 002e 3A       		.uleb128 0x3a
 875 002f 0B       		.uleb128 0xb
 876 0030 3B       		.uleb128 0x3b
 877 0031 0B       		.uleb128 0xb
 878 0032 49       		.uleb128 0x49
 879 0033 13       		.uleb128 0x13
 880 0034 00       		.byte	0
 881 0035 00       		.byte	0
 882 0036 05       		.uleb128 0x5
 883 0037 16       		.uleb128 0x16
 884 0038 00       		.byte	0
 885 0039 03       		.uleb128 0x3
 886 003a 0E       		.uleb128 0xe
 887 003b 3A       		.uleb128 0x3a
 888 003c 0B       		.uleb128 0xb
 889 003d 3B       		.uleb128 0x3b
 890 003e 05       		.uleb128 0x5
 891 003f 49       		.uleb128 0x49
 892 0040 13       		.uleb128 0x13
 893 0041 00       		.byte	0
 894 0042 00       		.byte	0
 895 0043 06       		.uleb128 0x6
 896 0044 35       		.uleb128 0x35
 897 0045 00       		.byte	0
 898 0046 49       		.uleb128 0x49
 899 0047 13       		.uleb128 0x13
 900 0048 00       		.byte	0
 901 0049 00       		.byte	0
 902 004a 07       		.uleb128 0x7
 903 004b 0F       		.uleb128 0xf
 904 004c 00       		.byte	0
 905 004d 0B       		.uleb128 0xb
 906 004e 0B       		.uleb128 0xb
 907 004f 49       		.uleb128 0x49
 908 0050 13       		.uleb128 0x13
 909 0051 00       		.byte	0
 910 0052 00       		.byte	0
 911 0053 08       		.uleb128 0x8
 912 0054 15       		.uleb128 0x15
 913 0055 00       		.byte	0
 914 0056 27       		.uleb128 0x27
 915 0057 19       		.uleb128 0x19
 916 0058 00       		.byte	0
 917 0059 00       		.byte	0
 918 005a 09       		.uleb128 0x9
 919 005b 0F       		.uleb128 0xf
 920 005c 00       		.byte	0
 921 005d 0B       		.uleb128 0xb
 922 005e 0B       		.uleb128 0xb
 923 005f 00       		.byte	0
 924 0060 00       		.byte	0
 925 0061 0A       		.uleb128 0xa
 926 0062 26       		.uleb128 0x26
 927 0063 00       		.byte	0
 928 0064 49       		.uleb128 0x49
 929 0065 13       		.uleb128 0x13
 930 0066 00       		.byte	0
ARM GAS  C:\Users\DGILLI~1\AppData\Local\Temp\ccPGgrj3.s 			page 27


 931 0067 00       		.byte	0
 932 0068 0B       		.uleb128 0xb
 933 0069 13       		.uleb128 0x13
 934 006a 01       		.byte	0x1
 935 006b 03       		.uleb128 0x3
 936 006c 0E       		.uleb128 0xe
 937 006d 0B       		.uleb128 0xb
 938 006e 0B       		.uleb128 0xb
 939 006f 3A       		.uleb128 0x3a
 940 0070 0B       		.uleb128 0xb
 941 0071 3B       		.uleb128 0x3b
 942 0072 0B       		.uleb128 0xb
 943 0073 01       		.uleb128 0x1
 944 0074 13       		.uleb128 0x13
 945 0075 00       		.byte	0
 946 0076 00       		.byte	0
 947 0077 0C       		.uleb128 0xc
 948 0078 0D       		.uleb128 0xd
 949 0079 00       		.byte	0
 950 007a 03       		.uleb128 0x3
 951 007b 0E       		.uleb128 0xe
 952 007c 3A       		.uleb128 0x3a
 953 007d 0B       		.uleb128 0xb
 954 007e 3B       		.uleb128 0x3b
 955 007f 0B       		.uleb128 0xb
 956 0080 49       		.uleb128 0x49
 957 0081 13       		.uleb128 0x13
 958 0082 38       		.uleb128 0x38
 959 0083 0B       		.uleb128 0xb
 960 0084 00       		.byte	0
 961 0085 00       		.byte	0
 962 0086 0D       		.uleb128 0xd
 963 0087 2E       		.uleb128 0x2e
 964 0088 00       		.byte	0
 965 0089 3F       		.uleb128 0x3f
 966 008a 19       		.uleb128 0x19
 967 008b 03       		.uleb128 0x3
 968 008c 0E       		.uleb128 0xe
 969 008d 3A       		.uleb128 0x3a
 970 008e 0B       		.uleb128 0xb
 971 008f 3B       		.uleb128 0x3b
 972 0090 0B       		.uleb128 0xb
 973 0091 27       		.uleb128 0x27
 974 0092 19       		.uleb128 0x19
 975 0093 11       		.uleb128 0x11
 976 0094 01       		.uleb128 0x1
 977 0095 12       		.uleb128 0x12
 978 0096 06       		.uleb128 0x6
 979 0097 40       		.uleb128 0x40
 980 0098 18       		.uleb128 0x18
 981 0099 9742     		.uleb128 0x2117
 982 009b 19       		.uleb128 0x19
 983 009c 00       		.byte	0
 984 009d 00       		.byte	0
 985 009e 0E       		.uleb128 0xe
 986 009f 2E       		.uleb128 0x2e
 987 00a0 01       		.byte	0x1
ARM GAS  C:\Users\DGILLI~1\AppData\Local\Temp\ccPGgrj3.s 			page 28


 988 00a1 3F       		.uleb128 0x3f
 989 00a2 19       		.uleb128 0x19
 990 00a3 03       		.uleb128 0x3
 991 00a4 0E       		.uleb128 0xe
 992 00a5 3A       		.uleb128 0x3a
 993 00a6 0B       		.uleb128 0xb
 994 00a7 3B       		.uleb128 0x3b
 995 00a8 0B       		.uleb128 0xb
 996 00a9 27       		.uleb128 0x27
 997 00aa 19       		.uleb128 0x19
 998 00ab 11       		.uleb128 0x11
 999 00ac 01       		.uleb128 0x1
 1000 00ad 12       		.uleb128 0x12
 1001 00ae 06       		.uleb128 0x6
 1002 00af 40       		.uleb128 0x40
 1003 00b0 18       		.uleb128 0x18
 1004 00b1 9642     		.uleb128 0x2116
 1005 00b3 19       		.uleb128 0x19
 1006 00b4 01       		.uleb128 0x1
 1007 00b5 13       		.uleb128 0x13
 1008 00b6 00       		.byte	0
 1009 00b7 00       		.byte	0
 1010 00b8 0F       		.uleb128 0xf
 1011 00b9 05       		.uleb128 0x5
 1012 00ba 00       		.byte	0
 1013 00bb 03       		.uleb128 0x3
 1014 00bc 0E       		.uleb128 0xe
 1015 00bd 3A       		.uleb128 0x3a
 1016 00be 0B       		.uleb128 0xb
 1017 00bf 3B       		.uleb128 0x3b
 1018 00c0 0B       		.uleb128 0xb
 1019 00c1 49       		.uleb128 0x49
 1020 00c2 13       		.uleb128 0x13
 1021 00c3 02       		.uleb128 0x2
 1022 00c4 18       		.uleb128 0x18
 1023 00c5 00       		.byte	0
 1024 00c6 00       		.byte	0
 1025 00c7 10       		.uleb128 0x10
 1026 00c8 2E       		.uleb128 0x2e
 1027 00c9 01       		.byte	0x1
 1028 00ca 3F       		.uleb128 0x3f
 1029 00cb 19       		.uleb128 0x19
 1030 00cc 03       		.uleb128 0x3
 1031 00cd 0E       		.uleb128 0xe
 1032 00ce 3A       		.uleb128 0x3a
 1033 00cf 0B       		.uleb128 0xb
 1034 00d0 3B       		.uleb128 0x3b
 1035 00d1 05       		.uleb128 0x5
 1036 00d2 27       		.uleb128 0x27
 1037 00d3 19       		.uleb128 0x19
 1038 00d4 49       		.uleb128 0x49
 1039 00d5 13       		.uleb128 0x13
 1040 00d6 11       		.uleb128 0x11
 1041 00d7 01       		.uleb128 0x1
 1042 00d8 12       		.uleb128 0x12
 1043 00d9 06       		.uleb128 0x6
 1044 00da 40       		.uleb128 0x40
ARM GAS  C:\Users\DGILLI~1\AppData\Local\Temp\ccPGgrj3.s 			page 29


 1045 00db 18       		.uleb128 0x18
 1046 00dc 9642     		.uleb128 0x2116
 1047 00de 19       		.uleb128 0x19
 1048 00df 01       		.uleb128 0x1
 1049 00e0 13       		.uleb128 0x13
 1050 00e1 00       		.byte	0
 1051 00e2 00       		.byte	0
 1052 00e3 11       		.uleb128 0x11
 1053 00e4 05       		.uleb128 0x5
 1054 00e5 00       		.byte	0
 1055 00e6 03       		.uleb128 0x3
 1056 00e7 0E       		.uleb128 0xe
 1057 00e8 3A       		.uleb128 0x3a
 1058 00e9 0B       		.uleb128 0xb
 1059 00ea 3B       		.uleb128 0x3b
 1060 00eb 05       		.uleb128 0x5
 1061 00ec 49       		.uleb128 0x49
 1062 00ed 13       		.uleb128 0x13
 1063 00ee 02       		.uleb128 0x2
 1064 00ef 18       		.uleb128 0x18
 1065 00f0 00       		.byte	0
 1066 00f1 00       		.byte	0
 1067 00f2 12       		.uleb128 0x12
 1068 00f3 34       		.uleb128 0x34
 1069 00f4 00       		.byte	0
 1070 00f5 03       		.uleb128 0x3
 1071 00f6 08       		.uleb128 0x8
 1072 00f7 3A       		.uleb128 0x3a
 1073 00f8 0B       		.uleb128 0xb
 1074 00f9 3B       		.uleb128 0x3b
 1075 00fa 05       		.uleb128 0x5
 1076 00fb 49       		.uleb128 0x49
 1077 00fc 13       		.uleb128 0x13
 1078 00fd 3F       		.uleb128 0x3f
 1079 00fe 19       		.uleb128 0x19
 1080 00ff 3C       		.uleb128 0x3c
 1081 0100 19       		.uleb128 0x19
 1082 0101 00       		.byte	0
 1083 0102 00       		.byte	0
 1084 0103 13       		.uleb128 0x13
 1085 0104 34       		.uleb128 0x34
 1086 0105 00       		.byte	0
 1087 0106 03       		.uleb128 0x3
 1088 0107 0E       		.uleb128 0xe
 1089 0108 3A       		.uleb128 0x3a
 1090 0109 0B       		.uleb128 0xb
 1091 010a 3B       		.uleb128 0x3b
 1092 010b 05       		.uleb128 0x5
 1093 010c 49       		.uleb128 0x49
 1094 010d 13       		.uleb128 0x13
 1095 010e 02       		.uleb128 0x2
 1096 010f 18       		.uleb128 0x18
 1097 0110 00       		.byte	0
 1098 0111 00       		.byte	0
 1099 0112 14       		.uleb128 0x14
 1100 0113 2E       		.uleb128 0x2e
 1101 0114 00       		.byte	0
ARM GAS  C:\Users\DGILLI~1\AppData\Local\Temp\ccPGgrj3.s 			page 30


 1102 0115 3F       		.uleb128 0x3f
 1103 0116 19       		.uleb128 0x19
 1104 0117 03       		.uleb128 0x3
 1105 0118 0E       		.uleb128 0xe
 1106 0119 3A       		.uleb128 0x3a
 1107 011a 0B       		.uleb128 0xb
 1108 011b 3B       		.uleb128 0x3b
 1109 011c 05       		.uleb128 0x5
 1110 011d 27       		.uleb128 0x27
 1111 011e 19       		.uleb128 0x19
 1112 011f 11       		.uleb128 0x11
 1113 0120 01       		.uleb128 0x1
 1114 0121 12       		.uleb128 0x12
 1115 0122 06       		.uleb128 0x6
 1116 0123 40       		.uleb128 0x40
 1117 0124 18       		.uleb128 0x18
 1118 0125 9642     		.uleb128 0x2116
 1119 0127 19       		.uleb128 0x19
 1120 0128 00       		.byte	0
 1121 0129 00       		.byte	0
 1122 012a 15       		.uleb128 0x15
 1123 012b 2E       		.uleb128 0x2e
 1124 012c 01       		.byte	0x1
 1125 012d 3F       		.uleb128 0x3f
 1126 012e 19       		.uleb128 0x19
 1127 012f 03       		.uleb128 0x3
 1128 0130 0E       		.uleb128 0xe
 1129 0131 3A       		.uleb128 0x3a
 1130 0132 0B       		.uleb128 0xb
 1131 0133 3B       		.uleb128 0x3b
 1132 0134 05       		.uleb128 0x5
 1133 0135 27       		.uleb128 0x27
 1134 0136 19       		.uleb128 0x19
 1135 0137 11       		.uleb128 0x11
 1136 0138 01       		.uleb128 0x1
 1137 0139 12       		.uleb128 0x12
 1138 013a 06       		.uleb128 0x6
 1139 013b 40       		.uleb128 0x40
 1140 013c 18       		.uleb128 0x18
 1141 013d 9642     		.uleb128 0x2116
 1142 013f 19       		.uleb128 0x19
 1143 0140 01       		.uleb128 0x1
 1144 0141 13       		.uleb128 0x13
 1145 0142 00       		.byte	0
 1146 0143 00       		.byte	0
 1147 0144 16       		.uleb128 0x16
 1148 0145 0B       		.uleb128 0xb
 1149 0146 01       		.byte	0x1
 1150 0147 11       		.uleb128 0x11
 1151 0148 01       		.uleb128 0x1
 1152 0149 12       		.uleb128 0x12
 1153 014a 06       		.uleb128 0x6
 1154 014b 00       		.byte	0
 1155 014c 00       		.byte	0
 1156 014d 17       		.uleb128 0x17
 1157 014e 34       		.uleb128 0x34
 1158 014f 00       		.byte	0
ARM GAS  C:\Users\DGILLI~1\AppData\Local\Temp\ccPGgrj3.s 			page 31


 1159 0150 03       		.uleb128 0x3
 1160 0151 08       		.uleb128 0x8
 1161 0152 3A       		.uleb128 0x3a
 1162 0153 0B       		.uleb128 0xb
 1163 0154 3B       		.uleb128 0x3b
 1164 0155 05       		.uleb128 0x5
 1165 0156 49       		.uleb128 0x49
 1166 0157 13       		.uleb128 0x13
 1167 0158 02       		.uleb128 0x2
 1168 0159 18       		.uleb128 0x18
 1169 015a 00       		.byte	0
 1170 015b 00       		.byte	0
 1171 015c 18       		.uleb128 0x18
 1172 015d 34       		.uleb128 0x34
 1173 015e 00       		.byte	0
 1174 015f 03       		.uleb128 0x3
 1175 0160 0E       		.uleb128 0xe
 1176 0161 3A       		.uleb128 0x3a
 1177 0162 0B       		.uleb128 0xb
 1178 0163 3B       		.uleb128 0x3b
 1179 0164 0B       		.uleb128 0xb
 1180 0165 49       		.uleb128 0x49
 1181 0166 13       		.uleb128 0x13
 1182 0167 02       		.uleb128 0x2
 1183 0168 18       		.uleb128 0x18
 1184 0169 00       		.byte	0
 1185 016a 00       		.byte	0
 1186 016b 19       		.uleb128 0x19
 1187 016c 34       		.uleb128 0x34
 1188 016d 00       		.byte	0
 1189 016e 03       		.uleb128 0x3
 1190 016f 0E       		.uleb128 0xe
 1191 0170 3A       		.uleb128 0x3a
 1192 0171 0B       		.uleb128 0xb
 1193 0172 3B       		.uleb128 0x3b
 1194 0173 0B       		.uleb128 0xb
 1195 0174 49       		.uleb128 0x49
 1196 0175 13       		.uleb128 0x13
 1197 0176 3F       		.uleb128 0x3f
 1198 0177 19       		.uleb128 0x19
 1199 0178 3C       		.uleb128 0x3c
 1200 0179 19       		.uleb128 0x19
 1201 017a 00       		.byte	0
 1202 017b 00       		.byte	0
 1203 017c 1A       		.uleb128 0x1a
 1204 017d 01       		.uleb128 0x1
 1205 017e 01       		.byte	0x1
 1206 017f 49       		.uleb128 0x49
 1207 0180 13       		.uleb128 0x13
 1208 0181 01       		.uleb128 0x1
 1209 0182 13       		.uleb128 0x13
 1210 0183 00       		.byte	0
 1211 0184 00       		.byte	0
 1212 0185 1B       		.uleb128 0x1b
 1213 0186 21       		.uleb128 0x21
 1214 0187 00       		.byte	0
 1215 0188 49       		.uleb128 0x49
ARM GAS  C:\Users\DGILLI~1\AppData\Local\Temp\ccPGgrj3.s 			page 32


 1216 0189 13       		.uleb128 0x13
 1217 018a 2F       		.uleb128 0x2f
 1218 018b 0B       		.uleb128 0xb
 1219 018c 00       		.byte	0
 1220 018d 00       		.byte	0
 1221 018e 1C       		.uleb128 0x1c
 1222 018f 34       		.uleb128 0x34
 1223 0190 00       		.byte	0
 1224 0191 03       		.uleb128 0x3
 1225 0192 0E       		.uleb128 0xe
 1226 0193 3A       		.uleb128 0x3a
 1227 0194 0B       		.uleb128 0xb
 1228 0195 3B       		.uleb128 0x3b
 1229 0196 0B       		.uleb128 0xb
 1230 0197 49       		.uleb128 0x49
 1231 0198 13       		.uleb128 0x13
 1232 0199 3F       		.uleb128 0x3f
 1233 019a 19       		.uleb128 0x19
 1234 019b 02       		.uleb128 0x2
 1235 019c 18       		.uleb128 0x18
 1236 019d 00       		.byte	0
 1237 019e 00       		.byte	0
 1238 019f 1D       		.uleb128 0x1d
 1239 01a0 21       		.uleb128 0x21
 1240 01a1 00       		.byte	0
 1241 01a2 00       		.byte	0
 1242 01a3 00       		.byte	0
 1243 01a4 1E       		.uleb128 0x1e
 1244 01a5 34       		.uleb128 0x34
 1245 01a6 00       		.byte	0
 1246 01a7 03       		.uleb128 0x3
 1247 01a8 0E       		.uleb128 0xe
 1248 01a9 3A       		.uleb128 0x3a
 1249 01aa 0B       		.uleb128 0xb
 1250 01ab 3B       		.uleb128 0x3b
 1251 01ac 05       		.uleb128 0x5
 1252 01ad 49       		.uleb128 0x49
 1253 01ae 13       		.uleb128 0x13
 1254 01af 3F       		.uleb128 0x3f
 1255 01b0 19       		.uleb128 0x19
 1256 01b1 02       		.uleb128 0x2
 1257 01b2 18       		.uleb128 0x18
 1258 01b3 00       		.byte	0
 1259 01b4 00       		.byte	0
 1260 01b5 00       		.byte	0
 1261              		.section	.debug_aranges,"",%progbits
 1262 0000 44000000 		.4byte	0x44
 1263 0004 0200     		.2byte	0x2
 1264 0006 00000000 		.4byte	.Ldebug_info0
 1265 000a 04       		.byte	0x4
 1266 000b 00       		.byte	0
 1267 000c 0000     		.2byte	0
 1268 000e 0000     		.2byte	0
 1269 0010 00000000 		.4byte	.LFB0
 1270 0014 06000000 		.4byte	.LFE0-.LFB0
 1271 0018 00000000 		.4byte	.LFB1
 1272 001c 14000000 		.4byte	.LFE1-.LFB1
ARM GAS  C:\Users\DGILLI~1\AppData\Local\Temp\ccPGgrj3.s 			page 33


 1273 0020 00000000 		.4byte	.LFB2
 1274 0024 50000000 		.4byte	.LFE2-.LFB2
 1275 0028 00000000 		.4byte	.LFB3
 1276 002c 18000000 		.4byte	.LFE3-.LFB3
 1277 0030 00000000 		.4byte	.LFB4
 1278 0034 98000000 		.4byte	.LFE4-.LFB4
 1279 0038 00000000 		.4byte	.LFB5
 1280 003c 8C000000 		.4byte	.LFE5-.LFB5
 1281 0040 00000000 		.4byte	0
 1282 0044 00000000 		.4byte	0
 1283              		.section	.debug_ranges,"",%progbits
 1284              	.Ldebug_ranges0:
 1285 0000 00000000 		.4byte	.LFB0
 1286 0004 06000000 		.4byte	.LFE0
 1287 0008 00000000 		.4byte	.LFB1
 1288 000c 14000000 		.4byte	.LFE1
 1289 0010 00000000 		.4byte	.LFB2
 1290 0014 50000000 		.4byte	.LFE2
 1291 0018 00000000 		.4byte	.LFB3
 1292 001c 18000000 		.4byte	.LFE3
 1293 0020 00000000 		.4byte	.LFB4
 1294 0024 98000000 		.4byte	.LFE4
 1295 0028 00000000 		.4byte	.LFB5
 1296 002c 8C000000 		.4byte	.LFE5
 1297 0030 00000000 		.4byte	0
 1298 0034 00000000 		.4byte	0
 1299              		.section	.debug_line,"",%progbits
 1300              	.Ldebug_line0:
 1301 0000 D2010000 		.section	.debug_str,"MS",%progbits,1
 1301      0200D400 
 1301      00000201 
 1301      FB0E0D00 
 1301      01010101 
 1302              	.LASF44:
 1303 0000 2E5C4765 		.ascii	".\\Generated_Source\\PSoC5\\Cm3Start.c\000"
 1303      6E657261 
 1303      7465645F 
 1303      536F7572 
 1303      63655C50 
 1304              	.LASF15:
 1305 0024 72656733 		.ascii	"reg32\000"
 1305      3200
 1306              	.LASF17:
 1307 002a 73697A65 		.ascii	"size_t\000"
 1307      5F7400
 1308              	.LASF39:
 1309 0031 43795261 		.ascii	"CyRamVectors\000"
 1309      6D566563 
 1309      746F7273 
 1309      00
 1310              	.LASF31:
 1311 003e 53746172 		.ascii	"Start_c\000"
 1311      745F6300 
 1312              	.LASF35:
 1313 0046 636F756E 		.ascii	"count\000"
 1313      7400
 1314              	.LASF27:
ARM GAS  C:\Users\DGILLI~1\AppData\Local\Temp\ccPGgrj3.s 			page 34


 1315 004c 68656170 		.ascii	"heapPointer\000"
 1315      506F696E 
 1315      74657200 
 1316              	.LASF3:
 1317 0058 73686F72 		.ascii	"short unsigned int\000"
 1317      7420756E 
 1317      7369676E 
 1317      65642069 
 1317      6E7400
 1318              	.LASF41:
 1319 006b 5F5F6379 		.ascii	"__cy_region_num\000"
 1319      5F726567 
 1319      696F6E5F 
 1319      6E756D00 
 1320              	.LASF20:
 1321 007b 696E6974 		.ascii	"init\000"
 1321      00
 1322              	.LASF24:
 1323 0080 73746174 		.ascii	"status\000"
 1323      757300
 1324              	.LASF23:
 1325 0087 7A65726F 		.ascii	"zero_size\000"
 1325      5F73697A 
 1325      6500
 1326              	.LASF33:
 1327 0091 72707472 		.ascii	"rptr\000"
 1327      00
 1328              	.LASF11:
 1329 0096 666C6F61 		.ascii	"float\000"
 1329      7400
 1330              	.LASF21:
 1331 009c 64617461 		.ascii	"data\000"
 1331      00
 1332              	.LASF1:
 1333 00a1 756E7369 		.ascii	"unsigned char\000"
 1333      676E6564 
 1333      20636861 
 1333      7200
 1334              	.LASF26:
 1335 00af 72657475 		.ascii	"returnValue\000"
 1335      726E5661 
 1335      6C756500 
 1336              	.LASF42:
 1337 00bb 526F6D56 		.ascii	"RomVectors\000"
 1337      6563746F 
 1337      727300
 1338              	.LASF5:
 1339 00c6 6C6F6E67 		.ascii	"long unsigned int\000"
 1339      20756E73 
 1339      69676E65 
 1339      6420696E 
 1339      7400
 1340              	.LASF37:
 1341 00d8 63795379 		.ascii	"cySysNoInitDataValid\000"
 1341      734E6F49 
 1341      6E697444 
 1341      61746156 
ARM GAS  C:\Users\DGILLI~1\AppData\Local\Temp\ccPGgrj3.s 			page 35


 1341      616C6964 
 1342              	.LASF9:
 1343 00ed 75696E74 		.ascii	"uint8\000"
 1343      3800
 1344              	.LASF29:
 1345 00f3 52657365 		.ascii	"Reset\000"
 1345      7400
 1346              	.LASF30:
 1347 00f9 5F657869 		.ascii	"_exit\000"
 1347      7400
 1348              	.LASF28:
 1349 00ff 496E7444 		.ascii	"IntDefaultHandler\000"
 1349      65666175 
 1349      6C744861 
 1349      6E646C65 
 1349      7200
 1350              	.LASF47:
 1351 0111 5F736272 		.ascii	"_sbrk\000"
 1351      6B00
 1352              	.LASF43:
 1353 0117 474E5520 		.ascii	"GNU C 4.9.3 20150303 (release) [ARM/embedded-4_9-br"
 1353      4320342E 
 1353      392E3320 
 1353      32303135 
 1353      30333033 
 1354 014a 616E6368 		.ascii	"anch revision 221220] -mcpu=cortex-m3 -mthumb -g -O"
 1354      20726576 
 1354      6973696F 
 1354      6E203232 
 1354      31323230 
 1355 017d 30202D66 		.ascii	"0 -ffunction-sections -ffat-lto-objects\000"
 1355      66756E63 
 1355      74696F6E 
 1355      2D736563 
 1355      74696F6E 
 1356              	.LASF12:
 1357 01a5 646F7562 		.ascii	"double\000"
 1357      6C6500
 1358              	.LASF36:
 1359 01ac 696E6974 		.ascii	"initialize_psoc\000"
 1359      69616C69 
 1359      7A655F70 
 1359      736F6300 
 1360              	.LASF10:
 1361 01bc 75696E74 		.ascii	"uint32\000"
 1361      333200
 1362              	.LASF8:
 1363 01c3 756E7369 		.ascii	"unsigned int\000"
 1363      676E6564 
 1363      20696E74 
 1363      00
 1364              	.LASF7:
 1365 01d0 6C6F6E67 		.ascii	"long long unsigned int\000"
 1365      206C6F6E 
 1365      6720756E 
 1365      7369676E 
 1365      65642069 
ARM GAS  C:\Users\DGILLI~1\AppData\Local\Temp\ccPGgrj3.s 			page 36


 1366              	.LASF34:
 1367 01e7 6C696D69 		.ascii	"limit\000"
 1367      7400
 1368              	.LASF16:
 1369 01ed 63796973 		.ascii	"cyisraddress\000"
 1369      72616464 
 1369      72657373 
 1369      00
 1370              	.LASF22:
 1371 01fa 696E6974 		.ascii	"init_size\000"
 1371      5F73697A 
 1371      6500
 1372              	.LASF19:
 1373 0204 5F5F6379 		.ascii	"__cy_byte_align8\000"
 1373      5F627974 
 1373      655F616C 
 1373      69676E38 
 1373      00
 1374              	.LASF14:
 1375 0215 72656738 		.ascii	"reg8\000"
 1375      00
 1376              	.LASF18:
 1377 021a 73697A65 		.ascii	"sizetype\000"
 1377      74797065 
 1377      00
 1378              	.LASF6:
 1379 0223 6C6F6E67 		.ascii	"long long int\000"
 1379      206C6F6E 
 1379      6720696E 
 1379      7400
 1380              	.LASF13:
 1381 0231 63686172 		.ascii	"char\000"
 1381      00
 1382              	.LASF45:
 1383 0236 433A5C55 		.ascii	"C:\\Users\\DGilliland\\Documents\\GitHub\\LB-RPPSOC"
 1383      73657273 
 1383      5C444769 
 1383      6C6C696C 
 1383      616E645C 
 1384 0264 5C434539 		.ascii	"\\CE95352 Blinking LED\\CE95352 Blinking LED.cydsn\000"
 1384      35333532 
 1384      20426C69 
 1384      6E6B696E 
 1384      67204C45 
 1385              	.LASF2:
 1386 0295 73686F72 		.ascii	"short int\000"
 1386      7420696E 
 1386      7400
 1387              	.LASF4:
 1388 029f 6C6F6E67 		.ascii	"long int\000"
 1388      20696E74 
 1388      00
 1389              	.LASF38:
 1390 02a8 43795265 		.ascii	"CyResetStatus\000"
 1390      73657453 
 1390      74617475 
 1390      7300
ARM GAS  C:\Users\DGILLI~1\AppData\Local\Temp\ccPGgrj3.s 			page 37


 1391              	.LASF0:
 1392 02b6 7369676E 		.ascii	"signed char\000"
 1392      65642063 
 1392      68617200 
 1393              	.LASF40:
 1394 02c2 5F5F6379 		.ascii	"__cy_regions\000"
 1394      5F726567 
 1394      696F6E73 
 1394      00
 1395              	.LASF32:
 1396 02cf 72656769 		.ascii	"regions\000"
 1396      6F6E7300 
 1397              	.LASF25:
 1398 02d7 6E627974 		.ascii	"nbytes\000"
 1398      657300
 1399              	.LASF46:
 1400 02de 5F5F6379 		.ascii	"__cy_region\000"
 1400      5F726567 
 1400      696F6E00 
 1401              		.ident	"GCC: (GNU Tools for ARM Embedded Processors) 4.9.3 20150303 (release) [ARM/embedded-4_9-br
