ARM GAS  C:\Users\DGILLI~1\AppData\Local\Temp\cc4EyyEN.s 			page 1


   1              		.syntax unified
   2              		.cpu cortex-m3
   3              		.fpu softvfp
   4              		.eabi_attribute 20, 1
   5              		.eabi_attribute 21, 1
   6              		.eabi_attribute 23, 3
   7              		.eabi_attribute 24, 1
   8              		.eabi_attribute 25, 1
   9              		.eabi_attribute 26, 1
  10              		.eabi_attribute 30, 6
  11              		.eabi_attribute 34, 1
  12              		.eabi_attribute 18, 4
  13              		.thumb
  14              		.file	"cymetadata.c"
  15              		.text
  16              	.Ltext0:
  17              		.cfi_sections	.debug_frame
  18              		.global	cy_meta_configecc
  19              		.section	.cyconfigecc,"a",%progbits
  20              		.align	2
  21              		.type	cy_meta_configecc, %object
  22              		.size	cy_meta_configecc, 932
  23              	cy_meta_configecc:
  24 0000 00       		.byte	0
  25 0001 00       		.byte	0
  26 0002 00       		.byte	0
  27 0003 00       		.byte	0
  28 0004 04       		.byte	4
  29 0005 00       		.byte	0
  30 0006 00       		.byte	0
  31 0007 00       		.byte	0
  32 0008 00       		.byte	0
  33 0009 00       		.byte	0
  34 000a 00       		.byte	0
  35 000b 00       		.byte	0
  36 000c 00       		.byte	0
  37 000d 00       		.byte	0
  38 000e 01       		.byte	1
  39 000f 00       		.byte	0
  40 0010 00       		.byte	0
  41 0011 00       		.byte	0
  42 0012 00       		.byte	0
  43 0013 00       		.byte	0
  44 0014 00       		.byte	0
  45 0015 00       		.byte	0
  46 0016 00       		.byte	0
  47 0017 00       		.byte	0
  48 0018 00       		.byte	0
  49 0019 00       		.byte	0
  50 001a 02       		.byte	2
  51 001b 00       		.byte	0
  52 001c 00       		.byte	0
  53 001d 00       		.byte	0
  54 001e 00       		.byte	0
  55 001f 00       		.byte	0
  56 0020 00       		.byte	0
  57 0021 00       		.byte	0
ARM GAS  C:\Users\DGILLI~1\AppData\Local\Temp\cc4EyyEN.s 			page 2


  58 0022 00       		.byte	0
  59 0023 00       		.byte	0
  60 0024 00       		.byte	0
  61 0025 00       		.byte	0
  62 0026 00       		.byte	0
  63 0027 00       		.byte	0
  64 0028 00       		.byte	0
  65 0029 00       		.byte	0
  66 002a 00       		.byte	0
  67 002b 00       		.byte	0
  68 002c 01       		.byte	1
  69 002d 00       		.byte	0
  70 002e 00       		.byte	0
  71 002f 00       		.byte	0
  72 0030 01       		.byte	1
  73 0031 00       		.byte	0
  74 0032 00       		.byte	0
  75 0033 00       		.byte	0
  76 0034 00       		.byte	0
  77 0035 00       		.byte	0
  78 0036 00       		.byte	0
  79 0037 00       		.byte	0
  80 0038 01       		.byte	1
  81 0039 00       		.byte	0
  82 003a 00       		.byte	0
  83 003b 00       		.byte	0
  84 003c 02       		.byte	2
  85 003d 00       		.byte	0
  86 003e 00       		.byte	0
  87 003f 00       		.byte	0
  88 0040 00       		.byte	0
  89 0041 00       		.byte	0
  90 0042 00       		.byte	0
  91 0043 00       		.byte	0
  92 0044 00       		.byte	0
  93 0045 00       		.byte	0
  94 0046 00       		.byte	0
  95 0047 00       		.byte	0
  96 0048 20       		.byte	32
  97 0049 05       		.byte	5
  98 004a 00       		.byte	0
  99 004b 00       		.byte	0
 100 004c 00       		.byte	0
 101 004d 01       		.byte	1
 102 004e 00       		.byte	0
 103 004f 20       		.byte	32
 104 0050 31       		.byte	49
 105 0051 FF       		.byte	-1
 106 0052 FF       		.byte	-1
 107 0053 FF       		.byte	-1
 108 0054 00       		.byte	0
 109 0055 A0       		.byte	-96
 110 0056 00       		.byte	0
 111 0057 04       		.byte	4
 112 0058 18       		.byte	24
 113 0059 00       		.byte	0
 114 005a 80       		.byte	-128
ARM GAS  C:\Users\DGILLI~1\AppData\Local\Temp\cc4EyyEN.s 			page 3


 115 005b 00       		.byte	0
 116 005c 00       		.byte	0
 117 005d 00       		.byte	0
 118 005e 00       		.byte	0
 119 005f 00       		.byte	0
 120 0060 04       		.byte	4
 121 0061 00       		.byte	0
 122 0062 04       		.byte	4
 123 0063 04       		.byte	4
 124 0064 00       		.byte	0
 125 0065 00       		.byte	0
 126 0066 00       		.byte	0
 127 0067 01       		.byte	1
 128 0068 40       		.byte	64
 129 0069 00       		.byte	0
 130 006a C0       		.byte	-64
 131 006b 00       		.byte	0
 132 006c 40       		.byte	64
 133 006d 40       		.byte	64
 134 006e C0       		.byte	-64
 135 006f 00       		.byte	0
 136 0070 C0       		.byte	-64
 137 0071 00       		.byte	0
 138 0072 C0       		.byte	-64
 139 0073 00       		.byte	0
 140 0074 C0       		.byte	-64
 141 0075 00       		.byte	0
 142 0076 C0       		.byte	-64
 143 0077 00       		.byte	0
 144 0078 00       		.byte	0
 145 0079 00       		.byte	0
 146 007a 00       		.byte	0
 147 007b 00       		.byte	0
 148 007c 00       		.byte	0
 149 007d 00       		.byte	0
 150 007e 00       		.byte	0
 151 007f 00       		.byte	0
 152 0080 00       		.byte	0
 153 0081 00       		.byte	0
 154 0082 00       		.byte	0
 155 0083 00       		.byte	0
 156 0084 00       		.byte	0
 157 0085 00       		.byte	0
 158 0086 00       		.byte	0
 159 0087 00       		.byte	0
 160 0088 01       		.byte	1
 161 0089 00       		.byte	0
 162 008a 00       		.byte	0
 163 008b 00       		.byte	0
 164 008c 00       		.byte	0
 165 008d 00       		.byte	0
 166 008e 00       		.byte	0
 167 008f 00       		.byte	0
 168 0090 00       		.byte	0
 169 0091 00       		.byte	0
 170 0092 00       		.byte	0
 171 0093 00       		.byte	0
ARM GAS  C:\Users\DGILLI~1\AppData\Local\Temp\cc4EyyEN.s 			page 4


 172 0094 00       		.byte	0
 173 0095 00       		.byte	0
 174 0096 01       		.byte	1
 175 0097 00       		.byte	0
 176 0098 00       		.byte	0
 177 0099 00       		.byte	0
 178 009a 00       		.byte	0
 179 009b 00       		.byte	0
 180 009c 00       		.byte	0
 181 009d 00       		.byte	0
 182 009e 00       		.byte	0
 183 009f 00       		.byte	0
 184 00a0 00       		.byte	0
 185 00a1 00       		.byte	0
 186 00a2 00       		.byte	0
 187 00a3 00       		.byte	0
 188 00a4 00       		.byte	0
 189 00a5 00       		.byte	0
 190 00a6 00       		.byte	0
 191 00a7 00       		.byte	0
 192 00a8 00       		.byte	0
 193 00a9 00       		.byte	0
 194 00aa 00       		.byte	0
 195 00ab 00       		.byte	0
 196 00ac 00       		.byte	0
 197 00ad 00       		.byte	0
 198 00ae 00       		.byte	0
 199 00af 00       		.byte	0
 200 00b0 00       		.byte	0
 201 00b1 00       		.byte	0
 202 00b2 00       		.byte	0
 203 00b3 00       		.byte	0
 204 00b4 00       		.byte	0
 205 00b5 00       		.byte	0
 206 00b6 00       		.byte	0
 207 00b7 00       		.byte	0
 208 00b8 00       		.byte	0
 209 00b9 00       		.byte	0
 210 00ba 00       		.byte	0
 211 00bb 00       		.byte	0
 212 00bc 00       		.byte	0
 213 00bd 00       		.byte	0
 214 00be 00       		.byte	0
 215 00bf 00       		.byte	0
 216 00c0 00       		.byte	0
 217 00c1 00       		.byte	0
 218 00c2 20       		.byte	32
 219 00c3 00       		.byte	0
 220 00c4 00       		.byte	0
 221 00c5 00       		.byte	0
 222 00c6 00       		.byte	0
 223 00c7 00       		.byte	0
 224 00c8 00       		.byte	0
 225 00c9 00       		.byte	0
 226 00ca 00       		.byte	0
 227 00cb 00       		.byte	0
 228 00cc 00       		.byte	0
ARM GAS  C:\Users\DGILLI~1\AppData\Local\Temp\cc4EyyEN.s 			page 5


 229 00cd 00       		.byte	0
 230 00ce 00       		.byte	0
 231 00cf 00       		.byte	0
 232 00d0 00       		.byte	0
 233 00d1 00       		.byte	0
 234 00d2 00       		.byte	0
 235 00d3 00       		.byte	0
 236 00d4 00       		.byte	0
 237 00d5 00       		.byte	0
 238 00d6 00       		.byte	0
 239 00d7 00       		.byte	0
 240 00d8 00       		.byte	0
 241 00d9 00       		.byte	0
 242 00da 00       		.byte	0
 243 00db 00       		.byte	0
 244 00dc 00       		.byte	0
 245 00dd 00       		.byte	0
 246 00de 00       		.byte	0
 247 00df 00       		.byte	0
 248 00e0 00       		.byte	0
 249 00e1 00       		.byte	0
 250 00e2 00       		.byte	0
 251 00e3 00       		.byte	0
 252 00e4 00       		.byte	0
 253 00e5 00       		.byte	0
 254 00e6 00       		.byte	0
 255 00e7 00       		.byte	0
 256 00e8 00       		.byte	0
 257 00e9 00       		.byte	0
 258 00ea 00       		.byte	0
 259 00eb 00       		.byte	0
 260 00ec 00       		.byte	0
 261 00ed 00       		.byte	0
 262 00ee 00       		.byte	0
 263 00ef 00       		.byte	0
 264 00f0 00       		.byte	0
 265 00f1 00       		.byte	0
 266 00f2 00       		.byte	0
 267 00f3 00       		.byte	0
 268 00f4 00       		.byte	0
 269 00f5 00       		.byte	0
 270 00f6 00       		.byte	0
 271 00f7 00       		.byte	0
 272 00f8 00       		.byte	0
 273 00f9 00       		.byte	0
 274 00fa 00       		.byte	0
 275 00fb 00       		.byte	0
 276 00fc 00       		.byte	0
 277 00fd 00       		.byte	0
 278 00fe 00       		.byte	0
 279 00ff 00       		.byte	0
 280 0100 00       		.byte	0
 281 0101 00       		.byte	0
 282 0102 00       		.byte	0
 283 0103 00       		.byte	0
 284 0104 00       		.byte	0
 285 0105 00       		.byte	0
ARM GAS  C:\Users\DGILLI~1\AppData\Local\Temp\cc4EyyEN.s 			page 6


 286 0106 00       		.byte	0
 287 0107 00       		.byte	0
 288 0108 00       		.byte	0
 289 0109 00       		.byte	0
 290 010a 00       		.byte	0
 291 010b 00       		.byte	0
 292 010c 00       		.byte	0
 293 010d 00       		.byte	0
 294 010e 00       		.byte	0
 295 010f 00       		.byte	0
 296 0110 00       		.byte	0
 297 0111 00       		.byte	0
 298 0112 00       		.byte	0
 299 0113 00       		.byte	0
 300 0114 00       		.byte	0
 301 0115 00       		.byte	0
 302 0116 00       		.byte	0
 303 0117 00       		.byte	0
 304 0118 00       		.byte	0
 305 0119 00       		.byte	0
 306 011a 00       		.byte	0
 307 011b 00       		.byte	0
 308 011c 00       		.byte	0
 309 011d 00       		.byte	0
 310 011e 00       		.byte	0
 311 011f 00       		.byte	0
 312 0120 00       		.byte	0
 313 0121 00       		.byte	0
 314 0122 00       		.byte	0
 315 0123 00       		.byte	0
 316 0124 00       		.byte	0
 317 0125 00       		.byte	0
 318 0126 00       		.byte	0
 319 0127 00       		.byte	0
 320 0128 00       		.byte	0
 321 0129 00       		.byte	0
 322 012a 00       		.byte	0
 323 012b 00       		.byte	0
 324 012c 00       		.byte	0
 325 012d 00       		.byte	0
 326 012e 00       		.byte	0
 327 012f 00       		.byte	0
 328 0130 00       		.byte	0
 329 0131 00       		.byte	0
 330 0132 00       		.byte	0
 331 0133 00       		.byte	0
 332 0134 00       		.byte	0
 333 0135 00       		.byte	0
 334 0136 00       		.byte	0
 335 0137 00       		.byte	0
 336 0138 00       		.byte	0
 337 0139 00       		.byte	0
 338 013a 00       		.byte	0
 339 013b 00       		.byte	0
 340 013c 00       		.byte	0
 341 013d 00       		.byte	0
 342 013e 00       		.byte	0
ARM GAS  C:\Users\DGILLI~1\AppData\Local\Temp\cc4EyyEN.s 			page 7


 343 013f 00       		.byte	0
 344 0140 00       		.byte	0
 345 0141 00       		.byte	0
 346 0142 00       		.byte	0
 347 0143 00       		.byte	0
 348 0144 00       		.byte	0
 349 0145 00       		.byte	0
 350 0146 00       		.byte	0
 351 0147 00       		.byte	0
 352 0148 00       		.byte	0
 353 0149 00       		.byte	0
 354 014a 00       		.byte	0
 355 014b 00       		.byte	0
 356 014c 00       		.byte	0
 357 014d 00       		.byte	0
 358 014e 00       		.byte	0
 359 014f 00       		.byte	0
 360 0150 00       		.byte	0
 361 0151 00       		.byte	0
 362 0152 00       		.byte	0
 363 0153 00       		.byte	0
 364 0154 00       		.byte	0
 365 0155 00       		.byte	0
 366 0156 00       		.byte	0
 367 0157 00       		.byte	0
 368 0158 00       		.byte	0
 369 0159 00       		.byte	0
 370 015a 00       		.byte	0
 371 015b 00       		.byte	0
 372 015c 00       		.byte	0
 373 015d 00       		.byte	0
 374 015e 00       		.byte	0
 375 015f 00       		.byte	0
 376 0160 00       		.byte	0
 377 0161 00       		.byte	0
 378 0162 00       		.byte	0
 379 0163 00       		.byte	0
 380 0164 00       		.byte	0
 381 0165 00       		.byte	0
 382 0166 00       		.byte	0
 383 0167 00       		.byte	0
 384 0168 00       		.byte	0
 385 0169 00       		.byte	0
 386 016a 20       		.byte	32
 387 016b 00       		.byte	0
 388 016c 00       		.byte	0
 389 016d 00       		.byte	0
 390 016e 00       		.byte	0
 391 016f 00       		.byte	0
 392 0170 00       		.byte	0
 393 0171 00       		.byte	0
 394 0172 00       		.byte	0
 395 0173 00       		.byte	0
 396 0174 00       		.byte	0
 397 0175 00       		.byte	0
 398 0176 00       		.byte	0
 399 0177 00       		.byte	0
ARM GAS  C:\Users\DGILLI~1\AppData\Local\Temp\cc4EyyEN.s 			page 8


 400 0178 00       		.byte	0
 401 0179 00       		.byte	0
 402 017a 00       		.byte	0
 403 017b 00       		.byte	0
 404 017c 00       		.byte	0
 405 017d 00       		.byte	0
 406 017e 00       		.byte	0
 407 017f 00       		.byte	0
 408 0180 00       		.byte	0
 409 0181 00       		.byte	0
 410 0182 00       		.byte	0
 411 0183 00       		.byte	0
 412 0184 00       		.byte	0
 413 0185 00       		.byte	0
 414 0186 00       		.byte	0
 415 0187 00       		.byte	0
 416 0188 00       		.byte	0
 417 0189 00       		.byte	0
 418 018a 00       		.byte	0
 419 018b 00       		.byte	0
 420 018c 00       		.byte	0
 421 018d 00       		.byte	0
 422 018e 00       		.byte	0
 423 018f 00       		.byte	0
 424 0190 00       		.byte	0
 425 0191 00       		.byte	0
 426 0192 00       		.byte	0
 427 0193 00       		.byte	0
 428 0194 00       		.byte	0
 429 0195 00       		.byte	0
 430 0196 00       		.byte	0
 431 0197 00       		.byte	0
 432 0198 00       		.byte	0
 433 0199 00       		.byte	0
 434 019a 00       		.byte	0
 435 019b 00       		.byte	0
 436 019c 00       		.byte	0
 437 019d 00       		.byte	0
 438 019e 00       		.byte	0
 439 019f 00       		.byte	0
 440 01a0 00       		.byte	0
 441 01a1 00       		.byte	0
 442 01a2 00       		.byte	0
 443 01a3 00       		.byte	0
 444 01a4 00       		.byte	0
 445 01a5 00       		.byte	0
 446 01a6 00       		.byte	0
 447 01a7 00       		.byte	0
 448 01a8 00       		.byte	0
 449 01a9 00       		.byte	0
 450 01aa 00       		.byte	0
 451 01ab 00       		.byte	0
 452 01ac 00       		.byte	0
 453 01ad 00       		.byte	0
 454 01ae 00       		.byte	0
 455 01af 00       		.byte	0
 456 01b0 00       		.byte	0
ARM GAS  C:\Users\DGILLI~1\AppData\Local\Temp\cc4EyyEN.s 			page 9


 457 01b1 00       		.byte	0
 458 01b2 00       		.byte	0
 459 01b3 00       		.byte	0
 460 01b4 00       		.byte	0
 461 01b5 00       		.byte	0
 462 01b6 00       		.byte	0
 463 01b7 00       		.byte	0
 464 01b8 00       		.byte	0
 465 01b9 00       		.byte	0
 466 01ba 00       		.byte	0
 467 01bb 00       		.byte	0
 468 01bc 00       		.byte	0
 469 01bd 00       		.byte	0
 470 01be 00       		.byte	0
 471 01bf 00       		.byte	0
 472 01c0 00       		.byte	0
 473 01c1 00       		.byte	0
 474 01c2 00       		.byte	0
 475 01c3 00       		.byte	0
 476 01c4 00       		.byte	0
 477 01c5 00       		.byte	0
 478 01c6 00       		.byte	0
 479 01c7 00       		.byte	0
 480 01c8 00       		.byte	0
 481 01c9 00       		.byte	0
 482 01ca 00       		.byte	0
 483 01cb 00       		.byte	0
 484 01cc 00       		.byte	0
 485 01cd 00       		.byte	0
 486 01ce 00       		.byte	0
 487 01cf 00       		.byte	0
 488 01d0 00       		.byte	0
 489 01d1 00       		.byte	0
 490 01d2 00       		.byte	0
 491 01d3 00       		.byte	0
 492 01d4 00       		.byte	0
 493 01d5 00       		.byte	0
 494 01d6 00       		.byte	0
 495 01d7 00       		.byte	0
 496 01d8 00       		.byte	0
 497 01d9 00       		.byte	0
 498 01da 00       		.byte	0
 499 01db 00       		.byte	0
 500 01dc 00       		.byte	0
 501 01dd 00       		.byte	0
 502 01de 00       		.byte	0
 503 01df 00       		.byte	0
 504 01e0 00       		.byte	0
 505 01e1 00       		.byte	0
 506 01e2 00       		.byte	0
 507 01e3 00       		.byte	0
 508 01e4 00       		.byte	0
 509 01e5 00       		.byte	0
 510 01e6 00       		.byte	0
 511 01e7 00       		.byte	0
 512 01e8 00       		.byte	0
 513 01e9 00       		.byte	0
ARM GAS  C:\Users\DGILLI~1\AppData\Local\Temp\cc4EyyEN.s 			page 10


 514 01ea 00       		.byte	0
 515 01eb 00       		.byte	0
 516 01ec 04       		.byte	4
 517 01ed 00       		.byte	0
 518 01ee 00       		.byte	0
 519 01ef 00       		.byte	0
 520 01f0 00       		.byte	0
 521 01f1 00       		.byte	0
 522 01f2 00       		.byte	0
 523 01f3 00       		.byte	0
 524 01f4 00       		.byte	0
 525 01f5 00       		.byte	0
 526 01f6 00       		.byte	0
 527 01f7 00       		.byte	0
 528 01f8 00       		.byte	0
 529 01f9 00       		.byte	0
 530 01fa 00       		.byte	0
 531 01fb 00       		.byte	0
 532 01fc 00       		.byte	0
 533 01fd 00       		.byte	0
 534 01fe 00       		.byte	0
 535 01ff 00       		.byte	0
 536 0200 00       		.byte	0
 537 0201 00       		.byte	0
 538 0202 00       		.byte	0
 539 0203 00       		.byte	0
 540 0204 00       		.byte	0
 541 0205 00       		.byte	0
 542 0206 00       		.byte	0
 543 0207 00       		.byte	0
 544 0208 00       		.byte	0
 545 0209 00       		.byte	0
 546 020a 00       		.byte	0
 547 020b 00       		.byte	0
 548 020c 00       		.byte	0
 549 020d 00       		.byte	0
 550 020e 00       		.byte	0
 551 020f 00       		.byte	0
 552 0210 00       		.byte	0
 553 0211 00       		.byte	0
 554 0212 00       		.byte	0
 555 0213 00       		.byte	0
 556 0214 00       		.byte	0
 557 0215 00       		.byte	0
 558 0216 00       		.byte	0
 559 0217 00       		.byte	0
 560 0218 00       		.byte	0
 561 0219 00       		.byte	0
 562 021a 00       		.byte	0
 563 021b 00       		.byte	0
 564 021c 00       		.byte	0
 565 021d 00       		.byte	0
 566 021e 00       		.byte	0
 567 021f 00       		.byte	0
 568 0220 00       		.byte	0
 569 0221 00       		.byte	0
 570 0222 00       		.byte	0
ARM GAS  C:\Users\DGILLI~1\AppData\Local\Temp\cc4EyyEN.s 			page 11


 571 0223 00       		.byte	0
 572 0224 00       		.byte	0
 573 0225 00       		.byte	0
 574 0226 00       		.byte	0
 575 0227 00       		.byte	0
 576 0228 00       		.byte	0
 577 0229 00       		.byte	0
 578 022a 00       		.byte	0
 579 022b 00       		.byte	0
 580 022c 00       		.byte	0
 581 022d 00       		.byte	0
 582 022e 00       		.byte	0
 583 022f 00       		.byte	0
 584 0230 00       		.byte	0
 585 0231 00       		.byte	0
 586 0232 00       		.byte	0
 587 0233 00       		.byte	0
 588 0234 00       		.byte	0
 589 0235 00       		.byte	0
 590 0236 00       		.byte	0
 591 0237 00       		.byte	0
 592 0238 00       		.byte	0
 593 0239 00       		.byte	0
 594 023a 00       		.byte	0
 595 023b 00       		.byte	0
 596 023c 00       		.byte	0
 597 023d 00       		.byte	0
 598 023e 00       		.byte	0
 599 023f 00       		.byte	0
 600 0240 00       		.byte	0
 601 0241 00       		.byte	0
 602 0242 40       		.byte	64
 603 0243 00       		.byte	0
 604 0244 00       		.byte	0
 605 0245 00       		.byte	0
 606 0246 00       		.byte	0
 607 0247 00       		.byte	0
 608 0248 00       		.byte	0
 609 0249 00       		.byte	0
 610 024a 00       		.byte	0
 611 024b 00       		.byte	0
 612 024c 00       		.byte	0
 613 024d 00       		.byte	0
 614 024e 00       		.byte	0
 615 024f 00       		.byte	0
 616 0250 00       		.byte	0
 617 0251 00       		.byte	0
 618 0252 00       		.byte	0
 619 0253 00       		.byte	0
 620 0254 00       		.byte	0
 621 0255 00       		.byte	0
 622 0256 00       		.byte	0
 623 0257 00       		.byte	0
 624 0258 00       		.byte	0
 625 0259 00       		.byte	0
 626 025a 00       		.byte	0
 627 025b 00       		.byte	0
ARM GAS  C:\Users\DGILLI~1\AppData\Local\Temp\cc4EyyEN.s 			page 12


 628 025c 00       		.byte	0
 629 025d 00       		.byte	0
 630 025e 00       		.byte	0
 631 025f 00       		.byte	0
 632 0260 00       		.byte	0
 633 0261 00       		.byte	0
 634 0262 00       		.byte	0
 635 0263 00       		.byte	0
 636 0264 00       		.byte	0
 637 0265 00       		.byte	0
 638 0266 00       		.byte	0
 639 0267 00       		.byte	0
 640 0268 00       		.byte	0
 641 0269 00       		.byte	0
 642 026a 00       		.byte	0
 643 026b 00       		.byte	0
 644 026c 00       		.byte	0
 645 026d 00       		.byte	0
 646 026e 00       		.byte	0
 647 026f 00       		.byte	0
 648 0270 00       		.byte	0
 649 0271 00       		.byte	0
 650 0272 00       		.byte	0
 651 0273 00       		.byte	0
 652 0274 00       		.byte	0
 653 0275 00       		.byte	0
 654 0276 00       		.byte	0
 655 0277 00       		.byte	0
 656 0278 00       		.byte	0
 657 0279 00       		.byte	0
 658 027a 00       		.byte	0
 659 027b 00       		.byte	0
 660 027c 00       		.byte	0
 661 027d 00       		.byte	0
 662 027e 00       		.byte	0
 663 027f 00       		.byte	0
 664 0280 00       		.byte	0
 665 0281 00       		.byte	0
 666 0282 00       		.byte	0
 667 0283 00       		.byte	0
 668 0284 01       		.byte	1
 669 0285 00       		.byte	0
 670 0286 00       		.byte	0
 671 0287 00       		.byte	0
 672 0288 00       		.byte	0
 673 0289 00       		.byte	0
 674 028a 00       		.byte	0
 675 028b 00       		.byte	0
 676 028c 00       		.byte	0
 677 028d 00       		.byte	0
 678 028e 00       		.byte	0
 679 028f 00       		.byte	0
 680 0290 00       		.byte	0
 681 0291 00       		.byte	0
 682 0292 00       		.byte	0
 683 0293 00       		.byte	0
 684 0294 00       		.byte	0
ARM GAS  C:\Users\DGILLI~1\AppData\Local\Temp\cc4EyyEN.s 			page 13


 685 0295 00       		.byte	0
 686 0296 00       		.byte	0
 687 0297 00       		.byte	0
 688 0298 04       		.byte	4
 689 0299 00       		.byte	0
 690 029a 00       		.byte	0
 691 029b 00       		.byte	0
 692 029c 00       		.byte	0
 693 029d 00       		.byte	0
 694 029e 00       		.byte	0
 695 029f 00       		.byte	0
 696 02a0 00       		.byte	0
 697 02a1 02       		.byte	2
 698 02a2 00       		.byte	0
 699 02a3 00       		.byte	0
 700 02a4 00       		.byte	0
 701 02a5 00       		.byte	0
 702 02a6 00       		.byte	0
 703 02a7 00       		.byte	0
 704 02a8 28       		.byte	40
 705 02a9 00       		.byte	0
 706 02aa 00       		.byte	0
 707 02ab 00       		.byte	0
 708 02ac 00       		.byte	0
 709 02ad 00       		.byte	0
 710 02ae 00       		.byte	0
 711 02af 00       		.byte	0
 712 02b0 04       		.byte	4
 713 02b1 00       		.byte	0
 714 02b2 80       		.byte	-128
 715 02b3 00       		.byte	0
 716 02b4 00       		.byte	0
 717 02b5 00       		.byte	0
 718 02b6 00       		.byte	0
 719 02b7 00       		.byte	0
 720 02b8 00       		.byte	0
 721 02b9 00       		.byte	0
 722 02ba 00       		.byte	0
 723 02bb 00       		.byte	0
 724 02bc 00       		.byte	0
 725 02bd 00       		.byte	0
 726 02be 00       		.byte	0
 727 02bf 00       		.byte	0
 728 02c0 00       		.byte	0
 729 02c1 00       		.byte	0
 730 02c2 00       		.byte	0
 731 02c3 00       		.byte	0
 732 02c4 00       		.byte	0
 733 02c5 00       		.byte	0
 734 02c6 00       		.byte	0
 735 02c7 00       		.byte	0
 736 02c8 00       		.byte	0
 737 02c9 00       		.byte	0
 738 02ca 00       		.byte	0
 739 02cb 00       		.byte	0
 740 02cc 00       		.byte	0
 741 02cd 00       		.byte	0
ARM GAS  C:\Users\DGILLI~1\AppData\Local\Temp\cc4EyyEN.s 			page 14


 742 02ce 00       		.byte	0
 743 02cf 00       		.byte	0
 744 02d0 00       		.byte	0
 745 02d1 00       		.byte	0
 746 02d2 00       		.byte	0
 747 02d3 00       		.byte	0
 748 02d4 00       		.byte	0
 749 02d5 00       		.byte	0
 750 02d6 00       		.byte	0
 751 02d7 00       		.byte	0
 752 02d8 04       		.byte	4
 753 02d9 00       		.byte	0
 754 02da 00       		.byte	0
 755 02db 00       		.byte	0
 756 02dc 00       		.byte	0
 757 02dd 00       		.byte	0
 758 02de 00       		.byte	0
 759 02df 00       		.byte	0
 760 02e0 22       		.byte	34
 761 02e1 00       		.byte	0
 762 02e2 00       		.byte	0
 763 02e3 00       		.byte	0
 764 02e4 00       		.byte	0
 765 02e5 00       		.byte	0
 766 02e6 00       		.byte	0
 767 02e7 00       		.byte	0
 768 02e8 0A       		.byte	10
 769 02e9 00       		.byte	0
 770 02ea 00       		.byte	0
 771 02eb 00       		.byte	0
 772 02ec 00       		.byte	0
 773 02ed 00       		.byte	0
 774 02ee 00       		.byte	0
 775 02ef 00       		.byte	0
 776 02f0 00       		.byte	0
 777 02f1 00       		.byte	0
 778 02f2 00       		.byte	0
 779 02f3 00       		.byte	0
 780 02f4 00       		.byte	0
 781 02f5 00       		.byte	0
 782 02f6 00       		.byte	0
 783 02f7 00       		.byte	0
 784 02f8 00       		.byte	0
 785 02f9 00       		.byte	0
 786 02fa 00       		.byte	0
 787 02fb 00       		.byte	0
 788 02fc 00       		.byte	0
 789 02fd 00       		.byte	0
 790 02fe 00       		.byte	0
 791 02ff 00       		.byte	0
 792 0300 00       		.byte	0
 793 0301 00       		.byte	0
 794 0302 00       		.byte	0
 795 0303 00       		.byte	0
 796 0304 00       		.byte	0
 797 0305 00       		.byte	0
 798 0306 00       		.byte	0
ARM GAS  C:\Users\DGILLI~1\AppData\Local\Temp\cc4EyyEN.s 			page 15


 799 0307 00       		.byte	0
 800 0308 00       		.byte	0
 801 0309 02       		.byte	2
 802 030a 00       		.byte	0
 803 030b 00       		.byte	0
 804 030c 00       		.byte	0
 805 030d 00       		.byte	0
 806 030e 00       		.byte	0
 807 030f 00       		.byte	0
 808 0310 00       		.byte	0
 809 0311 00       		.byte	0
 810 0312 00       		.byte	0
 811 0313 00       		.byte	0
 812 0314 00       		.byte	0
 813 0315 00       		.byte	0
 814 0316 00       		.byte	0
 815 0317 00       		.byte	0
 816 0318 00       		.byte	0
 817 0319 00       		.byte	0
 818 031a 00       		.byte	0
 819 031b 00       		.byte	0
 820 031c 00       		.byte	0
 821 031d 00       		.byte	0
 822 031e 00       		.byte	0
 823 031f 00       		.byte	0
 824 0320 00       		.byte	0
 825 0321 00       		.byte	0
 826 0322 00       		.byte	0
 827 0323 00       		.byte	0
 828 0324 00       		.byte	0
 829 0325 00       		.byte	0
 830 0326 00       		.byte	0
 831 0327 00       		.byte	0
 832 0328 00       		.byte	0
 833 0329 00       		.byte	0
 834 032a 00       		.byte	0
 835 032b 00       		.byte	0
 836 032c 00       		.byte	0
 837 032d 00       		.byte	0
 838 032e 00       		.byte	0
 839 032f 00       		.byte	0
 840 0330 00       		.byte	0
 841 0331 00       		.byte	0
 842 0332 00       		.byte	0
 843 0333 00       		.byte	0
 844 0334 00       		.byte	0
 845 0335 00       		.byte	0
 846 0336 00       		.byte	0
 847 0337 00       		.byte	0
 848 0338 00       		.byte	0
 849 0339 00       		.byte	0
 850 033a 00       		.byte	0
 851 033b 00       		.byte	0
 852 033c 00       		.byte	0
 853 033d 00       		.byte	0
 854 033e 00       		.byte	0
 855 033f 00       		.byte	0
ARM GAS  C:\Users\DGILLI~1\AppData\Local\Temp\cc4EyyEN.s 			page 16


 856 0340 00       		.byte	0
 857 0341 00       		.byte	0
 858 0342 00       		.byte	0
 859 0343 00       		.byte	0
 860 0344 00       		.byte	0
 861 0345 00       		.byte	0
 862 0346 00       		.byte	0
 863 0347 00       		.byte	0
 864 0348 00       		.byte	0
 865 0349 00       		.byte	0
 866 034a 00       		.byte	0
 867 034b 00       		.byte	0
 868 034c 00       		.byte	0
 869 034d 00       		.byte	0
 870 034e 00       		.byte	0
 871 034f 00       		.byte	0
 872 0350 00       		.byte	0
 873 0351 00       		.byte	0
 874 0352 00       		.byte	0
 875 0353 00       		.byte	0
 876 0354 00       		.byte	0
 877 0355 00       		.byte	0
 878 0356 00       		.byte	0
 879 0357 00       		.byte	0
 880 0358 04       		.byte	4
 881 0359 00       		.byte	0
 882 035a 08       		.byte	8
 883 035b 00       		.byte	0
 884 035c 06       		.byte	6
 885 035d 00       		.byte	0
 886 035e 00       		.byte	0
 887 035f 00       		.byte	0
 888 0360 00       		.byte	0
 889 0361 00       		.byte	0
 890 0362 00       		.byte	0
 891 0363 00       		.byte	0
 892 0364 00       		.byte	0
 893 0365 00       		.byte	0
 894 0366 00       		.byte	0
 895 0367 00       		.byte	0
 896 0368 04       		.byte	4
 897 0369 00       		.byte	0
 898 036a 08       		.byte	8
 899 036b 00       		.byte	0
 900 036c 00       		.byte	0
 901 036d 00       		.byte	0
 902 036e 00       		.byte	0
 903 036f 00       		.byte	0
 904 0370 00       		.byte	0
 905 0371 00       		.byte	0
 906 0372 00       		.byte	0
 907 0373 00       		.byte	0
 908 0374 00       		.byte	0
 909 0375 00       		.byte	0
 910 0376 00       		.byte	0
 911 0377 00       		.byte	0
 912 0378 00       		.byte	0
ARM GAS  C:\Users\DGILLI~1\AppData\Local\Temp\cc4EyyEN.s 			page 17


 913 0379 00       		.byte	0
 914 037a 00       		.byte	0
 915 037b 00       		.byte	0
 916 037c 00       		.byte	0
 917 037d 00       		.byte	0
 918 037e 00       		.byte	0
 919 037f 00       		.byte	0
 920 0380 00       		.byte	0
 921 0381 00       		.byte	0
 922 0382 00       		.byte	0
 923 0383 00       		.byte	0
 924 0384 00       		.byte	0
 925 0385 00       		.byte	0
 926 0386 00       		.byte	0
 927 0387 00       		.byte	0
 928 0388 00       		.byte	0
 929 0389 00       		.byte	0
 930 038a 00       		.byte	0
 931 038b 00       		.byte	0
 932 038c 00       		.byte	0
 933 038d 00       		.byte	0
 934 038e 00       		.byte	0
 935 038f 00       		.byte	0
 936 0390 00       		.byte	0
 937 0391 00       		.byte	0
 938 0392 00       		.byte	0
 939 0393 00       		.byte	0
 940 0394 00       		.byte	0
 941 0395 00       		.byte	0
 942 0396 00       		.byte	0
 943 0397 00       		.byte	0
 944 0398 04       		.byte	4
 945 0399 00       		.byte	0
 946 039a 00       		.byte	0
 947 039b 06       		.byte	6
 948 039c 02       		.byte	2
 949 039d 00       		.byte	0
 950 039e 02       		.byte	2
 951 039f 00       		.byte	0
 952 03a0 00       		.byte	0
 953 03a1 00       		.byte	0
 954 03a2 00       		.byte	0
 955 03a3 00       		.byte	0
 956              		.global	cy_meta_custnvl
 957              		.section	.cycustnvl,"a",%progbits
 958              		.align	2
 959              		.type	cy_meta_custnvl, %object
 960              		.size	cy_meta_custnvl, 4
 961              	cy_meta_custnvl:
 962 0000 00       		.byte	0
 963 0001 00       		.byte	0
 964 0002 40       		.byte	64
 965 0003 05       		.byte	5
 966              		.global	cy_meta_wonvl
 967              		.section	.cywolatch,"a",%progbits
 968              		.align	2
 969              		.type	cy_meta_wonvl, %object
ARM GAS  C:\Users\DGILLI~1\AppData\Local\Temp\cc4EyyEN.s 			page 18


 970              		.size	cy_meta_wonvl, 4
 971              	cy_meta_wonvl:
 972 0000 BC       		.byte	-68
 973 0001 90       		.byte	-112
 974 0002 AC       		.byte	-84
 975 0003 AF       		.byte	-81
 976              		.global	cy_meta_flashprotect
 977              		.section	.cyflashprotect,"a",%progbits
 978              		.align	2
 979              		.type	cy_meta_flashprotect, %object
 980              		.size	cy_meta_flashprotect, 256
 981              	cy_meta_flashprotect:
 982 0000 00000000 		.space	256
 982      00000000 
 982      00000000 
 982      00000000 
 982      00000000 
 983              		.global	cy_metadata
 984              		.section	.cymeta,"a",%progbits
 985              		.align	2
 986              		.type	cy_metadata, %object
 987              		.size	cy_metadata, 12
 988              	cy_metadata:
 989 0000 00       		.byte	0
 990 0001 01       		.byte	1
 991 0002 2E       		.byte	46
 992 0003 16       		.byte	22
 993 0004 10       		.byte	16
 994 0005 69       		.byte	105
 995 0006 00       		.byte	0
 996 0007 01       		.byte	1
 997 0008 00       		.byte	0
 998 0009 00       		.byte	0
 999 000a 00       		.byte	0
 1000 000b 00       		.byte	0
 1001              		.text
 1002              	.Letext0:
 1003              		.file 1 ".\\Generated_Source\\PSoC5\\cymetadata.c"
 1004              		.file 2 ".\\Generated_Source\\PSoC5\\cytypes.h"
 1005              		.section	.debug_info,"",%progbits
 1006              	.Ldebug_info0:
 1007 0000 36010000 		.4byte	0x136
 1008 0004 0400     		.2byte	0x4
 1009 0006 00000000 		.4byte	.Ldebug_abbrev0
 1010 000a 04       		.byte	0x4
 1011 000b 01       		.uleb128 0x1
 1012 000c 00000000 		.4byte	.LASF18
 1013 0010 01       		.byte	0x1
 1014 0011 8E000000 		.4byte	.LASF19
 1015 0015 85010000 		.4byte	.LASF20
 1016 0019 00000000 		.4byte	.Ldebug_line0
 1017 001d 02       		.uleb128 0x2
 1018 001e 01       		.byte	0x1
 1019 001f 06       		.byte	0x6
 1020 0020 FD010000 		.4byte	.LASF0
 1021 0024 02       		.uleb128 0x2
 1022 0025 01       		.byte	0x1
ARM GAS  C:\Users\DGILLI~1\AppData\Local\Temp\cc4EyyEN.s 			page 19


 1023 0026 08       		.byte	0x8
 1024 0027 C6000000 		.4byte	.LASF1
 1025 002b 02       		.uleb128 0x2
 1026 002c 02       		.byte	0x2
 1027 002d 05       		.byte	0x5
 1028 002e E4010000 		.4byte	.LASF2
 1029 0032 02       		.uleb128 0x2
 1030 0033 02       		.byte	0x2
 1031 0034 07       		.byte	0x7
 1032 0035 E6000000 		.4byte	.LASF3
 1033 0039 02       		.uleb128 0x2
 1034 003a 04       		.byte	0x4
 1035 003b 05       		.byte	0x5
 1036 003c F4010000 		.4byte	.LASF4
 1037 0040 02       		.uleb128 0x2
 1038 0041 04       		.byte	0x4
 1039 0042 07       		.byte	0x7
 1040 0043 D4000000 		.4byte	.LASF5
 1041 0047 02       		.uleb128 0x2
 1042 0048 08       		.byte	0x8
 1043 0049 05       		.byte	0x5
 1044 004a 72010000 		.4byte	.LASF6
 1045 004e 02       		.uleb128 0x2
 1046 004f 08       		.byte	0x8
 1047 0050 07       		.byte	0x7
 1048 0051 2F010000 		.4byte	.LASF7
 1049 0055 03       		.uleb128 0x3
 1050 0056 04       		.byte	0x4
 1051 0057 05       		.byte	0x5
 1052 0058 696E7400 		.ascii	"int\000"
 1053 005c 02       		.uleb128 0x2
 1054 005d 04       		.byte	0x4
 1055 005e 07       		.byte	0x7
 1056 005f 22010000 		.4byte	.LASF8
 1057 0063 04       		.uleb128 0x4
 1058 0064 EE010000 		.4byte	.LASF21
 1059 0068 02       		.byte	0x2
 1060 0069 C2       		.byte	0xc2
 1061 006a 24000000 		.4byte	0x24
 1062 006e 02       		.uleb128 0x2
 1063 006f 04       		.byte	0x4
 1064 0070 04       		.byte	0x4
 1065 0071 C0000000 		.4byte	.LASF9
 1066 0075 02       		.uleb128 0x2
 1067 0076 08       		.byte	0x8
 1068 0077 04       		.byte	0x4
 1069 0078 F9000000 		.4byte	.LASF10
 1070 007c 02       		.uleb128 0x2
 1071 007d 01       		.byte	0x1
 1072 007e 08       		.byte	0x8
 1073 007f 80010000 		.4byte	.LASF11
 1074 0083 05       		.uleb128 0x5
 1075 0084 63000000 		.4byte	0x63
 1076 0088 94000000 		.4byte	0x94
 1077 008c 06       		.uleb128 0x6
 1078 008d 94000000 		.4byte	0x94
 1079 0091 A303     		.2byte	0x3a3
ARM GAS  C:\Users\DGILLI~1\AppData\Local\Temp\cc4EyyEN.s 			page 20


 1080 0093 00       		.byte	0
 1081 0094 02       		.uleb128 0x2
 1082 0095 04       		.byte	0x4
 1083 0096 07       		.byte	0x7
 1084 0097 69010000 		.4byte	.LASF12
 1085 009b 07       		.uleb128 0x7
 1086 009c 10010000 		.4byte	.LASF13
 1087 00a0 01       		.byte	0x1
 1088 00a1 1C       		.byte	0x1c
 1089 00a2 AC000000 		.4byte	0xac
 1090 00a6 05       		.uleb128 0x5
 1091 00a7 03       		.byte	0x3
 1092 00a8 00000000 		.4byte	cy_meta_configecc
 1093 00ac 08       		.uleb128 0x8
 1094 00ad 83000000 		.4byte	0x83
 1095 00b1 05       		.uleb128 0x5
 1096 00b2 63000000 		.4byte	0x63
 1097 00b6 C1000000 		.4byte	0xc1
 1098 00ba 09       		.uleb128 0x9
 1099 00bb 94000000 		.4byte	0x94
 1100 00bf 03       		.byte	0x3
 1101 00c0 00       		.byte	0
 1102 00c1 07       		.uleb128 0x7
 1103 00c2 00010000 		.4byte	.LASF14
 1104 00c6 01       		.byte	0x1
 1105 00c7 9B       		.byte	0x9b
 1106 00c8 D2000000 		.4byte	0xd2
 1107 00cc 05       		.uleb128 0x5
 1108 00cd 03       		.byte	0x3
 1109 00ce 00000000 		.4byte	cy_meta_custnvl
 1110 00d2 08       		.uleb128 0x8
 1111 00d3 B1000000 		.4byte	0xb1
 1112 00d7 07       		.uleb128 0x7
 1113 00d8 5B010000 		.4byte	.LASF15
 1114 00dc 01       		.byte	0x1
 1115 00dd A6       		.byte	0xa6
 1116 00de E8000000 		.4byte	0xe8
 1117 00e2 05       		.uleb128 0x5
 1118 00e3 03       		.byte	0x3
 1119 00e4 00000000 		.4byte	cy_meta_wonvl
 1120 00e8 08       		.uleb128 0x8
 1121 00e9 B1000000 		.4byte	0xb1
 1122 00ed 05       		.uleb128 0x5
 1123 00ee 63000000 		.4byte	0x63
 1124 00f2 FD000000 		.4byte	0xfd
 1125 00f6 09       		.uleb128 0x9
 1126 00f7 94000000 		.4byte	0x94
 1127 00fb FF       		.byte	0xff
 1128 00fc 00       		.byte	0
 1129 00fd 07       		.uleb128 0x7
 1130 00fe 46010000 		.4byte	.LASF16
 1131 0102 01       		.byte	0x1
 1132 0103 B1       		.byte	0xb1
 1133 0104 0E010000 		.4byte	0x10e
 1134 0108 05       		.uleb128 0x5
 1135 0109 03       		.byte	0x3
 1136 010a 00000000 		.4byte	cy_meta_flashprotect
ARM GAS  C:\Users\DGILLI~1\AppData\Local\Temp\cc4EyyEN.s 			page 21


 1137 010e 08       		.uleb128 0x8
 1138 010f ED000000 		.4byte	0xed
 1139 0113 05       		.uleb128 0x5
 1140 0114 63000000 		.4byte	0x63
 1141 0118 23010000 		.4byte	0x123
 1142 011c 09       		.uleb128 0x9
 1143 011d 94000000 		.4byte	0x94
 1144 0121 0B       		.byte	0xb
 1145 0122 00       		.byte	0
 1146 0123 07       		.uleb128 0x7
 1147 0124 B4000000 		.4byte	.LASF17
 1148 0128 01       		.byte	0x1
 1149 0129 DB       		.byte	0xdb
 1150 012a 34010000 		.4byte	0x134
 1151 012e 05       		.uleb128 0x5
 1152 012f 03       		.byte	0x3
 1153 0130 00000000 		.4byte	cy_metadata
 1154 0134 08       		.uleb128 0x8
 1155 0135 13010000 		.4byte	0x113
 1156 0139 00       		.byte	0
 1157              		.section	.debug_abbrev,"",%progbits
 1158              	.Ldebug_abbrev0:
 1159 0000 01       		.uleb128 0x1
 1160 0001 11       		.uleb128 0x11
 1161 0002 01       		.byte	0x1
 1162 0003 25       		.uleb128 0x25
 1163 0004 0E       		.uleb128 0xe
 1164 0005 13       		.uleb128 0x13
 1165 0006 0B       		.uleb128 0xb
 1166 0007 03       		.uleb128 0x3
 1167 0008 0E       		.uleb128 0xe
 1168 0009 1B       		.uleb128 0x1b
 1169 000a 0E       		.uleb128 0xe
 1170 000b 10       		.uleb128 0x10
 1171 000c 17       		.uleb128 0x17
 1172 000d 00       		.byte	0
 1173 000e 00       		.byte	0
 1174 000f 02       		.uleb128 0x2
 1175 0010 24       		.uleb128 0x24
 1176 0011 00       		.byte	0
 1177 0012 0B       		.uleb128 0xb
 1178 0013 0B       		.uleb128 0xb
 1179 0014 3E       		.uleb128 0x3e
 1180 0015 0B       		.uleb128 0xb
 1181 0016 03       		.uleb128 0x3
 1182 0017 0E       		.uleb128 0xe
 1183 0018 00       		.byte	0
 1184 0019 00       		.byte	0
 1185 001a 03       		.uleb128 0x3
 1186 001b 24       		.uleb128 0x24
 1187 001c 00       		.byte	0
 1188 001d 0B       		.uleb128 0xb
 1189 001e 0B       		.uleb128 0xb
 1190 001f 3E       		.uleb128 0x3e
 1191 0020 0B       		.uleb128 0xb
 1192 0021 03       		.uleb128 0x3
 1193 0022 08       		.uleb128 0x8
ARM GAS  C:\Users\DGILLI~1\AppData\Local\Temp\cc4EyyEN.s 			page 22


 1194 0023 00       		.byte	0
 1195 0024 00       		.byte	0
 1196 0025 04       		.uleb128 0x4
 1197 0026 16       		.uleb128 0x16
 1198 0027 00       		.byte	0
 1199 0028 03       		.uleb128 0x3
 1200 0029 0E       		.uleb128 0xe
 1201 002a 3A       		.uleb128 0x3a
 1202 002b 0B       		.uleb128 0xb
 1203 002c 3B       		.uleb128 0x3b
 1204 002d 0B       		.uleb128 0xb
 1205 002e 49       		.uleb128 0x49
 1206 002f 13       		.uleb128 0x13
 1207 0030 00       		.byte	0
 1208 0031 00       		.byte	0
 1209 0032 05       		.uleb128 0x5
 1210 0033 01       		.uleb128 0x1
 1211 0034 01       		.byte	0x1
 1212 0035 49       		.uleb128 0x49
 1213 0036 13       		.uleb128 0x13
 1214 0037 01       		.uleb128 0x1
 1215 0038 13       		.uleb128 0x13
 1216 0039 00       		.byte	0
 1217 003a 00       		.byte	0
 1218 003b 06       		.uleb128 0x6
 1219 003c 21       		.uleb128 0x21
 1220 003d 00       		.byte	0
 1221 003e 49       		.uleb128 0x49
 1222 003f 13       		.uleb128 0x13
 1223 0040 2F       		.uleb128 0x2f
 1224 0041 05       		.uleb128 0x5
 1225 0042 00       		.byte	0
 1226 0043 00       		.byte	0
 1227 0044 07       		.uleb128 0x7
 1228 0045 34       		.uleb128 0x34
 1229 0046 00       		.byte	0
 1230 0047 03       		.uleb128 0x3
 1231 0048 0E       		.uleb128 0xe
 1232 0049 3A       		.uleb128 0x3a
 1233 004a 0B       		.uleb128 0xb
 1234 004b 3B       		.uleb128 0x3b
 1235 004c 0B       		.uleb128 0xb
 1236 004d 49       		.uleb128 0x49
 1237 004e 13       		.uleb128 0x13
 1238 004f 3F       		.uleb128 0x3f
 1239 0050 19       		.uleb128 0x19
 1240 0051 02       		.uleb128 0x2
 1241 0052 18       		.uleb128 0x18
 1242 0053 00       		.byte	0
 1243 0054 00       		.byte	0
 1244 0055 08       		.uleb128 0x8
 1245 0056 26       		.uleb128 0x26
 1246 0057 00       		.byte	0
 1247 0058 49       		.uleb128 0x49
 1248 0059 13       		.uleb128 0x13
 1249 005a 00       		.byte	0
 1250 005b 00       		.byte	0
ARM GAS  C:\Users\DGILLI~1\AppData\Local\Temp\cc4EyyEN.s 			page 23


 1251 005c 09       		.uleb128 0x9
 1252 005d 21       		.uleb128 0x21
 1253 005e 00       		.byte	0
 1254 005f 49       		.uleb128 0x49
 1255 0060 13       		.uleb128 0x13
 1256 0061 2F       		.uleb128 0x2f
 1257 0062 0B       		.uleb128 0xb
 1258 0063 00       		.byte	0
 1259 0064 00       		.byte	0
 1260 0065 00       		.byte	0
 1261              		.section	.debug_aranges,"",%progbits
 1262 0000 14000000 		.4byte	0x14
 1263 0004 0200     		.2byte	0x2
 1264 0006 00000000 		.4byte	.Ldebug_info0
 1265 000a 04       		.byte	0x4
 1266 000b 00       		.byte	0
 1267 000c 0000     		.2byte	0
 1268 000e 0000     		.2byte	0
 1269 0010 00000000 		.4byte	0
 1270 0014 00000000 		.4byte	0
 1271              		.section	.debug_line,"",%progbits
 1272              	.Ldebug_line0:
 1273 0000 4F000000 		.section	.debug_str,"MS",%progbits,1
 1273      02004900 
 1273      00000201 
 1273      FB0E0D00 
 1273      01010101 
 1274              	.LASF18:
 1275 0000 474E5520 		.ascii	"GNU C 4.9.3 20150303 (release) [ARM/embedded-4_9-br"
 1275      4320342E 
 1275      392E3320 
 1275      32303135 
 1275      30333033 
 1276 0033 616E6368 		.ascii	"anch revision 221220] -mcpu=cortex-m3 -mthumb -g -O"
 1276      20726576 
 1276      6973696F 
 1276      6E203232 
 1276      31323230 
 1277 0066 30202D66 		.ascii	"0 -ffunction-sections -ffat-lto-objects\000"
 1277      66756E63 
 1277      74696F6E 
 1277      2D736563 
 1277      74696F6E 
 1278              	.LASF19:
 1279 008e 2E5C4765 		.ascii	".\\Generated_Source\\PSoC5\\cymetadata.c\000"
 1279      6E657261 
 1279      7465645F 
 1279      536F7572 
 1279      63655C50 
 1280              	.LASF17:
 1281 00b4 63795F6D 		.ascii	"cy_metadata\000"
 1281      65746164 
 1281      61746100 
 1282              	.LASF9:
 1283 00c0 666C6F61 		.ascii	"float\000"
 1283      7400
 1284              	.LASF1:
ARM GAS  C:\Users\DGILLI~1\AppData\Local\Temp\cc4EyyEN.s 			page 24


 1285 00c6 756E7369 		.ascii	"unsigned char\000"
 1285      676E6564 
 1285      20636861 
 1285      7200
 1286              	.LASF5:
 1287 00d4 6C6F6E67 		.ascii	"long unsigned int\000"
 1287      20756E73 
 1287      69676E65 
 1287      6420696E 
 1287      7400
 1288              	.LASF3:
 1289 00e6 73686F72 		.ascii	"short unsigned int\000"
 1289      7420756E 
 1289      7369676E 
 1289      65642069 
 1289      6E7400
 1290              	.LASF10:
 1291 00f9 646F7562 		.ascii	"double\000"
 1291      6C6500
 1292              	.LASF14:
 1293 0100 63795F6D 		.ascii	"cy_meta_custnvl\000"
 1293      6574615F 
 1293      63757374 
 1293      6E766C00 
 1294              	.LASF13:
 1295 0110 63795F6D 		.ascii	"cy_meta_configecc\000"
 1295      6574615F 
 1295      636F6E66 
 1295      69676563 
 1295      6300
 1296              	.LASF8:
 1297 0122 756E7369 		.ascii	"unsigned int\000"
 1297      676E6564 
 1297      20696E74 
 1297      00
 1298              	.LASF7:
 1299 012f 6C6F6E67 		.ascii	"long long unsigned int\000"
 1299      206C6F6E 
 1299      6720756E 
 1299      7369676E 
 1299      65642069 
 1300              	.LASF16:
 1301 0146 63795F6D 		.ascii	"cy_meta_flashprotect\000"
 1301      6574615F 
 1301      666C6173 
 1301      6870726F 
 1301      74656374 
 1302              	.LASF15:
 1303 015b 63795F6D 		.ascii	"cy_meta_wonvl\000"
 1303      6574615F 
 1303      776F6E76 
 1303      6C00
 1304              	.LASF12:
 1305 0169 73697A65 		.ascii	"sizetype\000"
 1305      74797065 
 1305      00
 1306              	.LASF6:
ARM GAS  C:\Users\DGILLI~1\AppData\Local\Temp\cc4EyyEN.s 			page 25


 1307 0172 6C6F6E67 		.ascii	"long long int\000"
 1307      206C6F6E 
 1307      6720696E 
 1307      7400
 1308              	.LASF11:
 1309 0180 63686172 		.ascii	"char\000"
 1309      00
 1310              	.LASF20:
 1311 0185 433A5C55 		.ascii	"C:\\Users\\DGilliland\\Documents\\GitHub\\LB-RPPSOC"
 1311      73657273 
 1311      5C444769 
 1311      6C6C696C 
 1311      616E645C 
 1312 01b3 5C434539 		.ascii	"\\CE95352 Blinking LED\\CE95352 Blinking LED.cydsn\000"
 1312      35333532 
 1312      20426C69 
 1312      6E6B696E 
 1312      67204C45 
 1313              	.LASF2:
 1314 01e4 73686F72 		.ascii	"short int\000"
 1314      7420696E 
 1314      7400
 1315              	.LASF21:
 1316 01ee 75696E74 		.ascii	"uint8\000"
 1316      3800
 1317              	.LASF4:
 1318 01f4 6C6F6E67 		.ascii	"long int\000"
 1318      20696E74 
 1318      00
 1319              	.LASF0:
 1320 01fd 7369676E 		.ascii	"signed char\000"
 1320      65642063 
 1320      68617200 
 1321              		.ident	"GCC: (GNU Tools for ARM Embedded Processors) 4.9.3 20150303 (release) [ARM/embedded-4_9-br
