#***************************************************************************

#sjplacer

#Version:            1.1

#Build Date:         Sep  9 2019 11:47:43

#File Generated:     Mar 3 2021 06:49:09

#Purpose:            

#Copyright (C) 2010-2011 by Softjin Technologies Pvt Ltd. All rights reserved.

#***************************************************************************

Executing : C:\Program Files (x86)\Cypress\PSoC Creator\4.4\PSoC Creator\bin/sjplacer.exe --proj-name LBSPI8 --netlist-vh2 LBSPI8_p.vh2 --arch p4_udb2x2 --arch-file C:\Program Files (x86)\Cypress\PSoC Creator\4.4\PSoC Creator\dev\arch/udbdsi_2x2_04.cydata --ip-file C:\Program Files (x86)\Cypress\PSoC Creator\4.4\PSoC Creator\dev\psoc4/4/ip_blocks.cydata --rrg-file C:\Program Files (x86)\Cypress\PSoC Creator\4.4\PSoC Creator\dev\psoc4/4/route_arch-rrg.cydata --irq-file C:\Program Files (x86)\Cypress\PSoC Creator\4.4\PSoC Creator\dev\psoc4/4/irqconn.cydata --drq-file C:\Program Files (x86)\Cypress\PSoC Creator\4.4\PSoC Creator\dev\psoc4/4/triggerconn.cydata --dsi-conn-file C:\Program Files (x86)\Cypress\PSoC Creator\4.4\PSoC Creator\dev\psoc4/4/dsiconn.cydata --pins-file pins_64-TQFP.xml --lib-file LBSPI8_p.lib --sdc-file LBSPI8.sdc --io-pcf LBSPI8.pci --outdir .

		Softjin Techologies Placer, Version 1.1

Build Date : Sep  9 2019	11:45:12

D2004: Option and Settings Summary
=============================================================
Netlist vh2 file          - LBSPI8_p.vh2
Architecture file         - C:\Program Files (x86)\Cypress\PSoC Creator\4.4\PSoC Creator\dev\arch/udbdsi_2x2_04.cydata
Package                   - 
Defparam file             - 
SDC file                  - LBSPI8.sdc
Output directory          - .
Timing library            - LBSPI8_p.lib
IO Placement file         - LBSPI8.pci

D2050: Starting reading inputs for placer
=============================================================
D2065: Reading netlist file : "LBSPI8_p.vh2"
D2065: Reading arch file : "C:\Program Files (x86)\Cypress\PSoC Creator\4.4\PSoC Creator\dev\arch/udbdsi_2x2_04.cydata"
D2051: Reading of inputs for placer completed successfully

D2053: Starting placement of the design
=============================================================

Phase 2
Phase 3
I2659: No Constrained paths were found. The placer will run in non-timing driven mode.

Design Statistics after Packing
    Number of Combinational MCs 	:	0
    Number of Sequential MCs    	:	0
    Number of DPs               	:	0
    Number of Controls          	:	0
    Number of Status            	:	0
    Number of SyncCells         	:	0
    Number of count7cells       	:	0

Device Utilization Summary after Packing
    Macrocells                  :	0/32
    UDBS                        :	0/4
    IOs                         :	8/51


D2088: Phase 3, elapsed time : 0.0 (sec)

Phase 4
D2088: Phase 4, elapsed time : 0.0 (sec)

Phase 7
D2088: Phase 7, elapsed time : 0.0 (sec)

Final Design Statistics
    Number of Combinational MCs 	:	0
    Number of Sequential MCs    	:	0
    Number of DPs               	:	0
    Number of Controls          	:	0
    Number of Status            	:	0
    Number of SyncCells         	:	0
    Number of count7cells       	:	0
    Number of IOs       	:	8

Device Utilization Summary
    Macrocells                  :	0/32
    IOs                         :	8/51


Phase 8
D2088: Phase 8, elapsed time : 0.0 (sec)

D2054: Placement of the design completed successfully

I2076: Total run-time: 0.4 sec.

