ARM GAS  C:\Users\HPz420\AppData\Local\Temp\ccLV3qco.s 			page 1


   1              		.syntax unified
   2              		.cpu cortex-m0
   3              		.fpu softvfp
   4              		.eabi_attribute 20, 1
   5              		.eabi_attribute 21, 1
   6              		.eabi_attribute 23, 3
   7              		.eabi_attribute 24, 1
   8              		.eabi_attribute 25, 1
   9              		.eabi_attribute 26, 1
  10              		.eabi_attribute 30, 1
  11              		.eabi_attribute 34, 0
  12              		.eabi_attribute 18, 4
  13              		.thumb
  14              		.syntax unified
  15              		.file	"cyfitter_cfg.c"
  16              		.text
  17              	.Ltext0:
  18              		.cfi_sections	.debug_frame
  19              		.section	.text.AnalogSetDefault,"ax",%progbits
  20              		.align	2
  21              		.code	16
  22              		.thumb_func
  23              		.type	AnalogSetDefault, %function
  24              	AnalogSetDefault:
  25              	.LFB5:
  26              		.file 1 "Generated_Source\\PSoC4\\cyfitter_cfg.c"
   1:Generated_Source\PSoC4/cyfitter_cfg.c **** 
   2:Generated_Source\PSoC4/cyfitter_cfg.c **** /*******************************************************************************
   3:Generated_Source\PSoC4/cyfitter_cfg.c **** * File Name: cyfitter_cfg.c
   4:Generated_Source\PSoC4/cyfitter_cfg.c **** * 
   5:Generated_Source\PSoC4/cyfitter_cfg.c **** * PSoC Creator  4.4
   6:Generated_Source\PSoC4/cyfitter_cfg.c **** *
   7:Generated_Source\PSoC4/cyfitter_cfg.c **** * Description:
   8:Generated_Source\PSoC4/cyfitter_cfg.c **** * This file contains device initialization code.
   9:Generated_Source\PSoC4/cyfitter_cfg.c **** * Except for the user defined sections in CyClockStartupError(), this file should not be modified.
  10:Generated_Source\PSoC4/cyfitter_cfg.c **** * This file is automatically generated by PSoC Creator.
  11:Generated_Source\PSoC4/cyfitter_cfg.c **** *
  12:Generated_Source\PSoC4/cyfitter_cfg.c **** ********************************************************************************
  13:Generated_Source\PSoC4/cyfitter_cfg.c **** * Copyright (c) 2007-2020 Cypress Semiconductor.  All rights reserved.
  14:Generated_Source\PSoC4/cyfitter_cfg.c **** * You may use this file only in accordance with the license, terms, conditions, 
  15:Generated_Source\PSoC4/cyfitter_cfg.c **** * disclaimers, and limitations in the end user license agreement accompanying 
  16:Generated_Source\PSoC4/cyfitter_cfg.c **** * the software package with which this file was provided.
  17:Generated_Source\PSoC4/cyfitter_cfg.c **** ********************************************************************************/
  18:Generated_Source\PSoC4/cyfitter_cfg.c **** 
  19:Generated_Source\PSoC4/cyfitter_cfg.c **** #include <string.h>
  20:Generated_Source\PSoC4/cyfitter_cfg.c **** #include "cytypes.h"
  21:Generated_Source\PSoC4/cyfitter_cfg.c **** #include "cydevice_trm.h"
  22:Generated_Source\PSoC4/cyfitter_cfg.c **** #include "cyfitter.h"
  23:Generated_Source\PSoC4/cyfitter_cfg.c **** #include "CyLib.h"
  24:Generated_Source\PSoC4/cyfitter_cfg.c **** #include "CyLFClk.h"
  25:Generated_Source\PSoC4/cyfitter_cfg.c **** #include "cyfitter_cfg.h"
  26:Generated_Source\PSoC4/cyfitter_cfg.c **** #include "cyapicallbacks.h"
  27:Generated_Source\PSoC4/cyfitter_cfg.c **** 
  28:Generated_Source\PSoC4/cyfitter_cfg.c **** 
  29:Generated_Source\PSoC4/cyfitter_cfg.c **** #if defined(__GNUC__) || defined(__ARMCC_VERSION)
  30:Generated_Source\PSoC4/cyfitter_cfg.c ****     #define CYPACKED 
  31:Generated_Source\PSoC4/cyfitter_cfg.c ****     #define CYPACKED_ATTR __attribute__ ((packed))
ARM GAS  C:\Users\HPz420\AppData\Local\Temp\ccLV3qco.s 			page 2


  32:Generated_Source\PSoC4/cyfitter_cfg.c ****     #define CYALIGNED __attribute__ ((aligned))
  33:Generated_Source\PSoC4/cyfitter_cfg.c ****     #define CY_CFG_UNUSED __attribute__ ((unused))
  34:Generated_Source\PSoC4/cyfitter_cfg.c ****     #ifndef CY_CFG_SECTION
  35:Generated_Source\PSoC4/cyfitter_cfg.c ****         #define CY_CFG_SECTION __attribute__ ((section(".psocinit")))
  36:Generated_Source\PSoC4/cyfitter_cfg.c ****     #endif
  37:Generated_Source\PSoC4/cyfitter_cfg.c ****     
  38:Generated_Source\PSoC4/cyfitter_cfg.c ****     #if defined(__ARMCC_VERSION)
  39:Generated_Source\PSoC4/cyfitter_cfg.c ****         #define CY_CFG_MEMORY_BARRIER() __memory_changed()
  40:Generated_Source\PSoC4/cyfitter_cfg.c ****     #else
  41:Generated_Source\PSoC4/cyfitter_cfg.c ****         #define CY_CFG_MEMORY_BARRIER() __sync_synchronize()
  42:Generated_Source\PSoC4/cyfitter_cfg.c ****     #endif
  43:Generated_Source\PSoC4/cyfitter_cfg.c ****     
  44:Generated_Source\PSoC4/cyfitter_cfg.c **** #elif defined(__ICCARM__)
  45:Generated_Source\PSoC4/cyfitter_cfg.c ****     #include <intrinsics.h>
  46:Generated_Source\PSoC4/cyfitter_cfg.c **** 
  47:Generated_Source\PSoC4/cyfitter_cfg.c ****     #define CYPACKED __packed
  48:Generated_Source\PSoC4/cyfitter_cfg.c ****     #define CYPACKED_ATTR 
  49:Generated_Source\PSoC4/cyfitter_cfg.c ****     #define CYALIGNED _Pragma("data_alignment=4")
  50:Generated_Source\PSoC4/cyfitter_cfg.c ****     #define CY_CFG_UNUSED _Pragma("diag_suppress=Pe177")
  51:Generated_Source\PSoC4/cyfitter_cfg.c ****     #define CY_CFG_SECTION _Pragma("location=\".psocinit\"")
  52:Generated_Source\PSoC4/cyfitter_cfg.c ****     
  53:Generated_Source\PSoC4/cyfitter_cfg.c ****     #define CY_CFG_MEMORY_BARRIER() __DMB()
  54:Generated_Source\PSoC4/cyfitter_cfg.c ****     
  55:Generated_Source\PSoC4/cyfitter_cfg.c **** #else
  56:Generated_Source\PSoC4/cyfitter_cfg.c ****     #error Unsupported toolchain
  57:Generated_Source\PSoC4/cyfitter_cfg.c **** #endif
  58:Generated_Source\PSoC4/cyfitter_cfg.c **** 
  59:Generated_Source\PSoC4/cyfitter_cfg.c **** #ifndef CYCODE
  60:Generated_Source\PSoC4/cyfitter_cfg.c ****     #define CYCODE
  61:Generated_Source\PSoC4/cyfitter_cfg.c **** #endif
  62:Generated_Source\PSoC4/cyfitter_cfg.c **** #ifndef CYDATA
  63:Generated_Source\PSoC4/cyfitter_cfg.c ****     #define CYDATA
  64:Generated_Source\PSoC4/cyfitter_cfg.c **** #endif
  65:Generated_Source\PSoC4/cyfitter_cfg.c **** #ifndef CYFAR
  66:Generated_Source\PSoC4/cyfitter_cfg.c ****     #define CYFAR
  67:Generated_Source\PSoC4/cyfitter_cfg.c **** #endif
  68:Generated_Source\PSoC4/cyfitter_cfg.c **** #ifndef CYXDATA
  69:Generated_Source\PSoC4/cyfitter_cfg.c ****     #define CYXDATA
  70:Generated_Source\PSoC4/cyfitter_cfg.c **** #endif
  71:Generated_Source\PSoC4/cyfitter_cfg.c **** 
  72:Generated_Source\PSoC4/cyfitter_cfg.c **** 
  73:Generated_Source\PSoC4/cyfitter_cfg.c **** CY_CFG_UNUSED
  74:Generated_Source\PSoC4/cyfitter_cfg.c **** static void CYMEMZERO(void *s, size_t n);
  75:Generated_Source\PSoC4/cyfitter_cfg.c **** CY_CFG_UNUSED
  76:Generated_Source\PSoC4/cyfitter_cfg.c **** static void CYMEMZERO(void *s, size_t n)
  77:Generated_Source\PSoC4/cyfitter_cfg.c **** {
  78:Generated_Source\PSoC4/cyfitter_cfg.c **** 	(void)memset(s, 0, n);
  79:Generated_Source\PSoC4/cyfitter_cfg.c **** }
  80:Generated_Source\PSoC4/cyfitter_cfg.c **** CY_CFG_UNUSED
  81:Generated_Source\PSoC4/cyfitter_cfg.c **** static void CYCONFIGCPY(void *dest, const void *src, size_t n);
  82:Generated_Source\PSoC4/cyfitter_cfg.c **** CY_CFG_UNUSED
  83:Generated_Source\PSoC4/cyfitter_cfg.c **** static void CYCONFIGCPY(void *dest, const void *src, size_t n)
  84:Generated_Source\PSoC4/cyfitter_cfg.c **** {
  85:Generated_Source\PSoC4/cyfitter_cfg.c **** 	(void)memcpy(dest, src, n);
  86:Generated_Source\PSoC4/cyfitter_cfg.c **** }
  87:Generated_Source\PSoC4/cyfitter_cfg.c **** CY_CFG_UNUSED
  88:Generated_Source\PSoC4/cyfitter_cfg.c **** static void CYCONFIGCPYCODE(void *dest, const void *src, size_t n);
ARM GAS  C:\Users\HPz420\AppData\Local\Temp\ccLV3qco.s 			page 3


  89:Generated_Source\PSoC4/cyfitter_cfg.c **** CY_CFG_UNUSED
  90:Generated_Source\PSoC4/cyfitter_cfg.c **** static void CYCONFIGCPYCODE(void *dest, const void *src, size_t n)
  91:Generated_Source\PSoC4/cyfitter_cfg.c **** {
  92:Generated_Source\PSoC4/cyfitter_cfg.c **** 	(void)memcpy(dest, src, n);
  93:Generated_Source\PSoC4/cyfitter_cfg.c **** }
  94:Generated_Source\PSoC4/cyfitter_cfg.c **** 
  95:Generated_Source\PSoC4/cyfitter_cfg.c **** 
  96:Generated_Source\PSoC4/cyfitter_cfg.c **** 
  97:Generated_Source\PSoC4/cyfitter_cfg.c **** 
  98:Generated_Source\PSoC4/cyfitter_cfg.c **** /* Clock startup error codes                                                   */
  99:Generated_Source\PSoC4/cyfitter_cfg.c **** #define CYCLOCKSTART_NO_ERROR    0u
 100:Generated_Source\PSoC4/cyfitter_cfg.c **** #define CYCLOCKSTART_XTAL_ERROR  1u
 101:Generated_Source\PSoC4/cyfitter_cfg.c **** #define CYCLOCKSTART_32KHZ_ERROR 2u
 102:Generated_Source\PSoC4/cyfitter_cfg.c **** #define CYCLOCKSTART_PLL_ERROR   3u
 103:Generated_Source\PSoC4/cyfitter_cfg.c **** #define CYCLOCKSTART_FLL_ERROR   4u
 104:Generated_Source\PSoC4/cyfitter_cfg.c **** #define CYCLOCKSTART_WCO_ERROR   5u
 105:Generated_Source\PSoC4/cyfitter_cfg.c **** 
 106:Generated_Source\PSoC4/cyfitter_cfg.c **** 
 107:Generated_Source\PSoC4/cyfitter_cfg.c **** #ifdef CY_NEED_CYCLOCKSTARTUPERROR
 108:Generated_Source\PSoC4/cyfitter_cfg.c **** /*******************************************************************************
 109:Generated_Source\PSoC4/cyfitter_cfg.c **** * Function Name: CyClockStartupError
 110:Generated_Source\PSoC4/cyfitter_cfg.c **** ********************************************************************************
 111:Generated_Source\PSoC4/cyfitter_cfg.c **** * Summary:
 112:Generated_Source\PSoC4/cyfitter_cfg.c **** *  If an error is encountered during clock configuration (crystal startup error,
 113:Generated_Source\PSoC4/cyfitter_cfg.c **** *  PLL lock error, etc.), the system will end up here.  Unless reimplemented by
 114:Generated_Source\PSoC4/cyfitter_cfg.c **** *  the customer, this function will stop in an infinite loop.
 115:Generated_Source\PSoC4/cyfitter_cfg.c **** *
 116:Generated_Source\PSoC4/cyfitter_cfg.c **** * Parameters:
 117:Generated_Source\PSoC4/cyfitter_cfg.c **** *   void
 118:Generated_Source\PSoC4/cyfitter_cfg.c **** *
 119:Generated_Source\PSoC4/cyfitter_cfg.c **** * Return:
 120:Generated_Source\PSoC4/cyfitter_cfg.c **** *   void
 121:Generated_Source\PSoC4/cyfitter_cfg.c **** *
 122:Generated_Source\PSoC4/cyfitter_cfg.c **** *******************************************************************************/
 123:Generated_Source\PSoC4/cyfitter_cfg.c **** CY_CFG_UNUSED
 124:Generated_Source\PSoC4/cyfitter_cfg.c **** static void CyClockStartupError(uint8 errorCode);
 125:Generated_Source\PSoC4/cyfitter_cfg.c **** CY_CFG_UNUSED
 126:Generated_Source\PSoC4/cyfitter_cfg.c **** static void CyClockStartupError(uint8 errorCode)
 127:Generated_Source\PSoC4/cyfitter_cfg.c **** {
 128:Generated_Source\PSoC4/cyfitter_cfg.c ****     /* To remove the compiler warning if errorCode not used.                */
 129:Generated_Source\PSoC4/cyfitter_cfg.c ****     errorCode = errorCode;
 130:Generated_Source\PSoC4/cyfitter_cfg.c **** 
 131:Generated_Source\PSoC4/cyfitter_cfg.c ****     /* If we have a clock startup error (bad MHz crystal, PLL lock, etc.),  */
 132:Generated_Source\PSoC4/cyfitter_cfg.c ****     /* we will end up here to allow the customer to implement something to  */
 133:Generated_Source\PSoC4/cyfitter_cfg.c ****     /* deal with the clock condition.                                       */
 134:Generated_Source\PSoC4/cyfitter_cfg.c **** 
 135:Generated_Source\PSoC4/cyfitter_cfg.c **** #ifdef CY_CFG_CLOCK_STARTUP_ERROR_CALLBACK
 136:Generated_Source\PSoC4/cyfitter_cfg.c ****     CY_CFG_Clock_Startup_ErrorCallback();
 137:Generated_Source\PSoC4/cyfitter_cfg.c **** #else
 138:Generated_Source\PSoC4/cyfitter_cfg.c ****     /*  If not using CY_CFG_CLOCK_STARTUP_ERROR_CALLBACK, place your clock startup code here. */
 139:Generated_Source\PSoC4/cyfitter_cfg.c ****     /* `#START CyClockStartupError` */
 140:Generated_Source\PSoC4/cyfitter_cfg.c **** 
 141:Generated_Source\PSoC4/cyfitter_cfg.c **** 
 142:Generated_Source\PSoC4/cyfitter_cfg.c **** 
 143:Generated_Source\PSoC4/cyfitter_cfg.c ****     /* `#END` */
 144:Generated_Source\PSoC4/cyfitter_cfg.c **** 
 145:Generated_Source\PSoC4/cyfitter_cfg.c ****     while(1) {}
ARM GAS  C:\Users\HPz420\AppData\Local\Temp\ccLV3qco.s 			page 4


 146:Generated_Source\PSoC4/cyfitter_cfg.c **** #endif /* CY_CFG_CLOCK_STARTUP_ERROR_CALLBACK */
 147:Generated_Source\PSoC4/cyfitter_cfg.c **** }
 148:Generated_Source\PSoC4/cyfitter_cfg.c **** #endif
 149:Generated_Source\PSoC4/cyfitter_cfg.c **** 
 150:Generated_Source\PSoC4/cyfitter_cfg.c **** 
 151:Generated_Source\PSoC4/cyfitter_cfg.c **** 
 152:Generated_Source\PSoC4/cyfitter_cfg.c **** /*******************************************************************************
 153:Generated_Source\PSoC4/cyfitter_cfg.c **** * Function Name: ClockSetup
 154:Generated_Source\PSoC4/cyfitter_cfg.c **** ********************************************************************************
 155:Generated_Source\PSoC4/cyfitter_cfg.c **** *
 156:Generated_Source\PSoC4/cyfitter_cfg.c **** * Summary:
 157:Generated_Source\PSoC4/cyfitter_cfg.c **** *   Performs the initialization of all of the clocks in the device based on the
 158:Generated_Source\PSoC4/cyfitter_cfg.c **** *   settings in the Clock tab of the DWR.  This includes enabling the requested
 159:Generated_Source\PSoC4/cyfitter_cfg.c **** *   clocks and setting the necessary dividers to produce the desired frequency. 
 160:Generated_Source\PSoC4/cyfitter_cfg.c **** *
 161:Generated_Source\PSoC4/cyfitter_cfg.c **** * Parameters:
 162:Generated_Source\PSoC4/cyfitter_cfg.c **** *   void
 163:Generated_Source\PSoC4/cyfitter_cfg.c **** *
 164:Generated_Source\PSoC4/cyfitter_cfg.c **** * Return:
 165:Generated_Source\PSoC4/cyfitter_cfg.c **** *   void
 166:Generated_Source\PSoC4/cyfitter_cfg.c **** *
 167:Generated_Source\PSoC4/cyfitter_cfg.c **** *******************************************************************************/
 168:Generated_Source\PSoC4/cyfitter_cfg.c **** static void ClockSetup(void);
 169:Generated_Source\PSoC4/cyfitter_cfg.c **** CY_CFG_SECTION
 170:Generated_Source\PSoC4/cyfitter_cfg.c **** static void ClockSetup(void)
 171:Generated_Source\PSoC4/cyfitter_cfg.c **** {
 172:Generated_Source\PSoC4/cyfitter_cfg.c **** 
 173:Generated_Source\PSoC4/cyfitter_cfg.c **** 	/* Set Flash Cycles based on max possible frequency in case a glitch occurs during ClockSetup(). *
 174:Generated_Source\PSoC4/cyfitter_cfg.c **** 	CY_SET_REG32((void CYXDATA *)(CYREG_CPUSS_FLASH_CTL), (0x0012u));
 175:Generated_Source\PSoC4/cyfitter_cfg.c **** 	/* Setup and trim IMO based on desired frequency. */
 176:Generated_Source\PSoC4/cyfitter_cfg.c **** 	CySysClkWriteImoFreq(24u);
 177:Generated_Source\PSoC4/cyfitter_cfg.c **** 	/* CYDEV_CLK_ILO_CONFIG Starting address: CYDEV_CLK_ILO_CONFIG */
 178:Generated_Source\PSoC4/cyfitter_cfg.c **** 	CY_SET_REG32((void *)(CYREG_CLK_ILO_CONFIG), 0x80000006u);
 179:Generated_Source\PSoC4/cyfitter_cfg.c **** 
 180:Generated_Source\PSoC4/cyfitter_cfg.c **** 
 181:Generated_Source\PSoC4/cyfitter_cfg.c **** 	/* Setup phase aligned clocks */
 182:Generated_Source\PSoC4/cyfitter_cfg.c **** 	CY_SET_REG32((void *)CYREG_PERI_DIV_16_CTL0, 0x00000000u);
 183:Generated_Source\PSoC4/cyfitter_cfg.c **** 	CY_SET_REG32((void *)CYREG_PERI_DIV_CMD, 0x8000FF40u);
 184:Generated_Source\PSoC4/cyfitter_cfg.c **** 
 185:Generated_Source\PSoC4/cyfitter_cfg.c **** 	/* CYDEV_CLK_IMO_CONFIG Starting address: CYDEV_CLK_IMO_CONFIG */
 186:Generated_Source\PSoC4/cyfitter_cfg.c **** 	CY_SET_REG32((void *)(CYREG_CLK_IMO_CONFIG), 0x80000000u);
 187:Generated_Source\PSoC4/cyfitter_cfg.c **** 
 188:Generated_Source\PSoC4/cyfitter_cfg.c **** 	/* CYDEV_CLK_SELECT Starting address: CYDEV_CLK_SELECT */
 189:Generated_Source\PSoC4/cyfitter_cfg.c **** 	CY_SET_REG32((void *)(CYREG_CLK_SELECT), 0x00000000u);
 190:Generated_Source\PSoC4/cyfitter_cfg.c **** 
 191:Generated_Source\PSoC4/cyfitter_cfg.c **** 	/* CYDEV_PERI_PCLK_CTL2 Starting address: CYDEV_PERI_PCLK_CTL2 */
 192:Generated_Source\PSoC4/cyfitter_cfg.c **** 	CY_SET_REG32((void *)(CYREG_PERI_PCLK_CTL2), 0x00000040u);
 193:Generated_Source\PSoC4/cyfitter_cfg.c **** 
 194:Generated_Source\PSoC4/cyfitter_cfg.c **** 	(void)CyIntSetVector(7u, &CySysWdtIsr);
 195:Generated_Source\PSoC4/cyfitter_cfg.c **** 	CyIntEnable(7u);
 196:Generated_Source\PSoC4/cyfitter_cfg.c **** 	CY_SET_REG32((void *)(CYREG_WDT_CONFIG), 0x00000000u);
 197:Generated_Source\PSoC4/cyfitter_cfg.c **** 	/* Set Flash Cycles based on newly configured 24.00MHz HFCLK. */
 198:Generated_Source\PSoC4/cyfitter_cfg.c **** 	CY_SET_REG32((void CYXDATA *)(CYREG_CPUSS_FLASH_CTL), (0x0011u));
 199:Generated_Source\PSoC4/cyfitter_cfg.c **** }
 200:Generated_Source\PSoC4/cyfitter_cfg.c **** 
 201:Generated_Source\PSoC4/cyfitter_cfg.c **** 
 202:Generated_Source\PSoC4/cyfitter_cfg.c **** /* Analog API Functions */
ARM GAS  C:\Users\HPz420\AppData\Local\Temp\ccLV3qco.s 			page 5


 203:Generated_Source\PSoC4/cyfitter_cfg.c **** 
 204:Generated_Source\PSoC4/cyfitter_cfg.c **** 
 205:Generated_Source\PSoC4/cyfitter_cfg.c **** /*******************************************************************************
 206:Generated_Source\PSoC4/cyfitter_cfg.c **** * Function Name: AnalogSetDefault
 207:Generated_Source\PSoC4/cyfitter_cfg.c **** ********************************************************************************
 208:Generated_Source\PSoC4/cyfitter_cfg.c **** *
 209:Generated_Source\PSoC4/cyfitter_cfg.c **** * Summary:
 210:Generated_Source\PSoC4/cyfitter_cfg.c **** *  Sets up the analog portions of the chip to default values based on chip
 211:Generated_Source\PSoC4/cyfitter_cfg.c **** *  configuration options from the project.
 212:Generated_Source\PSoC4/cyfitter_cfg.c **** *
 213:Generated_Source\PSoC4/cyfitter_cfg.c **** * Parameters:
 214:Generated_Source\PSoC4/cyfitter_cfg.c **** *  void
 215:Generated_Source\PSoC4/cyfitter_cfg.c **** *
 216:Generated_Source\PSoC4/cyfitter_cfg.c **** * Return:
 217:Generated_Source\PSoC4/cyfitter_cfg.c **** *  void
 218:Generated_Source\PSoC4/cyfitter_cfg.c **** *
 219:Generated_Source\PSoC4/cyfitter_cfg.c **** *******************************************************************************/
 220:Generated_Source\PSoC4/cyfitter_cfg.c **** static void AnalogSetDefault(void);
 221:Generated_Source\PSoC4/cyfitter_cfg.c **** static void AnalogSetDefault(void)
 222:Generated_Source\PSoC4/cyfitter_cfg.c **** {
  27              		.loc 1 222 0
  28              		.cfi_startproc
  29              		@ args = 0, pretend = 0, frame = 0
  30              		@ frame_needed = 0, uses_anonymous_args = 0
  31              		@ link register save eliminated.
 223:Generated_Source\PSoC4/cyfitter_cfg.c **** 	CY_SET_XTND_REG32((void CYFAR *)CYREG_CTBM0_DFT_CTRL, 0x00000003u);
  32              		.loc 1 223 0
  33 0000 0323     		movs	r3, #3
  34 0002 044A     		ldr	r2, .L2
  35 0004 1360     		str	r3, [r2]
 224:Generated_Source\PSoC4/cyfitter_cfg.c **** 	CY_SET_XTND_REG32((void CYFAR *)CYREG_CTBM1_DFT_CTRL, 0x00000003u);
  36              		.loc 1 224 0
  37 0006 044A     		ldr	r2, .L2+4
  38 0008 1360     		str	r3, [r2]
 225:Generated_Source\PSoC4/cyfitter_cfg.c **** 	CY_SET_XTND_REG32((void CYFAR *)CYREG_PASS_DSAB_DSAB_CTRL, 0x00000000u);
  39              		.loc 1 225 0
  40 000a 0022     		movs	r2, #0
  41 000c 034B     		ldr	r3, .L2+8
  42 000e 1A60     		str	r2, [r3]
 226:Generated_Source\PSoC4/cyfitter_cfg.c **** }
  43              		.loc 1 226 0
  44              		@ sp needed
  45 0010 7047     		bx	lr
  46              	.L3:
  47 0012 C046     		.align	2
  48              	.L2:
  49 0014 30003040 		.word	1076887600
  50 0018 30003140 		.word	1076953136
  51 001c 000E3F40 		.word	1077874176
  52              		.cfi_endproc
  53              	.LFE5:
  54              		.size	AnalogSetDefault, .-AnalogSetDefault
  55              		.section	.text.CYMEMZERO,"ax",%progbits
  56              		.align	2
  57              		.code	16
  58              		.thumb_func
  59              		.type	CYMEMZERO, %function
ARM GAS  C:\Users\HPz420\AppData\Local\Temp\ccLV3qco.s 			page 6


  60              	CYMEMZERO:
  61              	.LFB1:
  77:Generated_Source\PSoC4/cyfitter_cfg.c **** 	(void)memset(s, 0, n);
  62              		.loc 1 77 0
  63              		.cfi_startproc
  64              		@ args = 0, pretend = 0, frame = 0
  65              		@ frame_needed = 0, uses_anonymous_args = 0
  66              	.LVL0:
  67 0000 10B5     		push	{r4, lr}
  68              		.cfi_def_cfa_offset 8
  69              		.cfi_offset 4, -8
  70              		.cfi_offset 14, -4
  71 0002 0A00     		movs	r2, r1
  78:Generated_Source\PSoC4/cyfitter_cfg.c **** }
  72              		.loc 1 78 0
  73 0004 0021     		movs	r1, #0
  74              	.LVL1:
  75 0006 FFF7FEFF 		bl	memset
  76              	.LVL2:
  79:Generated_Source\PSoC4/cyfitter_cfg.c **** CY_CFG_UNUSED
  77              		.loc 1 79 0
  78              		@ sp needed
  79 000a 10BD     		pop	{r4, pc}
  80              		.cfi_endproc
  81              	.LFE1:
  82              		.size	CYMEMZERO, .-CYMEMZERO
  83              		.section	.psocinit,"ax",%progbits
  84              		.align	2
  85              		.code	16
  86              		.thumb_func
  87              		.type	ClockSetup, %function
  88              	ClockSetup:
  89              	.LFB4:
 171:Generated_Source\PSoC4/cyfitter_cfg.c **** 
  90              		.loc 1 171 0
  91              		.cfi_startproc
  92              		@ args = 0, pretend = 0, frame = 0
  93              		@ frame_needed = 0, uses_anonymous_args = 0
  94 0000 70B5     		push	{r4, r5, r6, lr}
  95              		.cfi_def_cfa_offset 16
  96              		.cfi_offset 4, -16
  97              		.cfi_offset 5, -12
  98              		.cfi_offset 6, -8
  99              		.cfi_offset 14, -4
 174:Generated_Source\PSoC4/cyfitter_cfg.c **** 	/* Setup and trim IMO based on desired frequency. */
 100              		.loc 1 174 0
 101 0002 124D     		ldr	r5, .L6
 102 0004 1223     		movs	r3, #18
 103 0006 2B60     		str	r3, [r5]
 176:Generated_Source\PSoC4/cyfitter_cfg.c **** 	/* CYDEV_CLK_ILO_CONFIG Starting address: CYDEV_CLK_ILO_CONFIG */
 104              		.loc 1 176 0
 105 0008 1820     		movs	r0, #24
 106 000a FFF7FEFF 		bl	CySysClkWriteImoFreq
 107              	.LVL3:
 178:Generated_Source\PSoC4/cyfitter_cfg.c **** 
 108              		.loc 1 178 0
 109 000e 104A     		ldr	r2, .L6+4
ARM GAS  C:\Users\HPz420\AppData\Local\Temp\ccLV3qco.s 			page 7


 110 0010 104B     		ldr	r3, .L6+8
 111 0012 1A60     		str	r2, [r3]
 182:Generated_Source\PSoC4/cyfitter_cfg.c **** 	CY_SET_REG32((void *)CYREG_PERI_DIV_CMD, 0x8000FF40u);
 112              		.loc 1 182 0
 113 0014 0024     		movs	r4, #0
 114 0016 104B     		ldr	r3, .L6+12
 115 0018 1C60     		str	r4, [r3]
 183:Generated_Source\PSoC4/cyfitter_cfg.c **** 
 116              		.loc 1 183 0
 117 001a 104A     		ldr	r2, .L6+16
 118 001c 104B     		ldr	r3, .L6+20
 119 001e 1A60     		str	r2, [r3]
 186:Generated_Source\PSoC4/cyfitter_cfg.c **** 
 120              		.loc 1 186 0
 121 0020 8022     		movs	r2, #128
 122 0022 1206     		lsls	r2, r2, #24
 123 0024 0F4B     		ldr	r3, .L6+24
 124 0026 1A60     		str	r2, [r3]
 189:Generated_Source\PSoC4/cyfitter_cfg.c **** 
 125              		.loc 1 189 0
 126 0028 0F4B     		ldr	r3, .L6+28
 127 002a 1C60     		str	r4, [r3]
 192:Generated_Source\PSoC4/cyfitter_cfg.c **** 
 128              		.loc 1 192 0
 129 002c 4022     		movs	r2, #64
 130 002e 0F4B     		ldr	r3, .L6+32
 131 0030 1A60     		str	r2, [r3]
 194:Generated_Source\PSoC4/cyfitter_cfg.c **** 	CyIntEnable(7u);
 132              		.loc 1 194 0
 133 0032 0F49     		ldr	r1, .L6+36
 134 0034 0720     		movs	r0, #7
 135 0036 FFF7FEFF 		bl	CyIntSetVector
 136              	.LVL4:
 195:Generated_Source\PSoC4/cyfitter_cfg.c **** 	CY_SET_REG32((void *)(CYREG_WDT_CONFIG), 0x00000000u);
 137              		.loc 1 195 0
 138 003a 0720     		movs	r0, #7
 139 003c FFF7FEFF 		bl	CyIntEnable
 140              	.LVL5:
 196:Generated_Source\PSoC4/cyfitter_cfg.c **** 	/* Set Flash Cycles based on newly configured 24.00MHz HFCLK. */
 141              		.loc 1 196 0
 142 0040 0C4B     		ldr	r3, .L6+40
 143 0042 1C60     		str	r4, [r3]
 198:Generated_Source\PSoC4/cyfitter_cfg.c **** }
 144              		.loc 1 198 0
 145 0044 1123     		movs	r3, #17
 146 0046 2B60     		str	r3, [r5]
 199:Generated_Source\PSoC4/cyfitter_cfg.c **** 
 147              		.loc 1 199 0
 148              		@ sp needed
 149 0048 70BD     		pop	{r4, r5, r6, pc}
 150              	.L7:
 151 004a C046     		.align	2
 152              	.L6:
 153 004c 30001040 		.word	1074790448
 154 0050 06000080 		.word	-2147483642
 155 0054 04010B40 		.word	1074462980
 156 0058 00030140 		.word	1073808128
ARM GAS  C:\Users\HPz420\AppData\Local\Temp\ccLV3qco.s 			page 8


 157 005c 40FF0080 		.word	-2147418304
 158 0060 00000140 		.word	1073807360
 159 0064 08010B40 		.word	1074462984
 160 0068 00010B40 		.word	1074462976
 161 006c 08010140 		.word	1073807624
 162 0070 00000000 		.word	CySysWdtIsr
 163 0074 0C020B40 		.word	1074463244
 164              		.cfi_endproc
 165              	.LFE4:
 166              		.size	ClockSetup, .-ClockSetup
 167              		.align	2
 168              		.global	cyfitter_cfg
 169              		.code	16
 170              		.thumb_func
 171              		.type	cyfitter_cfg, %function
 172              	cyfitter_cfg:
 173              	.LFB6:
 227:Generated_Source\PSoC4/cyfitter_cfg.c **** 
 228:Generated_Source\PSoC4/cyfitter_cfg.c **** 
 229:Generated_Source\PSoC4/cyfitter_cfg.c **** 
 230:Generated_Source\PSoC4/cyfitter_cfg.c **** 
 231:Generated_Source\PSoC4/cyfitter_cfg.c **** /*******************************************************************************
 232:Generated_Source\PSoC4/cyfitter_cfg.c **** * Function Name: cyfitter_cfg
 233:Generated_Source\PSoC4/cyfitter_cfg.c **** ********************************************************************************
 234:Generated_Source\PSoC4/cyfitter_cfg.c **** * Summary:
 235:Generated_Source\PSoC4/cyfitter_cfg.c **** *  This function is called by the start-up code for the selected device. It
 236:Generated_Source\PSoC4/cyfitter_cfg.c **** *  performs all of the necessary device configuration based on the design
 237:Generated_Source\PSoC4/cyfitter_cfg.c **** *  settings.  This includes settings from the Design Wide Resources (DWR) such
 238:Generated_Source\PSoC4/cyfitter_cfg.c **** *  as Clocks and Pins as well as any component configuration that is necessary.
 239:Generated_Source\PSoC4/cyfitter_cfg.c **** *
 240:Generated_Source\PSoC4/cyfitter_cfg.c **** * Parameters:
 241:Generated_Source\PSoC4/cyfitter_cfg.c **** *   void
 242:Generated_Source\PSoC4/cyfitter_cfg.c **** *
 243:Generated_Source\PSoC4/cyfitter_cfg.c **** * Return:
 244:Generated_Source\PSoC4/cyfitter_cfg.c **** *   void
 245:Generated_Source\PSoC4/cyfitter_cfg.c **** *
 246:Generated_Source\PSoC4/cyfitter_cfg.c **** *******************************************************************************/
 247:Generated_Source\PSoC4/cyfitter_cfg.c **** CY_CFG_SECTION
 248:Generated_Source\PSoC4/cyfitter_cfg.c **** void cyfitter_cfg(void)
 249:Generated_Source\PSoC4/cyfitter_cfg.c **** {
 174              		.loc 1 249 0
 175              		.cfi_startproc
 176              		@ args = 0, pretend = 0, frame = 0
 177              		@ frame_needed = 0, uses_anonymous_args = 0
 178 0078 10B5     		push	{r4, lr}
 179              		.cfi_def_cfa_offset 8
 180              		.cfi_offset 4, -8
 181              		.cfi_offset 14, -4
 250:Generated_Source\PSoC4/cyfitter_cfg.c **** 	/* Disable interrupts by default. Let user enable if/when they want. */
 251:Generated_Source\PSoC4/cyfitter_cfg.c **** 	CyGlobalIntDisable;
 182              		.loc 1 251 0
 183              		.syntax divided
 184              	@ 251 "Generated_Source\PSoC4\cyfitter_cfg.c" 1
 185 007a 72B6     		CPSID   i
 186              	@ 0 "" 2
 187              	.LVL6:
 188              		.thumb
ARM GAS  C:\Users\HPz420\AppData\Local\Temp\ccLV3qco.s 			page 9


 189              		.syntax unified
 190              	.LBB2:
 252:Generated_Source\PSoC4/cyfitter_cfg.c **** 
 253:Generated_Source\PSoC4/cyfitter_cfg.c **** 	{
 254:Generated_Source\PSoC4/cyfitter_cfg.c **** 
 255:Generated_Source\PSoC4/cyfitter_cfg.c **** 		CYPACKED typedef struct {
 256:Generated_Source\PSoC4/cyfitter_cfg.c **** 			void CYFAR *address;
 257:Generated_Source\PSoC4/cyfitter_cfg.c **** 			uint16 size;
 258:Generated_Source\PSoC4/cyfitter_cfg.c **** 		} CYPACKED_ATTR cfg_memset_t;
 259:Generated_Source\PSoC4/cyfitter_cfg.c **** 
 260:Generated_Source\PSoC4/cyfitter_cfg.c **** 		static const cfg_memset_t CYCODE cfg_memset_list[] = {
 261:Generated_Source\PSoC4/cyfitter_cfg.c **** 			/* address, size */
 262:Generated_Source\PSoC4/cyfitter_cfg.c **** 			{(void CYFAR *)(CYDEV_UDB_P0_U0_BASE), 1024u},
 263:Generated_Source\PSoC4/cyfitter_cfg.c **** 			{(void CYFAR *)(CYDEV_UDB_DSI0_BASE), 1024u},
 264:Generated_Source\PSoC4/cyfitter_cfg.c **** 		};
 265:Generated_Source\PSoC4/cyfitter_cfg.c **** 
 266:Generated_Source\PSoC4/cyfitter_cfg.c **** 		uint8 CYDATA i;
 267:Generated_Source\PSoC4/cyfitter_cfg.c **** 
 268:Generated_Source\PSoC4/cyfitter_cfg.c **** 		/* Zero out critical memory blocks before beginning configuration */
 269:Generated_Source\PSoC4/cyfitter_cfg.c **** 		for (i = 0u; i < (sizeof(cfg_memset_list)/sizeof(cfg_memset_list[0])); i++)
 191              		.loc 1 269 0
 192 007c 0024     		movs	r4, #0
 193 007e 0FE0     		b	.L9
 194              	.LVL7:
 195              	.L10:
 196              	.LBB3:
 270:Generated_Source\PSoC4/cyfitter_cfg.c **** 		{
 271:Generated_Source\PSoC4/cyfitter_cfg.c **** 			const cfg_memset_t CYCODE * CYDATA ms = &cfg_memset_list[i];
 272:Generated_Source\PSoC4/cyfitter_cfg.c **** 			CYMEMZERO(ms->address, (size_t)(uint32)(ms->size));
 197              		.loc 1 272 0 discriminator 3
 198 0080 2048     		ldr	r0, .L11
 199 0082 6200     		lsls	r2, r4, #1
 200 0084 1319     		adds	r3, r2, r4
 201 0086 5900     		lsls	r1, r3, #1
 202 0088 0B00     		movs	r3, r1
 203 008a 4118     		adds	r1, r0, r1
 204 008c 8988     		ldrh	r1, [r1, #4]
 205 008e 1A5A     		ldrh	r2, [r3, r0]
 206 0090 C318     		adds	r3, r0, r3
 207 0092 5888     		ldrh	r0, [r3, #2]
 208 0094 0004     		lsls	r0, r0, #16
 209 0096 1043     		orrs	r0, r2
 210 0098 FFF7FEFF 		bl	CYMEMZERO
 211              	.LVL8:
 212              	.LBE3:
 269:Generated_Source\PSoC4/cyfitter_cfg.c **** 		{
 213              		.loc 1 269 0 discriminator 3
 214 009c 0134     		adds	r4, r4, #1
 215              	.LVL9:
 216 009e E4B2     		uxtb	r4, r4
 217              	.LVL10:
 218              	.L9:
 269:Generated_Source\PSoC4/cyfitter_cfg.c **** 		{
 219              		.loc 1 269 0 is_stmt 0 discriminator 1
 220 00a0 012C     		cmp	r4, #1
 221 00a2 EDD9     		bls	.L10
 273:Generated_Source\PSoC4/cyfitter_cfg.c **** 		}
ARM GAS  C:\Users\HPz420\AppData\Local\Temp\ccLV3qco.s 			page 10


 274:Generated_Source\PSoC4/cyfitter_cfg.c **** 
 275:Generated_Source\PSoC4/cyfitter_cfg.c **** 		/* HSIOM Starting address: CYDEV_HSIOM_BASE */
 276:Generated_Source\PSoC4/cyfitter_cfg.c **** 		CY_SET_REG32((void *)(CYREG_HSIOM_PORT_SEL1), 0x0000FFFFu);
 222              		.loc 1 276 0 is_stmt 1
 223 00a4 184A     		ldr	r2, .L11+4
 224 00a6 194B     		ldr	r3, .L11+8
 225 00a8 1A60     		str	r2, [r3]
 277:Generated_Source\PSoC4/cyfitter_cfg.c **** 		CY_SET_REG32((void *)(CYREG_HSIOM_PORT_SEL3), 0x0000EE00u);
 226              		.loc 1 277 0
 227 00aa EE22     		movs	r2, #238
 228 00ac 1202     		lsls	r2, r2, #8
 229 00ae 184B     		ldr	r3, .L11+12
 230 00b0 1A60     		str	r2, [r3]
 278:Generated_Source\PSoC4/cyfitter_cfg.c **** 
 279:Generated_Source\PSoC4/cyfitter_cfg.c **** 		/* UDB_PA_0 Starting address: CYDEV_UDB_PA0_BASE */
 280:Generated_Source\PSoC4/cyfitter_cfg.c **** 		CY_SET_REG32((void *)(CYDEV_UDB_PA0_BASE), 0x00990000u);
 231              		.loc 1 280 0
 232 00b2 9923     		movs	r3, #153
 233 00b4 1B04     		lsls	r3, r3, #16
 234 00b6 174A     		ldr	r2, .L11+16
 235 00b8 1360     		str	r3, [r2]
 281:Generated_Source\PSoC4/cyfitter_cfg.c **** 
 282:Generated_Source\PSoC4/cyfitter_cfg.c **** 		/* UDB_PA_1 Starting address: CYDEV_UDB_PA1_BASE */
 283:Generated_Source\PSoC4/cyfitter_cfg.c **** 		CY_SET_REG32((void *)(CYDEV_UDB_PA1_BASE), 0x00990000u);
 236              		.loc 1 283 0
 237 00ba 174A     		ldr	r2, .L11+20
 238 00bc 1360     		str	r3, [r2]
 284:Generated_Source\PSoC4/cyfitter_cfg.c **** 
 285:Generated_Source\PSoC4/cyfitter_cfg.c **** 		/* UDB_PA_3 Starting address: CYDEV_UDB_PA3_BASE */
 286:Generated_Source\PSoC4/cyfitter_cfg.c **** 		CY_SET_REG32((void *)(CYDEV_UDB_PA3_BASE), 0x00990000u);
 239              		.loc 1 286 0
 240 00be 174A     		ldr	r2, .L11+24
 241 00c0 1360     		str	r3, [r2]
 287:Generated_Source\PSoC4/cyfitter_cfg.c **** 
 288:Generated_Source\PSoC4/cyfitter_cfg.c **** 		/* Enable digital routing */
 289:Generated_Source\PSoC4/cyfitter_cfg.c **** 		CY_SET_XTND_REG8((void *)CYREG_UDB_UDBIF_BANK_CTL, (uint8)(CY_GET_XTND_REG8((void *)CYREG_UDB_UDB
 242              		.loc 1 289 0
 243 00c2 174A     		ldr	r2, .L11+28
 244 00c4 1178     		ldrb	r1, [r2]
 245 00c6 0623     		movs	r3, #6
 246 00c8 0B43     		orrs	r3, r1
 247 00ca DBB2     		uxtb	r3, r3
 248 00cc 1370     		strb	r3, [r2]
 249              	.LBE2:
 290:Generated_Source\PSoC4/cyfitter_cfg.c **** 	}
 291:Generated_Source\PSoC4/cyfitter_cfg.c **** 
 292:Generated_Source\PSoC4/cyfitter_cfg.c **** 	/* Perform second pass device configuration. These items must be configured in specific order afte
 293:Generated_Source\PSoC4/cyfitter_cfg.c **** 	/* IOPINS0_0 Starting address: CYDEV_GPIO_PRT0_BASE */
 294:Generated_Source\PSoC4/cyfitter_cfg.c **** 	CY_SET_REG32((void *)(CYREG_GPIO_PRT0_PC), 0x000001B1u);
 250              		.loc 1 294 0
 251 00ce B222     		movs	r2, #178
 252 00d0 FF32     		adds	r2, r2, #255
 253 00d2 144B     		ldr	r3, .L11+32
 254 00d4 1A60     		str	r2, [r3]
 295:Generated_Source\PSoC4/cyfitter_cfg.c **** 	CY_SET_REG32((void *)(CYREG_GPIO_PRT0_INTR_CFG), 0x00000002u);
 255              		.loc 1 295 0
 256 00d6 0223     		movs	r3, #2
ARM GAS  C:\Users\HPz420\AppData\Local\Temp\ccLV3qco.s 			page 11


 257 00d8 134A     		ldr	r2, .L11+36
 258 00da 1360     		str	r3, [r2]
 296:Generated_Source\PSoC4/cyfitter_cfg.c **** 
 297:Generated_Source\PSoC4/cyfitter_cfg.c **** 	/* IOPINS0_1 Starting address: CYDEV_GPIO_PRT1_BASE */
 298:Generated_Source\PSoC4/cyfitter_cfg.c **** 	CY_SET_REG32((void *)(CYDEV_GPIO_PRT1_BASE), 0x00000002u);
 259              		.loc 1 298 0
 260 00dc 134A     		ldr	r2, .L11+40
 261 00de 1360     		str	r3, [r2]
 299:Generated_Source\PSoC4/cyfitter_cfg.c **** 	CY_SET_REG32((void *)(CYREG_GPIO_PRT1_PC), 0x00001271u);
 262              		.loc 1 299 0
 263 00e0 1349     		ldr	r1, .L11+44
 264 00e2 144A     		ldr	r2, .L11+48
 265 00e4 1160     		str	r1, [r2]
 300:Generated_Source\PSoC4/cyfitter_cfg.c **** 	CY_SET_REG32((void *)(CYREG_GPIO_PRT1_INTR_CFG), 0x00000200u);
 266              		.loc 1 300 0
 267 00e6 8021     		movs	r1, #128
 268 00e8 8900     		lsls	r1, r1, #2
 269 00ea 134A     		ldr	r2, .L11+52
 270 00ec 1160     		str	r1, [r2]
 301:Generated_Source\PSoC4/cyfitter_cfg.c **** 	CY_SET_REG32((void *)(CYREG_GPIO_PRT1_PC2), 0x00000002u);
 271              		.loc 1 301 0
 272 00ee 134A     		ldr	r2, .L11+56
 273 00f0 1360     		str	r3, [r2]
 302:Generated_Source\PSoC4/cyfitter_cfg.c **** 
 303:Generated_Source\PSoC4/cyfitter_cfg.c **** 	/* IOPINS0_3 Starting address: CYDEV_GPIO_PRT3_BASE */
 304:Generated_Source\PSoC4/cyfitter_cfg.c **** 	CY_SET_REG32((void *)(CYREG_GPIO_PRT3_PC), 0x00000D80u);
 274              		.loc 1 304 0
 275 00f2 D822     		movs	r2, #216
 276 00f4 1201     		lsls	r2, r2, #4
 277 00f6 124B     		ldr	r3, .L11+60
 278 00f8 1A60     		str	r2, [r3]
 305:Generated_Source\PSoC4/cyfitter_cfg.c **** 
 306:Generated_Source\PSoC4/cyfitter_cfg.c **** 
 307:Generated_Source\PSoC4/cyfitter_cfg.c **** 	/* Setup clocks based on selections from Clock DWR */
 308:Generated_Source\PSoC4/cyfitter_cfg.c **** 	ClockSetup();
 279              		.loc 1 308 0
 280 00fa FFF781FF 		bl	ClockSetup
 281              	.LVL11:
 309:Generated_Source\PSoC4/cyfitter_cfg.c **** 
 310:Generated_Source\PSoC4/cyfitter_cfg.c **** 	/* Perform basic analog initialization to defaults */
 311:Generated_Source\PSoC4/cyfitter_cfg.c **** 	AnalogSetDefault();
 282              		.loc 1 311 0
 283 00fe FFF7FEFF 		bl	AnalogSetDefault
 284              	.LVL12:
 312:Generated_Source\PSoC4/cyfitter_cfg.c **** 
 313:Generated_Source\PSoC4/cyfitter_cfg.c **** }
 285              		.loc 1 313 0
 286              		@ sp needed
 287              	.LVL13:
 288 0102 10BD     		pop	{r4, pc}
 289              	.L12:
 290              		.align	2
 291              	.L11:
 292 0104 00000000 		.word	.LANCHOR0
 293 0108 FFFF0000 		.word	65535
 294 010c 00010240 		.word	1073873152
 295 0110 00030240 		.word	1073873664
ARM GAS  C:\Users\HPz420\AppData\Local\Temp\ccLV3qco.s 			page 12


 296 0114 00500F40 		.word	1074745344
 297 0118 10500F40 		.word	1074745360
 298 011c 30500F40 		.word	1074745392
 299 0120 00700F40 		.word	1074753536
 300 0124 08000440 		.word	1074003976
 301 0128 0C000440 		.word	1074003980
 302 012c 00010440 		.word	1074004224
 303 0130 71120000 		.word	4721
 304 0134 08010440 		.word	1074004232
 305 0138 0C010440 		.word	1074004236
 306 013c 18010440 		.word	1074004248
 307 0140 08030440 		.word	1074004744
 308              		.cfi_endproc
 309              	.LFE6:
 310              		.size	cyfitter_cfg, .-cyfitter_cfg
 311              		.section	.rodata
 312              		.align	2
 313              		.set	.LANCHOR0,. + 0
 314              		.type	cfg_memset_list.4888, %object
 315              		.size	cfg_memset_list.4888, 12
 316              	cfg_memset_list.4888:
 317 0000 00300F40 		.word	1074737152
 318 0004 0004     		.short	1024
 319 0006 00400F40 		.4byte	1074741248
 320 000a 0004     		.short	1024
 321              		.text
 322              	.Letext0:
 323              		.file 2 "c:\\program files (x86)\\cypress\\psoc creator\\4.4\\psoc creator\\import\\gnu\\arm\\5.4.
 324              		.file 3 "Generated_Source\\PSoC4\\cytypes.h"
 325              		.file 4 "Generated_Source\\PSoC4\\CyLib.h"
 326              		.section	.debug_info,"",%progbits
 327              	.Ldebug_info0:
 328 0000 92020000 		.4byte	0x292
 329 0004 0400     		.2byte	0x4
 330 0006 00000000 		.4byte	.Ldebug_abbrev0
 331 000a 04       		.byte	0x4
 332 000b 01       		.uleb128 0x1
 333 000c 47010000 		.4byte	.LASF29
 334 0010 0C       		.byte	0xc
 335 0011 4A020000 		.4byte	.LASF30
 336 0015 A9000000 		.4byte	.LASF31
 337 0019 00000000 		.4byte	.Ldebug_ranges0+0
 338 001d 00000000 		.4byte	0
 339 0021 00000000 		.4byte	.Ldebug_line0
 340 0025 02       		.uleb128 0x2
 341 0026 04       		.byte	0x4
 342 0027 05       		.byte	0x5
 343 0028 696E7400 		.ascii	"int\000"
 344 002c 03       		.uleb128 0x3
 345 002d 06000000 		.4byte	.LASF12
 346 0031 02       		.byte	0x2
 347 0032 D8       		.byte	0xd8
 348 0033 37000000 		.4byte	0x37
 349 0037 04       		.uleb128 0x4
 350 0038 04       		.byte	0x4
 351 0039 07       		.byte	0x7
 352 003a 0E010000 		.4byte	.LASF0
ARM GAS  C:\Users\HPz420\AppData\Local\Temp\ccLV3qco.s 			page 13


 353 003e 04       		.uleb128 0x4
 354 003f 08       		.byte	0x8
 355 0040 05       		.byte	0x5
 356 0041 EB010000 		.4byte	.LASF1
 357 0045 04       		.uleb128 0x4
 358 0046 08       		.byte	0x8
 359 0047 04       		.byte	0x4
 360 0048 26020000 		.4byte	.LASF2
 361 004c 04       		.uleb128 0x4
 362 004d 01       		.byte	0x1
 363 004e 06       		.byte	0x6
 364 004f 3E020000 		.4byte	.LASF3
 365 0053 04       		.uleb128 0x4
 366 0054 01       		.byte	0x1
 367 0055 08       		.byte	0x8
 368 0056 8D000000 		.4byte	.LASF4
 369 005a 04       		.uleb128 0x4
 370 005b 02       		.byte	0x2
 371 005c 05       		.byte	0x5
 372 005d FE010000 		.4byte	.LASF5
 373 0061 04       		.uleb128 0x4
 374 0062 02       		.byte	0x2
 375 0063 07       		.byte	0x7
 376 0064 48000000 		.4byte	.LASF6
 377 0068 04       		.uleb128 0x4
 378 0069 04       		.byte	0x4
 379 006a 05       		.byte	0x5
 380 006b 1D020000 		.4byte	.LASF7
 381 006f 04       		.uleb128 0x4
 382 0070 04       		.byte	0x4
 383 0071 07       		.byte	0x7
 384 0072 6B000000 		.4byte	.LASF8
 385 0076 04       		.uleb128 0x4
 386 0077 08       		.byte	0x8
 387 0078 07       		.byte	0x7
 388 0079 30010000 		.4byte	.LASF9
 389 007d 04       		.uleb128 0x4
 390 007e 04       		.byte	0x4
 391 007f 07       		.byte	0x7
 392 0080 E2010000 		.4byte	.LASF10
 393 0084 05       		.uleb128 0x5
 394 0085 04       		.byte	0x4
 395 0086 04       		.uleb128 0x4
 396 0087 01       		.byte	0x1
 397 0088 08       		.byte	0x8
 398 0089 F9010000 		.4byte	.LASF11
 399 008d 06       		.uleb128 0x6
 400 008e 7D000000 		.4byte	.LASF13
 401 0092 03       		.byte	0x3
 402 0093 FB01     		.2byte	0x1fb
 403 0095 53000000 		.4byte	0x53
 404 0099 06       		.uleb128 0x6
 405 009a 00010000 		.4byte	.LASF14
 406 009e 03       		.byte	0x3
 407 009f FC01     		.2byte	0x1fc
 408 00a1 61000000 		.4byte	0x61
 409 00a5 06       		.uleb128 0x6
ARM GAS  C:\Users\HPz420\AppData\Local\Temp\ccLV3qco.s 			page 14


 410 00a6 07010000 		.4byte	.LASF15
 411 00aa 03       		.byte	0x3
 412 00ab FD01     		.2byte	0x1fd
 413 00ad 6F000000 		.4byte	0x6f
 414 00b1 04       		.uleb128 0x4
 415 00b2 04       		.byte	0x4
 416 00b3 04       		.byte	0x4
 417 00b4 5B000000 		.4byte	.LASF16
 418 00b8 04       		.uleb128 0x4
 419 00b9 08       		.byte	0x8
 420 00ba 04       		.byte	0x4
 421 00bb A2000000 		.4byte	.LASF17
 422 00bf 06       		.uleb128 0x6
 423 00c0 66000000 		.4byte	.LASF18
 424 00c4 03       		.byte	0x3
 425 00c5 A502     		.2byte	0x2a5
 426 00c7 CB000000 		.4byte	0xcb
 427 00cb 07       		.uleb128 0x7
 428 00cc 8D000000 		.4byte	0x8d
 429 00d0 06       		.uleb128 0x6
 430 00d1 00000000 		.4byte	.LASF19
 431 00d5 03       		.byte	0x3
 432 00d6 A702     		.2byte	0x2a7
 433 00d8 DC000000 		.4byte	0xdc
 434 00dc 07       		.uleb128 0x7
 435 00dd A5000000 		.4byte	0xa5
 436 00e1 08       		.uleb128 0x8
 437 00e2 0D000000 		.4byte	.LASF32
 438 00e6 01       		.byte	0x1
 439 00e7 DD       		.byte	0xdd
 440 00e8 00000000 		.4byte	.LFB5
 441 00ec 20000000 		.4byte	.LFE5-.LFB5
 442 00f0 01       		.uleb128 0x1
 443 00f1 9C       		.byte	0x9c
 444 00f2 09       		.uleb128 0x9
 445 00f3 83000000 		.4byte	.LASF20
 446 00f7 01       		.byte	0x1
 447 00f8 4C       		.byte	0x4c
 448 00f9 00000000 		.4byte	.LFB1
 449 00fd 0C000000 		.4byte	.LFE1-.LFB1
 450 0101 01       		.uleb128 0x1
 451 0102 9C       		.byte	0x9c
 452 0103 3F010000 		.4byte	0x13f
 453 0107 0A       		.uleb128 0xa
 454 0108 7300     		.ascii	"s\000"
 455 010a 01       		.byte	0x1
 456 010b 4C       		.byte	0x4c
 457 010c 84000000 		.4byte	0x84
 458 0110 00000000 		.4byte	.LLST0
 459 0114 0A       		.uleb128 0xa
 460 0115 6E00     		.ascii	"n\000"
 461 0117 01       		.byte	0x1
 462 0118 4C       		.byte	0x4c
 463 0119 2C000000 		.4byte	0x2c
 464 011d 21000000 		.4byte	.LLST1
 465 0121 0B       		.uleb128 0xb
 466 0122 0A000000 		.4byte	.LVL2
ARM GAS  C:\Users\HPz420\AppData\Local\Temp\ccLV3qco.s 			page 15


 467 0126 6B020000 		.4byte	0x26b
 468 012a 0C       		.uleb128 0xc
 469 012b 01       		.uleb128 0x1
 470 012c 50       		.byte	0x50
 471 012d 03       		.uleb128 0x3
 472 012e F3       		.byte	0xf3
 473 012f 01       		.uleb128 0x1
 474 0130 50       		.byte	0x50
 475 0131 0C       		.uleb128 0xc
 476 0132 01       		.uleb128 0x1
 477 0133 51       		.byte	0x51
 478 0134 01       		.uleb128 0x1
 479 0135 30       		.byte	0x30
 480 0136 0C       		.uleb128 0xc
 481 0137 01       		.uleb128 0x1
 482 0138 52       		.byte	0x52
 483 0139 03       		.uleb128 0x3
 484 013a F3       		.byte	0xf3
 485 013b 01       		.uleb128 0x1
 486 013c 51       		.byte	0x51
 487 013d 00       		.byte	0
 488 013e 00       		.byte	0
 489 013f 09       		.uleb128 0x9
 490 0140 3D000000 		.4byte	.LASF21
 491 0144 01       		.byte	0x1
 492 0145 AA       		.byte	0xaa
 493 0146 00000000 		.4byte	.LFB4
 494 014a 78000000 		.4byte	.LFE4-.LFB4
 495 014e 01       		.uleb128 0x1
 496 014f 9C       		.byte	0x9c
 497 0150 8A010000 		.4byte	0x18a
 498 0154 0D       		.uleb128 0xd
 499 0155 0E000000 		.4byte	.LVL3
 500 0159 74020000 		.4byte	0x274
 501 015d 67010000 		.4byte	0x167
 502 0161 0C       		.uleb128 0xc
 503 0162 01       		.uleb128 0x1
 504 0163 50       		.byte	0x50
 505 0164 01       		.uleb128 0x1
 506 0165 48       		.byte	0x48
 507 0166 00       		.byte	0
 508 0167 0D       		.uleb128 0xd
 509 0168 3A000000 		.4byte	.LVL4
 510 016c 7F020000 		.4byte	0x27f
 511 0170 7A010000 		.4byte	0x17a
 512 0174 0C       		.uleb128 0xc
 513 0175 01       		.uleb128 0x1
 514 0176 50       		.byte	0x50
 515 0177 01       		.uleb128 0x1
 516 0178 37       		.byte	0x37
 517 0179 00       		.byte	0
 518 017a 0B       		.uleb128 0xb
 519 017b 40000000 		.4byte	.LVL5
 520 017f 8A020000 		.4byte	0x28a
 521 0183 0C       		.uleb128 0xc
 522 0184 01       		.uleb128 0x1
 523 0185 50       		.byte	0x50
ARM GAS  C:\Users\HPz420\AppData\Local\Temp\ccLV3qco.s 			page 16


 524 0186 01       		.uleb128 0x1
 525 0187 37       		.byte	0x37
 526 0188 00       		.byte	0
 527 0189 00       		.byte	0
 528 018a 0E       		.uleb128 0xe
 529 018b 1B010000 		.4byte	.LASF33
 530 018f 01       		.byte	0x1
 531 0190 F8       		.byte	0xf8
 532 0191 78000000 		.4byte	.LFB6
 533 0195 CC000000 		.4byte	.LFE6-.LFB6
 534 0199 01       		.uleb128 0x1
 535 019a 9C       		.byte	0x9c
 536 019b 6B020000 		.4byte	0x26b
 537 019f 0F       		.uleb128 0xf
 538 01a0 7C000000 		.4byte	.LBB2
 539 01a4 52000000 		.4byte	.LBE2-.LBB2
 540 01a8 58020000 		.4byte	0x258
 541 01ac 10       		.uleb128 0x10
 542 01ad 06       		.byte	0x6
 543 01ae 01       		.byte	0x1
 544 01af FF       		.byte	0xff
 545 01b0 CF010000 		.4byte	0x1cf
 546 01b4 11       		.uleb128 0x11
 547 01b5 28010000 		.4byte	.LASF22
 548 01b9 01       		.byte	0x1
 549 01ba 0001     		.2byte	0x100
 550 01bc 84000000 		.4byte	0x84
 551 01c0 00       		.byte	0
 552 01c1 11       		.uleb128 0x11
 553 01c2 61000000 		.4byte	.LASF23
 554 01c6 01       		.byte	0x1
 555 01c7 0101     		.2byte	0x101
 556 01c9 99000000 		.4byte	0x99
 557 01cd 04       		.byte	0x4
 558 01ce 00       		.byte	0
 559 01cf 06       		.uleb128 0x6
 560 01d0 D5010000 		.4byte	.LASF24
 561 01d4 01       		.byte	0x1
 562 01d5 0201     		.2byte	0x102
 563 01d7 AC010000 		.4byte	0x1ac
 564 01db 12       		.uleb128 0x12
 565 01dc EB010000 		.4byte	0x1eb
 566 01e0 EB010000 		.4byte	0x1eb
 567 01e4 13       		.uleb128 0x13
 568 01e5 7D000000 		.4byte	0x7d
 569 01e9 01       		.byte	0x1
 570 01ea 00       		.byte	0
 571 01eb 14       		.uleb128 0x14
 572 01ec CF010000 		.4byte	0x1cf
 573 01f0 15       		.uleb128 0x15
 574 01f1 2D000000 		.4byte	.LASF25
 575 01f5 01       		.byte	0x1
 576 01f6 0401     		.2byte	0x104
 577 01f8 02020000 		.4byte	0x202
 578 01fc 05       		.uleb128 0x5
 579 01fd 03       		.byte	0x3
 580 01fe 00000000 		.4byte	cfg_memset_list.4888
ARM GAS  C:\Users\HPz420\AppData\Local\Temp\ccLV3qco.s 			page 17


 581 0202 14       		.uleb128 0x14
 582 0203 DB010000 		.4byte	0x1db
 583 0207 16       		.uleb128 0x16
 584 0208 6900     		.ascii	"i\000"
 585 020a 01       		.byte	0x1
 586 020b 0A01     		.2byte	0x10a
 587 020d 8D000000 		.4byte	0x8d
 588 0211 4D000000 		.4byte	.LLST2
 589 0215 17       		.uleb128 0x17
 590 0216 80000000 		.4byte	.LBB3
 591 021a 1C000000 		.4byte	.LBE3-.LBB3
 592 021e 16       		.uleb128 0x16
 593 021f 6D7300   		.ascii	"ms\000"
 594 0222 01       		.byte	0x1
 595 0223 0F01     		.2byte	0x10f
 596 0225 2D020000 		.4byte	0x22d
 597 0229 77000000 		.4byte	.LLST3
 598 022d 18       		.uleb128 0x18
 599 022e 04       		.byte	0x4
 600 022f EB010000 		.4byte	0x1eb
 601 0233 0B       		.uleb128 0xb
 602 0234 9C000000 		.4byte	.LVL8
 603 0238 F2000000 		.4byte	0xf2
 604 023c 0C       		.uleb128 0xc
 605 023d 01       		.uleb128 0x1
 606 023e 51       		.byte	0x51
 607 023f 15       		.uleb128 0x15
 608 0240 74       		.byte	0x74
 609 0241 00       		.sleb128 0
 610 0242 31       		.byte	0x31
 611 0243 24       		.byte	0x24
 612 0244 74       		.byte	0x74
 613 0245 00       		.sleb128 0
 614 0246 22       		.byte	0x22
 615 0247 31       		.byte	0x31
 616 0248 24       		.byte	0x24
 617 0249 03       		.byte	0x3
 618 024a 04000000 		.4byte	.LANCHOR0+4
 619 024e 22       		.byte	0x22
 620 024f 94       		.byte	0x94
 621 0250 02       		.byte	0x2
 622 0251 0A       		.byte	0xa
 623 0252 FFFF     		.2byte	0xffff
 624 0254 1A       		.byte	0x1a
 625 0255 00       		.byte	0
 626 0256 00       		.byte	0
 627 0257 00       		.byte	0
 628 0258 19       		.uleb128 0x19
 629 0259 FE000000 		.4byte	.LVL11
 630 025d 3F010000 		.4byte	0x13f
 631 0261 19       		.uleb128 0x19
 632 0262 02010000 		.4byte	.LVL12
 633 0266 E1000000 		.4byte	0xe1
 634 026a 00       		.byte	0
 635 026b 1A       		.uleb128 0x1a
 636 026c 9B000000 		.4byte	.LASF34
 637 0270 9B000000 		.4byte	.LASF34
ARM GAS  C:\Users\HPz420\AppData\Local\Temp\ccLV3qco.s 			page 18


 638 0274 1B       		.uleb128 0x1b
 639 0275 08020000 		.4byte	.LASF26
 640 0279 08020000 		.4byte	.LASF26
 641 027d 04       		.byte	0x4
 642 027e 6C       		.byte	0x6c
 643 027f 1B       		.uleb128 0x1b
 644 0280 1E000000 		.4byte	.LASF27
 645 0284 1E000000 		.4byte	.LASF27
 646 0288 04       		.byte	0x4
 647 0289 D0       		.byte	0xd0
 648 028a 1B       		.uleb128 0x1b
 649 028b 32020000 		.4byte	.LASF28
 650 028f 32020000 		.4byte	.LASF28
 651 0293 04       		.byte	0x4
 652 0294 D6       		.byte	0xd6
 653 0295 00       		.byte	0
 654              		.section	.debug_abbrev,"",%progbits
 655              	.Ldebug_abbrev0:
 656 0000 01       		.uleb128 0x1
 657 0001 11       		.uleb128 0x11
 658 0002 01       		.byte	0x1
 659 0003 25       		.uleb128 0x25
 660 0004 0E       		.uleb128 0xe
 661 0005 13       		.uleb128 0x13
 662 0006 0B       		.uleb128 0xb
 663 0007 03       		.uleb128 0x3
 664 0008 0E       		.uleb128 0xe
 665 0009 1B       		.uleb128 0x1b
 666 000a 0E       		.uleb128 0xe
 667 000b 55       		.uleb128 0x55
 668 000c 17       		.uleb128 0x17
 669 000d 11       		.uleb128 0x11
 670 000e 01       		.uleb128 0x1
 671 000f 10       		.uleb128 0x10
 672 0010 17       		.uleb128 0x17
 673 0011 00       		.byte	0
 674 0012 00       		.byte	0
 675 0013 02       		.uleb128 0x2
 676 0014 24       		.uleb128 0x24
 677 0015 00       		.byte	0
 678 0016 0B       		.uleb128 0xb
 679 0017 0B       		.uleb128 0xb
 680 0018 3E       		.uleb128 0x3e
 681 0019 0B       		.uleb128 0xb
 682 001a 03       		.uleb128 0x3
 683 001b 08       		.uleb128 0x8
 684 001c 00       		.byte	0
 685 001d 00       		.byte	0
 686 001e 03       		.uleb128 0x3
 687 001f 16       		.uleb128 0x16
 688 0020 00       		.byte	0
 689 0021 03       		.uleb128 0x3
 690 0022 0E       		.uleb128 0xe
 691 0023 3A       		.uleb128 0x3a
 692 0024 0B       		.uleb128 0xb
 693 0025 3B       		.uleb128 0x3b
 694 0026 0B       		.uleb128 0xb
ARM GAS  C:\Users\HPz420\AppData\Local\Temp\ccLV3qco.s 			page 19


 695 0027 49       		.uleb128 0x49
 696 0028 13       		.uleb128 0x13
 697 0029 00       		.byte	0
 698 002a 00       		.byte	0
 699 002b 04       		.uleb128 0x4
 700 002c 24       		.uleb128 0x24
 701 002d 00       		.byte	0
 702 002e 0B       		.uleb128 0xb
 703 002f 0B       		.uleb128 0xb
 704 0030 3E       		.uleb128 0x3e
 705 0031 0B       		.uleb128 0xb
 706 0032 03       		.uleb128 0x3
 707 0033 0E       		.uleb128 0xe
 708 0034 00       		.byte	0
 709 0035 00       		.byte	0
 710 0036 05       		.uleb128 0x5
 711 0037 0F       		.uleb128 0xf
 712 0038 00       		.byte	0
 713 0039 0B       		.uleb128 0xb
 714 003a 0B       		.uleb128 0xb
 715 003b 00       		.byte	0
 716 003c 00       		.byte	0
 717 003d 06       		.uleb128 0x6
 718 003e 16       		.uleb128 0x16
 719 003f 00       		.byte	0
 720 0040 03       		.uleb128 0x3
 721 0041 0E       		.uleb128 0xe
 722 0042 3A       		.uleb128 0x3a
 723 0043 0B       		.uleb128 0xb
 724 0044 3B       		.uleb128 0x3b
 725 0045 05       		.uleb128 0x5
 726 0046 49       		.uleb128 0x49
 727 0047 13       		.uleb128 0x13
 728 0048 00       		.byte	0
 729 0049 00       		.byte	0
 730 004a 07       		.uleb128 0x7
 731 004b 35       		.uleb128 0x35
 732 004c 00       		.byte	0
 733 004d 49       		.uleb128 0x49
 734 004e 13       		.uleb128 0x13
 735 004f 00       		.byte	0
 736 0050 00       		.byte	0
 737 0051 08       		.uleb128 0x8
 738 0052 2E       		.uleb128 0x2e
 739 0053 00       		.byte	0
 740 0054 03       		.uleb128 0x3
 741 0055 0E       		.uleb128 0xe
 742 0056 3A       		.uleb128 0x3a
 743 0057 0B       		.uleb128 0xb
 744 0058 3B       		.uleb128 0x3b
 745 0059 0B       		.uleb128 0xb
 746 005a 27       		.uleb128 0x27
 747 005b 19       		.uleb128 0x19
 748 005c 11       		.uleb128 0x11
 749 005d 01       		.uleb128 0x1
 750 005e 12       		.uleb128 0x12
 751 005f 06       		.uleb128 0x6
ARM GAS  C:\Users\HPz420\AppData\Local\Temp\ccLV3qco.s 			page 20


 752 0060 40       		.uleb128 0x40
 753 0061 18       		.uleb128 0x18
 754 0062 9742     		.uleb128 0x2117
 755 0064 19       		.uleb128 0x19
 756 0065 00       		.byte	0
 757 0066 00       		.byte	0
 758 0067 09       		.uleb128 0x9
 759 0068 2E       		.uleb128 0x2e
 760 0069 01       		.byte	0x1
 761 006a 03       		.uleb128 0x3
 762 006b 0E       		.uleb128 0xe
 763 006c 3A       		.uleb128 0x3a
 764 006d 0B       		.uleb128 0xb
 765 006e 3B       		.uleb128 0x3b
 766 006f 0B       		.uleb128 0xb
 767 0070 27       		.uleb128 0x27
 768 0071 19       		.uleb128 0x19
 769 0072 11       		.uleb128 0x11
 770 0073 01       		.uleb128 0x1
 771 0074 12       		.uleb128 0x12
 772 0075 06       		.uleb128 0x6
 773 0076 40       		.uleb128 0x40
 774 0077 18       		.uleb128 0x18
 775 0078 9742     		.uleb128 0x2117
 776 007a 19       		.uleb128 0x19
 777 007b 01       		.uleb128 0x1
 778 007c 13       		.uleb128 0x13
 779 007d 00       		.byte	0
 780 007e 00       		.byte	0
 781 007f 0A       		.uleb128 0xa
 782 0080 05       		.uleb128 0x5
 783 0081 00       		.byte	0
 784 0082 03       		.uleb128 0x3
 785 0083 08       		.uleb128 0x8
 786 0084 3A       		.uleb128 0x3a
 787 0085 0B       		.uleb128 0xb
 788 0086 3B       		.uleb128 0x3b
 789 0087 0B       		.uleb128 0xb
 790 0088 49       		.uleb128 0x49
 791 0089 13       		.uleb128 0x13
 792 008a 02       		.uleb128 0x2
 793 008b 17       		.uleb128 0x17
 794 008c 00       		.byte	0
 795 008d 00       		.byte	0
 796 008e 0B       		.uleb128 0xb
 797 008f 898201   		.uleb128 0x4109
 798 0092 01       		.byte	0x1
 799 0093 11       		.uleb128 0x11
 800 0094 01       		.uleb128 0x1
 801 0095 31       		.uleb128 0x31
 802 0096 13       		.uleb128 0x13
 803 0097 00       		.byte	0
 804 0098 00       		.byte	0
 805 0099 0C       		.uleb128 0xc
 806 009a 8A8201   		.uleb128 0x410a
 807 009d 00       		.byte	0
 808 009e 02       		.uleb128 0x2
ARM GAS  C:\Users\HPz420\AppData\Local\Temp\ccLV3qco.s 			page 21


 809 009f 18       		.uleb128 0x18
 810 00a0 9142     		.uleb128 0x2111
 811 00a2 18       		.uleb128 0x18
 812 00a3 00       		.byte	0
 813 00a4 00       		.byte	0
 814 00a5 0D       		.uleb128 0xd
 815 00a6 898201   		.uleb128 0x4109
 816 00a9 01       		.byte	0x1
 817 00aa 11       		.uleb128 0x11
 818 00ab 01       		.uleb128 0x1
 819 00ac 31       		.uleb128 0x31
 820 00ad 13       		.uleb128 0x13
 821 00ae 01       		.uleb128 0x1
 822 00af 13       		.uleb128 0x13
 823 00b0 00       		.byte	0
 824 00b1 00       		.byte	0
 825 00b2 0E       		.uleb128 0xe
 826 00b3 2E       		.uleb128 0x2e
 827 00b4 01       		.byte	0x1
 828 00b5 3F       		.uleb128 0x3f
 829 00b6 19       		.uleb128 0x19
 830 00b7 03       		.uleb128 0x3
 831 00b8 0E       		.uleb128 0xe
 832 00b9 3A       		.uleb128 0x3a
 833 00ba 0B       		.uleb128 0xb
 834 00bb 3B       		.uleb128 0x3b
 835 00bc 0B       		.uleb128 0xb
 836 00bd 27       		.uleb128 0x27
 837 00be 19       		.uleb128 0x19
 838 00bf 11       		.uleb128 0x11
 839 00c0 01       		.uleb128 0x1
 840 00c1 12       		.uleb128 0x12
 841 00c2 06       		.uleb128 0x6
 842 00c3 40       		.uleb128 0x40
 843 00c4 18       		.uleb128 0x18
 844 00c5 9742     		.uleb128 0x2117
 845 00c7 19       		.uleb128 0x19
 846 00c8 01       		.uleb128 0x1
 847 00c9 13       		.uleb128 0x13
 848 00ca 00       		.byte	0
 849 00cb 00       		.byte	0
 850 00cc 0F       		.uleb128 0xf
 851 00cd 0B       		.uleb128 0xb
 852 00ce 01       		.byte	0x1
 853 00cf 11       		.uleb128 0x11
 854 00d0 01       		.uleb128 0x1
 855 00d1 12       		.uleb128 0x12
 856 00d2 06       		.uleb128 0x6
 857 00d3 01       		.uleb128 0x1
 858 00d4 13       		.uleb128 0x13
 859 00d5 00       		.byte	0
 860 00d6 00       		.byte	0
 861 00d7 10       		.uleb128 0x10
 862 00d8 13       		.uleb128 0x13
 863 00d9 01       		.byte	0x1
 864 00da 0B       		.uleb128 0xb
 865 00db 0B       		.uleb128 0xb
ARM GAS  C:\Users\HPz420\AppData\Local\Temp\ccLV3qco.s 			page 22


 866 00dc 3A       		.uleb128 0x3a
 867 00dd 0B       		.uleb128 0xb
 868 00de 3B       		.uleb128 0x3b
 869 00df 0B       		.uleb128 0xb
 870 00e0 01       		.uleb128 0x1
 871 00e1 13       		.uleb128 0x13
 872 00e2 00       		.byte	0
 873 00e3 00       		.byte	0
 874 00e4 11       		.uleb128 0x11
 875 00e5 0D       		.uleb128 0xd
 876 00e6 00       		.byte	0
 877 00e7 03       		.uleb128 0x3
 878 00e8 0E       		.uleb128 0xe
 879 00e9 3A       		.uleb128 0x3a
 880 00ea 0B       		.uleb128 0xb
 881 00eb 3B       		.uleb128 0x3b
 882 00ec 05       		.uleb128 0x5
 883 00ed 49       		.uleb128 0x49
 884 00ee 13       		.uleb128 0x13
 885 00ef 38       		.uleb128 0x38
 886 00f0 0B       		.uleb128 0xb
 887 00f1 00       		.byte	0
 888 00f2 00       		.byte	0
 889 00f3 12       		.uleb128 0x12
 890 00f4 01       		.uleb128 0x1
 891 00f5 01       		.byte	0x1
 892 00f6 49       		.uleb128 0x49
 893 00f7 13       		.uleb128 0x13
 894 00f8 01       		.uleb128 0x1
 895 00f9 13       		.uleb128 0x13
 896 00fa 00       		.byte	0
 897 00fb 00       		.byte	0
 898 00fc 13       		.uleb128 0x13
 899 00fd 21       		.uleb128 0x21
 900 00fe 00       		.byte	0
 901 00ff 49       		.uleb128 0x49
 902 0100 13       		.uleb128 0x13
 903 0101 2F       		.uleb128 0x2f
 904 0102 0B       		.uleb128 0xb
 905 0103 00       		.byte	0
 906 0104 00       		.byte	0
 907 0105 14       		.uleb128 0x14
 908 0106 26       		.uleb128 0x26
 909 0107 00       		.byte	0
 910 0108 49       		.uleb128 0x49
 911 0109 13       		.uleb128 0x13
 912 010a 00       		.byte	0
 913 010b 00       		.byte	0
 914 010c 15       		.uleb128 0x15
 915 010d 34       		.uleb128 0x34
 916 010e 00       		.byte	0
 917 010f 03       		.uleb128 0x3
 918 0110 0E       		.uleb128 0xe
 919 0111 3A       		.uleb128 0x3a
 920 0112 0B       		.uleb128 0xb
 921 0113 3B       		.uleb128 0x3b
 922 0114 05       		.uleb128 0x5
ARM GAS  C:\Users\HPz420\AppData\Local\Temp\ccLV3qco.s 			page 23


 923 0115 49       		.uleb128 0x49
 924 0116 13       		.uleb128 0x13
 925 0117 02       		.uleb128 0x2
 926 0118 18       		.uleb128 0x18
 927 0119 00       		.byte	0
 928 011a 00       		.byte	0
 929 011b 16       		.uleb128 0x16
 930 011c 34       		.uleb128 0x34
 931 011d 00       		.byte	0
 932 011e 03       		.uleb128 0x3
 933 011f 08       		.uleb128 0x8
 934 0120 3A       		.uleb128 0x3a
 935 0121 0B       		.uleb128 0xb
 936 0122 3B       		.uleb128 0x3b
 937 0123 05       		.uleb128 0x5
 938 0124 49       		.uleb128 0x49
 939 0125 13       		.uleb128 0x13
 940 0126 02       		.uleb128 0x2
 941 0127 17       		.uleb128 0x17
 942 0128 00       		.byte	0
 943 0129 00       		.byte	0
 944 012a 17       		.uleb128 0x17
 945 012b 0B       		.uleb128 0xb
 946 012c 01       		.byte	0x1
 947 012d 11       		.uleb128 0x11
 948 012e 01       		.uleb128 0x1
 949 012f 12       		.uleb128 0x12
 950 0130 06       		.uleb128 0x6
 951 0131 00       		.byte	0
 952 0132 00       		.byte	0
 953 0133 18       		.uleb128 0x18
 954 0134 0F       		.uleb128 0xf
 955 0135 00       		.byte	0
 956 0136 0B       		.uleb128 0xb
 957 0137 0B       		.uleb128 0xb
 958 0138 49       		.uleb128 0x49
 959 0139 13       		.uleb128 0x13
 960 013a 00       		.byte	0
 961 013b 00       		.byte	0
 962 013c 19       		.uleb128 0x19
 963 013d 898201   		.uleb128 0x4109
 964 0140 00       		.byte	0
 965 0141 11       		.uleb128 0x11
 966 0142 01       		.uleb128 0x1
 967 0143 31       		.uleb128 0x31
 968 0144 13       		.uleb128 0x13
 969 0145 00       		.byte	0
 970 0146 00       		.byte	0
 971 0147 1A       		.uleb128 0x1a
 972 0148 2E       		.uleb128 0x2e
 973 0149 00       		.byte	0
 974 014a 3F       		.uleb128 0x3f
 975 014b 19       		.uleb128 0x19
 976 014c 3C       		.uleb128 0x3c
 977 014d 19       		.uleb128 0x19
 978 014e 6E       		.uleb128 0x6e
 979 014f 0E       		.uleb128 0xe
ARM GAS  C:\Users\HPz420\AppData\Local\Temp\ccLV3qco.s 			page 24


 980 0150 03       		.uleb128 0x3
 981 0151 0E       		.uleb128 0xe
 982 0152 00       		.byte	0
 983 0153 00       		.byte	0
 984 0154 1B       		.uleb128 0x1b
 985 0155 2E       		.uleb128 0x2e
 986 0156 00       		.byte	0
 987 0157 3F       		.uleb128 0x3f
 988 0158 19       		.uleb128 0x19
 989 0159 3C       		.uleb128 0x3c
 990 015a 19       		.uleb128 0x19
 991 015b 6E       		.uleb128 0x6e
 992 015c 0E       		.uleb128 0xe
 993 015d 03       		.uleb128 0x3
 994 015e 0E       		.uleb128 0xe
 995 015f 3A       		.uleb128 0x3a
 996 0160 0B       		.uleb128 0xb
 997 0161 3B       		.uleb128 0x3b
 998 0162 0B       		.uleb128 0xb
 999 0163 00       		.byte	0
 1000 0164 00       		.byte	0
 1001 0165 00       		.byte	0
 1002              		.section	.debug_loc,"",%progbits
 1003              	.Ldebug_loc0:
 1004              	.LLST0:
 1005 0000 00000000 		.4byte	.LVL0
 1006 0004 09000000 		.4byte	.LVL2-1
 1007 0008 0100     		.2byte	0x1
 1008 000a 50       		.byte	0x50
 1009 000b 09000000 		.4byte	.LVL2-1
 1010 000f 0C000000 		.4byte	.LFE1
 1011 0013 0400     		.2byte	0x4
 1012 0015 F3       		.byte	0xf3
 1013 0016 01       		.uleb128 0x1
 1014 0017 50       		.byte	0x50
 1015 0018 9F       		.byte	0x9f
 1016 0019 00000000 		.4byte	0
 1017 001d 00000000 		.4byte	0
 1018              	.LLST1:
 1019 0021 00000000 		.4byte	.LVL0
 1020 0025 06000000 		.4byte	.LVL1
 1021 0029 0100     		.2byte	0x1
 1022 002b 51       		.byte	0x51
 1023 002c 06000000 		.4byte	.LVL1
 1024 0030 09000000 		.4byte	.LVL2-1
 1025 0034 0100     		.2byte	0x1
 1026 0036 52       		.byte	0x52
 1027 0037 09000000 		.4byte	.LVL2-1
 1028 003b 0C000000 		.4byte	.LFE1
 1029 003f 0400     		.2byte	0x4
 1030 0041 F3       		.byte	0xf3
 1031 0042 01       		.uleb128 0x1
 1032 0043 51       		.byte	0x51
 1033 0044 9F       		.byte	0x9f
 1034 0045 00000000 		.4byte	0
 1035 0049 00000000 		.4byte	0
 1036              	.LLST2:
ARM GAS  C:\Users\HPz420\AppData\Local\Temp\ccLV3qco.s 			page 25


 1037 004d 7C000000 		.4byte	.LVL6
 1038 0051 80000000 		.4byte	.LVL7
 1039 0055 0200     		.2byte	0x2
 1040 0057 30       		.byte	0x30
 1041 0058 9F       		.byte	0x9f
 1042 0059 80000000 		.4byte	.LVL7
 1043 005d 9E000000 		.4byte	.LVL9
 1044 0061 0100     		.2byte	0x1
 1045 0063 54       		.byte	0x54
 1046 0064 A0000000 		.4byte	.LVL10
 1047 0068 02010000 		.4byte	.LVL13
 1048 006c 0100     		.2byte	0x1
 1049 006e 54       		.byte	0x54
 1050 006f 00000000 		.4byte	0
 1051 0073 00000000 		.4byte	0
 1052              	.LLST3:
 1053 0077 80000000 		.4byte	.LVL7
 1054 007b 9E000000 		.4byte	.LVL9
 1055 007f 0B00     		.2byte	0xb
 1056 0081 74       		.byte	0x74
 1057 0082 00       		.sleb128 0
 1058 0083 36       		.byte	0x36
 1059 0084 1E       		.byte	0x1e
 1060 0085 03       		.byte	0x3
 1061 0086 00000000 		.4byte	cfg_memset_list.4888
 1062 008a 22       		.byte	0x22
 1063 008b 9F       		.byte	0x9f
 1064 008c 9E000000 		.4byte	.LVL9
 1065 0090 A0000000 		.4byte	.LVL10
 1066 0094 0B00     		.2byte	0xb
 1067 0096 74       		.byte	0x74
 1068 0097 7F       		.sleb128 -1
 1069 0098 36       		.byte	0x36
 1070 0099 1E       		.byte	0x1e
 1071 009a 03       		.byte	0x3
 1072 009b 00000000 		.4byte	cfg_memset_list.4888
 1073 009f 22       		.byte	0x22
 1074 00a0 9F       		.byte	0x9f
 1075 00a1 00000000 		.4byte	0
 1076 00a5 00000000 		.4byte	0
 1077              		.section	.debug_aranges,"",%progbits
 1078 0000 34000000 		.4byte	0x34
 1079 0004 0200     		.2byte	0x2
 1080 0006 00000000 		.4byte	.Ldebug_info0
 1081 000a 04       		.byte	0x4
 1082 000b 00       		.byte	0
 1083 000c 0000     		.2byte	0
 1084 000e 0000     		.2byte	0
 1085 0010 00000000 		.4byte	.LFB5
 1086 0014 20000000 		.4byte	.LFE5-.LFB5
 1087 0018 00000000 		.4byte	.LFB1
 1088 001c 0C000000 		.4byte	.LFE1-.LFB1
 1089 0020 00000000 		.4byte	.LFB4
 1090 0024 78000000 		.4byte	.LFE4-.LFB4
 1091 0028 78000000 		.4byte	.LFB6
 1092 002c CC000000 		.4byte	.LFE6-.LFB6
 1093 0030 00000000 		.4byte	0
ARM GAS  C:\Users\HPz420\AppData\Local\Temp\ccLV3qco.s 			page 26


 1094 0034 00000000 		.4byte	0
 1095              		.section	.debug_ranges,"",%progbits
 1096              	.Ldebug_ranges0:
 1097 0000 00000000 		.4byte	.LFB5
 1098 0004 20000000 		.4byte	.LFE5
 1099 0008 00000000 		.4byte	.LFB1
 1100 000c 0C000000 		.4byte	.LFE1
 1101 0010 00000000 		.4byte	.LFB4
 1102 0014 78000000 		.4byte	.LFE4
 1103 0018 78000000 		.4byte	.LFB6
 1104 001c 44010000 		.4byte	.LFE6
 1105 0020 00000000 		.4byte	0
 1106 0024 00000000 		.4byte	0
 1107              		.section	.debug_line,"",%progbits
 1108              	.Ldebug_line0:
 1109 0000 48010000 		.section	.debug_str,"MS",%progbits,1
 1109      0200D600 
 1109      00000201 
 1109      FB0E0D00 
 1109      01010101 
 1110              	.LASF19:
 1111 0000 72656733 		.ascii	"reg32\000"
 1111      3200
 1112              	.LASF12:
 1113 0006 73697A65 		.ascii	"size_t\000"
 1113      5F7400
 1114              	.LASF32:
 1115 000d 416E616C 		.ascii	"AnalogSetDefault\000"
 1115      6F675365 
 1115      74446566 
 1115      61756C74 
 1115      00
 1116              	.LASF27:
 1117 001e 4379496E 		.ascii	"CyIntSetVector\000"
 1117      74536574 
 1117      56656374 
 1117      6F7200
 1118              	.LASF25:
 1119 002d 6366675F 		.ascii	"cfg_memset_list\000"
 1119      6D656D73 
 1119      65745F6C 
 1119      69737400 
 1120              	.LASF21:
 1121 003d 436C6F63 		.ascii	"ClockSetup\000"
 1121      6B536574 
 1121      757000
 1122              	.LASF6:
 1123 0048 73686F72 		.ascii	"short unsigned int\000"
 1123      7420756E 
 1123      7369676E 
 1123      65642069 
 1123      6E7400
 1124              	.LASF16:
 1125 005b 666C6F61 		.ascii	"float\000"
 1125      7400
 1126              	.LASF23:
 1127 0061 73697A65 		.ascii	"size\000"
ARM GAS  C:\Users\HPz420\AppData\Local\Temp\ccLV3qco.s 			page 27


 1127      00
 1128              	.LASF18:
 1129 0066 72656738 		.ascii	"reg8\000"
 1129      00
 1130              	.LASF8:
 1131 006b 6C6F6E67 		.ascii	"long unsigned int\000"
 1131      20756E73 
 1131      69676E65 
 1131      6420696E 
 1131      7400
 1132              	.LASF13:
 1133 007d 75696E74 		.ascii	"uint8\000"
 1133      3800
 1134              	.LASF20:
 1135 0083 43594D45 		.ascii	"CYMEMZERO\000"
 1135      4D5A4552 
 1135      4F00
 1136              	.LASF4:
 1137 008d 756E7369 		.ascii	"unsigned char\000"
 1137      676E6564 
 1137      20636861 
 1137      7200
 1138              	.LASF34:
 1139 009b 6D656D73 		.ascii	"memset\000"
 1139      657400
 1140              	.LASF17:
 1141 00a2 646F7562 		.ascii	"double\000"
 1141      6C6500
 1142              	.LASF31:
 1143 00a9 433A5C55 		.ascii	"C:\\Users\\HPz420\\Documents\\GitHub\\land-boards\\"
 1143      73657273 
 1143      5C48507A 
 1143      3432305C 
 1143      446F6375 
 1144 00d6 4C422D52 		.ascii	"LB-RPPSOC\\LB-RPPSOC4\\LB-SPI8\\LBSPI8.cydsn\000"
 1144      5050534F 
 1144      435C4C42 
 1144      2D525050 
 1144      534F4334 
 1145              	.LASF14:
 1146 0100 75696E74 		.ascii	"uint16\000"
 1146      313600
 1147              	.LASF15:
 1148 0107 75696E74 		.ascii	"uint32\000"
 1148      333200
 1149              	.LASF0:
 1150 010e 756E7369 		.ascii	"unsigned int\000"
 1150      676E6564 
 1150      20696E74 
 1150      00
 1151              	.LASF33:
 1152 011b 63796669 		.ascii	"cyfitter_cfg\000"
 1152      74746572 
 1152      5F636667 
 1152      00
 1153              	.LASF22:
 1154 0128 61646472 		.ascii	"address\000"
ARM GAS  C:\Users\HPz420\AppData\Local\Temp\ccLV3qco.s 			page 28


 1154      65737300 
 1155              	.LASF9:
 1156 0130 6C6F6E67 		.ascii	"long long unsigned int\000"
 1156      206C6F6E 
 1156      6720756E 
 1156      7369676E 
 1156      65642069 
 1157              	.LASF29:
 1158 0147 474E5520 		.ascii	"GNU C11 5.4.1 20160609 (release) [ARM/embedded-5-br"
 1158      43313120 
 1158      352E342E 
 1158      31203230 
 1158      31363036 
 1159 017a 616E6368 		.ascii	"anch revision 237715] -mcpu=cortex-m0 -mthumb -g -O"
 1159      20726576 
 1159      6973696F 
 1159      6E203233 
 1159      37373135 
 1160 01ad 67202D66 		.ascii	"g -ffunction-sections -ffat-lto-objects\000"
 1160      66756E63 
 1160      74696F6E 
 1160      2D736563 
 1160      74696F6E 
 1161              	.LASF24:
 1162 01d5 6366675F 		.ascii	"cfg_memset_t\000"
 1162      6D656D73 
 1162      65745F74 
 1162      00
 1163              	.LASF10:
 1164 01e2 73697A65 		.ascii	"sizetype\000"
 1164      74797065 
 1164      00
 1165              	.LASF1:
 1166 01eb 6C6F6E67 		.ascii	"long long int\000"
 1166      206C6F6E 
 1166      6720696E 
 1166      7400
 1167              	.LASF11:
 1168 01f9 63686172 		.ascii	"char\000"
 1168      00
 1169              	.LASF5:
 1170 01fe 73686F72 		.ascii	"short int\000"
 1170      7420696E 
 1170      7400
 1171              	.LASF26:
 1172 0208 43795379 		.ascii	"CySysClkWriteImoFreq\000"
 1172      73436C6B 
 1172      57726974 
 1172      65496D6F 
 1172      46726571 
 1173              	.LASF7:
 1174 021d 6C6F6E67 		.ascii	"long int\000"
 1174      20696E74 
 1174      00
 1175              	.LASF2:
 1176 0226 6C6F6E67 		.ascii	"long double\000"
 1176      20646F75 
ARM GAS  C:\Users\HPz420\AppData\Local\Temp\ccLV3qco.s 			page 29


 1176      626C6500 
 1177              	.LASF28:
 1178 0232 4379496E 		.ascii	"CyIntEnable\000"
 1178      74456E61 
 1178      626C6500 
 1179              	.LASF3:
 1180 023e 7369676E 		.ascii	"signed char\000"
 1180      65642063 
 1180      68617200 
 1181              	.LASF30:
 1182 024a 47656E65 		.ascii	"Generated_Source\\PSoC4\\cyfitter_cfg.c\000"
 1182      72617465 
 1182      645F536F 
 1182      75726365 
 1182      5C50536F 
 1183              		.ident	"GCC: (GNU Tools for ARM Embedded Processors) 5.4.1 20160609 (release) [ARM/embedded-5-bran
