Loading plugins phase: Elapsed time ==> 0s.339ms
Initializing data phase: Elapsed time ==> 0s.000ms
<CYPRESSTAG name="CyDsfit arguments...">
cydsfit arguments: -.fdsnotice -.fdswarpdepfile=warp_dependencies.txt -.fdselabdepfile=elab_dependencies.txt -.fdsbldfile=generated_files.txt -p C:\Users\doug_000\Documents\GitHub\LB-RPPSOC\RPPSOC-Blink8.cydsn\RPPSOC-Blink8.cyprj -d CY8C5267AXI-LP051 -s C:\Users\doug_000\Documents\GitHub\LB-RPPSOC\RPPSOC-Blink8.cydsn\Generated_Source\PSoC5 -- -yv2 -q10 -ygs -o2 -v3 -.fftcfgtype=LE</CYPRESSTAG>
<CYPRESSTAG name="Design elaboration results...">
</CYPRESSTAG>
Elaboration phase: Elapsed time ==> 1s.702ms
<CYPRESSTAG name="HDL generation results...">
</CYPRESSTAG>
HDL generation phase: Elapsed time ==> 0s.085ms
<CYPRESSTAG name="Synthesis results...">

     | | | | | | |
   _________________
  -|               |-
  -|               |-
  -|               |-
  -|    CYPRESS    |-
  -|               |-
  -|               |-   Warp Verilog Synthesis Compiler: Version 6.3 IR 41
  -|               |-   Copyright (C) 1991-2001 Cypress Semiconductor
   |_______________|
     | | | | | | |

======================================================================
Compiling:  RPPSOC-Blink8.v
Program  :   C:\Program Files (x86)\Cypress\PSoC Creator\3.3\PSoC Creator\warp\bin/warp.exe
Options  :    -yv2 -q10 -ygs -o2 -v3 -.fftcfgtype=LE -ya -.fftprj=C:\Users\doug_000\Documents\GitHub\LB-RPPSOC\RPPSOC-Blink8.cydsn\RPPSOC-Blink8.cyprj -dcpsoc3 RPPSOC-Blink8.v -verilog
======================================================================

======================================================================
Compiling:  RPPSOC-Blink8.v
Program  :   C:\Program Files (x86)\Cypress\PSoC Creator\3.3\PSoC Creator\warp\bin/warp.exe
Options  :    -yv2 -q10 -ygs -o2 -v3 -.fftcfgtype=LE -ya -.fftprj=C:\Users\doug_000\Documents\GitHub\LB-RPPSOC\RPPSOC-Blink8.cydsn\RPPSOC-Blink8.cyprj -dcpsoc3 RPPSOC-Blink8.v -verilog
======================================================================

======================================================================
Compiling:  RPPSOC-Blink8.v
Program  :   vlogfe
Options  :    -yv2 -q10 -ygs -o2 -v3 -.fftcfgtype=LE -ya -.fftprj=C:\Users\doug_000\Documents\GitHub\LB-RPPSOC\RPPSOC-Blink8.cydsn\RPPSOC-Blink8.cyprj -dcpsoc3 -verilog RPPSOC-Blink8.v
======================================================================

vlogfe V6.3 IR 41:  Verilog parser
Sat May 28 15:14:18 2016


======================================================================
Compiling:  RPPSOC-Blink8.v
Program  :   vpp
Options  :    -yv2 -q10 RPPSOC-Blink8.v
======================================================================

vpp V6.3 IR 41:  Verilog Pre-Processor
Sat May 28 15:14:18 2016

Flattening file 'C:\Program Files (x86)\Cypress\PSoC Creator\3.3\PSoC Creator\psoc\content\cyprimitives\CyPrimitives.cylib\cy_constant_v1_0\cy_constant_v1_0.v'
Flattening file 'C:\Program Files (x86)\Cypress\PSoC Creator\3.3\PSoC Creator\psoc\content\cyprimitives\CyPrimitives.cylib\cy_analog_virtualmux_v1_0\cy_analog_virtualmux_v1_0.v'
Flattening file 'C:\Program Files (x86)\Cypress\PSoC Creator\3.3\PSoC Creator\psoc\content\cyprimitives\CyPrimitives.cylib\demux_v1_10\demux_v1_10.v'
Flattening file 'C:\Program Files (x86)\Cypress\PSoC Creator\3.3\PSoC Creator\psoc\content\cyprimitives\CyPrimitives.cylib\cy_virtualmux_v1_0\cy_virtualmux_v1_0.v'
Flattening file 'C:\Program Files (x86)\Cypress\PSoC Creator\3.3\PSoC Creator\psoc\content\cyprimitives\CyPrimitives.cylib\ZeroTerminal\ZeroTerminal.v'
Flattening file 'C:\Program Files (x86)\Cypress\PSoC Creator\3.3\PSoC Creator\psoc\content\cyprimitives\CyPrimitives.cylib\or_v1_0\or_v1_0.v'
Flattening file 'C:\Program Files (x86)\Cypress\PSoC Creator\3.3\PSoC Creator\psoc\content\cyprimitives\CyPrimitives.cylib\cydff_v1_30\cydff_v1_30.v'

vpp:  No errors.

Library 'work' => directory 'lcpsoc3'
General_symbol_table
General_symbol_table
Linking 'C:\Program Files (x86)\Cypress\PSoC Creator\3.3\PSoC Creator\warp\lib\common\std.vhd'.
Linking 'C:\Program Files (x86)\Cypress\PSoC Creator\3.3\PSoC Creator\warp\lib\common\cypress.vhd'.
Linking 'C:\Program Files (x86)\Cypress\PSoC Creator\3.3\PSoC Creator\warp\lib\common\work\cypress.vif'.
Linking 'C:\Program Files (x86)\Cypress\PSoC Creator\3.3\PSoC Creator\warp\lib\ieee\work\stdlogic.vif'.
Linking 'C:\Program Files (x86)\Cypress\PSoC Creator\3.3\PSoC Creator\warp\lib\common\stdlogic\lpmpkg.vif'.
Linking 'C:\Program Files (x86)\Cypress\PSoC Creator\3.3\PSoC Creator\warp\lib\common\stdlogic\rtlpkg.vif'.
Linking 'C:\Program Files (x86)\Cypress\PSoC Creator\3.3\PSoC Creator\warp\lib\common\stdlogic\mod_cnst.vif'.
Linking 'C:\Program Files (x86)\Cypress\PSoC Creator\3.3\PSoC Creator\warp\lib\common\stdlogic\mod_mthv.vif'.
Linking 'C:\Program Files (x86)\Cypress\PSoC Creator\3.3\PSoC Creator\warp\lib\common\stdlogic\mod_genv.vif'.
Using control file 'RPPSOC-Blink8.ctl'.

vlogfe:  No errors.


======================================================================
Compiling:  RPPSOC-Blink8.v
Program  :   tovif
Options  :    -yv2 -q10 -ygs -o2 -v3 -.fftcfgtype=LE -ya -.fftprj=C:\Users\doug_000\Documents\GitHub\LB-RPPSOC\RPPSOC-Blink8.cydsn\RPPSOC-Blink8.cyprj -dcpsoc3 -verilog RPPSOC-Blink8.v
======================================================================

tovif V6.3 IR 41:  High-level synthesis
Sat May 28 15:14:18 2016

Linking 'C:\Program Files (x86)\Cypress\PSoC Creator\3.3\PSoC Creator\warp\lib\common\std.vhd'.
Linking 'C:\Program Files (x86)\Cypress\PSoC Creator\3.3\PSoC Creator\warp\lib\common\cypress.vhd'.
Linking 'C:\Program Files (x86)\Cypress\PSoC Creator\3.3\PSoC Creator\warp\lib\common\work\cypress.vif'.
Linking 'C:\Program Files (x86)\Cypress\PSoC Creator\3.3\PSoC Creator\warp\lib\ieee\work\stdlogic.vif'.
Linking 'C:\Program Files (x86)\Cypress\PSoC Creator\3.3\PSoC Creator\warp\lib\common\stdlogic\lpmpkg.vif'.
Linking 'C:\Program Files (x86)\Cypress\PSoC Creator\3.3\PSoC Creator\warp\lib\common\stdlogic\rtlpkg.vif'.
Linking 'C:\Program Files (x86)\Cypress\PSoC Creator\3.3\PSoC Creator\warp\lib\common\stdlogic\mod_cnst.vif'.
Linking 'C:\Program Files (x86)\Cypress\PSoC Creator\3.3\PSoC Creator\warp\lib\common\stdlogic\mod_mthv.vif'.
Linking 'C:\Program Files (x86)\Cypress\PSoC Creator\3.3\PSoC Creator\warp\lib\common\stdlogic\mod_genv.vif'.
Linking 'C:\Users\doug_000\Documents\GitHub\LB-RPPSOC\RPPSOC-Blink8.cydsn\codegentemp\RPPSOC-Blink8.ctl'.
Linking 'C:\Program Files (x86)\Cypress\PSoC Creator\3.3\PSoC Creator\psoc\content\cyprimitives\CyPrimitives.cylib\cy_constant_v1_0\cy_constant_v1_0.v'.
Linking 'C:\Users\doug_000\Documents\GitHub\LB-RPPSOC\RPPSOC-Blink8.cydsn\codegentemp\RPPSOC-Blink8.v'.
Linking 'C:\Program Files (x86)\Cypress\PSoC Creator\3.3\PSoC Creator\psoc\content\cyprimitives\CyPrimitives.cylib\cy_analog_virtualmux_v1_0\cy_analog_virtualmux_v1_0.v'.
Linking 'C:\Program Files (x86)\Cypress\PSoC Creator\3.3\PSoC Creator\psoc\content\cyprimitives\CyPrimitives.cylib\demux_v1_10\demux_v1_10.v'.
Linking 'C:\Program Files (x86)\Cypress\PSoC Creator\3.3\PSoC Creator\psoc\content\cyprimitives\CyPrimitives.cylib\cy_virtualmux_v1_0\cy_virtualmux_v1_0.v'.
Linking 'C:\Program Files (x86)\Cypress\PSoC Creator\3.3\PSoC Creator\psoc\content\cyprimitives\CyPrimitives.cylib\ZeroTerminal\ZeroTerminal.v'.
Linking 'C:\Program Files (x86)\Cypress\PSoC Creator\3.3\PSoC Creator\psoc\content\cyprimitives\CyPrimitives.cylib\or_v1_0\or_v1_0.v'.
Linking 'C:\Program Files (x86)\Cypress\PSoC Creator\3.3\PSoC Creator\psoc\content\cyprimitives\CyPrimitives.cylib\cydff_v1_30\cydff_v1_30.v'.

tovif:  No errors.


======================================================================
Compiling:  RPPSOC-Blink8.v
Program  :   topld
Options  :    -yv2 -q10 -ygs -o2 -v3 -.fftcfgtype=LE -ya -.fftprj=C:\Users\doug_000\Documents\GitHub\LB-RPPSOC\RPPSOC-Blink8.cydsn\RPPSOC-Blink8.cyprj -dcpsoc3 -verilog RPPSOC-Blink8.v
======================================================================

topld V6.3 IR 41:  Synthesis and optimization
Sat May 28 15:14:18 2016

Linking 'C:\Program Files (x86)\Cypress\PSoC Creator\3.3\PSoC Creator\warp\lib\common\std.vhd'.
Linking 'C:\Program Files (x86)\Cypress\PSoC Creator\3.3\PSoC Creator\warp\lib\common\cypress.vhd'.
Linking 'C:\Program Files (x86)\Cypress\PSoC Creator\3.3\PSoC Creator\warp\lib\common\work\cypress.vif'.
Linking 'C:\Program Files (x86)\Cypress\PSoC Creator\3.3\PSoC Creator\warp\lib\ieee\work\stdlogic.vif'.
Linking 'C:\Program Files (x86)\Cypress\PSoC Creator\3.3\PSoC Creator\warp\lib\common\stdlogic\lpmpkg.vif'.
Linking 'C:\Program Files (x86)\Cypress\PSoC Creator\3.3\PSoC Creator\warp\lib\common\stdlogic\rtlpkg.vif'.
Linking 'C:\Program Files (x86)\Cypress\PSoC Creator\3.3\PSoC Creator\warp\lib\common\stdlogic\mod_cnst.vif'.
Linking 'C:\Program Files (x86)\Cypress\PSoC Creator\3.3\PSoC Creator\warp\lib\common\stdlogic\mod_mthv.vif'.
Linking 'C:\Program Files (x86)\Cypress\PSoC Creator\3.3\PSoC Creator\warp\lib\common\stdlogic\mod_genv.vif'.
Linking 'C:\Users\doug_000\Documents\GitHub\LB-RPPSOC\RPPSOC-Blink8.cydsn\codegentemp\RPPSOC-Blink8.ctl'.
Linking 'C:\Program Files (x86)\Cypress\PSoC Creator\3.3\PSoC Creator\psoc\content\cyprimitives\CyPrimitives.cylib\cy_constant_v1_0\cy_constant_v1_0.v'.
Linking 'C:\Users\doug_000\Documents\GitHub\LB-RPPSOC\RPPSOC-Blink8.cydsn\codegentemp\RPPSOC-Blink8.v'.
Linking 'C:\Program Files (x86)\Cypress\PSoC Creator\3.3\PSoC Creator\psoc\content\cyprimitives\CyPrimitives.cylib\cy_analog_virtualmux_v1_0\cy_analog_virtualmux_v1_0.v'.
Linking 'C:\Program Files (x86)\Cypress\PSoC Creator\3.3\PSoC Creator\psoc\content\cyprimitives\CyPrimitives.cylib\demux_v1_10\demux_v1_10.v'.
Linking 'C:\Program Files (x86)\Cypress\PSoC Creator\3.3\PSoC Creator\psoc\content\cyprimitives\CyPrimitives.cylib\cy_virtualmux_v1_0\cy_virtualmux_v1_0.v'.
Linking 'C:\Program Files (x86)\Cypress\PSoC Creator\3.3\PSoC Creator\psoc\content\cyprimitives\CyPrimitives.cylib\ZeroTerminal\ZeroTerminal.v'.
Linking 'C:\Program Files (x86)\Cypress\PSoC Creator\3.3\PSoC Creator\psoc\content\cyprimitives\CyPrimitives.cylib\or_v1_0\or_v1_0.v'.
Linking 'C:\Program Files (x86)\Cypress\PSoC Creator\3.3\PSoC Creator\psoc\content\cyprimitives\CyPrimitives.cylib\cydff_v1_30\cydff_v1_30.v'.
Linking 'C:\Program Files (x86)\Cypress\PSoC Creator\3.3\PSoC Creator\warp\lib\lcpsoc3\stdlogic\cpsoc3.vif'.

----------------------------------------------------------
Detecting unused logic.
----------------------------------------------------------
    User names
	\WaveDAC8:Net_280\
	\WaveDAC8:Net_80\


Deleted 2 User equations/components.
Deleted 0 Synthesized equations/components.

------------------------------------------------------
Alias Detection
------------------------------------------------------
Aliasing one to tmpOE__LED5_4_net_0
Aliasing Net_322 to zero
Aliasing \WaveDAC8:VDAC8:Net_83\ to zero
Aliasing \WaveDAC8:VDAC8:Net_81\ to zero
Aliasing \WaveDAC8:VDAC8:Net_82\ to zero
Removing Lhs of wire one[7] = tmpOE__LED5_4_net_0[1]
Removing Lhs of wire Net_322[9] = zero[2]
Removing Rhs of wire \WaveDAC8:Net_183\[22] = \WaveDAC8:demux:tmp__demux_0_reg\[27]
Removing Rhs of wire \WaveDAC8:Net_107\[25] = \WaveDAC8:demux:tmp__demux_1_reg\[30]
Removing Rhs of wire \WaveDAC8:Net_134\[28] = \WaveDAC8:cydff_1\[40]
Removing Lhs of wire \WaveDAC8:Net_336\[29] = \WaveDAC8:Net_279\[13]
Removing Lhs of wire \WaveDAC8:VDAC8:Net_83\[32] = zero[2]
Removing Lhs of wire \WaveDAC8:VDAC8:Net_81\[33] = zero[2]
Removing Lhs of wire \WaveDAC8:VDAC8:Net_82\[34] = zero[2]
Removing Lhs of wire \WaveDAC8:cydff_1\\D\[41] = zero[2]

------------------------------------------------------
Aliased 0 equations, 10 wires.
------------------------------------------------------

----------------------------------------------------------
Circuit simplification
----------------------------------------------------------

Substituting virtuals - pass 1:


----------------------------------------------------------
Circuit simplification results:

	Expanded 0 signals.
	Turned 0 signals into soft nodes.
	Maximum default expansion cost was set at 3.
----------------------------------------------------------

topld:  No errors.

CYPRESS_DIR    : C:\Program Files (x86)\Cypress\PSoC Creator\3.3\PSoC Creator\warp
Warp Program   : C:\Program Files (x86)\Cypress\PSoC Creator\3.3\PSoC Creator\warp\bin/warp.exe
Warp Arguments : -yv2 -q10 -ygs -o2 -v3 -.fftcfgtype=LE -ya -.fftprj=C:\Users\doug_000\Documents\GitHub\LB-RPPSOC\RPPSOC-Blink8.cydsn\RPPSOC-Blink8.cyprj -dcpsoc3 RPPSOC-Blink8.v -verilog
</CYPRESSTAG>
Warp synthesis phase: Elapsed time ==> 0s.455ms
<CYPRESSTAG name="Fitter results...">
<CYPRESSTAG name="Fitter startup details...">
cyp3fit: V3.3.0.9604, Family: PSoC3, Started at: Saturday, 28 May 2016 15:14:19
Options: -yv2 -q10 -ygs -o2 -v3 -.fftcfgtype=LE -ya -.fftprj=C:\Users\doug_000\Documents\GitHub\LB-RPPSOC\RPPSOC-Blink8.cydsn\RPPSOC-Blink8.cyprj -d CY8C5267AXI-LP051 RPPSOC-Blink8.v -verilog
</CYPRESSTAG>
<CYPRESSTAG name="Design parsing">
Design parsing phase: Elapsed time ==> 0s.017ms
</CYPRESSTAG>
<CYPRESSTAG name="Tech mapping">
<CYPRESSTAG name="Initial Mapping" icon="FILE_RPT_TECHM">
    Converted constant MacroCell: \WaveDAC8:Net_134\ from registered to combinatorial
<CYPRESSTAG name="Global Clock Selection" icon="FILE_RPT_TECHM">
    Digital Clock 0: Automatic-assigning  clock 'WaveDAC8_DacClk'. Fanout=3, Signal=\WaveDAC8:Net_279\
</CYPRESSTAG>
<CYPRESSTAG name="UDB Clock/Enable Remapping Results">
</CYPRESSTAG>

Removing unused cells resulting from optimization
Done removing unused cells.
<CYPRESSTAG name="Duplicate Macrocell detection">
</CYPRESSTAG>
</CYPRESSTAG>
<CYPRESSTAG name="Duplicate Macrocell detection">
</CYPRESSTAG>
<CYPRESSTAG name="Design Equations" icon="FILE_RPT_EQUATION">

------------------------------------------------------------
Design Equations
------------------------------------------------------------
    <CYPRESSTAG name="Pin listing">

    ------------------------------------------------------------
    Pin listing
    ------------------------------------------------------------

    Pin : Name = LED5_4(0)
        Attributes:
            In Group/Port: True
            In Sync Option: AUTO
            Out Sync Option: AUTO
            Interrupt generated: False
            Interrupt mode: NONE
            Drive mode: HI_Z_ANALOG
            VTrip: EITHER
            Slew: FAST
            Input Sync needed: False
            Output Sync needed: False
            SC shield enabled: False
            POR State: ANY
            LCD Mode: COMMON
            Register Mode: RegComb
            CaSense Mode: NEITHER
            Treat as pin: True
            Is OE Registered: False
            Uses Analog: True
            Can contain Digital: False
            Is SIO: False
            SIO Output Buf: NONREGULATED
            SIO Input Buf: SINGLE_ENDED
            SIO HiFreq: LOW
            SIO Hyst: DISABLED
            SIO Vtrip: MULTIPLIER_0_5
            SIO Multiplier Index: 0
            SIO RefSel: VCC_IO
            Required Capabilitites: ANALOG
            Initial Value: 0
            IO Voltage: 0
        PORT MAP (
            pa_out => LED5_4(0)__PA ,
            analog_term => Net_326 ,
            pad => LED5_4(0)_PAD );
        Properties:
        {
        }
    </CYPRESSTAG>
    <CYPRESSTAG name="Macrocell listing" icon="FILE_RPT_EQUATION">
    </CYPRESSTAG>
    <CYPRESSTAG name="Datapath listing">
    </CYPRESSTAG>
    <CYPRESSTAG name="Status register listing">
    </CYPRESSTAG>
    <CYPRESSTAG name="StatusI register listing">
    </CYPRESSTAG>
    <CYPRESSTAG name="Sync listing">
    </CYPRESSTAG>
    <CYPRESSTAG name="Control register listing">
    </CYPRESSTAG>
    <CYPRESSTAG name="Count7 listing">
    </CYPRESSTAG>
    <CYPRESSTAG name="DRQ listing">

    ------------------------------------------------------------
    DRQ listing
    ------------------------------------------------------------

    drqcell: Name =\WaveDAC8:Wave1_DMA\
        PORT MAP (
            dmareq => \WaveDAC8:Net_279_local\ ,
            termin => zero ,
            termout => Net_354 );
        Properties:
        {
            drq_type = "10"
            num_tds = 0
        }

    drqcell: Name =\WaveDAC8:Wave2_DMA\
        PORT MAP (
            termin => zero ,
            termout => Net_355 );
        Properties:
        {
            drq_type = "10"
            num_tds = 0
        }
    </CYPRESSTAG>
    <CYPRESSTAG name="Interrupt listing">
    </CYPRESSTAG>
</CYPRESSTAG>
<CYPRESSTAG name="Technology mapping summary" expanded>

------------------------------------------------------------
Technology mapping summary
------------------------------------------------------------

Resource Type                 : Used : Free :  Max :  % Used
============================================================
Digital Clocks                :    1 :    7 :    8 : 12.50 %
Analog Clocks                 :    0 :    4 :    4 :  0.00 %
CapSense Buffers              :    0 :    2 :    2 :  0.00 %
Interrupts                    :    0 :   32 :   32 :  0.00 %
IO                            :    4 :   68 :   72 :  5.56 %
Segment LCD                   :    0 :    1 :    1 :  0.00 %
I2C                           :    0 :    1 :    1 :  0.00 %
USB                           :    0 :    1 :    1 :  0.00 %
DMA Channels                  :    2 :   22 :   24 :  8.33 %
Timer                         :    0 :    4 :    4 :  0.00 %
UDB                           :      :      :      :        
  Macrocells                  :    0 :  192 :  192 :  0.00 %
  Unique P-terms              :    0 :  384 :  384 :  0.00 %
  Total P-terms               :    0 :      :      :        
  Datapath Cells              :    0 :   24 :   24 :  0.00 %
  Status Cells                :    0 :   24 :   24 :  0.00 %
  Control Cells               :    0 :   24 :   24 :  0.00 %
Comparator                    :    0 :    2 :    2 :  0.00 %
LPF                           :    0 :    2 :    2 :  0.00 %
SAR ADC                       :    0 :    1 :    1 :  0.00 %
DAC                           :      :      :      :        
  VIDAC                       :    1 :    0 :    1 : 100.00 %
</CYPRESSTAG>
Technology Mapping: Elapsed time ==> 0s.008ms
Tech mapping phase: Elapsed time ==> 0s.134ms
</CYPRESSTAG>
<CYPRESSTAG name="Analog Placement">
Initial Analog Placement Results:
IO_4@[IOP=(5)][IoId=(4)] : LED5_4(0) (fixed)
VIDAC[0]@[FFB(VIDAC,0)] : \WaveDAC8:VDAC8:viDAC8\
Analog Placement Results:
IO_4@[IOP=(5)][IoId=(4)] : LED5_4(0) (fixed)
VIDAC[0]@[FFB(VIDAC,0)] : \WaveDAC8:VDAC8:viDAC8\

Analog Placement phase: Elapsed time ==> 0s.074ms
</CYPRESSTAG>
<CYPRESSTAG name="Analog Routing">
Analog Routing phase: Elapsed time ==> 0s.004ms
</CYPRESSTAG>
<CYPRESSTAG name="Analog Code Generation">
============ Analog Final Answer Routes ============
Dump of CyAnalogRoutingResultsDB
Map of net to items {
  Net: Net_326 {
    vidac_0_vout
    agl0_x_vidac_0_vout
    agl0
    agl0_x_agr0
    agr0
    agr0_x_p5_4
    p5_4
  }
  Net: \WaveDAC8:VDAC8:Net_77\ {
  }
}
Map of item to net {
  vidac_0_vout                                     -> Net_326
  agl0_x_vidac_0_vout                              -> Net_326
  agl0                                             -> Net_326
  agl0_x_agr0                                      -> Net_326
  agr0                                             -> Net_326
  agr0_x_p5_4                                      -> Net_326
  p5_4                                             -> Net_326
}
Mux Info {
}
Dump of CyP35AnalogRoutingResultsDB
IsVddaHalfUsedForComp = False
IsVddaHalfUsedForSar0 = False
IsVddaHalfUsedForSar1 = False
Analog Code Generation phase: Elapsed time ==> 0s.641ms
</CYPRESSTAG>
<CYPRESSTAG name="Digital Placement">
<CYPRESSTAG name="Detailed placement messages">
I2659: No Constrained paths were found. The placer will run in non-timing driven mode.
I2076: Total run-time: 0.8 sec.

</CYPRESSTAG>
<CYPRESSTAG name="PLD Packing">
<CYPRESSTAG name="PLD Packing Summary">
No PLDs were packed.
</CYPRESSTAG>
PLD Packing: Elapsed time ==> 0s.000ms
</CYPRESSTAG>
<CYPRESSTAG name="Partitioning">
<CYPRESSTAG name="Initial Partitioning Summary">
Initial Partitioning Summary not displayed at this verbose level.</CYPRESSTAG>
<CYPRESSTAG name="Final Partitioning Summary">
Final Partitioning Summary not displayed at this verbose level.</CYPRESSTAG>
Partitioning: Elapsed time ==> 0s.014ms
</CYPRESSTAG>
<CYPRESSTAG name="Simulated Annealing">
Annealing: Elapsed time ==> 0s.001ms
<CYPRESSTAG name="Simulated Annealing Results">
The seed used for moves was 114161200.
Inital cost was 10, final cost is 10 (0.00% improvement).</CYPRESSTAG>
</CYPRESSTAG>
<CYPRESSTAG name="Final Placement Summary">

------------------------------------------------------------
Final Placement Summary
------------------------------------------------------------

       Resource Type :      Count : Avg Inputs : Avg Outputs
    ========================================================
                 UDB :          0 :       0.00 :       0.00
<CYPRESSTAG name="Final Placement Details">
<CYPRESSTAG name="Component Details">

------------------------------------------------------------
Component Placement Details
------------------------------------------------------------
UDB [UDB=(0,0)] is empty.
UDB [UDB=(0,1)] is empty.
UDB [UDB=(0,2)] is empty.
UDB [UDB=(0,3)] is empty.
UDB [UDB=(0,4)] is empty.
UDB [UDB=(0,5)] is empty.
UDB [UDB=(1,0)] is empty.
UDB [UDB=(1,1)] is empty.
UDB [UDB=(1,2)] is empty.
UDB [UDB=(1,3)] is empty.
UDB [UDB=(1,4)] is empty.
UDB [UDB=(1,5)] is empty.
UDB [UDB=(2,0)] is empty.
UDB [UDB=(2,1)] is empty.
UDB [UDB=(2,2)] is empty.
UDB [UDB=(2,3)] is empty.
UDB [UDB=(2,4)] is empty.
UDB [UDB=(2,5)] is empty.
UDB [UDB=(3,0)] is empty.
UDB [UDB=(3,1)] is empty.
UDB [UDB=(3,2)] is empty.
UDB [UDB=(3,3)] is empty.
UDB [UDB=(3,4)] is empty.
UDB [UDB=(3,5)] is empty.
Intr container @ [IntrContainer=(0)]: empty
Drq container @ [DrqContainer=(0)]: 
  Dma@ [DrqContainer=(0)][DrqId=(0)] 
    drqcell: Name =\WaveDAC8:Wave1_DMA\
        PORT MAP (
            dmareq => \WaveDAC8:Net_279_local\ ,
            termin => zero ,
            termout => Net_354 );
        Properties:
        {
            drq_type = "10"
            num_tds = 0
        }
  Dma@ [DrqContainer=(0)][DrqId=(1)] 
    drqcell: Name =\WaveDAC8:Wave2_DMA\
        PORT MAP (
            termin => zero ,
            termout => Net_355 );
        Properties:
        {
            drq_type = "10"
            num_tds = 0
        }
Port 0 is empty
Port 1 is empty
Port 2 is empty
Port 3 is empty
Port 4 is empty
Port 5 contains the following IO cells:
[IoId=4]: 
Pin : Name = LED5_4(0)
    Attributes:
        In Group/Port: True
        In Sync Option: AUTO
        Out Sync Option: AUTO
        Interrupt generated: False
        Interrupt mode: NONE
        Drive mode: HI_Z_ANALOG
        VTrip: EITHER
        Slew: FAST
        Input Sync needed: False
        Output Sync needed: False
        SC shield enabled: False
        POR State: ANY
        LCD Mode: COMMON
        Register Mode: RegComb
        CaSense Mode: NEITHER
        Treat as pin: True
        Is OE Registered: False
        Uses Analog: True
        Can contain Digital: False
        Is SIO: False
        SIO Output Buf: NONREGULATED
        SIO Input Buf: SINGLE_ENDED
        SIO HiFreq: LOW
        SIO Hyst: DISABLED
        SIO Vtrip: MULTIPLIER_0_5
        SIO Multiplier Index: 0
        SIO RefSel: VCC_IO
        Required Capabilitites: ANALOG
        Initial Value: 0
        IO Voltage: 0
    PORT MAP (
        pa_out => LED5_4(0)__PA ,
        analog_term => Net_326 ,
        pad => LED5_4(0)_PAD );
    Properties:
    {
    }

Port 6 is empty
Port 12 is empty
Port 15 is empty
CAN 2.0b group 0: empty
Cache group 0: empty
CapSense group 0: empty
Clock group 0: 
    Clock Block @ F(Clock,0): 
    clockblockcell: Name =ClockBlock
        PORT MAP (
            imo => ClockBlock_IMO ,
            pllout => ClockBlock_PLL_OUT ,
            ilo => ClockBlock_ILO ,
            clk_100k => ClockBlock_100k ,
            clk_1k => ClockBlock_1k ,
            clk_32k => ClockBlock_32k ,
            xtal => ClockBlock_XTAL ,
            clk_32k_xtal => ClockBlock_XTAL_32KHZ ,
            clk_sync => ClockBlock_MASTER_CLK ,
            clk_bus_glb => ClockBlock_BUS_CLK ,
            clk_bus => ClockBlock_BUS_CLK_local ,
            dclk_glb_0 => \WaveDAC8:Net_279\ ,
            dclk_0 => \WaveDAC8:Net_279_local\ );
        Properties:
        {
        }
Comparator group 0: empty
Digital Filter Block group 0: empty
Delta-Sigma ADC group 0: empty
Decimator group 0: empty
EMIF group 0: empty
I2C group 0: empty
Segment LCD group 0: empty
LVD group 0: empty
PM group 0: empty
SPC group 0: empty
Timer group 0: empty
USB group 0: empty
VIDAC group 0: 
    VIDAC Block @ F(VIDAC,0): 
    vidaccell: Name =\WaveDAC8:VDAC8:viDAC8\
        PORT MAP (
            strobe_udb => \WaveDAC8:Net_279_local\ ,
            vout => Net_326 ,
            iout => \WaveDAC8:VDAC8:Net_77\ );
        Properties:
        {
            cy_registers = ""
            is_all_if_any = 0
            reg_data = 0
        }
CapSense Buffers group 0: empty
Vref group 0: empty
LPF group 0: empty
SAR ADC group 0: empty
</CYPRESSTAG>
<CYPRESSTAG name="Port Configuration Details">

------------------------------------------------------------
Port Configuration report
------------------------------------------------------------
     |     |       | Interrupt |                  |           | 
Port | Pin | Fixed |      Type |       Drive Mode |      Name | Connections
-----+-----+-------+-----------+------------------+-----------+----------------
   5 |   4 |     * |      NONE |      HI_Z_ANALOG | LED5_4(0) | Analog(Net_326)
-------------------------------------------------------------------------------
</CYPRESSTAG>
</CYPRESSTAG>
</CYPRESSTAG>
Digital component placer commit/Report: Elapsed time ==> 0s.001ms
Digital Placement phase: Elapsed time ==> 1s.301ms
</CYPRESSTAG>
<CYPRESSTAG name="Digital Routing">
Routing successful.
Digital Routing phase: Elapsed time ==> 1s.848ms
</CYPRESSTAG>
<CYPRESSTAG name="Bitstream and API generation">
Bitstream and API generation phase: Elapsed time ==> 0s.313ms
</CYPRESSTAG>
<CYPRESSTAG name="Bitstream verification">
Bitstream verification phase: Elapsed time ==> 0s.071ms
</CYPRESSTAG>
<CYPRESSTAG name="Static timing analysis">
Timing report is in RPPSOC-Blink8_timing.html.
Static timing analysis phase: Elapsed time ==> 0s.304ms
</CYPRESSTAG>
<CYPRESSTAG name="Data reporting">
Data reporting phase: Elapsed time ==> 0s.000ms
</CYPRESSTAG>
<CYPRESSTAG name="Database update...">
Design database save phase: Elapsed time ==> 0s.282ms
</CYPRESSTAG>
cydsfit: Elapsed time ==> 5s.022ms
</CYPRESSTAG>
Fitter phase: Elapsed time ==> 5s.093ms
API generation phase: Elapsed time ==> 1s.735ms
Dependency generation phase: Elapsed time ==> 0s.024ms
Cleanup phase: Elapsed time ==> 0s.002ms
