ARM GAS  C:\Users\HPz420\AppData\Local\Temp\ccx7kydJ.s 			page 1


   1              		.syntax unified
   2              		.cpu cortex-m3
   3              		.fpu softvfp
   4              		.eabi_attribute 20, 1
   5              		.eabi_attribute 21, 1
   6              		.eabi_attribute 23, 3
   7              		.eabi_attribute 24, 1
   8              		.eabi_attribute 25, 1
   9              		.eabi_attribute 26, 1
  10              		.eabi_attribute 30, 1
  11              		.eabi_attribute 34, 1
  12              		.eabi_attribute 18, 4
  13              		.thumb
  14              		.syntax unified
  15              		.file	"Control_Reg_1_PM.c"
  16              		.text
  17              	.Ltext0:
  18              		.cfi_sections	.debug_frame
  19              		.section	.text.Control_Reg_1_SaveConfig,"ax",%progbits
  20              		.align	2
  21              		.global	Control_Reg_1_SaveConfig
  22              		.thumb
  23              		.thumb_func
  24              		.type	Control_Reg_1_SaveConfig, %function
  25              	Control_Reg_1_SaveConfig:
  26              	.LFB0:
  27              		.file 1 "Generated_Source\\PSoC5\\Control_Reg_1_PM.c"
   1:Generated_Source\PSoC5/Control_Reg_1_PM.c **** /*******************************************************************************
   2:Generated_Source\PSoC5/Control_Reg_1_PM.c **** * File Name: Control_Reg_1_PM.c
   3:Generated_Source\PSoC5/Control_Reg_1_PM.c **** * Version 1.80
   4:Generated_Source\PSoC5/Control_Reg_1_PM.c **** *
   5:Generated_Source\PSoC5/Control_Reg_1_PM.c **** * Description:
   6:Generated_Source\PSoC5/Control_Reg_1_PM.c **** *  This file contains the setup, control, and status commands to support 
   7:Generated_Source\PSoC5/Control_Reg_1_PM.c **** *  the component operation in the low power mode. 
   8:Generated_Source\PSoC5/Control_Reg_1_PM.c **** *
   9:Generated_Source\PSoC5/Control_Reg_1_PM.c **** * Note:
  10:Generated_Source\PSoC5/Control_Reg_1_PM.c **** *
  11:Generated_Source\PSoC5/Control_Reg_1_PM.c **** ********************************************************************************
  12:Generated_Source\PSoC5/Control_Reg_1_PM.c **** * Copyright 2015, Cypress Semiconductor Corporation.  All rights reserved.
  13:Generated_Source\PSoC5/Control_Reg_1_PM.c **** * You may use this file only in accordance with the license, terms, conditions, 
  14:Generated_Source\PSoC5/Control_Reg_1_PM.c **** * disclaimers, and limitations in the end user license agreement accompanying 
  15:Generated_Source\PSoC5/Control_Reg_1_PM.c **** * the software package with which this file was provided.
  16:Generated_Source\PSoC5/Control_Reg_1_PM.c **** *******************************************************************************/
  17:Generated_Source\PSoC5/Control_Reg_1_PM.c **** 
  18:Generated_Source\PSoC5/Control_Reg_1_PM.c **** #include "Control_Reg_1.h"
  19:Generated_Source\PSoC5/Control_Reg_1_PM.c **** 
  20:Generated_Source\PSoC5/Control_Reg_1_PM.c **** /* Check for removal by optimization */
  21:Generated_Source\PSoC5/Control_Reg_1_PM.c **** #if !defined(Control_Reg_1_Sync_ctrl_reg__REMOVED)
  22:Generated_Source\PSoC5/Control_Reg_1_PM.c **** 
  23:Generated_Source\PSoC5/Control_Reg_1_PM.c **** static Control_Reg_1_BACKUP_STRUCT  Control_Reg_1_backup = {0u};
  24:Generated_Source\PSoC5/Control_Reg_1_PM.c **** 
  25:Generated_Source\PSoC5/Control_Reg_1_PM.c ****     
  26:Generated_Source\PSoC5/Control_Reg_1_PM.c **** /*******************************************************************************
  27:Generated_Source\PSoC5/Control_Reg_1_PM.c **** * Function Name: Control_Reg_1_SaveConfig
  28:Generated_Source\PSoC5/Control_Reg_1_PM.c **** ********************************************************************************
  29:Generated_Source\PSoC5/Control_Reg_1_PM.c **** *
  30:Generated_Source\PSoC5/Control_Reg_1_PM.c **** * Summary:
ARM GAS  C:\Users\HPz420\AppData\Local\Temp\ccx7kydJ.s 			page 2


  31:Generated_Source\PSoC5/Control_Reg_1_PM.c **** *  Saves the control register value.
  32:Generated_Source\PSoC5/Control_Reg_1_PM.c **** *
  33:Generated_Source\PSoC5/Control_Reg_1_PM.c **** * Parameters:
  34:Generated_Source\PSoC5/Control_Reg_1_PM.c **** *  None
  35:Generated_Source\PSoC5/Control_Reg_1_PM.c **** *
  36:Generated_Source\PSoC5/Control_Reg_1_PM.c **** * Return:
  37:Generated_Source\PSoC5/Control_Reg_1_PM.c **** *  None
  38:Generated_Source\PSoC5/Control_Reg_1_PM.c **** *
  39:Generated_Source\PSoC5/Control_Reg_1_PM.c **** *******************************************************************************/
  40:Generated_Source\PSoC5/Control_Reg_1_PM.c **** void Control_Reg_1_SaveConfig(void) 
  41:Generated_Source\PSoC5/Control_Reg_1_PM.c **** {
  28              		.loc 1 41 0
  29              		.cfi_startproc
  30              		@ args = 0, pretend = 0, frame = 0
  31              		@ frame_needed = 0, uses_anonymous_args = 0
  32              		@ link register save eliminated.
  42:Generated_Source\PSoC5/Control_Reg_1_PM.c ****     Control_Reg_1_backup.controlState = Control_Reg_1_Control;
  33              		.loc 1 42 0
  34 0000 024B     		ldr	r3, .L2
  35 0002 1A78     		ldrb	r2, [r3]	@ zero_extendqisi2
  36 0004 024B     		ldr	r3, .L2+4
  37 0006 1A70     		strb	r2, [r3]
  38 0008 7047     		bx	lr
  39              	.L3:
  40 000a 00BF     		.align	2
  41              	.L2:
  42 000c 77650040 		.word	1073767799
  43 0010 00000000 		.word	.LANCHOR0
  44              		.cfi_endproc
  45              	.LFE0:
  46              		.size	Control_Reg_1_SaveConfig, .-Control_Reg_1_SaveConfig
  47              		.section	.text.Control_Reg_1_RestoreConfig,"ax",%progbits
  48              		.align	2
  49              		.global	Control_Reg_1_RestoreConfig
  50              		.thumb
  51              		.thumb_func
  52              		.type	Control_Reg_1_RestoreConfig, %function
  53              	Control_Reg_1_RestoreConfig:
  54              	.LFB1:
  43:Generated_Source\PSoC5/Control_Reg_1_PM.c **** }
  44:Generated_Source\PSoC5/Control_Reg_1_PM.c **** 
  45:Generated_Source\PSoC5/Control_Reg_1_PM.c **** 
  46:Generated_Source\PSoC5/Control_Reg_1_PM.c **** /*******************************************************************************
  47:Generated_Source\PSoC5/Control_Reg_1_PM.c **** * Function Name: Control_Reg_1_RestoreConfig
  48:Generated_Source\PSoC5/Control_Reg_1_PM.c **** ********************************************************************************
  49:Generated_Source\PSoC5/Control_Reg_1_PM.c **** *
  50:Generated_Source\PSoC5/Control_Reg_1_PM.c **** * Summary:
  51:Generated_Source\PSoC5/Control_Reg_1_PM.c **** *  Restores the control register value.
  52:Generated_Source\PSoC5/Control_Reg_1_PM.c **** *
  53:Generated_Source\PSoC5/Control_Reg_1_PM.c **** * Parameters:
  54:Generated_Source\PSoC5/Control_Reg_1_PM.c **** *  None
  55:Generated_Source\PSoC5/Control_Reg_1_PM.c **** *
  56:Generated_Source\PSoC5/Control_Reg_1_PM.c **** * Return:
  57:Generated_Source\PSoC5/Control_Reg_1_PM.c **** *  None
  58:Generated_Source\PSoC5/Control_Reg_1_PM.c **** *
  59:Generated_Source\PSoC5/Control_Reg_1_PM.c **** *
  60:Generated_Source\PSoC5/Control_Reg_1_PM.c **** *******************************************************************************/
ARM GAS  C:\Users\HPz420\AppData\Local\Temp\ccx7kydJ.s 			page 3


  61:Generated_Source\PSoC5/Control_Reg_1_PM.c **** void Control_Reg_1_RestoreConfig(void) 
  62:Generated_Source\PSoC5/Control_Reg_1_PM.c **** {
  55              		.loc 1 62 0
  56              		.cfi_startproc
  57              		@ args = 0, pretend = 0, frame = 0
  58              		@ frame_needed = 0, uses_anonymous_args = 0
  59              		@ link register save eliminated.
  63:Generated_Source\PSoC5/Control_Reg_1_PM.c ****      Control_Reg_1_Control = Control_Reg_1_backup.controlState;
  60              		.loc 1 63 0
  61 0000 024B     		ldr	r3, .L5
  62 0002 1A78     		ldrb	r2, [r3]	@ zero_extendqisi2
  63 0004 024B     		ldr	r3, .L5+4
  64 0006 1A70     		strb	r2, [r3]
  65 0008 7047     		bx	lr
  66              	.L6:
  67 000a 00BF     		.align	2
  68              	.L5:
  69 000c 00000000 		.word	.LANCHOR0
  70 0010 77650040 		.word	1073767799
  71              		.cfi_endproc
  72              	.LFE1:
  73              		.size	Control_Reg_1_RestoreConfig, .-Control_Reg_1_RestoreConfig
  74              		.section	.text.Control_Reg_1_Sleep,"ax",%progbits
  75              		.align	2
  76              		.global	Control_Reg_1_Sleep
  77              		.thumb
  78              		.thumb_func
  79              		.type	Control_Reg_1_Sleep, %function
  80              	Control_Reg_1_Sleep:
  81              	.LFB2:
  64:Generated_Source\PSoC5/Control_Reg_1_PM.c **** }
  65:Generated_Source\PSoC5/Control_Reg_1_PM.c **** 
  66:Generated_Source\PSoC5/Control_Reg_1_PM.c **** 
  67:Generated_Source\PSoC5/Control_Reg_1_PM.c **** /*******************************************************************************
  68:Generated_Source\PSoC5/Control_Reg_1_PM.c **** * Function Name: Control_Reg_1_Sleep
  69:Generated_Source\PSoC5/Control_Reg_1_PM.c **** ********************************************************************************
  70:Generated_Source\PSoC5/Control_Reg_1_PM.c **** *
  71:Generated_Source\PSoC5/Control_Reg_1_PM.c **** * Summary:
  72:Generated_Source\PSoC5/Control_Reg_1_PM.c **** *  Prepares the component for entering the low power mode.
  73:Generated_Source\PSoC5/Control_Reg_1_PM.c **** *
  74:Generated_Source\PSoC5/Control_Reg_1_PM.c **** * Parameters:
  75:Generated_Source\PSoC5/Control_Reg_1_PM.c **** *  None
  76:Generated_Source\PSoC5/Control_Reg_1_PM.c **** *
  77:Generated_Source\PSoC5/Control_Reg_1_PM.c **** * Return:
  78:Generated_Source\PSoC5/Control_Reg_1_PM.c **** *  None
  79:Generated_Source\PSoC5/Control_Reg_1_PM.c **** *
  80:Generated_Source\PSoC5/Control_Reg_1_PM.c **** *******************************************************************************/
  81:Generated_Source\PSoC5/Control_Reg_1_PM.c **** void Control_Reg_1_Sleep(void) 
  82:Generated_Source\PSoC5/Control_Reg_1_PM.c **** {
  82              		.loc 1 82 0
  83              		.cfi_startproc
  84              		@ args = 0, pretend = 0, frame = 0
  85              		@ frame_needed = 0, uses_anonymous_args = 0
  86 0000 08B5     		push	{r3, lr}
  87              		.cfi_def_cfa_offset 8
  88              		.cfi_offset 3, -8
  89              		.cfi_offset 14, -4
ARM GAS  C:\Users\HPz420\AppData\Local\Temp\ccx7kydJ.s 			page 4


  83:Generated_Source\PSoC5/Control_Reg_1_PM.c ****     Control_Reg_1_SaveConfig();
  90              		.loc 1 83 0
  91 0002 FFF7FEFF 		bl	Control_Reg_1_SaveConfig
  92              	.LVL0:
  93 0006 08BD     		pop	{r3, pc}
  94              		.cfi_endproc
  95              	.LFE2:
  96              		.size	Control_Reg_1_Sleep, .-Control_Reg_1_Sleep
  97              		.section	.text.Control_Reg_1_Wakeup,"ax",%progbits
  98              		.align	2
  99              		.global	Control_Reg_1_Wakeup
 100              		.thumb
 101              		.thumb_func
 102              		.type	Control_Reg_1_Wakeup, %function
 103              	Control_Reg_1_Wakeup:
 104              	.LFB3:
  84:Generated_Source\PSoC5/Control_Reg_1_PM.c **** }
  85:Generated_Source\PSoC5/Control_Reg_1_PM.c **** 
  86:Generated_Source\PSoC5/Control_Reg_1_PM.c **** 
  87:Generated_Source\PSoC5/Control_Reg_1_PM.c **** /*******************************************************************************
  88:Generated_Source\PSoC5/Control_Reg_1_PM.c **** * Function Name: Control_Reg_1_Wakeup
  89:Generated_Source\PSoC5/Control_Reg_1_PM.c **** ********************************************************************************
  90:Generated_Source\PSoC5/Control_Reg_1_PM.c **** *
  91:Generated_Source\PSoC5/Control_Reg_1_PM.c **** * Summary:
  92:Generated_Source\PSoC5/Control_Reg_1_PM.c **** *  Restores the component after waking up from the low power mode.
  93:Generated_Source\PSoC5/Control_Reg_1_PM.c **** *
  94:Generated_Source\PSoC5/Control_Reg_1_PM.c **** * Parameters:
  95:Generated_Source\PSoC5/Control_Reg_1_PM.c **** *  None
  96:Generated_Source\PSoC5/Control_Reg_1_PM.c **** *
  97:Generated_Source\PSoC5/Control_Reg_1_PM.c **** * Return:
  98:Generated_Source\PSoC5/Control_Reg_1_PM.c **** *  None
  99:Generated_Source\PSoC5/Control_Reg_1_PM.c **** *
 100:Generated_Source\PSoC5/Control_Reg_1_PM.c **** *******************************************************************************/
 101:Generated_Source\PSoC5/Control_Reg_1_PM.c **** void Control_Reg_1_Wakeup(void)  
 102:Generated_Source\PSoC5/Control_Reg_1_PM.c **** {
 105              		.loc 1 102 0
 106              		.cfi_startproc
 107              		@ args = 0, pretend = 0, frame = 0
 108              		@ frame_needed = 0, uses_anonymous_args = 0
 109 0000 08B5     		push	{r3, lr}
 110              		.cfi_def_cfa_offset 8
 111              		.cfi_offset 3, -8
 112              		.cfi_offset 14, -4
 103:Generated_Source\PSoC5/Control_Reg_1_PM.c ****     Control_Reg_1_RestoreConfig();
 113              		.loc 1 103 0
 114 0002 FFF7FEFF 		bl	Control_Reg_1_RestoreConfig
 115              	.LVL1:
 116 0006 08BD     		pop	{r3, pc}
 117              		.cfi_endproc
 118              	.LFE3:
 119              		.size	Control_Reg_1_Wakeup, .-Control_Reg_1_Wakeup
 120              		.bss
 121              		.align	2
 122              		.set	.LANCHOR0,. + 0
 123              		.type	Control_Reg_1_backup, %object
 124              		.size	Control_Reg_1_backup, 1
 125              	Control_Reg_1_backup:
ARM GAS  C:\Users\HPz420\AppData\Local\Temp\ccx7kydJ.s 			page 5


 126 0000 00       		.space	1
 127              		.text
 128              	.Letext0:
 129              		.file 2 "Generated_Source\\PSoC5\\cytypes.h"
 130              		.file 3 "Generated_Source\\PSoC5\\Control_Reg_1.h"
 131              		.section	.debug_info,"",%progbits
 132              	.Ldebug_info0:
 133 0000 2A010000 		.4byte	0x12a
 134 0004 0400     		.2byte	0x4
 135 0006 00000000 		.4byte	.Ldebug_abbrev0
 136 000a 04       		.byte	0x4
 137 000b 01       		.uleb128 0x1
 138 000c BC000000 		.4byte	.LASF19
 139 0010 0C       		.byte	0xc
 140 0011 19020000 		.4byte	.LASF20
 141 0015 46000000 		.4byte	.LASF21
 142 0019 00000000 		.4byte	.Ldebug_ranges0+0
 143 001d 00000000 		.4byte	0
 144 0021 00000000 		.4byte	.Ldebug_line0
 145 0025 02       		.uleb128 0x2
 146 0026 01       		.byte	0x1
 147 0027 06       		.byte	0x6
 148 0028 0D020000 		.4byte	.LASF0
 149 002c 02       		.uleb128 0x2
 150 002d 01       		.byte	0x1
 151 002e 08       		.byte	0x8
 152 002f AE000000 		.4byte	.LASF1
 153 0033 02       		.uleb128 0x2
 154 0034 02       		.byte	0x2
 155 0035 05       		.byte	0x5
 156 0036 D8010000 		.4byte	.LASF2
 157 003a 02       		.uleb128 0x2
 158 003b 02       		.byte	0x2
 159 003c 07       		.byte	0x7
 160 003d 61010000 		.4byte	.LASF3
 161 0041 02       		.uleb128 0x2
 162 0042 04       		.byte	0x4
 163 0043 05       		.byte	0x5
 164 0044 04020000 		.4byte	.LASF4
 165 0048 02       		.uleb128 0x2
 166 0049 04       		.byte	0x4
 167 004a 07       		.byte	0x7
 168 004b 4F010000 		.4byte	.LASF5
 169 004f 02       		.uleb128 0x2
 170 0050 08       		.byte	0x8
 171 0051 05       		.byte	0x5
 172 0052 C5010000 		.4byte	.LASF6
 173 0056 02       		.uleb128 0x2
 174 0057 08       		.byte	0x8
 175 0058 07       		.byte	0x7
 176 0059 95010000 		.4byte	.LASF7
 177 005d 03       		.uleb128 0x3
 178 005e 04       		.byte	0x4
 179 005f 05       		.byte	0x5
 180 0060 696E7400 		.ascii	"int\000"
 181 0064 02       		.uleb128 0x2
 182 0065 04       		.byte	0x4
ARM GAS  C:\Users\HPz420\AppData\Local\Temp\ccx7kydJ.s 			page 6


 183 0066 07       		.byte	0x7
 184 0067 88010000 		.4byte	.LASF8
 185 006b 04       		.uleb128 0x4
 186 006c E2010000 		.4byte	.LASF12
 187 0070 02       		.byte	0x2
 188 0071 C2       		.byte	0xc2
 189 0072 2C000000 		.4byte	0x2c
 190 0076 02       		.uleb128 0x2
 191 0077 04       		.byte	0x4
 192 0078 04       		.byte	0x4
 193 0079 A8000000 		.4byte	.LASF9
 194 007d 02       		.uleb128 0x2
 195 007e 08       		.byte	0x8
 196 007f 04       		.byte	0x4
 197 0080 81010000 		.4byte	.LASF10
 198 0084 02       		.uleb128 0x2
 199 0085 01       		.byte	0x1
 200 0086 08       		.byte	0x8
 201 0087 D3010000 		.4byte	.LASF11
 202 008b 05       		.uleb128 0x5
 203 008c 4A010000 		.4byte	.LASF13
 204 0090 02       		.byte	0x2
 205 0091 6C01     		.2byte	0x16c
 206 0093 97000000 		.4byte	0x97
 207 0097 06       		.uleb128 0x6
 208 0098 6B000000 		.4byte	0x6b
 209 009c 07       		.uleb128 0x7
 210 009d 01       		.byte	0x1
 211 009e 03       		.byte	0x3
 212 009f 24       		.byte	0x24
 213 00a0 B1000000 		.4byte	0xb1
 214 00a4 08       		.uleb128 0x8
 215 00a5 74010000 		.4byte	.LASF22
 216 00a9 03       		.byte	0x3
 217 00aa 26       		.byte	0x26
 218 00ab 6B000000 		.4byte	0x6b
 219 00af 00       		.byte	0
 220 00b0 00       		.byte	0
 221 00b1 04       		.uleb128 0x4
 222 00b2 E8010000 		.4byte	.LASF14
 223 00b6 03       		.byte	0x3
 224 00b7 28       		.byte	0x28
 225 00b8 9C000000 		.4byte	0x9c
 226 00bc 09       		.uleb128 0x9
 227 00bd AC010000 		.4byte	.LASF15
 228 00c1 01       		.byte	0x1
 229 00c2 28       		.byte	0x28
 230 00c3 00000000 		.4byte	.LFB0
 231 00c7 14000000 		.4byte	.LFE0-.LFB0
 232 00cb 01       		.uleb128 0x1
 233 00cc 9C       		.byte	0x9c
 234 00cd 09       		.uleb128 0x9
 235 00ce 15000000 		.4byte	.LASF16
 236 00d2 01       		.byte	0x1
 237 00d3 3D       		.byte	0x3d
 238 00d4 00000000 		.4byte	.LFB1
 239 00d8 14000000 		.4byte	.LFE1-.LFB1
ARM GAS  C:\Users\HPz420\AppData\Local\Temp\ccx7kydJ.s 			page 7


 240 00dc 01       		.uleb128 0x1
 241 00dd 9C       		.byte	0x9c
 242 00de 0A       		.uleb128 0xa
 243 00df 94000000 		.4byte	.LASF17
 244 00e3 01       		.byte	0x1
 245 00e4 51       		.byte	0x51
 246 00e5 00000000 		.4byte	.LFB2
 247 00e9 08000000 		.4byte	.LFE2-.LFB2
 248 00ed 01       		.uleb128 0x1
 249 00ee 9C       		.byte	0x9c
 250 00ef FD000000 		.4byte	0xfd
 251 00f3 0B       		.uleb128 0xb
 252 00f4 06000000 		.4byte	.LVL0
 253 00f8 BC000000 		.4byte	0xbc
 254 00fc 00       		.byte	0
 255 00fd 0A       		.uleb128 0xa
 256 00fe 31000000 		.4byte	.LASF18
 257 0102 01       		.byte	0x1
 258 0103 65       		.byte	0x65
 259 0104 00000000 		.4byte	.LFB3
 260 0108 08000000 		.4byte	.LFE3-.LFB3
 261 010c 01       		.uleb128 0x1
 262 010d 9C       		.byte	0x9c
 263 010e 1C010000 		.4byte	0x11c
 264 0112 0B       		.uleb128 0xb
 265 0113 06000000 		.4byte	.LVL1
 266 0117 CD000000 		.4byte	0xcd
 267 011b 00       		.byte	0
 268 011c 0C       		.uleb128 0xc
 269 011d 00000000 		.4byte	.LASF23
 270 0121 01       		.byte	0x1
 271 0122 17       		.byte	0x17
 272 0123 B1000000 		.4byte	0xb1
 273 0127 05       		.uleb128 0x5
 274 0128 03       		.byte	0x3
 275 0129 00000000 		.4byte	Control_Reg_1_backup
 276 012d 00       		.byte	0
 277              		.section	.debug_abbrev,"",%progbits
 278              	.Ldebug_abbrev0:
 279 0000 01       		.uleb128 0x1
 280 0001 11       		.uleb128 0x11
 281 0002 01       		.byte	0x1
 282 0003 25       		.uleb128 0x25
 283 0004 0E       		.uleb128 0xe
 284 0005 13       		.uleb128 0x13
 285 0006 0B       		.uleb128 0xb
 286 0007 03       		.uleb128 0x3
 287 0008 0E       		.uleb128 0xe
 288 0009 1B       		.uleb128 0x1b
 289 000a 0E       		.uleb128 0xe
 290 000b 55       		.uleb128 0x55
 291 000c 17       		.uleb128 0x17
 292 000d 11       		.uleb128 0x11
 293 000e 01       		.uleb128 0x1
 294 000f 10       		.uleb128 0x10
 295 0010 17       		.uleb128 0x17
 296 0011 00       		.byte	0
ARM GAS  C:\Users\HPz420\AppData\Local\Temp\ccx7kydJ.s 			page 8


 297 0012 00       		.byte	0
 298 0013 02       		.uleb128 0x2
 299 0014 24       		.uleb128 0x24
 300 0015 00       		.byte	0
 301 0016 0B       		.uleb128 0xb
 302 0017 0B       		.uleb128 0xb
 303 0018 3E       		.uleb128 0x3e
 304 0019 0B       		.uleb128 0xb
 305 001a 03       		.uleb128 0x3
 306 001b 0E       		.uleb128 0xe
 307 001c 00       		.byte	0
 308 001d 00       		.byte	0
 309 001e 03       		.uleb128 0x3
 310 001f 24       		.uleb128 0x24
 311 0020 00       		.byte	0
 312 0021 0B       		.uleb128 0xb
 313 0022 0B       		.uleb128 0xb
 314 0023 3E       		.uleb128 0x3e
 315 0024 0B       		.uleb128 0xb
 316 0025 03       		.uleb128 0x3
 317 0026 08       		.uleb128 0x8
 318 0027 00       		.byte	0
 319 0028 00       		.byte	0
 320 0029 04       		.uleb128 0x4
 321 002a 16       		.uleb128 0x16
 322 002b 00       		.byte	0
 323 002c 03       		.uleb128 0x3
 324 002d 0E       		.uleb128 0xe
 325 002e 3A       		.uleb128 0x3a
 326 002f 0B       		.uleb128 0xb
 327 0030 3B       		.uleb128 0x3b
 328 0031 0B       		.uleb128 0xb
 329 0032 49       		.uleb128 0x49
 330 0033 13       		.uleb128 0x13
 331 0034 00       		.byte	0
 332 0035 00       		.byte	0
 333 0036 05       		.uleb128 0x5
 334 0037 16       		.uleb128 0x16
 335 0038 00       		.byte	0
 336 0039 03       		.uleb128 0x3
 337 003a 0E       		.uleb128 0xe
 338 003b 3A       		.uleb128 0x3a
 339 003c 0B       		.uleb128 0xb
 340 003d 3B       		.uleb128 0x3b
 341 003e 05       		.uleb128 0x5
 342 003f 49       		.uleb128 0x49
 343 0040 13       		.uleb128 0x13
 344 0041 00       		.byte	0
 345 0042 00       		.byte	0
 346 0043 06       		.uleb128 0x6
 347 0044 35       		.uleb128 0x35
 348 0045 00       		.byte	0
 349 0046 49       		.uleb128 0x49
 350 0047 13       		.uleb128 0x13
 351 0048 00       		.byte	0
 352 0049 00       		.byte	0
 353 004a 07       		.uleb128 0x7
ARM GAS  C:\Users\HPz420\AppData\Local\Temp\ccx7kydJ.s 			page 9


 354 004b 13       		.uleb128 0x13
 355 004c 01       		.byte	0x1
 356 004d 0B       		.uleb128 0xb
 357 004e 0B       		.uleb128 0xb
 358 004f 3A       		.uleb128 0x3a
 359 0050 0B       		.uleb128 0xb
 360 0051 3B       		.uleb128 0x3b
 361 0052 0B       		.uleb128 0xb
 362 0053 01       		.uleb128 0x1
 363 0054 13       		.uleb128 0x13
 364 0055 00       		.byte	0
 365 0056 00       		.byte	0
 366 0057 08       		.uleb128 0x8
 367 0058 0D       		.uleb128 0xd
 368 0059 00       		.byte	0
 369 005a 03       		.uleb128 0x3
 370 005b 0E       		.uleb128 0xe
 371 005c 3A       		.uleb128 0x3a
 372 005d 0B       		.uleb128 0xb
 373 005e 3B       		.uleb128 0x3b
 374 005f 0B       		.uleb128 0xb
 375 0060 49       		.uleb128 0x49
 376 0061 13       		.uleb128 0x13
 377 0062 38       		.uleb128 0x38
 378 0063 0B       		.uleb128 0xb
 379 0064 00       		.byte	0
 380 0065 00       		.byte	0
 381 0066 09       		.uleb128 0x9
 382 0067 2E       		.uleb128 0x2e
 383 0068 00       		.byte	0
 384 0069 3F       		.uleb128 0x3f
 385 006a 19       		.uleb128 0x19
 386 006b 03       		.uleb128 0x3
 387 006c 0E       		.uleb128 0xe
 388 006d 3A       		.uleb128 0x3a
 389 006e 0B       		.uleb128 0xb
 390 006f 3B       		.uleb128 0x3b
 391 0070 0B       		.uleb128 0xb
 392 0071 27       		.uleb128 0x27
 393 0072 19       		.uleb128 0x19
 394 0073 11       		.uleb128 0x11
 395 0074 01       		.uleb128 0x1
 396 0075 12       		.uleb128 0x12
 397 0076 06       		.uleb128 0x6
 398 0077 40       		.uleb128 0x40
 399 0078 18       		.uleb128 0x18
 400 0079 9742     		.uleb128 0x2117
 401 007b 19       		.uleb128 0x19
 402 007c 00       		.byte	0
 403 007d 00       		.byte	0
 404 007e 0A       		.uleb128 0xa
 405 007f 2E       		.uleb128 0x2e
 406 0080 01       		.byte	0x1
 407 0081 3F       		.uleb128 0x3f
 408 0082 19       		.uleb128 0x19
 409 0083 03       		.uleb128 0x3
 410 0084 0E       		.uleb128 0xe
ARM GAS  C:\Users\HPz420\AppData\Local\Temp\ccx7kydJ.s 			page 10


 411 0085 3A       		.uleb128 0x3a
 412 0086 0B       		.uleb128 0xb
 413 0087 3B       		.uleb128 0x3b
 414 0088 0B       		.uleb128 0xb
 415 0089 27       		.uleb128 0x27
 416 008a 19       		.uleb128 0x19
 417 008b 11       		.uleb128 0x11
 418 008c 01       		.uleb128 0x1
 419 008d 12       		.uleb128 0x12
 420 008e 06       		.uleb128 0x6
 421 008f 40       		.uleb128 0x40
 422 0090 18       		.uleb128 0x18
 423 0091 9742     		.uleb128 0x2117
 424 0093 19       		.uleb128 0x19
 425 0094 01       		.uleb128 0x1
 426 0095 13       		.uleb128 0x13
 427 0096 00       		.byte	0
 428 0097 00       		.byte	0
 429 0098 0B       		.uleb128 0xb
 430 0099 898201   		.uleb128 0x4109
 431 009c 00       		.byte	0
 432 009d 11       		.uleb128 0x11
 433 009e 01       		.uleb128 0x1
 434 009f 31       		.uleb128 0x31
 435 00a0 13       		.uleb128 0x13
 436 00a1 00       		.byte	0
 437 00a2 00       		.byte	0
 438 00a3 0C       		.uleb128 0xc
 439 00a4 34       		.uleb128 0x34
 440 00a5 00       		.byte	0
 441 00a6 03       		.uleb128 0x3
 442 00a7 0E       		.uleb128 0xe
 443 00a8 3A       		.uleb128 0x3a
 444 00a9 0B       		.uleb128 0xb
 445 00aa 3B       		.uleb128 0x3b
 446 00ab 0B       		.uleb128 0xb
 447 00ac 49       		.uleb128 0x49
 448 00ad 13       		.uleb128 0x13
 449 00ae 02       		.uleb128 0x2
 450 00af 18       		.uleb128 0x18
 451 00b0 00       		.byte	0
 452 00b1 00       		.byte	0
 453 00b2 00       		.byte	0
 454              		.section	.debug_aranges,"",%progbits
 455 0000 34000000 		.4byte	0x34
 456 0004 0200     		.2byte	0x2
 457 0006 00000000 		.4byte	.Ldebug_info0
 458 000a 04       		.byte	0x4
 459 000b 00       		.byte	0
 460 000c 0000     		.2byte	0
 461 000e 0000     		.2byte	0
 462 0010 00000000 		.4byte	.LFB0
 463 0014 14000000 		.4byte	.LFE0-.LFB0
 464 0018 00000000 		.4byte	.LFB1
 465 001c 14000000 		.4byte	.LFE1-.LFB1
 466 0020 00000000 		.4byte	.LFB2
 467 0024 08000000 		.4byte	.LFE2-.LFB2
ARM GAS  C:\Users\HPz420\AppData\Local\Temp\ccx7kydJ.s 			page 11


 468 0028 00000000 		.4byte	.LFB3
 469 002c 08000000 		.4byte	.LFE3-.LFB3
 470 0030 00000000 		.4byte	0
 471 0034 00000000 		.4byte	0
 472              		.section	.debug_ranges,"",%progbits
 473              	.Ldebug_ranges0:
 474 0000 00000000 		.4byte	.LFB0
 475 0004 14000000 		.4byte	.LFE0
 476 0008 00000000 		.4byte	.LFB1
 477 000c 14000000 		.4byte	.LFE1
 478 0010 00000000 		.4byte	.LFB2
 479 0014 08000000 		.4byte	.LFE2
 480 0018 00000000 		.4byte	.LFB3
 481 001c 08000000 		.4byte	.LFE3
 482 0020 00000000 		.4byte	0
 483 0024 00000000 		.4byte	0
 484              		.section	.debug_line,"",%progbits
 485              	.Ldebug_line0:
 486 0000 A8000000 		.section	.debug_str,"MS",%progbits,1
 486      02006000 
 486      00000201 
 486      FB0E0D00 
 486      01010101 
 487              	.LASF23:
 488 0000 436F6E74 		.ascii	"Control_Reg_1_backup\000"
 488      726F6C5F 
 488      5265675F 
 488      315F6261 
 488      636B7570 
 489              	.LASF16:
 490 0015 436F6E74 		.ascii	"Control_Reg_1_RestoreConfig\000"
 490      726F6C5F 
 490      5265675F 
 490      315F5265 
 490      73746F72 
 491              	.LASF18:
 492 0031 436F6E74 		.ascii	"Control_Reg_1_Wakeup\000"
 492      726F6C5F 
 492      5265675F 
 492      315F5761 
 492      6B657570 
 493              	.LASF21:
 494 0046 433A5C55 		.ascii	"C:\\Users\\HPz420\\Documents\\GitHub\\land-boards\\"
 494      73657273 
 494      5C48507A 
 494      3432305C 
 494      446F6375 
 495 0073 4C422D52 		.ascii	"LB-RPPSOC\\RPPSOC-FAT-Chain.cydsn\000"
 495      5050534F 
 495      435C5250 
 495      50534F43 
 495      2D464154 
 496              	.LASF17:
 497 0094 436F6E74 		.ascii	"Control_Reg_1_Sleep\000"
 497      726F6C5F 
 497      5265675F 
 497      315F536C 
ARM GAS  C:\Users\HPz420\AppData\Local\Temp\ccx7kydJ.s 			page 12


 497      65657000 
 498              	.LASF9:
 499 00a8 666C6F61 		.ascii	"float\000"
 499      7400
 500              	.LASF1:
 501 00ae 756E7369 		.ascii	"unsigned char\000"
 501      676E6564 
 501      20636861 
 501      7200
 502              	.LASF19:
 503 00bc 474E5520 		.ascii	"GNU C11 5.4.1 20160609 (release) [ARM/embedded-5-br"
 503      43313120 
 503      352E342E 
 503      31203230 
 503      31363036 
 504 00ef 616E6368 		.ascii	"anch revision 237715] -mcpu=cortex-m3 -mthumb -g -O"
 504      20726576 
 504      6973696F 
 504      6E203233 
 504      37373135 
 505 0122 67202D66 		.ascii	"g -ffunction-sections -ffat-lto-objects\000"
 505      66756E63 
 505      74696F6E 
 505      2D736563 
 505      74696F6E 
 506              	.LASF13:
 507 014a 72656738 		.ascii	"reg8\000"
 507      00
 508              	.LASF5:
 509 014f 6C6F6E67 		.ascii	"long unsigned int\000"
 509      20756E73 
 509      69676E65 
 509      6420696E 
 509      7400
 510              	.LASF3:
 511 0161 73686F72 		.ascii	"short unsigned int\000"
 511      7420756E 
 511      7369676E 
 511      65642069 
 511      6E7400
 512              	.LASF22:
 513 0174 636F6E74 		.ascii	"controlState\000"
 513      726F6C53 
 513      74617465 
 513      00
 514              	.LASF10:
 515 0181 646F7562 		.ascii	"double\000"
 515      6C6500
 516              	.LASF8:
 517 0188 756E7369 		.ascii	"unsigned int\000"
 517      676E6564 
 517      20696E74 
 517      00
 518              	.LASF7:
 519 0195 6C6F6E67 		.ascii	"long long unsigned int\000"
 519      206C6F6E 
 519      6720756E 
ARM GAS  C:\Users\HPz420\AppData\Local\Temp\ccx7kydJ.s 			page 13


 519      7369676E 
 519      65642069 
 520              	.LASF15:
 521 01ac 436F6E74 		.ascii	"Control_Reg_1_SaveConfig\000"
 521      726F6C5F 
 521      5265675F 
 521      315F5361 
 521      7665436F 
 522              	.LASF6:
 523 01c5 6C6F6E67 		.ascii	"long long int\000"
 523      206C6F6E 
 523      6720696E 
 523      7400
 524              	.LASF11:
 525 01d3 63686172 		.ascii	"char\000"
 525      00
 526              	.LASF2:
 527 01d8 73686F72 		.ascii	"short int\000"
 527      7420696E 
 527      7400
 528              	.LASF12:
 529 01e2 75696E74 		.ascii	"uint8\000"
 529      3800
 530              	.LASF14:
 531 01e8 436F6E74 		.ascii	"Control_Reg_1_BACKUP_STRUCT\000"
 531      726F6C5F 
 531      5265675F 
 531      315F4241 
 531      434B5550 
 532              	.LASF4:
 533 0204 6C6F6E67 		.ascii	"long int\000"
 533      20696E74 
 533      00
 534              	.LASF0:
 535 020d 7369676E 		.ascii	"signed char\000"
 535      65642063 
 535      68617200 
 536              	.LASF20:
 537 0219 47656E65 		.ascii	"Generated_Source\\PSoC5\\Control_Reg_1_PM.c\000"
 537      72617465 
 537      645F536F 
 537      75726365 
 537      5C50536F 
 538              		.ident	"GCC: (GNU Tools for ARM Embedded Processors) 5.4.1 20160609 (release) [ARM/embedded-5-bran
