ARM GAS  C:\Users\HPz420\AppData\Local\Temp\cch0pyqk.s 			page 1


   1              		.syntax unified
   2              		.cpu cortex-m3
   3              		.fpu softvfp
   4              		.eabi_attribute 20, 1
   5              		.eabi_attribute 21, 1
   6              		.eabi_attribute 23, 3
   7              		.eabi_attribute 24, 1
   8              		.eabi_attribute 25, 1
   9              		.eabi_attribute 26, 1
  10              		.eabi_attribute 30, 1
  11              		.eabi_attribute 34, 1
  12              		.eabi_attribute 18, 4
  13              		.thumb
  14              		.syntax unified
  15              		.file	"cymetadata.c"
  16              		.text
  17              	.Ltext0:
  18              		.cfi_sections	.debug_frame
  19              		.global	cy_metadata
  20              		.global	cy_meta_flashprotect
  21              		.global	cy_meta_wonvl
  22              		.global	cy_meta_custnvl
  23              		.global	cy_meta_configecc
  24              		.section	.cyconfigecc,"a",%progbits
  25              		.align	2
  26              		.type	cy_meta_configecc, %object
  27              		.size	cy_meta_configecc, 1320
  28              	cy_meta_configecc:
  29 0000 11       		.byte	17
  30 0001 52       		.byte	82
  31 0002 00       		.byte	0
  32 0003 40       		.byte	64
  33 0004 01       		.byte	1
  34 0005 03       		.byte	3
  35 0006 01       		.byte	1
  36 0007 40       		.byte	64
  37 0008 3B       		.byte	59
  38 0009 04       		.byte	4
  39 000a 01       		.byte	1
  40 000b 40       		.byte	64
  41 000c 32       		.byte	50
  42 000d 05       		.byte	5
  43 000e 01       		.byte	1
  44 000f 40       		.byte	64
  45 0010 33       		.byte	51
  46 0011 06       		.byte	6
  47 0012 01       		.byte	1
  48 0013 40       		.byte	64
  49 0014 37       		.byte	55
  50 0015 07       		.byte	7
  51 0016 01       		.byte	1
  52 0017 40       		.byte	64
  53 0018 0D       		.byte	13
  54 0019 15       		.byte	21
  55 001a 01       		.byte	1
  56 001b 40       		.byte	64
  57 001c 37       		.byte	55
ARM GAS  C:\Users\HPz420\AppData\Local\Temp\cch0pyqk.s 			page 2


  58 001d 16       		.byte	22
  59 001e 01       		.byte	1
  60 001f 40       		.byte	64
  61 0020 37       		.byte	55
  62 0021 17       		.byte	23
  63 0022 01       		.byte	1
  64 0023 40       		.byte	64
  65 0024 01       		.byte	1
  66 0025 19       		.byte	25
  67 0026 01       		.byte	1
  68 0027 40       		.byte	64
  69 0028 01       		.byte	1
  70 0029 1B       		.byte	27
  71 002a 01       		.byte	1
  72 002b 40       		.byte	64
  73 002c 09       		.byte	9
  74 002d 40       		.byte	64
  75 002e 01       		.byte	1
  76 002f 40       		.byte	64
  77 0030 11       		.byte	17
  78 0031 41       		.byte	65
  79 0032 01       		.byte	1
  80 0033 40       		.byte	64
  81 0034 17       		.byte	23
  82 0035 42       		.byte	66
  83 0036 01       		.byte	1
  84 0037 40       		.byte	64
  85 0038 16       		.byte	22
  86 0039 43       		.byte	67
  87 003a 01       		.byte	1
  88 003b 40       		.byte	64
  89 003c 0D       		.byte	13
  90 003d 44       		.byte	68
  91 003e 01       		.byte	1
  92 003f 40       		.byte	64
  93 0040 10       		.byte	16
  94 0041 45       		.byte	69
  95 0042 01       		.byte	1
  96 0043 40       		.byte	64
  97 0044 05       		.byte	5
  98 0045 46       		.byte	70
  99 0046 01       		.byte	1
 100 0047 40       		.byte	64
 101 0048 05       		.byte	5
 102 0049 47       		.byte	71
 103 004a 01       		.byte	1
 104 004b 40       		.byte	64
 105 004c 17       		.byte	23
 106 004d 48       		.byte	72
 107 004e 01       		.byte	1
 108 004f 40       		.byte	64
 109 0050 1D       		.byte	29
 110 0051 49       		.byte	73
 111 0052 01       		.byte	1
 112 0053 40       		.byte	64
 113 0054 11       		.byte	17
 114 0055 4C       		.byte	76
ARM GAS  C:\Users\HPz420\AppData\Local\Temp\cch0pyqk.s 			page 3


 115 0056 01       		.byte	1
 116 0057 40       		.byte	64
 117 0058 14       		.byte	20
 118 0059 4D       		.byte	77
 119 005a 01       		.byte	1
 120 005b 40       		.byte	64
 121 005c 02       		.byte	2
 122 005d 50       		.byte	80
 123 005e 01       		.byte	1
 124 005f 40       		.byte	64
 125 0060 01       		.byte	1
 126 0061 51       		.byte	81
 127 0062 01       		.byte	1
 128 0063 40       		.byte	64
 129 0064 00       		.byte	0
 130 0065 C3       		.byte	-61
 131 0066 01       		.byte	1
 132 0067 59       		.byte	89
 133 0068 0C       		.byte	12
 134 0069 E0       		.byte	-32
 135 006a 10       		.byte	16
 136 006b 3C       		.byte	60
 137 006c 11       		.byte	17
 138 006d 66       		.byte	102
 139 006e 14       		.byte	20
 140 006f 81       		.byte	-127
 141 0070 18       		.byte	24
 142 0071 95       		.byte	-107
 143 0072 19       		.byte	25
 144 0073 C3       		.byte	-61
 145 0074 20       		.byte	32
 146 0075 25       		.byte	37
 147 0076 21       		.byte	33
 148 0077 1C       		.byte	28
 149 0078 28       		.byte	40
 150 0079 20       		.byte	32
 151 007a 29       		.byte	41
 152 007b 10       		.byte	16
 153 007c 2C       		.byte	44
 154 007d C1       		.byte	-63
 155 007e 30       		.byte	48
 156 007f 40       		.byte	64
 157 0080 34       		.byte	52
 158 0081 30       		.byte	48
 159 0082 78       		.byte	120
 160 0083 06       		.byte	6
 161 0084 79       		.byte	121
 162 0085 03       		.byte	3
 163 0086 84       		.byte	-124
 164 0087 10       		.byte	16
 165 0088 01       		.byte	1
 166 0089 02       		.byte	2
 167 008a 04       		.byte	4
 168 008b 01       		.byte	1
 169 008c 06       		.byte	6
 170 008d 02       		.byte	2
 171 008e 0A       		.byte	10
ARM GAS  C:\Users\HPz420\AppData\Local\Temp\cch0pyqk.s 			page 4


 172 008f 03       		.byte	3
 173 0090 0D       		.byte	13
 174 0091 02       		.byte	2
 175 0092 0E       		.byte	14
 176 0093 03       		.byte	3
 177 0094 10       		.byte	16
 178 0095 04       		.byte	4
 179 0096 12       		.byte	18
 180 0097 03       		.byte	3
 181 0098 17       		.byte	23
 182 0099 02       		.byte	2
 183 009a 19       		.byte	25
 184 009b 01       		.byte	1
 185 009c 1C       		.byte	28
 186 009d 04       		.byte	4
 187 009e 1D       		.byte	29
 188 009f 01       		.byte	1
 189 00a0 20       		.byte	32
 190 00a1 04       		.byte	4
 191 00a2 28       		.byte	40
 192 00a3 04       		.byte	4
 193 00a4 29       		.byte	41
 194 00a5 01       		.byte	1
 195 00a6 2D       		.byte	45
 196 00a7 03       		.byte	3
 197 00a8 30       		.byte	48
 198 00a9 04       		.byte	4
 199 00aa 31       		.byte	49
 200 00ab 02       		.byte	2
 201 00ac 34       		.byte	52
 202 00ad 02       		.byte	2
 203 00ae 35       		.byte	53
 204 00af 01       		.byte	1
 205 00b0 36       		.byte	54
 206 00b1 01       		.byte	1
 207 00b2 3E       		.byte	62
 208 00b3 51       		.byte	81
 209 00b4 3F       		.byte	63
 210 00b5 11       		.byte	17
 211 00b6 58       		.byte	88
 212 00b7 04       		.byte	4
 213 00b8 59       		.byte	89
 214 00b9 04       		.byte	4
 215 00ba 5F       		.byte	95
 216 00bb 01       		.byte	1
 217 00bc 83       		.byte	-125
 218 00bd 02       		.byte	2
 219 00be 88       		.byte	-120
 220 00bf 0A       		.byte	10
 221 00c0 8A       		.byte	-118
 222 00c1 01       		.byte	1
 223 00c2 8C       		.byte	-116
 224 00c3 0A       		.byte	10
 225 00c4 8D       		.byte	-115
 226 00c5 0F       		.byte	15
 227 00c6 8E       		.byte	-114
 228 00c7 01       		.byte	1
ARM GAS  C:\Users\HPz420\AppData\Local\Temp\cch0pyqk.s 			page 5


 229 00c8 92       		.byte	-110
 230 00c9 0F       		.byte	15
 231 00ca 95       		.byte	-107
 232 00cb 02       		.byte	2
 233 00cc 99       		.byte	-103
 234 00cd 08       		.byte	8
 235 00ce 9B       		.byte	-101
 236 00cf 05       		.byte	5
 237 00d0 9C       		.byte	-100
 238 00d1 04       		.byte	4
 239 00d2 9D       		.byte	-99
 240 00d3 05       		.byte	5
 241 00d4 9F       		.byte	-97
 242 00d5 08       		.byte	8
 243 00d6 A3       		.byte	-93
 244 00d7 02       		.byte	2
 245 00d8 A6       		.byte	-90
 246 00d9 04       		.byte	4
 247 00da A8       		.byte	-88
 248 00db 03       		.byte	3
 249 00dc A9       		.byte	-87
 250 00dd 01       		.byte	1
 251 00de AA       		.byte	-86
 252 00df 08       		.byte	8
 253 00e0 AB       		.byte	-85
 254 00e1 0C       		.byte	12
 255 00e2 AC       		.byte	-84
 256 00e3 04       		.byte	4
 257 00e4 B0       		.byte	-80
 258 00e5 01       		.byte	1
 259 00e6 B1       		.byte	-79
 260 00e7 04       		.byte	4
 261 00e8 B2       		.byte	-78
 262 00e9 02       		.byte	2
 263 00ea B3       		.byte	-77
 264 00eb 02       		.byte	2
 265 00ec B4       		.byte	-76
 266 00ed 08       		.byte	8
 267 00ee B5       		.byte	-75
 268 00ef 01       		.byte	1
 269 00f0 B6       		.byte	-74
 270 00f1 04       		.byte	4
 271 00f2 B7       		.byte	-73
 272 00f3 08       		.byte	8
 273 00f4 BE       		.byte	-66
 274 00f5 55       		.byte	85
 275 00f6 BF       		.byte	-65
 276 00f7 55       		.byte	85
 277 00f8 D8       		.byte	-40
 278 00f9 04       		.byte	4
 279 00fa D9       		.byte	-39
 280 00fb 04       		.byte	4
 281 00fc DF       		.byte	-33
 282 00fd 01       		.byte	1
 283 00fe 03       		.byte	3
 284 00ff 19       		.byte	25
 285 0100 05       		.byte	5
ARM GAS  C:\Users\HPz420\AppData\Local\Temp\cch0pyqk.s 			page 6


 286 0101 50       		.byte	80
 287 0102 0A       		.byte	10
 288 0103 43       		.byte	67
 289 0104 0B       		.byte	11
 290 0105 02       		.byte	2
 291 0106 0E       		.byte	14
 292 0107 41       		.byte	65
 293 0108 10       		.byte	16
 294 0109 40       		.byte	64
 295 010a 12       		.byte	18
 296 010b 88       		.byte	-120
 297 010c 14       		.byte	20
 298 010d 08       		.byte	8
 299 010e 15       		.byte	21
 300 010f 88       		.byte	-120
 301 0110 1A       		.byte	26
 302 0111 80       		.byte	-128
 303 0112 1B       		.byte	27
 304 0113 60       		.byte	96
 305 0114 1C       		.byte	28
 306 0115 20       		.byte	32
 307 0116 1D       		.byte	29
 308 0117 21       		.byte	33
 309 0118 1F       		.byte	31
 310 0119 40       		.byte	64
 311 011a 22       		.byte	34
 312 011b 02       		.byte	2
 313 011c 23       		.byte	35
 314 011d 04       		.byte	4
 315 011e 26       		.byte	38
 316 011f 45       		.byte	69
 317 0120 27       		.byte	39
 318 0121 08       		.byte	8
 319 0122 28       		.byte	40
 320 0123 08       		.byte	8
 321 0124 2B       		.byte	43
 322 0125 0A       		.byte	10
 323 0126 2C       		.byte	44
 324 0127 40       		.byte	64
 325 0128 2F       		.byte	47
 326 0129 08       		.byte	8
 327 012a 31       		.byte	49
 328 012b D0       		.byte	-48
 329 012c 32       		.byte	50
 330 012d 08       		.byte	8
 331 012e 33       		.byte	51
 332 012f 10       		.byte	16
 333 0130 35       		.byte	53
 334 0131 50       		.byte	80
 335 0132 36       		.byte	54
 336 0133 08       		.byte	8
 337 0134 39       		.byte	57
 338 0135 80       		.byte	-128
 339 0136 3B       		.byte	59
 340 0137 02       		.byte	2
 341 0138 3E       		.byte	62
 342 0139 41       		.byte	65
ARM GAS  C:\Users\HPz420\AppData\Local\Temp\cch0pyqk.s 			page 7


 343 013a 81       		.byte	-127
 344 013b 20       		.byte	32
 345 013c 82       		.byte	-126
 346 013d 01       		.byte	1
 347 013e 87       		.byte	-121
 348 013f 04       		.byte	4
 349 0140 8A       		.byte	-118
 350 0141 40       		.byte	64
 351 0142 8B       		.byte	-117
 352 0143 40       		.byte	64
 353 0144 8D       		.byte	-115
 354 0145 01       		.byte	1
 355 0146 96       		.byte	-106
 356 0147 04       		.byte	4
 357 0148 A4       		.byte	-92
 358 0149 10       		.byte	16
 359 014a A7       		.byte	-89
 360 014b 40       		.byte	64
 361 014c B2       		.byte	-78
 362 014d 04       		.byte	4
 363 014e B7       		.byte	-73
 364 014f 40       		.byte	64
 365 0150 C0       		.byte	-64
 366 0151 C7       		.byte	-57
 367 0152 C2       		.byte	-62
 368 0153 99       		.byte	-103
 369 0154 C4       		.byte	-60
 370 0155 EA       		.byte	-22
 371 0156 CA       		.byte	-54
 372 0157 AC       		.byte	-84
 373 0158 CC       		.byte	-52
 374 0159 7E       		.byte	126
 375 015a CE       		.byte	-50
 376 015b 99       		.byte	-103
 377 015c E2       		.byte	-30
 378 015d 30       		.byte	48
 379 015e E6       		.byte	-26
 380 015f 80       		.byte	-128
 381 0160 EE       		.byte	-18
 382 0161 60       		.byte	96
 383 0162 00       		.byte	0
 384 0163 01       		.byte	1
 385 0164 02       		.byte	2
 386 0165 02       		.byte	2
 387 0166 0C       		.byte	12
 388 0167 02       		.byte	2
 389 0168 0E       		.byte	14
 390 0169 01       		.byte	1
 391 016a 10       		.byte	16
 392 016b 01       		.byte	1
 393 016c 11       		.byte	17
 394 016d 02       		.byte	2
 395 016e 12       		.byte	18
 396 016f 02       		.byte	2
 397 0170 13       		.byte	19
 398 0171 0C       		.byte	12
 399 0172 19       		.byte	25
ARM GAS  C:\Users\HPz420\AppData\Local\Temp\cch0pyqk.s 			page 8


 400 0173 04       		.byte	4
 401 0174 1B       		.byte	27
 402 0175 0B       		.byte	11
 403 0176 24       		.byte	36
 404 0177 03       		.byte	3
 405 0178 29       		.byte	41
 406 0179 0C       		.byte	12
 407 017a 2B       		.byte	43
 408 017b 03       		.byte	3
 409 017c 2D       		.byte	45
 410 017d 0C       		.byte	12
 411 017e 2F       		.byte	47
 412 017f 03       		.byte	3
 413 0180 30       		.byte	48
 414 0181 01       		.byte	1
 415 0182 31       		.byte	49
 416 0183 02       		.byte	2
 417 0184 33       		.byte	51
 418 0185 04       		.byte	4
 419 0186 35       		.byte	53
 420 0187 08       		.byte	8
 421 0188 36       		.byte	54
 422 0189 02       		.byte	2
 423 018a 37       		.byte	55
 424 018b 01       		.byte	1
 425 018c 3B       		.byte	59
 426 018d 80       		.byte	-128
 427 018e 3E       		.byte	62
 428 018f 41       		.byte	65
 429 0190 3F       		.byte	63
 430 0191 15       		.byte	21
 431 0192 58       		.byte	88
 432 0193 04       		.byte	4
 433 0194 59       		.byte	89
 434 0195 04       		.byte	4
 435 0196 5F       		.byte	95
 436 0197 01       		.byte	1
 437 0198 82       		.byte	-126
 438 0199 03       		.byte	3
 439 019a 8A       		.byte	-118
 440 019b 08       		.byte	8
 441 019c 8D       		.byte	-115
 442 019d 01       		.byte	1
 443 019e 8E       		.byte	-114
 444 019f 0F       		.byte	15
 445 01a0 8F       		.byte	-113
 446 01a1 0A       		.byte	10
 447 01a2 95       		.byte	-107
 448 01a3 02       		.byte	2
 449 01a4 97       		.byte	-105
 450 01a5 11       		.byte	17
 451 01a6 9E       		.byte	-98
 452 01a7 01       		.byte	1
 453 01a8 9F       		.byte	-97
 454 01a9 0B       		.byte	11
 455 01aa AA       		.byte	-86
 456 01ab 02       		.byte	2
ARM GAS  C:\Users\HPz420\AppData\Local\Temp\cch0pyqk.s 			page 9


 457 01ac AD       		.byte	-83
 458 01ad 04       		.byte	4
 459 01ae AF       		.byte	-81
 460 01af 19       		.byte	25
 461 01b0 B2       		.byte	-78
 462 01b1 04       		.byte	4
 463 01b2 B3       		.byte	-77
 464 01b3 06       		.byte	6
 465 01b4 B4       		.byte	-76
 466 01b5 08       		.byte	8
 467 01b6 B5       		.byte	-75
 468 01b7 01       		.byte	1
 469 01b8 B6       		.byte	-74
 470 01b9 03       		.byte	3
 471 01ba B7       		.byte	-73
 472 01bb 18       		.byte	24
 473 01bc BA       		.byte	-70
 474 01bd AB       		.byte	-85
 475 01be BB       		.byte	-69
 476 01bf 8C       		.byte	-116
 477 01c0 BF       		.byte	-65
 478 01c1 10       		.byte	16
 479 01c2 D8       		.byte	-40
 480 01c3 04       		.byte	4
 481 01c4 D9       		.byte	-39
 482 01c5 04       		.byte	4
 483 01c6 DF       		.byte	-33
 484 01c7 01       		.byte	1
 485 01c8 00       		.byte	0
 486 01c9 02       		.byte	2
 487 01ca 02       		.byte	2
 488 01cb 40       		.byte	64
 489 01cc 03       		.byte	3
 490 01cd 0A       		.byte	10
 491 01ce 05       		.byte	5
 492 01cf 40       		.byte	64
 493 01d0 06       		.byte	6
 494 01d1 40       		.byte	64
 495 01d2 0A       		.byte	10
 496 01d3 02       		.byte	2
 497 01d4 0E       		.byte	14
 498 01d5 40       		.byte	64
 499 01d6 12       		.byte	18
 500 01d7 08       		.byte	8
 501 01d8 15       		.byte	21
 502 01d9 08       		.byte	8
 503 01da 19       		.byte	25
 504 01db 70       		.byte	112
 505 01dc 1A       		.byte	26
 506 01dd 42       		.byte	66
 507 01de 1B       		.byte	27
 508 01df 0A       		.byte	10
 509 01e0 1C       		.byte	28
 510 01e1 80       		.byte	-128
 511 01e2 1F       		.byte	31
 512 01e3 40       		.byte	64
 513 01e4 20       		.byte	32
ARM GAS  C:\Users\HPz420\AppData\Local\Temp\cch0pyqk.s 			page 10


 514 01e5 02       		.byte	2
 515 01e6 21       		.byte	33
 516 01e7 44       		.byte	68
 517 01e8 22       		.byte	34
 518 01e9 88       		.byte	-120
 519 01ea 23       		.byte	35
 520 01eb 14       		.byte	20
 521 01ec 25       		.byte	37
 522 01ed 89       		.byte	-119
 523 01ee 27       		.byte	39
 524 01ef 09       		.byte	9
 525 01f0 2B       		.byte	43
 526 01f1 02       		.byte	2
 527 01f2 2F       		.byte	47
 528 01f3 0A       		.byte	10
 529 01f4 31       		.byte	49
 530 01f5 40       		.byte	64
 531 01f6 32       		.byte	50
 532 01f7 08       		.byte	8
 533 01f8 35       		.byte	53
 534 01f9 20       		.byte	32
 535 01fa 37       		.byte	55
 536 01fb 01       		.byte	1
 537 01fc 39       		.byte	57
 538 01fd 80       		.byte	-128
 539 01fe 84       		.byte	-124
 540 01ff 40       		.byte	64
 541 0200 85       		.byte	-123
 542 0201 01       		.byte	1
 543 0202 87       		.byte	-121
 544 0203 08       		.byte	8
 545 0204 8B       		.byte	-117
 546 0205 04       		.byte	4
 547 0206 8E       		.byte	-114
 548 0207 04       		.byte	4
 549 0208 95       		.byte	-107
 550 0209 88       		.byte	-120
 551 020a 96       		.byte	-106
 552 020b 46       		.byte	70
 553 020c 9D       		.byte	-99
 554 020d 10       		.byte	16
 555 020e 9F       		.byte	-97
 556 020f 01       		.byte	1
 557 0210 A2       		.byte	-94
 558 0211 04       		.byte	4
 559 0212 A5       		.byte	-91
 560 0213 81       		.byte	-127
 561 0214 A6       		.byte	-90
 562 0215 88       		.byte	-120
 563 0216 A7       		.byte	-89
 564 0217 0A       		.byte	10
 565 0218 AA       		.byte	-86
 566 0219 40       		.byte	64
 567 021a AB       		.byte	-85
 568 021b 08       		.byte	8
 569 021c B2       		.byte	-78
 570 021d 02       		.byte	2
ARM GAS  C:\Users\HPz420\AppData\Local\Temp\cch0pyqk.s 			page 11


 571 021e B5       		.byte	-75
 572 021f 01       		.byte	1
 573 0220 B7       		.byte	-73
 574 0221 20       		.byte	32
 575 0222 C0       		.byte	-64
 576 0223 9B       		.byte	-101
 577 0224 C2       		.byte	-62
 578 0225 11       		.byte	17
 579 0226 C4       		.byte	-60
 580 0227 22       		.byte	34
 581 0228 CA       		.byte	-54
 582 0229 38       		.byte	56
 583 022a CC       		.byte	-52
 584 022b AA       		.byte	-86
 585 022c CE       		.byte	-50
 586 022d 08       		.byte	8
 587 022e E2       		.byte	-30
 588 022f 40       		.byte	64
 589 0230 E6       		.byte	-26
 590 0231 20       		.byte	32
 591 0232 EA       		.byte	-22
 592 0233 40       		.byte	64
 593 0234 EE       		.byte	-18
 594 0235 60       		.byte	96
 595 0236 81       		.byte	-127
 596 0237 02       		.byte	2
 597 0238 87       		.byte	-121
 598 0239 40       		.byte	64
 599 023a 93       		.byte	-109
 600 023b 80       		.byte	-128
 601 023c A1       		.byte	-95
 602 023d 02       		.byte	2
 603 023e A8       		.byte	-88
 604 023f 02       		.byte	2
 605 0240 AA       		.byte	-86
 606 0241 40       		.byte	64
 607 0242 AE       		.byte	-82
 608 0243 40       		.byte	64
 609 0244 B1       		.byte	-79
 610 0245 02       		.byte	2
 611 0246 B6       		.byte	-74
 612 0247 10       		.byte	16
 613 0248 B7       		.byte	-73
 614 0249 40       		.byte	64
 615 024a E8       		.byte	-24
 616 024b 04       		.byte	4
 617 024c EA       		.byte	-22
 618 024d 90       		.byte	-112
 619 024e EE       		.byte	-18
 620 024f 10       		.byte	16
 621 0250 00       		.byte	0
 622 0251 04       		.byte	4
 623 0252 02       		.byte	2
 624 0253 02       		.byte	2
 625 0254 08       		.byte	8
 626 0255 01       		.byte	1
 627 0256 0C       		.byte	12
ARM GAS  C:\Users\HPz420\AppData\Local\Temp\cch0pyqk.s 			page 12


 628 0257 06       		.byte	6
 629 0258 10       		.byte	16
 630 0259 02       		.byte	2
 631 025a 11       		.byte	17
 632 025b 08       		.byte	8
 633 025c 12       		.byte	18
 634 025d 05       		.byte	5
 635 025e 18       		.byte	24
 636 025f 01       		.byte	1
 637 0260 19       		.byte	25
 638 0261 08       		.byte	8
 639 0262 1F       		.byte	31
 640 0263 07       		.byte	7
 641 0264 21       		.byte	33
 642 0265 03       		.byte	3
 643 0266 22       		.byte	34
 644 0267 01       		.byte	1
 645 0268 23       		.byte	35
 646 0269 04       		.byte	4
 647 026a 24       		.byte	36
 648 026b 06       		.byte	6
 649 026c 25       		.byte	37
 650 026d 05       		.byte	5
 651 026e 27       		.byte	39
 652 026f 02       		.byte	2
 653 0270 2B       		.byte	43
 654 0271 08       		.byte	8
 655 0272 2D       		.byte	45
 656 0273 0A       		.byte	10
 657 0274 2F       		.byte	47
 658 0275 05       		.byte	5
 659 0276 30       		.byte	48
 660 0277 02       		.byte	2
 661 0278 31       		.byte	49
 662 0279 04       		.byte	4
 663 027a 32       		.byte	50
 664 027b 04       		.byte	4
 665 027c 33       		.byte	51
 666 027d 02       		.byte	2
 667 027e 34       		.byte	52
 668 027f 01       		.byte	1
 669 0280 35       		.byte	53
 670 0281 08       		.byte	8
 671 0282 37       		.byte	55
 672 0283 01       		.byte	1
 673 0284 3E       		.byte	62
 674 0285 15       		.byte	21
 675 0286 3F       		.byte	63
 676 0287 55       		.byte	85
 677 0288 58       		.byte	88
 678 0289 04       		.byte	4
 679 028a 59       		.byte	89
 680 028b 04       		.byte	4
 681 028c 5F       		.byte	95
 682 028d 01       		.byte	1
 683 028e 82       		.byte	-126
 684 028f 01       		.byte	1
ARM GAS  C:\Users\HPz420\AppData\Local\Temp\cch0pyqk.s 			page 13


 685 0290 8B       		.byte	-117
 686 0291 01       		.byte	1
 687 0292 8E       		.byte	-114
 688 0293 02       		.byte	2
 689 0294 90       		.byte	-112
 690 0295 03       		.byte	3
 691 0296 91       		.byte	-111
 692 0297 01       		.byte	1
 693 0298 96       		.byte	-106
 694 0299 01       		.byte	1
 695 029a 9B       		.byte	-101
 696 029b 02       		.byte	2
 697 029c 9C       		.byte	-100
 698 029d 01       		.byte	1
 699 029e 9F       		.byte	-97
 700 029f 01       		.byte	1
 701 02a0 A1       		.byte	-95
 702 02a1 02       		.byte	2
 703 02a2 A6       		.byte	-90
 704 02a3 02       		.byte	2
 705 02a4 A9       		.byte	-87
 706 02a5 02       		.byte	2
 707 02a6 AA       		.byte	-86
 708 02a7 02       		.byte	2
 709 02a8 AF       		.byte	-81
 710 02a9 03       		.byte	3
 711 02aa B0       		.byte	-80
 712 02ab 01       		.byte	1
 713 02ac B1       		.byte	-79
 714 02ad 02       		.byte	2
 715 02ae B4       		.byte	-76
 716 02af 02       		.byte	2
 717 02b0 B7       		.byte	-73
 718 02b1 01       		.byte	1
 719 02b2 BE       		.byte	-66
 720 02b3 11       		.byte	17
 721 02b4 BF       		.byte	-65
 722 02b5 41       		.byte	65
 723 02b6 D8       		.byte	-40
 724 02b7 04       		.byte	4
 725 02b8 D9       		.byte	-39
 726 02b9 04       		.byte	4
 727 02ba DB       		.byte	-37
 728 02bb 04       		.byte	4
 729 02bc DF       		.byte	-33
 730 02bd 01       		.byte	1
 731 02be 02       		.byte	2
 732 02bf 40       		.byte	64
 733 02c0 03       		.byte	3
 734 02c1 01       		.byte	1
 735 02c2 05       		.byte	5
 736 02c3 50       		.byte	80
 737 02c4 06       		.byte	6
 738 02c5 40       		.byte	64
 739 02c6 07       		.byte	7
 740 02c7 08       		.byte	8
 741 02c8 08       		.byte	8
ARM GAS  C:\Users\HPz420\AppData\Local\Temp\cch0pyqk.s 			page 14


 742 02c9 02       		.byte	2
 743 02ca 0A       		.byte	10
 744 02cb 42       		.byte	66
 745 02cc 0B       		.byte	11
 746 02cd 10       		.byte	16
 747 02ce 0E       		.byte	14
 748 02cf 40       		.byte	64
 749 02d0 0F       		.byte	15
 750 02d1 08       		.byte	8
 751 02d2 10       		.byte	16
 752 02d3 04       		.byte	4
 753 02d4 13       		.byte	19
 754 02d5 08       		.byte	8
 755 02d6 15       		.byte	21
 756 02d7 08       		.byte	8
 757 02d8 17       		.byte	23
 758 02d9 01       		.byte	1
 759 02da 19       		.byte	25
 760 02db 02       		.byte	2
 761 02dc 1A       		.byte	26
 762 02dd 04       		.byte	4
 763 02de 1D       		.byte	29
 764 02df 02       		.byte	2
 765 02e0 1E       		.byte	30
 766 02e1 18       		.byte	24
 767 02e2 21       		.byte	33
 768 02e3 01       		.byte	1
 769 02e4 22       		.byte	34
 770 02e5 40       		.byte	64
 771 02e6 26       		.byte	38
 772 02e7 60       		.byte	96
 773 02e8 27       		.byte	39
 774 02e9 50       		.byte	80
 775 02ea 28       		.byte	40
 776 02eb 06       		.byte	6
 777 02ec 29       		.byte	41
 778 02ed 01       		.byte	1
 779 02ee 2B       		.byte	43
 780 02ef 0C       		.byte	12
 781 02f0 2C       		.byte	44
 782 02f1 40       		.byte	64
 783 02f2 2E       		.byte	46
 784 02f3 40       		.byte	64
 785 02f4 2F       		.byte	47
 786 02f5 18       		.byte	24
 787 02f6 30       		.byte	48
 788 02f7 40       		.byte	64
 789 02f8 31       		.byte	49
 790 02f9 10       		.byte	16
 791 02fa 32       		.byte	50
 792 02fb 81       		.byte	-127
 793 02fc 35       		.byte	53
 794 02fd 61       		.byte	97
 795 02fe 37       		.byte	55
 796 02ff 01       		.byte	1
 797 0300 3B       		.byte	59
 798 0301 30       		.byte	48
ARM GAS  C:\Users\HPz420\AppData\Local\Temp\cch0pyqk.s 			page 15


 799 0302 68       		.byte	104
 800 0303 02       		.byte	2
 801 0304 82       		.byte	-126
 802 0305 24       		.byte	36
 803 0306 83       		.byte	-125
 804 0307 10       		.byte	16
 805 0308 91       		.byte	-111
 806 0309 08       		.byte	8
 807 030a 92       		.byte	-110
 808 030b 42       		.byte	66
 809 030c 93       		.byte	-109
 810 030d 90       		.byte	-112
 811 030e 95       		.byte	-107
 812 030f 02       		.byte	2
 813 0310 96       		.byte	-106
 814 0311 04       		.byte	4
 815 0312 99       		.byte	-103
 816 0313 70       		.byte	112
 817 0314 9A       		.byte	-102
 818 0315 40       		.byte	64
 819 0316 9B       		.byte	-101
 820 0317 01       		.byte	1
 821 0318 A2       		.byte	-94
 822 0319 80       		.byte	-128
 823 031a A3       		.byte	-93
 824 031b 08       		.byte	8
 825 031c AD       		.byte	-83
 826 031d 08       		.byte	8
 827 031e C0       		.byte	-64
 828 031f D9       		.byte	-39
 829 0320 C2       		.byte	-62
 830 0321 5D       		.byte	93
 831 0322 C4       		.byte	-60
 832 0323 36       		.byte	54
 833 0324 CA       		.byte	-54
 834 0325 FD       		.byte	-3
 835 0326 CC       		.byte	-52
 836 0327 BD       		.byte	-67
 837 0328 CE       		.byte	-50
 838 0329 04       		.byte	4
 839 032a E2       		.byte	-30
 840 032b 08       		.byte	8
 841 032c E2       		.byte	-30
 842 032d 08       		.byte	8
 843 032e E8       		.byte	-24
 844 032f 04       		.byte	4
 845 0330 51       		.byte	81
 846 0331 08       		.byte	8
 847 0332 55       		.byte	85
 848 0333 20       		.byte	32
 849 0334 5A       		.byte	90
 850 0335 20       		.byte	32
 851 0336 5D       		.byte	93
 852 0337 20       		.byte	32
 853 0338 61       		.byte	97
 854 0339 04       		.byte	4
 855 033a 66       		.byte	102
ARM GAS  C:\Users\HPz420\AppData\Local\Temp\cch0pyqk.s 			page 16


 856 033b 80       		.byte	-128
 857 033c D4       		.byte	-44
 858 033d E0       		.byte	-32
 859 033e D6       		.byte	-42
 860 033f A0       		.byte	-96
 861 0340 D8       		.byte	-40
 862 0341 40       		.byte	64
 863 0342 50       		.byte	80
 864 0343 10       		.byte	16
 865 0344 53       		.byte	83
 866 0345 02       		.byte	2
 867 0346 55       		.byte	85
 868 0347 01       		.byte	1
 869 0348 57       		.byte	87
 870 0349 40       		.byte	64
 871 034a 59       		.byte	89
 872 034b 01       		.byte	1
 873 034c 5C       		.byte	92
 874 034d 02       		.byte	2
 875 034e 62       		.byte	98
 876 034f 08       		.byte	8
 877 0350 64       		.byte	100
 878 0351 10       		.byte	16
 879 0352 85       		.byte	-123
 880 0353 20       		.byte	32
 881 0354 96       		.byte	-106
 882 0355 20       		.byte	32
 883 0356 9D       		.byte	-99
 884 0357 24       		.byte	36
 885 0358 9E       		.byte	-98
 886 0359 80       		.byte	-128
 887 035a A5       		.byte	-91
 888 035b 28       		.byte	40
 889 035c D4       		.byte	-44
 890 035d E0       		.byte	-32
 891 035e D6       		.byte	-42
 892 035f E0       		.byte	-32
 893 0360 D8       		.byte	-40
 894 0361 C0       		.byte	-64
 895 0362 E2       		.byte	-30
 896 0363 10       		.byte	16
 897 0364 3C       		.byte	60
 898 0365 20       		.byte	32
 899 0366 50       		.byte	80
 900 0367 08       		.byte	8
 901 0368 57       		.byte	87
 902 0369 04       		.byte	4
 903 036a 80       		.byte	-128
 904 036b 10       		.byte	16
 905 036c 81       		.byte	-127
 906 036d 20       		.byte	32
 907 036e 84       		.byte	-124
 908 036f 08       		.byte	8
 909 0370 88       		.byte	-120
 910 0371 02       		.byte	2
 911 0372 8A       		.byte	-118
 912 0373 40       		.byte	64
ARM GAS  C:\Users\HPz420\AppData\Local\Temp\cch0pyqk.s 			page 17


 913 0374 8D       		.byte	-115
 914 0375 04       		.byte	4
 915 0376 94       		.byte	-108
 916 0377 20       		.byte	32
 917 0378 96       		.byte	-106
 918 0379 20       		.byte	32
 919 037a 9C       		.byte	-100
 920 037b 12       		.byte	18
 921 037c 9D       		.byte	-99
 922 037d 24       		.byte	36
 923 037e 9E       		.byte	-98
 924 037f 80       		.byte	-128
 925 0380 A5       		.byte	-91
 926 0381 01       		.byte	1
 927 0382 A6       		.byte	-90
 928 0383 08       		.byte	8
 929 0384 A7       		.byte	-89
 930 0385 42       		.byte	66
 931 0386 B1       		.byte	-79
 932 0387 08       		.byte	8
 933 0388 B5       		.byte	-75
 934 0389 01       		.byte	1
 935 038a CE       		.byte	-50
 936 038b 20       		.byte	32
 937 038c D4       		.byte	-44
 938 038d 60       		.byte	96
 939 038e E2       		.byte	-30
 940 038f 60       		.byte	96
 941 0390 E6       		.byte	-26
 942 0391 80       		.byte	-128
 943 0392 84       		.byte	-124
 944 0393 10       		.byte	16
 945 0394 85       		.byte	-123
 946 0395 40       		.byte	64
 947 0396 87       		.byte	-121
 948 0397 02       		.byte	2
 949 0398 89       		.byte	-119
 950 0399 10       		.byte	16
 951 039a 8C       		.byte	-116
 952 039b 20       		.byte	32
 953 039c 96       		.byte	-106
 954 039d 20       		.byte	32
 955 039e 9A       		.byte	-102
 956 039f 40       		.byte	64
 957 03a0 9B       		.byte	-101
 958 03a1 40       		.byte	64
 959 03a2 9C       		.byte	-100
 960 03a3 10       		.byte	16
 961 03a4 9E       		.byte	-98
 962 03a5 80       		.byte	-128
 963 03a6 A0       		.byte	-96
 964 03a7 40       		.byte	64
 965 03a8 A4       		.byte	-92
 966 03a9 10       		.byte	16
 967 03aa A5       		.byte	-91
 968 03ab 01       		.byte	1
 969 03ac A7       		.byte	-89
ARM GAS  C:\Users\HPz420\AppData\Local\Temp\cch0pyqk.s 			page 18


 970 03ad 02       		.byte	2
 971 03ae AA       		.byte	-86
 972 03af 08       		.byte	8
 973 03b0 AB       		.byte	-85
 974 03b1 40       		.byte	64
 975 03b2 B0       		.byte	-80
 976 03b3 40       		.byte	64
 977 03b4 B7       		.byte	-73
 978 03b5 44       		.byte	68
 979 03b6 E2       		.byte	-30
 980 03b7 50       		.byte	80
 981 03b8 E6       		.byte	-26
 982 03b9 40       		.byte	64
 983 03ba EA       		.byte	-22
 984 03bb 20       		.byte	32
 985 03bc EE       		.byte	-18
 986 03bd 80       		.byte	-128
 987 03be 0A       		.byte	10
 988 03bf 40       		.byte	64
 989 03c0 0C       		.byte	12
 990 03c1 08       		.byte	8
 991 03c2 11       		.byte	17
 992 03c3 01       		.byte	1
 993 03c4 15       		.byte	21
 994 03c5 04       		.byte	4
 995 03c6 5A       		.byte	90
 996 03c7 01       		.byte	1
 997 03c8 5D       		.byte	93
 998 03c9 02       		.byte	2
 999 03ca 72       		.byte	114
 1000 03cb 40       		.byte	64
 1001 03cc 74       		.byte	116
 1002 03cd 08       		.byte	8
 1003 03ce C2       		.byte	-62
 1004 03cf 0C       		.byte	12
 1005 03d0 C4       		.byte	-60
 1006 03d1 0C       		.byte	12
 1007 03d2 D6       		.byte	-42
 1008 03d3 03       		.byte	3
 1009 03d4 DC       		.byte	-36
 1010 03d5 01       		.byte	1
 1011 03d6 DE       		.byte	-34
 1012 03d7 04       		.byte	4
 1013 03d8 01       		.byte	1
 1014 03d9 02       		.byte	2
 1015 03da 0F       		.byte	15
 1016 03db 02       		.byte	2
 1017 03dc 53       		.byte	83
 1018 03dd 01       		.byte	1
 1019 03de 54       		.byte	84
 1020 03df 08       		.byte	8
 1021 03e0 57       		.byte	87
 1022 03e1 01       		.byte	1
 1023 03e2 5C       		.byte	92
 1024 03e3 04       		.byte	4
 1025 03e4 63       		.byte	99
 1026 03e5 04       		.byte	4
ARM GAS  C:\Users\HPz420\AppData\Local\Temp\cch0pyqk.s 			page 19


 1027 03e6 67       		.byte	103
 1028 03e7 08       		.byte	8
 1029 03e8 91       		.byte	-111
 1030 03e9 05       		.byte	5
 1031 03ea 96       		.byte	-106
 1032 03eb 01       		.byte	1
 1033 03ec 9D       		.byte	-99
 1034 03ed 02       		.byte	2
 1035 03ee C0       		.byte	-64
 1036 03ef 08       		.byte	8
 1037 03f0 C2       		.byte	-62
 1038 03f1 01       		.byte	1
 1039 03f2 D4       		.byte	-44
 1040 03f3 03       		.byte	3
 1041 03f4 D6       		.byte	-42
 1042 03f5 05       		.byte	5
 1043 03f6 D8       		.byte	-40
 1044 03f7 03       		.byte	3
 1045 03f8 91       		.byte	-111
 1046 03f9 05       		.byte	5
 1047 03fa 94       		.byte	-108
 1048 03fb 04       		.byte	4
 1049 03fc 96       		.byte	-106
 1050 03fd 01       		.byte	1
 1051 03fe 97       		.byte	-105
 1052 03ff 0E       		.byte	14
 1053 0400 A4       		.byte	-92
 1054 0401 08       		.byte	8
 1055 0402 91       		.byte	-111
 1056 0403 05       		.byte	5
 1057 0404 94       		.byte	-108
 1058 0405 04       		.byte	4
 1059 0406 96       		.byte	-106
 1060 0407 01       		.byte	1
 1061 0408 97       		.byte	-105
 1062 0409 0E       		.byte	14
 1063 040a A4       		.byte	-92
 1064 040b 08       		.byte	8
 1065 040c 52       		.byte	82
 1066 040d 20       		.byte	32
 1067 040e 57       		.byte	87
 1068 040f 80       		.byte	-128
 1069 0410 5B       		.byte	91
 1070 0411 40       		.byte	64
 1071 0412 5D       		.byte	93
 1072 0413 20       		.byte	32
 1073 0414 81       		.byte	-127
 1074 0415 01       		.byte	1
 1075 0416 82       		.byte	-126
 1076 0417 10       		.byte	16
 1077 0418 83       		.byte	-125
 1078 0419 08       		.byte	8
 1079 041a 84       		.byte	-124
 1080 041b 10       		.byte	16
 1081 041c 91       		.byte	-111
 1082 041d 20       		.byte	32
 1083 041e 96       		.byte	-106
ARM GAS  C:\Users\HPz420\AppData\Local\Temp\cch0pyqk.s 			page 20


 1084 041f 20       		.byte	32
 1085 0420 98       		.byte	-104
 1086 0421 20       		.byte	32
 1087 0422 9A       		.byte	-102
 1088 0423 40       		.byte	64
 1089 0424 9B       		.byte	-101
 1090 0425 40       		.byte	64
 1091 0426 A0       		.byte	-96
 1092 0427 40       		.byte	64
 1093 0428 A1       		.byte	-95
 1094 0429 40       		.byte	64
 1095 042a A4       		.byte	-92
 1096 042b 10       		.byte	16
 1097 042c A5       		.byte	-91
 1098 042d 01       		.byte	1
 1099 042e AE       		.byte	-82
 1100 042f 80       		.byte	-128
 1101 0430 D4       		.byte	-44
 1102 0431 E0       		.byte	-32
 1103 0432 D6       		.byte	-42
 1104 0433 20       		.byte	32
 1105 0434 E2       		.byte	-30
 1106 0435 30       		.byte	48
 1107 0436 E6       		.byte	-26
 1108 0437 A0       		.byte	-96
 1109 0438 EA       		.byte	-22
 1110 0439 40       		.byte	64
 1111 043a 51       		.byte	81
 1112 043b 10       		.byte	16
 1113 043c 54       		.byte	84
 1114 043d 40       		.byte	64
 1115 043e 55       		.byte	85
 1116 043f 02       		.byte	2
 1117 0440 58       		.byte	88
 1118 0441 20       		.byte	32
 1119 0442 5B       		.byte	91
 1120 0443 08       		.byte	8
 1121 0444 62       		.byte	98
 1122 0445 02       		.byte	2
 1123 0446 64       		.byte	100
 1124 0447 10       		.byte	16
 1125 0448 66       		.byte	102
 1126 0449 40       		.byte	64
 1127 044a 7B       		.byte	123
 1128 044b 02       		.byte	2
 1129 044c 7D       		.byte	125
 1130 044d 80       		.byte	-128
 1131 044e 82       		.byte	-126
 1132 044f 02       		.byte	2
 1133 0450 87       		.byte	-121
 1134 0451 02       		.byte	2
 1135 0452 91       		.byte	-111
 1136 0453 20       		.byte	32
 1137 0454 98       		.byte	-104
 1138 0455 30       		.byte	48
 1139 0456 9A       		.byte	-102
 1140 0457 40       		.byte	64
ARM GAS  C:\Users\HPz420\AppData\Local\Temp\cch0pyqk.s 			page 21


 1141 0458 9B       		.byte	-101
 1142 0459 08       		.byte	8
 1143 045a A0       		.byte	-96
 1144 045b 40       		.byte	64
 1145 045c A1       		.byte	-95
 1146 045d 42       		.byte	66
 1147 045e AA       		.byte	-86
 1148 045f 20       		.byte	32
 1149 0460 AC       		.byte	-84
 1150 0461 10       		.byte	16
 1151 0462 B3       		.byte	-77
 1152 0463 80       		.byte	-128
 1153 0464 B5       		.byte	-75
 1154 0465 22       		.byte	34
 1155 0466 D4       		.byte	-44
 1156 0467 E0       		.byte	-32
 1157 0468 D6       		.byte	-42
 1158 0469 E0       		.byte	-32
 1159 046a D8       		.byte	-40
 1160 046b C0       		.byte	-64
 1161 046c DC       		.byte	-36
 1162 046d 80       		.byte	-128
 1163 046e DE       		.byte	-34
 1164 046f 20       		.byte	32
 1165 0470 E2       		.byte	-30
 1166 0471 90       		.byte	-112
 1167 0472 EE       		.byte	-18
 1168 0473 C0       		.byte	-64
 1169 0474 0B       		.byte	11
 1170 0475 08       		.byte	8
 1171 0476 0C       		.byte	12
 1172 0477 08       		.byte	8
 1173 0478 0F       		.byte	15
 1174 0479 04       		.byte	4
 1175 047a 10       		.byte	16
 1176 047b 40       		.byte	64
 1177 047c 13       		.byte	19
 1178 047d 10       		.byte	16
 1179 047e 14       		.byte	20
 1180 047f 80       		.byte	-128
 1181 0480 79       		.byte	121
 1182 0481 01       		.byte	1
 1183 0482 7D       		.byte	125
 1184 0483 04       		.byte	4
 1185 0484 87       		.byte	-121
 1186 0485 10       		.byte	16
 1187 0486 91       		.byte	-111
 1188 0487 05       		.byte	5
 1189 0488 94       		.byte	-108
 1190 0489 04       		.byte	4
 1191 048a 96       		.byte	-106
 1192 048b 01       		.byte	1
 1193 048c 97       		.byte	-105
 1194 048d 0E       		.byte	14
 1195 048e A4       		.byte	-92
 1196 048f 08       		.byte	8
 1197 0490 C2       		.byte	-62
ARM GAS  C:\Users\HPz420\AppData\Local\Temp\cch0pyqk.s 			page 22


 1198 0491 07       		.byte	7
 1199 0492 C4       		.byte	-60
 1200 0493 0E       		.byte	14
 1201 0494 DE       		.byte	-34
 1202 0495 03       		.byte	3
 1203 0496 00       		.byte	0
 1204 0497 04       		.byte	4
 1205 0498 0B       		.byte	11
 1206 0499 02       		.byte	2
 1207 049a 0E       		.byte	14
 1208 049b 01       		.byte	1
 1209 049c 5F       		.byte	95
 1210 049d 04       		.byte	4
 1211 049e 63       		.byte	99
 1212 049f 80       		.byte	-128
 1213 04a0 78       		.byte	120
 1214 04a1 40       		.byte	64
 1215 04a2 7C       		.byte	124
 1216 04a3 80       		.byte	-128
 1217 04a4 93       		.byte	-109
 1218 04a5 04       		.byte	4
 1219 04a6 94       		.byte	-108
 1220 04a7 04       		.byte	4
 1221 04a8 96       		.byte	-106
 1222 04a9 01       		.byte	1
 1223 04aa 97       		.byte	-105
 1224 04ab 02       		.byte	2
 1225 04ac 98       		.byte	-104
 1226 04ad C0       		.byte	-64
 1227 04ae A3       		.byte	-93
 1228 04af 40       		.byte	64
 1229 04b0 AB       		.byte	-85
 1230 04b1 40       		.byte	64
 1231 04b2 C0       		.byte	-64
 1232 04b3 08       		.byte	8
 1233 04b4 C2       		.byte	-62
 1234 04b5 03       		.byte	3
 1235 04b6 D6       		.byte	-42
 1236 04b7 01       		.byte	1
 1237 04b8 D8       		.byte	-40
 1238 04b9 02       		.byte	2
 1239 04ba DC       		.byte	-36
 1240 04bb 01       		.byte	1
 1241 04bc DE       		.byte	-34
 1242 04bd 04       		.byte	4
 1243 04be 00       		.byte	0
 1244 04bf 01       		.byte	1
 1245 04c0 0A       		.byte	10
 1246 04c1 01       		.byte	1
 1247 04c2 03       		.byte	3
 1248 04c3 C0       		.byte	-64
 1249 04c4 AA       		.byte	-86
 1250 04c5 3C       		.byte	60
 1251 04c6 00       		.byte	0
 1252 04c7 00       		.byte	0
 1253 04c8 30       		.byte	48
 1254 04c9 00       		.byte	0
ARM GAS  C:\Users\HPz420\AppData\Local\Temp\cch0pyqk.s 			page 23


 1255 04ca 00       		.byte	0
 1256 04cb 00       		.byte	0
 1257 04cc 00       		.byte	0
 1258 04cd FF       		.byte	-1
 1259 04ce FF       		.byte	-1
 1260 04cf 00       		.byte	0
 1261 04d0 FF       		.byte	-1
 1262 04d1 00       		.byte	0
 1263 04d2 00       		.byte	0
 1264 04d3 00       		.byte	0
 1265 04d4 F0       		.byte	-16
 1266 04d5 00       		.byte	0
 1267 04d6 00       		.byte	0
 1268 04d7 CF       		.byte	-49
 1269 04d8 3F       		.byte	63
 1270 04d9 00       		.byte	0
 1271 04da FF       		.byte	-1
 1272 04db 00       		.byte	0
 1273 04dc 00       		.byte	0
 1274 04dd 00       		.byte	0
 1275 04de 00       		.byte	0
 1276 04df 00       		.byte	0
 1277 04e0 00       		.byte	0
 1278 04e1 0F       		.byte	15
 1279 04e2 0F       		.byte	15
 1280 04e3 00       		.byte	0
 1281 04e4 0F       		.byte	15
 1282 04e5 00       		.byte	0
 1283 04e6 00       		.byte	0
 1284 04e7 00       		.byte	0
 1285 04e8 E0       		.byte	-32
 1286 04e9 00       		.byte	0
 1287 04ea 00       		.byte	0
 1288 04eb EB       		.byte	-21
 1289 04ec 0B       		.byte	11
 1290 04ed 00       		.byte	0
 1291 04ee 00       		.byte	0
 1292 04ef 00       		.byte	0
 1293 04f0 00       		.byte	0
 1294 04f1 00       		.byte	0
 1295 04f2 00       		.byte	0
 1296 04f3 00       		.byte	0
 1297 04f4 FF       		.byte	-1
 1298 04f5 00       		.byte	0
 1299 04f6 80       		.byte	-128
 1300 04f7 FF       		.byte	-1
 1301 04f8 80       		.byte	-128
 1302 04f9 00       		.byte	0
 1303 04fa 7E       		.byte	126
 1304 04fb 00       		.byte	0
 1305 04fc 00       		.byte	0
 1306 04fd 00       		.byte	0
 1307 04fe 00       		.byte	0
 1308 04ff 00       		.byte	0
 1309 0500 00       		.byte	0
 1310 0501 FF       		.byte	-1
 1311 0502 FF       		.byte	-1
ARM GAS  C:\Users\HPz420\AppData\Local\Temp\cch0pyqk.s 			page 24


 1312 0503 00       		.byte	0
 1313 0504 FF       		.byte	-1
 1314 0505 00       		.byte	0
 1315 0506 00       		.byte	0
 1316 0507 00       		.byte	0
 1317 0508 00       		.byte	0
 1318 0509 3F       		.byte	63
 1319 050a 3F       		.byte	63
 1320 050b 00       		.byte	0
 1321 050c 3F       		.byte	63
 1322 050d 00       		.byte	0
 1323 050e 00       		.byte	0
 1324 050f 00       		.byte	0
 1325 0510 81       		.byte	-127
 1326 0511 00       		.byte	0
 1327 0512 40       		.byte	64
 1328 0513 B1       		.byte	-79
 1329 0514 30       		.byte	48
 1330 0515 00       		.byte	0
 1331 0516 30       		.byte	48
 1332 0517 00       		.byte	0
 1333 0518 00       		.byte	0
 1334 0519 00       		.byte	0
 1335 051a 00       		.byte	0
 1336 051b 00       		.byte	0
 1337 051c D0       		.byte	-48
 1338 051d 00       		.byte	0
 1339 051e 30       		.byte	48
 1340 051f D0       		.byte	-48
 1341 0520 10       		.byte	16
 1342 0521 00       		.byte	0
 1343 0522 C0       		.byte	-64
 1344 0523 00       		.byte	0
 1345 0524 00       		.byte	0
 1346 0525 00       		.byte	0
 1347 0526 00       		.byte	0
 1348 0527 00       		.byte	0
 1349              		.section	.cywolatch,"a",%progbits
 1350              		.align	2
 1351              		.type	cy_meta_wonvl, %object
 1352              		.size	cy_meta_wonvl, 4
 1353              	cy_meta_wonvl:
 1354 0000 BC       		.byte	-68
 1355 0001 90       		.byte	-112
 1356 0002 AC       		.byte	-84
 1357 0003 AF       		.byte	-81
 1358              		.section	.cycustnvl,"a",%progbits
 1359              		.align	2
 1360              		.type	cy_meta_custnvl, %object
 1361              		.size	cy_meta_custnvl, 4
 1362              	cy_meta_custnvl:
 1363 0000 00       		.byte	0
 1364 0001 00       		.byte	0
 1365 0002 40       		.byte	64
 1366 0003 05       		.byte	5
 1367              		.section	.cymeta,"a",%progbits
 1368              		.align	2
ARM GAS  C:\Users\HPz420\AppData\Local\Temp\cch0pyqk.s 			page 25


 1369              		.type	cy_metadata, %object
 1370              		.size	cy_metadata, 12
 1371              	cy_metadata:
 1372 0000 00       		.byte	0
 1373 0001 01       		.byte	1
 1374 0002 2E       		.byte	46
 1375 0003 13       		.byte	19
 1376 0004 30       		.byte	48
 1377 0005 69       		.byte	105
 1378 0006 00       		.byte	0
 1379 0007 01       		.byte	1
 1380 0008 00       		.byte	0
 1381 0009 00       		.byte	0
 1382 000a 00       		.byte	0
 1383 000b 00       		.byte	0
 1384              		.section	.cyflashprotect,"a",%progbits
 1385              		.align	2
 1386              		.type	cy_meta_flashprotect, %object
 1387              		.size	cy_meta_flashprotect, 128
 1388              	cy_meta_flashprotect:
 1389 0000 00000000 		.space	128
 1389      00000000 
 1389      00000000 
 1389      00000000 
 1389      00000000 
 1390              		.text
 1391              	.Letext0:
 1392              		.file 1 "c:\\program files (x86)\\cypress\\psoc creator\\4.4\\psoc creator\\import\\gnu\\arm\\5.4.
 1393              		.file 2 "c:\\program files (x86)\\cypress\\psoc creator\\4.4\\psoc creator\\import\\gnu\\arm\\5.4.
 1394              		.file 3 "Generated_Source\\PSoC5\\cymetadata.c"
 1395              		.section	.debug_info,"",%progbits
 1396              	.Ldebug_info0:
 1397 0000 32010000 		.4byte	0x132
 1398 0004 0400     		.2byte	0x4
 1399 0006 00000000 		.4byte	.Ldebug_abbrev0
 1400 000a 04       		.byte	0x4
 1401 000b 01       		.uleb128 0x1
 1402 000c 72000000 		.4byte	.LASF17
 1403 0010 0C       		.byte	0xc
 1404 0011 CC010000 		.4byte	.LASF18
 1405 0015 0A000000 		.4byte	.LASF19
 1406 0019 00000000 		.4byte	.Ldebug_line0
 1407 001d 02       		.uleb128 0x2
 1408 001e 01       		.byte	0x1
 1409 001f 06       		.byte	0x6
 1410 0020 C0010000 		.4byte	.LASF0
 1411 0024 03       		.uleb128 0x3
 1412 0025 00000000 		.4byte	.LASF9
 1413 0029 01       		.byte	0x1
 1414 002a 1D       		.byte	0x1d
 1415 002b 2F000000 		.4byte	0x2f
 1416 002f 02       		.uleb128 0x2
 1417 0030 01       		.byte	0x1
 1418 0031 08       		.byte	0x8
 1419 0032 64000000 		.4byte	.LASF1
 1420 0036 02       		.uleb128 0x2
 1421 0037 02       		.byte	0x2
ARM GAS  C:\Users\HPz420\AppData\Local\Temp\cch0pyqk.s 			page 26


 1422 0038 05       		.byte	0x5
 1423 0039 AD010000 		.4byte	.LASF2
 1424 003d 02       		.uleb128 0x2
 1425 003e 02       		.byte	0x2
 1426 003f 07       		.byte	0x7
 1427 0040 12010000 		.4byte	.LASF3
 1428 0044 02       		.uleb128 0x2
 1429 0045 04       		.byte	0x4
 1430 0046 05       		.byte	0x5
 1431 0047 B7010000 		.4byte	.LASF4
 1432 004b 02       		.uleb128 0x2
 1433 004c 04       		.byte	0x4
 1434 004d 07       		.byte	0x7
 1435 004e 00010000 		.4byte	.LASF5
 1436 0052 02       		.uleb128 0x2
 1437 0053 08       		.byte	0x8
 1438 0054 05       		.byte	0x5
 1439 0055 9F010000 		.4byte	.LASF6
 1440 0059 02       		.uleb128 0x2
 1441 005a 08       		.byte	0x8
 1442 005b 07       		.byte	0x7
 1443 005c 54010000 		.4byte	.LASF7
 1444 0060 04       		.uleb128 0x4
 1445 0061 04       		.byte	0x4
 1446 0062 05       		.byte	0x5
 1447 0063 696E7400 		.ascii	"int\000"
 1448 0067 02       		.uleb128 0x2
 1449 0068 04       		.byte	0x4
 1450 0069 07       		.byte	0x7
 1451 006a 47010000 		.4byte	.LASF8
 1452 006e 03       		.uleb128 0x3
 1453 006f 6B010000 		.4byte	.LASF10
 1454 0073 02       		.byte	0x2
 1455 0074 18       		.byte	0x18
 1456 0075 24000000 		.4byte	0x24
 1457 0079 05       		.uleb128 0x5
 1458 007a 91000000 		.4byte	0x91
 1459 007e 8A000000 		.4byte	0x8a
 1460 0082 06       		.uleb128 0x6
 1461 0083 8A000000 		.4byte	0x8a
 1462 0087 2705     		.2byte	0x527
 1463 0089 00       		.byte	0
 1464 008a 02       		.uleb128 0x2
 1465 008b 04       		.byte	0x4
 1466 008c 07       		.byte	0x7
 1467 008d 96010000 		.4byte	.LASF11
 1468 0091 07       		.uleb128 0x7
 1469 0092 6E000000 		.4byte	0x6e
 1470 0096 08       		.uleb128 0x8
 1471 0097 35010000 		.4byte	.LASF12
 1472 009b 03       		.byte	0x3
 1473 009c 1F       		.byte	0x1f
 1474 009d A7000000 		.4byte	0xa7
 1475 00a1 05       		.uleb128 0x5
 1476 00a2 03       		.byte	0x3
 1477 00a3 00000000 		.4byte	cy_meta_configecc
 1478 00a7 07       		.uleb128 0x7
ARM GAS  C:\Users\HPz420\AppData\Local\Temp\cch0pyqk.s 			page 27


 1479 00a8 79000000 		.4byte	0x79
 1480 00ac 05       		.uleb128 0x5
 1481 00ad 91000000 		.4byte	0x91
 1482 00b1 BC000000 		.4byte	0xbc
 1483 00b5 09       		.uleb128 0x9
 1484 00b6 8A000000 		.4byte	0x8a
 1485 00ba 03       		.byte	0x3
 1486 00bb 00       		.byte	0
 1487 00bc 08       		.uleb128 0x8
 1488 00bd 25010000 		.4byte	.LASF13
 1489 00c1 03       		.byte	0x3
 1490 00c2 D1       		.byte	0xd1
 1491 00c3 CD000000 		.4byte	0xcd
 1492 00c7 05       		.uleb128 0x5
 1493 00c8 03       		.byte	0x3
 1494 00c9 00000000 		.4byte	cy_meta_custnvl
 1495 00cd 07       		.uleb128 0x7
 1496 00ce AC000000 		.4byte	0xac
 1497 00d2 08       		.uleb128 0x8
 1498 00d3 88010000 		.4byte	.LASF14
 1499 00d7 03       		.byte	0x3
 1500 00d8 DF       		.byte	0xdf
 1501 00d9 E3000000 		.4byte	0xe3
 1502 00dd 05       		.uleb128 0x5
 1503 00de 03       		.byte	0x3
 1504 00df 00000000 		.4byte	cy_meta_wonvl
 1505 00e3 07       		.uleb128 0x7
 1506 00e4 AC000000 		.4byte	0xac
 1507 00e8 05       		.uleb128 0x5
 1508 00e9 91000000 		.4byte	0x91
 1509 00ed F8000000 		.4byte	0xf8
 1510 00f1 09       		.uleb128 0x9
 1511 00f2 8A000000 		.4byte	0x8a
 1512 00f6 7F       		.byte	0x7f
 1513 00f7 00       		.byte	0
 1514 00f8 08       		.uleb128 0x8
 1515 00f9 73010000 		.4byte	.LASF15
 1516 00fd 03       		.byte	0x3
 1517 00fe ED       		.byte	0xed
 1518 00ff 09010000 		.4byte	0x109
 1519 0103 05       		.uleb128 0x5
 1520 0104 03       		.byte	0x3
 1521 0105 00000000 		.4byte	cy_meta_flashprotect
 1522 0109 07       		.uleb128 0x7
 1523 010a E8000000 		.4byte	0xe8
 1524 010e 05       		.uleb128 0x5
 1525 010f 91000000 		.4byte	0x91
 1526 0113 1E010000 		.4byte	0x11e
 1527 0117 09       		.uleb128 0x9
 1528 0118 8A000000 		.4byte	0x8a
 1529 011c 0B       		.byte	0xb
 1530 011d 00       		.byte	0
 1531 011e 0A       		.uleb128 0xa
 1532 011f 58000000 		.4byte	.LASF16
 1533 0123 03       		.byte	0x3
 1534 0124 0A01     		.2byte	0x10a
 1535 0126 30010000 		.4byte	0x130
ARM GAS  C:\Users\HPz420\AppData\Local\Temp\cch0pyqk.s 			page 28


 1536 012a 05       		.uleb128 0x5
 1537 012b 03       		.byte	0x3
 1538 012c 00000000 		.4byte	cy_metadata
 1539 0130 07       		.uleb128 0x7
 1540 0131 0E010000 		.4byte	0x10e
 1541 0135 00       		.byte	0
 1542              		.section	.debug_abbrev,"",%progbits
 1543              	.Ldebug_abbrev0:
 1544 0000 01       		.uleb128 0x1
 1545 0001 11       		.uleb128 0x11
 1546 0002 01       		.byte	0x1
 1547 0003 25       		.uleb128 0x25
 1548 0004 0E       		.uleb128 0xe
 1549 0005 13       		.uleb128 0x13
 1550 0006 0B       		.uleb128 0xb
 1551 0007 03       		.uleb128 0x3
 1552 0008 0E       		.uleb128 0xe
 1553 0009 1B       		.uleb128 0x1b
 1554 000a 0E       		.uleb128 0xe
 1555 000b 10       		.uleb128 0x10
 1556 000c 17       		.uleb128 0x17
 1557 000d 00       		.byte	0
 1558 000e 00       		.byte	0
 1559 000f 02       		.uleb128 0x2
 1560 0010 24       		.uleb128 0x24
 1561 0011 00       		.byte	0
 1562 0012 0B       		.uleb128 0xb
 1563 0013 0B       		.uleb128 0xb
 1564 0014 3E       		.uleb128 0x3e
 1565 0015 0B       		.uleb128 0xb
 1566 0016 03       		.uleb128 0x3
 1567 0017 0E       		.uleb128 0xe
 1568 0018 00       		.byte	0
 1569 0019 00       		.byte	0
 1570 001a 03       		.uleb128 0x3
 1571 001b 16       		.uleb128 0x16
 1572 001c 00       		.byte	0
 1573 001d 03       		.uleb128 0x3
 1574 001e 0E       		.uleb128 0xe
 1575 001f 3A       		.uleb128 0x3a
 1576 0020 0B       		.uleb128 0xb
 1577 0021 3B       		.uleb128 0x3b
 1578 0022 0B       		.uleb128 0xb
 1579 0023 49       		.uleb128 0x49
 1580 0024 13       		.uleb128 0x13
 1581 0025 00       		.byte	0
 1582 0026 00       		.byte	0
 1583 0027 04       		.uleb128 0x4
 1584 0028 24       		.uleb128 0x24
 1585 0029 00       		.byte	0
 1586 002a 0B       		.uleb128 0xb
 1587 002b 0B       		.uleb128 0xb
 1588 002c 3E       		.uleb128 0x3e
 1589 002d 0B       		.uleb128 0xb
 1590 002e 03       		.uleb128 0x3
 1591 002f 08       		.uleb128 0x8
 1592 0030 00       		.byte	0
ARM GAS  C:\Users\HPz420\AppData\Local\Temp\cch0pyqk.s 			page 29


 1593 0031 00       		.byte	0
 1594 0032 05       		.uleb128 0x5
 1595 0033 01       		.uleb128 0x1
 1596 0034 01       		.byte	0x1
 1597 0035 49       		.uleb128 0x49
 1598 0036 13       		.uleb128 0x13
 1599 0037 01       		.uleb128 0x1
 1600 0038 13       		.uleb128 0x13
 1601 0039 00       		.byte	0
 1602 003a 00       		.byte	0
 1603 003b 06       		.uleb128 0x6
 1604 003c 21       		.uleb128 0x21
 1605 003d 00       		.byte	0
 1606 003e 49       		.uleb128 0x49
 1607 003f 13       		.uleb128 0x13
 1608 0040 2F       		.uleb128 0x2f
 1609 0041 05       		.uleb128 0x5
 1610 0042 00       		.byte	0
 1611 0043 00       		.byte	0
 1612 0044 07       		.uleb128 0x7
 1613 0045 26       		.uleb128 0x26
 1614 0046 00       		.byte	0
 1615 0047 49       		.uleb128 0x49
 1616 0048 13       		.uleb128 0x13
 1617 0049 00       		.byte	0
 1618 004a 00       		.byte	0
 1619 004b 08       		.uleb128 0x8
 1620 004c 34       		.uleb128 0x34
 1621 004d 00       		.byte	0
 1622 004e 03       		.uleb128 0x3
 1623 004f 0E       		.uleb128 0xe
 1624 0050 3A       		.uleb128 0x3a
 1625 0051 0B       		.uleb128 0xb
 1626 0052 3B       		.uleb128 0x3b
 1627 0053 0B       		.uleb128 0xb
 1628 0054 49       		.uleb128 0x49
 1629 0055 13       		.uleb128 0x13
 1630 0056 3F       		.uleb128 0x3f
 1631 0057 19       		.uleb128 0x19
 1632 0058 02       		.uleb128 0x2
 1633 0059 18       		.uleb128 0x18
 1634 005a 00       		.byte	0
 1635 005b 00       		.byte	0
 1636 005c 09       		.uleb128 0x9
 1637 005d 21       		.uleb128 0x21
 1638 005e 00       		.byte	0
 1639 005f 49       		.uleb128 0x49
 1640 0060 13       		.uleb128 0x13
 1641 0061 2F       		.uleb128 0x2f
 1642 0062 0B       		.uleb128 0xb
 1643 0063 00       		.byte	0
 1644 0064 00       		.byte	0
 1645 0065 0A       		.uleb128 0xa
 1646 0066 34       		.uleb128 0x34
 1647 0067 00       		.byte	0
 1648 0068 03       		.uleb128 0x3
 1649 0069 0E       		.uleb128 0xe
ARM GAS  C:\Users\HPz420\AppData\Local\Temp\cch0pyqk.s 			page 30


 1650 006a 3A       		.uleb128 0x3a
 1651 006b 0B       		.uleb128 0xb
 1652 006c 3B       		.uleb128 0x3b
 1653 006d 05       		.uleb128 0x5
 1654 006e 49       		.uleb128 0x49
 1655 006f 13       		.uleb128 0x13
 1656 0070 3F       		.uleb128 0x3f
 1657 0071 19       		.uleb128 0x19
 1658 0072 02       		.uleb128 0x2
 1659 0073 18       		.uleb128 0x18
 1660 0074 00       		.byte	0
 1661 0075 00       		.byte	0
 1662 0076 00       		.byte	0
 1663              		.section	.debug_aranges,"",%progbits
 1664 0000 14000000 		.4byte	0x14
 1665 0004 0200     		.2byte	0x2
 1666 0006 00000000 		.4byte	.Ldebug_info0
 1667 000a 04       		.byte	0x4
 1668 000b 00       		.byte	0
 1669 000c 0000     		.2byte	0
 1670 000e 0000     		.2byte	0
 1671 0010 00000000 		.4byte	0
 1672 0014 00000000 		.4byte	0
 1673              		.section	.debug_line,"",%progbits
 1674              	.Ldebug_line0:
 1675 0000 3D010000 		.section	.debug_str,"MS",%progbits,1
 1675      02003701 
 1675      00000201 
 1675      FB0E0D00 
 1675      01010101 
 1676              	.LASF9:
 1677 0000 5F5F7569 		.ascii	"__uint8_t\000"
 1677      6E74385F 
 1677      7400
 1678              	.LASF19:
 1679 000a 433A5C55 		.ascii	"C:\\Users\\HPz420\\Documents\\GitHub\\land-boards\\"
 1679      73657273 
 1679      5C48507A 
 1679      3432305C 
 1679      446F6375 
 1680 0037 4C422D52 		.ascii	"LB-RPPSOC\\RPPSOC-FAT-Chain.cydsn\000"
 1680      5050534F 
 1680      435C5250 
 1680      50534F43 
 1680      2D464154 
 1681              	.LASF16:
 1682 0058 63795F6D 		.ascii	"cy_metadata\000"
 1682      65746164 
 1682      61746100 
 1683              	.LASF1:
 1684 0064 756E7369 		.ascii	"unsigned char\000"
 1684      676E6564 
 1684      20636861 
 1684      7200
 1685              	.LASF17:
 1686 0072 474E5520 		.ascii	"GNU C11 5.4.1 20160609 (release) [ARM/embedded-5-br"
 1686      43313120 
ARM GAS  C:\Users\HPz420\AppData\Local\Temp\cch0pyqk.s 			page 31


 1686      352E342E 
 1686      31203230 
 1686      31363036 
 1687 00a5 616E6368 		.ascii	"anch revision 237715] -mcpu=cortex-m3 -mthumb -g -O"
 1687      20726576 
 1687      6973696F 
 1687      6E203233 
 1687      37373135 
 1688 00d8 67202D66 		.ascii	"g -ffunction-sections -ffat-lto-objects\000"
 1688      66756E63 
 1688      74696F6E 
 1688      2D736563 
 1688      74696F6E 
 1689              	.LASF5:
 1690 0100 6C6F6E67 		.ascii	"long unsigned int\000"
 1690      20756E73 
 1690      69676E65 
 1690      6420696E 
 1690      7400
 1691              	.LASF3:
 1692 0112 73686F72 		.ascii	"short unsigned int\000"
 1692      7420756E 
 1692      7369676E 
 1692      65642069 
 1692      6E7400
 1693              	.LASF13:
 1694 0125 63795F6D 		.ascii	"cy_meta_custnvl\000"
 1694      6574615F 
 1694      63757374 
 1694      6E766C00 
 1695              	.LASF12:
 1696 0135 63795F6D 		.ascii	"cy_meta_configecc\000"
 1696      6574615F 
 1696      636F6E66 
 1696      69676563 
 1696      6300
 1697              	.LASF8:
 1698 0147 756E7369 		.ascii	"unsigned int\000"
 1698      676E6564 
 1698      20696E74 
 1698      00
 1699              	.LASF7:
 1700 0154 6C6F6E67 		.ascii	"long long unsigned int\000"
 1700      206C6F6E 
 1700      6720756E 
 1700      7369676E 
 1700      65642069 
 1701              	.LASF10:
 1702 016b 75696E74 		.ascii	"uint8_t\000"
 1702      385F7400 
 1703              	.LASF15:
 1704 0173 63795F6D 		.ascii	"cy_meta_flashprotect\000"
 1704      6574615F 
 1704      666C6173 
 1704      6870726F 
 1704      74656374 
 1705              	.LASF14:
ARM GAS  C:\Users\HPz420\AppData\Local\Temp\cch0pyqk.s 			page 32


 1706 0188 63795F6D 		.ascii	"cy_meta_wonvl\000"
 1706      6574615F 
 1706      776F6E76 
 1706      6C00
 1707              	.LASF11:
 1708 0196 73697A65 		.ascii	"sizetype\000"
 1708      74797065 
 1708      00
 1709              	.LASF6:
 1710 019f 6C6F6E67 		.ascii	"long long int\000"
 1710      206C6F6E 
 1710      6720696E 
 1710      7400
 1711              	.LASF2:
 1712 01ad 73686F72 		.ascii	"short int\000"
 1712      7420696E 
 1712      7400
 1713              	.LASF4:
 1714 01b7 6C6F6E67 		.ascii	"long int\000"
 1714      20696E74 
 1714      00
 1715              	.LASF0:
 1716 01c0 7369676E 		.ascii	"signed char\000"
 1716      65642063 
 1716      68617200 
 1717              	.LASF18:
 1718 01cc 47656E65 		.ascii	"Generated_Source\\PSoC5\\cymetadata.c\000"
 1718      72617465 
 1718      645F536F 
 1718      75726365 
 1718      5C50536F 
 1719              		.ident	"GCC: (GNU Tools for ARM Embedded Processors) 5.4.1 20160609 (release) [ARM/embedded-5-bran
