ARM GAS  C:\Users\HPz420\AppData\Local\Temp\cc0eRlbf.s 			page 1


   1              		.syntax unified
   2              		.cpu cortex-m3
   3              		.fpu softvfp
   4              		.eabi_attribute 20, 1
   5              		.eabi_attribute 21, 1
   6              		.eabi_attribute 23, 3
   7              		.eabi_attribute 24, 1
   8              		.eabi_attribute 25, 1
   9              		.eabi_attribute 26, 1
  10              		.eabi_attribute 30, 1
  11              		.eabi_attribute 34, 1
  12              		.eabi_attribute 18, 4
  13              		.thumb
  14              		.syntax unified
  15              		.file	"I2C_1_PM.c"
  16              		.text
  17              	.Ltext0:
  18              		.cfi_sections	.debug_frame
  19              		.section	.text.I2C_1_SaveConfig,"ax",%progbits
  20              		.align	2
  21              		.global	I2C_1_SaveConfig
  22              		.thumb
  23              		.thumb_func
  24              		.type	I2C_1_SaveConfig, %function
  25              	I2C_1_SaveConfig:
  26              	.LFB0:
  27              		.file 1 "Generated_Source\\PSoC5\\I2C_1_PM.c"
   1:Generated_Source\PSoC5/I2C_1_PM.c **** /*******************************************************************************
   2:Generated_Source\PSoC5/I2C_1_PM.c **** * File Name: I2C_1_PM.c
   3:Generated_Source\PSoC5/I2C_1_PM.c **** * Version 3.50
   4:Generated_Source\PSoC5/I2C_1_PM.c **** *
   5:Generated_Source\PSoC5/I2C_1_PM.c **** * Description:
   6:Generated_Source\PSoC5/I2C_1_PM.c **** *  This file provides low power mode APIs for the I2C component.
   7:Generated_Source\PSoC5/I2C_1_PM.c **** *
   8:Generated_Source\PSoC5/I2C_1_PM.c **** ********************************************************************************
   9:Generated_Source\PSoC5/I2C_1_PM.c **** * Copyright 2008-2015, Cypress Semiconductor Corporation. All rights reserved.
  10:Generated_Source\PSoC5/I2C_1_PM.c **** * You may use this file only in accordance with the license, terms, conditions,
  11:Generated_Source\PSoC5/I2C_1_PM.c **** * disclaimers, and limitations in the end user license agreement accompanying
  12:Generated_Source\PSoC5/I2C_1_PM.c **** * the software package with which this file was provided.
  13:Generated_Source\PSoC5/I2C_1_PM.c **** *******************************************************************************/
  14:Generated_Source\PSoC5/I2C_1_PM.c **** 
  15:Generated_Source\PSoC5/I2C_1_PM.c **** #include "I2C_1_PVT.h"
  16:Generated_Source\PSoC5/I2C_1_PM.c **** 
  17:Generated_Source\PSoC5/I2C_1_PM.c **** I2C_1_BACKUP_STRUCT I2C_1_backup =
  18:Generated_Source\PSoC5/I2C_1_PM.c **** {
  19:Generated_Source\PSoC5/I2C_1_PM.c ****     I2C_1_DISABLE,
  20:Generated_Source\PSoC5/I2C_1_PM.c **** 
  21:Generated_Source\PSoC5/I2C_1_PM.c **** #if (I2C_1_FF_IMPLEMENTED)
  22:Generated_Source\PSoC5/I2C_1_PM.c ****     I2C_1_DEFAULT_XCFG,
  23:Generated_Source\PSoC5/I2C_1_PM.c ****     I2C_1_DEFAULT_CFG,
  24:Generated_Source\PSoC5/I2C_1_PM.c ****     I2C_1_DEFAULT_ADDR,
  25:Generated_Source\PSoC5/I2C_1_PM.c ****     LO8(I2C_1_DEFAULT_DIVIDE_FACTOR),
  26:Generated_Source\PSoC5/I2C_1_PM.c ****     HI8(I2C_1_DEFAULT_DIVIDE_FACTOR),
  27:Generated_Source\PSoC5/I2C_1_PM.c **** #else  /* (I2C_1_UDB_IMPLEMENTED) */
  28:Generated_Source\PSoC5/I2C_1_PM.c ****     I2C_1_DEFAULT_CFG,
  29:Generated_Source\PSoC5/I2C_1_PM.c **** #endif /* (I2C_1_FF_IMPLEMENTED) */
  30:Generated_Source\PSoC5/I2C_1_PM.c **** 
ARM GAS  C:\Users\HPz420\AppData\Local\Temp\cc0eRlbf.s 			page 2


  31:Generated_Source\PSoC5/I2C_1_PM.c **** #if (I2C_1_TIMEOUT_ENABLED)
  32:Generated_Source\PSoC5/I2C_1_PM.c ****     I2C_1_DEFAULT_TMOUT_PERIOD,
  33:Generated_Source\PSoC5/I2C_1_PM.c ****     I2C_1_DEFAULT_TMOUT_INTR_MASK,
  34:Generated_Source\PSoC5/I2C_1_PM.c **** #endif /* (I2C_1_TIMEOUT_ENABLED) */
  35:Generated_Source\PSoC5/I2C_1_PM.c **** };
  36:Generated_Source\PSoC5/I2C_1_PM.c **** 
  37:Generated_Source\PSoC5/I2C_1_PM.c **** #if ((I2C_1_FF_IMPLEMENTED) && (I2C_1_WAKEUP_ENABLED))
  38:Generated_Source\PSoC5/I2C_1_PM.c ****     volatile uint8 I2C_1_wakeupSource;
  39:Generated_Source\PSoC5/I2C_1_PM.c **** #endif /* ((I2C_1_FF_IMPLEMENTED) && (I2C_1_WAKEUP_ENABLED)) */
  40:Generated_Source\PSoC5/I2C_1_PM.c **** 
  41:Generated_Source\PSoC5/I2C_1_PM.c **** 
  42:Generated_Source\PSoC5/I2C_1_PM.c **** /*******************************************************************************
  43:Generated_Source\PSoC5/I2C_1_PM.c **** * Function Name: I2C_1_SaveConfig
  44:Generated_Source\PSoC5/I2C_1_PM.c **** ********************************************************************************
  45:Generated_Source\PSoC5/I2C_1_PM.c **** *
  46:Generated_Source\PSoC5/I2C_1_PM.c **** * Summary:
  47:Generated_Source\PSoC5/I2C_1_PM.c **** *  The Enable wakeup from Sleep Mode selection influences this function
  48:Generated_Source\PSoC5/I2C_1_PM.c **** *  implementation:
  49:Generated_Source\PSoC5/I2C_1_PM.c **** *   Unchecked: Stores the component non-retention configuration registers.
  50:Generated_Source\PSoC5/I2C_1_PM.c **** *   Checked:   Disables the master, if it was enabled before, and enables
  51:Generated_Source\PSoC5/I2C_1_PM.c **** *              backup regulator of the I2C hardware. If a transaction intended
  52:Generated_Source\PSoC5/I2C_1_PM.c **** *              for component executes during this function call, it waits until
  53:Generated_Source\PSoC5/I2C_1_PM.c **** *              the current transaction is completed and I2C hardware is ready
  54:Generated_Source\PSoC5/I2C_1_PM.c **** *              to enter sleep mode. All subsequent I2C traffic is NAKed until
  55:Generated_Source\PSoC5/I2C_1_PM.c **** *              the device is put into sleep mode.
  56:Generated_Source\PSoC5/I2C_1_PM.c **** *
  57:Generated_Source\PSoC5/I2C_1_PM.c **** * Parameters:
  58:Generated_Source\PSoC5/I2C_1_PM.c **** *  None.
  59:Generated_Source\PSoC5/I2C_1_PM.c **** *
  60:Generated_Source\PSoC5/I2C_1_PM.c **** * Return:
  61:Generated_Source\PSoC5/I2C_1_PM.c **** *  None.
  62:Generated_Source\PSoC5/I2C_1_PM.c **** *
  63:Generated_Source\PSoC5/I2C_1_PM.c **** * Global Variables:
  64:Generated_Source\PSoC5/I2C_1_PM.c **** *  I2C_1_backup - The global variable used to save the component
  65:Generated_Source\PSoC5/I2C_1_PM.c **** *                            configuration and non-retention registers before
  66:Generated_Source\PSoC5/I2C_1_PM.c **** *                            entering the sleep mode.
  67:Generated_Source\PSoC5/I2C_1_PM.c **** *
  68:Generated_Source\PSoC5/I2C_1_PM.c **** * Reentrant:
  69:Generated_Source\PSoC5/I2C_1_PM.c **** *  No.
  70:Generated_Source\PSoC5/I2C_1_PM.c **** *
  71:Generated_Source\PSoC5/I2C_1_PM.c **** *******************************************************************************/
  72:Generated_Source\PSoC5/I2C_1_PM.c **** void I2C_1_SaveConfig(void) 
  73:Generated_Source\PSoC5/I2C_1_PM.c **** {
  28              		.loc 1 73 0
  29              		.cfi_startproc
  30              		@ args = 0, pretend = 0, frame = 0
  31              		@ frame_needed = 0, uses_anonymous_args = 0
  32              		@ link register save eliminated.
  74:Generated_Source\PSoC5/I2C_1_PM.c **** #if (I2C_1_FF_IMPLEMENTED)
  75:Generated_Source\PSoC5/I2C_1_PM.c ****     #if (I2C_1_WAKEUP_ENABLED)
  76:Generated_Source\PSoC5/I2C_1_PM.c ****         uint8 intState;
  77:Generated_Source\PSoC5/I2C_1_PM.c ****     #endif /* (I2C_1_WAKEUP_ENABLED) */
  78:Generated_Source\PSoC5/I2C_1_PM.c **** 
  79:Generated_Source\PSoC5/I2C_1_PM.c ****     /* Store registers before enter low power mode */
  80:Generated_Source\PSoC5/I2C_1_PM.c ****     I2C_1_backup.cfg     = I2C_1_CFG_REG;
  33              		.loc 1 80 0
  34 0000 084B     		ldr	r3, .L2
ARM GAS  C:\Users\HPz420\AppData\Local\Temp\cc0eRlbf.s 			page 3


  35 0002 1A78     		ldrb	r2, [r3]	@ zero_extendqisi2
  36 0004 084B     		ldr	r3, .L2+4
  37 0006 9A70     		strb	r2, [r3, #2]
  81:Generated_Source\PSoC5/I2C_1_PM.c ****     I2C_1_backup.xcfg    = I2C_1_XCFG_REG;
  38              		.loc 1 81 0
  39 0008 084A     		ldr	r2, .L2+8
  40 000a 1278     		ldrb	r2, [r2]	@ zero_extendqisi2
  41 000c 5A70     		strb	r2, [r3, #1]
  82:Generated_Source\PSoC5/I2C_1_PM.c ****     I2C_1_backup.addr    = I2C_1_ADDR_REG;
  42              		.loc 1 82 0
  43 000e 084A     		ldr	r2, .L2+12
  44 0010 1278     		ldrb	r2, [r2]	@ zero_extendqisi2
  45 0012 DA70     		strb	r2, [r3, #3]
  83:Generated_Source\PSoC5/I2C_1_PM.c ****     I2C_1_backup.clkDiv1 = I2C_1_CLKDIV1_REG;
  46              		.loc 1 83 0
  47 0014 074A     		ldr	r2, .L2+16
  48 0016 1278     		ldrb	r2, [r2]	@ zero_extendqisi2
  49 0018 1A71     		strb	r2, [r3, #4]
  84:Generated_Source\PSoC5/I2C_1_PM.c ****     I2C_1_backup.clkDiv2 = I2C_1_CLKDIV2_REG;
  50              		.loc 1 84 0
  51 001a 074A     		ldr	r2, .L2+20
  52 001c 1278     		ldrb	r2, [r2]	@ zero_extendqisi2
  53 001e 5A71     		strb	r2, [r3, #5]
  54 0020 7047     		bx	lr
  55              	.L3:
  56 0022 00BF     		.align	2
  57              	.L2:
  58 0024 D6490040 		.word	1073760726
  59 0028 00000000 		.word	.LANCHOR0
  60 002c C8490040 		.word	1073760712
  61 0030 CA490040 		.word	1073760714
  62 0034 DB490040 		.word	1073760731
  63 0038 DC490040 		.word	1073760732
  64              		.cfi_endproc
  65              	.LFE0:
  66              		.size	I2C_1_SaveConfig, .-I2C_1_SaveConfig
  67              		.section	.text.I2C_1_Sleep,"ax",%progbits
  68              		.align	2
  69              		.global	I2C_1_Sleep
  70              		.thumb
  71              		.thumb_func
  72              		.type	I2C_1_Sleep, %function
  73              	I2C_1_Sleep:
  74              	.LFB1:
  85:Generated_Source\PSoC5/I2C_1_PM.c **** 
  86:Generated_Source\PSoC5/I2C_1_PM.c **** #if (I2C_1_WAKEUP_ENABLED)
  87:Generated_Source\PSoC5/I2C_1_PM.c ****     /* Disable master */
  88:Generated_Source\PSoC5/I2C_1_PM.c ****     I2C_1_CFG_REG &= (uint8) ~I2C_1_ENABLE_MASTER;
  89:Generated_Source\PSoC5/I2C_1_PM.c **** 
  90:Generated_Source\PSoC5/I2C_1_PM.c ****     /* Enable backup regulator to keep block powered in low power mode */
  91:Generated_Source\PSoC5/I2C_1_PM.c ****     intState = CyEnterCriticalSection();
  92:Generated_Source\PSoC5/I2C_1_PM.c ****     I2C_1_PWRSYS_CR1_REG |= I2C_1_PWRSYS_CR1_I2C_REG_BACKUP;
  93:Generated_Source\PSoC5/I2C_1_PM.c ****     CyExitCriticalSection(intState);
  94:Generated_Source\PSoC5/I2C_1_PM.c **** 
  95:Generated_Source\PSoC5/I2C_1_PM.c ****     /* 1) Set force NACK to ignore I2C transactions;
  96:Generated_Source\PSoC5/I2C_1_PM.c ****     *  2) Wait unti I2C is ready go to Sleep; !!
  97:Generated_Source\PSoC5/I2C_1_PM.c ****     *  3) These bits are cleared on wake up.
ARM GAS  C:\Users\HPz420\AppData\Local\Temp\cc0eRlbf.s 			page 4


  98:Generated_Source\PSoC5/I2C_1_PM.c ****     */
  99:Generated_Source\PSoC5/I2C_1_PM.c ****     /* Wait when block is ready for sleep */
 100:Generated_Source\PSoC5/I2C_1_PM.c ****     I2C_1_XCFG_REG |= I2C_1_XCFG_FORCE_NACK;
 101:Generated_Source\PSoC5/I2C_1_PM.c ****     while (0u == (I2C_1_XCFG_REG & I2C_1_XCFG_RDY_TO_SLEEP))
 102:Generated_Source\PSoC5/I2C_1_PM.c ****     {
 103:Generated_Source\PSoC5/I2C_1_PM.c ****     }
 104:Generated_Source\PSoC5/I2C_1_PM.c **** 
 105:Generated_Source\PSoC5/I2C_1_PM.c ****     /* Setup wakeup interrupt */
 106:Generated_Source\PSoC5/I2C_1_PM.c ****     I2C_1_DisableInt();
 107:Generated_Source\PSoC5/I2C_1_PM.c ****     (void) CyIntSetVector(I2C_1_ISR_NUMBER, &I2C_1_WAKEUP_ISR);
 108:Generated_Source\PSoC5/I2C_1_PM.c ****     I2C_1_wakeupSource = 0u;
 109:Generated_Source\PSoC5/I2C_1_PM.c ****     I2C_1_EnableInt();
 110:Generated_Source\PSoC5/I2C_1_PM.c **** #endif /* (I2C_1_WAKEUP_ENABLED) */
 111:Generated_Source\PSoC5/I2C_1_PM.c **** 
 112:Generated_Source\PSoC5/I2C_1_PM.c **** #else
 113:Generated_Source\PSoC5/I2C_1_PM.c ****     /* Store only address match bit */
 114:Generated_Source\PSoC5/I2C_1_PM.c ****     I2C_1_backup.control = (I2C_1_CFG_REG & I2C_1_CTRL_ANY_ADDRESS_MASK);
 115:Generated_Source\PSoC5/I2C_1_PM.c **** #endif /* (I2C_1_FF_IMPLEMENTED) */
 116:Generated_Source\PSoC5/I2C_1_PM.c **** 
 117:Generated_Source\PSoC5/I2C_1_PM.c **** #if (I2C_1_TIMEOUT_ENABLED)
 118:Generated_Source\PSoC5/I2C_1_PM.c ****     I2C_1_TimeoutSaveConfig();
 119:Generated_Source\PSoC5/I2C_1_PM.c **** #endif /* (I2C_1_TIMEOUT_ENABLED) */
 120:Generated_Source\PSoC5/I2C_1_PM.c **** }
 121:Generated_Source\PSoC5/I2C_1_PM.c **** 
 122:Generated_Source\PSoC5/I2C_1_PM.c **** 
 123:Generated_Source\PSoC5/I2C_1_PM.c **** /*******************************************************************************
 124:Generated_Source\PSoC5/I2C_1_PM.c **** * Function Name: I2C_1_Sleep
 125:Generated_Source\PSoC5/I2C_1_PM.c **** ********************************************************************************
 126:Generated_Source\PSoC5/I2C_1_PM.c **** *
 127:Generated_Source\PSoC5/I2C_1_PM.c **** * Summary:
 128:Generated_Source\PSoC5/I2C_1_PM.c **** *  This is the preferred method to prepare the component before device enters
 129:Generated_Source\PSoC5/I2C_1_PM.c **** *  sleep mode. The Enable wakeup from Sleep Mode selection influences this
 130:Generated_Source\PSoC5/I2C_1_PM.c **** *  function implementation:
 131:Generated_Source\PSoC5/I2C_1_PM.c **** *   Unchecked: Checks current I2C component state, saves it, and disables the
 132:Generated_Source\PSoC5/I2C_1_PM.c **** *              component by calling I2C_Stop() if it is currently enabled.
 133:Generated_Source\PSoC5/I2C_1_PM.c **** *              I2C_SaveConfig() is then called to save the component
 134:Generated_Source\PSoC5/I2C_1_PM.c **** *              non-retention configuration registers.
 135:Generated_Source\PSoC5/I2C_1_PM.c **** *   Checked:   If a transaction intended for component executes during this
 136:Generated_Source\PSoC5/I2C_1_PM.c **** *              function call, it waits until the current transaction is
 137:Generated_Source\PSoC5/I2C_1_PM.c **** *              completed. All subsequent I2C traffic intended for component
 138:Generated_Source\PSoC5/I2C_1_PM.c **** *              is NAKed until the device is put to sleep mode. The address
 139:Generated_Source\PSoC5/I2C_1_PM.c **** *              match event wakes up the device.
 140:Generated_Source\PSoC5/I2C_1_PM.c **** *
 141:Generated_Source\PSoC5/I2C_1_PM.c **** * Parameters:
 142:Generated_Source\PSoC5/I2C_1_PM.c **** *  None.
 143:Generated_Source\PSoC5/I2C_1_PM.c **** *
 144:Generated_Source\PSoC5/I2C_1_PM.c **** * Return:
 145:Generated_Source\PSoC5/I2C_1_PM.c **** *  None.
 146:Generated_Source\PSoC5/I2C_1_PM.c **** *
 147:Generated_Source\PSoC5/I2C_1_PM.c **** * Reentrant:
 148:Generated_Source\PSoC5/I2C_1_PM.c **** *  No.
 149:Generated_Source\PSoC5/I2C_1_PM.c **** *
 150:Generated_Source\PSoC5/I2C_1_PM.c **** *******************************************************************************/
 151:Generated_Source\PSoC5/I2C_1_PM.c **** void I2C_1_Sleep(void) 
 152:Generated_Source\PSoC5/I2C_1_PM.c **** {
  75              		.loc 1 152 0
  76              		.cfi_startproc
ARM GAS  C:\Users\HPz420\AppData\Local\Temp\cc0eRlbf.s 			page 5


  77              		@ args = 0, pretend = 0, frame = 0
  78              		@ frame_needed = 0, uses_anonymous_args = 0
  79 0000 08B5     		push	{r3, lr}
  80              		.cfi_def_cfa_offset 8
  81              		.cfi_offset 3, -8
  82              		.cfi_offset 14, -4
 153:Generated_Source\PSoC5/I2C_1_PM.c **** #if (I2C_1_WAKEUP_ENABLED)
 154:Generated_Source\PSoC5/I2C_1_PM.c ****     /* Do not enable block after exit low power mode if it is wakeup source */
 155:Generated_Source\PSoC5/I2C_1_PM.c ****     I2C_1_backup.enableState = I2C_1_DISABLE;
 156:Generated_Source\PSoC5/I2C_1_PM.c **** 
 157:Generated_Source\PSoC5/I2C_1_PM.c ****     #if (I2C_1_TIMEOUT_ENABLED)
 158:Generated_Source\PSoC5/I2C_1_PM.c ****         I2C_1_TimeoutStop();
 159:Generated_Source\PSoC5/I2C_1_PM.c ****     #endif /* (I2C_1_TIMEOUT_ENABLED) */
 160:Generated_Source\PSoC5/I2C_1_PM.c **** 
 161:Generated_Source\PSoC5/I2C_1_PM.c **** #else
 162:Generated_Source\PSoC5/I2C_1_PM.c ****     /* Store enable state */
 163:Generated_Source\PSoC5/I2C_1_PM.c ****     I2C_1_backup.enableState = (uint8) I2C_1_IS_ENABLED;
  83              		.loc 1 163 0
  84 0002 064B     		ldr	r3, .L7
  85 0004 1B78     		ldrb	r3, [r3]	@ zero_extendqisi2
  86 0006 C3F38003 		ubfx	r3, r3, #2, #1
  87 000a 054A     		ldr	r2, .L7+4
  88 000c 1370     		strb	r3, [r2]
 164:Generated_Source\PSoC5/I2C_1_PM.c **** 
 165:Generated_Source\PSoC5/I2C_1_PM.c ****     if (0u != I2C_1_backup.enableState)
  89              		.loc 1 165 0
  90 000e 0BB1     		cbz	r3, .L5
 166:Generated_Source\PSoC5/I2C_1_PM.c ****     {
 167:Generated_Source\PSoC5/I2C_1_PM.c ****         I2C_1_Stop();
  91              		.loc 1 167 0
  92 0010 FFF7FEFF 		bl	I2C_1_Stop
  93              	.LVL0:
  94              	.L5:
 168:Generated_Source\PSoC5/I2C_1_PM.c ****     }
 169:Generated_Source\PSoC5/I2C_1_PM.c **** #endif /* (I2C_1_WAKEUP_ENABLED) */
 170:Generated_Source\PSoC5/I2C_1_PM.c **** 
 171:Generated_Source\PSoC5/I2C_1_PM.c ****     I2C_1_SaveConfig();
  95              		.loc 1 171 0
  96 0014 FFF7FEFF 		bl	I2C_1_SaveConfig
  97              	.LVL1:
  98 0018 08BD     		pop	{r3, pc}
  99              	.L8:
 100 001a 00BF     		.align	2
 101              	.L7:
 102 001c A5430040 		.word	1073759141
 103 0020 00000000 		.word	.LANCHOR0
 104              		.cfi_endproc
 105              	.LFE1:
 106              		.size	I2C_1_Sleep, .-I2C_1_Sleep
 107              		.section	.text.I2C_1_RestoreConfig,"ax",%progbits
 108              		.align	2
 109              		.global	I2C_1_RestoreConfig
 110              		.thumb
 111              		.thumb_func
 112              		.type	I2C_1_RestoreConfig, %function
 113              	I2C_1_RestoreConfig:
 114              	.LFB2:
ARM GAS  C:\Users\HPz420\AppData\Local\Temp\cc0eRlbf.s 			page 6


 172:Generated_Source\PSoC5/I2C_1_PM.c **** }
 173:Generated_Source\PSoC5/I2C_1_PM.c **** 
 174:Generated_Source\PSoC5/I2C_1_PM.c **** 
 175:Generated_Source\PSoC5/I2C_1_PM.c **** /*******************************************************************************
 176:Generated_Source\PSoC5/I2C_1_PM.c **** * Function Name: I2C_1_RestoreConfig
 177:Generated_Source\PSoC5/I2C_1_PM.c **** ********************************************************************************
 178:Generated_Source\PSoC5/I2C_1_PM.c **** *
 179:Generated_Source\PSoC5/I2C_1_PM.c **** * Summary:
 180:Generated_Source\PSoC5/I2C_1_PM.c **** *  The Enable wakeup from Sleep Mode selection influences this function
 181:Generated_Source\PSoC5/I2C_1_PM.c **** *  implementation:
 182:Generated_Source\PSoC5/I2C_1_PM.c **** *   Unchecked: Restores the component non-retention configuration registers
 183:Generated_Source\PSoC5/I2C_1_PM.c **** *              to the state they were in before I2C_Sleep() or I2C_SaveConfig()
 184:Generated_Source\PSoC5/I2C_1_PM.c **** *              was called.
 185:Generated_Source\PSoC5/I2C_1_PM.c **** *   Checked:   Disables the backup regulator of the I2C hardware. Sets up the
 186:Generated_Source\PSoC5/I2C_1_PM.c **** *              regular component interrupt handler and generates the component
 187:Generated_Source\PSoC5/I2C_1_PM.c **** *              interrupt if it was wake up source to release the bus and
 188:Generated_Source\PSoC5/I2C_1_PM.c **** *              continue in-coming I2C transaction.
 189:Generated_Source\PSoC5/I2C_1_PM.c **** *
 190:Generated_Source\PSoC5/I2C_1_PM.c **** * Parameters:
 191:Generated_Source\PSoC5/I2C_1_PM.c **** *  None.
 192:Generated_Source\PSoC5/I2C_1_PM.c **** *
 193:Generated_Source\PSoC5/I2C_1_PM.c **** * Return:
 194:Generated_Source\PSoC5/I2C_1_PM.c **** *  None.
 195:Generated_Source\PSoC5/I2C_1_PM.c **** *
 196:Generated_Source\PSoC5/I2C_1_PM.c **** * Global Variables:
 197:Generated_Source\PSoC5/I2C_1_PM.c **** *  I2C_1_backup - The global variable used to save the component
 198:Generated_Source\PSoC5/I2C_1_PM.c **** *                            configuration and non-retention registers before
 199:Generated_Source\PSoC5/I2C_1_PM.c **** *                            exiting the sleep mode.
 200:Generated_Source\PSoC5/I2C_1_PM.c **** *
 201:Generated_Source\PSoC5/I2C_1_PM.c **** * Reentrant:
 202:Generated_Source\PSoC5/I2C_1_PM.c **** *  No.
 203:Generated_Source\PSoC5/I2C_1_PM.c **** *
 204:Generated_Source\PSoC5/I2C_1_PM.c **** * Side Effects:
 205:Generated_Source\PSoC5/I2C_1_PM.c **** *  Calling this function before I2C_1_SaveConfig() or
 206:Generated_Source\PSoC5/I2C_1_PM.c **** *  I2C_1_Sleep() will lead to unpredictable results.
 207:Generated_Source\PSoC5/I2C_1_PM.c **** *
 208:Generated_Source\PSoC5/I2C_1_PM.c **** *******************************************************************************/
 209:Generated_Source\PSoC5/I2C_1_PM.c **** void I2C_1_RestoreConfig(void) 
 210:Generated_Source\PSoC5/I2C_1_PM.c **** {
 115              		.loc 1 210 0
 116              		.cfi_startproc
 117              		@ args = 0, pretend = 0, frame = 0
 118              		@ frame_needed = 0, uses_anonymous_args = 0
 119 0000 08B5     		push	{r3, lr}
 120              		.cfi_def_cfa_offset 8
 121              		.cfi_offset 3, -8
 122              		.cfi_offset 14, -4
 211:Generated_Source\PSoC5/I2C_1_PM.c **** #if (I2C_1_FF_IMPLEMENTED)
 212:Generated_Source\PSoC5/I2C_1_PM.c ****     uint8 intState;
 213:Generated_Source\PSoC5/I2C_1_PM.c **** 
 214:Generated_Source\PSoC5/I2C_1_PM.c ****     if (I2C_1_CHECK_PWRSYS_I2C_BACKUP)
 123              		.loc 1 214 0
 124 0002 124B     		ldr	r3, .L13
 125 0004 1B78     		ldrb	r3, [r3]	@ zero_extendqisi2
 126 0006 13F0040F 		tst	r3, #4
 127 000a 0DD0     		beq	.L10
 215:Generated_Source\PSoC5/I2C_1_PM.c ****     /* Low power mode was Sleep - backup regulator is enabled */
ARM GAS  C:\Users\HPz420\AppData\Local\Temp\cc0eRlbf.s 			page 7


 216:Generated_Source\PSoC5/I2C_1_PM.c ****     {
 217:Generated_Source\PSoC5/I2C_1_PM.c ****         /* Enable backup regulator in active mode */
 218:Generated_Source\PSoC5/I2C_1_PM.c ****         intState = CyEnterCriticalSection();
 128              		.loc 1 218 0
 129 000c FFF7FEFF 		bl	CyEnterCriticalSection
 130              	.LVL2:
 219:Generated_Source\PSoC5/I2C_1_PM.c ****         I2C_1_PWRSYS_CR1_REG &= (uint8) ~I2C_1_PWRSYS_CR1_I2C_REG_BACKUP;
 131              		.loc 1 219 0
 132 0010 0E4A     		ldr	r2, .L13
 133 0012 1378     		ldrb	r3, [r2]	@ zero_extendqisi2
 134 0014 03F0FB03 		and	r3, r3, #251
 135 0018 1370     		strb	r3, [r2]
 220:Generated_Source\PSoC5/I2C_1_PM.c ****         CyExitCriticalSection(intState);
 136              		.loc 1 220 0
 137 001a FFF7FEFF 		bl	CyExitCriticalSection
 138              	.LVL3:
 221:Generated_Source\PSoC5/I2C_1_PM.c **** 
 222:Generated_Source\PSoC5/I2C_1_PM.c ****         /* Restore master */
 223:Generated_Source\PSoC5/I2C_1_PM.c ****         I2C_1_CFG_REG = I2C_1_backup.cfg;
 139              		.loc 1 223 0
 140 001e 0C4B     		ldr	r3, .L13+4
 141 0020 9A78     		ldrb	r2, [r3, #2]	@ zero_extendqisi2
 142 0022 0C4B     		ldr	r3, .L13+8
 143 0024 1A70     		strb	r2, [r3]
 144 0026 08BD     		pop	{r3, pc}
 145              	.L10:
 224:Generated_Source\PSoC5/I2C_1_PM.c ****     }
 225:Generated_Source\PSoC5/I2C_1_PM.c ****     else
 226:Generated_Source\PSoC5/I2C_1_PM.c ****     /* Low power mode was Hibernate - backup regulator is disabled. All registers are cleared */
 227:Generated_Source\PSoC5/I2C_1_PM.c ****     {
 228:Generated_Source\PSoC5/I2C_1_PM.c ****     #if (I2C_1_WAKEUP_ENABLED)
 229:Generated_Source\PSoC5/I2C_1_PM.c ****         /* Disable power to block before register restore */
 230:Generated_Source\PSoC5/I2C_1_PM.c ****         intState = CyEnterCriticalSection();
 231:Generated_Source\PSoC5/I2C_1_PM.c ****         I2C_1_ACT_PWRMGR_REG  &= (uint8) ~I2C_1_ACT_PWR_EN;
 232:Generated_Source\PSoC5/I2C_1_PM.c ****         I2C_1_STBY_PWRMGR_REG &= (uint8) ~I2C_1_STBY_PWR_EN;
 233:Generated_Source\PSoC5/I2C_1_PM.c ****         CyExitCriticalSection(intState);
 234:Generated_Source\PSoC5/I2C_1_PM.c **** 
 235:Generated_Source\PSoC5/I2C_1_PM.c ****         /* Enable component in I2C_Wakeup() after register restore */
 236:Generated_Source\PSoC5/I2C_1_PM.c ****         I2C_1_backup.enableState = I2C_1_ENABLE;
 237:Generated_Source\PSoC5/I2C_1_PM.c ****     #endif /* (I2C_1_WAKEUP_ENABLED) */
 238:Generated_Source\PSoC5/I2C_1_PM.c **** 
 239:Generated_Source\PSoC5/I2C_1_PM.c ****         /* Restore component registers after Hibernate */
 240:Generated_Source\PSoC5/I2C_1_PM.c ****         I2C_1_XCFG_REG    = I2C_1_backup.xcfg;
 146              		.loc 1 240 0
 147 0028 094B     		ldr	r3, .L13+4
 148 002a 5978     		ldrb	r1, [r3, #1]	@ zero_extendqisi2
 149 002c 0A4A     		ldr	r2, .L13+12
 150 002e 1170     		strb	r1, [r2]
 241:Generated_Source\PSoC5/I2C_1_PM.c ****         I2C_1_CFG_REG     = I2C_1_backup.cfg;
 151              		.loc 1 241 0
 152 0030 9978     		ldrb	r1, [r3, #2]	@ zero_extendqisi2
 153 0032 0E32     		adds	r2, r2, #14
 154 0034 1170     		strb	r1, [r2]
 242:Generated_Source\PSoC5/I2C_1_PM.c ****         I2C_1_ADDR_REG    = I2C_1_backup.addr;
 155              		.loc 1 242 0
 156 0036 D978     		ldrb	r1, [r3, #3]	@ zero_extendqisi2
 157 0038 0C3A     		subs	r2, r2, #12
ARM GAS  C:\Users\HPz420\AppData\Local\Temp\cc0eRlbf.s 			page 8


 158 003a 1170     		strb	r1, [r2]
 243:Generated_Source\PSoC5/I2C_1_PM.c ****         I2C_1_CLKDIV1_REG = I2C_1_backup.clkDiv1;
 159              		.loc 1 243 0
 160 003c 1979     		ldrb	r1, [r3, #4]	@ zero_extendqisi2
 161 003e 1132     		adds	r2, r2, #17
 162 0040 1170     		strb	r1, [r2]
 244:Generated_Source\PSoC5/I2C_1_PM.c ****         I2C_1_CLKDIV2_REG = I2C_1_backup.clkDiv2;
 163              		.loc 1 244 0
 164 0042 5A79     		ldrb	r2, [r3, #5]	@ zero_extendqisi2
 165 0044 054B     		ldr	r3, .L13+16
 166 0046 1A70     		strb	r2, [r3]
 167 0048 08BD     		pop	{r3, pc}
 168              	.L14:
 169 004a 00BF     		.align	2
 170              	.L13:
 171 004c 31430040 		.word	1073759025
 172 0050 00000000 		.word	.LANCHOR0
 173 0054 D6490040 		.word	1073760726
 174 0058 C8490040 		.word	1073760712
 175 005c DC490040 		.word	1073760732
 176              		.cfi_endproc
 177              	.LFE2:
 178              		.size	I2C_1_RestoreConfig, .-I2C_1_RestoreConfig
 179              		.section	.text.I2C_1_Wakeup,"ax",%progbits
 180              		.align	2
 181              		.global	I2C_1_Wakeup
 182              		.thumb
 183              		.thumb_func
 184              		.type	I2C_1_Wakeup, %function
 185              	I2C_1_Wakeup:
 186              	.LFB3:
 245:Generated_Source\PSoC5/I2C_1_PM.c ****     }
 246:Generated_Source\PSoC5/I2C_1_PM.c **** 
 247:Generated_Source\PSoC5/I2C_1_PM.c **** #if (I2C_1_WAKEUP_ENABLED)
 248:Generated_Source\PSoC5/I2C_1_PM.c ****     I2C_1_DisableInt();
 249:Generated_Source\PSoC5/I2C_1_PM.c ****     (void) CyIntSetVector(I2C_1_ISR_NUMBER, &I2C_1_ISR);
 250:Generated_Source\PSoC5/I2C_1_PM.c ****     if (0u != I2C_1_wakeupSource)
 251:Generated_Source\PSoC5/I2C_1_PM.c ****     {
 252:Generated_Source\PSoC5/I2C_1_PM.c ****         /* Generate interrupt to process incoming transaction */
 253:Generated_Source\PSoC5/I2C_1_PM.c ****         I2C_1_SetPendingInt();
 254:Generated_Source\PSoC5/I2C_1_PM.c ****     }
 255:Generated_Source\PSoC5/I2C_1_PM.c ****     I2C_1_EnableInt();
 256:Generated_Source\PSoC5/I2C_1_PM.c **** #endif /* (I2C_1_WAKEUP_ENABLED) */
 257:Generated_Source\PSoC5/I2C_1_PM.c **** 
 258:Generated_Source\PSoC5/I2C_1_PM.c **** #else
 259:Generated_Source\PSoC5/I2C_1_PM.c ****     I2C_1_CFG_REG = I2C_1_backup.control;
 260:Generated_Source\PSoC5/I2C_1_PM.c **** #endif /* (I2C_1_FF_IMPLEMENTED) */
 261:Generated_Source\PSoC5/I2C_1_PM.c **** 
 262:Generated_Source\PSoC5/I2C_1_PM.c **** #if (I2C_1_TIMEOUT_ENABLED)
 263:Generated_Source\PSoC5/I2C_1_PM.c ****     I2C_1_TimeoutRestoreConfig();
 264:Generated_Source\PSoC5/I2C_1_PM.c **** #endif /* (I2C_1_TIMEOUT_ENABLED) */
 265:Generated_Source\PSoC5/I2C_1_PM.c **** }
 266:Generated_Source\PSoC5/I2C_1_PM.c **** 
 267:Generated_Source\PSoC5/I2C_1_PM.c **** 
 268:Generated_Source\PSoC5/I2C_1_PM.c **** /*******************************************************************************
 269:Generated_Source\PSoC5/I2C_1_PM.c **** * Function Name: I2C_1_Wakeup
 270:Generated_Source\PSoC5/I2C_1_PM.c **** ********************************************************************************
ARM GAS  C:\Users\HPz420\AppData\Local\Temp\cc0eRlbf.s 			page 9


 271:Generated_Source\PSoC5/I2C_1_PM.c **** *
 272:Generated_Source\PSoC5/I2C_1_PM.c **** * Summary:
 273:Generated_Source\PSoC5/I2C_1_PM.c **** *  This is the preferred method to prepare the component for active mode
 274:Generated_Source\PSoC5/I2C_1_PM.c **** *  operation (when device exits sleep mode). The Enable wakeup from Sleep Mode
 275:Generated_Source\PSoC5/I2C_1_PM.c **** *  selection influences this function implementation:
 276:Generated_Source\PSoC5/I2C_1_PM.c **** *   Unchecked: Restores the component non-retention configuration registers
 277:Generated_Source\PSoC5/I2C_1_PM.c **** *              by calling I2C_RestoreConfig(). If the component was enabled
 278:Generated_Source\PSoC5/I2C_1_PM.c **** *              before the I2C_Sleep() function was called, I2C_Wakeup()
 279:Generated_Source\PSoC5/I2C_1_PM.c **** *              re-enables it.
 280:Generated_Source\PSoC5/I2C_1_PM.c **** *   Checked:   Enables  master functionality if it was enabled before sleep,
 281:Generated_Source\PSoC5/I2C_1_PM.c **** *              and disables the backup regulator of the I2C hardware.
 282:Generated_Source\PSoC5/I2C_1_PM.c **** *              The incoming transaction continues as soon as the regular
 283:Generated_Source\PSoC5/I2C_1_PM.c **** *              I2C interrupt handler is set up (global interrupts has to be
 284:Generated_Source\PSoC5/I2C_1_PM.c **** *              enabled to service I2C component interrupt).
 285:Generated_Source\PSoC5/I2C_1_PM.c **** *
 286:Generated_Source\PSoC5/I2C_1_PM.c **** * Parameters:
 287:Generated_Source\PSoC5/I2C_1_PM.c **** *  None.
 288:Generated_Source\PSoC5/I2C_1_PM.c **** *
 289:Generated_Source\PSoC5/I2C_1_PM.c **** * Return:
 290:Generated_Source\PSoC5/I2C_1_PM.c **** *  None.
 291:Generated_Source\PSoC5/I2C_1_PM.c **** *
 292:Generated_Source\PSoC5/I2C_1_PM.c **** * Reentrant:
 293:Generated_Source\PSoC5/I2C_1_PM.c **** *  No.
 294:Generated_Source\PSoC5/I2C_1_PM.c **** *
 295:Generated_Source\PSoC5/I2C_1_PM.c **** * Side Effects:
 296:Generated_Source\PSoC5/I2C_1_PM.c **** *  Calling this function before I2C_1_SaveConfig() or
 297:Generated_Source\PSoC5/I2C_1_PM.c **** *  I2C_1_Sleep() will lead to unpredictable results.
 298:Generated_Source\PSoC5/I2C_1_PM.c **** *
 299:Generated_Source\PSoC5/I2C_1_PM.c **** *******************************************************************************/
 300:Generated_Source\PSoC5/I2C_1_PM.c **** void I2C_1_Wakeup(void) 
 301:Generated_Source\PSoC5/I2C_1_PM.c **** {
 187              		.loc 1 301 0
 188              		.cfi_startproc
 189              		@ args = 0, pretend = 0, frame = 0
 190              		@ frame_needed = 0, uses_anonymous_args = 0
 191 0000 08B5     		push	{r3, lr}
 192              		.cfi_def_cfa_offset 8
 193              		.cfi_offset 3, -8
 194              		.cfi_offset 14, -4
 302:Generated_Source\PSoC5/I2C_1_PM.c ****     I2C_1_RestoreConfig();
 195              		.loc 1 302 0
 196 0002 FFF7FEFF 		bl	I2C_1_RestoreConfig
 197              	.LVL4:
 303:Generated_Source\PSoC5/I2C_1_PM.c **** 
 304:Generated_Source\PSoC5/I2C_1_PM.c ****     /* Restore component enable state */
 305:Generated_Source\PSoC5/I2C_1_PM.c ****     if (0u != I2C_1_backup.enableState)
 198              		.loc 1 305 0
 199 0006 054B     		ldr	r3, .L18
 200 0008 1B78     		ldrb	r3, [r3]	@ zero_extendqisi2
 201 000a 2BB1     		cbz	r3, .L15
 306:Generated_Source\PSoC5/I2C_1_PM.c ****     {
 307:Generated_Source\PSoC5/I2C_1_PM.c ****         I2C_1_Enable();
 202              		.loc 1 307 0
 203 000c FFF7FEFF 		bl	I2C_1_Enable
 204              	.LVL5:
 308:Generated_Source\PSoC5/I2C_1_PM.c ****         I2C_1_EnableInt();
 205              		.loc 1 308 0
ARM GAS  C:\Users\HPz420\AppData\Local\Temp\cc0eRlbf.s 			page 10


 206 0010 4FF40042 		mov	r2, #32768
 207 0014 024B     		ldr	r3, .L18+4
 208 0016 1A60     		str	r2, [r3]
 209              	.L15:
 210 0018 08BD     		pop	{r3, pc}
 211              	.L19:
 212 001a 00BF     		.align	2
 213              	.L18:
 214 001c 00000000 		.word	.LANCHOR0
 215 0020 00E100E0 		.word	-536813312
 216              		.cfi_endproc
 217              	.LFE3:
 218              		.size	I2C_1_Wakeup, .-I2C_1_Wakeup
 219              		.global	I2C_1_backup
 220              		.data
 221              		.align	2
 222              		.set	.LANCHOR0,. + 0
 223              		.type	I2C_1_backup, %object
 224              		.size	I2C_1_backup, 6
 225              	I2C_1_backup:
 226 0000 00       		.byte	0
 227 0001 81       		.byte	-127
 228 0002 01       		.byte	1
 229 0003 20       		.byte	32
 230 0004 0F       		.byte	15
 231 0005 00       		.byte	0
 232              		.text
 233              	.Letext0:
 234              		.file 2 "Generated_Source\\PSoC5\\cytypes.h"
 235              		.file 3 "Generated_Source\\PSoC5\\I2C_1.h"
 236              		.file 4 "Generated_Source\\PSoC5\\CyLib.h"
 237              		.section	.debug_info,"",%progbits
 238              	.Ldebug_info0:
 239 0000 00020000 		.4byte	0x200
 240 0004 0400     		.2byte	0x4
 241 0006 00000000 		.4byte	.Ldebug_abbrev0
 242 000a 04       		.byte	0x4
 243 000b 01       		.uleb128 0x1
 244 000c D4000000 		.4byte	.LASF32
 245 0010 0C       		.byte	0xc
 246 0011 9E010000 		.4byte	.LASF33
 247 0015 27000000 		.4byte	.LASF34
 248 0019 00000000 		.4byte	.Ldebug_ranges0+0
 249 001d 00000000 		.4byte	0
 250 0021 00000000 		.4byte	.Ldebug_line0
 251 0025 02       		.uleb128 0x2
 252 0026 01       		.byte	0x1
 253 0027 06       		.byte	0x6
 254 0028 7E020000 		.4byte	.LASF0
 255 002c 02       		.uleb128 0x2
 256 002d 01       		.byte	0x1
 257 002e 08       		.byte	0x8
 258 002f C6000000 		.4byte	.LASF1
 259 0033 02       		.uleb128 0x2
 260 0034 02       		.byte	0x2
 261 0035 05       		.byte	0x5
 262 0036 4D020000 		.4byte	.LASF2
ARM GAS  C:\Users\HPz420\AppData\Local\Temp\cc0eRlbf.s 			page 11


 263 003a 02       		.uleb128 0x2
 264 003b 02       		.byte	0x2
 265 003c 07       		.byte	0x7
 266 003d 75000000 		.4byte	.LASF3
 267 0041 02       		.uleb128 0x2
 268 0042 04       		.byte	0x4
 269 0043 05       		.byte	0x5
 270 0044 5D020000 		.4byte	.LASF4
 271 0048 02       		.uleb128 0x2
 272 0049 04       		.byte	0x4
 273 004a 07       		.byte	0x7
 274 004b 67010000 		.4byte	.LASF5
 275 004f 02       		.uleb128 0x2
 276 0050 08       		.byte	0x8
 277 0051 05       		.byte	0x5
 278 0052 28020000 		.4byte	.LASF6
 279 0056 02       		.uleb128 0x2
 280 0057 08       		.byte	0x8
 281 0058 07       		.byte	0x7
 282 0059 AF000000 		.4byte	.LASF7
 283 005d 03       		.uleb128 0x3
 284 005e 04       		.byte	0x4
 285 005f 05       		.byte	0x5
 286 0060 696E7400 		.ascii	"int\000"
 287 0064 02       		.uleb128 0x2
 288 0065 04       		.byte	0x4
 289 0066 07       		.byte	0x7
 290 0067 C9010000 		.4byte	.LASF8
 291 006b 04       		.uleb128 0x4
 292 006c 57020000 		.4byte	.LASF9
 293 0070 02       		.byte	0x2
 294 0071 C2       		.byte	0xc2
 295 0072 2C000000 		.4byte	0x2c
 296 0076 04       		.uleb128 0x4
 297 0077 90010000 		.4byte	.LASF10
 298 007b 02       		.byte	0x2
 299 007c C3       		.byte	0xc3
 300 007d 3A000000 		.4byte	0x3a
 301 0081 04       		.uleb128 0x4
 302 0082 97010000 		.4byte	.LASF11
 303 0086 02       		.byte	0x2
 304 0087 C4       		.byte	0xc4
 305 0088 48000000 		.4byte	0x48
 306 008c 02       		.uleb128 0x2
 307 008d 04       		.byte	0x4
 308 008e 04       		.byte	0x4
 309 008f A9000000 		.4byte	.LASF12
 310 0093 02       		.uleb128 0x2
 311 0094 08       		.byte	0x8
 312 0095 04       		.byte	0x4
 313 0096 7E010000 		.4byte	.LASF13
 314 009a 02       		.uleb128 0x2
 315 009b 01       		.byte	0x1
 316 009c 08       		.byte	0x8
 317 009d 36020000 		.4byte	.LASF14
 318 00a1 05       		.uleb128 0x5
 319 00a2 62010000 		.4byte	.LASF15
ARM GAS  C:\Users\HPz420\AppData\Local\Temp\cc0eRlbf.s 			page 12


 320 00a6 02       		.byte	0x2
 321 00a7 6C01     		.2byte	0x16c
 322 00a9 AD000000 		.4byte	0xad
 323 00ad 06       		.uleb128 0x6
 324 00ae 6B000000 		.4byte	0x6b
 325 00b2 05       		.uleb128 0x5
 326 00b3 00000000 		.4byte	.LASF16
 327 00b7 02       		.byte	0x2
 328 00b8 6E01     		.2byte	0x16e
 329 00ba BE000000 		.4byte	0xbe
 330 00be 06       		.uleb128 0x6
 331 00bf 81000000 		.4byte	0x81
 332 00c3 02       		.uleb128 0x2
 333 00c4 08       		.byte	0x8
 334 00c5 04       		.byte	0x4
 335 00c6 72020000 		.4byte	.LASF17
 336 00ca 02       		.uleb128 0x2
 337 00cb 04       		.byte	0x4
 338 00cc 07       		.byte	0x7
 339 00cd 1F020000 		.4byte	.LASF18
 340 00d1 07       		.uleb128 0x7
 341 00d2 06       		.byte	0x6
 342 00d3 03       		.byte	0x3
 343 00d4 76       		.byte	0x76
 344 00d5 22010000 		.4byte	0x122
 345 00d9 08       		.uleb128 0x8
 346 00da 66020000 		.4byte	.LASF19
 347 00de 03       		.byte	0x3
 348 00df 78       		.byte	0x78
 349 00e0 6B000000 		.4byte	0x6b
 350 00e4 00       		.byte	0
 351 00e5 08       		.uleb128 0x8
 352 00e6 48020000 		.4byte	.LASF20
 353 00ea 03       		.byte	0x3
 354 00eb 7B       		.byte	0x7b
 355 00ec 6B000000 		.4byte	0x6b
 356 00f0 01       		.byte	0x1
 357 00f1 09       		.uleb128 0x9
 358 00f2 63666700 		.ascii	"cfg\000"
 359 00f6 03       		.byte	0x3
 360 00f7 7C       		.byte	0x7c
 361 00f8 6B000000 		.4byte	0x6b
 362 00fc 02       		.byte	0x2
 363 00fd 08       		.uleb128 0x8
 364 00fe 79010000 		.4byte	.LASF21
 365 0102 03       		.byte	0x3
 366 0103 7D       		.byte	0x7d
 367 0104 6B000000 		.4byte	0x6b
 368 0108 03       		.byte	0x3
 369 0109 08       		.uleb128 0x8
 370 010a F8010000 		.4byte	.LASF22
 371 010e 03       		.byte	0x3
 372 010f 7E       		.byte	0x7e
 373 0110 6B000000 		.4byte	0x6b
 374 0114 04       		.byte	0x4
 375 0115 08       		.uleb128 0x8
 376 0116 00020000 		.4byte	.LASF23
ARM GAS  C:\Users\HPz420\AppData\Local\Temp\cc0eRlbf.s 			page 13


 377 011a 03       		.byte	0x3
 378 011b 7F       		.byte	0x7f
 379 011c 6B000000 		.4byte	0x6b
 380 0120 05       		.byte	0x5
 381 0121 00       		.byte	0
 382 0122 04       		.uleb128 0x4
 383 0123 06000000 		.4byte	.LASF24
 384 0127 03       		.byte	0x3
 385 0128 89       		.byte	0x89
 386 0129 D1000000 		.4byte	0xd1
 387 012d 0A       		.uleb128 0xa
 388 012e 8A020000 		.4byte	.LASF35
 389 0132 01       		.byte	0x1
 390 0133 48       		.byte	0x48
 391 0134 00000000 		.4byte	.LFB0
 392 0138 3C000000 		.4byte	.LFE0-.LFB0
 393 013c 01       		.uleb128 0x1
 394 013d 9C       		.byte	0x9c
 395 013e 0B       		.uleb128 0xb
 396 013f D6010000 		.4byte	.LASF25
 397 0143 01       		.byte	0x1
 398 0144 97       		.byte	0x97
 399 0145 00000000 		.4byte	.LFB1
 400 0149 24000000 		.4byte	.LFE1-.LFB1
 401 014d 01       		.uleb128 0x1
 402 014e 9C       		.byte	0x9c
 403 014f 66010000 		.4byte	0x166
 404 0153 0C       		.uleb128 0xc
 405 0154 14000000 		.4byte	.LVL0
 406 0158 D7010000 		.4byte	0x1d7
 407 015c 0C       		.uleb128 0xc
 408 015d 18000000 		.4byte	.LVL1
 409 0161 2D010000 		.4byte	0x12d
 410 0165 00       		.byte	0
 411 0166 0B       		.uleb128 0xb
 412 0167 95000000 		.4byte	.LASF26
 413 016b 01       		.byte	0x1
 414 016c D1       		.byte	0xd1
 415 016d 00000000 		.4byte	.LFB2
 416 0171 60000000 		.4byte	.LFE2-.LFB2
 417 0175 01       		.uleb128 0x1
 418 0176 9C       		.byte	0x9c
 419 0177 9D010000 		.4byte	0x19d
 420 017b 0D       		.uleb128 0xd
 421 017c C0010000 		.4byte	.LASF36
 422 0180 01       		.byte	0x1
 423 0181 D4       		.byte	0xd4
 424 0182 6B000000 		.4byte	0x6b
 425 0186 00000000 		.4byte	.LLST0
 426 018a 0C       		.uleb128 0xc
 427 018b 10000000 		.4byte	.LVL2
 428 018f E2010000 		.4byte	0x1e2
 429 0193 0C       		.uleb128 0xc
 430 0194 1E000000 		.4byte	.LVL3
 431 0198 ED010000 		.4byte	0x1ed
 432 019c 00       		.byte	0
 433 019d 0E       		.uleb128 0xe
ARM GAS  C:\Users\HPz420\AppData\Local\Temp\cc0eRlbf.s 			page 14


 434 019e 88000000 		.4byte	.LASF27
 435 01a2 01       		.byte	0x1
 436 01a3 2C01     		.2byte	0x12c
 437 01a5 00000000 		.4byte	.LFB3
 438 01a9 24000000 		.4byte	.LFE3-.LFB3
 439 01ad 01       		.uleb128 0x1
 440 01ae 9C       		.byte	0x9c
 441 01af C6010000 		.4byte	0x1c6
 442 01b3 0C       		.uleb128 0xc
 443 01b4 06000000 		.4byte	.LVL4
 444 01b8 66010000 		.4byte	0x166
 445 01bc 0C       		.uleb128 0xc
 446 01bd 10000000 		.4byte	.LVL5
 447 01c1 F8010000 		.4byte	0x1f8
 448 01c5 00       		.byte	0
 449 01c6 0F       		.uleb128 0xf
 450 01c7 1A000000 		.4byte	.LASF37
 451 01cb 01       		.byte	0x1
 452 01cc 11       		.byte	0x11
 453 01cd 22010000 		.4byte	0x122
 454 01d1 05       		.uleb128 0x5
 455 01d2 03       		.byte	0x3
 456 01d3 00000000 		.4byte	I2C_1_backup
 457 01d7 10       		.uleb128 0x10
 458 01d8 85010000 		.4byte	.LASF28
 459 01dc 85010000 		.4byte	.LASF28
 460 01e0 03       		.byte	0x3
 461 01e1 94       		.byte	0x94
 462 01e2 10       		.uleb128 0x10
 463 01e3 08020000 		.4byte	.LASF29
 464 01e7 08020000 		.4byte	.LASF29
 465 01eb 04       		.byte	0x4
 466 01ec 7E       		.byte	0x7e
 467 01ed 10       		.uleb128 0x10
 468 01ee E2010000 		.4byte	.LASF30
 469 01f2 E2010000 		.4byte	.LASF30
 470 01f6 04       		.byte	0x4
 471 01f7 7F       		.byte	0x7f
 472 01f8 10       		.uleb128 0x10
 473 01f9 3B020000 		.4byte	.LASF31
 474 01fd 3B020000 		.4byte	.LASF31
 475 0201 03       		.byte	0x3
 476 0202 91       		.byte	0x91
 477 0203 00       		.byte	0
 478              		.section	.debug_abbrev,"",%progbits
 479              	.Ldebug_abbrev0:
 480 0000 01       		.uleb128 0x1
 481 0001 11       		.uleb128 0x11
 482 0002 01       		.byte	0x1
 483 0003 25       		.uleb128 0x25
 484 0004 0E       		.uleb128 0xe
 485 0005 13       		.uleb128 0x13
 486 0006 0B       		.uleb128 0xb
 487 0007 03       		.uleb128 0x3
 488 0008 0E       		.uleb128 0xe
 489 0009 1B       		.uleb128 0x1b
 490 000a 0E       		.uleb128 0xe
ARM GAS  C:\Users\HPz420\AppData\Local\Temp\cc0eRlbf.s 			page 15


 491 000b 55       		.uleb128 0x55
 492 000c 17       		.uleb128 0x17
 493 000d 11       		.uleb128 0x11
 494 000e 01       		.uleb128 0x1
 495 000f 10       		.uleb128 0x10
 496 0010 17       		.uleb128 0x17
 497 0011 00       		.byte	0
 498 0012 00       		.byte	0
 499 0013 02       		.uleb128 0x2
 500 0014 24       		.uleb128 0x24
 501 0015 00       		.byte	0
 502 0016 0B       		.uleb128 0xb
 503 0017 0B       		.uleb128 0xb
 504 0018 3E       		.uleb128 0x3e
 505 0019 0B       		.uleb128 0xb
 506 001a 03       		.uleb128 0x3
 507 001b 0E       		.uleb128 0xe
 508 001c 00       		.byte	0
 509 001d 00       		.byte	0
 510 001e 03       		.uleb128 0x3
 511 001f 24       		.uleb128 0x24
 512 0020 00       		.byte	0
 513 0021 0B       		.uleb128 0xb
 514 0022 0B       		.uleb128 0xb
 515 0023 3E       		.uleb128 0x3e
 516 0024 0B       		.uleb128 0xb
 517 0025 03       		.uleb128 0x3
 518 0026 08       		.uleb128 0x8
 519 0027 00       		.byte	0
 520 0028 00       		.byte	0
 521 0029 04       		.uleb128 0x4
 522 002a 16       		.uleb128 0x16
 523 002b 00       		.byte	0
 524 002c 03       		.uleb128 0x3
 525 002d 0E       		.uleb128 0xe
 526 002e 3A       		.uleb128 0x3a
 527 002f 0B       		.uleb128 0xb
 528 0030 3B       		.uleb128 0x3b
 529 0031 0B       		.uleb128 0xb
 530 0032 49       		.uleb128 0x49
 531 0033 13       		.uleb128 0x13
 532 0034 00       		.byte	0
 533 0035 00       		.byte	0
 534 0036 05       		.uleb128 0x5
 535 0037 16       		.uleb128 0x16
 536 0038 00       		.byte	0
 537 0039 03       		.uleb128 0x3
 538 003a 0E       		.uleb128 0xe
 539 003b 3A       		.uleb128 0x3a
 540 003c 0B       		.uleb128 0xb
 541 003d 3B       		.uleb128 0x3b
 542 003e 05       		.uleb128 0x5
 543 003f 49       		.uleb128 0x49
 544 0040 13       		.uleb128 0x13
 545 0041 00       		.byte	0
 546 0042 00       		.byte	0
 547 0043 06       		.uleb128 0x6
ARM GAS  C:\Users\HPz420\AppData\Local\Temp\cc0eRlbf.s 			page 16


 548 0044 35       		.uleb128 0x35
 549 0045 00       		.byte	0
 550 0046 49       		.uleb128 0x49
 551 0047 13       		.uleb128 0x13
 552 0048 00       		.byte	0
 553 0049 00       		.byte	0
 554 004a 07       		.uleb128 0x7
 555 004b 13       		.uleb128 0x13
 556 004c 01       		.byte	0x1
 557 004d 0B       		.uleb128 0xb
 558 004e 0B       		.uleb128 0xb
 559 004f 3A       		.uleb128 0x3a
 560 0050 0B       		.uleb128 0xb
 561 0051 3B       		.uleb128 0x3b
 562 0052 0B       		.uleb128 0xb
 563 0053 01       		.uleb128 0x1
 564 0054 13       		.uleb128 0x13
 565 0055 00       		.byte	0
 566 0056 00       		.byte	0
 567 0057 08       		.uleb128 0x8
 568 0058 0D       		.uleb128 0xd
 569 0059 00       		.byte	0
 570 005a 03       		.uleb128 0x3
 571 005b 0E       		.uleb128 0xe
 572 005c 3A       		.uleb128 0x3a
 573 005d 0B       		.uleb128 0xb
 574 005e 3B       		.uleb128 0x3b
 575 005f 0B       		.uleb128 0xb
 576 0060 49       		.uleb128 0x49
 577 0061 13       		.uleb128 0x13
 578 0062 38       		.uleb128 0x38
 579 0063 0B       		.uleb128 0xb
 580 0064 00       		.byte	0
 581 0065 00       		.byte	0
 582 0066 09       		.uleb128 0x9
 583 0067 0D       		.uleb128 0xd
 584 0068 00       		.byte	0
 585 0069 03       		.uleb128 0x3
 586 006a 08       		.uleb128 0x8
 587 006b 3A       		.uleb128 0x3a
 588 006c 0B       		.uleb128 0xb
 589 006d 3B       		.uleb128 0x3b
 590 006e 0B       		.uleb128 0xb
 591 006f 49       		.uleb128 0x49
 592 0070 13       		.uleb128 0x13
 593 0071 38       		.uleb128 0x38
 594 0072 0B       		.uleb128 0xb
 595 0073 00       		.byte	0
 596 0074 00       		.byte	0
 597 0075 0A       		.uleb128 0xa
 598 0076 2E       		.uleb128 0x2e
 599 0077 00       		.byte	0
 600 0078 3F       		.uleb128 0x3f
 601 0079 19       		.uleb128 0x19
 602 007a 03       		.uleb128 0x3
 603 007b 0E       		.uleb128 0xe
 604 007c 3A       		.uleb128 0x3a
ARM GAS  C:\Users\HPz420\AppData\Local\Temp\cc0eRlbf.s 			page 17


 605 007d 0B       		.uleb128 0xb
 606 007e 3B       		.uleb128 0x3b
 607 007f 0B       		.uleb128 0xb
 608 0080 27       		.uleb128 0x27
 609 0081 19       		.uleb128 0x19
 610 0082 11       		.uleb128 0x11
 611 0083 01       		.uleb128 0x1
 612 0084 12       		.uleb128 0x12
 613 0085 06       		.uleb128 0x6
 614 0086 40       		.uleb128 0x40
 615 0087 18       		.uleb128 0x18
 616 0088 9742     		.uleb128 0x2117
 617 008a 19       		.uleb128 0x19
 618 008b 00       		.byte	0
 619 008c 00       		.byte	0
 620 008d 0B       		.uleb128 0xb
 621 008e 2E       		.uleb128 0x2e
 622 008f 01       		.byte	0x1
 623 0090 3F       		.uleb128 0x3f
 624 0091 19       		.uleb128 0x19
 625 0092 03       		.uleb128 0x3
 626 0093 0E       		.uleb128 0xe
 627 0094 3A       		.uleb128 0x3a
 628 0095 0B       		.uleb128 0xb
 629 0096 3B       		.uleb128 0x3b
 630 0097 0B       		.uleb128 0xb
 631 0098 27       		.uleb128 0x27
 632 0099 19       		.uleb128 0x19
 633 009a 11       		.uleb128 0x11
 634 009b 01       		.uleb128 0x1
 635 009c 12       		.uleb128 0x12
 636 009d 06       		.uleb128 0x6
 637 009e 40       		.uleb128 0x40
 638 009f 18       		.uleb128 0x18
 639 00a0 9742     		.uleb128 0x2117
 640 00a2 19       		.uleb128 0x19
 641 00a3 01       		.uleb128 0x1
 642 00a4 13       		.uleb128 0x13
 643 00a5 00       		.byte	0
 644 00a6 00       		.byte	0
 645 00a7 0C       		.uleb128 0xc
 646 00a8 898201   		.uleb128 0x4109
 647 00ab 00       		.byte	0
 648 00ac 11       		.uleb128 0x11
 649 00ad 01       		.uleb128 0x1
 650 00ae 31       		.uleb128 0x31
 651 00af 13       		.uleb128 0x13
 652 00b0 00       		.byte	0
 653 00b1 00       		.byte	0
 654 00b2 0D       		.uleb128 0xd
 655 00b3 34       		.uleb128 0x34
 656 00b4 00       		.byte	0
 657 00b5 03       		.uleb128 0x3
 658 00b6 0E       		.uleb128 0xe
 659 00b7 3A       		.uleb128 0x3a
 660 00b8 0B       		.uleb128 0xb
 661 00b9 3B       		.uleb128 0x3b
ARM GAS  C:\Users\HPz420\AppData\Local\Temp\cc0eRlbf.s 			page 18


 662 00ba 0B       		.uleb128 0xb
 663 00bb 49       		.uleb128 0x49
 664 00bc 13       		.uleb128 0x13
 665 00bd 02       		.uleb128 0x2
 666 00be 17       		.uleb128 0x17
 667 00bf 00       		.byte	0
 668 00c0 00       		.byte	0
 669 00c1 0E       		.uleb128 0xe
 670 00c2 2E       		.uleb128 0x2e
 671 00c3 01       		.byte	0x1
 672 00c4 3F       		.uleb128 0x3f
 673 00c5 19       		.uleb128 0x19
 674 00c6 03       		.uleb128 0x3
 675 00c7 0E       		.uleb128 0xe
 676 00c8 3A       		.uleb128 0x3a
 677 00c9 0B       		.uleb128 0xb
 678 00ca 3B       		.uleb128 0x3b
 679 00cb 05       		.uleb128 0x5
 680 00cc 27       		.uleb128 0x27
 681 00cd 19       		.uleb128 0x19
 682 00ce 11       		.uleb128 0x11
 683 00cf 01       		.uleb128 0x1
 684 00d0 12       		.uleb128 0x12
 685 00d1 06       		.uleb128 0x6
 686 00d2 40       		.uleb128 0x40
 687 00d3 18       		.uleb128 0x18
 688 00d4 9742     		.uleb128 0x2117
 689 00d6 19       		.uleb128 0x19
 690 00d7 01       		.uleb128 0x1
 691 00d8 13       		.uleb128 0x13
 692 00d9 00       		.byte	0
 693 00da 00       		.byte	0
 694 00db 0F       		.uleb128 0xf
 695 00dc 34       		.uleb128 0x34
 696 00dd 00       		.byte	0
 697 00de 03       		.uleb128 0x3
 698 00df 0E       		.uleb128 0xe
 699 00e0 3A       		.uleb128 0x3a
 700 00e1 0B       		.uleb128 0xb
 701 00e2 3B       		.uleb128 0x3b
 702 00e3 0B       		.uleb128 0xb
 703 00e4 49       		.uleb128 0x49
 704 00e5 13       		.uleb128 0x13
 705 00e6 3F       		.uleb128 0x3f
 706 00e7 19       		.uleb128 0x19
 707 00e8 02       		.uleb128 0x2
 708 00e9 18       		.uleb128 0x18
 709 00ea 00       		.byte	0
 710 00eb 00       		.byte	0
 711 00ec 10       		.uleb128 0x10
 712 00ed 2E       		.uleb128 0x2e
 713 00ee 00       		.byte	0
 714 00ef 3F       		.uleb128 0x3f
 715 00f0 19       		.uleb128 0x19
 716 00f1 3C       		.uleb128 0x3c
 717 00f2 19       		.uleb128 0x19
 718 00f3 6E       		.uleb128 0x6e
ARM GAS  C:\Users\HPz420\AppData\Local\Temp\cc0eRlbf.s 			page 19


 719 00f4 0E       		.uleb128 0xe
 720 00f5 03       		.uleb128 0x3
 721 00f6 0E       		.uleb128 0xe
 722 00f7 3A       		.uleb128 0x3a
 723 00f8 0B       		.uleb128 0xb
 724 00f9 3B       		.uleb128 0x3b
 725 00fa 0B       		.uleb128 0xb
 726 00fb 00       		.byte	0
 727 00fc 00       		.byte	0
 728 00fd 00       		.byte	0
 729              		.section	.debug_loc,"",%progbits
 730              	.Ldebug_loc0:
 731              	.LLST0:
 732 0000 10000000 		.4byte	.LVL2
 733 0004 1D000000 		.4byte	.LVL3-1
 734 0008 0100     		.2byte	0x1
 735 000a 50       		.byte	0x50
 736 000b 00000000 		.4byte	0
 737 000f 00000000 		.4byte	0
 738              		.section	.debug_aranges,"",%progbits
 739 0000 34000000 		.4byte	0x34
 740 0004 0200     		.2byte	0x2
 741 0006 00000000 		.4byte	.Ldebug_info0
 742 000a 04       		.byte	0x4
 743 000b 00       		.byte	0
 744 000c 0000     		.2byte	0
 745 000e 0000     		.2byte	0
 746 0010 00000000 		.4byte	.LFB0
 747 0014 3C000000 		.4byte	.LFE0-.LFB0
 748 0018 00000000 		.4byte	.LFB1
 749 001c 24000000 		.4byte	.LFE1-.LFB1
 750 0020 00000000 		.4byte	.LFB2
 751 0024 60000000 		.4byte	.LFE2-.LFB2
 752 0028 00000000 		.4byte	.LFB3
 753 002c 24000000 		.4byte	.LFE3-.LFB3
 754 0030 00000000 		.4byte	0
 755 0034 00000000 		.4byte	0
 756              		.section	.debug_ranges,"",%progbits
 757              	.Ldebug_ranges0:
 758 0000 00000000 		.4byte	.LFB0
 759 0004 3C000000 		.4byte	.LFE0
 760 0008 00000000 		.4byte	.LFB1
 761 000c 24000000 		.4byte	.LFE1
 762 0010 00000000 		.4byte	.LFB2
 763 0014 60000000 		.4byte	.LFE2
 764 0018 00000000 		.4byte	.LFB3
 765 001c 24000000 		.4byte	.LFE3
 766 0020 00000000 		.4byte	0
 767 0024 00000000 		.4byte	0
 768              		.section	.debug_line,"",%progbits
 769              	.Ldebug_line0:
 770 0000 BB000000 		.section	.debug_str,"MS",%progbits,1
 770      02005B00 
 770      00000201 
 770      FB0E0D00 
 770      01010101 
 771              	.LASF16:
ARM GAS  C:\Users\HPz420\AppData\Local\Temp\cc0eRlbf.s 			page 20


 772 0000 72656733 		.ascii	"reg32\000"
 772      3200
 773              	.LASF24:
 774 0006 4932435F 		.ascii	"I2C_1_BACKUP_STRUCT\000"
 774      315F4241 
 774      434B5550 
 774      5F535452 
 774      55435400 
 775              	.LASF37:
 776 001a 4932435F 		.ascii	"I2C_1_backup\000"
 776      315F6261 
 776      636B7570 
 776      00
 777              	.LASF34:
 778 0027 433A5C55 		.ascii	"C:\\Users\\HPz420\\Documents\\GitHub\\land-boards\\"
 778      73657273 
 778      5C48507A 
 778      3432305C 
 778      446F6375 
 779 0054 4C422D52 		.ascii	"LB-RPPSOC\\RPPSOC-FAT-Chain.cydsn\000"
 779      5050534F 
 779      435C5250 
 779      50534F43 
 779      2D464154 
 780              	.LASF3:
 781 0075 73686F72 		.ascii	"short unsigned int\000"
 781      7420756E 
 781      7369676E 
 781      65642069 
 781      6E7400
 782              	.LASF27:
 783 0088 4932435F 		.ascii	"I2C_1_Wakeup\000"
 783      315F5761 
 783      6B657570 
 783      00
 784              	.LASF26:
 785 0095 4932435F 		.ascii	"I2C_1_RestoreConfig\000"
 785      315F5265 
 785      73746F72 
 785      65436F6E 
 785      66696700 
 786              	.LASF12:
 787 00a9 666C6F61 		.ascii	"float\000"
 787      7400
 788              	.LASF7:
 789 00af 6C6F6E67 		.ascii	"long long unsigned int\000"
 789      206C6F6E 
 789      6720756E 
 789      7369676E 
 789      65642069 
 790              	.LASF1:
 791 00c6 756E7369 		.ascii	"unsigned char\000"
 791      676E6564 
 791      20636861 
 791      7200
 792              	.LASF32:
 793 00d4 474E5520 		.ascii	"GNU C11 5.4.1 20160609 (release) [ARM/embedded-5-br"
ARM GAS  C:\Users\HPz420\AppData\Local\Temp\cc0eRlbf.s 			page 21


 793      43313120 
 793      352E342E 
 793      31203230 
 793      31363036 
 794 0107 616E6368 		.ascii	"anch revision 237715] -mcpu=cortex-m3 -mthumb -g -O"
 794      20726576 
 794      6973696F 
 794      6E203233 
 794      37373135 
 795 013a 67202D66 		.ascii	"g -ffunction-sections -ffat-lto-objects\000"
 795      66756E63 
 795      74696F6E 
 795      2D736563 
 795      74696F6E 
 796              	.LASF15:
 797 0162 72656738 		.ascii	"reg8\000"
 797      00
 798              	.LASF5:
 799 0167 6C6F6E67 		.ascii	"long unsigned int\000"
 799      20756E73 
 799      69676E65 
 799      6420696E 
 799      7400
 800              	.LASF21:
 801 0179 61646472 		.ascii	"addr\000"
 801      00
 802              	.LASF13:
 803 017e 646F7562 		.ascii	"double\000"
 803      6C6500
 804              	.LASF28:
 805 0185 4932435F 		.ascii	"I2C_1_Stop\000"
 805      315F5374 
 805      6F7000
 806              	.LASF10:
 807 0190 75696E74 		.ascii	"uint16\000"
 807      313600
 808              	.LASF11:
 809 0197 75696E74 		.ascii	"uint32\000"
 809      333200
 810              	.LASF33:
 811 019e 47656E65 		.ascii	"Generated_Source\\PSoC5\\I2C_1_PM.c\000"
 811      72617465 
 811      645F536F 
 811      75726365 
 811      5C50536F 
 812              	.LASF36:
 813 01c0 696E7453 		.ascii	"intState\000"
 813      74617465 
 813      00
 814              	.LASF8:
 815 01c9 756E7369 		.ascii	"unsigned int\000"
 815      676E6564 
 815      20696E74 
 815      00
 816              	.LASF25:
 817 01d6 4932435F 		.ascii	"I2C_1_Sleep\000"
 817      315F536C 
ARM GAS  C:\Users\HPz420\AppData\Local\Temp\cc0eRlbf.s 			page 22


 817      65657000 
 818              	.LASF30:
 819 01e2 43794578 		.ascii	"CyExitCriticalSection\000"
 819      69744372 
 819      69746963 
 819      616C5365 
 819      6374696F 
 820              	.LASF22:
 821 01f8 636C6B44 		.ascii	"clkDiv1\000"
 821      69763100 
 822              	.LASF23:
 823 0200 636C6B44 		.ascii	"clkDiv2\000"
 823      69763200 
 824              	.LASF29:
 825 0208 4379456E 		.ascii	"CyEnterCriticalSection\000"
 825      74657243 
 825      72697469 
 825      63616C53 
 825      65637469 
 826              	.LASF18:
 827 021f 73697A65 		.ascii	"sizetype\000"
 827      74797065 
 827      00
 828              	.LASF6:
 829 0228 6C6F6E67 		.ascii	"long long int\000"
 829      206C6F6E 
 829      6720696E 
 829      7400
 830              	.LASF14:
 831 0236 63686172 		.ascii	"char\000"
 831      00
 832              	.LASF31:
 833 023b 4932435F 		.ascii	"I2C_1_Enable\000"
 833      315F456E 
 833      61626C65 
 833      00
 834              	.LASF20:
 835 0248 78636667 		.ascii	"xcfg\000"
 835      00
 836              	.LASF2:
 837 024d 73686F72 		.ascii	"short int\000"
 837      7420696E 
 837      7400
 838              	.LASF9:
 839 0257 75696E74 		.ascii	"uint8\000"
 839      3800
 840              	.LASF4:
 841 025d 6C6F6E67 		.ascii	"long int\000"
 841      20696E74 
 841      00
 842              	.LASF19:
 843 0266 656E6162 		.ascii	"enableState\000"
 843      6C655374 
 843      61746500 
 844              	.LASF17:
 845 0272 6C6F6E67 		.ascii	"long double\000"
 845      20646F75 
ARM GAS  C:\Users\HPz420\AppData\Local\Temp\cc0eRlbf.s 			page 23


 845      626C6500 
 846              	.LASF0:
 847 027e 7369676E 		.ascii	"signed char\000"
 847      65642063 
 847      68617200 
 848              	.LASF35:
 849 028a 4932435F 		.ascii	"I2C_1_SaveConfig\000"
 849      315F5361 
 849      7665436F 
 849      6E666967 
 849      00
 850              		.ident	"GCC: (GNU Tools for ARM Embedded Processors) 5.4.1 20160609 (release) [ARM/embedded-5-bran
