ARM GAS  C:\Users\HPz420\AppData\Local\Temp\cctRYvOK.s 			page 1


   1              		.syntax unified
   2              		.cpu cortex-m3
   3              		.fpu softvfp
   4              		.eabi_attribute 20, 1
   5              		.eabi_attribute 21, 1
   6              		.eabi_attribute 23, 3
   7              		.eabi_attribute 24, 1
   8              		.eabi_attribute 25, 1
   9              		.eabi_attribute 26, 1
  10              		.eabi_attribute 30, 1
  11              		.eabi_attribute 34, 1
  12              		.eabi_attribute 18, 4
  13              		.thumb
  14              		.syntax unified
  15              		.file	"cymetadata.c"
  16              		.text
  17              	.Ltext0:
  18              		.cfi_sections	.debug_frame
  19              		.global	cy_metadata
  20              		.global	cy_meta_flashprotect
  21              		.global	cy_meta_wonvl
  22              		.global	cy_meta_custnvl
  23              		.global	cy_meta_configecc
  24              		.section	.cyconfigecc,"a",%progbits
  25              		.align	2
  26              		.type	cy_meta_configecc, %object
  27              		.size	cy_meta_configecc, 520
  28              	cy_meta_configecc:
  29 0000 05       		.byte	5
  30 0001 52       		.byte	82
  31 0002 00       		.byte	0
  32 0003 40       		.byte	64
  33 0004 01       		.byte	1
  34 0005 03       		.byte	3
  35 0006 01       		.byte	1
  36 0007 40       		.byte	64
  37 0008 2E       		.byte	46
  38 0009 04       		.byte	4
  39 000a 01       		.byte	1
  40 000b 40       		.byte	64
  41 000c 34       		.byte	52
  42 000d 05       		.byte	5
  43 000e 01       		.byte	1
  44 000f 40       		.byte	64
  45 0010 07       		.byte	7
  46 0011 07       		.byte	7
  47 0012 01       		.byte	1
  48 0013 40       		.byte	64
  49 0014 03       		.byte	3
  50 0015 09       		.byte	9
  51 0016 01       		.byte	1
  52 0017 40       		.byte	64
  53 0018 03       		.byte	3
  54 0019 0B       		.byte	11
  55 001a 01       		.byte	1
  56 001b 40       		.byte	64
  57 001c 04       		.byte	4
ARM GAS  C:\Users\HPz420\AppData\Local\Temp\cctRYvOK.s 			page 2


  58 001d 40       		.byte	64
  59 001e 01       		.byte	1
  60 001f 40       		.byte	64
  61 0020 0D       		.byte	13
  62 0021 41       		.byte	65
  63 0022 01       		.byte	1
  64 0023 40       		.byte	64
  65 0024 0C       		.byte	12
  66 0025 42       		.byte	66
  67 0026 01       		.byte	1
  68 0027 40       		.byte	64
  69 0028 06       		.byte	6
  70 0029 43       		.byte	67
  71 002a 01       		.byte	1
  72 002b 40       		.byte	64
  73 002c 0B       		.byte	11
  74 002d 45       		.byte	69
  75 002e 01       		.byte	1
  76 002f 40       		.byte	64
  77 0030 11       		.byte	17
  78 0031 46       		.byte	70
  79 0032 01       		.byte	1
  80 0033 40       		.byte	64
  81 0034 05       		.byte	5
  82 0035 47       		.byte	71
  83 0036 01       		.byte	1
  84 0037 40       		.byte	64
  85 0038 06       		.byte	6
  86 0039 48       		.byte	72
  87 003a 01       		.byte	1
  88 003b 40       		.byte	64
  89 003c 03       		.byte	3
  90 003d 49       		.byte	73
  91 003e 01       		.byte	1
  92 003f 40       		.byte	64
  93 0040 03       		.byte	3
  94 0041 4C       		.byte	76
  95 0042 01       		.byte	1
  96 0043 40       		.byte	64
  97 0044 02       		.byte	2
  98 0045 50       		.byte	80
  99 0046 01       		.byte	1
 100 0047 40       		.byte	64
 101 0048 08       		.byte	8
 102 0049 40       		.byte	64
 103 004a 10       		.byte	16
 104 004b 06       		.byte	6
 105 004c 11       		.byte	17
 106 004d 13       		.byte	19
 107 004e 61       		.byte	97
 108 004f 04       		.byte	4
 109 0050 78       		.byte	120
 110 0051 10       		.byte	16
 111 0052 86       		.byte	-122
 112 0053 01       		.byte	1
 113 0054 02       		.byte	2
 114 0055 01       		.byte	1
ARM GAS  C:\Users\HPz420\AppData\Local\Temp\cctRYvOK.s 			page 3


 115 0056 04       		.byte	4
 116 0057 01       		.byte	1
 117 0058 08       		.byte	8
 118 0059 0A       		.byte	10
 119 005a 0A       		.byte	10
 120 005b 04       		.byte	4
 121 005c 0E       		.byte	14
 122 005d 01       		.byte	1
 123 005e 10       		.byte	16
 124 005f 1C       		.byte	28
 125 0060 11       		.byte	17
 126 0061 01       		.byte	1
 127 0062 14       		.byte	20
 128 0063 01       		.byte	1
 129 0064 15       		.byte	21
 130 0065 01       		.byte	1
 131 0066 19       		.byte	25
 132 0067 01       		.byte	1
 133 0068 1A       		.byte	26
 134 0069 01       		.byte	1
 135 006a 1C       		.byte	28
 136 006b 04       		.byte	4
 137 006c 1E       		.byte	30
 138 006d 10       		.byte	16
 139 006e 20       		.byte	32
 140 006f 01       		.byte	1
 141 0070 21       		.byte	33
 142 0071 01       		.byte	1
 143 0072 24       		.byte	36
 144 0073 1C       		.byte	28
 145 0074 29       		.byte	41
 146 0075 01       		.byte	1
 147 0076 2A       		.byte	42
 148 0077 01       		.byte	1
 149 0078 2D       		.byte	45
 150 0079 01       		.byte	1
 151 007a 2E       		.byte	46
 152 007b 02       		.byte	2
 153 007c 30       		.byte	48
 154 007d 18       		.byte	24
 155 007e 32       		.byte	50
 156 007f 03       		.byte	3
 157 0080 33       		.byte	51
 158 0081 01       		.byte	1
 159 0082 34       		.byte	52
 160 0083 04       		.byte	4
 161 0084 38       		.byte	56
 162 0085 2A       		.byte	42
 163 0086 39       		.byte	57
 164 0087 08       		.byte	8
 165 0088 3E       		.byte	62
 166 0089 11       		.byte	17
 167 008a 3F       		.byte	63
 168 008b 04       		.byte	4
 169 008c 58       		.byte	88
 170 008d 04       		.byte	4
 171 008e 59       		.byte	89
ARM GAS  C:\Users\HPz420\AppData\Local\Temp\cctRYvOK.s 			page 4


 172 008f 04       		.byte	4
 173 0090 5B       		.byte	91
 174 0091 04       		.byte	4
 175 0092 5F       		.byte	95
 176 0093 01       		.byte	1
 177 0094 80       		.byte	-128
 178 0095 01       		.byte	1
 179 0096 84       		.byte	-124
 180 0097 02       		.byte	2
 181 0098 88       		.byte	-120
 182 0099 01       		.byte	1
 183 009a 92       		.byte	-110
 184 009b 02       		.byte	2
 185 009c 96       		.byte	-106
 186 009d 01       		.byte	1
 187 009e 98       		.byte	-104
 188 009f 01       		.byte	1
 189 00a0 9C       		.byte	-100
 190 00a1 01       		.byte	1
 191 00a2 A8       		.byte	-88
 192 00a3 01       		.byte	1
 193 00a4 B0       		.byte	-80
 194 00a5 02       		.byte	2
 195 00a6 B6       		.byte	-74
 196 00a7 01       		.byte	1
 197 00a8 B8       		.byte	-72
 198 00a9 82       		.byte	-126
 199 00aa BE       		.byte	-66
 200 00ab 41       		.byte	65
 201 00ac D8       		.byte	-40
 202 00ad 04       		.byte	4
 203 00ae DF       		.byte	-33
 204 00af 01       		.byte	1
 205 00b0 00       		.byte	0
 206 00b1 10       		.byte	16
 207 00b2 01       		.byte	1
 208 00b3 02       		.byte	2
 209 00b4 02       		.byte	2
 210 00b5 02       		.byte	2
 211 00b6 03       		.byte	3
 212 00b7 10       		.byte	16
 213 00b8 05       		.byte	5
 214 00b9 22       		.byte	34
 215 00ba 06       		.byte	6
 216 00bb 50       		.byte	80
 217 00bc 08       		.byte	8
 218 00bd 01       		.byte	1
 219 00be 0A       		.byte	10
 220 00bf 80       		.byte	-128
 221 00c0 0B       		.byte	11
 222 00c1 26       		.byte	38
 223 00c2 0C       		.byte	12
 224 00c3 61       		.byte	97
 225 00c4 0D       		.byte	13
 226 00c5 08       		.byte	8
 227 00c6 0E       		.byte	14
 228 00c7 01       		.byte	1
ARM GAS  C:\Users\HPz420\AppData\Local\Temp\cctRYvOK.s 			page 5


 229 00c8 10       		.byte	16
 230 00c9 4A       		.byte	74
 231 00ca 12       		.byte	18
 232 00cb 10       		.byte	16
 233 00cc 14       		.byte	20
 234 00cd 04       		.byte	4
 235 00ce 17       		.byte	23
 236 00cf 30       		.byte	48
 237 00d0 18       		.byte	24
 238 00d1 90       		.byte	-112
 239 00d2 1A       		.byte	26
 240 00d3 08       		.byte	8
 241 00d4 1D       		.byte	29
 242 00d5 01       		.byte	1
 243 00d6 1F       		.byte	31
 244 00d7 80       		.byte	-128
 245 00d8 22       		.byte	34
 246 00d9 08       		.byte	8
 247 00da 28       		.byte	40
 248 00db 40       		.byte	64
 249 00dc 29       		.byte	41
 250 00dd 20       		.byte	32
 251 00de 2A       		.byte	42
 252 00df 40       		.byte	64
 253 00e0 30       		.byte	48
 254 00e1 24       		.byte	36
 255 00e2 32       		.byte	50
 256 00e3 02       		.byte	2
 257 00e4 68       		.byte	104
 258 00e5 06       		.byte	6
 259 00e6 81       		.byte	-127
 260 00e7 08       		.byte	8
 261 00e8 82       		.byte	-126
 262 00e9 02       		.byte	2
 263 00ea 84       		.byte	-124
 264 00eb 20       		.byte	32
 265 00ec 86       		.byte	-122
 266 00ed 0C       		.byte	12
 267 00ee 87       		.byte	-121
 268 00ef 04       		.byte	4
 269 00f0 88       		.byte	-120
 270 00f1 0C       		.byte	12
 271 00f2 8C       		.byte	-116
 272 00f3 40       		.byte	64
 273 00f4 92       		.byte	-110
 274 00f5 81       		.byte	-127
 275 00f6 99       		.byte	-103
 276 00f7 02       		.byte	2
 277 00f8 9A       		.byte	-102
 278 00f9 10       		.byte	16
 279 00fa 9B       		.byte	-101
 280 00fb 20       		.byte	32
 281 00fc A9       		.byte	-87
 282 00fd 02       		.byte	2
 283 00fe AE       		.byte	-82
 284 00ff 10       		.byte	16
 285 0100 B6       		.byte	-74
ARM GAS  C:\Users\HPz420\AppData\Local\Temp\cctRYvOK.s 			page 6


 286 0101 40       		.byte	64
 287 0102 B7       		.byte	-73
 288 0103 20       		.byte	32
 289 0104 C0       		.byte	-64
 290 0105 7F       		.byte	127
 291 0106 C2       		.byte	-62
 292 0107 FF       		.byte	-1
 293 0108 C4       		.byte	-60
 294 0109 4F       		.byte	79
 295 010a CA       		.byte	-54
 296 010b 0D       		.byte	13
 297 010c CC       		.byte	-52
 298 010d 07       		.byte	7
 299 010e E0       		.byte	-32
 300 010f 08       		.byte	8
 301 0110 E2       		.byte	-30
 302 0111 03       		.byte	3
 303 0112 E4       		.byte	-28
 304 0113 28       		.byte	40
 305 0114 E8       		.byte	-24
 306 0115 10       		.byte	16
 307 0116 EC       		.byte	-20
 308 0117 10       		.byte	16
 309 0118 AC       		.byte	-84
 310 0119 02       		.byte	2
 311 011a AD       		.byte	-83
 312 011b 20       		.byte	32
 313 011c AF       		.byte	-81
 314 011d 90       		.byte	-112
 315 011e B5       		.byte	-75
 316 011f 01       		.byte	1
 317 0120 B7       		.byte	-73
 318 0121 01       		.byte	1
 319 0122 E8       		.byte	-24
 320 0123 48       		.byte	72
 321 0124 EE       		.byte	-18
 322 0125 02       		.byte	2
 323 0126 E8       		.byte	-24
 324 0127 08       		.byte	8
 325 0128 EC       		.byte	-20
 326 0129 40       		.byte	64
 327 012a EE       		.byte	-18
 328 012b 02       		.byte	2
 329 012c E0       		.byte	-32
 330 012d 28       		.byte	40
 331 012e E2       		.byte	-30
 332 012f 03       		.byte	3
 333 0130 E4       		.byte	-28
 334 0131 18       		.byte	24
 335 0132 0A       		.byte	10
 336 0133 20       		.byte	32
 337 0134 5B       		.byte	91
 338 0135 08       		.byte	8
 339 0136 C2       		.byte	-62
 340 0137 10       		.byte	16
 341 0138 D6       		.byte	-42
 342 0139 40       		.byte	64
ARM GAS  C:\Users\HPz420\AppData\Local\Temp\cctRYvOK.s 			page 7


 343 013a 02       		.byte	2
 344 013b 10       		.byte	16
 345 013c 03       		.byte	3
 346 013d 01       		.byte	1
 347 013e 06       		.byte	6
 348 013f 02       		.byte	2
 349 0140 09       		.byte	9
 350 0141 88       		.byte	-120
 351 0142 0F       		.byte	15
 352 0143 18       		.byte	24
 353 0144 52       		.byte	82
 354 0145 08       		.byte	8
 355 0146 87       		.byte	-121
 356 0147 10       		.byte	16
 357 0148 92       		.byte	-110
 358 0149 20       		.byte	32
 359 014a 9F       		.byte	-97
 360 014b 08       		.byte	8
 361 014c C0       		.byte	-64
 362 014d D0       		.byte	-48
 363 014e C2       		.byte	-62
 364 014f F0       		.byte	-16
 365 0150 D4       		.byte	-44
 366 0151 20       		.byte	32
 367 0152 E0       		.byte	-32
 368 0153 10       		.byte	16
 369 0154 53       		.byte	83
 370 0155 20       		.byte	32
 371 0156 8A       		.byte	-118
 372 0157 10       		.byte	16
 373 0158 9A       		.byte	-102
 374 0159 12       		.byte	18
 375 015a 9F       		.byte	-97
 376 015b 08       		.byte	8
 377 015c A3       		.byte	-93
 378 015d 04       		.byte	4
 379 015e A6       		.byte	-90
 380 015f 08       		.byte	8
 381 0160 AA       		.byte	-86
 382 0161 10       		.byte	16
 383 0162 AF       		.byte	-81
 384 0163 01       		.byte	1
 385 0164 B5       		.byte	-75
 386 0165 88       		.byte	-120
 387 0166 D4       		.byte	-44
 388 0167 20       		.byte	32
 389 0168 E8       		.byte	-24
 390 0169 40       		.byte	64
 391 016a EC       		.byte	-20
 392 016b 20       		.byte	32
 393 016c 9F       		.byte	-97
 394 016d 08       		.byte	8
 395 016e A3       		.byte	-93
 396 016f 04       		.byte	4
 397 0170 A6       		.byte	-90
 398 0171 08       		.byte	8
 399 0172 AF       		.byte	-81
ARM GAS  C:\Users\HPz420\AppData\Local\Temp\cctRYvOK.s 			page 8


 400 0173 20       		.byte	32
 401 0174 B6       		.byte	-74
 402 0175 02       		.byte	2
 403 0176 EE       		.byte	-18
 404 0177 10       		.byte	16
 405 0178 05       		.byte	5
 406 0179 20       		.byte	32
 407 017a 0D       		.byte	13
 408 017b 40       		.byte	64
 409 017c 54       		.byte	84
 410 017d 08       		.byte	8
 411 017e 57       		.byte	87
 412 017f 02       		.byte	2
 413 0180 58       		.byte	88
 414 0181 40       		.byte	64
 415 0182 60       		.byte	96
 416 0183 04       		.byte	4
 417 0184 C0       		.byte	-64
 418 0185 01       		.byte	1
 419 0186 C2       		.byte	-62
 420 0187 01       		.byte	1
 421 0188 D4       		.byte	-44
 422 0189 03       		.byte	3
 423 018a D6       		.byte	-42
 424 018b 04       		.byte	4
 425 018c D8       		.byte	-40
 426 018d 02       		.byte	2
 427 018e 07       		.byte	7
 428 018f 80       		.byte	-128
 429 0190 54       		.byte	84
 430 0191 04       		.byte	4
 431 0192 81       		.byte	-127
 432 0193 40       		.byte	64
 433 0194 84       		.byte	-124
 434 0195 40       		.byte	64
 435 0196 87       		.byte	-121
 436 0197 82       		.byte	-126
 437 0198 88       		.byte	-120
 438 0199 04       		.byte	4
 439 019a 8C       		.byte	-116
 440 019b 08       		.byte	8
 441 019c 91       		.byte	-111
 442 019d 80       		.byte	-128
 443 019e 94       		.byte	-108
 444 019f 04       		.byte	4
 445 01a0 99       		.byte	-103
 446 01a1 20       		.byte	32
 447 01a2 9C       		.byte	-100
 448 01a3 40       		.byte	64
 449 01a4 A4       		.byte	-92
 450 01a5 08       		.byte	8
 451 01a6 A7       		.byte	-89
 452 01a7 02       		.byte	2
 453 01a8 C0       		.byte	-64
 454 01a9 04       		.byte	4
 455 01aa D4       		.byte	-44
 456 01ab 02       		.byte	2
ARM GAS  C:\Users\HPz420\AppData\Local\Temp\cctRYvOK.s 			page 9


 457 01ac E0       		.byte	-32
 458 01ad 04       		.byte	4
 459 01ae E4       		.byte	-28
 460 01af 08       		.byte	8
 461 01b0 92       		.byte	-110
 462 01b1 01       		.byte	1
 463 01b2 AD       		.byte	-83
 464 01b3 20       		.byte	32
 465 01b4 AE       		.byte	-82
 466 01b5 01       		.byte	1
 467 01b6 B4       		.byte	-76
 468 01b7 04       		.byte	4
 469 01b8 EC       		.byte	-20
 470 01b9 02       		.byte	2
 471 01ba 22       		.byte	34
 472 01bb 08       		.byte	8
 473 01bc 27       		.byte	39
 474 01bd 08       		.byte	8
 475 01be 9F       		.byte	-97
 476 01bf 08       		.byte	8
 477 01c0 A3       		.byte	-93
 478 01c1 04       		.byte	4
 479 01c2 A6       		.byte	-90
 480 01c3 08       		.byte	8
 481 01c4 C8       		.byte	-56
 482 01c5 60       		.byte	96
 483 01c6 4F       		.byte	79
 484 01c7 08       		.byte	8
 485 01c8 A3       		.byte	-93
 486 01c9 04       		.byte	4
 487 01ca D2       		.byte	-46
 488 01cb 80       		.byte	-128
 489 01cc 5E       		.byte	94
 490 01cd 01       		.byte	1
 491 01ce 92       		.byte	-110
 492 01cf 01       		.byte	1
 493 01d0 D6       		.byte	-42
 494 01d1 01       		.byte	1
 495 01d2 00       		.byte	0
 496 01d3 01       		.byte	1
 497 01d4 0A       		.byte	10
 498 01d5 01       		.byte	1
 499 01d6 00       		.byte	0
 500 01d7 00       		.byte	0
 501 01d8 FD       		.byte	-3
 502 01d9 02       		.byte	2
 503 01da 02       		.byte	2
 504 01db 00       		.byte	0
 505 01dc 02       		.byte	2
 506 01dd 00       		.byte	0
 507 01de 00       		.byte	0
 508 01df 00       		.byte	0
 509 01e0 00       		.byte	0
 510 01e1 04       		.byte	4
 511 01e2 04       		.byte	4
 512 01e3 00       		.byte	0
 513 01e4 04       		.byte	4
ARM GAS  C:\Users\HPz420\AppData\Local\Temp\cctRYvOK.s 			page 10


 514 01e5 00       		.byte	0
 515 01e6 00       		.byte	0
 516 01e7 00       		.byte	0
 517 01e8 20       		.byte	32
 518 01e9 10       		.byte	16
 519 01ea 10       		.byte	16
 520 01eb 00       		.byte	0
 521 01ec 10       		.byte	16
 522 01ed 00       		.byte	0
 523 01ee 00       		.byte	0
 524 01ef 00       		.byte	0
 525 01f0 00       		.byte	0
 526 01f1 4B       		.byte	75
 527 01f2 4B       		.byte	75
 528 01f3 00       		.byte	0
 529 01f4 40       		.byte	64
 530 01f5 00       		.byte	0
 531 01f6 00       		.byte	0
 532 01f7 00       		.byte	0
 533 01f8 88       		.byte	-120
 534 01f9 17       		.byte	23
 535 01fa 17       		.byte	23
 536 01fb 00       		.byte	0
 537 01fc 17       		.byte	23
 538 01fd 00       		.byte	0
 539 01fe 00       		.byte	0
 540 01ff 00       		.byte	0
 541 0200 10       		.byte	16
 542 0201 20       		.byte	32
 543 0202 20       		.byte	32
 544 0203 00       		.byte	0
 545 0204 20       		.byte	32
 546 0205 00       		.byte	0
 547 0206 00       		.byte	0
 548 0207 00       		.byte	0
 549              		.section	.cywolatch,"a",%progbits
 550              		.align	2
 551              		.type	cy_meta_wonvl, %object
 552              		.size	cy_meta_wonvl, 4
 553              	cy_meta_wonvl:
 554 0000 BC       		.byte	-68
 555 0001 90       		.byte	-112
 556 0002 AC       		.byte	-84
 557 0003 AF       		.byte	-81
 558              		.section	.cycustnvl,"a",%progbits
 559              		.align	2
 560              		.type	cy_meta_custnvl, %object
 561              		.size	cy_meta_custnvl, 4
 562              	cy_meta_custnvl:
 563 0000 00       		.byte	0
 564 0001 00       		.byte	0
 565 0002 40       		.byte	64
 566 0003 05       		.byte	5
 567              		.section	.cymeta,"a",%progbits
 568              		.align	2
 569              		.type	cy_metadata, %object
 570              		.size	cy_metadata, 12
ARM GAS  C:\Users\HPz420\AppData\Local\Temp\cctRYvOK.s 			page 11


 571              	cy_metadata:
 572 0000 00       		.byte	0
 573 0001 01       		.byte	1
 574 0002 2E       		.byte	46
 575 0003 13       		.byte	19
 576 0004 30       		.byte	48
 577 0005 69       		.byte	105
 578 0006 00       		.byte	0
 579 0007 01       		.byte	1
 580 0008 00       		.byte	0
 581 0009 00       		.byte	0
 582 000a 00       		.byte	0
 583 000b 00       		.byte	0
 584              		.section	.cyflashprotect,"a",%progbits
 585              		.align	2
 586              		.type	cy_meta_flashprotect, %object
 587              		.size	cy_meta_flashprotect, 128
 588              	cy_meta_flashprotect:
 589 0000 00000000 		.space	128
 589      00000000 
 589      00000000 
 589      00000000 
 589      00000000 
 590              		.text
 591              	.Letext0:
 592              		.file 1 "c:\\program files (x86)\\cypress\\psoc creator\\4.2\\psoc creator\\import\\gnu\\arm\\5.4.
 593              		.file 2 "c:\\program files (x86)\\cypress\\psoc creator\\4.2\\psoc creator\\import\\gnu\\arm\\5.4.
 594              		.file 3 "Generated_Source\\PSoC5\\cymetadata.c"
 595              		.section	.debug_info,"",%progbits
 596              	.Ldebug_info0:
 597 0000 31010000 		.4byte	0x131
 598 0004 0400     		.2byte	0x4
 599 0006 00000000 		.4byte	.Ldebug_abbrev0
 600 000a 04       		.byte	0x4
 601 000b 01       		.uleb128 0x1
 602 000c 63000000 		.4byte	.LASF17
 603 0010 0C       		.byte	0xc
 604 0011 BD010000 		.4byte	.LASF18
 605 0015 00000000 		.4byte	.LASF19
 606 0019 00000000 		.4byte	.Ldebug_line0
 607 001d 02       		.uleb128 0x2
 608 001e 01       		.byte	0x1
 609 001f 06       		.byte	0x6
 610 0020 B1010000 		.4byte	.LASF0
 611 0024 03       		.uleb128 0x3
 612 0025 3F000000 		.4byte	.LASF9
 613 0029 01       		.byte	0x1
 614 002a 1D       		.byte	0x1d
 615 002b 2F000000 		.4byte	0x2f
 616 002f 02       		.uleb128 0x2
 617 0030 01       		.byte	0x1
 618 0031 08       		.byte	0x8
 619 0032 55000000 		.4byte	.LASF1
 620 0036 02       		.uleb128 0x2
 621 0037 02       		.byte	0x2
 622 0038 05       		.byte	0x5
 623 0039 9E010000 		.4byte	.LASF2
ARM GAS  C:\Users\HPz420\AppData\Local\Temp\cctRYvOK.s 			page 12


 624 003d 02       		.uleb128 0x2
 625 003e 02       		.byte	0x2
 626 003f 07       		.byte	0x7
 627 0040 03010000 		.4byte	.LASF3
 628 0044 02       		.uleb128 0x2
 629 0045 04       		.byte	0x4
 630 0046 05       		.byte	0x5
 631 0047 A8010000 		.4byte	.LASF4
 632 004b 02       		.uleb128 0x2
 633 004c 04       		.byte	0x4
 634 004d 07       		.byte	0x7
 635 004e F1000000 		.4byte	.LASF5
 636 0052 02       		.uleb128 0x2
 637 0053 08       		.byte	0x8
 638 0054 05       		.byte	0x5
 639 0055 90010000 		.4byte	.LASF6
 640 0059 02       		.uleb128 0x2
 641 005a 08       		.byte	0x8
 642 005b 07       		.byte	0x7
 643 005c 45010000 		.4byte	.LASF7
 644 0060 04       		.uleb128 0x4
 645 0061 04       		.byte	0x4
 646 0062 05       		.byte	0x5
 647 0063 696E7400 		.ascii	"int\000"
 648 0067 02       		.uleb128 0x2
 649 0068 04       		.byte	0x4
 650 0069 07       		.byte	0x7
 651 006a 38010000 		.4byte	.LASF8
 652 006e 03       		.uleb128 0x3
 653 006f 5C010000 		.4byte	.LASF10
 654 0073 02       		.byte	0x2
 655 0074 18       		.byte	0x18
 656 0075 24000000 		.4byte	0x24
 657 0079 05       		.uleb128 0x5
 658 007a 91000000 		.4byte	0x91
 659 007e 8A000000 		.4byte	0x8a
 660 0082 06       		.uleb128 0x6
 661 0083 8A000000 		.4byte	0x8a
 662 0087 0702     		.2byte	0x207
 663 0089 00       		.byte	0
 664 008a 02       		.uleb128 0x2
 665 008b 04       		.byte	0x4
 666 008c 07       		.byte	0x7
 667 008d 87010000 		.4byte	.LASF11
 668 0091 07       		.uleb128 0x7
 669 0092 6E000000 		.4byte	0x6e
 670 0096 08       		.uleb128 0x8
 671 0097 26010000 		.4byte	.LASF12
 672 009b 03       		.byte	0x3
 673 009c 1F       		.byte	0x1f
 674 009d A7000000 		.4byte	0xa7
 675 00a1 05       		.uleb128 0x5
 676 00a2 03       		.byte	0x3
 677 00a3 00000000 		.4byte	cy_meta_configecc
 678 00a7 07       		.uleb128 0x7
 679 00a8 79000000 		.4byte	0x79
 680 00ac 05       		.uleb128 0x5
ARM GAS  C:\Users\HPz420\AppData\Local\Temp\cctRYvOK.s 			page 13


 681 00ad 91000000 		.4byte	0x91
 682 00b1 BC000000 		.4byte	0xbc
 683 00b5 09       		.uleb128 0x9
 684 00b6 8A000000 		.4byte	0x8a
 685 00ba 03       		.byte	0x3
 686 00bb 00       		.byte	0
 687 00bc 08       		.uleb128 0x8
 688 00bd 16010000 		.4byte	.LASF13
 689 00c1 03       		.byte	0x3
 690 00c2 6D       		.byte	0x6d
 691 00c3 CD000000 		.4byte	0xcd
 692 00c7 05       		.uleb128 0x5
 693 00c8 03       		.byte	0x3
 694 00c9 00000000 		.4byte	cy_meta_custnvl
 695 00cd 07       		.uleb128 0x7
 696 00ce AC000000 		.4byte	0xac
 697 00d2 08       		.uleb128 0x8
 698 00d3 79010000 		.4byte	.LASF14
 699 00d7 03       		.byte	0x3
 700 00d8 7B       		.byte	0x7b
 701 00d9 E3000000 		.4byte	0xe3
 702 00dd 05       		.uleb128 0x5
 703 00de 03       		.byte	0x3
 704 00df 00000000 		.4byte	cy_meta_wonvl
 705 00e3 07       		.uleb128 0x7
 706 00e4 AC000000 		.4byte	0xac
 707 00e8 05       		.uleb128 0x5
 708 00e9 91000000 		.4byte	0x91
 709 00ed F8000000 		.4byte	0xf8
 710 00f1 09       		.uleb128 0x9
 711 00f2 8A000000 		.4byte	0x8a
 712 00f6 7F       		.byte	0x7f
 713 00f7 00       		.byte	0
 714 00f8 08       		.uleb128 0x8
 715 00f9 64010000 		.4byte	.LASF15
 716 00fd 03       		.byte	0x3
 717 00fe 89       		.byte	0x89
 718 00ff 09010000 		.4byte	0x109
 719 0103 05       		.uleb128 0x5
 720 0104 03       		.byte	0x3
 721 0105 00000000 		.4byte	cy_meta_flashprotect
 722 0109 07       		.uleb128 0x7
 723 010a E8000000 		.4byte	0xe8
 724 010e 05       		.uleb128 0x5
 725 010f 91000000 		.4byte	0x91
 726 0113 1E010000 		.4byte	0x11e
 727 0117 09       		.uleb128 0x9
 728 0118 8A000000 		.4byte	0x8a
 729 011c 0B       		.byte	0xb
 730 011d 00       		.byte	0
 731 011e 08       		.uleb128 0x8
 732 011f 49000000 		.4byte	.LASF16
 733 0123 03       		.byte	0x3
 734 0124 A6       		.byte	0xa6
 735 0125 2F010000 		.4byte	0x12f
 736 0129 05       		.uleb128 0x5
 737 012a 03       		.byte	0x3
ARM GAS  C:\Users\HPz420\AppData\Local\Temp\cctRYvOK.s 			page 14


 738 012b 00000000 		.4byte	cy_metadata
 739 012f 07       		.uleb128 0x7
 740 0130 0E010000 		.4byte	0x10e
 741 0134 00       		.byte	0
 742              		.section	.debug_abbrev,"",%progbits
 743              	.Ldebug_abbrev0:
 744 0000 01       		.uleb128 0x1
 745 0001 11       		.uleb128 0x11
 746 0002 01       		.byte	0x1
 747 0003 25       		.uleb128 0x25
 748 0004 0E       		.uleb128 0xe
 749 0005 13       		.uleb128 0x13
 750 0006 0B       		.uleb128 0xb
 751 0007 03       		.uleb128 0x3
 752 0008 0E       		.uleb128 0xe
 753 0009 1B       		.uleb128 0x1b
 754 000a 0E       		.uleb128 0xe
 755 000b 10       		.uleb128 0x10
 756 000c 17       		.uleb128 0x17
 757 000d 00       		.byte	0
 758 000e 00       		.byte	0
 759 000f 02       		.uleb128 0x2
 760 0010 24       		.uleb128 0x24
 761 0011 00       		.byte	0
 762 0012 0B       		.uleb128 0xb
 763 0013 0B       		.uleb128 0xb
 764 0014 3E       		.uleb128 0x3e
 765 0015 0B       		.uleb128 0xb
 766 0016 03       		.uleb128 0x3
 767 0017 0E       		.uleb128 0xe
 768 0018 00       		.byte	0
 769 0019 00       		.byte	0
 770 001a 03       		.uleb128 0x3
 771 001b 16       		.uleb128 0x16
 772 001c 00       		.byte	0
 773 001d 03       		.uleb128 0x3
 774 001e 0E       		.uleb128 0xe
 775 001f 3A       		.uleb128 0x3a
 776 0020 0B       		.uleb128 0xb
 777 0021 3B       		.uleb128 0x3b
 778 0022 0B       		.uleb128 0xb
 779 0023 49       		.uleb128 0x49
 780 0024 13       		.uleb128 0x13
 781 0025 00       		.byte	0
 782 0026 00       		.byte	0
 783 0027 04       		.uleb128 0x4
 784 0028 24       		.uleb128 0x24
 785 0029 00       		.byte	0
 786 002a 0B       		.uleb128 0xb
 787 002b 0B       		.uleb128 0xb
 788 002c 3E       		.uleb128 0x3e
 789 002d 0B       		.uleb128 0xb
 790 002e 03       		.uleb128 0x3
 791 002f 08       		.uleb128 0x8
 792 0030 00       		.byte	0
 793 0031 00       		.byte	0
 794 0032 05       		.uleb128 0x5
ARM GAS  C:\Users\HPz420\AppData\Local\Temp\cctRYvOK.s 			page 15


 795 0033 01       		.uleb128 0x1
 796 0034 01       		.byte	0x1
 797 0035 49       		.uleb128 0x49
 798 0036 13       		.uleb128 0x13
 799 0037 01       		.uleb128 0x1
 800 0038 13       		.uleb128 0x13
 801 0039 00       		.byte	0
 802 003a 00       		.byte	0
 803 003b 06       		.uleb128 0x6
 804 003c 21       		.uleb128 0x21
 805 003d 00       		.byte	0
 806 003e 49       		.uleb128 0x49
 807 003f 13       		.uleb128 0x13
 808 0040 2F       		.uleb128 0x2f
 809 0041 05       		.uleb128 0x5
 810 0042 00       		.byte	0
 811 0043 00       		.byte	0
 812 0044 07       		.uleb128 0x7
 813 0045 26       		.uleb128 0x26
 814 0046 00       		.byte	0
 815 0047 49       		.uleb128 0x49
 816 0048 13       		.uleb128 0x13
 817 0049 00       		.byte	0
 818 004a 00       		.byte	0
 819 004b 08       		.uleb128 0x8
 820 004c 34       		.uleb128 0x34
 821 004d 00       		.byte	0
 822 004e 03       		.uleb128 0x3
 823 004f 0E       		.uleb128 0xe
 824 0050 3A       		.uleb128 0x3a
 825 0051 0B       		.uleb128 0xb
 826 0052 3B       		.uleb128 0x3b
 827 0053 0B       		.uleb128 0xb
 828 0054 49       		.uleb128 0x49
 829 0055 13       		.uleb128 0x13
 830 0056 3F       		.uleb128 0x3f
 831 0057 19       		.uleb128 0x19
 832 0058 02       		.uleb128 0x2
 833 0059 18       		.uleb128 0x18
 834 005a 00       		.byte	0
 835 005b 00       		.byte	0
 836 005c 09       		.uleb128 0x9
 837 005d 21       		.uleb128 0x21
 838 005e 00       		.byte	0
 839 005f 49       		.uleb128 0x49
 840 0060 13       		.uleb128 0x13
 841 0061 2F       		.uleb128 0x2f
 842 0062 0B       		.uleb128 0xb
 843 0063 00       		.byte	0
 844 0064 00       		.byte	0
 845 0065 00       		.byte	0
 846              		.section	.debug_aranges,"",%progbits
 847 0000 14000000 		.4byte	0x14
 848 0004 0200     		.2byte	0x2
 849 0006 00000000 		.4byte	.Ldebug_info0
 850 000a 04       		.byte	0x4
 851 000b 00       		.byte	0
ARM GAS  C:\Users\HPz420\AppData\Local\Temp\cctRYvOK.s 			page 16


 852 000c 0000     		.2byte	0
 853 000e 0000     		.2byte	0
 854 0010 00000000 		.4byte	0
 855 0014 00000000 		.4byte	0
 856              		.section	.debug_line,"",%progbits
 857              	.Ldebug_line0:
 858 0000 3D010000 		.section	.debug_str,"MS",%progbits,1
 858      02003701 
 858      00000201 
 858      FB0E0D00 
 858      01010101 
 859              	.LASF19:
 860 0000 433A5C55 		.ascii	"C:\\Users\\HPz420\\Documents\\GitHub\\LB-RPPSOC\\RP"
 860      73657273 
 860      5C48507A 
 860      3432305C 
 860      446F6375 
 861 002d 50534F43 		.ascii	"PSOC-Blink1.cydsn\000"
 861      2D426C69 
 861      6E6B312E 
 861      63796473 
 861      6E00
 862              	.LASF9:
 863 003f 5F5F7569 		.ascii	"__uint8_t\000"
 863      6E74385F 
 863      7400
 864              	.LASF16:
 865 0049 63795F6D 		.ascii	"cy_metadata\000"
 865      65746164 
 865      61746100 
 866              	.LASF1:
 867 0055 756E7369 		.ascii	"unsigned char\000"
 867      676E6564 
 867      20636861 
 867      7200
 868              	.LASF17:
 869 0063 474E5520 		.ascii	"GNU C11 5.4.1 20160609 (release) [ARM/embedded-5-br"
 869      43313120 
 869      352E342E 
 869      31203230 
 869      31363036 
 870 0096 616E6368 		.ascii	"anch revision 237715] -mcpu=cortex-m3 -mthumb -g -O"
 870      20726576 
 870      6973696F 
 870      6E203233 
 870      37373135 
 871 00c9 67202D66 		.ascii	"g -ffunction-sections -ffat-lto-objects\000"
 871      66756E63 
 871      74696F6E 
 871      2D736563 
 871      74696F6E 
 872              	.LASF5:
 873 00f1 6C6F6E67 		.ascii	"long unsigned int\000"
 873      20756E73 
 873      69676E65 
 873      6420696E 
 873      7400
ARM GAS  C:\Users\HPz420\AppData\Local\Temp\cctRYvOK.s 			page 17


 874              	.LASF3:
 875 0103 73686F72 		.ascii	"short unsigned int\000"
 875      7420756E 
 875      7369676E 
 875      65642069 
 875      6E7400
 876              	.LASF13:
 877 0116 63795F6D 		.ascii	"cy_meta_custnvl\000"
 877      6574615F 
 877      63757374 
 877      6E766C00 
 878              	.LASF12:
 879 0126 63795F6D 		.ascii	"cy_meta_configecc\000"
 879      6574615F 
 879      636F6E66 
 879      69676563 
 879      6300
 880              	.LASF8:
 881 0138 756E7369 		.ascii	"unsigned int\000"
 881      676E6564 
 881      20696E74 
 881      00
 882              	.LASF7:
 883 0145 6C6F6E67 		.ascii	"long long unsigned int\000"
 883      206C6F6E 
 883      6720756E 
 883      7369676E 
 883      65642069 
 884              	.LASF10:
 885 015c 75696E74 		.ascii	"uint8_t\000"
 885      385F7400 
 886              	.LASF15:
 887 0164 63795F6D 		.ascii	"cy_meta_flashprotect\000"
 887      6574615F 
 887      666C6173 
 887      6870726F 
 887      74656374 
 888              	.LASF14:
 889 0179 63795F6D 		.ascii	"cy_meta_wonvl\000"
 889      6574615F 
 889      776F6E76 
 889      6C00
 890              	.LASF11:
 891 0187 73697A65 		.ascii	"sizetype\000"
 891      74797065 
 891      00
 892              	.LASF6:
 893 0190 6C6F6E67 		.ascii	"long long int\000"
 893      206C6F6E 
 893      6720696E 
 893      7400
 894              	.LASF2:
 895 019e 73686F72 		.ascii	"short int\000"
 895      7420696E 
 895      7400
 896              	.LASF4:
 897 01a8 6C6F6E67 		.ascii	"long int\000"
ARM GAS  C:\Users\HPz420\AppData\Local\Temp\cctRYvOK.s 			page 18


 897      20696E74 
 897      00
 898              	.LASF0:
 899 01b1 7369676E 		.ascii	"signed char\000"
 899      65642063 
 899      68617200 
 900              	.LASF18:
 901 01bd 47656E65 		.ascii	"Generated_Source\\PSoC5\\cymetadata.c\000"
 901      72617465 
 901      645F536F 
 901      75726365 
 901      5C50536F 
 902              		.ident	"GCC: (GNU Tools for ARM Embedded Processors) 5.4.1 20160609 (release) [ARM/embedded-5-bran
