ARM GAS  C:\Users\doug_000\AppData\Local\Temp\ccCYljm9.s 			page 1


   1              		.syntax unified
   2              		.cpu cortex-m3
   3              		.fpu softvfp
   4              		.eabi_attribute 20, 1
   5              		.eabi_attribute 21, 1
   6              		.eabi_attribute 23, 3
   7              		.eabi_attribute 24, 1
   8              		.eabi_attribute 25, 1
   9              		.eabi_attribute 26, 1
  10              		.eabi_attribute 30, 1
  11              		.eabi_attribute 34, 1
  12              		.eabi_attribute 18, 4
  13              		.thumb
  14              		.file	"cymetadata.c"
  15              		.text
  16              	.Ltext0:
  17              		.cfi_sections	.debug_frame
  18              		.global	cy_metadata
  19              		.global	cy_meta_flashprotect
  20              		.global	cy_meta_wonvl
  21              		.global	cy_meta_custnvl
  22              		.global	cy_meta_configecc
  23              		.section	.cyconfigecc,"a",%progbits
  24              		.align	2
  25              		.type	cy_meta_configecc, %object
  26              		.size	cy_meta_configecc, 2376
  27              	cy_meta_configecc:
  28 0000 0C       		.byte	12
  29 0001 52       		.byte	82
  30 0002 00       		.byte	0
  31 0003 40       		.byte	64
  32 0004 02       		.byte	2
  33 0005 01       		.byte	1
  34 0006 01       		.byte	1
  35 0007 40       		.byte	64
  36 0008 06       		.byte	6
  37 0009 03       		.byte	3
  38 000a 01       		.byte	1
  39 000b 40       		.byte	64
  40 000c 40       		.byte	64
  41 000d 04       		.byte	4
  42 000e 01       		.byte	1
  43 000f 40       		.byte	64
  44 0010 3B       		.byte	59
  45 0011 05       		.byte	5
  46 0012 01       		.byte	1
  47 0013 40       		.byte	64
  48 0014 3F       		.byte	63
  49 0015 06       		.byte	6
  50 0016 01       		.byte	1
  51 0017 40       		.byte	64
  52 0018 40       		.byte	64
  53 0019 07       		.byte	7
  54 001a 01       		.byte	1
  55 001b 40       		.byte	64
  56 001c 3D       		.byte	61
  57 001d 08       		.byte	8
ARM GAS  C:\Users\doug_000\AppData\Local\Temp\ccCYljm9.s 			page 2


  58 001e 01       		.byte	1
  59 001f 40       		.byte	64
  60 0020 42       		.byte	66
  61 0021 09       		.byte	9
  62 0022 01       		.byte	1
  63 0023 40       		.byte	64
  64 0024 3A       		.byte	58
  65 0025 0A       		.byte	10
  66 0026 01       		.byte	1
  67 0027 40       		.byte	64
  68 0028 2A       		.byte	42
  69 0029 0B       		.byte	11
  70 002a 01       		.byte	1
  71 002b 40       		.byte	64
  72 002c 0A       		.byte	10
  73 002d 15       		.byte	21
  74 002e 01       		.byte	1
  75 002f 40       		.byte	64
  76 0030 3C       		.byte	60
  77 0031 16       		.byte	22
  78 0032 01       		.byte	1
  79 0033 40       		.byte	64
  80 0034 3A       		.byte	58
  81 0035 17       		.byte	23
  82 0036 01       		.byte	1
  83 0037 40       		.byte	64
  84 0038 38       		.byte	56
  85 0039 18       		.byte	24
  86 003a 01       		.byte	1
  87 003b 40       		.byte	64
  88 003c 4A       		.byte	74
  89 003d 19       		.byte	25
  90 003e 01       		.byte	1
  91 003f 40       		.byte	64
  92 0040 3B       		.byte	59
  93 0041 1A       		.byte	26
  94 0042 01       		.byte	1
  95 0043 40       		.byte	64
  96 0044 3D       		.byte	61
  97 0045 1B       		.byte	27
  98 0046 01       		.byte	1
  99 0047 40       		.byte	64
 100 0048 0D       		.byte	13
 101 0049 40       		.byte	64
 102 004a 01       		.byte	1
 103 004b 40       		.byte	64
 104 004c 14       		.byte	20
 105 004d 41       		.byte	65
 106 004e 01       		.byte	1
 107 004f 40       		.byte	64
 108 0050 14       		.byte	20
 109 0051 42       		.byte	66
 110 0052 01       		.byte	1
 111 0053 40       		.byte	64
 112 0054 0F       		.byte	15
 113 0055 43       		.byte	67
 114 0056 01       		.byte	1
ARM GAS  C:\Users\doug_000\AppData\Local\Temp\ccCYljm9.s 			page 3


 115 0057 40       		.byte	64
 116 0058 03       		.byte	3
 117 0059 44       		.byte	68
 118 005a 01       		.byte	1
 119 005b 40       		.byte	64
 120 005c 0A       		.byte	10
 121 005d 45       		.byte	69
 122 005e 01       		.byte	1
 123 005f 40       		.byte	64
 124 0060 09       		.byte	9
 125 0061 46       		.byte	70
 126 0062 01       		.byte	1
 127 0063 40       		.byte	64
 128 0064 0D       		.byte	13
 129 0065 47       		.byte	71
 130 0066 01       		.byte	1
 131 0067 40       		.byte	64
 132 0068 16       		.byte	22
 133 0069 48       		.byte	72
 134 006a 01       		.byte	1
 135 006b 40       		.byte	64
 136 006c 1A       		.byte	26
 137 006d 49       		.byte	73
 138 006e 01       		.byte	1
 139 006f 40       		.byte	64
 140 0070 19       		.byte	25
 141 0071 4C       		.byte	76
 142 0072 01       		.byte	1
 143 0073 40       		.byte	64
 144 0074 1A       		.byte	26
 145 0075 4D       		.byte	77
 146 0076 01       		.byte	1
 147 0077 40       		.byte	64
 148 0078 02       		.byte	2
 149 0079 50       		.byte	80
 150 007a 01       		.byte	1
 151 007b 40       		.byte	64
 152 007c 01       		.byte	1
 153 007d 51       		.byte	81
 154 007e 01       		.byte	1
 155 007f 40       		.byte	64
 156 0080 00       		.byte	0
 157 0081 95       		.byte	-107
 158 0082 01       		.byte	1
 159 0083 CC       		.byte	-52
 160 0084 0C       		.byte	12
 161 0085 E0       		.byte	-32
 162 0086 14       		.byte	20
 163 0087 FF       		.byte	-1
 164 0088 18       		.byte	24
 165 0089 93       		.byte	-109
 166 008a 19       		.byte	25
 167 008b 55       		.byte	85
 168 008c 20       		.byte	32
 169 008d 33       		.byte	51
 170 008e 21       		.byte	33
 171 008f 25       		.byte	37
ARM GAS  C:\Users\doug_000\AppData\Local\Temp\ccCYljm9.s 			page 4


 172 0090 29       		.byte	41
 173 0091 10       		.byte	16
 174 0092 2C       		.byte	44
 175 0093 4F       		.byte	79
 176 0094 78       		.byte	120
 177 0095 0A       		.byte	10
 178 0096 79       		.byte	121
 179 0097 0C       		.byte	12
 180 0098 80       		.byte	-128
 181 0099 01       		.byte	1
 182 009a 83       		.byte	-125
 183 009b 01       		.byte	1
 184 009c 81       		.byte	-127
 185 009d 04       		.byte	4
 186 009e 87       		.byte	-121
 187 009f 10       		.byte	16
 188 00a0 8D       		.byte	-115
 189 00a1 40       		.byte	64
 190 00a2 94       		.byte	-108
 191 00a3 01       		.byte	1
 192 00a4 97       		.byte	-105
 193 00a5 02       		.byte	2
 194 00a6 E6       		.byte	-26
 195 00a7 10       		.byte	16
 196 00a8 03       		.byte	3
 197 00a9 03       		.byte	3
 198 00aa 08       		.byte	8
 199 00ab 06       		.byte	6
 200 00ac 09       		.byte	9
 201 00ad 02       		.byte	2
 202 00ae 0A       		.byte	10
 203 00af 01       		.byte	1
 204 00b0 0B       		.byte	11
 205 00b1 01       		.byte	1
 206 00b2 10       		.byte	16
 207 00b3 01       		.byte	1
 208 00b4 12       		.byte	18
 209 00b5 04       		.byte	4
 210 00b6 17       		.byte	23
 211 00b7 04       		.byte	4
 212 00b8 18       		.byte	24
 213 00b9 05       		.byte	5
 214 00ba 1C       		.byte	28
 215 00bb 01       		.byte	1
 216 00bc 1D       		.byte	29
 217 00bd 04       		.byte	4
 218 00be 1E       		.byte	30
 219 00bf 04       		.byte	4
 220 00c0 21       		.byte	33
 221 00c1 01       		.byte	1
 222 00c2 22       		.byte	34
 223 00c3 02       		.byte	2
 224 00c4 23       		.byte	35
 225 00c5 02       		.byte	2
 226 00c6 24       		.byte	36
 227 00c7 02       		.byte	2
 228 00c8 25       		.byte	37
ARM GAS  C:\Users\doug_000\AppData\Local\Temp\ccCYljm9.s 			page 5


 229 00c9 04       		.byte	4
 230 00ca 2A       		.byte	42
 231 00cb 02       		.byte	2
 232 00cc 2B       		.byte	43
 233 00cd 07       		.byte	7
 234 00ce 31       		.byte	49
 235 00cf 04       		.byte	4
 236 00d0 32       		.byte	50
 237 00d1 02       		.byte	2
 238 00d2 33       		.byte	51
 239 00d3 01       		.byte	1
 240 00d4 34       		.byte	52
 241 00d5 01       		.byte	1
 242 00d6 36       		.byte	54
 243 00d7 04       		.byte	4
 244 00d8 37       		.byte	55
 245 00d9 02       		.byte	2
 246 00da 3E       		.byte	62
 247 00db 54       		.byte	84
 248 00dc 3F       		.byte	63
 249 00dd 45       		.byte	69
 250 00de 58       		.byte	88
 251 00df 04       		.byte	4
 252 00e0 59       		.byte	89
 253 00e1 04       		.byte	4
 254 00e2 5F       		.byte	95
 255 00e3 01       		.byte	1
 256 00e4 81       		.byte	-127
 257 00e5 07       		.byte	7
 258 00e6 88       		.byte	-120
 259 00e7 04       		.byte	4
 260 00e8 89       		.byte	-119
 261 00e9 06       		.byte	6
 262 00ea 8B       		.byte	-117
 263 00eb 01       		.byte	1
 264 00ec 90       		.byte	-112
 265 00ed 03       		.byte	3
 266 00ee 92       		.byte	-110
 267 00ef 08       		.byte	8
 268 00f0 95       		.byte	-107
 269 00f1 08       		.byte	8
 270 00f2 96       		.byte	-106
 271 00f3 04       		.byte	4
 272 00f4 9C       		.byte	-100
 273 00f5 08       		.byte	8
 274 00f6 9D       		.byte	-99
 275 00f7 08       		.byte	8
 276 00f8 9E       		.byte	-98
 277 00f9 03       		.byte	3
 278 00fa A4       		.byte	-92
 279 00fb 02       		.byte	2
 280 00fc A6       		.byte	-90
 281 00fd 09       		.byte	9
 282 00fe A7       		.byte	-89
 283 00ff 08       		.byte	8
 284 0100 A8       		.byte	-88
 285 0101 09       		.byte	9
ARM GAS  C:\Users\doug_000\AppData\Local\Temp\ccCYljm9.s 			page 6


 286 0102 A9       		.byte	-87
 287 0103 06       		.byte	6
 288 0104 AA       		.byte	-86
 289 0105 06       		.byte	6
 290 0106 AB       		.byte	-85
 291 0107 09       		.byte	9
 292 0108 AD       		.byte	-83
 293 0109 02       		.byte	2
 294 010a AE       		.byte	-82
 295 010b 04       		.byte	4
 296 010c AF       		.byte	-81
 297 010d 05       		.byte	5
 298 010e B0       		.byte	-80
 299 010f 08       		.byte	8
 300 0110 B1       		.byte	-79
 301 0111 02       		.byte	2
 302 0112 B2       		.byte	-78
 303 0113 02       		.byte	2
 304 0114 B3       		.byte	-77
 305 0115 08       		.byte	8
 306 0116 B4       		.byte	-76
 307 0117 01       		.byte	1
 308 0118 B5       		.byte	-75
 309 0119 04       		.byte	4
 310 011a B6       		.byte	-74
 311 011b 04       		.byte	4
 312 011c B7       		.byte	-73
 313 011d 01       		.byte	1
 314 011e BE       		.byte	-66
 315 011f 55       		.byte	85
 316 0120 BF       		.byte	-65
 317 0121 55       		.byte	85
 318 0122 D8       		.byte	-40
 319 0123 04       		.byte	4
 320 0124 D9       		.byte	-39
 321 0125 04       		.byte	4
 322 0126 DF       		.byte	-33
 323 0127 01       		.byte	1
 324 0128 01       		.byte	1
 325 0129 30       		.byte	48
 326 012a 06       		.byte	6
 327 012b 04       		.byte	4
 328 012c 09       		.byte	9
 329 012d 10       		.byte	16
 330 012e 0A       		.byte	10
 331 012f 41       		.byte	65
 332 0130 0B       		.byte	11
 333 0131 01       		.byte	1
 334 0132 0C       		.byte	12
 335 0133 04       		.byte	4
 336 0134 0E       		.byte	14
 337 0135 41       		.byte	65
 338 0136 0F       		.byte	15
 339 0137 80       		.byte	-128
 340 0138 10       		.byte	16
 341 0139 14       		.byte	20
 342 013a 12       		.byte	18
ARM GAS  C:\Users\doug_000\AppData\Local\Temp\ccCYljm9.s 			page 7


 343 013b 80       		.byte	-128
 344 013c 15       		.byte	21
 345 013d 10       		.byte	16
 346 013e 17       		.byte	23
 347 013f 48       		.byte	72
 348 0140 18       		.byte	24
 349 0141 01       		.byte	1
 350 0142 19       		.byte	25
 351 0143 08       		.byte	8
 352 0144 1B       		.byte	27
 353 0145 20       		.byte	32
 354 0146 1C       		.byte	28
 355 0147 20       		.byte	32
 356 0148 1F       		.byte	31
 357 0149 52       		.byte	82
 358 014a 21       		.byte	33
 359 014b 40       		.byte	64
 360 014c 22       		.byte	34
 361 014d 09       		.byte	9
 362 014e 24       		.byte	36
 363 014f 20       		.byte	32
 364 0150 25       		.byte	37
 365 0151 20       		.byte	32
 366 0152 26       		.byte	38
 367 0153 42       		.byte	66
 368 0154 28       		.byte	40
 369 0155 10       		.byte	16
 370 0156 29       		.byte	41
 371 0157 20       		.byte	32
 372 0158 2A       		.byte	42
 373 0159 04       		.byte	4
 374 015a 2B       		.byte	43
 375 015b 50       		.byte	80
 376 015c 2C       		.byte	44
 377 015d 10       		.byte	16
 378 015e 2D       		.byte	45
 379 015f 20       		.byte	32
 380 0160 2E       		.byte	46
 381 0161 40       		.byte	64
 382 0162 30       		.byte	48
 383 0163 04       		.byte	4
 384 0164 32       		.byte	50
 385 0165 80       		.byte	-128
 386 0166 33       		.byte	51
 387 0167 40       		.byte	64
 388 0168 34       		.byte	52
 389 0169 04       		.byte	4
 390 016a 37       		.byte	55
 391 016b 40       		.byte	64
 392 016c 3B       		.byte	59
 393 016d 11       		.byte	17
 394 016e 3D       		.byte	61
 395 016f 20       		.byte	32
 396 0170 3E       		.byte	62
 397 0171 01       		.byte	1
 398 0172 3F       		.byte	63
 399 0173 10       		.byte	16
ARM GAS  C:\Users\doug_000\AppData\Local\Temp\ccCYljm9.s 			page 8


 400 0174 83       		.byte	-125
 401 0175 06       		.byte	6
 402 0176 85       		.byte	-123
 403 0177 20       		.byte	32
 404 0178 86       		.byte	-122
 405 0179 01       		.byte	1
 406 017a 8A       		.byte	-118
 407 017b 40       		.byte	64
 408 017c 8B       		.byte	-117
 409 017d 40       		.byte	64
 410 017e 8C       		.byte	-116
 411 017f 10       		.byte	16
 412 0180 94       		.byte	-108
 413 0181 01       		.byte	1
 414 0182 95       		.byte	-107
 415 0183 80       		.byte	-128
 416 0184 97       		.byte	-105
 417 0185 22       		.byte	34
 418 0186 98       		.byte	-104
 419 0187 08       		.byte	8
 420 0188 A5       		.byte	-91
 421 0189 04       		.byte	4
 422 018a A8       		.byte	-88
 423 018b 08       		.byte	8
 424 018c C0       		.byte	-64
 425 018d 42       		.byte	66
 426 018e C2       		.byte	-62
 427 018f BB       		.byte	-69
 428 0190 C4       		.byte	-60
 429 0191 EE       		.byte	-18
 430 0192 CA       		.byte	-54
 431 0193 77       		.byte	119
 432 0194 CC       		.byte	-52
 433 0195 5A       		.byte	90
 434 0196 CE       		.byte	-50
 435 0197 A5       		.byte	-91
 436 0198 E2       		.byte	-30
 437 0199 20       		.byte	32
 438 019a E6       		.byte	-26
 439 019b C0       		.byte	-64
 440 019c EE       		.byte	-18
 441 019d 04       		.byte	4
 442 019e 01       		.byte	1
 443 019f 02       		.byte	2
 444 01a0 03       		.byte	3
 445 01a1 01       		.byte	1
 446 01a2 0A       		.byte	10
 447 01a3 0F       		.byte	15
 448 01a4 0B       		.byte	11
 449 01a5 03       		.byte	3
 450 01a6 10       		.byte	16
 451 01a7 01       		.byte	1
 452 01a8 12       		.byte	18
 453 01a9 06       		.byte	6
 454 01aa 14       		.byte	20
 455 01ab 08       		.byte	8
 456 01ac 15       		.byte	21
ARM GAS  C:\Users\doug_000\AppData\Local\Temp\ccCYljm9.s 			page 9


 457 01ad 0C       		.byte	12
 458 01ae 18       		.byte	24
 459 01af 08       		.byte	8
 460 01b0 19       		.byte	25
 461 01b1 0C       		.byte	12
 462 01b2 1C       		.byte	28
 463 01b3 03       		.byte	3
 464 01b4 1D       		.byte	29
 465 01b5 08       		.byte	8
 466 01b6 1E       		.byte	30
 467 01b7 04       		.byte	4
 468 01b8 1F       		.byte	31
 469 01b9 04       		.byte	4
 470 01ba 24       		.byte	36
 471 01bb 02       		.byte	2
 472 01bc 26       		.byte	38
 473 01bd 05       		.byte	5
 474 01be 29       		.byte	41
 475 01bf 07       		.byte	7
 476 01c0 2B       		.byte	43
 477 01c1 08       		.byte	8
 478 01c2 2D       		.byte	45
 479 01c3 02       		.byte	2
 480 01c4 2E       		.byte	46
 481 01c5 08       		.byte	8
 482 01c6 2F       		.byte	47
 483 01c7 01       		.byte	1
 484 01c8 30       		.byte	48
 485 01c9 01       		.byte	1
 486 01ca 31       		.byte	49
 487 01cb 08       		.byte	8
 488 01cc 32       		.byte	50
 489 01cd 04       		.byte	4
 490 01ce 33       		.byte	51
 491 01cf 01       		.byte	1
 492 01d0 34       		.byte	52
 493 01d1 08       		.byte	8
 494 01d2 35       		.byte	53
 495 01d3 02       		.byte	2
 496 01d4 36       		.byte	54
 497 01d5 02       		.byte	2
 498 01d6 37       		.byte	55
 499 01d7 04       		.byte	4
 500 01d8 3E       		.byte	62
 501 01d9 55       		.byte	85
 502 01da 3F       		.byte	63
 503 01db 55       		.byte	85
 504 01dc 58       		.byte	88
 505 01dd 04       		.byte	4
 506 01de 59       		.byte	89
 507 01df 04       		.byte	4
 508 01e0 5F       		.byte	95
 509 01e1 01       		.byte	1
 510 01e2 85       		.byte	-123
 511 01e3 FF       		.byte	-1
 512 01e4 88       		.byte	-120
 513 01e5 55       		.byte	85
ARM GAS  C:\Users\doug_000\AppData\Local\Temp\ccCYljm9.s 			page 10


 514 01e6 89       		.byte	-119
 515 01e7 33       		.byte	51
 516 01e8 8A       		.byte	-118
 517 01e9 AA       		.byte	-86
 518 01ea 8B       		.byte	-117
 519 01eb CC       		.byte	-52
 520 01ec 92       		.byte	-110
 521 01ed FF       		.byte	-1
 522 01ee 94       		.byte	-108
 523 01ef FF       		.byte	-1
 524 01f0 95       		.byte	-107
 525 01f1 FF       		.byte	-1
 526 01f2 98       		.byte	-104
 527 01f3 96       		.byte	-106
 528 01f4 99       		.byte	-103
 529 01f5 0F       		.byte	15
 530 01f6 9A       		.byte	-102
 531 01f7 69       		.byte	105
 532 01f8 9B       		.byte	-101
 533 01f9 F0       		.byte	-16
 534 01fa 9D       		.byte	-99
 535 01fb FF       		.byte	-1
 536 01fc A2       		.byte	-94
 537 01fd FF       		.byte	-1
 538 01fe A4       		.byte	-92
 539 01ff 0F       		.byte	15
 540 0200 A5       		.byte	-91
 541 0201 96       		.byte	-106
 542 0202 A6       		.byte	-90
 543 0203 F0       		.byte	-16
 544 0204 A7       		.byte	-89
 545 0205 69       		.byte	105
 546 0206 A9       		.byte	-87
 547 0207 55       		.byte	85
 548 0208 AB       		.byte	-85
 549 0209 AA       		.byte	-86
 550 020a AC       		.byte	-84
 551 020b 33       		.byte	51
 552 020c AE       		.byte	-82
 553 020d CC       		.byte	-52
 554 020e B2       		.byte	-78
 555 020f FF       		.byte	-1
 556 0210 B5       		.byte	-75
 557 0211 FF       		.byte	-1
 558 0212 BE       		.byte	-66
 559 0213 04       		.byte	4
 560 0214 BF       		.byte	-65
 561 0215 10       		.byte	16
 562 0216 D8       		.byte	-40
 563 0217 04       		.byte	4
 564 0218 D9       		.byte	-39
 565 0219 04       		.byte	4
 566 021a DF       		.byte	-33
 567 021b 01       		.byte	1
 568 021c 03       		.byte	3
 569 021d 08       		.byte	8
 570 021e 05       		.byte	5
ARM GAS  C:\Users\doug_000\AppData\Local\Temp\ccCYljm9.s 			page 11


 571 021f 20       		.byte	32
 572 0220 08       		.byte	8
 573 0221 20       		.byte	32
 574 0222 09       		.byte	9
 575 0223 09       		.byte	9
 576 0224 0E       		.byte	14
 577 0225 69       		.byte	105
 578 0226 0F       		.byte	15
 579 0227 20       		.byte	32
 580 0228 10       		.byte	16
 581 0229 12       		.byte	18
 582 022a 12       		.byte	18
 583 022b 80       		.byte	-128
 584 022c 17       		.byte	23
 585 022d 48       		.byte	72
 586 022e 1A       		.byte	26
 587 022f 20       		.byte	32
 588 0230 1E       		.byte	30
 589 0231 14       		.byte	20
 590 0232 1F       		.byte	31
 591 0233 41       		.byte	65
 592 0234 20       		.byte	32
 593 0235 08       		.byte	8
 594 0236 25       		.byte	37
 595 0237 04       		.byte	4
 596 0238 26       		.byte	38
 597 0239 02       		.byte	2
 598 023a 27       		.byte	39
 599 023b 05       		.byte	5
 600 023c 28       		.byte	40
 601 023d 28       		.byte	40
 602 023e 2B       		.byte	43
 603 023f 08       		.byte	8
 604 0240 2D       		.byte	45
 605 0241 20       		.byte	32
 606 0242 2E       		.byte	46
 607 0243 40       		.byte	64
 608 0244 30       		.byte	48
 609 0245 10       		.byte	16
 610 0246 31       		.byte	49
 611 0247 08       		.byte	8
 612 0248 32       		.byte	50
 613 0249 80       		.byte	-128
 614 024a 33       		.byte	51
 615 024b 10       		.byte	16
 616 024c 34       		.byte	52
 617 024d 04       		.byte	4
 618 024e 36       		.byte	54
 619 024f 14       		.byte	20
 620 0250 37       		.byte	55
 621 0251 40       		.byte	64
 622 0252 3A       		.byte	58
 623 0253 28       		.byte	40
 624 0254 3D       		.byte	61
 625 0255 20       		.byte	32
 626 0256 3E       		.byte	62
 627 0257 01       		.byte	1
ARM GAS  C:\Users\doug_000\AppData\Local\Temp\ccCYljm9.s 			page 12


 628 0258 80       		.byte	-128
 629 0259 22       		.byte	34
 630 025a 82       		.byte	-126
 631 025b 20       		.byte	32
 632 025c 84       		.byte	-124
 633 025d 04       		.byte	4
 634 025e 85       		.byte	-123
 635 025f 08       		.byte	8
 636 0260 86       		.byte	-122
 637 0261 04       		.byte	4
 638 0262 87       		.byte	-121
 639 0263 40       		.byte	64
 640 0264 8E       		.byte	-114
 641 0265 10       		.byte	16
 642 0266 96       		.byte	-106
 643 0267 41       		.byte	65
 644 0268 97       		.byte	-105
 645 0269 02       		.byte	2
 646 026a 98       		.byte	-104
 647 026b 08       		.byte	8
 648 026c 99       		.byte	-103
 649 026d 08       		.byte	8
 650 026e 9B       		.byte	-101
 651 026f 10       		.byte	16
 652 0270 9C       		.byte	-100
 653 0271 04       		.byte	4
 654 0272 9D       		.byte	-99
 655 0273 20       		.byte	32
 656 0274 9F       		.byte	-97
 657 0275 4C       		.byte	76
 658 0276 A1       		.byte	-95
 659 0277 08       		.byte	8
 660 0278 A5       		.byte	-91
 661 0279 14       		.byte	20
 662 027a A7       		.byte	-89
 663 027b 10       		.byte	16
 664 027c AC       		.byte	-84
 665 027d 10       		.byte	16
 666 027e B2       		.byte	-78
 667 027f 0A       		.byte	10
 668 0280 B3       		.byte	-77
 669 0281 20       		.byte	32
 670 0282 B5       		.byte	-75
 671 0283 08       		.byte	8
 672 0284 B7       		.byte	-73
 673 0285 10       		.byte	16
 674 0286 C0       		.byte	-64
 675 0287 42       		.byte	66
 676 0288 C2       		.byte	-62
 677 0289 FE       		.byte	-2
 678 028a C4       		.byte	-60
 679 028b AD       		.byte	-83
 680 028c CA       		.byte	-54
 681 028d 36       		.byte	54
 682 028e CC       		.byte	-52
 683 028f 7E       		.byte	126
 684 0290 CE       		.byte	-50
ARM GAS  C:\Users\doug_000\AppData\Local\Temp\ccCYljm9.s 			page 13


 685 0291 A6       		.byte	-90
 686 0292 E2       		.byte	-30
 687 0293 04       		.byte	4
 688 0294 E4       		.byte	-28
 689 0295 02       		.byte	2
 690 0296 E6       		.byte	-26
 691 0297 14       		.byte	20
 692 0298 EA       		.byte	-22
 693 0299 80       		.byte	-128
 694 029a EE       		.byte	-18
 695 029b A0       		.byte	-96
 696 029c 00       		.byte	0
 697 029d 96       		.byte	-106
 698 029e 01       		.byte	1
 699 029f 02       		.byte	2
 700 02a0 02       		.byte	2
 701 02a1 69       		.byte	105
 702 02a2 07       		.byte	7
 703 02a3 01       		.byte	1
 704 02a4 08       		.byte	8
 705 02a5 0F       		.byte	15
 706 02a6 09       		.byte	9
 707 02a7 02       		.byte	2
 708 02a8 0A       		.byte	10
 709 02a9 F0       		.byte	-16
 710 02aa 0D       		.byte	13
 711 02ab 01       		.byte	1
 712 02ac 13       		.byte	19
 713 02ad 01       		.byte	1
 714 02ae 14       		.byte	20
 715 02af FF       		.byte	-1
 716 02b0 15       		.byte	21
 717 02b1 02       		.byte	2
 718 02b2 18       		.byte	24
 719 02b3 55       		.byte	85
 720 02b4 1A       		.byte	26
 721 02b5 AA       		.byte	-86
 722 02b6 1B       		.byte	27
 723 02b7 01       		.byte	1
 724 02b8 1C       		.byte	28
 725 02b9 33       		.byte	51
 726 02ba 1D       		.byte	29
 727 02bb 02       		.byte	2
 728 02bc 1E       		.byte	30
 729 02bd CC       		.byte	-52
 730 02be 21       		.byte	33
 731 02bf 02       		.byte	2
 732 02c0 22       		.byte	34
 733 02c1 FF       		.byte	-1
 734 02c2 25       		.byte	37
 735 02c3 02       		.byte	2
 736 02c4 29       		.byte	41
 737 02c5 02       		.byte	2
 738 02c6 2A       		.byte	42
 739 02c7 FF       		.byte	-1
 740 02c8 2D       		.byte	45
 741 02c9 02       		.byte	2
ARM GAS  C:\Users\doug_000\AppData\Local\Temp\ccCYljm9.s 			page 14


 742 02ca 31       		.byte	49
 743 02cb 01       		.byte	1
 744 02cc 33       		.byte	51
 745 02cd 02       		.byte	2
 746 02ce 36       		.byte	54
 747 02cf FF       		.byte	-1
 748 02d0 39       		.byte	57
 749 02d1 08       		.byte	8
 750 02d2 3E       		.byte	62
 751 02d3 40       		.byte	64
 752 02d4 3F       		.byte	63
 753 02d5 05       		.byte	5
 754 02d6 58       		.byte	88
 755 02d7 04       		.byte	4
 756 02d8 59       		.byte	89
 757 02d9 04       		.byte	4
 758 02da 5F       		.byte	95
 759 02db 01       		.byte	1
 760 02dc 81       		.byte	-127
 761 02dd 69       		.byte	105
 762 02de 83       		.byte	-125
 763 02df 96       		.byte	-106
 764 02e0 84       		.byte	-124
 765 02e1 FF       		.byte	-1
 766 02e2 88       		.byte	-120
 767 02e3 FF       		.byte	-1
 768 02e4 89       		.byte	-119
 769 02e5 0F       		.byte	15
 770 02e6 8B       		.byte	-117
 771 02e7 F0       		.byte	-16
 772 02e8 8C       		.byte	-116
 773 02e9 FF       		.byte	-1
 774 02ea 8D       		.byte	-115
 775 02eb FF       		.byte	-1
 776 02ec 90       		.byte	-112
 777 02ed 33       		.byte	51
 778 02ee 92       		.byte	-110
 779 02ef CC       		.byte	-52
 780 02f0 94       		.byte	-108
 781 02f1 96       		.byte	-106
 782 02f2 95       		.byte	-107
 783 02f3 FF       		.byte	-1
 784 02f4 96       		.byte	-106
 785 02f5 69       		.byte	105
 786 02f6 98       		.byte	-104
 787 02f7 55       		.byte	85
 788 02f8 9A       		.byte	-102
 789 02f9 AA       		.byte	-86
 790 02fa 9B       		.byte	-101
 791 02fb FF       		.byte	-1
 792 02fc 9D       		.byte	-99
 793 02fd 33       		.byte	51
 794 02fe 9F       		.byte	-97
 795 02ff CC       		.byte	-52
 796 0300 A9       		.byte	-87
 797 0301 55       		.byte	85
 798 0302 AB       		.byte	-85
ARM GAS  C:\Users\doug_000\AppData\Local\Temp\ccCYljm9.s 			page 15


 799 0303 AA       		.byte	-86
 800 0304 AC       		.byte	-84
 801 0305 0F       		.byte	15
 802 0306 AE       		.byte	-82
 803 0307 F0       		.byte	-16
 804 0308 B0       		.byte	-80
 805 0309 FF       		.byte	-1
 806 030a B7       		.byte	-73
 807 030b FF       		.byte	-1
 808 030c BE       		.byte	-66
 809 030d 01       		.byte	1
 810 030e BF       		.byte	-65
 811 030f 40       		.byte	64
 812 0310 D8       		.byte	-40
 813 0311 04       		.byte	4
 814 0312 D9       		.byte	-39
 815 0313 04       		.byte	4
 816 0314 DF       		.byte	-33
 817 0315 01       		.byte	1
 818 0316 00       		.byte	0
 819 0317 80       		.byte	-128
 820 0318 01       		.byte	1
 821 0319 10       		.byte	16
 822 031a 02       		.byte	2
 823 031b 20       		.byte	32
 824 031c 04       		.byte	4
 825 031d 20       		.byte	32
 826 031e 05       		.byte	5
 827 031f 02       		.byte	2
 828 0320 09       		.byte	9
 829 0321 08       		.byte	8
 830 0322 0A       		.byte	10
 831 0323 80       		.byte	-128
 832 0324 0B       		.byte	11
 833 0325 08       		.byte	8
 834 0326 0C       		.byte	12
 835 0327 88       		.byte	-120
 836 0328 0F       		.byte	15
 837 0329 08       		.byte	8
 838 032a 10       		.byte	16
 839 032b 02       		.byte	2
 840 032c 16       		.byte	22
 841 032d 40       		.byte	64
 842 032e 17       		.byte	23
 843 032f 10       		.byte	16
 844 0330 1B       		.byte	27
 845 0331 01       		.byte	1
 846 0332 1F       		.byte	31
 847 0333 80       		.byte	-128
 848 0334 22       		.byte	34
 849 0335 80       		.byte	-128
 850 0336 25       		.byte	37
 851 0337 05       		.byte	5
 852 0338 2B       		.byte	43
 853 0339 04       		.byte	4
 854 033a 2C       		.byte	44
 855 033b 10       		.byte	16
ARM GAS  C:\Users\doug_000\AppData\Local\Temp\ccCYljm9.s 			page 16


 856 033c 2D       		.byte	45
 857 033d 20       		.byte	32
 858 033e 2E       		.byte	46
 859 033f 40       		.byte	64
 860 0340 2F       		.byte	47
 861 0341 80       		.byte	-128
 862 0342 30       		.byte	48
 863 0343 88       		.byte	-120
 864 0344 31       		.byte	49
 865 0345 04       		.byte	4
 866 0346 32       		.byte	50
 867 0347 10       		.byte	16
 868 0348 33       		.byte	51
 869 0349 10       		.byte	16
 870 034a 34       		.byte	52
 871 034b 0A       		.byte	10
 872 034c 36       		.byte	54
 873 034d 90       		.byte	-112
 874 034e 38       		.byte	56
 875 034f A0       		.byte	-96
 876 0350 3A       		.byte	58
 877 0351 40       		.byte	64
 878 0352 3B       		.byte	59
 879 0353 02       		.byte	2
 880 0354 3C       		.byte	60
 881 0355 12       		.byte	18
 882 0356 3D       		.byte	61
 883 0357 40       		.byte	64
 884 0358 3E       		.byte	62
 885 0359 08       		.byte	8
 886 035a 80       		.byte	-128
 887 035b 80       		.byte	-128
 888 035c 81       		.byte	-127
 889 035d 02       		.byte	2
 890 035e 83       		.byte	-125
 891 035f 01       		.byte	1
 892 0360 84       		.byte	-124
 893 0361 10       		.byte	16
 894 0362 90       		.byte	-112
 895 0363 B0       		.byte	-80
 896 0364 93       		.byte	-109
 897 0365 08       		.byte	8
 898 0366 95       		.byte	-107
 899 0367 10       		.byte	16
 900 0368 96       		.byte	-106
 901 0369 A0       		.byte	-96
 902 036a 97       		.byte	-105
 903 036b 02       		.byte	2
 904 036c 99       		.byte	-103
 905 036d 10       		.byte	16
 906 036e 9B       		.byte	-101
 907 036f 40       		.byte	64
 908 0370 9D       		.byte	-99
 909 0371 04       		.byte	4
 910 0372 A0       		.byte	-96
 911 0373 41       		.byte	65
 912 0374 A1       		.byte	-95
ARM GAS  C:\Users\doug_000\AppData\Local\Temp\ccCYljm9.s 			page 17


 913 0375 08       		.byte	8
 914 0376 A2       		.byte	-94
 915 0377 20       		.byte	32
 916 0378 A3       		.byte	-93
 917 0379 04       		.byte	4
 918 037a A4       		.byte	-92
 919 037b 82       		.byte	-126
 920 037c AD       		.byte	-83
 921 037d 08       		.byte	8
 922 037e AF       		.byte	-81
 923 037f 04       		.byte	4
 924 0380 B0       		.byte	-80
 925 0381 40       		.byte	64
 926 0382 B2       		.byte	-78
 927 0383 02       		.byte	2
 928 0384 B3       		.byte	-77
 929 0385 04       		.byte	4
 930 0386 B4       		.byte	-76
 931 0387 50       		.byte	80
 932 0388 B6       		.byte	-74
 933 0389 80       		.byte	-128
 934 038a C0       		.byte	-64
 935 038b 57       		.byte	87
 936 038c C2       		.byte	-62
 937 038d EE       		.byte	-18
 938 038e C4       		.byte	-60
 939 038f 51       		.byte	81
 940 0390 CA       		.byte	-54
 941 0391 F4       		.byte	-12
 942 0392 CC       		.byte	-52
 943 0393 FE       		.byte	-2
 944 0394 CE       		.byte	-50
 945 0395 FD       		.byte	-3
 946 0396 EA       		.byte	-22
 947 0397 02       		.byte	2
 948 0398 EE       		.byte	-18
 949 0399 50       		.byte	80
 950 039a 01       		.byte	1
 951 039b 69       		.byte	105
 952 039c 03       		.byte	3
 953 039d 96       		.byte	-106
 954 039e 06       		.byte	6
 955 039f FF       		.byte	-1
 956 03a0 08       		.byte	8
 957 03a1 FF       		.byte	-1
 958 03a2 09       		.byte	9
 959 03a3 0F       		.byte	15
 960 03a4 0B       		.byte	11
 961 03a5 F0       		.byte	-16
 962 03a6 0E       		.byte	14
 963 03a7 FF       		.byte	-1
 964 03a8 0F       		.byte	15
 965 03a9 FF       		.byte	-1
 966 03aa 10       		.byte	16
 967 03ab 33       		.byte	51
 968 03ac 12       		.byte	18
 969 03ad CC       		.byte	-52
ARM GAS  C:\Users\doug_000\AppData\Local\Temp\ccCYljm9.s 			page 18


 970 03ae 14       		.byte	20
 971 03af 96       		.byte	-106
 972 03b0 16       		.byte	22
 973 03b1 69       		.byte	105
 974 03b2 17       		.byte	23
 975 03b3 FF       		.byte	-1
 976 03b4 18       		.byte	24
 977 03b5 55       		.byte	85
 978 03b6 1A       		.byte	26
 979 03b7 AA       		.byte	-86
 980 03b8 1B       		.byte	27
 981 03b9 FF       		.byte	-1
 982 03ba 1D       		.byte	29
 983 03bb 33       		.byte	51
 984 03bc 1F       		.byte	31
 985 03bd CC       		.byte	-52
 986 03be 29       		.byte	41
 987 03bf 55       		.byte	85
 988 03c0 2B       		.byte	43
 989 03c1 AA       		.byte	-86
 990 03c2 2C       		.byte	44
 991 03c3 0F       		.byte	15
 992 03c4 2E       		.byte	46
 993 03c5 F0       		.byte	-16
 994 03c6 34       		.byte	52
 995 03c7 FF       		.byte	-1
 996 03c8 37       		.byte	55
 997 03c9 FF       		.byte	-1
 998 03ca 3E       		.byte	62
 999 03cb 10       		.byte	16
 1000 03cc 3F       		.byte	63
 1001 03cd 40       		.byte	64
 1002 03ce 58       		.byte	88
 1003 03cf 04       		.byte	4
 1004 03d0 59       		.byte	89
 1005 03d1 04       		.byte	4
 1006 03d2 5F       		.byte	95
 1007 03d3 01       		.byte	1
 1008 03d4 81       		.byte	-127
 1009 03d5 55       		.byte	85
 1010 03d6 82       		.byte	-126
 1011 03d7 FF       		.byte	-1
 1012 03d8 83       		.byte	-125
 1013 03d9 AA       		.byte	-86
 1014 03da 85       		.byte	-123
 1015 03db 69       		.byte	105
 1016 03dc 87       		.byte	-121
 1017 03dd 96       		.byte	-106
 1018 03de 88       		.byte	-120
 1019 03df 0F       		.byte	15
 1020 03e0 8A       		.byte	-118
 1021 03e1 F0       		.byte	-16
 1022 03e2 8D       		.byte	-115
 1023 03e3 FF       		.byte	-1
 1024 03e4 96       		.byte	-106
 1025 03e5 FF       		.byte	-1
 1026 03e6 99       		.byte	-103
ARM GAS  C:\Users\doug_000\AppData\Local\Temp\ccCYljm9.s 			page 19


 1027 03e7 FF       		.byte	-1
 1028 03e8 9C       		.byte	-100
 1029 03e9 33       		.byte	51
 1030 03ea 9E       		.byte	-98
 1031 03eb CC       		.byte	-52
 1032 03ec A1       		.byte	-95
 1033 03ed 33       		.byte	51
 1034 03ee A3       		.byte	-93
 1035 03ef CC       		.byte	-52
 1036 03f0 A4       		.byte	-92
 1037 03f1 55       		.byte	85
 1038 03f2 A6       		.byte	-90
 1039 03f3 AA       		.byte	-86
 1040 03f4 A8       		.byte	-88
 1041 03f5 FF       		.byte	-1
 1042 03f6 AB       		.byte	-85
 1043 03f7 FF       		.byte	-1
 1044 03f8 AC       		.byte	-84
 1045 03f9 96       		.byte	-106
 1046 03fa AD       		.byte	-83
 1047 03fb 0F       		.byte	15
 1048 03fc AE       		.byte	-82
 1049 03fd 69       		.byte	105
 1050 03fe AF       		.byte	-81
 1051 03ff F0       		.byte	-16
 1052 0400 B1       		.byte	-79
 1053 0401 FF       		.byte	-1
 1054 0402 B2       		.byte	-78
 1055 0403 FF       		.byte	-1
 1056 0404 BE       		.byte	-66
 1057 0405 04       		.byte	4
 1058 0406 BF       		.byte	-65
 1059 0407 01       		.byte	1
 1060 0408 D8       		.byte	-40
 1061 0409 04       		.byte	4
 1062 040a D9       		.byte	-39
 1063 040b 04       		.byte	4
 1064 040c DF       		.byte	-33
 1065 040d 01       		.byte	1
 1066 040e 00       		.byte	0
 1067 040f 80       		.byte	-128
 1068 0410 01       		.byte	1
 1069 0411 10       		.byte	16
 1070 0412 02       		.byte	2
 1071 0413 20       		.byte	32
 1072 0414 04       		.byte	4
 1073 0415 20       		.byte	32
 1074 0416 06       		.byte	6
 1075 0417 80       		.byte	-128
 1076 0418 09       		.byte	9
 1077 0419 08       		.byte	8
 1078 041a 0A       		.byte	10
 1079 041b 80       		.byte	-128
 1080 041c 0B       		.byte	11
 1081 041d 88       		.byte	-120
 1082 041e 0C       		.byte	12
 1083 041f 88       		.byte	-120
ARM GAS  C:\Users\doug_000\AppData\Local\Temp\ccCYljm9.s 			page 20


 1084 0420 10       		.byte	16
 1085 0421 02       		.byte	2
 1086 0422 16       		.byte	22
 1087 0423 11       		.byte	17
 1088 0424 17       		.byte	23
 1089 0425 10       		.byte	16
 1090 0426 19       		.byte	25
 1091 0427 10       		.byte	16
 1092 0428 1C       		.byte	28
 1093 0429 10       		.byte	16
 1094 042a 20       		.byte	32
 1095 042b 02       		.byte	2
 1096 042c 27       		.byte	39
 1097 042d 40       		.byte	64
 1098 042e 2A       		.byte	42
 1099 042f 10       		.byte	16
 1100 0430 2B       		.byte	43
 1101 0431 04       		.byte	4
 1102 0432 2C       		.byte	44
 1103 0433 02       		.byte	2
 1104 0434 2D       		.byte	45
 1105 0435 10       		.byte	16
 1106 0436 2F       		.byte	47
 1107 0437 40       		.byte	64
 1108 0438 30       		.byte	48
 1109 0439 88       		.byte	-120
 1110 043a 31       		.byte	49
 1111 043b 04       		.byte	4
 1112 043c 32       		.byte	50
 1113 043d 10       		.byte	16
 1114 043e 33       		.byte	51
 1115 043f 10       		.byte	16
 1116 0440 36       		.byte	54
 1117 0441 20       		.byte	32
 1118 0442 38       		.byte	56
 1119 0443 A0       		.byte	-96
 1120 0444 3A       		.byte	58
 1121 0445 01       		.byte	1
 1122 0446 3B       		.byte	59
 1123 0447 02       		.byte	2
 1124 0448 3C       		.byte	60
 1125 0449 80       		.byte	-128
 1126 044a 3E       		.byte	62
 1127 044b 02       		.byte	2
 1128 044c 3F       		.byte	63
 1129 044d 04       		.byte	4
 1130 044e 8E       		.byte	-114
 1131 044f 20       		.byte	32
 1132 0450 A3       		.byte	-93
 1133 0451 04       		.byte	4
 1134 0452 AB       		.byte	-85
 1135 0453 04       		.byte	4
 1136 0454 C0       		.byte	-64
 1137 0455 57       		.byte	87
 1138 0456 C2       		.byte	-62
 1139 0457 AE       		.byte	-82
 1140 0458 C4       		.byte	-60
ARM GAS  C:\Users\doug_000\AppData\Local\Temp\ccCYljm9.s 			page 21


 1141 0459 E1       		.byte	-31
 1142 045a CA       		.byte	-54
 1143 045b B4       		.byte	-76
 1144 045c CC       		.byte	-52
 1145 045d 2E       		.byte	46
 1146 045e CE       		.byte	-50
 1147 045f DD       		.byte	-35
 1148 0460 EE       		.byte	-18
 1149 0461 04       		.byte	4
 1150 0462 8A       		.byte	-118
 1151 0463 02       		.byte	2
 1152 0464 A2       		.byte	-94
 1153 0465 02       		.byte	2
 1154 0466 AD       		.byte	-83
 1155 0467 20       		.byte	32
 1156 0468 B2       		.byte	-78
 1157 0469 08       		.byte	8
 1158 046a B6       		.byte	-74
 1159 046b 04       		.byte	4
 1160 046c B7       		.byte	-73
 1161 046d 40       		.byte	64
 1162 046e E6       		.byte	-26
 1163 046f 20       		.byte	32
 1164 0470 EA       		.byte	-22
 1165 0471 08       		.byte	8
 1166 0472 EC       		.byte	-20
 1167 0473 02       		.byte	2
 1168 0474 EE       		.byte	-18
 1169 0475 81       		.byte	-127
 1170 0476 0A       		.byte	10
 1171 0477 1F       		.byte	31
 1172 0478 0D       		.byte	13
 1173 0479 10       		.byte	16
 1174 047a 0F       		.byte	15
 1175 047b 01       		.byte	1
 1176 047c 12       		.byte	18
 1177 047d 10       		.byte	16
 1178 047e 13       		.byte	19
 1179 047f 11       		.byte	17
 1180 0480 15       		.byte	21
 1181 0481 10       		.byte	16
 1182 0482 16       		.byte	22
 1183 0483 01       		.byte	1
 1184 0484 1A       		.byte	26
 1185 0485 05       		.byte	5
 1186 0486 1B       		.byte	27
 1187 0487 06       		.byte	6
 1188 0488 1D       		.byte	29
 1189 0489 04       		.byte	4
 1190 048a 1F       		.byte	31
 1191 048b 02       		.byte	2
 1192 048c 25       		.byte	37
 1193 048d 02       		.byte	2
 1194 048e 27       		.byte	39
 1195 048f 04       		.byte	4
 1196 0490 29       		.byte	41
 1197 0491 1A       		.byte	26
ARM GAS  C:\Users\doug_000\AppData\Local\Temp\ccCYljm9.s 			page 22


 1198 0492 2B       		.byte	43
 1199 0493 01       		.byte	1
 1200 0494 2E       		.byte	46
 1201 0495 06       		.byte	6
 1202 0496 30       		.byte	48
 1203 0497 08       		.byte	8
 1204 0498 31       		.byte	49
 1205 0499 0C       		.byte	12
 1206 049a 32       		.byte	50
 1207 049b 05       		.byte	5
 1208 049c 33       		.byte	51
 1209 049d 02       		.byte	2
 1210 049e 34       		.byte	52
 1211 049f 03       		.byte	3
 1212 04a0 35       		.byte	53
 1213 04a1 01       		.byte	1
 1214 04a2 36       		.byte	54
 1215 04a3 10       		.byte	16
 1216 04a4 37       		.byte	55
 1217 04a5 10       		.byte	16
 1218 04a6 3A       		.byte	58
 1219 04a7 AA       		.byte	-86
 1220 04a8 3B       		.byte	59
 1221 04a9 23       		.byte	35
 1222 04aa 3F       		.byte	63
 1223 04ab 44       		.byte	68
 1224 04ac 58       		.byte	88
 1225 04ad 04       		.byte	4
 1226 04ae 59       		.byte	89
 1227 04af 04       		.byte	4
 1228 04b0 5F       		.byte	95
 1229 04b1 01       		.byte	1
 1230 04b2 85       		.byte	-123
 1231 04b3 FF       		.byte	-1
 1232 04b4 88       		.byte	-120
 1233 04b5 55       		.byte	85
 1234 04b6 8A       		.byte	-118
 1235 04b7 AA       		.byte	-86
 1236 04b8 91       		.byte	-111
 1237 04b9 33       		.byte	51
 1238 04ba 92       		.byte	-110
 1239 04bb FF       		.byte	-1
 1240 04bc 93       		.byte	-109
 1241 04bd CC       		.byte	-52
 1242 04be 94       		.byte	-108
 1243 04bf FF       		.byte	-1
 1244 04c0 97       		.byte	-105
 1245 04c1 FF       		.byte	-1
 1246 04c2 98       		.byte	-104
 1247 04c3 69       		.byte	105
 1248 04c4 99       		.byte	-103
 1249 04c5 0F       		.byte	15
 1250 04c6 9A       		.byte	-102
 1251 04c7 96       		.byte	-106
 1252 04c8 9B       		.byte	-101
 1253 04c9 F0       		.byte	-16
 1254 04ca 9D       		.byte	-99
ARM GAS  C:\Users\doug_000\AppData\Local\Temp\ccCYljm9.s 			page 23


 1255 04cb FF       		.byte	-1
 1256 04cc A0       		.byte	-96
 1257 04cd FF       		.byte	-1
 1258 04ce A4       		.byte	-92
 1259 04cf 0F       		.byte	15
 1260 04d0 A5       		.byte	-91
 1261 04d1 69       		.byte	105
 1262 04d2 A6       		.byte	-90
 1263 04d3 F0       		.byte	-16
 1264 04d4 A7       		.byte	-89
 1265 04d5 96       		.byte	-106
 1266 04d6 A9       		.byte	-87
 1267 04d7 55       		.byte	85
 1268 04d8 AB       		.byte	-85
 1269 04d9 AA       		.byte	-86
 1270 04da AC       		.byte	-84
 1271 04db 33       		.byte	51
 1272 04dc AE       		.byte	-82
 1273 04dd CC       		.byte	-52
 1274 04de B2       		.byte	-78
 1275 04df FF       		.byte	-1
 1276 04e0 B5       		.byte	-75
 1277 04e1 FF       		.byte	-1
 1278 04e2 BA       		.byte	-70
 1279 04e3 30       		.byte	48
 1280 04e4 BE       		.byte	-66
 1281 04e5 04       		.byte	4
 1282 04e6 BF       		.byte	-65
 1283 04e7 10       		.byte	16
 1284 04e8 D8       		.byte	-40
 1285 04e9 04       		.byte	4
 1286 04ea D9       		.byte	-39
 1287 04eb 04       		.byte	4
 1288 04ec DF       		.byte	-33
 1289 04ed 01       		.byte	1
 1290 04ee 03       		.byte	3
 1291 04ef 08       		.byte	8
 1292 04f0 05       		.byte	5
 1293 04f1 20       		.byte	32
 1294 04f2 08       		.byte	8
 1295 04f3 20       		.byte	32
 1296 04f4 09       		.byte	9
 1297 04f5 09       		.byte	9
 1298 04f6 0E       		.byte	14
 1299 04f7 68       		.byte	104
 1300 04f8 10       		.byte	16
 1301 04f9 12       		.byte	18
 1302 04fa 12       		.byte	18
 1303 04fb 80       		.byte	-128
 1304 04fc 17       		.byte	23
 1305 04fd 40       		.byte	64
 1306 04fe 18       		.byte	24
 1307 04ff 20       		.byte	32
 1308 0500 19       		.byte	25
 1309 0501 20       		.byte	32
 1310 0502 1E       		.byte	30
 1311 0503 6B       		.byte	107
ARM GAS  C:\Users\doug_000\AppData\Local\Temp\ccCYljm9.s 			page 24


 1312 0504 1F       		.byte	31
 1313 0505 20       		.byte	32
 1314 0506 22       		.byte	34
 1315 0507 20       		.byte	32
 1316 0508 24       		.byte	36
 1317 0509 02       		.byte	2
 1318 050a 25       		.byte	37
 1319 050b 10       		.byte	16
 1320 050c 26       		.byte	38
 1321 050d 08       		.byte	8
 1322 050e 27       		.byte	39
 1323 050f 48       		.byte	72
 1324 0510 28       		.byte	40
 1325 0511 20       		.byte	32
 1326 0512 2B       		.byte	43
 1327 0513 08       		.byte	8
 1328 0514 2D       		.byte	45
 1329 0515 20       		.byte	32
 1330 0516 2F       		.byte	47
 1331 0517 20       		.byte	32
 1332 0518 30       		.byte	48
 1333 0519 12       		.byte	18
 1334 051a 31       		.byte	49
 1335 051b 08       		.byte	8
 1336 051c 32       		.byte	50
 1337 051d 80       		.byte	-128
 1338 051e 36       		.byte	54
 1339 051f 11       		.byte	17
 1340 0520 37       		.byte	55
 1341 0521 48       		.byte	72
 1342 0522 3A       		.byte	58
 1343 0523 08       		.byte	8
 1344 0524 3E       		.byte	62
 1345 0525 40       		.byte	64
 1346 0526 82       		.byte	-126
 1347 0527 80       		.byte	-128
 1348 0528 86       		.byte	-122
 1349 0529 20       		.byte	32
 1350 052a 8A       		.byte	-118
 1351 052b 10       		.byte	16
 1352 052c 8C       		.byte	-116
 1353 052d 11       		.byte	17
 1354 052e 8D       		.byte	-115
 1355 052f 01       		.byte	1
 1356 0530 8E       		.byte	-114
 1357 0531 08       		.byte	8
 1358 0532 96       		.byte	-106
 1359 0533 41       		.byte	65
 1360 0534 98       		.byte	-104
 1361 0535 30       		.byte	48
 1362 0536 9D       		.byte	-99
 1363 0537 20       		.byte	32
 1364 0538 9E       		.byte	-98
 1365 0539 08       		.byte	8
 1366 053a 9F       		.byte	-97
 1367 053b 48       		.byte	72
 1368 053c A0       		.byte	-96
ARM GAS  C:\Users\doug_000\AppData\Local\Temp\ccCYljm9.s 			page 25


 1369 053d 02       		.byte	2
 1370 053e A1       		.byte	-95
 1371 053f 08       		.byte	8
 1372 0540 A2       		.byte	-94
 1373 0541 02       		.byte	2
 1374 0542 A3       		.byte	-93
 1375 0543 08       		.byte	8
 1376 0544 A5       		.byte	-91
 1377 0545 11       		.byte	17
 1378 0546 A6       		.byte	-90
 1379 0547 94       		.byte	-108
 1380 0548 B3       		.byte	-77
 1381 0549 01       		.byte	1
 1382 054a B6       		.byte	-74
 1383 054b 10       		.byte	16
 1384 054c C0       		.byte	-64
 1385 054d 42       		.byte	66
 1386 054e C2       		.byte	-62
 1387 054f 7E       		.byte	126
 1388 0550 C4       		.byte	-60
 1389 0551 8D       		.byte	-115
 1390 0552 CA       		.byte	-54
 1391 0553 66       		.byte	102
 1392 0554 CC       		.byte	-52
 1393 0555 FF       		.byte	-1
 1394 0556 CE       		.byte	-50
 1395 0557 12       		.byte	18
 1396 0558 E2       		.byte	-30
 1397 0559 4C       		.byte	76
 1398 055a E4       		.byte	-28
 1399 055b 02       		.byte	2
 1400 055c E6       		.byte	-26
 1401 055d 15       		.byte	21
 1402 055e EA       		.byte	-22
 1403 055f 02       		.byte	2
 1404 0560 EE       		.byte	-18
 1405 0561 20       		.byte	32
 1406 0562 00       		.byte	0
 1407 0563 01       		.byte	1
 1408 0564 03       		.byte	3
 1409 0565 03       		.byte	3
 1410 0566 04       		.byte	4
 1411 0567 01       		.byte	1
 1412 0568 08       		.byte	8
 1413 0569 01       		.byte	1
 1414 056a 09       		.byte	9
 1415 056b 03       		.byte	3
 1416 056c 0C       		.byte	12
 1417 056d 01       		.byte	1
 1418 056e 10       		.byte	16
 1419 056f 01       		.byte	1
 1420 0570 14       		.byte	20
 1421 0571 04       		.byte	4
 1422 0572 16       		.byte	22
 1423 0573 02       		.byte	2
 1424 0574 18       		.byte	24
 1425 0575 04       		.byte	4
ARM GAS  C:\Users\doug_000\AppData\Local\Temp\ccCYljm9.s 			page 26


 1426 0576 1A       		.byte	26
 1427 0577 02       		.byte	2
 1428 0578 1C       		.byte	28
 1429 0579 01       		.byte	1
 1430 057a 21       		.byte	33
 1431 057b 02       		.byte	2
 1432 057c 22       		.byte	34
 1433 057d 06       		.byte	6
 1434 057e 23       		.byte	35
 1435 057f 01       		.byte	1
 1436 0580 24       		.byte	36
 1437 0581 01       		.byte	1
 1438 0582 28       		.byte	40
 1439 0583 06       		.byte	6
 1440 0584 29       		.byte	41
 1441 0585 03       		.byte	3
 1442 0586 2C       		.byte	44
 1443 0587 01       		.byte	1
 1444 0588 30       		.byte	48
 1445 0589 01       		.byte	1
 1446 058a 32       		.byte	50
 1447 058b 02       		.byte	2
 1448 058c 33       		.byte	51
 1449 058d 01       		.byte	1
 1450 058e 35       		.byte	53
 1451 058f 02       		.byte	2
 1452 0590 36       		.byte	54
 1453 0591 04       		.byte	4
 1454 0592 38       		.byte	56
 1455 0593 02       		.byte	2
 1456 0594 3E       		.byte	62
 1457 0595 45       		.byte	69
 1458 0596 3F       		.byte	63
 1459 0597 14       		.byte	20
 1460 0598 58       		.byte	88
 1461 0599 04       		.byte	4
 1462 059a 59       		.byte	89
 1463 059b 04       		.byte	4
 1464 059c 5F       		.byte	95
 1465 059d 01       		.byte	1
 1466 059e 85       		.byte	-123
 1467 059f 33       		.byte	51
 1468 05a0 87       		.byte	-121
 1469 05a1 CC       		.byte	-52
 1470 05a2 88       		.byte	-120
 1471 05a3 96       		.byte	-106
 1472 05a4 89       		.byte	-119
 1473 05a5 FF       		.byte	-1
 1474 05a6 8A       		.byte	-118
 1475 05a7 69       		.byte	105
 1476 05a8 8C       		.byte	-116
 1477 05a9 0F       		.byte	15
 1478 05aa 8E       		.byte	-114
 1479 05ab F0       		.byte	-16
 1480 05ac 91       		.byte	-111
 1481 05ad 69       		.byte	105
 1482 05ae 93       		.byte	-109
ARM GAS  C:\Users\doug_000\AppData\Local\Temp\ccCYljm9.s 			page 27


 1483 05af 96       		.byte	-106
 1484 05b0 97       		.byte	-105
 1485 05b1 FF       		.byte	-1
 1486 05b2 98       		.byte	-104
 1487 05b3 33       		.byte	51
 1488 05b4 99       		.byte	-103
 1489 05b5 FF       		.byte	-1
 1490 05b6 9A       		.byte	-102
 1491 05b7 CC       		.byte	-52
 1492 05b8 A1       		.byte	-95
 1493 05b9 55       		.byte	85
 1494 05ba A3       		.byte	-93
 1495 05bb AA       		.byte	-86
 1496 05bc A4       		.byte	-92
 1497 05bd 55       		.byte	85
 1498 05be A6       		.byte	-90
 1499 05bf AA       		.byte	-86
 1500 05c0 A9       		.byte	-87
 1501 05c1 0F       		.byte	15
 1502 05c2 AB       		.byte	-85
 1503 05c3 F0       		.byte	-16
 1504 05c4 B2       		.byte	-78
 1505 05c5 FF       		.byte	-1
 1506 05c6 B5       		.byte	-75
 1507 05c7 FF       		.byte	-1
 1508 05c8 BE       		.byte	-66
 1509 05c9 04       		.byte	4
 1510 05ca BF       		.byte	-65
 1511 05cb 10       		.byte	16
 1512 05cc D8       		.byte	-40
 1513 05cd 04       		.byte	4
 1514 05ce D9       		.byte	-39
 1515 05cf 04       		.byte	4
 1516 05d0 DF       		.byte	-33
 1517 05d1 01       		.byte	1
 1518 05d2 00       		.byte	0
 1519 05d3 20       		.byte	32
 1520 05d4 03       		.byte	3
 1521 05d5 02       		.byte	2
 1522 05d6 04       		.byte	4
 1523 05d7 04       		.byte	4
 1524 05d8 05       		.byte	5
 1525 05d9 12       		.byte	18
 1526 05da 07       		.byte	7
 1527 05db 02       		.byte	2
 1528 05dc 0A       		.byte	10
 1529 05dd 04       		.byte	4
 1530 05de 0C       		.byte	12
 1531 05df 04       		.byte	4
 1532 05e0 0D       		.byte	13
 1533 05e1 02       		.byte	2
 1534 05e2 0F       		.byte	15
 1535 05e3 0A       		.byte	10
 1536 05e4 11       		.byte	17
 1537 05e5 08       		.byte	8
 1538 05e6 14       		.byte	20
 1539 05e7 40       		.byte	64
ARM GAS  C:\Users\doug_000\AppData\Local\Temp\ccCYljm9.s 			page 28


 1540 05e8 16       		.byte	22
 1541 05e9 08       		.byte	8
 1542 05ea 17       		.byte	23
 1543 05eb 48       		.byte	72
 1544 05ec 18       		.byte	24
 1545 05ed 20       		.byte	32
 1546 05ee 1D       		.byte	29
 1547 05ef 08       		.byte	8
 1548 05f0 1F       		.byte	31
 1549 05f1 41       		.byte	65
 1550 05f2 23       		.byte	35
 1551 05f3 08       		.byte	8
 1552 05f4 24       		.byte	36
 1553 05f5 10       		.byte	16
 1554 05f6 25       		.byte	37
 1555 05f7 20       		.byte	32
 1556 05f8 2A       		.byte	42
 1557 05f9 20       		.byte	32
 1558 05fa 2B       		.byte	43
 1559 05fb 80       		.byte	-128
 1560 05fc 2C       		.byte	44
 1561 05fd 44       		.byte	68
 1562 05fe 2F       		.byte	47
 1563 05ff 08       		.byte	8
 1564 0600 30       		.byte	48
 1565 0601 08       		.byte	8
 1566 0602 32       		.byte	50
 1567 0603 22       		.byte	34
 1568 0604 38       		.byte	56
 1569 0605 08       		.byte	8
 1570 0606 39       		.byte	57
 1571 0607 10       		.byte	16
 1572 0608 3E       		.byte	62
 1573 0609 02       		.byte	2
 1574 060a 3F       		.byte	63
 1575 060b 20       		.byte	32
 1576 060c 78       		.byte	120
 1577 060d 08       		.byte	8
 1578 060e 7A       		.byte	122
 1579 060f 10       		.byte	16
 1580 0610 80       		.byte	-128
 1581 0611 10       		.byte	16
 1582 0612 81       		.byte	-127
 1583 0613 01       		.byte	1
 1584 0614 82       		.byte	-126
 1585 0615 10       		.byte	16
 1586 0616 85       		.byte	-123
 1587 0617 20       		.byte	32
 1588 0618 86       		.byte	-122
 1589 0619 04       		.byte	4
 1590 061a 87       		.byte	-121
 1591 061b C0       		.byte	-64
 1592 061c 88       		.byte	-120
 1593 061d 48       		.byte	72
 1594 061e 8B       		.byte	-117
 1595 061f 02       		.byte	2
 1596 0620 8D       		.byte	-115
ARM GAS  C:\Users\doug_000\AppData\Local\Temp\ccCYljm9.s 			page 29


 1597 0621 0C       		.byte	12
 1598 0622 8E       		.byte	-114
 1599 0623 40       		.byte	64
 1600 0624 90       		.byte	-112
 1601 0625 08       		.byte	8
 1602 0626 95       		.byte	-107
 1603 0627 50       		.byte	80
 1604 0628 96       		.byte	-106
 1605 0629 60       		.byte	96
 1606 062a 97       		.byte	-105
 1607 062b 02       		.byte	2
 1608 062c 99       		.byte	-103
 1609 062d 10       		.byte	16
 1610 062e 9A       		.byte	-102
 1611 062f 20       		.byte	32
 1612 0630 9B       		.byte	-101
 1613 0631 40       		.byte	64
 1614 0632 9C       		.byte	-100
 1615 0633 02       		.byte	2
 1616 0634 9D       		.byte	-99
 1617 0635 24       		.byte	36
 1618 0636 9E       		.byte	-98
 1619 0637 08       		.byte	8
 1620 0638 A1       		.byte	-95
 1621 0639 05       		.byte	5
 1622 063a A2       		.byte	-94
 1623 063b 20       		.byte	32
 1624 063c A3       		.byte	-93
 1625 063d 01       		.byte	1
 1626 063e A4       		.byte	-92
 1627 063f 80       		.byte	-128
 1628 0640 A6       		.byte	-90
 1629 0641 10       		.byte	16
 1630 0642 A8       		.byte	-88
 1631 0643 04       		.byte	4
 1632 0644 AA       		.byte	-86
 1633 0645 40       		.byte	64
 1634 0646 AC       		.byte	-84
 1635 0647 02       		.byte	2
 1636 0648 AE       		.byte	-82
 1637 0649 20       		.byte	32
 1638 064a B4       		.byte	-76
 1639 064b 08       		.byte	8
 1640 064c C0       		.byte	-64
 1641 064d F3       		.byte	-13
 1642 064e C2       		.byte	-62
 1643 064f F2       		.byte	-14
 1644 0650 C4       		.byte	-60
 1645 0651 F4       		.byte	-12
 1646 0652 CA       		.byte	-54
 1647 0653 A5       		.byte	-91
 1648 0654 CC       		.byte	-52
 1649 0655 07       		.byte	7
 1650 0656 CE       		.byte	-50
 1651 0657 A6       		.byte	-90
 1652 0658 E0       		.byte	-32
 1653 0659 80       		.byte	-128
ARM GAS  C:\Users\doug_000\AppData\Local\Temp\ccCYljm9.s 			page 30


 1654 065a E2       		.byte	-30
 1655 065b 12       		.byte	18
 1656 065c E4       		.byte	-28
 1657 065d 40       		.byte	64
 1658 065e E6       		.byte	-26
 1659 065f 1C       		.byte	28
 1660 0660 E8       		.byte	-24
 1661 0661 40       		.byte	64
 1662 0662 EA       		.byte	-22
 1663 0663 0A       		.byte	10
 1664 0664 EE       		.byte	-18
 1665 0665 01       		.byte	1
 1666 0666 00       		.byte	0
 1667 0667 55       		.byte	85
 1668 0668 02       		.byte	2
 1669 0669 AA       		.byte	-86
 1670 066a 04       		.byte	4
 1671 066b 33       		.byte	51
 1672 066c 05       		.byte	5
 1673 066d 33       		.byte	51
 1674 066e 06       		.byte	6
 1675 066f CC       		.byte	-52
 1676 0670 07       		.byte	7
 1677 0671 CC       		.byte	-52
 1678 0672 09       		.byte	9
 1679 0673 0F       		.byte	15
 1680 0674 0A       		.byte	10
 1681 0675 FF       		.byte	-1
 1682 0676 0B       		.byte	11
 1683 0677 F0       		.byte	-16
 1684 0678 0C       		.byte	12
 1685 0679 69       		.byte	105
 1686 067a 0E       		.byte	14
 1687 067b 96       		.byte	-106
 1688 067c 11       		.byte	17
 1689 067d 69       		.byte	105
 1690 067e 13       		.byte	19
 1691 067f 96       		.byte	-106
 1692 0680 17       		.byte	23
 1693 0681 FF       		.byte	-1
 1694 0682 1B       		.byte	27
 1695 0683 FF       		.byte	-1
 1696 0684 1F       		.byte	31
 1697 0685 FF       		.byte	-1
 1698 0686 20       		.byte	32
 1699 0687 FF       		.byte	-1
 1700 0688 21       		.byte	33
 1701 0689 55       		.byte	85
 1702 068a 23       		.byte	35
 1703 068b AA       		.byte	-86
 1704 068c 24       		.byte	36
 1705 068d 0F       		.byte	15
 1706 068e 26       		.byte	38
 1707 068f F0       		.byte	-16
 1708 0690 28       		.byte	40
 1709 0691 FF       		.byte	-1
 1710 0692 30       		.byte	48
ARM GAS  C:\Users\doug_000\AppData\Local\Temp\ccCYljm9.s 			page 31


 1711 0693 FF       		.byte	-1
 1712 0694 35       		.byte	53
 1713 0695 FF       		.byte	-1
 1714 0696 3E       		.byte	62
 1715 0697 01       		.byte	1
 1716 0698 3F       		.byte	63
 1717 0699 10       		.byte	16
 1718 069a 58       		.byte	88
 1719 069b 04       		.byte	4
 1720 069c 59       		.byte	89
 1721 069d 04       		.byte	4
 1722 069e 5B       		.byte	91
 1723 069f 04       		.byte	4
 1724 06a0 5F       		.byte	95
 1725 06a1 01       		.byte	1
 1726 06a2 84       		.byte	-124
 1727 06a3 0F       		.byte	15
 1728 06a4 85       		.byte	-123
 1729 06a5 33       		.byte	51
 1730 06a6 86       		.byte	-122
 1731 06a7 F0       		.byte	-16
 1732 06a8 87       		.byte	-121
 1733 06a9 CC       		.byte	-52
 1734 06aa 88       		.byte	-120
 1735 06ab FF       		.byte	-1
 1736 06ac 89       		.byte	-119
 1737 06ad 0F       		.byte	15
 1738 06ae 8B       		.byte	-117
 1739 06af F0       		.byte	-16
 1740 06b0 8D       		.byte	-115
 1741 06b1 55       		.byte	85
 1742 06b2 8F       		.byte	-113
 1743 06b3 AA       		.byte	-86
 1744 06b4 90       		.byte	-112
 1745 06b5 55       		.byte	85
 1746 06b6 92       		.byte	-110
 1747 06b7 AA       		.byte	-86
 1748 06b8 96       		.byte	-106
 1749 06b9 FF       		.byte	-1
 1750 06ba 98       		.byte	-104
 1751 06bb 96       		.byte	-106
 1752 06bc 9A       		.byte	-102
 1753 06bd 69       		.byte	105
 1754 06be 9B       		.byte	-101
 1755 06bf FF       		.byte	-1
 1756 06c0 A3       		.byte	-93
 1757 06c1 FF       		.byte	-1
 1758 06c2 A4       		.byte	-92
 1759 06c3 33       		.byte	51
 1760 06c4 A5       		.byte	-91
 1761 06c5 96       		.byte	-106
 1762 06c6 A6       		.byte	-90
 1763 06c7 CC       		.byte	-52
 1764 06c8 A7       		.byte	-89
 1765 06c9 69       		.byte	105
 1766 06ca A9       		.byte	-87
 1767 06cb FF       		.byte	-1
ARM GAS  C:\Users\doug_000\AppData\Local\Temp\ccCYljm9.s 			page 32


 1768 06cc AA       		.byte	-86
 1769 06cd FF       		.byte	-1
 1770 06ce B0       		.byte	-80
 1771 06cf FF       		.byte	-1
 1772 06d0 B7       		.byte	-73
 1773 06d1 FF       		.byte	-1
 1774 06d2 BE       		.byte	-66
 1775 06d3 01       		.byte	1
 1776 06d4 BF       		.byte	-65
 1777 06d5 40       		.byte	64
 1778 06d6 D8       		.byte	-40
 1779 06d7 04       		.byte	4
 1780 06d8 D9       		.byte	-39
 1781 06d9 04       		.byte	4
 1782 06da DF       		.byte	-33
 1783 06db 01       		.byte	1
 1784 06dc 01       		.byte	1
 1785 06dd 24       		.byte	36
 1786 06de 02       		.byte	2
 1787 06df 02       		.byte	2
 1788 06e0 03       		.byte	3
 1789 06e1 80       		.byte	-128
 1790 06e2 05       		.byte	5
 1791 06e3 10       		.byte	16
 1792 06e4 06       		.byte	6
 1793 06e5 30       		.byte	48
 1794 06e6 0C       		.byte	12
 1795 06e7 28       		.byte	40
 1796 06e8 0F       		.byte	15
 1797 06e9 80       		.byte	-128
 1798 06ea 10       		.byte	16
 1799 06eb 48       		.byte	72
 1800 06ec 12       		.byte	18
 1801 06ed 10       		.byte	16
 1802 06ee 15       		.byte	21
 1803 06ef 14       		.byte	20
 1804 06f0 19       		.byte	25
 1805 06f1 02       		.byte	2
 1806 06f2 1D       		.byte	29
 1807 06f3 02       		.byte	2
 1808 06f4 20       		.byte	32
 1809 06f5 04       		.byte	4
 1810 06f6 27       		.byte	39
 1811 06f7 02       		.byte	2
 1812 06f8 2B       		.byte	43
 1813 06f9 C0       		.byte	-64
 1814 06fa 2C       		.byte	44
 1815 06fb 68       		.byte	104
 1816 06fc 30       		.byte	48
 1817 06fd 48       		.byte	72
 1818 06fe 31       		.byte	49
 1819 06ff 10       		.byte	16
 1820 0700 32       		.byte	50
 1821 0701 22       		.byte	34
 1822 0702 35       		.byte	53
 1823 0703 20       		.byte	32
 1824 0704 36       		.byte	54
ARM GAS  C:\Users\doug_000\AppData\Local\Temp\ccCYljm9.s 			page 33


 1825 0705 20       		.byte	32
 1826 0706 38       		.byte	56
 1827 0707 08       		.byte	8
 1828 0708 39       		.byte	57
 1829 0709 04       		.byte	4
 1830 070a 3A       		.byte	58
 1831 070b 20       		.byte	32
 1832 070c 3D       		.byte	61
 1833 070d 04       		.byte	4
 1834 070e 3E       		.byte	62
 1835 070f 20       		.byte	32
 1836 0710 3F       		.byte	63
 1837 0711 80       		.byte	-128
 1838 0712 68       		.byte	104
 1839 0713 02       		.byte	2
 1840 0714 84       		.byte	-124
 1841 0715 E0       		.byte	-32
 1842 0716 85       		.byte	-123
 1843 0717 10       		.byte	16
 1844 0718 86       		.byte	-122
 1845 0719 02       		.byte	2
 1846 071a 8C       		.byte	-116
 1847 071b 02       		.byte	2
 1848 071c 90       		.byte	-112
 1849 071d 08       		.byte	8
 1850 071e 94       		.byte	-108
 1851 071f 04       		.byte	4
 1852 0720 95       		.byte	-107
 1853 0721 10       		.byte	16
 1854 0722 9A       		.byte	-102
 1855 0723 20       		.byte	32
 1856 0724 9D       		.byte	-99
 1857 0725 02       		.byte	2
 1858 0726 9F       		.byte	-97
 1859 0727 02       		.byte	2
 1860 0728 A0       		.byte	-96
 1861 0729 08       		.byte	8
 1862 072a A2       		.byte	-94
 1863 072b 20       		.byte	32
 1864 072c A3       		.byte	-93
 1865 072d 80       		.byte	-128
 1866 072e A4       		.byte	-92
 1867 072f 80       		.byte	-128
 1868 0730 A5       		.byte	-91
 1869 0731 02       		.byte	2
 1870 0732 A6       		.byte	-90
 1871 0733 02       		.byte	2
 1872 0734 A8       		.byte	-88
 1873 0735 10       		.byte	16
 1874 0736 AC       		.byte	-84
 1875 0737 02       		.byte	2
 1876 0738 AD       		.byte	-83
 1877 0739 20       		.byte	32
 1878 073a AF       		.byte	-81
 1879 073b 08       		.byte	8
 1880 073c B0       		.byte	-80
 1881 073d 18       		.byte	24
ARM GAS  C:\Users\doug_000\AppData\Local\Temp\ccCYljm9.s 			page 34


 1882 073e B5       		.byte	-75
 1883 073f 40       		.byte	64
 1884 0740 B6       		.byte	-74
 1885 0741 0A       		.byte	10
 1886 0742 B7       		.byte	-73
 1887 0743 14       		.byte	20
 1888 0744 C0       		.byte	-64
 1889 0745 6F       		.byte	111
 1890 0746 C2       		.byte	-62
 1891 0747 70       		.byte	112
 1892 0748 C4       		.byte	-60
 1893 0749 6E       		.byte	110
 1894 074a CA       		.byte	-54
 1895 074b E1       		.byte	-31
 1896 074c CC       		.byte	-52
 1897 074d 2F       		.byte	47
 1898 074e CE       		.byte	-50
 1899 074f 76       		.byte	118
 1900 0750 E2       		.byte	-30
 1901 0751 0A       		.byte	10
 1902 0752 E6       		.byte	-26
 1903 0753 08       		.byte	8
 1904 0754 E8       		.byte	-24
 1905 0755 50       		.byte	80
 1906 0756 51       		.byte	81
 1907 0757 02       		.byte	2
 1908 0758 53       		.byte	83
 1909 0759 80       		.byte	-128
 1910 075a 55       		.byte	85
 1911 075b 20       		.byte	32
 1912 075c 5C       		.byte	92
 1913 075d 20       		.byte	32
 1914 075e 5F       		.byte	95
 1915 075f 01       		.byte	1
 1916 0760 66       		.byte	102
 1917 0761 04       		.byte	4
 1918 0762 81       		.byte	-127
 1919 0763 02       		.byte	2
 1920 0764 83       		.byte	-125
 1921 0765 80       		.byte	-128
 1922 0766 D4       		.byte	-44
 1923 0767 E0       		.byte	-32
 1924 0768 D6       		.byte	-42
 1925 0769 A0       		.byte	-96
 1926 076a D8       		.byte	-40
 1927 076b 80       		.byte	-128
 1928 076c E2       		.byte	-30
 1929 076d 80       		.byte	-128
 1930 076e E6       		.byte	-26
 1931 076f 20       		.byte	32
 1932 0770 53       		.byte	83
 1933 0771 40       		.byte	64
 1934 0772 54       		.byte	84
 1935 0773 10       		.byte	16
 1936 0774 57       		.byte	87
 1937 0775 02       		.byte	2
 1938 0776 58       		.byte	88
ARM GAS  C:\Users\doug_000\AppData\Local\Temp\ccCYljm9.s 			page 35


 1939 0777 10       		.byte	16
 1940 0778 5E       		.byte	94
 1941 0779 08       		.byte	8
 1942 077a 61       		.byte	97
 1943 077b 80       		.byte	-128
 1944 077c 62       		.byte	98
 1945 077d 08       		.byte	8
 1946 077e 66       		.byte	102
 1947 077f 20       		.byte	32
 1948 0780 81       		.byte	-127
 1949 0781 20       		.byte	32
 1950 0782 84       		.byte	-124
 1951 0783 10       		.byte	16
 1952 0784 8F       		.byte	-113
 1953 0785 01       		.byte	1
 1954 0786 97       		.byte	-105
 1955 0787 01       		.byte	1
 1956 0788 9C       		.byte	-100
 1957 0789 20       		.byte	32
 1958 078a 9E       		.byte	-98
 1959 078b 04       		.byte	4
 1960 078c A5       		.byte	-91
 1961 078d 20       		.byte	32
 1962 078e D4       		.byte	-44
 1963 078f E0       		.byte	-32
 1964 0790 D6       		.byte	-42
 1965 0791 E0       		.byte	-32
 1966 0792 D8       		.byte	-40
 1967 0793 C0       		.byte	-64
 1968 0794 E2       		.byte	-30
 1969 0795 20       		.byte	32
 1970 0796 E6       		.byte	-26
 1971 0797 40       		.byte	64
 1972 0798 3E       		.byte	62
 1973 0799 80       		.byte	-128
 1974 079a 53       		.byte	83
 1975 079b 10       		.byte	16
 1976 079c 54       		.byte	84
 1977 079d 40       		.byte	64
 1978 079e 82       		.byte	-126
 1979 079f 24       		.byte	36
 1980 07a0 84       		.byte	-124
 1981 07a1 10       		.byte	16
 1982 07a2 87       		.byte	-121
 1983 07a3 10       		.byte	16
 1984 07a4 89       		.byte	-119
 1985 07a5 80       		.byte	-128
 1986 07a6 8B       		.byte	-117
 1987 07a7 10       		.byte	16
 1988 07a8 8C       		.byte	-116
 1989 07a9 04       		.byte	4
 1990 07aa 97       		.byte	-105
 1991 07ab 80       		.byte	-128
 1992 07ac 9C       		.byte	-100
 1993 07ad 20       		.byte	32
 1994 07ae 9E       		.byte	-98
 1995 07af 24       		.byte	36
ARM GAS  C:\Users\doug_000\AppData\Local\Temp\ccCYljm9.s 			page 36


 1996 07b0 A4       		.byte	-92
 1997 07b1 10       		.byte	16
 1998 07b2 A5       		.byte	-91
 1999 07b3 80       		.byte	-128
 2000 07b4 A6       		.byte	-90
 2001 07b5 0C       		.byte	12
 2002 07b6 A7       		.byte	-89
 2003 07b7 02       		.byte	2
 2004 07b8 CE       		.byte	-50
 2005 07b9 20       		.byte	32
 2006 07ba D4       		.byte	-44
 2007 07bb 60       		.byte	96
 2008 07bc E2       		.byte	-30
 2009 07bd B0       		.byte	-80
 2010 07be E6       		.byte	-26
 2011 07bf 40       		.byte	64
 2012 07c0 84       		.byte	-124
 2013 07c1 40       		.byte	64
 2014 07c2 86       		.byte	-122
 2015 07c3 10       		.byte	16
 2016 07c4 87       		.byte	-121
 2017 07c5 02       		.byte	2
 2018 07c6 8C       		.byte	-116
 2019 07c7 08       		.byte	8
 2020 07c8 90       		.byte	-112
 2021 07c9 04       		.byte	4
 2022 07ca 93       		.byte	-109
 2023 07cb 10       		.byte	16
 2024 07cc 9E       		.byte	-98
 2025 07cd 80       		.byte	-128
 2026 07ce A6       		.byte	-90
 2027 07cf 04       		.byte	4
 2028 07d0 A7       		.byte	-89
 2029 07d1 02       		.byte	2
 2030 07d2 AE       		.byte	-82
 2031 07d3 08       		.byte	8
 2032 07d4 B0       		.byte	-80
 2033 07d5 60       		.byte	96
 2034 07d6 B3       		.byte	-77
 2035 07d7 40       		.byte	64
 2036 07d8 E2       		.byte	-30
 2037 07d9 50       		.byte	80
 2038 07da E6       		.byte	-26
 2039 07db 10       		.byte	16
 2040 07dc EA       		.byte	-22
 2041 07dd 10       		.byte	16
 2042 07de 10       		.byte	16
 2043 07df 10       		.byte	16
 2044 07e0 14       		.byte	20
 2045 07e1 20       		.byte	32
 2046 07e2 C4       		.byte	-60
 2047 07e3 0C       		.byte	12
 2048 07e4 03       		.byte	3
 2049 07e5 21       		.byte	33
 2050 07e6 05       		.byte	5
 2051 07e7 40       		.byte	64
 2052 07e8 07       		.byte	7
ARM GAS  C:\Users\doug_000\AppData\Local\Temp\ccCYljm9.s 			page 37


 2053 07e9 40       		.byte	64
 2054 07ea 09       		.byte	9
 2055 07eb 40       		.byte	64
 2056 07ec 0B       		.byte	11
 2057 07ed 10       		.byte	16
 2058 07ee 0E       		.byte	14
 2059 07ef 08       		.byte	8
 2060 07f0 0F       		.byte	15
 2061 07f1 20       		.byte	32
 2062 07f2 98       		.byte	-104
 2063 07f3 30       		.byte	48
 2064 07f4 C0       		.byte	-64
 2065 07f5 0F       		.byte	15
 2066 07f6 C2       		.byte	-62
 2067 07f7 0F       		.byte	15
 2068 07f8 8F       		.byte	-113
 2069 07f9 10       		.byte	16
 2070 07fa 93       		.byte	-109
 2071 07fb 10       		.byte	16
 2072 07fc 98       		.byte	-104
 2073 07fd 30       		.byte	48
 2074 07fe 99       		.byte	-103
 2075 07ff 40       		.byte	64
 2076 0800 9B       		.byte	-101
 2077 0801 41       		.byte	65
 2078 0802 A1       		.byte	-95
 2079 0803 40       		.byte	64
 2080 0804 A3       		.byte	-93
 2081 0805 30       		.byte	48
 2082 0806 AA       		.byte	-86
 2083 0807 04       		.byte	4
 2084 0808 E2       		.byte	-30
 2085 0809 08       		.byte	8
 2086 080a 93       		.byte	-109
 2087 080b 10       		.byte	16
 2088 080c 98       		.byte	-104
 2089 080d 30       		.byte	48
 2090 080e 99       		.byte	-103
 2091 080f 40       		.byte	64
 2092 0810 9B       		.byte	-101
 2093 0811 41       		.byte	65
 2094 0812 9F       		.byte	-97
 2095 0813 14       		.byte	20
 2096 0814 A1       		.byte	-95
 2097 0815 40       		.byte	64
 2098 0816 A3       		.byte	-93
 2099 0817 20       		.byte	32
 2100 0818 AF       		.byte	-81
 2101 0819 01       		.byte	1
 2102 081a B1       		.byte	-79
 2103 081b 40       		.byte	64
 2104 081c B3       		.byte	-77
 2105 081d 20       		.byte	32
 2106 081e B7       		.byte	-73
 2107 081f 14       		.byte	20
 2108 0820 EA       		.byte	-22
 2109 0821 01       		.byte	1
ARM GAS  C:\Users\doug_000\AppData\Local\Temp\ccCYljm9.s 			page 38


 2110 0822 EE       		.byte	-18
 2111 0823 0E       		.byte	14
 2112 0824 50       		.byte	80
 2113 0825 10       		.byte	16
 2114 0826 55       		.byte	85
 2115 0827 08       		.byte	8
 2116 0828 58       		.byte	88
 2117 0829 40       		.byte	64
 2118 082a 5F       		.byte	95
 2119 082b 10       		.byte	16
 2120 082c 80       		.byte	-128
 2121 082d 14       		.byte	20
 2122 082e 84       		.byte	-124
 2123 082f 02       		.byte	2
 2124 0830 8D       		.byte	-115
 2125 0831 08       		.byte	8
 2126 0832 8E       		.byte	-114
 2127 0833 04       		.byte	4
 2128 0834 90       		.byte	-112
 2129 0835 04       		.byte	4
 2130 0836 93       		.byte	-109
 2131 0837 10       		.byte	16
 2132 0838 98       		.byte	-104
 2133 0839 40       		.byte	64
 2134 083a 9A       		.byte	-102
 2135 083b 10       		.byte	16
 2136 083c 9B       		.byte	-101
 2137 083d 80       		.byte	-128
 2138 083e A0       		.byte	-96
 2139 083f 08       		.byte	8
 2140 0840 A6       		.byte	-90
 2141 0841 04       		.byte	4
 2142 0842 AE       		.byte	-82
 2143 0843 80       		.byte	-128
 2144 0844 B3       		.byte	-77
 2145 0845 80       		.byte	-128
 2146 0846 D4       		.byte	-44
 2147 0847 E0       		.byte	-32
 2148 0848 D6       		.byte	-42
 2149 0849 20       		.byte	32
 2150 084a E2       		.byte	-30
 2151 084b 30       		.byte	48
 2152 084c E6       		.byte	-26
 2153 084d 80       		.byte	-128
 2154 084e EA       		.byte	-22
 2155 084f 40       		.byte	64
 2156 0850 50       		.byte	80
 2157 0851 04       		.byte	4
 2158 0852 55       		.byte	85
 2159 0853 02       		.byte	2
 2160 0854 57       		.byte	87
 2161 0855 08       		.byte	8
 2162 0856 5B       		.byte	91
 2163 0857 88       		.byte	-120
 2164 0858 5C       		.byte	92
 2165 0859 04       		.byte	4
 2166 085a 62       		.byte	98
ARM GAS  C:\Users\doug_000\AppData\Local\Temp\ccCYljm9.s 			page 39


 2167 085b 08       		.byte	8
 2168 085c 66       		.byte	102
 2169 085d 10       		.byte	16
 2170 085e 70       		.byte	112
 2171 085f 08       		.byte	8
 2172 0860 74       		.byte	116
 2173 0861 02       		.byte	2
 2174 0862 89       		.byte	-119
 2175 0863 02       		.byte	2
 2176 0864 90       		.byte	-112
 2177 0865 0C       		.byte	12
 2178 0866 9A       		.byte	-102
 2179 0867 10       		.byte	16
 2180 0868 9B       		.byte	-101
 2181 0869 88       		.byte	-120
 2182 086a A0       		.byte	-96
 2183 086b 0A       		.byte	10
 2184 086c A2       		.byte	-94
 2185 086d 08       		.byte	8
 2186 086e A3       		.byte	-93
 2187 086f 08       		.byte	8
 2188 0870 AB       		.byte	-85
 2189 0871 08       		.byte	8
 2190 0872 AE       		.byte	-82
 2191 0873 08       		.byte	8
 2192 0874 B3       		.byte	-77
 2193 0875 08       		.byte	8
 2194 0876 D4       		.byte	-44
 2195 0877 E0       		.byte	-32
 2196 0878 D6       		.byte	-42
 2197 0879 E0       		.byte	-32
 2198 087a D8       		.byte	-40
 2199 087b C0       		.byte	-64
 2200 087c DC       		.byte	-36
 2201 087d 80       		.byte	-128
 2202 087e DE       		.byte	-34
 2203 087f 20       		.byte	32
 2204 0880 EA       		.byte	-22
 2205 0881 10       		.byte	16
 2206 0882 EE       		.byte	-18
 2207 0883 80       		.byte	-128
 2208 0884 0A       		.byte	10
 2209 0885 01       		.byte	1
 2210 0886 0C       		.byte	12
 2211 0887 04       		.byte	4
 2212 0888 0F       		.byte	15
 2213 0889 04       		.byte	4
 2214 088a 10       		.byte	16
 2215 088b 40       		.byte	64
 2216 088c 13       		.byte	19
 2217 088d 80       		.byte	-128
 2218 088e 14       		.byte	20
 2219 088f 80       		.byte	-128
 2220 0890 78       		.byte	120
 2221 0891 10       		.byte	16
 2222 0892 7C       		.byte	124
 2223 0893 20       		.byte	32
ARM GAS  C:\Users\doug_000\AppData\Local\Temp\ccCYljm9.s 			page 40


 2224 0894 81       		.byte	-127
 2225 0895 10       		.byte	16
 2226 0896 87       		.byte	-121
 2227 0897 24       		.byte	36
 2228 0898 8A       		.byte	-118
 2229 0899 01       		.byte	1
 2230 089a 8C       		.byte	-116
 2231 089b 04       		.byte	4
 2232 089c 98       		.byte	-104
 2233 089d 30       		.byte	48
 2234 089e 99       		.byte	-103
 2235 089f 40       		.byte	64
 2236 08a0 9B       		.byte	-101
 2237 08a1 01       		.byte	1
 2238 08a2 9F       		.byte	-97
 2239 08a3 94       		.byte	-108
 2240 08a4 A1       		.byte	-95
 2241 08a5 40       		.byte	64
 2242 08a6 A3       		.byte	-93
 2243 08a7 20       		.byte	32
 2244 08a8 AB       		.byte	-85
 2245 08a9 40       		.byte	64
 2246 08aa AF       		.byte	-81
 2247 08ab 90       		.byte	-112
 2248 08ac C2       		.byte	-62
 2249 08ad 07       		.byte	7
 2250 08ae C4       		.byte	-60
 2251 08af 0E       		.byte	14
 2252 08b0 DE       		.byte	-34
 2253 08b1 03       		.byte	3
 2254 08b2 E2       		.byte	-30
 2255 08b3 08       		.byte	8
 2256 08b4 E6       		.byte	-26
 2257 08b5 01       		.byte	1
 2258 08b6 03       		.byte	3
 2259 08b7 14       		.byte	20
 2260 08b8 04       		.byte	4
 2261 08b9 08       		.byte	8
 2262 08ba 05       		.byte	5
 2263 08bb 10       		.byte	16
 2264 08bc 0A       		.byte	10
 2265 08bd 01       		.byte	1
 2266 08be 60       		.byte	96
 2267 08bf 04       		.byte	4
 2268 08c0 78       		.byte	120
 2269 08c1 40       		.byte	64
 2270 08c2 7C       		.byte	124
 2271 08c3 80       		.byte	-128
 2272 08c4 85       		.byte	-123
 2273 08c5 40       		.byte	64
 2274 08c6 86       		.byte	-122
 2275 08c7 01       		.byte	1
 2276 08c8 87       		.byte	-121
 2277 08c9 01       		.byte	1
 2278 08ca 8C       		.byte	-116
 2279 08cb 04       		.byte	4
 2280 08cc 94       		.byte	-108
ARM GAS  C:\Users\doug_000\AppData\Local\Temp\ccCYljm9.s 			page 41


 2281 08cd 08       		.byte	8
 2282 08ce 98       		.byte	-104
 2283 08cf C0       		.byte	-64
 2284 08d0 99       		.byte	-103
 2285 08d1 40       		.byte	64
 2286 08d2 9B       		.byte	-101
 2287 08d3 01       		.byte	1
 2288 08d4 9D       		.byte	-99
 2289 08d5 10       		.byte	16
 2290 08d6 9F       		.byte	-97
 2291 08d7 14       		.byte	20
 2292 08d8 B0       		.byte	-80
 2293 08d9 04       		.byte	4
 2294 08da B1       		.byte	-79
 2295 08db 40       		.byte	64
 2296 08dc C0       		.byte	-64
 2297 08dd 0F       		.byte	15
 2298 08de C2       		.byte	-62
 2299 08df 02       		.byte	2
 2300 08e0 D8       		.byte	-40
 2301 08e1 02       		.byte	2
 2302 08e2 DC       		.byte	-36
 2303 08e3 01       		.byte	1
 2304 08e4 DE       		.byte	-34
 2305 08e5 04       		.byte	4
 2306 08e6 E4       		.byte	-28
 2307 08e7 02       		.byte	2
 2308 08e8 EE       		.byte	-18
 2309 08e9 05       		.byte	5
 2310 08ea 10       		.byte	16
 2311 08eb 01       		.byte	1
 2312 08ec 1A       		.byte	26
 2313 08ed 01       		.byte	1
 2314 08ee 03       		.byte	3
 2315 08ef C0       		.byte	-64
 2316 08f0 26       		.byte	38
 2317 08f1 35       		.byte	53
 2318 08f2 00       		.byte	0
 2319 08f3 00       		.byte	0
 2320 08f4 30       		.byte	48
 2321 08f5 00       		.byte	0
 2322 08f6 00       		.byte	0
 2323 08f7 00       		.byte	0
 2324 08f8 00       		.byte	0
 2325 08f9 FF       		.byte	-1
 2326 08fa FF       		.byte	-1
 2327 08fb 00       		.byte	0
 2328 08fc FF       		.byte	-1
 2329 08fd 00       		.byte	0
 2330 08fe 00       		.byte	0
 2331 08ff 00       		.byte	0
 2332 0900 30       		.byte	48
 2333 0901 00       		.byte	0
 2334 0902 00       		.byte	0
 2335 0903 0F       		.byte	15
 2336 0904 3F       		.byte	63
 2337 0905 00       		.byte	0
ARM GAS  C:\Users\doug_000\AppData\Local\Temp\ccCYljm9.s 			page 42


 2338 0906 3F       		.byte	63
 2339 0907 00       		.byte	0
 2340 0908 00       		.byte	0
 2341 0909 00       		.byte	0
 2342 090a 00       		.byte	0
 2343 090b 00       		.byte	0
 2344 090c 00       		.byte	0
 2345 090d 0F       		.byte	15
 2346 090e 0F       		.byte	15
 2347 090f 00       		.byte	0
 2348 0910 0F       		.byte	15
 2349 0911 00       		.byte	0
 2350 0912 00       		.byte	0
 2351 0913 00       		.byte	0
 2352 0914 E0       		.byte	-32
 2353 0915 00       		.byte	0
 2354 0916 00       		.byte	0
 2355 0917 E0       		.byte	-32
 2356 0918 00       		.byte	0
 2357 0919 00       		.byte	0
 2358 091a 00       		.byte	0
 2359 091b 00       		.byte	0
 2360 091c 00       		.byte	0
 2361 091d 00       		.byte	0
 2362 091e 00       		.byte	0
 2363 091f 00       		.byte	0
 2364 0920 FF       		.byte	-1
 2365 0921 00       		.byte	0
 2366 0922 80       		.byte	-128
 2367 0923 FF       		.byte	-1
 2368 0924 80       		.byte	-128
 2369 0925 00       		.byte	0
 2370 0926 00       		.byte	0
 2371 0927 00       		.byte	0
 2372 0928 00       		.byte	0
 2373 0929 00       		.byte	0
 2374 092a 00       		.byte	0
 2375 092b 00       		.byte	0
 2376 092c 00       		.byte	0
 2377 092d FF       		.byte	-1
 2378 092e FF       		.byte	-1
 2379 092f 00       		.byte	0
 2380 0930 FF       		.byte	-1
 2381 0931 00       		.byte	0
 2382 0932 00       		.byte	0
 2383 0933 00       		.byte	0
 2384 0934 00       		.byte	0
 2385 0935 3F       		.byte	63
 2386 0936 3F       		.byte	63
 2387 0937 00       		.byte	0
 2388 0938 3F       		.byte	63
 2389 0939 00       		.byte	0
 2390 093a 00       		.byte	0
 2391 093b 00       		.byte	0
 2392 093c 0D       		.byte	13
 2393 093d 00       		.byte	0
 2394 093e 42       		.byte	66
ARM GAS  C:\Users\doug_000\AppData\Local\Temp\ccCYljm9.s 			page 43


 2395 093f 1D       		.byte	29
 2396 0940 10       		.byte	16
 2397 0941 00       		.byte	0
 2398 0942 10       		.byte	16
 2399 0943 00       		.byte	0
 2400 0944 00       		.byte	0
 2401 0945 00       		.byte	0
 2402 0946 00       		.byte	0
 2403 0947 00       		.byte	0
 2404              		.section	.cywolatch,"a",%progbits
 2405              		.align	2
 2406              		.type	cy_meta_wonvl, %object
 2407              		.size	cy_meta_wonvl, 4
 2408              	cy_meta_wonvl:
 2409 0000 BC       		.byte	-68
 2410 0001 90       		.byte	-112
 2411 0002 AC       		.byte	-84
 2412 0003 AF       		.byte	-81
 2413              		.section	.cycustnvl,"a",%progbits
 2414              		.align	2
 2415              		.type	cy_meta_custnvl, %object
 2416              		.size	cy_meta_custnvl, 4
 2417              	cy_meta_custnvl:
 2418 0000 00       		.byte	0
 2419 0001 00       		.byte	0
 2420 0002 40       		.byte	64
 2421 0003 05       		.byte	5
 2422              		.section	.cymeta,"a",%progbits
 2423              		.align	2
 2424              		.type	cy_metadata, %object
 2425              		.size	cy_metadata, 12
 2426              	cy_metadata:
 2427 0000 00       		.byte	0
 2428 0001 01       		.byte	1
 2429 0002 2E       		.byte	46
 2430 0003 13       		.byte	19
 2431 0004 30       		.byte	48
 2432 0005 69       		.byte	105
 2433 0006 00       		.byte	0
 2434 0007 01       		.byte	1
 2435 0008 00       		.byte	0
 2436 0009 00       		.byte	0
 2437 000a 00       		.byte	0
 2438 000b 00       		.byte	0
 2439              		.section	.cyflashprotect,"a",%progbits
 2440              		.align	2
 2441              		.type	cy_meta_flashprotect, %object
 2442              		.size	cy_meta_flashprotect, 128
 2443              	cy_meta_flashprotect:
 2444 0000 00000000 		.space	128
 2444      00000000 
 2444      00000000 
 2444      00000000 
 2444      00000000 
 2445              		.text
 2446              	.Letext0:
 2447              		.file 1 ".\\Generated_Source\\PSoC5\\cymetadata.c"
ARM GAS  C:\Users\doug_000\AppData\Local\Temp\ccCYljm9.s 			page 44


 2448              		.file 2 ".\\Generated_Source\\PSoC5\\cytypes.h"
 2449              		.section	.debug_info,"",%progbits
 2450              	.Ldebug_info0:
 2451 0000 3A010000 		.4byte	0x13a
 2452 0004 0400     		.2byte	0x4
 2453 0006 00000000 		.4byte	.Ldebug_abbrev0
 2454 000a 04       		.byte	0x4
 2455 000b 01       		.uleb128 0x1
 2456 000c D5000000 		.4byte	.LASF18
 2457 0010 01       		.byte	0x1
 2458 0011 00000000 		.4byte	.LASF19
 2459 0015 26000000 		.4byte	.LASF20
 2460 0019 00000000 		.4byte	.Ldebug_line0
 2461 001d 02       		.uleb128 0x2
 2462 001e 01       		.byte	0x1
 2463 001f 06       		.byte	0x6
 2464 0020 DF010000 		.4byte	.LASF0
 2465 0024 02       		.uleb128 0x2
 2466 0025 01       		.byte	0x1
 2467 0026 08       		.byte	0x8
 2468 0027 79000000 		.4byte	.LASF1
 2469 002b 02       		.uleb128 0x2
 2470 002c 02       		.byte	0x2
 2471 002d 05       		.byte	0x5
 2472 002e C6010000 		.4byte	.LASF2
 2473 0032 02       		.uleb128 0x2
 2474 0033 02       		.byte	0x2
 2475 0034 07       		.byte	0x7
 2476 0035 99000000 		.4byte	.LASF3
 2477 0039 02       		.uleb128 0x2
 2478 003a 04       		.byte	0x4
 2479 003b 05       		.byte	0x5
 2480 003c D6010000 		.4byte	.LASF4
 2481 0040 02       		.uleb128 0x2
 2482 0041 04       		.byte	0x4
 2483 0042 07       		.byte	0x7
 2484 0043 87000000 		.4byte	.LASF5
 2485 0047 02       		.uleb128 0x2
 2486 0048 08       		.byte	0x8
 2487 0049 05       		.byte	0x5
 2488 004a B3010000 		.4byte	.LASF6
 2489 004e 02       		.uleb128 0x2
 2490 004f 08       		.byte	0x8
 2491 0050 07       		.byte	0x7
 2492 0051 70010000 		.4byte	.LASF7
 2493 0055 03       		.uleb128 0x3
 2494 0056 04       		.byte	0x4
 2495 0057 05       		.byte	0x5
 2496 0058 696E7400 		.ascii	"int\000"
 2497 005c 02       		.uleb128 0x2
 2498 005d 04       		.byte	0x4
 2499 005e 07       		.byte	0x7
 2500 005f 63010000 		.4byte	.LASF8
 2501 0063 04       		.uleb128 0x4
 2502 0064 D0010000 		.4byte	.LASF21
 2503 0068 02       		.byte	0x2
 2504 0069 C2       		.byte	0xc2
ARM GAS  C:\Users\doug_000\AppData\Local\Temp\ccCYljm9.s 			page 45


 2505 006a 24000000 		.4byte	0x24
 2506 006e 02       		.uleb128 0x2
 2507 006f 04       		.byte	0x4
 2508 0070 04       		.byte	0x4
 2509 0071 73000000 		.4byte	.LASF9
 2510 0075 02       		.uleb128 0x2
 2511 0076 08       		.byte	0x8
 2512 0077 04       		.byte	0x4
 2513 0078 AC000000 		.4byte	.LASF10
 2514 007c 02       		.uleb128 0x2
 2515 007d 01       		.byte	0x1
 2516 007e 08       		.byte	0x8
 2517 007f C1010000 		.4byte	.LASF11
 2518 0083 05       		.uleb128 0x5
 2519 0084 63000000 		.4byte	0x63
 2520 0088 94000000 		.4byte	0x94
 2521 008c 06       		.uleb128 0x6
 2522 008d 94000000 		.4byte	0x94
 2523 0091 4709     		.2byte	0x947
 2524 0093 00       		.byte	0
 2525 0094 02       		.uleb128 0x2
 2526 0095 04       		.byte	0x4
 2527 0096 07       		.byte	0x7
 2528 0097 AA010000 		.4byte	.LASF12
 2529 009b 07       		.uleb128 0x7
 2530 009c C3000000 		.4byte	.LASF13
 2531 00a0 01       		.byte	0x1
 2532 00a1 1F       		.byte	0x1f
 2533 00a2 AC000000 		.4byte	0xac
 2534 00a6 05       		.uleb128 0x5
 2535 00a7 03       		.byte	0x3
 2536 00a8 00000000 		.4byte	cy_meta_configecc
 2537 00ac 08       		.uleb128 0x8
 2538 00ad 83000000 		.4byte	0x83
 2539 00b1 05       		.uleb128 0x5
 2540 00b2 63000000 		.4byte	0x63
 2541 00b6 C1000000 		.4byte	0xc1
 2542 00ba 09       		.uleb128 0x9
 2543 00bb 94000000 		.4byte	0x94
 2544 00bf 03       		.byte	0x3
 2545 00c0 00       		.byte	0
 2546 00c1 0A       		.uleb128 0xa
 2547 00c2 B3000000 		.4byte	.LASF14
 2548 00c6 01       		.byte	0x1
 2549 00c7 5501     		.2byte	0x155
 2550 00c9 D3000000 		.4byte	0xd3
 2551 00cd 05       		.uleb128 0x5
 2552 00ce 03       		.byte	0x3
 2553 00cf 00000000 		.4byte	cy_meta_custnvl
 2554 00d3 08       		.uleb128 0x8
 2555 00d4 B1000000 		.4byte	0xb1
 2556 00d8 0A       		.uleb128 0xa
 2557 00d9 9C010000 		.4byte	.LASF15
 2558 00dd 01       		.byte	0x1
 2559 00de 6301     		.2byte	0x163
 2560 00e0 EA000000 		.4byte	0xea
 2561 00e4 05       		.uleb128 0x5
ARM GAS  C:\Users\doug_000\AppData\Local\Temp\ccCYljm9.s 			page 46


 2562 00e5 03       		.byte	0x3
 2563 00e6 00000000 		.4byte	cy_meta_wonvl
 2564 00ea 08       		.uleb128 0x8
 2565 00eb B1000000 		.4byte	0xb1
 2566 00ef 05       		.uleb128 0x5
 2567 00f0 63000000 		.4byte	0x63
 2568 00f4 FF000000 		.4byte	0xff
 2569 00f8 09       		.uleb128 0x9
 2570 00f9 94000000 		.4byte	0x94
 2571 00fd 7F       		.byte	0x7f
 2572 00fe 00       		.byte	0
 2573 00ff 0A       		.uleb128 0xa
 2574 0100 87010000 		.4byte	.LASF16
 2575 0104 01       		.byte	0x1
 2576 0105 7101     		.2byte	0x171
 2577 0107 11010000 		.4byte	0x111
 2578 010b 05       		.uleb128 0x5
 2579 010c 03       		.byte	0x3
 2580 010d 00000000 		.4byte	cy_meta_flashprotect
 2581 0111 08       		.uleb128 0x8
 2582 0112 EF000000 		.4byte	0xef
 2583 0116 05       		.uleb128 0x5
 2584 0117 63000000 		.4byte	0x63
 2585 011b 26010000 		.4byte	0x126
 2586 011f 09       		.uleb128 0x9
 2587 0120 94000000 		.4byte	0x94
 2588 0124 0B       		.byte	0xb
 2589 0125 00       		.byte	0
 2590 0126 0A       		.uleb128 0xa
 2591 0127 67000000 		.4byte	.LASF17
 2592 012b 01       		.byte	0x1
 2593 012c 8E01     		.2byte	0x18e
 2594 012e 38010000 		.4byte	0x138
 2595 0132 05       		.uleb128 0x5
 2596 0133 03       		.byte	0x3
 2597 0134 00000000 		.4byte	cy_metadata
 2598 0138 08       		.uleb128 0x8
 2599 0139 16010000 		.4byte	0x116
 2600 013d 00       		.byte	0
 2601              		.section	.debug_abbrev,"",%progbits
 2602              	.Ldebug_abbrev0:
 2603 0000 01       		.uleb128 0x1
 2604 0001 11       		.uleb128 0x11
 2605 0002 01       		.byte	0x1
 2606 0003 25       		.uleb128 0x25
 2607 0004 0E       		.uleb128 0xe
 2608 0005 13       		.uleb128 0x13
 2609 0006 0B       		.uleb128 0xb
 2610 0007 03       		.uleb128 0x3
 2611 0008 0E       		.uleb128 0xe
 2612 0009 1B       		.uleb128 0x1b
 2613 000a 0E       		.uleb128 0xe
 2614 000b 10       		.uleb128 0x10
 2615 000c 17       		.uleb128 0x17
 2616 000d 00       		.byte	0
 2617 000e 00       		.byte	0
 2618 000f 02       		.uleb128 0x2
ARM GAS  C:\Users\doug_000\AppData\Local\Temp\ccCYljm9.s 			page 47


 2619 0010 24       		.uleb128 0x24
 2620 0011 00       		.byte	0
 2621 0012 0B       		.uleb128 0xb
 2622 0013 0B       		.uleb128 0xb
 2623 0014 3E       		.uleb128 0x3e
 2624 0015 0B       		.uleb128 0xb
 2625 0016 03       		.uleb128 0x3
 2626 0017 0E       		.uleb128 0xe
 2627 0018 00       		.byte	0
 2628 0019 00       		.byte	0
 2629 001a 03       		.uleb128 0x3
 2630 001b 24       		.uleb128 0x24
 2631 001c 00       		.byte	0
 2632 001d 0B       		.uleb128 0xb
 2633 001e 0B       		.uleb128 0xb
 2634 001f 3E       		.uleb128 0x3e
 2635 0020 0B       		.uleb128 0xb
 2636 0021 03       		.uleb128 0x3
 2637 0022 08       		.uleb128 0x8
 2638 0023 00       		.byte	0
 2639 0024 00       		.byte	0
 2640 0025 04       		.uleb128 0x4
 2641 0026 16       		.uleb128 0x16
 2642 0027 00       		.byte	0
 2643 0028 03       		.uleb128 0x3
 2644 0029 0E       		.uleb128 0xe
 2645 002a 3A       		.uleb128 0x3a
 2646 002b 0B       		.uleb128 0xb
 2647 002c 3B       		.uleb128 0x3b
 2648 002d 0B       		.uleb128 0xb
 2649 002e 49       		.uleb128 0x49
 2650 002f 13       		.uleb128 0x13
 2651 0030 00       		.byte	0
 2652 0031 00       		.byte	0
 2653 0032 05       		.uleb128 0x5
 2654 0033 01       		.uleb128 0x1
 2655 0034 01       		.byte	0x1
 2656 0035 49       		.uleb128 0x49
 2657 0036 13       		.uleb128 0x13
 2658 0037 01       		.uleb128 0x1
 2659 0038 13       		.uleb128 0x13
 2660 0039 00       		.byte	0
 2661 003a 00       		.byte	0
 2662 003b 06       		.uleb128 0x6
 2663 003c 21       		.uleb128 0x21
 2664 003d 00       		.byte	0
 2665 003e 49       		.uleb128 0x49
 2666 003f 13       		.uleb128 0x13
 2667 0040 2F       		.uleb128 0x2f
 2668 0041 05       		.uleb128 0x5
 2669 0042 00       		.byte	0
 2670 0043 00       		.byte	0
 2671 0044 07       		.uleb128 0x7
 2672 0045 34       		.uleb128 0x34
 2673 0046 00       		.byte	0
 2674 0047 03       		.uleb128 0x3
 2675 0048 0E       		.uleb128 0xe
ARM GAS  C:\Users\doug_000\AppData\Local\Temp\ccCYljm9.s 			page 48


 2676 0049 3A       		.uleb128 0x3a
 2677 004a 0B       		.uleb128 0xb
 2678 004b 3B       		.uleb128 0x3b
 2679 004c 0B       		.uleb128 0xb
 2680 004d 49       		.uleb128 0x49
 2681 004e 13       		.uleb128 0x13
 2682 004f 3F       		.uleb128 0x3f
 2683 0050 19       		.uleb128 0x19
 2684 0051 02       		.uleb128 0x2
 2685 0052 18       		.uleb128 0x18
 2686 0053 00       		.byte	0
 2687 0054 00       		.byte	0
 2688 0055 08       		.uleb128 0x8
 2689 0056 26       		.uleb128 0x26
 2690 0057 00       		.byte	0
 2691 0058 49       		.uleb128 0x49
 2692 0059 13       		.uleb128 0x13
 2693 005a 00       		.byte	0
 2694 005b 00       		.byte	0
 2695 005c 09       		.uleb128 0x9
 2696 005d 21       		.uleb128 0x21
 2697 005e 00       		.byte	0
 2698 005f 49       		.uleb128 0x49
 2699 0060 13       		.uleb128 0x13
 2700 0061 2F       		.uleb128 0x2f
 2701 0062 0B       		.uleb128 0xb
 2702 0063 00       		.byte	0
 2703 0064 00       		.byte	0
 2704 0065 0A       		.uleb128 0xa
 2705 0066 34       		.uleb128 0x34
 2706 0067 00       		.byte	0
 2707 0068 03       		.uleb128 0x3
 2708 0069 0E       		.uleb128 0xe
 2709 006a 3A       		.uleb128 0x3a
 2710 006b 0B       		.uleb128 0xb
 2711 006c 3B       		.uleb128 0x3b
 2712 006d 05       		.uleb128 0x5
 2713 006e 49       		.uleb128 0x49
 2714 006f 13       		.uleb128 0x13
 2715 0070 3F       		.uleb128 0x3f
 2716 0071 19       		.uleb128 0x19
 2717 0072 02       		.uleb128 0x2
 2718 0073 18       		.uleb128 0x18
 2719 0074 00       		.byte	0
 2720 0075 00       		.byte	0
 2721 0076 00       		.byte	0
 2722              		.section	.debug_aranges,"",%progbits
 2723 0000 14000000 		.4byte	0x14
 2724 0004 0200     		.2byte	0x2
 2725 0006 00000000 		.4byte	.Ldebug_info0
 2726 000a 04       		.byte	0x4
 2727 000b 00       		.byte	0
 2728 000c 0000     		.2byte	0
 2729 000e 0000     		.2byte	0
 2730 0010 00000000 		.4byte	0
 2731 0014 00000000 		.4byte	0
 2732              		.section	.debug_line,"",%progbits
ARM GAS  C:\Users\doug_000\AppData\Local\Temp\ccCYljm9.s 			page 49


 2733              	.Ldebug_line0:
 2734 0000 4F000000 		.section	.debug_str,"MS",%progbits,1
 2734      02004900 
 2734      00000201 
 2734      FB0E0D00 
 2734      01010101 
 2735              	.LASF19:
 2736 0000 2E5C4765 		.ascii	".\\Generated_Source\\PSoC5\\cymetadata.c\000"
 2736      6E657261 
 2736      7465645F 
 2736      536F7572 
 2736      63655C50 
 2737              	.LASF20:
 2738 0026 433A5C55 		.ascii	"C:\\Users\\doug_000\\Documents\\GitHub\\LB-RPPSOC\\"
 2738      73657273 
 2738      5C646F75 
 2738      675F3030 
 2738      305C446F 
 2739 0053 52505053 		.ascii	"RPPSOC-Blink7.cydsn\000"
 2739      4F432D42 
 2739      6C696E6B 
 2739      372E6379 
 2739      64736E00 
 2740              	.LASF17:
 2741 0067 63795F6D 		.ascii	"cy_metadata\000"
 2741      65746164 
 2741      61746100 
 2742              	.LASF9:
 2743 0073 666C6F61 		.ascii	"float\000"
 2743      7400
 2744              	.LASF1:
 2745 0079 756E7369 		.ascii	"unsigned char\000"
 2745      676E6564 
 2745      20636861 
 2745      7200
 2746              	.LASF5:
 2747 0087 6C6F6E67 		.ascii	"long unsigned int\000"
 2747      20756E73 
 2747      69676E65 
 2747      6420696E 
 2747      7400
 2748              	.LASF3:
 2749 0099 73686F72 		.ascii	"short unsigned int\000"
 2749      7420756E 
 2749      7369676E 
 2749      65642069 
 2749      6E7400
 2750              	.LASF10:
 2751 00ac 646F7562 		.ascii	"double\000"
 2751      6C6500
 2752              	.LASF14:
 2753 00b3 63795F6D 		.ascii	"cy_meta_custnvl\000"
 2753      6574615F 
 2753      63757374 
 2753      6E766C00 
 2754              	.LASF13:
 2755 00c3 63795F6D 		.ascii	"cy_meta_configecc\000"
ARM GAS  C:\Users\doug_000\AppData\Local\Temp\ccCYljm9.s 			page 50


 2755      6574615F 
 2755      636F6E66 
 2755      69676563 
 2755      6300
 2756              	.LASF18:
 2757 00d5 474E5520 		.ascii	"GNU C 4.9.3 20150303 (release) [ARM/embedded-4_9-br"
 2757      4320342E 
 2757      392E3320 
 2757      32303135 
 2757      30333033 
 2758 0108 616E6368 		.ascii	"anch revision 221220] -mcpu=cortex-m3 -mthumb -g -O"
 2758      20726576 
 2758      6973696F 
 2758      6E203232 
 2758      31323230 
 2759 013b 67202D66 		.ascii	"g -ffunction-sections -ffat-lto-objects\000"
 2759      66756E63 
 2759      74696F6E 
 2759      2D736563 
 2759      74696F6E 
 2760              	.LASF8:
 2761 0163 756E7369 		.ascii	"unsigned int\000"
 2761      676E6564 
 2761      20696E74 
 2761      00
 2762              	.LASF7:
 2763 0170 6C6F6E67 		.ascii	"long long unsigned int\000"
 2763      206C6F6E 
 2763      6720756E 
 2763      7369676E 
 2763      65642069 
 2764              	.LASF16:
 2765 0187 63795F6D 		.ascii	"cy_meta_flashprotect\000"
 2765      6574615F 
 2765      666C6173 
 2765      6870726F 
 2765      74656374 
 2766              	.LASF15:
 2767 019c 63795F6D 		.ascii	"cy_meta_wonvl\000"
 2767      6574615F 
 2767      776F6E76 
 2767      6C00
 2768              	.LASF12:
 2769 01aa 73697A65 		.ascii	"sizetype\000"
 2769      74797065 
 2769      00
 2770              	.LASF6:
 2771 01b3 6C6F6E67 		.ascii	"long long int\000"
 2771      206C6F6E 
 2771      6720696E 
 2771      7400
 2772              	.LASF11:
 2773 01c1 63686172 		.ascii	"char\000"
 2773      00
 2774              	.LASF2:
 2775 01c6 73686F72 		.ascii	"short int\000"
 2775      7420696E 
ARM GAS  C:\Users\doug_000\AppData\Local\Temp\ccCYljm9.s 			page 51


 2775      7400
 2776              	.LASF21:
 2777 01d0 75696E74 		.ascii	"uint8\000"
 2777      3800
 2778              	.LASF4:
 2779 01d6 6C6F6E67 		.ascii	"long int\000"
 2779      20696E74 
 2779      00
 2780              	.LASF0:
 2781 01df 7369676E 		.ascii	"signed char\000"
 2781      65642063 
 2781      68617200 
 2782              		.ident	"GCC: (GNU Tools for ARM Embedded Processors) 4.9.3 20150303 (release) [ARM/embedded-4_9-br
