ARM GAS  C:\Users\doug_000\AppData\Local\Temp\ccdXm3V4.s 			page 1


   1              		.syntax unified
   2              		.cpu cortex-m3
   3              		.fpu softvfp
   4              		.eabi_attribute 20, 1
   5              		.eabi_attribute 21, 1
   6              		.eabi_attribute 23, 3
   7              		.eabi_attribute 24, 1
   8              		.eabi_attribute 25, 1
   9              		.eabi_attribute 26, 1
  10              		.eabi_attribute 30, 1
  11              		.eabi_attribute 34, 1
  12              		.eabi_attribute 18, 4
  13              		.thumb
  14              		.file	"cymetadata.c"
  15              		.text
  16              	.Ltext0:
  17              		.cfi_sections	.debug_frame
  18              		.global	cy_metadata
  19              		.global	cy_meta_flashprotect
  20              		.global	cy_meta_wonvl
  21              		.global	cy_meta_custnvl
  22              		.global	cy_meta_configecc
  23              		.section	.cyconfigecc,"a",%progbits
  24              		.align	2
  25              		.type	cy_meta_configecc, %object
  26              		.size	cy_meta_configecc, 44
  27              	cy_meta_configecc:
  28 0000 02       		.byte	2
  29 0001 52       		.byte	82
  30 0002 00       		.byte	0
  31 0003 40       		.byte	64
  32 0004 02       		.byte	2
  33 0005 1A       		.byte	26
  34 0006 01       		.byte	1
  35 0007 40       		.byte	64
  36 0008 02       		.byte	2
  37 0009 1B       		.byte	27
  38 000a 01       		.byte	1
  39 000b 40       		.byte	64
  40 000c 04       		.byte	4
  41 000d 4D       		.byte	77
  42 000e 01       		.byte	1
  43 000f 40       		.byte	64
  44 0010 28       		.byte	40
  45 0011 10       		.byte	16
  46 0012 29       		.byte	41
  47 0013 10       		.byte	16
  48 0014 5B       		.byte	91
  49 0015 04       		.byte	4
  50 0016 5F       		.byte	95
  51 0017 01       		.byte	1
  52 0018 68       		.byte	104
  53 0019 01       		.byte	1
  54 001a 88       		.byte	-120
  55 001b 01       		.byte	1
  56 001c 64       		.byte	100
  57 001d 08       		.byte	8
ARM GAS  C:\Users\doug_000\AppData\Local\Temp\ccdXm3V4.s 			page 2


  58 001e 88       		.byte	-120
  59 001f 08       		.byte	8
  60 0020 D8       		.byte	-40
  61 0021 01       		.byte	1
  62 0022 E0       		.byte	-32
  63 0023 01       		.byte	1
  64 0024 00       		.byte	0
  65 0025 10       		.byte	16
  66 0026 10       		.byte	16
  67 0027 00       		.byte	0
  68 0028 10       		.byte	16
  69 0029 00       		.byte	0
  70 002a 00       		.byte	0
  71 002b 00       		.byte	0
  72              		.section	.cywolatch,"a",%progbits
  73              		.align	2
  74              		.type	cy_meta_wonvl, %object
  75              		.size	cy_meta_wonvl, 4
  76              	cy_meta_wonvl:
  77 0000 BC       		.byte	-68
  78 0001 90       		.byte	-112
  79 0002 AC       		.byte	-84
  80 0003 AF       		.byte	-81
  81              		.section	.cycustnvl,"a",%progbits
  82              		.align	2
  83              		.type	cy_meta_custnvl, %object
  84              		.size	cy_meta_custnvl, 4
  85              	cy_meta_custnvl:
  86 0000 00       		.byte	0
  87 0001 00       		.byte	0
  88 0002 40       		.byte	64
  89 0003 05       		.byte	5
  90              		.section	.cymeta,"a",%progbits
  91              		.align	2
  92              		.type	cy_metadata, %object
  93              		.size	cy_metadata, 12
  94              	cy_metadata:
  95 0000 00       		.byte	0
  96 0001 01       		.byte	1
  97 0002 2E       		.byte	46
  98 0003 13       		.byte	19
  99 0004 30       		.byte	48
 100 0005 69       		.byte	105
 101 0006 00       		.byte	0
 102 0007 01       		.byte	1
 103 0008 00       		.byte	0
 104 0009 00       		.byte	0
 105 000a 00       		.byte	0
 106 000b 00       		.byte	0
 107              		.section	.cyflashprotect,"a",%progbits
 108              		.align	2
 109              		.type	cy_meta_flashprotect, %object
 110              		.size	cy_meta_flashprotect, 128
 111              	cy_meta_flashprotect:
 112 0000 00000000 		.space	128
 112      00000000 
 112      00000000 
ARM GAS  C:\Users\doug_000\AppData\Local\Temp\ccdXm3V4.s 			page 3


 112      00000000 
 112      00000000 
 113              		.text
 114              	.Letext0:
 115              		.file 1 ".\\Generated_Source\\PSoC5\\cymetadata.c"
 116              		.file 2 ".\\Generated_Source\\PSoC5\\cytypes.h"
 117              		.section	.debug_info,"",%progbits
 118              	.Ldebug_info0:
 119 0000 35010000 		.4byte	0x135
 120 0004 0400     		.2byte	0x4
 121 0006 00000000 		.4byte	.Ldebug_abbrev0
 122 000a 04       		.byte	0x4
 123 000b 01       		.uleb128 0x1
 124 000c 94000000 		.4byte	.LASF18
 125 0010 01       		.byte	0x1
 126 0011 00000000 		.4byte	.LASF19
 127 0015 95010000 		.4byte	.LASF20
 128 0019 00000000 		.4byte	.Ldebug_line0
 129 001d 02       		.uleb128 0x2
 130 001e 01       		.byte	0x1
 131 001f 06       		.byte	0x6
 132 0020 DF010000 		.4byte	.LASF0
 133 0024 02       		.uleb128 0x2
 134 0025 01       		.byte	0x1
 135 0026 08       		.byte	0x8
 136 0027 38000000 		.4byte	.LASF1
 137 002b 02       		.uleb128 0x2
 138 002c 02       		.byte	0x2
 139 002d 05       		.byte	0x5
 140 002e 85010000 		.4byte	.LASF2
 141 0032 02       		.uleb128 0x2
 142 0033 02       		.byte	0x2
 143 0034 07       		.byte	0x7
 144 0035 58000000 		.4byte	.LASF3
 145 0039 02       		.uleb128 0x2
 146 003a 04       		.byte	0x4
 147 003b 05       		.byte	0x5
 148 003c D6010000 		.4byte	.LASF4
 149 0040 02       		.uleb128 0x2
 150 0041 04       		.byte	0x4
 151 0042 07       		.byte	0x7
 152 0043 46000000 		.4byte	.LASF5
 153 0047 02       		.uleb128 0x2
 154 0048 08       		.byte	0x8
 155 0049 05       		.byte	0x5
 156 004a 72010000 		.4byte	.LASF6
 157 004e 02       		.uleb128 0x2
 158 004f 08       		.byte	0x8
 159 0050 07       		.byte	0x7
 160 0051 2F010000 		.4byte	.LASF7
 161 0055 03       		.uleb128 0x3
 162 0056 04       		.byte	0x4
 163 0057 05       		.byte	0x5
 164 0058 696E7400 		.ascii	"int\000"
 165 005c 02       		.uleb128 0x2
 166 005d 04       		.byte	0x4
 167 005e 07       		.byte	0x7
ARM GAS  C:\Users\doug_000\AppData\Local\Temp\ccdXm3V4.s 			page 4


 168 005f 22010000 		.4byte	.LASF8
 169 0063 04       		.uleb128 0x4
 170 0064 8F010000 		.4byte	.LASF21
 171 0068 02       		.byte	0x2
 172 0069 C2       		.byte	0xc2
 173 006a 24000000 		.4byte	0x24
 174 006e 02       		.uleb128 0x2
 175 006f 04       		.byte	0x4
 176 0070 04       		.byte	0x4
 177 0071 32000000 		.4byte	.LASF9
 178 0075 02       		.uleb128 0x2
 179 0076 08       		.byte	0x8
 180 0077 04       		.byte	0x4
 181 0078 6B000000 		.4byte	.LASF10
 182 007c 02       		.uleb128 0x2
 183 007d 01       		.byte	0x1
 184 007e 08       		.byte	0x8
 185 007f 80010000 		.4byte	.LASF11
 186 0083 05       		.uleb128 0x5
 187 0084 63000000 		.4byte	0x63
 188 0088 93000000 		.4byte	0x93
 189 008c 06       		.uleb128 0x6
 190 008d 93000000 		.4byte	0x93
 191 0091 2B       		.byte	0x2b
 192 0092 00       		.byte	0
 193 0093 02       		.uleb128 0x2
 194 0094 04       		.byte	0x4
 195 0095 07       		.byte	0x7
 196 0096 69010000 		.4byte	.LASF12
 197 009a 07       		.uleb128 0x7
 198 009b 82000000 		.4byte	.LASF13
 199 009f 01       		.byte	0x1
 200 00a0 1F       		.byte	0x1f
 201 00a1 AB000000 		.4byte	0xab
 202 00a5 05       		.uleb128 0x5
 203 00a6 03       		.byte	0x3
 204 00a7 00000000 		.4byte	cy_meta_configecc
 205 00ab 08       		.uleb128 0x8
 206 00ac 83000000 		.4byte	0x83
 207 00b0 05       		.uleb128 0x5
 208 00b1 63000000 		.4byte	0x63
 209 00b5 C0000000 		.4byte	0xc0
 210 00b9 06       		.uleb128 0x6
 211 00ba 93000000 		.4byte	0x93
 212 00be 03       		.byte	0x3
 213 00bf 00       		.byte	0
 214 00c0 07       		.uleb128 0x7
 215 00c1 72000000 		.4byte	.LASF14
 216 00c5 01       		.byte	0x1
 217 00c6 32       		.byte	0x32
 218 00c7 D1000000 		.4byte	0xd1
 219 00cb 05       		.uleb128 0x5
 220 00cc 03       		.byte	0x3
 221 00cd 00000000 		.4byte	cy_meta_custnvl
 222 00d1 08       		.uleb128 0x8
 223 00d2 B0000000 		.4byte	0xb0
 224 00d6 07       		.uleb128 0x7
ARM GAS  C:\Users\doug_000\AppData\Local\Temp\ccdXm3V4.s 			page 5


 225 00d7 5B010000 		.4byte	.LASF15
 226 00db 01       		.byte	0x1
 227 00dc 40       		.byte	0x40
 228 00dd E7000000 		.4byte	0xe7
 229 00e1 05       		.uleb128 0x5
 230 00e2 03       		.byte	0x3
 231 00e3 00000000 		.4byte	cy_meta_wonvl
 232 00e7 08       		.uleb128 0x8
 233 00e8 B0000000 		.4byte	0xb0
 234 00ec 05       		.uleb128 0x5
 235 00ed 63000000 		.4byte	0x63
 236 00f1 FC000000 		.4byte	0xfc
 237 00f5 06       		.uleb128 0x6
 238 00f6 93000000 		.4byte	0x93
 239 00fa 7F       		.byte	0x7f
 240 00fb 00       		.byte	0
 241 00fc 07       		.uleb128 0x7
 242 00fd 46010000 		.4byte	.LASF16
 243 0101 01       		.byte	0x1
 244 0102 4E       		.byte	0x4e
 245 0103 0D010000 		.4byte	0x10d
 246 0107 05       		.uleb128 0x5
 247 0108 03       		.byte	0x3
 248 0109 00000000 		.4byte	cy_meta_flashprotect
 249 010d 08       		.uleb128 0x8
 250 010e EC000000 		.4byte	0xec
 251 0112 05       		.uleb128 0x5
 252 0113 63000000 		.4byte	0x63
 253 0117 22010000 		.4byte	0x122
 254 011b 06       		.uleb128 0x6
 255 011c 93000000 		.4byte	0x93
 256 0120 0B       		.byte	0xb
 257 0121 00       		.byte	0
 258 0122 07       		.uleb128 0x7
 259 0123 26000000 		.4byte	.LASF17
 260 0127 01       		.byte	0x1
 261 0128 6B       		.byte	0x6b
 262 0129 33010000 		.4byte	0x133
 263 012d 05       		.uleb128 0x5
 264 012e 03       		.byte	0x3
 265 012f 00000000 		.4byte	cy_metadata
 266 0133 08       		.uleb128 0x8
 267 0134 12010000 		.4byte	0x112
 268 0138 00       		.byte	0
 269              		.section	.debug_abbrev,"",%progbits
 270              	.Ldebug_abbrev0:
 271 0000 01       		.uleb128 0x1
 272 0001 11       		.uleb128 0x11
 273 0002 01       		.byte	0x1
 274 0003 25       		.uleb128 0x25
 275 0004 0E       		.uleb128 0xe
 276 0005 13       		.uleb128 0x13
 277 0006 0B       		.uleb128 0xb
 278 0007 03       		.uleb128 0x3
 279 0008 0E       		.uleb128 0xe
 280 0009 1B       		.uleb128 0x1b
 281 000a 0E       		.uleb128 0xe
ARM GAS  C:\Users\doug_000\AppData\Local\Temp\ccdXm3V4.s 			page 6


 282 000b 10       		.uleb128 0x10
 283 000c 17       		.uleb128 0x17
 284 000d 00       		.byte	0
 285 000e 00       		.byte	0
 286 000f 02       		.uleb128 0x2
 287 0010 24       		.uleb128 0x24
 288 0011 00       		.byte	0
 289 0012 0B       		.uleb128 0xb
 290 0013 0B       		.uleb128 0xb
 291 0014 3E       		.uleb128 0x3e
 292 0015 0B       		.uleb128 0xb
 293 0016 03       		.uleb128 0x3
 294 0017 0E       		.uleb128 0xe
 295 0018 00       		.byte	0
 296 0019 00       		.byte	0
 297 001a 03       		.uleb128 0x3
 298 001b 24       		.uleb128 0x24
 299 001c 00       		.byte	0
 300 001d 0B       		.uleb128 0xb
 301 001e 0B       		.uleb128 0xb
 302 001f 3E       		.uleb128 0x3e
 303 0020 0B       		.uleb128 0xb
 304 0021 03       		.uleb128 0x3
 305 0022 08       		.uleb128 0x8
 306 0023 00       		.byte	0
 307 0024 00       		.byte	0
 308 0025 04       		.uleb128 0x4
 309 0026 16       		.uleb128 0x16
 310 0027 00       		.byte	0
 311 0028 03       		.uleb128 0x3
 312 0029 0E       		.uleb128 0xe
 313 002a 3A       		.uleb128 0x3a
 314 002b 0B       		.uleb128 0xb
 315 002c 3B       		.uleb128 0x3b
 316 002d 0B       		.uleb128 0xb
 317 002e 49       		.uleb128 0x49
 318 002f 13       		.uleb128 0x13
 319 0030 00       		.byte	0
 320 0031 00       		.byte	0
 321 0032 05       		.uleb128 0x5
 322 0033 01       		.uleb128 0x1
 323 0034 01       		.byte	0x1
 324 0035 49       		.uleb128 0x49
 325 0036 13       		.uleb128 0x13
 326 0037 01       		.uleb128 0x1
 327 0038 13       		.uleb128 0x13
 328 0039 00       		.byte	0
 329 003a 00       		.byte	0
 330 003b 06       		.uleb128 0x6
 331 003c 21       		.uleb128 0x21
 332 003d 00       		.byte	0
 333 003e 49       		.uleb128 0x49
 334 003f 13       		.uleb128 0x13
 335 0040 2F       		.uleb128 0x2f
 336 0041 0B       		.uleb128 0xb
 337 0042 00       		.byte	0
 338 0043 00       		.byte	0
ARM GAS  C:\Users\doug_000\AppData\Local\Temp\ccdXm3V4.s 			page 7


 339 0044 07       		.uleb128 0x7
 340 0045 34       		.uleb128 0x34
 341 0046 00       		.byte	0
 342 0047 03       		.uleb128 0x3
 343 0048 0E       		.uleb128 0xe
 344 0049 3A       		.uleb128 0x3a
 345 004a 0B       		.uleb128 0xb
 346 004b 3B       		.uleb128 0x3b
 347 004c 0B       		.uleb128 0xb
 348 004d 49       		.uleb128 0x49
 349 004e 13       		.uleb128 0x13
 350 004f 3F       		.uleb128 0x3f
 351 0050 19       		.uleb128 0x19
 352 0051 02       		.uleb128 0x2
 353 0052 18       		.uleb128 0x18
 354 0053 00       		.byte	0
 355 0054 00       		.byte	0
 356 0055 08       		.uleb128 0x8
 357 0056 26       		.uleb128 0x26
 358 0057 00       		.byte	0
 359 0058 49       		.uleb128 0x49
 360 0059 13       		.uleb128 0x13
 361 005a 00       		.byte	0
 362 005b 00       		.byte	0
 363 005c 00       		.byte	0
 364              		.section	.debug_aranges,"",%progbits
 365 0000 14000000 		.4byte	0x14
 366 0004 0200     		.2byte	0x2
 367 0006 00000000 		.4byte	.Ldebug_info0
 368 000a 04       		.byte	0x4
 369 000b 00       		.byte	0
 370 000c 0000     		.2byte	0
 371 000e 0000     		.2byte	0
 372 0010 00000000 		.4byte	0
 373 0014 00000000 		.4byte	0
 374              		.section	.debug_line,"",%progbits
 375              	.Ldebug_line0:
 376 0000 4F000000 		.section	.debug_str,"MS",%progbits,1
 376      02004900 
 376      00000201 
 376      FB0E0D00 
 376      01010101 
 377              	.LASF19:
 378 0000 2E5C4765 		.ascii	".\\Generated_Source\\PSoC5\\cymetadata.c\000"
 378      6E657261 
 378      7465645F 
 378      536F7572 
 378      63655C50 
 379              	.LASF17:
 380 0026 63795F6D 		.ascii	"cy_metadata\000"
 380      65746164 
 380      61746100 
 381              	.LASF9:
 382 0032 666C6F61 		.ascii	"float\000"
 382      7400
 383              	.LASF1:
 384 0038 756E7369 		.ascii	"unsigned char\000"
ARM GAS  C:\Users\doug_000\AppData\Local\Temp\ccdXm3V4.s 			page 8


 384      676E6564 
 384      20636861 
 384      7200
 385              	.LASF5:
 386 0046 6C6F6E67 		.ascii	"long unsigned int\000"
 386      20756E73 
 386      69676E65 
 386      6420696E 
 386      7400
 387              	.LASF3:
 388 0058 73686F72 		.ascii	"short unsigned int\000"
 388      7420756E 
 388      7369676E 
 388      65642069 
 388      6E7400
 389              	.LASF10:
 390 006b 646F7562 		.ascii	"double\000"
 390      6C6500
 391              	.LASF14:
 392 0072 63795F6D 		.ascii	"cy_meta_custnvl\000"
 392      6574615F 
 392      63757374 
 392      6E766C00 
 393              	.LASF13:
 394 0082 63795F6D 		.ascii	"cy_meta_configecc\000"
 394      6574615F 
 394      636F6E66 
 394      69676563 
 394      6300
 395              	.LASF18:
 396 0094 474E5520 		.ascii	"GNU C 4.9.3 20150303 (release) [ARM/embedded-4_9-br"
 396      4320342E 
 396      392E3320 
 396      32303135 
 396      30333033 
 397 00c7 616E6368 		.ascii	"anch revision 221220] -mcpu=cortex-m3 -mthumb -g -O"
 397      20726576 
 397      6973696F 
 397      6E203232 
 397      31323230 
 398 00fa 67202D66 		.ascii	"g -ffunction-sections -ffat-lto-objects\000"
 398      66756E63 
 398      74696F6E 
 398      2D736563 
 398      74696F6E 
 399              	.LASF8:
 400 0122 756E7369 		.ascii	"unsigned int\000"
 400      676E6564 
 400      20696E74 
 400      00
 401              	.LASF7:
 402 012f 6C6F6E67 		.ascii	"long long unsigned int\000"
 402      206C6F6E 
 402      6720756E 
 402      7369676E 
 402      65642069 
 403              	.LASF16:
ARM GAS  C:\Users\doug_000\AppData\Local\Temp\ccdXm3V4.s 			page 9


 404 0146 63795F6D 		.ascii	"cy_meta_flashprotect\000"
 404      6574615F 
 404      666C6173 
 404      6870726F 
 404      74656374 
 405              	.LASF15:
 406 015b 63795F6D 		.ascii	"cy_meta_wonvl\000"
 406      6574615F 
 406      776F6E76 
 406      6C00
 407              	.LASF12:
 408 0169 73697A65 		.ascii	"sizetype\000"
 408      74797065 
 408      00
 409              	.LASF6:
 410 0172 6C6F6E67 		.ascii	"long long int\000"
 410      206C6F6E 
 410      6720696E 
 410      7400
 411              	.LASF11:
 412 0180 63686172 		.ascii	"char\000"
 412      00
 413              	.LASF2:
 414 0185 73686F72 		.ascii	"short int\000"
 414      7420696E 
 414      7400
 415              	.LASF21:
 416 018f 75696E74 		.ascii	"uint8\000"
 416      3800
 417              	.LASF20:
 418 0195 433A5C55 		.ascii	"C:\\Users\\doug_000\\Documents\\GitHub\\LB-RPPSOC\\"
 418      73657273 
 418      5C646F75 
 418      675F3030 
 418      305C446F 
 419 01c2 52505053 		.ascii	"RPPSOC-Blink2.cydsn\000"
 419      4F432D42 
 419      6C696E6B 
 419      322E6379 
 419      64736E00 
 420              	.LASF4:
 421 01d6 6C6F6E67 		.ascii	"long int\000"
 421      20696E74 
 421      00
 422              	.LASF0:
 423 01df 7369676E 		.ascii	"signed char\000"
 423      65642063 
 423      68617200 
 424              		.ident	"GCC: (GNU Tools for ARM Embedded Processors) 4.9.3 20150303 (release) [ARM/embedded-4_9-br
