ARM GAS  C:\Users\doug_000\AppData\Local\Temp\cc25CmPI.s 			page 1


   1              		.syntax unified
   2              		.cpu cortex-m3
   3              		.fpu softvfp
   4              		.eabi_attribute 20, 1
   5              		.eabi_attribute 21, 1
   6              		.eabi_attribute 23, 3
   7              		.eabi_attribute 24, 1
   8              		.eabi_attribute 25, 1
   9              		.eabi_attribute 26, 1
  10              		.eabi_attribute 30, 1
  11              		.eabi_attribute 34, 1
  12              		.eabi_attribute 18, 4
  13              		.thumb
  14              		.file	"main.c"
  15              		.text
  16              	.Ltext0:
  17              		.cfi_sections	.debug_frame
  18              		.section	.text.main,"ax",%progbits
  19              		.align	2
  20              		.global	main
  21              		.thumb
  22              		.thumb_func
  23              		.type	main, %function
  24              	main:
  25              	.LFB63:
  26              		.file 1 ".\\main.c"
   1:.\main.c      **** /* ========================================
   2:.\main.c      ****  *
   3:.\main.c      ****  * Copyright YOUR COMPANY, THE YEAR
   4:.\main.c      ****  * All Rights Reserved
   5:.\main.c      ****  * UNPUBLISHED, LICENSED SOFTWARE.
   6:.\main.c      ****  *
   7:.\main.c      ****  * CONFIDENTIAL AND PROPRIETARY INFORMATION
   8:.\main.c      ****  * WHICH IS THE PROPERTY OF your company.
   9:.\main.c      ****  *
  10:.\main.c      ****  * ========================================
  11:.\main.c      **** */
  12:.\main.c      **** #include <project.h>
  13:.\main.c      **** 
  14:.\main.c      **** int main()
  15:.\main.c      **** {
  27              		.loc 1 15 0
  28              		.cfi_startproc
  29              		@ Volatile: function does not return.
  30              		@ args = 0, pretend = 0, frame = 0
  31              		@ frame_needed = 0, uses_anonymous_args = 0
  32 0000 08B5     		push	{r3, lr}
  33              		.cfi_def_cfa_offset 8
  34              		.cfi_offset 3, -8
  35              		.cfi_offset 14, -4
  16:.\main.c      ****     CyGlobalIntEnable; /* Enable global interrupts. */
  36              		.loc 1 16 0
  37              	@ 16 ".\main.c" 1
  38 0002 62B6     		CPSIE   i
  39              	@ 0 "" 2
  40              		.thumb
  41              	.L2:
ARM GAS  C:\Users\doug_000\AppData\Local\Temp\cc25CmPI.s 			page 2


  17:.\main.c      **** 
  18:.\main.c      ****     /* Place your initialization/startup code here (e.g. MyInst_Start()) */
  19:.\main.c      **** 
  20:.\main.c      ****     for(;;)
  21:.\main.c      ****     {
  22:.\main.c      ****         Control_Reg_1_Write(0);
  42              		.loc 1 22 0 discriminator 1
  43 0004 0020     		movs	r0, #0
  44 0006 FFF7FEFF 		bl	Control_Reg_1_Write
  45              	.LVL0:
  23:.\main.c      ****         CyDelay(500);
  46              		.loc 1 23 0 discriminator 1
  47 000a 4FF4FA70 		mov	r0, #500
  48 000e FFF7FEFF 		bl	CyDelay
  49              	.LVL1:
  24:.\main.c      ****         Control_Reg_1_Write(1);
  50              		.loc 1 24 0 discriminator 1
  51 0012 0120     		movs	r0, #1
  52 0014 FFF7FEFF 		bl	Control_Reg_1_Write
  53              	.LVL2:
  25:.\main.c      ****         CyDelay(500);
  54              		.loc 1 25 0 discriminator 1
  55 0018 4FF4FA70 		mov	r0, #500
  56 001c FFF7FEFF 		bl	CyDelay
  57              	.LVL3:
  26:.\main.c      ****     }
  58              		.loc 1 26 0 discriminator 1
  59 0020 F0E7     		b	.L2
  60              		.cfi_endproc
  61              	.LFE63:
  62              		.size	main, .-main
  63 0022 00BF     		.text
  64              	.Letext0:
  65              		.file 2 "c:\\program files (x86)\\cypress\\psoc creator\\3.3\\psoc creator\\import\\gnu\\arm\\4.9.
  66              		.file 3 "c:\\program files (x86)\\cypress\\psoc creator\\3.3\\psoc creator\\import\\gnu\\arm\\4.9.
  67              		.file 4 "Generated_Source\\PSoC5/cytypes.h"
  68              		.file 5 "Generated_Source\\PSoC5/core_cm3.h"
  69              		.file 6 "Generated_Source\\PSoC5/Control_Reg_1.h"
  70              		.file 7 "Generated_Source\\PSoC5/CyLib.h"
  71              		.section	.debug_info,"",%progbits
  72              	.Ldebug_info0:
  73 0000 45010000 		.4byte	0x145
  74 0004 0400     		.2byte	0x4
  75 0006 00000000 		.4byte	.Ldebug_abbrev0
  76 000a 04       		.byte	0x4
  77 000b 01       		.uleb128 0x1
  78 000c C6000000 		.4byte	.LASF17
  79 0010 01       		.byte	0x1
  80 0011 70010000 		.4byte	.LASF18
  81 0015 2D000000 		.4byte	.LASF19
  82 0019 00000000 		.4byte	.Ldebug_ranges0+0
  83 001d 00000000 		.4byte	0
  84 0021 00000000 		.4byte	.Ldebug_line0
  85 0025 02       		.uleb128 0x2
  86 0026 01       		.byte	0x1
  87 0027 06       		.byte	0x6
  88 0028 8D010000 		.4byte	.LASF0
ARM GAS  C:\Users\doug_000\AppData\Local\Temp\cc25CmPI.s 			page 3


  89 002c 02       		.uleb128 0x2
  90 002d 01       		.byte	0x1
  91 002e 08       		.byte	0x8
  92 002f 54010000 		.4byte	.LASF1
  93 0033 02       		.uleb128 0x2
  94 0034 02       		.byte	0x2
  95 0035 05       		.byte	0x5
  96 0036 A9010000 		.4byte	.LASF2
  97 003a 02       		.uleb128 0x2
  98 003b 02       		.byte	0x2
  99 003c 07       		.byte	0x7
 100 003d B3000000 		.4byte	.LASF3
 101 0041 03       		.uleb128 0x3
 102 0042 99010000 		.4byte	.LASF9
 103 0046 02       		.byte	0x2
 104 0047 3F       		.byte	0x3f
 105 0048 4C000000 		.4byte	0x4c
 106 004c 02       		.uleb128 0x2
 107 004d 04       		.byte	0x4
 108 004e 05       		.byte	0x5
 109 004f 67010000 		.4byte	.LASF4
 110 0053 02       		.uleb128 0x2
 111 0054 04       		.byte	0x4
 112 0055 07       		.byte	0x7
 113 0056 8A000000 		.4byte	.LASF5
 114 005a 02       		.uleb128 0x2
 115 005b 08       		.byte	0x8
 116 005c 05       		.byte	0x5
 117 005d 00000000 		.4byte	.LASF6
 118 0061 02       		.uleb128 0x2
 119 0062 08       		.byte	0x8
 120 0063 07       		.byte	0x7
 121 0064 9C000000 		.4byte	.LASF7
 122 0068 04       		.uleb128 0x4
 123 0069 04       		.byte	0x4
 124 006a 05       		.byte	0x5
 125 006b 696E7400 		.ascii	"int\000"
 126 006f 02       		.uleb128 0x2
 127 0070 04       		.byte	0x4
 128 0071 07       		.byte	0x7
 129 0072 15000000 		.4byte	.LASF8
 130 0076 03       		.uleb128 0x3
 131 0077 B3010000 		.4byte	.LASF10
 132 007b 03       		.byte	0x3
 133 007c 2C       		.byte	0x2c
 134 007d 41000000 		.4byte	0x41
 135 0081 03       		.uleb128 0x3
 136 0082 27000000 		.4byte	.LASF11
 137 0086 04       		.byte	0x4
 138 0087 C2       		.byte	0xc2
 139 0088 2C000000 		.4byte	0x2c
 140 008c 03       		.uleb128 0x3
 141 008d 0E000000 		.4byte	.LASF12
 142 0091 04       		.byte	0x4
 143 0092 C4       		.byte	0xc4
 144 0093 53000000 		.4byte	0x53
 145 0097 02       		.uleb128 0x2
ARM GAS  C:\Users\doug_000\AppData\Local\Temp\cc25CmPI.s 			page 4


 146 0098 04       		.byte	0x4
 147 0099 04       		.byte	0x4
 148 009a A3010000 		.4byte	.LASF13
 149 009e 02       		.uleb128 0x2
 150 009f 08       		.byte	0x8
 151 00a0 04       		.byte	0x4
 152 00a1 79010000 		.4byte	.LASF14
 153 00a5 02       		.uleb128 0x2
 154 00a6 01       		.byte	0x1
 155 00a7 08       		.byte	0x8
 156 00a8 62010000 		.4byte	.LASF15
 157 00ac 02       		.uleb128 0x2
 158 00ad 04       		.byte	0x4
 159 00ae 07       		.byte	0x7
 160 00af BB010000 		.4byte	.LASF16
 161 00b3 05       		.uleb128 0x5
 162 00b4 22000000 		.4byte	.LASF20
 163 00b8 01       		.byte	0x1
 164 00b9 0E       		.byte	0xe
 165 00ba 68000000 		.4byte	0x68
 166 00be 00000000 		.4byte	.LFB63
 167 00c2 22000000 		.4byte	.LFE63-.LFB63
 168 00c6 01       		.uleb128 0x1
 169 00c7 9C       		.byte	0x9c
 170 00c8 19010000 		.4byte	0x119
 171 00cc 06       		.uleb128 0x6
 172 00cd 0A000000 		.4byte	.LVL0
 173 00d1 2A010000 		.4byte	0x12a
 174 00d5 DF000000 		.4byte	0xdf
 175 00d9 07       		.uleb128 0x7
 176 00da 01       		.uleb128 0x1
 177 00db 50       		.byte	0x50
 178 00dc 01       		.uleb128 0x1
 179 00dd 30       		.byte	0x30
 180 00de 00       		.byte	0
 181 00df 06       		.uleb128 0x6
 182 00e0 12000000 		.4byte	.LVL1
 183 00e4 3B010000 		.4byte	0x13b
 184 00e8 F4000000 		.4byte	0xf4
 185 00ec 07       		.uleb128 0x7
 186 00ed 01       		.uleb128 0x1
 187 00ee 50       		.byte	0x50
 188 00ef 03       		.uleb128 0x3
 189 00f0 0A       		.byte	0xa
 190 00f1 F401     		.2byte	0x1f4
 191 00f3 00       		.byte	0
 192 00f4 06       		.uleb128 0x6
 193 00f5 18000000 		.4byte	.LVL2
 194 00f9 2A010000 		.4byte	0x12a
 195 00fd 07010000 		.4byte	0x107
 196 0101 07       		.uleb128 0x7
 197 0102 01       		.uleb128 0x1
 198 0103 50       		.byte	0x50
 199 0104 01       		.uleb128 0x1
 200 0105 31       		.byte	0x31
 201 0106 00       		.byte	0
 202 0107 08       		.uleb128 0x8
ARM GAS  C:\Users\doug_000\AppData\Local\Temp\cc25CmPI.s 			page 5


 203 0108 20000000 		.4byte	.LVL3
 204 010c 3B010000 		.4byte	0x13b
 205 0110 07       		.uleb128 0x7
 206 0111 01       		.uleb128 0x1
 207 0112 50       		.byte	0x50
 208 0113 03       		.uleb128 0x3
 209 0114 0A       		.byte	0xa
 210 0115 F401     		.2byte	0x1f4
 211 0117 00       		.byte	0
 212 0118 00       		.byte	0
 213 0119 09       		.uleb128 0x9
 214 011a 80010000 		.4byte	.LASF21
 215 011e 05       		.byte	0x5
 216 011f 2A06     		.2byte	0x62a
 217 0121 25010000 		.4byte	0x125
 218 0125 0A       		.uleb128 0xa
 219 0126 76000000 		.4byte	0x76
 220 012a 0B       		.uleb128 0xb
 221 012b 76000000 		.4byte	.LASF22
 222 012f 06       		.byte	0x6
 223 0130 27       		.byte	0x27
 224 0131 3B010000 		.4byte	0x13b
 225 0135 0C       		.uleb128 0xc
 226 0136 81000000 		.4byte	0x81
 227 013a 00       		.byte	0
 228 013b 0D       		.uleb128 0xd
 229 013c 6E000000 		.4byte	.LASF23
 230 0140 07       		.byte	0x7
 231 0141 77       		.byte	0x77
 232 0142 0C       		.uleb128 0xc
 233 0143 8C000000 		.4byte	0x8c
 234 0147 00       		.byte	0
 235 0148 00       		.byte	0
 236              		.section	.debug_abbrev,"",%progbits
 237              	.Ldebug_abbrev0:
 238 0000 01       		.uleb128 0x1
 239 0001 11       		.uleb128 0x11
 240 0002 01       		.byte	0x1
 241 0003 25       		.uleb128 0x25
 242 0004 0E       		.uleb128 0xe
 243 0005 13       		.uleb128 0x13
 244 0006 0B       		.uleb128 0xb
 245 0007 03       		.uleb128 0x3
 246 0008 0E       		.uleb128 0xe
 247 0009 1B       		.uleb128 0x1b
 248 000a 0E       		.uleb128 0xe
 249 000b 55       		.uleb128 0x55
 250 000c 17       		.uleb128 0x17
 251 000d 11       		.uleb128 0x11
 252 000e 01       		.uleb128 0x1
 253 000f 10       		.uleb128 0x10
 254 0010 17       		.uleb128 0x17
 255 0011 00       		.byte	0
 256 0012 00       		.byte	0
 257 0013 02       		.uleb128 0x2
 258 0014 24       		.uleb128 0x24
 259 0015 00       		.byte	0
ARM GAS  C:\Users\doug_000\AppData\Local\Temp\cc25CmPI.s 			page 6


 260 0016 0B       		.uleb128 0xb
 261 0017 0B       		.uleb128 0xb
 262 0018 3E       		.uleb128 0x3e
 263 0019 0B       		.uleb128 0xb
 264 001a 03       		.uleb128 0x3
 265 001b 0E       		.uleb128 0xe
 266 001c 00       		.byte	0
 267 001d 00       		.byte	0
 268 001e 03       		.uleb128 0x3
 269 001f 16       		.uleb128 0x16
 270 0020 00       		.byte	0
 271 0021 03       		.uleb128 0x3
 272 0022 0E       		.uleb128 0xe
 273 0023 3A       		.uleb128 0x3a
 274 0024 0B       		.uleb128 0xb
 275 0025 3B       		.uleb128 0x3b
 276 0026 0B       		.uleb128 0xb
 277 0027 49       		.uleb128 0x49
 278 0028 13       		.uleb128 0x13
 279 0029 00       		.byte	0
 280 002a 00       		.byte	0
 281 002b 04       		.uleb128 0x4
 282 002c 24       		.uleb128 0x24
 283 002d 00       		.byte	0
 284 002e 0B       		.uleb128 0xb
 285 002f 0B       		.uleb128 0xb
 286 0030 3E       		.uleb128 0x3e
 287 0031 0B       		.uleb128 0xb
 288 0032 03       		.uleb128 0x3
 289 0033 08       		.uleb128 0x8
 290 0034 00       		.byte	0
 291 0035 00       		.byte	0
 292 0036 05       		.uleb128 0x5
 293 0037 2E       		.uleb128 0x2e
 294 0038 01       		.byte	0x1
 295 0039 3F       		.uleb128 0x3f
 296 003a 19       		.uleb128 0x19
 297 003b 03       		.uleb128 0x3
 298 003c 0E       		.uleb128 0xe
 299 003d 3A       		.uleb128 0x3a
 300 003e 0B       		.uleb128 0xb
 301 003f 3B       		.uleb128 0x3b
 302 0040 0B       		.uleb128 0xb
 303 0041 49       		.uleb128 0x49
 304 0042 13       		.uleb128 0x13
 305 0043 11       		.uleb128 0x11
 306 0044 01       		.uleb128 0x1
 307 0045 12       		.uleb128 0x12
 308 0046 06       		.uleb128 0x6
 309 0047 40       		.uleb128 0x40
 310 0048 18       		.uleb128 0x18
 311 0049 9742     		.uleb128 0x2117
 312 004b 19       		.uleb128 0x19
 313 004c 01       		.uleb128 0x1
 314 004d 13       		.uleb128 0x13
 315 004e 00       		.byte	0
 316 004f 00       		.byte	0
ARM GAS  C:\Users\doug_000\AppData\Local\Temp\cc25CmPI.s 			page 7


 317 0050 06       		.uleb128 0x6
 318 0051 898201   		.uleb128 0x4109
 319 0054 01       		.byte	0x1
 320 0055 11       		.uleb128 0x11
 321 0056 01       		.uleb128 0x1
 322 0057 31       		.uleb128 0x31
 323 0058 13       		.uleb128 0x13
 324 0059 01       		.uleb128 0x1
 325 005a 13       		.uleb128 0x13
 326 005b 00       		.byte	0
 327 005c 00       		.byte	0
 328 005d 07       		.uleb128 0x7
 329 005e 8A8201   		.uleb128 0x410a
 330 0061 00       		.byte	0
 331 0062 02       		.uleb128 0x2
 332 0063 18       		.uleb128 0x18
 333 0064 9142     		.uleb128 0x2111
 334 0066 18       		.uleb128 0x18
 335 0067 00       		.byte	0
 336 0068 00       		.byte	0
 337 0069 08       		.uleb128 0x8
 338 006a 898201   		.uleb128 0x4109
 339 006d 01       		.byte	0x1
 340 006e 11       		.uleb128 0x11
 341 006f 01       		.uleb128 0x1
 342 0070 31       		.uleb128 0x31
 343 0071 13       		.uleb128 0x13
 344 0072 00       		.byte	0
 345 0073 00       		.byte	0
 346 0074 09       		.uleb128 0x9
 347 0075 34       		.uleb128 0x34
 348 0076 00       		.byte	0
 349 0077 03       		.uleb128 0x3
 350 0078 0E       		.uleb128 0xe
 351 0079 3A       		.uleb128 0x3a
 352 007a 0B       		.uleb128 0xb
 353 007b 3B       		.uleb128 0x3b
 354 007c 05       		.uleb128 0x5
 355 007d 49       		.uleb128 0x49
 356 007e 13       		.uleb128 0x13
 357 007f 3F       		.uleb128 0x3f
 358 0080 19       		.uleb128 0x19
 359 0081 3C       		.uleb128 0x3c
 360 0082 19       		.uleb128 0x19
 361 0083 00       		.byte	0
 362 0084 00       		.byte	0
 363 0085 0A       		.uleb128 0xa
 364 0086 35       		.uleb128 0x35
 365 0087 00       		.byte	0
 366 0088 49       		.uleb128 0x49
 367 0089 13       		.uleb128 0x13
 368 008a 00       		.byte	0
 369 008b 00       		.byte	0
 370 008c 0B       		.uleb128 0xb
 371 008d 2E       		.uleb128 0x2e
 372 008e 01       		.byte	0x1
 373 008f 3F       		.uleb128 0x3f
ARM GAS  C:\Users\doug_000\AppData\Local\Temp\cc25CmPI.s 			page 8


 374 0090 19       		.uleb128 0x19
 375 0091 03       		.uleb128 0x3
 376 0092 0E       		.uleb128 0xe
 377 0093 3A       		.uleb128 0x3a
 378 0094 0B       		.uleb128 0xb
 379 0095 3B       		.uleb128 0x3b
 380 0096 0B       		.uleb128 0xb
 381 0097 27       		.uleb128 0x27
 382 0098 19       		.uleb128 0x19
 383 0099 3C       		.uleb128 0x3c
 384 009a 19       		.uleb128 0x19
 385 009b 01       		.uleb128 0x1
 386 009c 13       		.uleb128 0x13
 387 009d 00       		.byte	0
 388 009e 00       		.byte	0
 389 009f 0C       		.uleb128 0xc
 390 00a0 05       		.uleb128 0x5
 391 00a1 00       		.byte	0
 392 00a2 49       		.uleb128 0x49
 393 00a3 13       		.uleb128 0x13
 394 00a4 00       		.byte	0
 395 00a5 00       		.byte	0
 396 00a6 0D       		.uleb128 0xd
 397 00a7 2E       		.uleb128 0x2e
 398 00a8 01       		.byte	0x1
 399 00a9 3F       		.uleb128 0x3f
 400 00aa 19       		.uleb128 0x19
 401 00ab 03       		.uleb128 0x3
 402 00ac 0E       		.uleb128 0xe
 403 00ad 3A       		.uleb128 0x3a
 404 00ae 0B       		.uleb128 0xb
 405 00af 3B       		.uleb128 0x3b
 406 00b0 0B       		.uleb128 0xb
 407 00b1 27       		.uleb128 0x27
 408 00b2 19       		.uleb128 0x19
 409 00b3 3C       		.uleb128 0x3c
 410 00b4 19       		.uleb128 0x19
 411 00b5 00       		.byte	0
 412 00b6 00       		.byte	0
 413 00b7 00       		.byte	0
 414              		.section	.debug_aranges,"",%progbits
 415 0000 1C000000 		.4byte	0x1c
 416 0004 0200     		.2byte	0x2
 417 0006 00000000 		.4byte	.Ldebug_info0
 418 000a 04       		.byte	0x4
 419 000b 00       		.byte	0
 420 000c 0000     		.2byte	0
 421 000e 0000     		.2byte	0
 422 0010 00000000 		.4byte	.LFB63
 423 0014 22000000 		.4byte	.LFE63-.LFB63
 424 0018 00000000 		.4byte	0
 425 001c 00000000 		.4byte	0
 426              		.section	.debug_ranges,"",%progbits
 427              	.Ldebug_ranges0:
 428 0000 00000000 		.4byte	.LFB63
 429 0004 22000000 		.4byte	.LFE63
 430 0008 00000000 		.4byte	0
ARM GAS  C:\Users\doug_000\AppData\Local\Temp\cc25CmPI.s 			page 9


 431 000c 00000000 		.4byte	0
 432              		.section	.debug_line,"",%progbits
 433              	.Ldebug_line0:
 434 0000 96010000 		.section	.debug_str,"MS",%progbits,1
 434      02006701 
 434      00000201 
 434      FB0E0D00 
 434      01010101 
 435              	.LASF6:
 436 0000 6C6F6E67 		.ascii	"long long int\000"
 436      206C6F6E 
 436      6720696E 
 436      7400
 437              	.LASF12:
 438 000e 75696E74 		.ascii	"uint32\000"
 438      333200
 439              	.LASF8:
 440 0015 756E7369 		.ascii	"unsigned int\000"
 440      676E6564 
 440      20696E74 
 440      00
 441              	.LASF20:
 442 0022 6D61696E 		.ascii	"main\000"
 442      00
 443              	.LASF11:
 444 0027 75696E74 		.ascii	"uint8\000"
 444      3800
 445              	.LASF19:
 446 002d 433A5C55 		.ascii	"C:\\Users\\doug_000\\Documents\\GitHub\\LB-RPPSOC\\"
 446      73657273 
 446      5C646F75 
 446      675F3030 
 446      305C446F 
 447 005a 52505053 		.ascii	"RPPSOC-Blink2.cydsn\000"
 447      4F432D42 
 447      6C696E6B 
 447      322E6379 
 447      64736E00 
 448              	.LASF23:
 449 006e 43794465 		.ascii	"CyDelay\000"
 449      6C617900 
 450              	.LASF22:
 451 0076 436F6E74 		.ascii	"Control_Reg_1_Write\000"
 451      726F6C5F 
 451      5265675F 
 451      315F5772 
 451      69746500 
 452              	.LASF5:
 453 008a 6C6F6E67 		.ascii	"long unsigned int\000"
 453      20756E73 
 453      69676E65 
 453      6420696E 
 453      7400
 454              	.LASF7:
 455 009c 6C6F6E67 		.ascii	"long long unsigned int\000"
 455      206C6F6E 
 455      6720756E 
ARM GAS  C:\Users\doug_000\AppData\Local\Temp\cc25CmPI.s 			page 10


 455      7369676E 
 455      65642069 
 456              	.LASF3:
 457 00b3 73686F72 		.ascii	"short unsigned int\000"
 457      7420756E 
 457      7369676E 
 457      65642069 
 457      6E7400
 458              	.LASF17:
 459 00c6 474E5520 		.ascii	"GNU C 4.9.3 20150303 (release) [ARM/embedded-4_9-br"
 459      4320342E 
 459      392E3320 
 459      32303135 
 459      30333033 
 460 00f9 616E6368 		.ascii	"anch revision 221220] -mcpu=cortex-m3 -mthumb -g -O"
 460      20726576 
 460      6973696F 
 460      6E203232 
 460      31323230 
 461 012c 67202D66 		.ascii	"g -ffunction-sections -ffat-lto-objects\000"
 461      66756E63 
 461      74696F6E 
 461      2D736563 
 461      74696F6E 
 462              	.LASF1:
 463 0154 756E7369 		.ascii	"unsigned char\000"
 463      676E6564 
 463      20636861 
 463      7200
 464              	.LASF15:
 465 0162 63686172 		.ascii	"char\000"
 465      00
 466              	.LASF4:
 467 0167 6C6F6E67 		.ascii	"long int\000"
 467      20696E74 
 467      00
 468              	.LASF18:
 469 0170 2E5C6D61 		.ascii	".\\main.c\000"
 469      696E2E63 
 469      00
 470              	.LASF14:
 471 0179 646F7562 		.ascii	"double\000"
 471      6C6500
 472              	.LASF21:
 473 0180 49544D5F 		.ascii	"ITM_RxBuffer\000"
 473      52784275 
 473      66666572 
 473      00
 474              	.LASF0:
 475 018d 7369676E 		.ascii	"signed char\000"
 475      65642063 
 475      68617200 
 476              	.LASF9:
 477 0199 5F5F696E 		.ascii	"__int32_t\000"
 477      7433325F 
 477      7400
 478              	.LASF13:
ARM GAS  C:\Users\doug_000\AppData\Local\Temp\cc25CmPI.s 			page 11


 479 01a3 666C6F61 		.ascii	"float\000"
 479      7400
 480              	.LASF2:
 481 01a9 73686F72 		.ascii	"short int\000"
 481      7420696E 
 481      7400
 482              	.LASF10:
 483 01b3 696E7433 		.ascii	"int32_t\000"
 483      325F7400 
 484              	.LASF16:
 485 01bb 73697A65 		.ascii	"sizetype\000"
 485      74797065 
 485      00
 486              		.ident	"GCC: (GNU Tools for ARM Embedded Processors) 4.9.3 20150303 (release) [ARM/embedded-4_9-br
