--------------- Build Started: 11/06/2016 10:40:13 Project: RPPSOC-VGA-Colors, Configuration: ARM GCC 4.9-2015-q1-update Debug ---------------
cydsfit.exe -.appdatapath "C:\Users\doug_000\AppData\Local\Cypress Semiconductor\PSoC Creator\3.3" -.fdsnotice -.fdswarpdepfile=warp_dependencies.txt -.fdselabdepfile=elab_dependencies.txt -.fdsbldfile=generated_files.txt -p C:\Users\doug_000\Documents\GitHub\LB-RPPSOC\RPPSOC-VGA-Colors.cydsn\RPPSOC-VGA-Colors.cyprj -d CY8C5267AXI-LP051 -s C:\Users\doug_000\Documents\GitHub\LB-RPPSOC\RPPSOC-VGA-Colors.cydsn\Generated_Source\PSoC5 -- -yv2 -q10 -ygs -o2 -v3 -.fftcfgtype=LE
Elaborating Design...
ADD: pft.M0028: warning: Clock Warning: (PixelClock's accuracy range '24 MHz +/- 1%, (23.76 MHz - 24.24 MHz)' is not within the specified tolerance range '25.175 MHz +/- 1%, (24.923 MHz - 25.427 MHz)'.).
 * C:\Users\doug_000\Documents\GitHub\LB-RPPSOC\RPPSOC-VGA-Colors.cydsn\RPPSOC-VGA-Colors.cydwr (PixelClock)
 * C:\Users\doug_000\Documents\GitHub\LB-RPPSOC\RPPSOC-VGA-Colors.cydsn\TopDesign\TopDesign.cysch (Instance:PixelClock)
HDL Generation ...
Synthesis ...
Place and Route ...
Tech mapping ...
Analog Placement ...
Analog Routing ...
Analog Code Generation ...
Digital Placement ...
Digital Routing ...
Bitstream Generation ...
Static timing analysis ...
API Generation ...
Dependency Generation ...
Clean Temporary Files ...
The compile step is up to date, no work needs to be done.
The link step is up to date, no work needs to be done.
--------------- Build Succeeded: 11/06/2016 10:41:00 ---------------
