ARM GAS  C:\Users\DGILLI~1\AppData\Local\Temp\ccJ7lXKt.s 			page 1


   1              		.syntax unified
   2              		.cpu cortex-m3
   3              		.fpu softvfp
   4              		.eabi_attribute 20, 1
   5              		.eabi_attribute 21, 1
   6              		.eabi_attribute 23, 3
   7              		.eabi_attribute 24, 1
   8              		.eabi_attribute 25, 1
   9              		.eabi_attribute 26, 1
  10              		.eabi_attribute 30, 1
  11              		.eabi_attribute 34, 1
  12              		.eabi_attribute 18, 4
  13              		.thumb
  14              		.file	"cymetadata.c"
  15              		.text
  16              	.Ltext0:
  17              		.cfi_sections	.debug_frame
  18              		.global	cy_metadata
  19              		.global	cy_meta_flashprotect
  20              		.global	cy_meta_wonvl
  21              		.global	cy_meta_custnvl
  22              		.global	cy_meta_configecc
  23              		.section	.cyconfigecc,"a",%progbits
  24              		.align	2
  25              		.type	cy_meta_configecc, %object
  26              		.size	cy_meta_configecc, 76
  27              	cy_meta_configecc:
  28 0000 03       		.byte	3
  29 0001 52       		.byte	82
  30 0002 00       		.byte	0
  31 0003 40       		.byte	64
  32 0004 02       		.byte	2
  33 0005 1A       		.byte	26
  34 0006 01       		.byte	1
  35 0007 40       		.byte	64
  36 0008 06       		.byte	6
  37 0009 1B       		.byte	27
  38 000a 01       		.byte	1
  39 000b 40       		.byte	64
  40 000c 02       		.byte	2
  41 000d 4C       		.byte	76
  42 000e 01       		.byte	1
  43 000f 40       		.byte	64
  44 0010 06       		.byte	6
  45 0011 4D       		.byte	77
  46 0012 01       		.byte	1
  47 0013 40       		.byte	64
  48 0014 0C       		.byte	12
  49 0015 40       		.byte	64
  50 0016 28       		.byte	40
  51 0017 10       		.byte	16
  52 0018 29       		.byte	41
  53 0019 10       		.byte	16
  54 001a 5B       		.byte	91
  55 001b 04       		.byte	4
  56 001c 5F       		.byte	95
  57 001d 01       		.byte	1
ARM GAS  C:\Users\DGILLI~1\AppData\Local\Temp\ccJ7lXKt.s 			page 2


  58 001e 58       		.byte	88
  59 001f 80       		.byte	-128
  60 0020 68       		.byte	104
  61 0021 01       		.byte	1
  62 0022 88       		.byte	-120
  63 0023 01       		.byte	1
  64 0024 98       		.byte	-104
  65 0025 80       		.byte	-128
  66 0026 B0       		.byte	-80
  67 0027 80       		.byte	-128
  68 0028 D6       		.byte	-42
  69 0029 08       		.byte	8
  70 002a 08       		.byte	8
  71 002b 10       		.byte	16
  72 002c C2       		.byte	-62
  73 002d 02       		.byte	2
  74 002e 64       		.byte	100
  75 002f 08       		.byte	8
  76 0030 88       		.byte	-120
  77 0031 08       		.byte	8
  78 0032 B0       		.byte	-80
  79 0033 10       		.byte	16
  80 0034 D8       		.byte	-40
  81 0035 01       		.byte	1
  82 0036 E0       		.byte	-32
  83 0037 01       		.byte	1
  84 0038 EA       		.byte	-22
  85 0039 04       		.byte	4
  86 003a 00       		.byte	0
  87 003b 00       		.byte	0
  88 003c 40       		.byte	64
  89 003d 00       		.byte	0
  90 003e 00       		.byte	0
  91 003f 00       		.byte	0
  92 0040 00       		.byte	0
  93 0041 00       		.byte	0
  94 0042 00       		.byte	0
  95 0043 00       		.byte	0
  96 0044 00       		.byte	0
  97 0045 10       		.byte	16
  98 0046 10       		.byte	16
  99 0047 00       		.byte	0
 100 0048 10       		.byte	16
 101 0049 00       		.byte	0
 102 004a 00       		.byte	0
 103 004b 00       		.byte	0
 104              		.section	.cywolatch,"a",%progbits
 105              		.align	2
 106              		.type	cy_meta_wonvl, %object
 107              		.size	cy_meta_wonvl, 4
 108              	cy_meta_wonvl:
 109 0000 BC       		.byte	-68
 110 0001 90       		.byte	-112
 111 0002 AC       		.byte	-84
 112 0003 AF       		.byte	-81
 113              		.section	.cycustnvl,"a",%progbits
 114              		.align	2
ARM GAS  C:\Users\DGILLI~1\AppData\Local\Temp\ccJ7lXKt.s 			page 3


 115              		.type	cy_meta_custnvl, %object
 116              		.size	cy_meta_custnvl, 4
 117              	cy_meta_custnvl:
 118 0000 00       		.byte	0
 119 0001 00       		.byte	0
 120 0002 40       		.byte	64
 121 0003 05       		.byte	5
 122              		.section	.cymeta,"a",%progbits
 123              		.align	2
 124              		.type	cy_metadata, %object
 125              		.size	cy_metadata, 12
 126              	cy_metadata:
 127 0000 00       		.byte	0
 128 0001 01       		.byte	1
 129 0002 2E       		.byte	46
 130 0003 13       		.byte	19
 131 0004 30       		.byte	48
 132 0005 69       		.byte	105
 133 0006 00       		.byte	0
 134 0007 01       		.byte	1
 135 0008 00       		.byte	0
 136 0009 00       		.byte	0
 137 000a 00       		.byte	0
 138 000b 00       		.byte	0
 139              		.section	.cyflashprotect,"a",%progbits
 140              		.align	2
 141              		.type	cy_meta_flashprotect, %object
 142              		.size	cy_meta_flashprotect, 128
 143              	cy_meta_flashprotect:
 144 0000 00000000 		.space	128
 144      00000000 
 144      00000000 
 144      00000000 
 144      00000000 
 145              		.text
 146              	.Letext0:
 147              		.file 1 ".\\Generated_Source\\PSoC5\\cymetadata.c"
 148              		.file 2 ".\\Generated_Source\\PSoC5\\cytypes.h"
 149              		.section	.debug_info,"",%progbits
 150              	.Ldebug_info0:
 151 0000 35010000 		.4byte	0x135
 152 0004 0400     		.2byte	0x4
 153 0006 00000000 		.4byte	.Ldebug_abbrev0
 154 000a 04       		.byte	0x4
 155 000b 01       		.uleb128 0x1
 156 000c D7000000 		.4byte	.LASF18
 157 0010 01       		.byte	0x1
 158 0011 43000000 		.4byte	.LASF19
 159 0015 00000000 		.4byte	.LASF20
 160 0019 00000000 		.4byte	.Ldebug_line0
 161 001d 02       		.uleb128 0x2
 162 001e 01       		.byte	0x1
 163 001f 06       		.byte	0x6
 164 0020 E1010000 		.4byte	.LASF0
 165 0024 02       		.uleb128 0x2
 166 0025 01       		.byte	0x1
 167 0026 08       		.byte	0x8
ARM GAS  C:\Users\DGILLI~1\AppData\Local\Temp\ccJ7lXKt.s 			page 4


 168 0027 7B000000 		.4byte	.LASF1
 169 002b 02       		.uleb128 0x2
 170 002c 02       		.byte	0x2
 171 002d 05       		.byte	0x5
 172 002e C8010000 		.4byte	.LASF2
 173 0032 02       		.uleb128 0x2
 174 0033 02       		.byte	0x2
 175 0034 07       		.byte	0x7
 176 0035 9B000000 		.4byte	.LASF3
 177 0039 02       		.uleb128 0x2
 178 003a 04       		.byte	0x4
 179 003b 05       		.byte	0x5
 180 003c D8010000 		.4byte	.LASF4
 181 0040 02       		.uleb128 0x2
 182 0041 04       		.byte	0x4
 183 0042 07       		.byte	0x7
 184 0043 89000000 		.4byte	.LASF5
 185 0047 02       		.uleb128 0x2
 186 0048 08       		.byte	0x8
 187 0049 05       		.byte	0x5
 188 004a B5010000 		.4byte	.LASF6
 189 004e 02       		.uleb128 0x2
 190 004f 08       		.byte	0x8
 191 0050 07       		.byte	0x7
 192 0051 72010000 		.4byte	.LASF7
 193 0055 03       		.uleb128 0x3
 194 0056 04       		.byte	0x4
 195 0057 05       		.byte	0x5
 196 0058 696E7400 		.ascii	"int\000"
 197 005c 02       		.uleb128 0x2
 198 005d 04       		.byte	0x4
 199 005e 07       		.byte	0x7
 200 005f 65010000 		.4byte	.LASF8
 201 0063 04       		.uleb128 0x4
 202 0064 D2010000 		.4byte	.LASF21
 203 0068 02       		.byte	0x2
 204 0069 C2       		.byte	0xc2
 205 006a 24000000 		.4byte	0x24
 206 006e 02       		.uleb128 0x2
 207 006f 04       		.byte	0x4
 208 0070 04       		.byte	0x4
 209 0071 75000000 		.4byte	.LASF9
 210 0075 02       		.uleb128 0x2
 211 0076 08       		.byte	0x8
 212 0077 04       		.byte	0x4
 213 0078 AE000000 		.4byte	.LASF10
 214 007c 02       		.uleb128 0x2
 215 007d 01       		.byte	0x1
 216 007e 08       		.byte	0x8
 217 007f C3010000 		.4byte	.LASF11
 218 0083 05       		.uleb128 0x5
 219 0084 63000000 		.4byte	0x63
 220 0088 93000000 		.4byte	0x93
 221 008c 06       		.uleb128 0x6
 222 008d 93000000 		.4byte	0x93
 223 0091 4B       		.byte	0x4b
 224 0092 00       		.byte	0
ARM GAS  C:\Users\DGILLI~1\AppData\Local\Temp\ccJ7lXKt.s 			page 5


 225 0093 02       		.uleb128 0x2
 226 0094 04       		.byte	0x4
 227 0095 07       		.byte	0x7
 228 0096 AC010000 		.4byte	.LASF12
 229 009a 07       		.uleb128 0x7
 230 009b C5000000 		.4byte	.LASF13
 231 009f 01       		.byte	0x1
 232 00a0 1C       		.byte	0x1c
 233 00a1 AB000000 		.4byte	0xab
 234 00a5 05       		.uleb128 0x5
 235 00a6 03       		.byte	0x3
 236 00a7 00000000 		.4byte	cy_meta_configecc
 237 00ab 08       		.uleb128 0x8
 238 00ac 83000000 		.4byte	0x83
 239 00b0 05       		.uleb128 0x5
 240 00b1 63000000 		.4byte	0x63
 241 00b5 C0000000 		.4byte	0xc0
 242 00b9 06       		.uleb128 0x6
 243 00ba 93000000 		.4byte	0x93
 244 00be 03       		.byte	0x3
 245 00bf 00       		.byte	0
 246 00c0 07       		.uleb128 0x7
 247 00c1 B5000000 		.4byte	.LASF14
 248 00c5 01       		.byte	0x1
 249 00c6 30       		.byte	0x30
 250 00c7 D1000000 		.4byte	0xd1
 251 00cb 05       		.uleb128 0x5
 252 00cc 03       		.byte	0x3
 253 00cd 00000000 		.4byte	cy_meta_custnvl
 254 00d1 08       		.uleb128 0x8
 255 00d2 B0000000 		.4byte	0xb0
 256 00d6 07       		.uleb128 0x7
 257 00d7 9E010000 		.4byte	.LASF15
 258 00db 01       		.byte	0x1
 259 00dc 3B       		.byte	0x3b
 260 00dd E7000000 		.4byte	0xe7
 261 00e1 05       		.uleb128 0x5
 262 00e2 03       		.byte	0x3
 263 00e3 00000000 		.4byte	cy_meta_wonvl
 264 00e7 08       		.uleb128 0x8
 265 00e8 B0000000 		.4byte	0xb0
 266 00ec 05       		.uleb128 0x5
 267 00ed 63000000 		.4byte	0x63
 268 00f1 FC000000 		.4byte	0xfc
 269 00f5 06       		.uleb128 0x6
 270 00f6 93000000 		.4byte	0x93
 271 00fa 7F       		.byte	0x7f
 272 00fb 00       		.byte	0
 273 00fc 07       		.uleb128 0x7
 274 00fd 89010000 		.4byte	.LASF16
 275 0101 01       		.byte	0x1
 276 0102 46       		.byte	0x46
 277 0103 0D010000 		.4byte	0x10d
 278 0107 05       		.uleb128 0x5
 279 0108 03       		.byte	0x3
 280 0109 00000000 		.4byte	cy_meta_flashprotect
 281 010d 08       		.uleb128 0x8
ARM GAS  C:\Users\DGILLI~1\AppData\Local\Temp\ccJ7lXKt.s 			page 6


 282 010e EC000000 		.4byte	0xec
 283 0112 05       		.uleb128 0x5
 284 0113 63000000 		.4byte	0x63
 285 0117 22010000 		.4byte	0x122
 286 011b 06       		.uleb128 0x6
 287 011c 93000000 		.4byte	0x93
 288 0120 0B       		.byte	0xb
 289 0121 00       		.byte	0
 290 0122 07       		.uleb128 0x7
 291 0123 69000000 		.4byte	.LASF17
 292 0127 01       		.byte	0x1
 293 0128 60       		.byte	0x60
 294 0129 33010000 		.4byte	0x133
 295 012d 05       		.uleb128 0x5
 296 012e 03       		.byte	0x3
 297 012f 00000000 		.4byte	cy_metadata
 298 0133 08       		.uleb128 0x8
 299 0134 12010000 		.4byte	0x112
 300 0138 00       		.byte	0
 301              		.section	.debug_abbrev,"",%progbits
 302              	.Ldebug_abbrev0:
 303 0000 01       		.uleb128 0x1
 304 0001 11       		.uleb128 0x11
 305 0002 01       		.byte	0x1
 306 0003 25       		.uleb128 0x25
 307 0004 0E       		.uleb128 0xe
 308 0005 13       		.uleb128 0x13
 309 0006 0B       		.uleb128 0xb
 310 0007 03       		.uleb128 0x3
 311 0008 0E       		.uleb128 0xe
 312 0009 1B       		.uleb128 0x1b
 313 000a 0E       		.uleb128 0xe
 314 000b 10       		.uleb128 0x10
 315 000c 17       		.uleb128 0x17
 316 000d 00       		.byte	0
 317 000e 00       		.byte	0
 318 000f 02       		.uleb128 0x2
 319 0010 24       		.uleb128 0x24
 320 0011 00       		.byte	0
 321 0012 0B       		.uleb128 0xb
 322 0013 0B       		.uleb128 0xb
 323 0014 3E       		.uleb128 0x3e
 324 0015 0B       		.uleb128 0xb
 325 0016 03       		.uleb128 0x3
 326 0017 0E       		.uleb128 0xe
 327 0018 00       		.byte	0
 328 0019 00       		.byte	0
 329 001a 03       		.uleb128 0x3
 330 001b 24       		.uleb128 0x24
 331 001c 00       		.byte	0
 332 001d 0B       		.uleb128 0xb
 333 001e 0B       		.uleb128 0xb
 334 001f 3E       		.uleb128 0x3e
 335 0020 0B       		.uleb128 0xb
 336 0021 03       		.uleb128 0x3
 337 0022 08       		.uleb128 0x8
 338 0023 00       		.byte	0
ARM GAS  C:\Users\DGILLI~1\AppData\Local\Temp\ccJ7lXKt.s 			page 7


 339 0024 00       		.byte	0
 340 0025 04       		.uleb128 0x4
 341 0026 16       		.uleb128 0x16
 342 0027 00       		.byte	0
 343 0028 03       		.uleb128 0x3
 344 0029 0E       		.uleb128 0xe
 345 002a 3A       		.uleb128 0x3a
 346 002b 0B       		.uleb128 0xb
 347 002c 3B       		.uleb128 0x3b
 348 002d 0B       		.uleb128 0xb
 349 002e 49       		.uleb128 0x49
 350 002f 13       		.uleb128 0x13
 351 0030 00       		.byte	0
 352 0031 00       		.byte	0
 353 0032 05       		.uleb128 0x5
 354 0033 01       		.uleb128 0x1
 355 0034 01       		.byte	0x1
 356 0035 49       		.uleb128 0x49
 357 0036 13       		.uleb128 0x13
 358 0037 01       		.uleb128 0x1
 359 0038 13       		.uleb128 0x13
 360 0039 00       		.byte	0
 361 003a 00       		.byte	0
 362 003b 06       		.uleb128 0x6
 363 003c 21       		.uleb128 0x21
 364 003d 00       		.byte	0
 365 003e 49       		.uleb128 0x49
 366 003f 13       		.uleb128 0x13
 367 0040 2F       		.uleb128 0x2f
 368 0041 0B       		.uleb128 0xb
 369 0042 00       		.byte	0
 370 0043 00       		.byte	0
 371 0044 07       		.uleb128 0x7
 372 0045 34       		.uleb128 0x34
 373 0046 00       		.byte	0
 374 0047 03       		.uleb128 0x3
 375 0048 0E       		.uleb128 0xe
 376 0049 3A       		.uleb128 0x3a
 377 004a 0B       		.uleb128 0xb
 378 004b 3B       		.uleb128 0x3b
 379 004c 0B       		.uleb128 0xb
 380 004d 49       		.uleb128 0x49
 381 004e 13       		.uleb128 0x13
 382 004f 3F       		.uleb128 0x3f
 383 0050 19       		.uleb128 0x19
 384 0051 02       		.uleb128 0x2
 385 0052 18       		.uleb128 0x18
 386 0053 00       		.byte	0
 387 0054 00       		.byte	0
 388 0055 08       		.uleb128 0x8
 389 0056 26       		.uleb128 0x26
 390 0057 00       		.byte	0
 391 0058 49       		.uleb128 0x49
 392 0059 13       		.uleb128 0x13
 393 005a 00       		.byte	0
 394 005b 00       		.byte	0
 395 005c 00       		.byte	0
ARM GAS  C:\Users\DGILLI~1\AppData\Local\Temp\ccJ7lXKt.s 			page 8


 396              		.section	.debug_aranges,"",%progbits
 397 0000 14000000 		.4byte	0x14
 398 0004 0200     		.2byte	0x2
 399 0006 00000000 		.4byte	.Ldebug_info0
 400 000a 04       		.byte	0x4
 401 000b 00       		.byte	0
 402 000c 0000     		.2byte	0
 403 000e 0000     		.2byte	0
 404 0010 00000000 		.4byte	0
 405 0014 00000000 		.4byte	0
 406              		.section	.debug_line,"",%progbits
 407              	.Ldebug_line0:
 408 0000 4F000000 		.section	.debug_str,"MS",%progbits,1
 408      02004900 
 408      00000201 
 408      FB0E0D00 
 408      01010101 
 409              	.LASF20:
 410 0000 433A5C55 		.ascii	"C:\\Users\\DGilliland\\Documents\\GitHub\\LB-RPPSOC"
 410      73657273 
 410      5C444769 
 410      6C6C696C 
 410      616E645C 
 411 002e 5C525050 		.ascii	"\\RPPSOC-Blink5.cydsn\000"
 411      534F432D 
 411      426C696E 
 411      6B352E63 
 411      7964736E 
 412              	.LASF19:
 413 0043 2E5C4765 		.ascii	".\\Generated_Source\\PSoC5\\cymetadata.c\000"
 413      6E657261 
 413      7465645F 
 413      536F7572 
 413      63655C50 
 414              	.LASF17:
 415 0069 63795F6D 		.ascii	"cy_metadata\000"
 415      65746164 
 415      61746100 
 416              	.LASF9:
 417 0075 666C6F61 		.ascii	"float\000"
 417      7400
 418              	.LASF1:
 419 007b 756E7369 		.ascii	"unsigned char\000"
 419      676E6564 
 419      20636861 
 419      7200
 420              	.LASF5:
 421 0089 6C6F6E67 		.ascii	"long unsigned int\000"
 421      20756E73 
 421      69676E65 
 421      6420696E 
 421      7400
 422              	.LASF3:
 423 009b 73686F72 		.ascii	"short unsigned int\000"
 423      7420756E 
 423      7369676E 
 423      65642069 
ARM GAS  C:\Users\DGILLI~1\AppData\Local\Temp\ccJ7lXKt.s 			page 9


 423      6E7400
 424              	.LASF10:
 425 00ae 646F7562 		.ascii	"double\000"
 425      6C6500
 426              	.LASF14:
 427 00b5 63795F6D 		.ascii	"cy_meta_custnvl\000"
 427      6574615F 
 427      63757374 
 427      6E766C00 
 428              	.LASF13:
 429 00c5 63795F6D 		.ascii	"cy_meta_configecc\000"
 429      6574615F 
 429      636F6E66 
 429      69676563 
 429      6300
 430              	.LASF18:
 431 00d7 474E5520 		.ascii	"GNU C 4.9.3 20150303 (release) [ARM/embedded-4_9-br"
 431      4320342E 
 431      392E3320 
 431      32303135 
 431      30333033 
 432 010a 616E6368 		.ascii	"anch revision 221220] -mcpu=cortex-m3 -mthumb -g -O"
 432      20726576 
 432      6973696F 
 432      6E203232 
 432      31323230 
 433 013d 67202D66 		.ascii	"g -ffunction-sections -ffat-lto-objects\000"
 433      66756E63 
 433      74696F6E 
 433      2D736563 
 433      74696F6E 
 434              	.LASF8:
 435 0165 756E7369 		.ascii	"unsigned int\000"
 435      676E6564 
 435      20696E74 
 435      00
 436              	.LASF7:
 437 0172 6C6F6E67 		.ascii	"long long unsigned int\000"
 437      206C6F6E 
 437      6720756E 
 437      7369676E 
 437      65642069 
 438              	.LASF16:
 439 0189 63795F6D 		.ascii	"cy_meta_flashprotect\000"
 439      6574615F 
 439      666C6173 
 439      6870726F 
 439      74656374 
 440              	.LASF15:
 441 019e 63795F6D 		.ascii	"cy_meta_wonvl\000"
 441      6574615F 
 441      776F6E76 
 441      6C00
 442              	.LASF12:
 443 01ac 73697A65 		.ascii	"sizetype\000"
 443      74797065 
 443      00
ARM GAS  C:\Users\DGILLI~1\AppData\Local\Temp\ccJ7lXKt.s 			page 10


 444              	.LASF6:
 445 01b5 6C6F6E67 		.ascii	"long long int\000"
 445      206C6F6E 
 445      6720696E 
 445      7400
 446              	.LASF11:
 447 01c3 63686172 		.ascii	"char\000"
 447      00
 448              	.LASF2:
 449 01c8 73686F72 		.ascii	"short int\000"
 449      7420696E 
 449      7400
 450              	.LASF21:
 451 01d2 75696E74 		.ascii	"uint8\000"
 451      3800
 452              	.LASF4:
 453 01d8 6C6F6E67 		.ascii	"long int\000"
 453      20696E74 
 453      00
 454              	.LASF0:
 455 01e1 7369676E 		.ascii	"signed char\000"
 455      65642063 
 455      68617200 
 456              		.ident	"GCC: (GNU Tools for ARM Embedded Processors) 4.9.3 20150303 (release) [ARM/embedded-4_9-br
