ARM GAS  C:\Users\DGILLI~1\AppData\Local\Temp\ccOa6OLa.s 			page 1


   1              		.syntax unified
   2              		.cpu cortex-m3
   3              		.fpu softvfp
   4              		.eabi_attribute 20, 1
   5              		.eabi_attribute 21, 1
   6              		.eabi_attribute 23, 3
   7              		.eabi_attribute 24, 1
   8              		.eabi_attribute 25, 1
   9              		.eabi_attribute 26, 1
  10              		.eabi_attribute 30, 1
  11              		.eabi_attribute 34, 1
  12              		.eabi_attribute 18, 4
  13              		.thumb
  14              		.file	"main.c"
  15              		.text
  16              	.Ltext0:
  17              		.cfi_sections	.debug_frame
  18              		.section	.text.main,"ax",%progbits
  19              		.align	2
  20              		.global	main
  21              		.thumb
  22              		.thumb_func
  23              		.type	main, %function
  24              	main:
  25              	.LFB63:
  26              		.file 1 ".\\main.c"
   1:.\main.c      **** /* ========================================
   2:.\main.c      ****  *
   3:.\main.c      ****  * RPPSOC Example 5 Code
   4:.\main.c      ****  *
   5:.\main.c      ****  * Copyright Land Boards, LLC, 2016
   6:.\main.c      ****  * All Rights Reserved
   7:.\main.c      ****  * UNPUBLISHED, LICENSED SOFTWARE.
   8:.\main.c      ****  *
   9:.\main.c      ****  * CONFIDENTIAL AND PROPRIETARY INFORMATION
  10:.\main.c      ****  * WHICH IS THE PROPERTY OF LAND BOARDS.
  11:.\main.c      ****  * MAY BE USED FOR ANY RPPSOC DEVELOPMENT.
  12:.\main.c      ****  * 
  13:.\main.c      ****  * This code reads a line from the Raspberry PI
  14:.\main.c      ****  * and reflects that line to the control register.
  15:.\main.c      ****  * The control register connects to the LED.
  16:.\main.c      ****  *
  17:.\main.c      ****  * ========================================
  18:.\main.c      **** */
  19:.\main.c      **** 
  20:.\main.c      **** #include <project.h>
  21:.\main.c      **** 
  22:.\main.c      **** int main()
  23:.\main.c      **** {
  27              		.loc 1 23 0
  28              		.cfi_startproc
  29              		@ Volatile: function does not return.
  30              		@ args = 0, pretend = 0, frame = 0
  31              		@ frame_needed = 0, uses_anonymous_args = 0
  32 0000 08B5     		push	{r3, lr}
  33              		.cfi_def_cfa_offset 8
  34              		.cfi_offset 3, -8
ARM GAS  C:\Users\DGILLI~1\AppData\Local\Temp\ccOa6OLa.s 			page 2


  35              		.cfi_offset 14, -4
  24:.\main.c      ****     CyGlobalIntEnable; /* Enable global interrupts. */
  36              		.loc 1 24 0
  37              	@ 24 ".\main.c" 1
  38 0002 62B6     		CPSIE   i
  39              	@ 0 "" 2
  40              		.thumb
  41              	.L2:
  25:.\main.c      **** 
  26:.\main.c      ****     /* Place your initialization/startup code here (e.g. MyInst_Start()) */
  27:.\main.c      **** 
  28:.\main.c      ****     for(;;)
  29:.\main.c      ****     {
  30:.\main.c      ****         Control_Reg_1_Write(Status_Reg_1_Read());
  42              		.loc 1 30 0 discriminator 1
  43 0004 FFF7FEFF 		bl	Status_Reg_1_Read
  44              	.LVL0:
  45 0008 FFF7FEFF 		bl	Control_Reg_1_Write
  46              	.LVL1:
  31:.\main.c      ****     }
  47              		.loc 1 31 0 discriminator 1
  48 000c FAE7     		b	.L2
  49              		.cfi_endproc
  50              	.LFE63:
  51              		.size	main, .-main
  52 000e 00BF     		.text
  53              	.Letext0:
  54              		.file 2 "c:\\program files (x86)\\cypress\\psoc creator\\3.3\\psoc creator\\import\\gnu\\arm\\4.9.
  55              		.file 3 "c:\\program files (x86)\\cypress\\psoc creator\\3.3\\psoc creator\\import\\gnu\\arm\\4.9.
  56              		.file 4 "Generated_Source\\PSoC5/cytypes.h"
  57              		.file 5 "Generated_Source\\PSoC5/core_cm3.h"
  58              		.file 6 "Generated_Source\\PSoC5/Status_Reg_1.h"
  59              		.file 7 "Generated_Source\\PSoC5/Control_Reg_1.h"
  60              		.section	.debug_info,"",%progbits
  61              	.Ldebug_info0:
  62 0000 FA000000 		.4byte	0xfa
  63 0004 0400     		.2byte	0x4
  64 0006 00000000 		.4byte	.Ldebug_abbrev0
  65 000a 04       		.byte	0x4
  66 000b 01       		.uleb128 0x1
  67 000c 8D000000 		.4byte	.LASF16
  68 0010 01       		.byte	0x1
  69 0011 6D000000 		.4byte	.LASF17
  70 0015 42010000 		.4byte	.LASF18
  71 0019 00000000 		.4byte	.Ldebug_ranges0+0
  72 001d 00000000 		.4byte	0
  73 0021 00000000 		.4byte	.Ldebug_line0
  74 0025 02       		.uleb128 0x2
  75 0026 01       		.byte	0x1
  76 0027 06       		.byte	0x6
  77 0028 92010000 		.4byte	.LASF0
  78 002c 02       		.uleb128 0x2
  79 002d 01       		.byte	0x1
  80 002e 08       		.byte	0x8
  81 002f 2E000000 		.4byte	.LASF1
  82 0033 02       		.uleb128 0x2
  83 0034 02       		.byte	0x2
ARM GAS  C:\Users\DGILLI~1\AppData\Local\Temp\ccOa6OLa.s 			page 3


  84 0035 05       		.byte	0x5
  85 0036 AE010000 		.4byte	.LASF2
  86 003a 02       		.uleb128 0x2
  87 003b 02       		.byte	0x2
  88 003c 07       		.byte	0x7
  89 003d 0E000000 		.4byte	.LASF3
  90 0041 03       		.uleb128 0x3
  91 0042 9E010000 		.4byte	.LASF9
  92 0046 02       		.byte	0x2
  93 0047 3F       		.byte	0x3f
  94 0048 4C000000 		.4byte	0x4c
  95 004c 02       		.uleb128 0x2
  96 004d 04       		.byte	0x4
  97 004e 05       		.byte	0x5
  98 004f 32010000 		.4byte	.LASF4
  99 0053 02       		.uleb128 0x2
 100 0054 04       		.byte	0x4
 101 0055 07       		.byte	0x7
 102 0056 5B000000 		.4byte	.LASF5
 103 005a 02       		.uleb128 0x2
 104 005b 08       		.byte	0x8
 105 005c 05       		.byte	0x5
 106 005d 00000000 		.4byte	.LASF6
 107 0061 02       		.uleb128 0x2
 108 0062 08       		.byte	0x8
 109 0063 07       		.byte	0x7
 110 0064 76000000 		.4byte	.LASF7
 111 0068 04       		.uleb128 0x4
 112 0069 04       		.byte	0x4
 113 006a 05       		.byte	0x5
 114 006b 696E7400 		.ascii	"int\000"
 115 006f 02       		.uleb128 0x2
 116 0070 04       		.byte	0x4
 117 0071 07       		.byte	0x7
 118 0072 21000000 		.4byte	.LASF8
 119 0076 03       		.uleb128 0x3
 120 0077 B8010000 		.4byte	.LASF10
 121 007b 03       		.byte	0x3
 122 007c 2C       		.byte	0x2c
 123 007d 41000000 		.4byte	0x41
 124 0081 03       		.uleb128 0x3
 125 0082 41000000 		.4byte	.LASF11
 126 0086 04       		.byte	0x4
 127 0087 C2       		.byte	0xc2
 128 0088 2C000000 		.4byte	0x2c
 129 008c 02       		.uleb128 0x2
 130 008d 04       		.byte	0x4
 131 008e 04       		.byte	0x4
 132 008f A8010000 		.4byte	.LASF12
 133 0093 02       		.uleb128 0x2
 134 0094 08       		.byte	0x8
 135 0095 04       		.byte	0x4
 136 0096 3B010000 		.4byte	.LASF13
 137 009a 02       		.uleb128 0x2
 138 009b 01       		.byte	0x1
 139 009c 08       		.byte	0x8
 140 009d 2D010000 		.4byte	.LASF14
ARM GAS  C:\Users\DGILLI~1\AppData\Local\Temp\ccOa6OLa.s 			page 4


 141 00a1 02       		.uleb128 0x2
 142 00a2 04       		.byte	0x4
 143 00a3 07       		.byte	0x7
 144 00a4 C0010000 		.4byte	.LASF15
 145 00a8 05       		.uleb128 0x5
 146 00a9 3C000000 		.4byte	.LASF19
 147 00ad 01       		.byte	0x1
 148 00ae 16       		.byte	0x16
 149 00af 68000000 		.4byte	0x68
 150 00b3 00000000 		.4byte	.LFB63
 151 00b7 0E000000 		.4byte	.LFE63-.LFB63
 152 00bb 01       		.uleb128 0x1
 153 00bc 9C       		.byte	0x9c
 154 00bd D4000000 		.4byte	0xd4
 155 00c1 06       		.uleb128 0x6
 156 00c2 08000000 		.4byte	.LVL0
 157 00c6 E5000000 		.4byte	0xe5
 158 00ca 06       		.uleb128 0x6
 159 00cb 0C000000 		.4byte	.LVL1
 160 00cf F0000000 		.4byte	0xf0
 161 00d3 00       		.byte	0
 162 00d4 07       		.uleb128 0x7
 163 00d5 85010000 		.4byte	.LASF20
 164 00d9 05       		.byte	0x5
 165 00da 2A06     		.2byte	0x62a
 166 00dc E0000000 		.4byte	0xe0
 167 00e0 08       		.uleb128 0x8
 168 00e1 76000000 		.4byte	0x76
 169 00e5 09       		.uleb128 0x9
 170 00e6 1B010000 		.4byte	.LASF21
 171 00ea 06       		.byte	0x6
 172 00eb 28       		.byte	0x28
 173 00ec 81000000 		.4byte	0x81
 174 00f0 0A       		.uleb128 0xa
 175 00f1 47000000 		.4byte	.LASF22
 176 00f5 07       		.byte	0x7
 177 00f6 27       		.byte	0x27
 178 00f7 0B       		.uleb128 0xb
 179 00f8 81000000 		.4byte	0x81
 180 00fc 00       		.byte	0
 181 00fd 00       		.byte	0
 182              		.section	.debug_abbrev,"",%progbits
 183              	.Ldebug_abbrev0:
 184 0000 01       		.uleb128 0x1
 185 0001 11       		.uleb128 0x11
 186 0002 01       		.byte	0x1
 187 0003 25       		.uleb128 0x25
 188 0004 0E       		.uleb128 0xe
 189 0005 13       		.uleb128 0x13
 190 0006 0B       		.uleb128 0xb
 191 0007 03       		.uleb128 0x3
 192 0008 0E       		.uleb128 0xe
 193 0009 1B       		.uleb128 0x1b
 194 000a 0E       		.uleb128 0xe
 195 000b 55       		.uleb128 0x55
 196 000c 17       		.uleb128 0x17
 197 000d 11       		.uleb128 0x11
ARM GAS  C:\Users\DGILLI~1\AppData\Local\Temp\ccOa6OLa.s 			page 5


 198 000e 01       		.uleb128 0x1
 199 000f 10       		.uleb128 0x10
 200 0010 17       		.uleb128 0x17
 201 0011 00       		.byte	0
 202 0012 00       		.byte	0
 203 0013 02       		.uleb128 0x2
 204 0014 24       		.uleb128 0x24
 205 0015 00       		.byte	0
 206 0016 0B       		.uleb128 0xb
 207 0017 0B       		.uleb128 0xb
 208 0018 3E       		.uleb128 0x3e
 209 0019 0B       		.uleb128 0xb
 210 001a 03       		.uleb128 0x3
 211 001b 0E       		.uleb128 0xe
 212 001c 00       		.byte	0
 213 001d 00       		.byte	0
 214 001e 03       		.uleb128 0x3
 215 001f 16       		.uleb128 0x16
 216 0020 00       		.byte	0
 217 0021 03       		.uleb128 0x3
 218 0022 0E       		.uleb128 0xe
 219 0023 3A       		.uleb128 0x3a
 220 0024 0B       		.uleb128 0xb
 221 0025 3B       		.uleb128 0x3b
 222 0026 0B       		.uleb128 0xb
 223 0027 49       		.uleb128 0x49
 224 0028 13       		.uleb128 0x13
 225 0029 00       		.byte	0
 226 002a 00       		.byte	0
 227 002b 04       		.uleb128 0x4
 228 002c 24       		.uleb128 0x24
 229 002d 00       		.byte	0
 230 002e 0B       		.uleb128 0xb
 231 002f 0B       		.uleb128 0xb
 232 0030 3E       		.uleb128 0x3e
 233 0031 0B       		.uleb128 0xb
 234 0032 03       		.uleb128 0x3
 235 0033 08       		.uleb128 0x8
 236 0034 00       		.byte	0
 237 0035 00       		.byte	0
 238 0036 05       		.uleb128 0x5
 239 0037 2E       		.uleb128 0x2e
 240 0038 01       		.byte	0x1
 241 0039 3F       		.uleb128 0x3f
 242 003a 19       		.uleb128 0x19
 243 003b 03       		.uleb128 0x3
 244 003c 0E       		.uleb128 0xe
 245 003d 3A       		.uleb128 0x3a
 246 003e 0B       		.uleb128 0xb
 247 003f 3B       		.uleb128 0x3b
 248 0040 0B       		.uleb128 0xb
 249 0041 49       		.uleb128 0x49
 250 0042 13       		.uleb128 0x13
 251 0043 11       		.uleb128 0x11
 252 0044 01       		.uleb128 0x1
 253 0045 12       		.uleb128 0x12
 254 0046 06       		.uleb128 0x6
ARM GAS  C:\Users\DGILLI~1\AppData\Local\Temp\ccOa6OLa.s 			page 6


 255 0047 40       		.uleb128 0x40
 256 0048 18       		.uleb128 0x18
 257 0049 9742     		.uleb128 0x2117
 258 004b 19       		.uleb128 0x19
 259 004c 01       		.uleb128 0x1
 260 004d 13       		.uleb128 0x13
 261 004e 00       		.byte	0
 262 004f 00       		.byte	0
 263 0050 06       		.uleb128 0x6
 264 0051 898201   		.uleb128 0x4109
 265 0054 00       		.byte	0
 266 0055 11       		.uleb128 0x11
 267 0056 01       		.uleb128 0x1
 268 0057 31       		.uleb128 0x31
 269 0058 13       		.uleb128 0x13
 270 0059 00       		.byte	0
 271 005a 00       		.byte	0
 272 005b 07       		.uleb128 0x7
 273 005c 34       		.uleb128 0x34
 274 005d 00       		.byte	0
 275 005e 03       		.uleb128 0x3
 276 005f 0E       		.uleb128 0xe
 277 0060 3A       		.uleb128 0x3a
 278 0061 0B       		.uleb128 0xb
 279 0062 3B       		.uleb128 0x3b
 280 0063 05       		.uleb128 0x5
 281 0064 49       		.uleb128 0x49
 282 0065 13       		.uleb128 0x13
 283 0066 3F       		.uleb128 0x3f
 284 0067 19       		.uleb128 0x19
 285 0068 3C       		.uleb128 0x3c
 286 0069 19       		.uleb128 0x19
 287 006a 00       		.byte	0
 288 006b 00       		.byte	0
 289 006c 08       		.uleb128 0x8
 290 006d 35       		.uleb128 0x35
 291 006e 00       		.byte	0
 292 006f 49       		.uleb128 0x49
 293 0070 13       		.uleb128 0x13
 294 0071 00       		.byte	0
 295 0072 00       		.byte	0
 296 0073 09       		.uleb128 0x9
 297 0074 2E       		.uleb128 0x2e
 298 0075 00       		.byte	0
 299 0076 3F       		.uleb128 0x3f
 300 0077 19       		.uleb128 0x19
 301 0078 03       		.uleb128 0x3
 302 0079 0E       		.uleb128 0xe
 303 007a 3A       		.uleb128 0x3a
 304 007b 0B       		.uleb128 0xb
 305 007c 3B       		.uleb128 0x3b
 306 007d 0B       		.uleb128 0xb
 307 007e 27       		.uleb128 0x27
 308 007f 19       		.uleb128 0x19
 309 0080 49       		.uleb128 0x49
 310 0081 13       		.uleb128 0x13
 311 0082 3C       		.uleb128 0x3c
ARM GAS  C:\Users\DGILLI~1\AppData\Local\Temp\ccOa6OLa.s 			page 7


 312 0083 19       		.uleb128 0x19
 313 0084 00       		.byte	0
 314 0085 00       		.byte	0
 315 0086 0A       		.uleb128 0xa
 316 0087 2E       		.uleb128 0x2e
 317 0088 01       		.byte	0x1
 318 0089 3F       		.uleb128 0x3f
 319 008a 19       		.uleb128 0x19
 320 008b 03       		.uleb128 0x3
 321 008c 0E       		.uleb128 0xe
 322 008d 3A       		.uleb128 0x3a
 323 008e 0B       		.uleb128 0xb
 324 008f 3B       		.uleb128 0x3b
 325 0090 0B       		.uleb128 0xb
 326 0091 27       		.uleb128 0x27
 327 0092 19       		.uleb128 0x19
 328 0093 3C       		.uleb128 0x3c
 329 0094 19       		.uleb128 0x19
 330 0095 00       		.byte	0
 331 0096 00       		.byte	0
 332 0097 0B       		.uleb128 0xb
 333 0098 05       		.uleb128 0x5
 334 0099 00       		.byte	0
 335 009a 49       		.uleb128 0x49
 336 009b 13       		.uleb128 0x13
 337 009c 00       		.byte	0
 338 009d 00       		.byte	0
 339 009e 00       		.byte	0
 340              		.section	.debug_aranges,"",%progbits
 341 0000 1C000000 		.4byte	0x1c
 342 0004 0200     		.2byte	0x2
 343 0006 00000000 		.4byte	.Ldebug_info0
 344 000a 04       		.byte	0x4
 345 000b 00       		.byte	0
 346 000c 0000     		.2byte	0
 347 000e 0000     		.2byte	0
 348 0010 00000000 		.4byte	.LFB63
 349 0014 0E000000 		.4byte	.LFE63-.LFB63
 350 0018 00000000 		.4byte	0
 351 001c 00000000 		.4byte	0
 352              		.section	.debug_ranges,"",%progbits
 353              	.Ldebug_ranges0:
 354 0000 00000000 		.4byte	.LFB63
 355 0004 0E000000 		.4byte	.LFE63
 356 0008 00000000 		.4byte	0
 357 000c 00000000 		.4byte	0
 358              		.section	.debug_line,"",%progbits
 359              	.Ldebug_line0:
 360 0000 8E010000 		.section	.debug_str,"MS",%progbits,1
 360      02006E01 
 360      00000201 
 360      FB0E0D00 
 360      01010101 
 361              	.LASF6:
 362 0000 6C6F6E67 		.ascii	"long long int\000"
 362      206C6F6E 
 362      6720696E 
ARM GAS  C:\Users\DGILLI~1\AppData\Local\Temp\ccOa6OLa.s 			page 8


 362      7400
 363              	.LASF3:
 364 000e 73686F72 		.ascii	"short unsigned int\000"
 364      7420756E 
 364      7369676E 
 364      65642069 
 364      6E7400
 365              	.LASF8:
 366 0021 756E7369 		.ascii	"unsigned int\000"
 366      676E6564 
 366      20696E74 
 366      00
 367              	.LASF1:
 368 002e 756E7369 		.ascii	"unsigned char\000"
 368      676E6564 
 368      20636861 
 368      7200
 369              	.LASF19:
 370 003c 6D61696E 		.ascii	"main\000"
 370      00
 371              	.LASF11:
 372 0041 75696E74 		.ascii	"uint8\000"
 372      3800
 373              	.LASF22:
 374 0047 436F6E74 		.ascii	"Control_Reg_1_Write\000"
 374      726F6C5F 
 374      5265675F 
 374      315F5772 
 374      69746500 
 375              	.LASF5:
 376 005b 6C6F6E67 		.ascii	"long unsigned int\000"
 376      20756E73 
 376      69676E65 
 376      6420696E 
 376      7400
 377              	.LASF17:
 378 006d 2E5C6D61 		.ascii	".\\main.c\000"
 378      696E2E63 
 378      00
 379              	.LASF7:
 380 0076 6C6F6E67 		.ascii	"long long unsigned int\000"
 380      206C6F6E 
 380      6720756E 
 380      7369676E 
 380      65642069 
 381              	.LASF16:
 382 008d 474E5520 		.ascii	"GNU C 4.9.3 20150303 (release) [ARM/embedded-4_9-br"
 382      4320342E 
 382      392E3320 
 382      32303135 
 382      30333033 
 383 00c0 616E6368 		.ascii	"anch revision 221220] -mcpu=cortex-m3 -mthumb -g -O"
 383      20726576 
 383      6973696F 
 383      6E203232 
 383      31323230 
 384 00f3 67202D66 		.ascii	"g -ffunction-sections -ffat-lto-objects\000"
ARM GAS  C:\Users\DGILLI~1\AppData\Local\Temp\ccOa6OLa.s 			page 9


 384      66756E63 
 384      74696F6E 
 384      2D736563 
 384      74696F6E 
 385              	.LASF21:
 386 011b 53746174 		.ascii	"Status_Reg_1_Read\000"
 386      75735F52 
 386      65675F31 
 386      5F526561 
 386      6400
 387              	.LASF14:
 388 012d 63686172 		.ascii	"char\000"
 388      00
 389              	.LASF4:
 390 0132 6C6F6E67 		.ascii	"long int\000"
 390      20696E74 
 390      00
 391              	.LASF13:
 392 013b 646F7562 		.ascii	"double\000"
 392      6C6500
 393              	.LASF18:
 394 0142 433A5C55 		.ascii	"C:\\Users\\DGilliland\\Documents\\GitHub\\LB-RPPSOC"
 394      73657273 
 394      5C444769 
 394      6C6C696C 
 394      616E645C 
 395 0170 5C525050 		.ascii	"\\RPPSOC-Blink5.cydsn\000"
 395      534F432D 
 395      426C696E 
 395      6B352E63 
 395      7964736E 
 396              	.LASF20:
 397 0185 49544D5F 		.ascii	"ITM_RxBuffer\000"
 397      52784275 
 397      66666572 
 397      00
 398              	.LASF0:
 399 0192 7369676E 		.ascii	"signed char\000"
 399      65642063 
 399      68617200 
 400              	.LASF9:
 401 019e 5F5F696E 		.ascii	"__int32_t\000"
 401      7433325F 
 401      7400
 402              	.LASF12:
 403 01a8 666C6F61 		.ascii	"float\000"
 403      7400
 404              	.LASF2:
 405 01ae 73686F72 		.ascii	"short int\000"
 405      7420696E 
 405      7400
 406              	.LASF10:
 407 01b8 696E7433 		.ascii	"int32_t\000"
 407      325F7400 
 408              	.LASF15:
 409 01c0 73697A65 		.ascii	"sizetype\000"
 409      74797065 
ARM GAS  C:\Users\DGILLI~1\AppData\Local\Temp\ccOa6OLa.s 			page 10


 409      00
 410              		.ident	"GCC: (GNU Tools for ARM Embedded Processors) 4.9.3 20150303 (release) [ARM/embedded-4_9-br
