ARM GAS  C:\Users\doug_000\AppData\Local\Temp\ccPGBYwB.s 			page 1


   1              		.syntax unified
   2              		.cpu cortex-m3
   3              		.fpu softvfp
   4              		.eabi_attribute 20, 1
   5              		.eabi_attribute 21, 1
   6              		.eabi_attribute 23, 3
   7              		.eabi_attribute 24, 1
   8              		.eabi_attribute 25, 1
   9              		.eabi_attribute 26, 1
  10              		.eabi_attribute 30, 1
  11              		.eabi_attribute 34, 1
  12              		.eabi_attribute 18, 4
  13              		.thumb
  14              		.file	"cymetadata.c"
  15              		.text
  16              	.Ltext0:
  17              		.cfi_sections	.debug_frame
  18              		.global	cy_metadata
  19              		.global	cy_meta_flashprotect
  20              		.global	cy_meta_wonvl
  21              		.global	cy_meta_custnvl
  22              		.global	cy_meta_configecc
  23              		.section	.cyconfigecc,"a",%progbits
  24              		.align	2
  25              		.type	cy_meta_configecc, %object
  26              		.size	cy_meta_configecc, 1228
  27              	cy_meta_configecc:
  28 0000 11       		.byte	17
  29 0001 52       		.byte	82
  30 0002 00       		.byte	0
  31 0003 40       		.byte	64
  32 0004 05       		.byte	5
  33 0005 03       		.byte	3
  34 0006 01       		.byte	1
  35 0007 40       		.byte	64
  36 0008 1A       		.byte	26
  37 0009 04       		.byte	4
  38 000a 01       		.byte	1
  39 000b 40       		.byte	64
  40 000c 12       		.byte	18
  41 000d 05       		.byte	5
  42 000e 01       		.byte	1
  43 000f 40       		.byte	64
  44 0010 3D       		.byte	61
  45 0011 06       		.byte	6
  46 0012 01       		.byte	1
  47 0013 40       		.byte	64
  48 0014 38       		.byte	56
  49 0015 07       		.byte	7
  50 0016 01       		.byte	1
  51 0017 40       		.byte	64
  52 0018 01       		.byte	1
  53 0019 09       		.byte	9
  54 001a 01       		.byte	1
  55 001b 40       		.byte	64
  56 001c 07       		.byte	7
  57 001d 15       		.byte	21
ARM GAS  C:\Users\doug_000\AppData\Local\Temp\ccPGBYwB.s 			page 2


  58 001e 01       		.byte	1
  59 001f 40       		.byte	64
  60 0020 41       		.byte	65
  61 0021 16       		.byte	22
  62 0022 01       		.byte	1
  63 0023 40       		.byte	64
  64 0024 37       		.byte	55
  65 0025 17       		.byte	23
  66 0026 01       		.byte	1
  67 0027 40       		.byte	64
  68 0028 01       		.byte	1
  69 0029 1B       		.byte	27
  70 002a 01       		.byte	1
  71 002b 40       		.byte	64
  72 002c 09       		.byte	9
  73 002d 40       		.byte	64
  74 002e 01       		.byte	1
  75 002f 40       		.byte	64
  76 0030 13       		.byte	19
  77 0031 41       		.byte	65
  78 0032 01       		.byte	1
  79 0033 40       		.byte	64
  80 0034 0F       		.byte	15
  81 0035 42       		.byte	66
  82 0036 01       		.byte	1
  83 0037 40       		.byte	64
  84 0038 14       		.byte	20
  85 0039 43       		.byte	67
  86 003a 01       		.byte	1
  87 003b 40       		.byte	64
  88 003c 0E       		.byte	14
  89 003d 44       		.byte	68
  90 003e 01       		.byte	1
  91 003f 40       		.byte	64
  92 0040 10       		.byte	16
  93 0041 45       		.byte	69
  94 0042 01       		.byte	1
  95 0043 40       		.byte	64
  96 0044 05       		.byte	5
  97 0045 46       		.byte	70
  98 0046 01       		.byte	1
  99 0047 40       		.byte	64
 100 0048 07       		.byte	7
 101 0049 47       		.byte	71
 102 004a 01       		.byte	1
 103 004b 40       		.byte	64
 104 004c 1A       		.byte	26
 105 004d 48       		.byte	72
 106 004e 01       		.byte	1
 107 004f 40       		.byte	64
 108 0050 1E       		.byte	30
 109 0051 49       		.byte	73
 110 0052 01       		.byte	1
 111 0053 40       		.byte	64
 112 0054 11       		.byte	17
 113 0055 4C       		.byte	76
 114 0056 01       		.byte	1
ARM GAS  C:\Users\doug_000\AppData\Local\Temp\ccPGBYwB.s 			page 3


 115 0057 40       		.byte	64
 116 0058 14       		.byte	20
 117 0059 4D       		.byte	77
 118 005a 01       		.byte	1
 119 005b 40       		.byte	64
 120 005c 02       		.byte	2
 121 005d 50       		.byte	80
 122 005e 01       		.byte	1
 123 005f 40       		.byte	64
 124 0060 01       		.byte	1
 125 0061 51       		.byte	81
 126 0062 01       		.byte	1
 127 0063 40       		.byte	64
 128 0064 00       		.byte	0
 129 0065 C5       		.byte	-59
 130 0066 01       		.byte	1
 131 0067 5C       		.byte	92
 132 0068 0C       		.byte	12
 133 0069 E0       		.byte	-32
 134 006a 10       		.byte	16
 135 006b 38       		.byte	56
 136 006c 11       		.byte	17
 137 006d 6A       		.byte	106
 138 006e 14       		.byte	20
 139 006f 81       		.byte	-127
 140 0070 18       		.byte	24
 141 0071 36       		.byte	54
 142 0072 19       		.byte	25
 143 0073 55       		.byte	85
 144 0074 20       		.byte	32
 145 0075 3C       		.byte	60
 146 0076 21       		.byte	33
 147 0077 15       		.byte	21
 148 0078 29       		.byte	41
 149 0079 20       		.byte	32
 150 007a 2C       		.byte	44
 151 007b C1       		.byte	-63
 152 007c 30       		.byte	48
 153 007d 40       		.byte	64
 154 007e 31       		.byte	49
 155 007f 80       		.byte	-128
 156 0080 34       		.byte	52
 157 0081 30       		.byte	48
 158 0082 78       		.byte	120
 159 0083 05       		.byte	5
 160 0084 79       		.byte	121
 161 0085 09       		.byte	9
 162 0086 83       		.byte	-125
 163 0087 04       		.byte	4
 164 0088 8D       		.byte	-115
 165 0089 20       		.byte	32
 166 008a A5       		.byte	-91
 167 008b 04       		.byte	4
 168 008c A9       		.byte	-87
 169 008d 04       		.byte	4
 170 008e E6       		.byte	-26
 171 008f 40       		.byte	64
ARM GAS  C:\Users\doug_000\AppData\Local\Temp\ccPGBYwB.s 			page 4


 172 0090 00       		.byte	0
 173 0091 04       		.byte	4
 174 0092 02       		.byte	2
 175 0093 12       		.byte	18
 176 0094 0C       		.byte	12
 177 0095 08       		.byte	8
 178 0096 0E       		.byte	14
 179 0097 13       		.byte	19
 180 0098 16       		.byte	22
 181 0099 05       		.byte	5
 182 009a 1A       		.byte	26
 183 009b 15       		.byte	21
 184 009c 30       		.byte	48
 185 009d 0C       		.byte	12
 186 009e 32       		.byte	50
 187 009f 11       		.byte	17
 188 00a0 34       		.byte	52
 189 00a1 03       		.byte	3
 190 00a2 3A       		.byte	58
 191 00a3 EB       		.byte	-21
 192 00a4 58       		.byte	88
 193 00a5 04       		.byte	4
 194 00a6 5B       		.byte	91
 195 00a7 04       		.byte	4
 196 00a8 5F       		.byte	95
 197 00a9 01       		.byte	1
 198 00aa 91       		.byte	-111
 199 00ab 08       		.byte	8
 200 00ac 9B       		.byte	-101
 201 00ad 0E       		.byte	14
 202 00ae 9D       		.byte	-99
 203 00af 08       		.byte	8
 204 00b0 9F       		.byte	-97
 205 00b1 04       		.byte	4
 206 00b2 AF       		.byte	-81
 207 00b3 0F       		.byte	15
 208 00b4 B1       		.byte	-79
 209 00b5 02       		.byte	2
 210 00b6 B3       		.byte	-77
 211 00b7 01       		.byte	1
 212 00b8 B5       		.byte	-75
 213 00b9 08       		.byte	8
 214 00ba B7       		.byte	-73
 215 00bb 04       		.byte	4
 216 00bc BB       		.byte	-69
 217 00bd 8A       		.byte	-118
 218 00be BF       		.byte	-65
 219 00bf 10       		.byte	16
 220 00c0 D9       		.byte	-39
 221 00c1 04       		.byte	4
 222 00c2 DF       		.byte	-33
 223 00c3 01       		.byte	1
 224 00c4 01       		.byte	1
 225 00c5 82       		.byte	-126
 226 00c6 0A       		.byte	10
 227 00c7 14       		.byte	20
 228 00c8 19       		.byte	25
ARM GAS  C:\Users\doug_000\AppData\Local\Temp\ccPGBYwB.s 			page 5


 229 00c9 82       		.byte	-126
 230 00ca 1A       		.byte	26
 231 00cb 14       		.byte	20
 232 00cc 24       		.byte	36
 233 00cd 20       		.byte	32
 234 00ce 25       		.byte	37
 235 00cf 20       		.byte	32
 236 00d0 27       		.byte	39
 237 00d1 A1       		.byte	-95
 238 00d2 2D       		.byte	45
 239 00d3 80       		.byte	-128
 240 00d4 34       		.byte	52
 241 00d5 40       		.byte	64
 242 00d6 37       		.byte	55
 243 00d7 A1       		.byte	-95
 244 00d8 68       		.byte	104
 245 00d9 02       		.byte	2
 246 00da 87       		.byte	-121
 247 00db 02       		.byte	2
 248 00dc A5       		.byte	-91
 249 00dd 24       		.byte	36
 250 00de A7       		.byte	-89
 251 00df 04       		.byte	4
 252 00e0 C0       		.byte	-64
 253 00e1 09       		.byte	9
 254 00e2 C2       		.byte	-62
 255 00e3 06       		.byte	6
 256 00e4 CA       		.byte	-54
 257 00e5 10       		.byte	16
 258 00e6 CC       		.byte	-52
 259 00e7 B0       		.byte	-80
 260 00e8 02       		.byte	2
 261 00e9 04       		.byte	4
 262 00ea 05       		.byte	5
 263 00eb 04       		.byte	4
 264 00ec 09       		.byte	9
 265 00ed 04       		.byte	4
 266 00ee 0A       		.byte	10
 267 00ef 0B       		.byte	11
 268 00f0 0C       		.byte	12
 269 00f1 0F       		.byte	15
 270 00f2 10       		.byte	16
 271 00f3 03       		.byte	3
 272 00f4 11       		.byte	17
 273 00f5 03       		.byte	3
 274 00f6 12       		.byte	18
 275 00f7 08       		.byte	8
 276 00f8 13       		.byte	19
 277 00f9 08       		.byte	8
 278 00fa 14       		.byte	20
 279 00fb 04       		.byte	4
 280 00fc 18       		.byte	24
 281 00fd 04       		.byte	4
 282 00fe 19       		.byte	25
 283 00ff 0B       		.byte	11
 284 0100 1D       		.byte	29
 285 0101 08       		.byte	8
ARM GAS  C:\Users\doug_000\AppData\Local\Temp\ccPGBYwB.s 			page 6


 286 0102 1F       		.byte	31
 287 0103 03       		.byte	3
 288 0104 20       		.byte	32
 289 0105 01       		.byte	1
 290 0106 21       		.byte	33
 291 0107 04       		.byte	4
 292 0108 22       		.byte	34
 293 0109 0A       		.byte	10
 294 010a 2D       		.byte	45
 295 010b 05       		.byte	5
 296 010c 2F       		.byte	47
 297 010d 0A       		.byte	10
 298 010e 30       		.byte	48
 299 010f 01       		.byte	1
 300 0110 31       		.byte	49
 301 0111 04       		.byte	4
 302 0112 32       		.byte	50
 303 0113 02       		.byte	2
 304 0114 33       		.byte	51
 305 0115 08       		.byte	8
 306 0116 34       		.byte	52
 307 0117 04       		.byte	4
 308 0118 35       		.byte	53
 309 0119 02       		.byte	2
 310 011a 36       		.byte	54
 311 011b 08       		.byte	8
 312 011c 37       		.byte	55
 313 011d 01       		.byte	1
 314 011e 3E       		.byte	62
 315 011f 55       		.byte	85
 316 0120 3F       		.byte	63
 317 0121 55       		.byte	85
 318 0122 58       		.byte	88
 319 0123 04       		.byte	4
 320 0124 59       		.byte	89
 321 0125 04       		.byte	4
 322 0126 5F       		.byte	95
 323 0127 01       		.byte	1
 324 0128 82       		.byte	-126
 325 0129 08       		.byte	8
 326 012a 87       		.byte	-121
 327 012b 02       		.byte	2
 328 012c 89       		.byte	-119
 329 012d 01       		.byte	1
 330 012e 8C       		.byte	-116
 331 012f 0B       		.byte	11
 332 0130 8E       		.byte	-114
 333 0131 04       		.byte	4
 334 0132 91       		.byte	-111
 335 0133 01       		.byte	1
 336 0134 92       		.byte	-110
 337 0135 07       		.byte	7
 338 0136 96       		.byte	-106
 339 0137 08       		.byte	8
 340 0138 98       		.byte	-104
 341 0139 08       		.byte	8
 342 013a 9C       		.byte	-100
ARM GAS  C:\Users\doug_000\AppData\Local\Temp\ccPGBYwB.s 			page 7


 343 013b 01       		.byte	1
 344 013c 9D       		.byte	-99
 345 013d 01       		.byte	1
 346 013e 9E       		.byte	-98
 347 013f 06       		.byte	6
 348 0140 A1       		.byte	-95
 349 0141 02       		.byte	2
 350 0142 A7       		.byte	-89
 351 0143 02       		.byte	2
 352 0144 A8       		.byte	-88
 353 0145 03       		.byte	3
 354 0146 AA       		.byte	-86
 355 0147 04       		.byte	4
 356 0148 AD       		.byte	-83
 357 0149 01       		.byte	1
 358 014a AF       		.byte	-81
 359 014b 02       		.byte	2
 360 014c B0       		.byte	-80
 361 014d 04       		.byte	4
 362 014e B2       		.byte	-78
 363 014f 01       		.byte	1
 364 0150 B3       		.byte	-77
 365 0151 01       		.byte	1
 366 0152 B4       		.byte	-76
 367 0153 02       		.byte	2
 368 0154 B5       		.byte	-75
 369 0155 02       		.byte	2
 370 0156 B6       		.byte	-74
 371 0157 08       		.byte	8
 372 0158 BE       		.byte	-66
 373 0159 55       		.byte	85
 374 015a BF       		.byte	-65
 375 015b 14       		.byte	20
 376 015c D8       		.byte	-40
 377 015d 04       		.byte	4
 378 015e D9       		.byte	-39
 379 015f 04       		.byte	4
 380 0160 DF       		.byte	-33
 381 0161 01       		.byte	1
 382 0162 01       		.byte	1
 383 0163 82       		.byte	-126
 384 0164 04       		.byte	4
 385 0165 20       		.byte	32
 386 0166 05       		.byte	5
 387 0167 82       		.byte	-126
 388 0168 08       		.byte	8
 389 0169 41       		.byte	65
 390 016a 0A       		.byte	10
 391 016b 14       		.byte	20
 392 016c 0C       		.byte	12
 393 016d 01       		.byte	1
 394 016e 0E       		.byte	14
 395 016f 14       		.byte	20
 396 0170 0F       		.byte	15
 397 0171 20       		.byte	32
 398 0172 13       		.byte	19
 399 0173 20       		.byte	32
ARM GAS  C:\Users\doug_000\AppData\Local\Temp\ccPGBYwB.s 			page 8


 400 0174 14       		.byte	20
 401 0175 40       		.byte	64
 402 0176 18       		.byte	24
 403 0177 08       		.byte	8
 404 0178 19       		.byte	25
 405 0179 01       		.byte	1
 406 017a 1B       		.byte	27
 407 017b 84       		.byte	-124
 408 017c 1D       		.byte	29
 409 017d A0       		.byte	-96
 410 017e 1F       		.byte	31
 411 017f 06       		.byte	6
 412 0180 20       		.byte	32
 413 0181 20       		.byte	32
 414 0182 23       		.byte	35
 415 0183 08       		.byte	8
 416 0184 24       		.byte	36
 417 0185 02       		.byte	2
 418 0186 25       		.byte	37
 419 0187 05       		.byte	5
 420 0188 26       		.byte	38
 421 0189 10       		.byte	16
 422 018a 29       		.byte	41
 423 018b 82       		.byte	-126
 424 018c 2B       		.byte	43
 425 018d 10       		.byte	16
 426 018e 2D       		.byte	45
 427 018f 82       		.byte	-126
 428 0190 30       		.byte	48
 429 0191 41       		.byte	65
 430 0192 33       		.byte	51
 431 0193 01       		.byte	1
 432 0194 34       		.byte	52
 433 0195 40       		.byte	64
 434 0196 37       		.byte	55
 435 0197 21       		.byte	33
 436 0198 38       		.byte	56
 437 0199 20       		.byte	32
 438 019a 39       		.byte	57
 439 019b 04       		.byte	4
 440 019c 3D       		.byte	61
 441 019d 04       		.byte	4
 442 019e 3E       		.byte	62
 443 019f 14       		.byte	20
 444 01a0 80       		.byte	-128
 445 01a1 01       		.byte	1
 446 01a2 81       		.byte	-127
 447 01a3 01       		.byte	1
 448 01a4 84       		.byte	-124
 449 01a5 10       		.byte	16
 450 01a6 86       		.byte	-122
 451 01a7 10       		.byte	16
 452 01a8 89       		.byte	-119
 453 01a9 20       		.byte	32
 454 01aa 8D       		.byte	-115
 455 01ab 81       		.byte	-127
 456 01ac 8F       		.byte	-113
ARM GAS  C:\Users\doug_000\AppData\Local\Temp\ccPGBYwB.s 			page 9


 457 01ad 01       		.byte	1
 458 01ae 90       		.byte	-112
 459 01af 20       		.byte	32
 460 01b0 92       		.byte	-110
 461 01b1 14       		.byte	20
 462 01b2 94       		.byte	-108
 463 01b3 08       		.byte	8
 464 01b4 98       		.byte	-104
 465 01b5 40       		.byte	64
 466 01b6 99       		.byte	-103
 467 01b7 82       		.byte	-126
 468 01b8 9B       		.byte	-101
 469 01b9 21       		.byte	33
 470 01ba A5       		.byte	-91
 471 01bb 04       		.byte	4
 472 01bc A7       		.byte	-89
 473 01bd 06       		.byte	6
 474 01be A8       		.byte	-88
 475 01bf 06       		.byte	6
 476 01c0 C0       		.byte	-64
 477 01c1 D9       		.byte	-39
 478 01c2 C2       		.byte	-62
 479 01c3 7F       		.byte	127
 480 01c4 C4       		.byte	-60
 481 01c5 12       		.byte	18
 482 01c6 CA       		.byte	-54
 483 01c7 9B       		.byte	-101
 484 01c8 CC       		.byte	-52
 485 01c9 B9       		.byte	-71
 486 01ca CE       		.byte	-50
 487 01cb 66       		.byte	102
 488 01cc E2       		.byte	-30
 489 01cd 50       		.byte	80
 490 01ce E6       		.byte	-26
 491 01cf C0       		.byte	-64
 492 01d0 E8       		.byte	-24
 493 01d1 04       		.byte	4
 494 01d2 E8       		.byte	-24
 495 01d3 04       		.byte	4
 496 01d4 81       		.byte	-127
 497 01d5 04       		.byte	4
 498 01d6 A1       		.byte	-95
 499 01d7 04       		.byte	4
 500 01d8 AF       		.byte	-81
 501 01d9 40       		.byte	64
 502 01da B1       		.byte	-79
 503 01db 88       		.byte	-120
 504 01dc B7       		.byte	-73
 505 01dd 22       		.byte	34
 506 01de EA       		.byte	-22
 507 01df 62       		.byte	98
 508 01e0 EE       		.byte	-18
 509 01e1 60       		.byte	96
 510 01e2 00       		.byte	0
 511 01e3 0B       		.byte	11
 512 01e4 07       		.byte	7
 513 01e5 09       		.byte	9
ARM GAS  C:\Users\doug_000\AppData\Local\Temp\ccPGBYwB.s 			page 10


 514 01e6 09       		.byte	9
 515 01e7 09       		.byte	9
 516 01e8 0A       		.byte	10
 517 01e9 04       		.byte	4
 518 01ea 0C       		.byte	12
 519 01eb 0B       		.byte	11
 520 01ec 0E       		.byte	14
 521 01ed 04       		.byte	4
 522 01ee 10       		.byte	16
 523 01ef 04       		.byte	4
 524 01f0 13       		.byte	19
 525 01f1 06       		.byte	6
 526 01f2 14       		.byte	20
 527 01f3 01       		.byte	1
 528 01f4 16       		.byte	22
 529 01f5 0A       		.byte	10
 530 01f6 18       		.byte	24
 531 01f7 08       		.byte	8
 532 01f8 1A       		.byte	26
 533 01f9 03       		.byte	3
 534 01fa 1D       		.byte	29
 535 01fb 04       		.byte	4
 536 01fc 1F       		.byte	31
 537 01fd 02       		.byte	2
 538 01fe 21       		.byte	33
 539 01ff 08       		.byte	8
 540 0200 22       		.byte	34
 541 0201 04       		.byte	4
 542 0202 23       		.byte	35
 543 0203 01       		.byte	1
 544 0204 25       		.byte	37
 545 0205 02       		.byte	2
 546 0206 27       		.byte	39
 547 0207 04       		.byte	4
 548 0208 2D       		.byte	45
 549 0209 04       		.byte	4
 550 020a 2F       		.byte	47
 551 020b 0B       		.byte	11
 552 020c 30       		.byte	48
 553 020d 04       		.byte	4
 554 020e 31       		.byte	49
 555 020f 01       		.byte	1
 556 0210 32       		.byte	50
 557 0211 08       		.byte	8
 558 0212 33       		.byte	51
 559 0213 08       		.byte	8
 560 0214 34       		.byte	52
 561 0215 02       		.byte	2
 562 0216 35       		.byte	53
 563 0217 04       		.byte	4
 564 0218 36       		.byte	54
 565 0219 01       		.byte	1
 566 021a 37       		.byte	55
 567 021b 02       		.byte	2
 568 021c 3E       		.byte	62
 569 021d 55       		.byte	85
 570 021e 3F       		.byte	63
ARM GAS  C:\Users\doug_000\AppData\Local\Temp\ccPGBYwB.s 			page 11


 571 021f 55       		.byte	85
 572 0220 58       		.byte	88
 573 0221 04       		.byte	4
 574 0222 59       		.byte	89
 575 0223 04       		.byte	4
 576 0224 5F       		.byte	95
 577 0225 01       		.byte	1
 578 0226 80       		.byte	-128
 579 0227 05       		.byte	5
 580 0228 82       		.byte	-126
 581 0229 02       		.byte	2
 582 022a 85       		.byte	-123
 583 022b 02       		.byte	2
 584 022c 87       		.byte	-121
 585 022d 04       		.byte	4
 586 022e 89       		.byte	-119
 587 022f 01       		.byte	1
 588 0230 8E       		.byte	-114
 589 0231 0F       		.byte	15
 590 0232 91       		.byte	-111
 591 0233 01       		.byte	1
 592 0234 92       		.byte	-110
 593 0235 08       		.byte	8
 594 0236 94       		.byte	-108
 595 0237 03       		.byte	3
 596 0238 96       		.byte	-106
 597 0239 04       		.byte	4
 598 023a 98       		.byte	-104
 599 023b 07       		.byte	7
 600 023c 9C       		.byte	-100
 601 023d 08       		.byte	8
 602 023e 9D       		.byte	-99
 603 023f 01       		.byte	1
 604 0240 A3       		.byte	-93
 605 0241 06       		.byte	6
 606 0242 A5       		.byte	-91
 607 0243 04       		.byte	4
 608 0244 A6       		.byte	-90
 609 0245 08       		.byte	8
 610 0246 A7       		.byte	-89
 611 0247 02       		.byte	2
 612 0248 AD       		.byte	-83
 613 0249 04       		.byte	4
 614 024a AF       		.byte	-81
 615 024b 03       		.byte	3
 616 024c B0       		.byte	-80
 617 024d 01       		.byte	1
 618 024e B2       		.byte	-78
 619 024f 04       		.byte	4
 620 0250 B3       		.byte	-77
 621 0251 04       		.byte	4
 622 0252 B4       		.byte	-76
 623 0253 02       		.byte	2
 624 0254 B5       		.byte	-75
 625 0255 01       		.byte	1
 626 0256 B6       		.byte	-74
 627 0257 08       		.byte	8
ARM GAS  C:\Users\doug_000\AppData\Local\Temp\ccPGBYwB.s 			page 12


 628 0258 B7       		.byte	-73
 629 0259 02       		.byte	2
 630 025a BE       		.byte	-66
 631 025b 55       		.byte	85
 632 025c BF       		.byte	-65
 633 025d 54       		.byte	84
 634 025e D8       		.byte	-40
 635 025f 04       		.byte	4
 636 0260 D9       		.byte	-39
 637 0261 04       		.byte	4
 638 0262 DF       		.byte	-33
 639 0263 01       		.byte	1
 640 0264 01       		.byte	1
 641 0265 82       		.byte	-126
 642 0266 04       		.byte	4
 643 0267 20       		.byte	32
 644 0268 05       		.byte	5
 645 0269 82       		.byte	-126
 646 026a 06       		.byte	6
 647 026b 08       		.byte	8
 648 026c 07       		.byte	7
 649 026d 08       		.byte	8
 650 026e 08       		.byte	8
 651 026f 41       		.byte	65
 652 0270 0A       		.byte	10
 653 0271 14       		.byte	20
 654 0272 0C       		.byte	12
 655 0273 01       		.byte	1
 656 0274 0E       		.byte	14
 657 0275 14       		.byte	20
 658 0276 0F       		.byte	15
 659 0277 20       		.byte	32
 660 0278 13       		.byte	19
 661 0279 08       		.byte	8
 662 027a 14       		.byte	20
 663 027b 40       		.byte	64
 664 027c 18       		.byte	24
 665 027d 02       		.byte	2
 666 027e 1A       		.byte	26
 667 027f 08       		.byte	8
 668 0280 1B       		.byte	27
 669 0281 0A       		.byte	10
 670 0282 1D       		.byte	29
 671 0283 04       		.byte	4
 672 0284 1F       		.byte	31
 673 0285 61       		.byte	97
 674 0286 20       		.byte	32
 675 0287 08       		.byte	8
 676 0288 21       		.byte	33
 677 0289 88       		.byte	-120
 678 028a 24       		.byte	36
 679 028b 84       		.byte	-124
 680 028c 25       		.byte	37
 681 028d 44       		.byte	68
 682 028e 29       		.byte	41
 683 028f 82       		.byte	-126
 684 0290 2B       		.byte	43
ARM GAS  C:\Users\doug_000\AppData\Local\Temp\ccPGBYwB.s 			page 13


 685 0291 10       		.byte	16
 686 0292 2D       		.byte	45
 687 0293 82       		.byte	-126
 688 0294 2E       		.byte	46
 689 0295 08       		.byte	8
 690 0296 30       		.byte	48
 691 0297 41       		.byte	65
 692 0298 34       		.byte	52
 693 0299 41       		.byte	65
 694 029a 38       		.byte	56
 695 029b 20       		.byte	32
 696 029c 39       		.byte	57
 697 029d 04       		.byte	4
 698 029e 3D       		.byte	61
 699 029f 04       		.byte	4
 700 02a0 3E       		.byte	62
 701 02a1 14       		.byte	20
 702 02a2 80       		.byte	-128
 703 02a3 04       		.byte	4
 704 02a4 81       		.byte	-127
 705 02a5 04       		.byte	4
 706 02a6 85       		.byte	-123
 707 02a7 40       		.byte	64
 708 02a8 86       		.byte	-122
 709 02a9 04       		.byte	4
 710 02aa 87       		.byte	-121
 711 02ab 08       		.byte	8
 712 02ac 88       		.byte	-120
 713 02ad 04       		.byte	4
 714 02ae 8C       		.byte	-116
 715 02af 41       		.byte	65
 716 02b0 90       		.byte	-112
 717 02b1 20       		.byte	32
 718 02b2 92       		.byte	-110
 719 02b3 14       		.byte	20
 720 02b4 97       		.byte	-105
 721 02b5 02       		.byte	2
 722 02b6 98       		.byte	-104
 723 02b7 41       		.byte	65
 724 02b8 99       		.byte	-103
 725 02b9 82       		.byte	-126
 726 02ba B3       		.byte	-77
 727 02bb 04       		.byte	4
 728 02bc B7       		.byte	-73
 729 02bd 88       		.byte	-120
 730 02be C0       		.byte	-64
 731 02bf D9       		.byte	-39
 732 02c0 C2       		.byte	-62
 733 02c1 7F       		.byte	127
 734 02c2 C4       		.byte	-60
 735 02c3 14       		.byte	20
 736 02c4 CA       		.byte	-54
 737 02c5 DB       		.byte	-37
 738 02c6 CC       		.byte	-52
 739 02c7 99       		.byte	-103
 740 02c8 CE       		.byte	-50
 741 02c9 66       		.byte	102
ARM GAS  C:\Users\doug_000\AppData\Local\Temp\ccPGBYwB.s 			page 14


 742 02ca E2       		.byte	-30
 743 02cb 60       		.byte	96
 744 02cc E6       		.byte	-26
 745 02cd 10       		.byte	16
 746 02ce EA       		.byte	-22
 747 02cf C0       		.byte	-64
 748 02d0 EE       		.byte	-18
 749 02d1 40       		.byte	64
 750 02d2 EA       		.byte	-22
 751 02d3 02       		.byte	2
 752 02d4 50       		.byte	80
 753 02d5 04       		.byte	4
 754 02d6 54       		.byte	84
 755 02d7 80       		.byte	-128
 756 02d8 58       		.byte	88
 757 02d9 10       		.byte	16
 758 02da 5D       		.byte	93
 759 02db 10       		.byte	16
 760 02dc 66       		.byte	102
 761 02dd 02       		.byte	2
 762 02de 67       		.byte	103
 763 02df 02       		.byte	2
 764 02e0 D4       		.byte	-44
 765 02e1 E0       		.byte	-32
 766 02e2 D6       		.byte	-42
 767 02e3 A0       		.byte	-96
 768 02e4 D8       		.byte	-40
 769 02e5 80       		.byte	-128
 770 02e6 50       		.byte	80
 771 02e7 08       		.byte	8
 772 02e8 54       		.byte	84
 773 02e9 12       		.byte	18
 774 02ea 5B       		.byte	91
 775 02eb 40       		.byte	64
 776 02ec 60       		.byte	96
 777 02ed 40       		.byte	64
 778 02ee 62       		.byte	98
 779 02ef 80       		.byte	-128
 780 02f0 65       		.byte	101
 781 02f1 82       		.byte	-126
 782 02f2 83       		.byte	-125
 783 02f3 01       		.byte	1
 784 02f4 8C       		.byte	-116
 785 02f5 02       		.byte	2
 786 02f6 94       		.byte	-108
 787 02f7 08       		.byte	8
 788 02f8 95       		.byte	-107
 789 02f9 10       		.byte	16
 790 02fa 97       		.byte	-105
 791 02fb 02       		.byte	2
 792 02fc 9C       		.byte	-100
 793 02fd 10       		.byte	16
 794 02fe 9E       		.byte	-98
 795 02ff 02       		.byte	2
 796 0300 A8       		.byte	-88
 797 0301 80       		.byte	-128
 798 0302 D4       		.byte	-44
ARM GAS  C:\Users\doug_000\AppData\Local\Temp\ccPGBYwB.s 			page 15


 799 0303 E0       		.byte	-32
 800 0304 D6       		.byte	-42
 801 0305 E0       		.byte	-32
 802 0306 D8       		.byte	-40
 803 0307 C0       		.byte	-64
 804 0308 E6       		.byte	-26
 805 0309 20       		.byte	32
 806 030a EA       		.byte	-22
 807 030b 20       		.byte	32
 808 030c 3D       		.byte	61
 809 030d 80       		.byte	-128
 810 030e 50       		.byte	80
 811 030f 80       		.byte	-128
 812 0310 57       		.byte	87
 813 0311 40       		.byte	64
 814 0312 84       		.byte	-124
 815 0313 10       		.byte	16
 816 0314 94       		.byte	-108
 817 0315 48       		.byte	72
 818 0316 95       		.byte	-107
 819 0317 10       		.byte	16
 820 0318 9C       		.byte	-100
 821 0319 10       		.byte	16
 822 031a 9D       		.byte	-99
 823 031b 82       		.byte	-126
 824 031c 9E       		.byte	-98
 825 031d 02       		.byte	2
 826 031e 9F       		.byte	-97
 827 031f 40       		.byte	64
 828 0320 A4       		.byte	-92
 829 0321 18       		.byte	24
 830 0322 A6       		.byte	-90
 831 0323 80       		.byte	-128
 832 0324 CE       		.byte	-50
 833 0325 20       		.byte	32
 834 0326 D4       		.byte	-44
 835 0327 60       		.byte	96
 836 0328 E2       		.byte	-30
 837 0329 10       		.byte	16
 838 032a 80       		.byte	-128
 839 032b 50       		.byte	80
 840 032c 84       		.byte	-124
 841 032d 80       		.byte	-128
 842 032e 85       		.byte	-123
 843 032f 02       		.byte	2
 844 0330 88       		.byte	-120
 845 0331 02       		.byte	2
 846 0332 8C       		.byte	-116
 847 0333 04       		.byte	4
 848 0334 8E       		.byte	-114
 849 0335 02       		.byte	2
 850 0336 8F       		.byte	-113
 851 0337 40       		.byte	64
 852 0338 94       		.byte	-108
 853 0339 48       		.byte	72
 854 033a 95       		.byte	-107
 855 033b 10       		.byte	16
ARM GAS  C:\Users\doug_000\AppData\Local\Temp\ccPGBYwB.s 			page 16


 856 033c 9C       		.byte	-100
 857 033d 10       		.byte	16
 858 033e 9D       		.byte	-99
 859 033f 82       		.byte	-126
 860 0340 9E       		.byte	-98
 861 0341 02       		.byte	2
 862 0342 A4       		.byte	-92
 863 0343 88       		.byte	-120
 864 0344 A5       		.byte	-91
 865 0345 40       		.byte	64
 866 0346 A6       		.byte	-90
 867 0347 80       		.byte	-128
 868 0348 A7       		.byte	-89
 869 0349 40       		.byte	64
 870 034a AB       		.byte	-85
 871 034b 40       		.byte	64
 872 034c E2       		.byte	-30
 873 034d 10       		.byte	16
 874 034e E6       		.byte	-26
 875 034f B0       		.byte	-80
 876 0350 EE       		.byte	-18
 877 0351 80       		.byte	-128
 878 0352 09       		.byte	9
 879 0353 02       		.byte	2
 880 0354 0C       		.byte	12
 881 0355 02       		.byte	2
 882 0356 11       		.byte	17
 883 0357 01       		.byte	1
 884 0358 15       		.byte	21
 885 0359 04       		.byte	4
 886 035a 5D       		.byte	93
 887 035b 02       		.byte	2
 888 035c 63       		.byte	99
 889 035d 08       		.byte	8
 890 035e 71       		.byte	113
 891 035f 02       		.byte	2
 892 0360 74       		.byte	116
 893 0361 02       		.byte	2
 894 0362 C2       		.byte	-62
 895 0363 0C       		.byte	12
 896 0364 C4       		.byte	-60
 897 0365 0C       		.byte	12
 898 0366 D6       		.byte	-42
 899 0367 01       		.byte	1
 900 0368 D8       		.byte	-40
 901 0369 02       		.byte	2
 902 036a DC       		.byte	-36
 903 036b 01       		.byte	1
 904 036c DE       		.byte	-34
 905 036d 04       		.byte	4
 906 036e 01       		.byte	1
 907 036f 02       		.byte	2
 908 0370 0C       		.byte	12
 909 0371 80       		.byte	-128
 910 0372 50       		.byte	80
 911 0373 80       		.byte	-128
 912 0374 53       		.byte	83
ARM GAS  C:\Users\doug_000\AppData\Local\Temp\ccPGBYwB.s 			page 17


 913 0375 01       		.byte	1
 914 0376 5C       		.byte	92
 915 0377 04       		.byte	4
 916 0378 5F       		.byte	95
 917 0379 40       		.byte	64
 918 037a 61       		.byte	97
 919 037b 20       		.byte	32
 920 037c 67       		.byte	103
 921 037d 04       		.byte	4
 922 037e 91       		.byte	-111
 923 037f 05       		.byte	5
 924 0380 9D       		.byte	-99
 925 0381 02       		.byte	2
 926 0382 A7       		.byte	-89
 927 0383 04       		.byte	4
 928 0384 C0       		.byte	-64
 929 0385 08       		.byte	8
 930 0386 C2       		.byte	-62
 931 0387 01       		.byte	1
 932 0388 D4       		.byte	-44
 933 0389 05       		.byte	5
 934 038a D6       		.byte	-42
 935 038b 05       		.byte	5
 936 038c D8       		.byte	-40
 937 038d 03       		.byte	3
 938 038e 91       		.byte	-111
 939 038f 05       		.byte	5
 940 0390 94       		.byte	-108
 941 0391 04       		.byte	4
 942 0392 97       		.byte	-105
 943 0393 46       		.byte	70
 944 0394 A5       		.byte	-91
 945 0395 20       		.byte	32
 946 0396 A7       		.byte	-89
 947 0397 04       		.byte	4
 948 0398 91       		.byte	-111
 949 0399 05       		.byte	5
 950 039a 94       		.byte	-108
 951 039b 04       		.byte	4
 952 039c 97       		.byte	-105
 953 039d 46       		.byte	70
 954 039e 9B       		.byte	-101
 955 039f 08       		.byte	8
 956 03a0 A5       		.byte	-91
 957 03a1 20       		.byte	32
 958 03a2 A7       		.byte	-89
 959 03a3 04       		.byte	4
 960 03a4 AB       		.byte	-85
 961 03a5 08       		.byte	8
 962 03a6 52       		.byte	82
 963 03a7 0A       		.byte	10
 964 03a8 54       		.byte	84
 965 03a9 40       		.byte	64
 966 03aa 5C       		.byte	92
 967 03ab 10       		.byte	16
 968 03ac 80       		.byte	-128
 969 03ad 04       		.byte	4
ARM GAS  C:\Users\doug_000\AppData\Local\Temp\ccPGBYwB.s 			page 18


 970 03ae 81       		.byte	-127
 971 03af 80       		.byte	-128
 972 03b0 84       		.byte	-124
 973 03b1 08       		.byte	8
 974 03b2 86       		.byte	-122
 975 03b3 02       		.byte	2
 976 03b4 87       		.byte	-121
 977 03b5 02       		.byte	2
 978 03b6 88       		.byte	-120
 979 03b7 10       		.byte	16
 980 03b8 8E       		.byte	-114
 981 03b9 82       		.byte	-126
 982 03ba 90       		.byte	-112
 983 03bb 10       		.byte	16
 984 03bc 93       		.byte	-109
 985 03bd 02       		.byte	2
 986 03be 9C       		.byte	-100
 987 03bf 10       		.byte	16
 988 03c0 9D       		.byte	-99
 989 03c1 80       		.byte	-128
 990 03c2 A0       		.byte	-96
 991 03c3 02       		.byte	2
 992 03c4 A2       		.byte	-94
 993 03c5 08       		.byte	8
 994 03c6 A4       		.byte	-92
 995 03c7 08       		.byte	8
 996 03c8 A5       		.byte	-91
 997 03c9 40       		.byte	64
 998 03ca A6       		.byte	-90
 999 03cb 80       		.byte	-128
 1000 03cc B1       		.byte	-79
 1001 03cd 10       		.byte	16
 1002 03ce B6       		.byte	-74
 1003 03cf 08       		.byte	8
 1004 03d0 B7       		.byte	-73
 1005 03d1 01       		.byte	1
 1006 03d2 D4       		.byte	-44
 1007 03d3 E0       		.byte	-32
 1008 03d4 D6       		.byte	-42
 1009 03d5 20       		.byte	32
 1010 03d6 E2       		.byte	-30
 1011 03d7 60       		.byte	96
 1012 03d8 E6       		.byte	-26
 1013 03d9 D0       		.byte	-48
 1014 03da 52       		.byte	82
 1015 03db 01       		.byte	1
 1016 03dc 53       		.byte	83
 1017 03dd 10       		.byte	16
 1018 03de 54       		.byte	84
 1019 03df 02       		.byte	2
 1020 03e0 57       		.byte	87
 1021 03e1 04       		.byte	4
 1022 03e2 5B       		.byte	91
 1023 03e3 02       		.byte	2
 1024 03e4 63       		.byte	99
 1025 03e5 10       		.byte	16
 1026 03e6 66       		.byte	102
ARM GAS  C:\Users\doug_000\AppData\Local\Temp\ccPGBYwB.s 			page 19


 1027 03e7 02       		.byte	2
 1028 03e8 67       		.byte	103
 1029 03e9 02       		.byte	2
 1030 03ea 70       		.byte	112
 1031 03eb 04       		.byte	4
 1032 03ec 77       		.byte	119
 1033 03ed 10       		.byte	16
 1034 03ee 83       		.byte	-125
 1035 03ef 10       		.byte	16
 1036 03f0 90       		.byte	-112
 1037 03f1 08       		.byte	8
 1038 03f2 93       		.byte	-109
 1039 03f3 32       		.byte	50
 1040 03f4 9A       		.byte	-102
 1041 03f5 03       		.byte	3
 1042 03f6 9B       		.byte	-101
 1043 03f7 02       		.byte	2
 1044 03f8 A0       		.byte	-96
 1045 03f9 02       		.byte	2
 1046 03fa A3       		.byte	-93
 1047 03fb 04       		.byte	4
 1048 03fc AD       		.byte	-83
 1049 03fd 40       		.byte	64
 1050 03fe AF       		.byte	-81
 1051 03ff 10       		.byte	16
 1052 0400 B0       		.byte	-80
 1053 0401 40       		.byte	64
 1054 0402 B3       		.byte	-77
 1055 0403 10       		.byte	16
 1056 0404 B6       		.byte	-74
 1057 0405 01       		.byte	1
 1058 0406 B7       		.byte	-73
 1059 0407 04       		.byte	4
 1060 0408 D4       		.byte	-44
 1061 0409 E0       		.byte	-32
 1062 040a D6       		.byte	-42
 1063 040b E0       		.byte	-32
 1064 040c D8       		.byte	-40
 1065 040d C0       		.byte	-64
 1066 040e DC       		.byte	-36
 1067 040f 80       		.byte	-128
 1068 0410 DE       		.byte	-34
 1069 0411 20       		.byte	32
 1070 0412 E2       		.byte	-30
 1071 0413 20       		.byte	32
 1072 0414 EA       		.byte	-22
 1073 0415 50       		.byte	80
 1074 0416 0B       		.byte	11
 1075 0417 04       		.byte	4
 1076 0418 0D       		.byte	13
 1077 0419 20       		.byte	32
 1078 041a 0F       		.byte	15
 1079 041b 40       		.byte	64
 1080 041c 10       		.byte	16
 1081 041d 40       		.byte	64
 1082 041e 13       		.byte	19
 1083 041f 20       		.byte	32
ARM GAS  C:\Users\doug_000\AppData\Local\Temp\ccPGBYwB.s 			page 20


 1084 0420 14       		.byte	20
 1085 0421 80       		.byte	-128
 1086 0422 79       		.byte	121
 1087 0423 01       		.byte	1
 1088 0424 7D       		.byte	125
 1089 0425 04       		.byte	4
 1090 0426 91       		.byte	-111
 1091 0427 05       		.byte	5
 1092 0428 94       		.byte	-108
 1093 0429 04       		.byte	4
 1094 042a 97       		.byte	-105
 1095 042b 46       		.byte	70
 1096 042c 9B       		.byte	-101
 1097 042d 08       		.byte	8
 1098 042e A5       		.byte	-91
 1099 042f 20       		.byte	32
 1100 0430 A7       		.byte	-89
 1101 0431 04       		.byte	4
 1102 0432 C2       		.byte	-62
 1103 0433 07       		.byte	7
 1104 0434 C4       		.byte	-60
 1105 0435 0E       		.byte	14
 1106 0436 DE       		.byte	-34
 1107 0437 03       		.byte	3
 1108 0438 00       		.byte	0
 1109 0439 04       		.byte	4
 1110 043a 0B       		.byte	11
 1111 043b 02       		.byte	2
 1112 043c 0F       		.byte	15
 1113 043d 08       		.byte	8
 1114 043e 5B       		.byte	91
 1115 043f 08       		.byte	8
 1116 0440 61       		.byte	97
 1117 0441 20       		.byte	32
 1118 0442 78       		.byte	120
 1119 0443 40       		.byte	64
 1120 0444 7C       		.byte	124
 1121 0445 80       		.byte	-128
 1122 0446 94       		.byte	-108
 1123 0447 04       		.byte	4
 1124 0448 97       		.byte	-105
 1125 0449 02       		.byte	2
 1126 044a 98       		.byte	-104
 1127 044b C0       		.byte	-64
 1128 044c 9B       		.byte	-101
 1129 044d 08       		.byte	8
 1130 044e A1       		.byte	-95
 1131 044f 20       		.byte	32
 1132 0450 A7       		.byte	-89
 1133 0451 04       		.byte	4
 1134 0452 AF       		.byte	-81
 1135 0453 20       		.byte	32
 1136 0454 C0       		.byte	-64
 1137 0455 08       		.byte	8
 1138 0456 C2       		.byte	-62
 1139 0457 03       		.byte	3
 1140 0458 D6       		.byte	-42
ARM GAS  C:\Users\doug_000\AppData\Local\Temp\ccPGBYwB.s 			page 21


 1141 0459 02       		.byte	2
 1142 045a D8       		.byte	-40
 1143 045b 02       		.byte	2
 1144 045c DC       		.byte	-36
 1145 045d 01       		.byte	1
 1146 045e DE       		.byte	-34
 1147 045f 04       		.byte	4
 1148 0460 00       		.byte	0
 1149 0461 01       		.byte	1
 1150 0462 0A       		.byte	10
 1151 0463 01       		.byte	1
 1152 0464 03       		.byte	3
 1153 0465 C0       		.byte	-64
 1154 0466 00       		.byte	0
 1155 0467 00       		.byte	0
 1156 0468 A9       		.byte	-87
 1157 0469 3C       		.byte	60
 1158 046a 00       		.byte	0
 1159 046b 00       		.byte	0
 1160 046c 30       		.byte	48
 1161 046d 00       		.byte	0
 1162 046e 00       		.byte	0
 1163 046f 00       		.byte	0
 1164 0470 00       		.byte	0
 1165 0471 FF       		.byte	-1
 1166 0472 FF       		.byte	-1
 1167 0473 00       		.byte	0
 1168 0474 FF       		.byte	-1
 1169 0475 00       		.byte	0
 1170 0476 00       		.byte	0
 1171 0477 00       		.byte	0
 1172 0478 F0       		.byte	-16
 1173 0479 00       		.byte	0
 1174 047a 00       		.byte	0
 1175 047b CF       		.byte	-49
 1176 047c 3F       		.byte	63
 1177 047d 00       		.byte	0
 1178 047e FF       		.byte	-1
 1179 047f 00       		.byte	0
 1180 0480 00       		.byte	0
 1181 0481 00       		.byte	0
 1182 0482 00       		.byte	0
 1183 0483 00       		.byte	0
 1184 0484 00       		.byte	0
 1185 0485 0F       		.byte	15
 1186 0486 0F       		.byte	15
 1187 0487 00       		.byte	0
 1188 0488 0F       		.byte	15
 1189 0489 00       		.byte	0
 1190 048a 00       		.byte	0
 1191 048b 00       		.byte	0
 1192 048c E0       		.byte	-32
 1193 048d 00       		.byte	0
 1194 048e 00       		.byte	0
 1195 048f E0       		.byte	-32
 1196 0490 00       		.byte	0
 1197 0491 00       		.byte	0
ARM GAS  C:\Users\doug_000\AppData\Local\Temp\ccPGBYwB.s 			page 22


 1198 0492 00       		.byte	0
 1199 0493 00       		.byte	0
 1200 0494 00       		.byte	0
 1201 0495 00       		.byte	0
 1202 0496 00       		.byte	0
 1203 0497 00       		.byte	0
 1204 0498 FF       		.byte	-1
 1205 0499 00       		.byte	0
 1206 049a 80       		.byte	-128
 1207 049b FF       		.byte	-1
 1208 049c 80       		.byte	-128
 1209 049d 00       		.byte	0
 1210 049e 7E       		.byte	126
 1211 049f 00       		.byte	0
 1212 04a0 00       		.byte	0
 1213 04a1 00       		.byte	0
 1214 04a2 00       		.byte	0
 1215 04a3 00       		.byte	0
 1216 04a4 00       		.byte	0
 1217 04a5 FF       		.byte	-1
 1218 04a6 FF       		.byte	-1
 1219 04a7 00       		.byte	0
 1220 04a8 FF       		.byte	-1
 1221 04a9 00       		.byte	0
 1222 04aa 00       		.byte	0
 1223 04ab 00       		.byte	0
 1224 04ac 00       		.byte	0
 1225 04ad 3F       		.byte	63
 1226 04ae 3F       		.byte	63
 1227 04af 00       		.byte	0
 1228 04b0 3F       		.byte	63
 1229 04b1 00       		.byte	0
 1230 04b2 00       		.byte	0
 1231 04b3 00       		.byte	0
 1232 04b4 81       		.byte	-127
 1233 04b5 00       		.byte	0
 1234 04b6 40       		.byte	64
 1235 04b7 B1       		.byte	-79
 1236 04b8 30       		.byte	48
 1237 04b9 00       		.byte	0
 1238 04ba 30       		.byte	48
 1239 04bb 00       		.byte	0
 1240 04bc 00       		.byte	0
 1241 04bd 00       		.byte	0
 1242 04be 00       		.byte	0
 1243 04bf 00       		.byte	0
 1244 04c0 D0       		.byte	-48
 1245 04c1 00       		.byte	0
 1246 04c2 30       		.byte	48
 1247 04c3 D0       		.byte	-48
 1248 04c4 10       		.byte	16
 1249 04c5 00       		.byte	0
 1250 04c6 C0       		.byte	-64
 1251 04c7 00       		.byte	0
 1252 04c8 00       		.byte	0
 1253 04c9 00       		.byte	0
 1254 04ca 00       		.byte	0
ARM GAS  C:\Users\doug_000\AppData\Local\Temp\ccPGBYwB.s 			page 23


 1255 04cb 00       		.byte	0
 1256              		.section	.cywolatch,"a",%progbits
 1257              		.align	2
 1258              		.type	cy_meta_wonvl, %object
 1259              		.size	cy_meta_wonvl, 4
 1260              	cy_meta_wonvl:
 1261 0000 BC       		.byte	-68
 1262 0001 90       		.byte	-112
 1263 0002 AC       		.byte	-84
 1264 0003 AF       		.byte	-81
 1265              		.section	.cycustnvl,"a",%progbits
 1266              		.align	2
 1267              		.type	cy_meta_custnvl, %object
 1268              		.size	cy_meta_custnvl, 4
 1269              	cy_meta_custnvl:
 1270 0000 00       		.byte	0
 1271 0001 00       		.byte	0
 1272 0002 40       		.byte	64
 1273 0003 05       		.byte	5
 1274              		.section	.cymeta,"a",%progbits
 1275              		.align	2
 1276              		.type	cy_metadata, %object
 1277              		.size	cy_metadata, 12
 1278              	cy_metadata:
 1279 0000 00       		.byte	0
 1280 0001 01       		.byte	1
 1281 0002 2E       		.byte	46
 1282 0003 13       		.byte	19
 1283 0004 30       		.byte	48
 1284 0005 69       		.byte	105
 1285 0006 00       		.byte	0
 1286 0007 01       		.byte	1
 1287 0008 00       		.byte	0
 1288 0009 00       		.byte	0
 1289 000a 00       		.byte	0
 1290 000b 00       		.byte	0
 1291              		.section	.cyflashprotect,"a",%progbits
 1292              		.align	2
 1293              		.type	cy_meta_flashprotect, %object
 1294              		.size	cy_meta_flashprotect, 128
 1295              	cy_meta_flashprotect:
 1296 0000 00000000 		.space	128
 1296      00000000 
 1296      00000000 
 1296      00000000 
 1296      00000000 
 1297              		.text
 1298              	.Letext0:
 1299              		.file 1 ".\\Generated_Source\\PSoC5\\cymetadata.c"
 1300              		.file 2 ".\\Generated_Source\\PSoC5\\cytypes.h"
 1301              		.section	.debug_info,"",%progbits
 1302              	.Ldebug_info0:
 1303 0000 36010000 		.4byte	0x136
 1304 0004 0400     		.2byte	0x4
 1305 0006 00000000 		.4byte	.Ldebug_abbrev0
 1306 000a 04       		.byte	0x4
 1307 000b 01       		.uleb128 0x1
ARM GAS  C:\Users\doug_000\AppData\Local\Temp\ccPGBYwB.s 			page 24


 1308 000c 94000000 		.4byte	.LASF18
 1309 0010 01       		.byte	0x1
 1310 0011 00000000 		.4byte	.LASF19
 1311 0015 AA010000 		.4byte	.LASF20
 1312 0019 00000000 		.4byte	.Ldebug_line0
 1313 001d 02       		.uleb128 0x2
 1314 001e 01       		.byte	0x1
 1315 001f 06       		.byte	0x6
 1316 0020 9E010000 		.4byte	.LASF0
 1317 0024 02       		.uleb128 0x2
 1318 0025 01       		.byte	0x1
 1319 0026 08       		.byte	0x8
 1320 0027 38000000 		.4byte	.LASF1
 1321 002b 02       		.uleb128 0x2
 1322 002c 02       		.byte	0x2
 1323 002d 05       		.byte	0x5
 1324 002e 85010000 		.4byte	.LASF2
 1325 0032 02       		.uleb128 0x2
 1326 0033 02       		.byte	0x2
 1327 0034 07       		.byte	0x7
 1328 0035 58000000 		.4byte	.LASF3
 1329 0039 02       		.uleb128 0x2
 1330 003a 04       		.byte	0x4
 1331 003b 05       		.byte	0x5
 1332 003c 95010000 		.4byte	.LASF4
 1333 0040 02       		.uleb128 0x2
 1334 0041 04       		.byte	0x4
 1335 0042 07       		.byte	0x7
 1336 0043 46000000 		.4byte	.LASF5
 1337 0047 02       		.uleb128 0x2
 1338 0048 08       		.byte	0x8
 1339 0049 05       		.byte	0x5
 1340 004a 72010000 		.4byte	.LASF6
 1341 004e 02       		.uleb128 0x2
 1342 004f 08       		.byte	0x8
 1343 0050 07       		.byte	0x7
 1344 0051 2F010000 		.4byte	.LASF7
 1345 0055 03       		.uleb128 0x3
 1346 0056 04       		.byte	0x4
 1347 0057 05       		.byte	0x5
 1348 0058 696E7400 		.ascii	"int\000"
 1349 005c 02       		.uleb128 0x2
 1350 005d 04       		.byte	0x4
 1351 005e 07       		.byte	0x7
 1352 005f 22010000 		.4byte	.LASF8
 1353 0063 04       		.uleb128 0x4
 1354 0064 8F010000 		.4byte	.LASF21
 1355 0068 02       		.byte	0x2
 1356 0069 C2       		.byte	0xc2
 1357 006a 24000000 		.4byte	0x24
 1358 006e 02       		.uleb128 0x2
 1359 006f 04       		.byte	0x4
 1360 0070 04       		.byte	0x4
 1361 0071 32000000 		.4byte	.LASF9
 1362 0075 02       		.uleb128 0x2
 1363 0076 08       		.byte	0x8
 1364 0077 04       		.byte	0x4
ARM GAS  C:\Users\doug_000\AppData\Local\Temp\ccPGBYwB.s 			page 25


 1365 0078 6B000000 		.4byte	.LASF10
 1366 007c 02       		.uleb128 0x2
 1367 007d 01       		.byte	0x1
 1368 007e 08       		.byte	0x8
 1369 007f 80010000 		.4byte	.LASF11
 1370 0083 05       		.uleb128 0x5
 1371 0084 63000000 		.4byte	0x63
 1372 0088 94000000 		.4byte	0x94
 1373 008c 06       		.uleb128 0x6
 1374 008d 94000000 		.4byte	0x94
 1375 0091 CB04     		.2byte	0x4cb
 1376 0093 00       		.byte	0
 1377 0094 02       		.uleb128 0x2
 1378 0095 04       		.byte	0x4
 1379 0096 07       		.byte	0x7
 1380 0097 69010000 		.4byte	.LASF12
 1381 009b 07       		.uleb128 0x7
 1382 009c 82000000 		.4byte	.LASF13
 1383 00a0 01       		.byte	0x1
 1384 00a1 1F       		.byte	0x1f
 1385 00a2 AC000000 		.4byte	0xac
 1386 00a6 05       		.uleb128 0x5
 1387 00a7 03       		.byte	0x3
 1388 00a8 00000000 		.4byte	cy_meta_configecc
 1389 00ac 08       		.uleb128 0x8
 1390 00ad 83000000 		.4byte	0x83
 1391 00b1 05       		.uleb128 0x5
 1392 00b2 63000000 		.4byte	0x63
 1393 00b6 C1000000 		.4byte	0xc1
 1394 00ba 09       		.uleb128 0x9
 1395 00bb 94000000 		.4byte	0x94
 1396 00bf 03       		.byte	0x3
 1397 00c0 00       		.byte	0
 1398 00c1 07       		.uleb128 0x7
 1399 00c2 72000000 		.4byte	.LASF14
 1400 00c6 01       		.byte	0x1
 1401 00c7 C6       		.byte	0xc6
 1402 00c8 D2000000 		.4byte	0xd2
 1403 00cc 05       		.uleb128 0x5
 1404 00cd 03       		.byte	0x3
 1405 00ce 00000000 		.4byte	cy_meta_custnvl
 1406 00d2 08       		.uleb128 0x8
 1407 00d3 B1000000 		.4byte	0xb1
 1408 00d7 07       		.uleb128 0x7
 1409 00d8 5B010000 		.4byte	.LASF15
 1410 00dc 01       		.byte	0x1
 1411 00dd D4       		.byte	0xd4
 1412 00de E8000000 		.4byte	0xe8
 1413 00e2 05       		.uleb128 0x5
 1414 00e3 03       		.byte	0x3
 1415 00e4 00000000 		.4byte	cy_meta_wonvl
 1416 00e8 08       		.uleb128 0x8
 1417 00e9 B1000000 		.4byte	0xb1
 1418 00ed 05       		.uleb128 0x5
 1419 00ee 63000000 		.4byte	0x63
 1420 00f2 FD000000 		.4byte	0xfd
 1421 00f6 09       		.uleb128 0x9
ARM GAS  C:\Users\doug_000\AppData\Local\Temp\ccPGBYwB.s 			page 26


 1422 00f7 94000000 		.4byte	0x94
 1423 00fb 7F       		.byte	0x7f
 1424 00fc 00       		.byte	0
 1425 00fd 07       		.uleb128 0x7
 1426 00fe 46010000 		.4byte	.LASF16
 1427 0102 01       		.byte	0x1
 1428 0103 E2       		.byte	0xe2
 1429 0104 0E010000 		.4byte	0x10e
 1430 0108 05       		.uleb128 0x5
 1431 0109 03       		.byte	0x3
 1432 010a 00000000 		.4byte	cy_meta_flashprotect
 1433 010e 08       		.uleb128 0x8
 1434 010f ED000000 		.4byte	0xed
 1435 0113 05       		.uleb128 0x5
 1436 0114 63000000 		.4byte	0x63
 1437 0118 23010000 		.4byte	0x123
 1438 011c 09       		.uleb128 0x9
 1439 011d 94000000 		.4byte	0x94
 1440 0121 0B       		.byte	0xb
 1441 0122 00       		.byte	0
 1442 0123 07       		.uleb128 0x7
 1443 0124 26000000 		.4byte	.LASF17
 1444 0128 01       		.byte	0x1
 1445 0129 FF       		.byte	0xff
 1446 012a 34010000 		.4byte	0x134
 1447 012e 05       		.uleb128 0x5
 1448 012f 03       		.byte	0x3
 1449 0130 00000000 		.4byte	cy_metadata
 1450 0134 08       		.uleb128 0x8
 1451 0135 13010000 		.4byte	0x113
 1452 0139 00       		.byte	0
 1453              		.section	.debug_abbrev,"",%progbits
 1454              	.Ldebug_abbrev0:
 1455 0000 01       		.uleb128 0x1
 1456 0001 11       		.uleb128 0x11
 1457 0002 01       		.byte	0x1
 1458 0003 25       		.uleb128 0x25
 1459 0004 0E       		.uleb128 0xe
 1460 0005 13       		.uleb128 0x13
 1461 0006 0B       		.uleb128 0xb
 1462 0007 03       		.uleb128 0x3
 1463 0008 0E       		.uleb128 0xe
 1464 0009 1B       		.uleb128 0x1b
 1465 000a 0E       		.uleb128 0xe
 1466 000b 10       		.uleb128 0x10
 1467 000c 17       		.uleb128 0x17
 1468 000d 00       		.byte	0
 1469 000e 00       		.byte	0
 1470 000f 02       		.uleb128 0x2
 1471 0010 24       		.uleb128 0x24
 1472 0011 00       		.byte	0
 1473 0012 0B       		.uleb128 0xb
 1474 0013 0B       		.uleb128 0xb
 1475 0014 3E       		.uleb128 0x3e
 1476 0015 0B       		.uleb128 0xb
 1477 0016 03       		.uleb128 0x3
 1478 0017 0E       		.uleb128 0xe
ARM GAS  C:\Users\doug_000\AppData\Local\Temp\ccPGBYwB.s 			page 27


 1479 0018 00       		.byte	0
 1480 0019 00       		.byte	0
 1481 001a 03       		.uleb128 0x3
 1482 001b 24       		.uleb128 0x24
 1483 001c 00       		.byte	0
 1484 001d 0B       		.uleb128 0xb
 1485 001e 0B       		.uleb128 0xb
 1486 001f 3E       		.uleb128 0x3e
 1487 0020 0B       		.uleb128 0xb
 1488 0021 03       		.uleb128 0x3
 1489 0022 08       		.uleb128 0x8
 1490 0023 00       		.byte	0
 1491 0024 00       		.byte	0
 1492 0025 04       		.uleb128 0x4
 1493 0026 16       		.uleb128 0x16
 1494 0027 00       		.byte	0
 1495 0028 03       		.uleb128 0x3
 1496 0029 0E       		.uleb128 0xe
 1497 002a 3A       		.uleb128 0x3a
 1498 002b 0B       		.uleb128 0xb
 1499 002c 3B       		.uleb128 0x3b
 1500 002d 0B       		.uleb128 0xb
 1501 002e 49       		.uleb128 0x49
 1502 002f 13       		.uleb128 0x13
 1503 0030 00       		.byte	0
 1504 0031 00       		.byte	0
 1505 0032 05       		.uleb128 0x5
 1506 0033 01       		.uleb128 0x1
 1507 0034 01       		.byte	0x1
 1508 0035 49       		.uleb128 0x49
 1509 0036 13       		.uleb128 0x13
 1510 0037 01       		.uleb128 0x1
 1511 0038 13       		.uleb128 0x13
 1512 0039 00       		.byte	0
 1513 003a 00       		.byte	0
 1514 003b 06       		.uleb128 0x6
 1515 003c 21       		.uleb128 0x21
 1516 003d 00       		.byte	0
 1517 003e 49       		.uleb128 0x49
 1518 003f 13       		.uleb128 0x13
 1519 0040 2F       		.uleb128 0x2f
 1520 0041 05       		.uleb128 0x5
 1521 0042 00       		.byte	0
 1522 0043 00       		.byte	0
 1523 0044 07       		.uleb128 0x7
 1524 0045 34       		.uleb128 0x34
 1525 0046 00       		.byte	0
 1526 0047 03       		.uleb128 0x3
 1527 0048 0E       		.uleb128 0xe
 1528 0049 3A       		.uleb128 0x3a
 1529 004a 0B       		.uleb128 0xb
 1530 004b 3B       		.uleb128 0x3b
 1531 004c 0B       		.uleb128 0xb
 1532 004d 49       		.uleb128 0x49
 1533 004e 13       		.uleb128 0x13
 1534 004f 3F       		.uleb128 0x3f
 1535 0050 19       		.uleb128 0x19
ARM GAS  C:\Users\doug_000\AppData\Local\Temp\ccPGBYwB.s 			page 28


 1536 0051 02       		.uleb128 0x2
 1537 0052 18       		.uleb128 0x18
 1538 0053 00       		.byte	0
 1539 0054 00       		.byte	0
 1540 0055 08       		.uleb128 0x8
 1541 0056 26       		.uleb128 0x26
 1542 0057 00       		.byte	0
 1543 0058 49       		.uleb128 0x49
 1544 0059 13       		.uleb128 0x13
 1545 005a 00       		.byte	0
 1546 005b 00       		.byte	0
 1547 005c 09       		.uleb128 0x9
 1548 005d 21       		.uleb128 0x21
 1549 005e 00       		.byte	0
 1550 005f 49       		.uleb128 0x49
 1551 0060 13       		.uleb128 0x13
 1552 0061 2F       		.uleb128 0x2f
 1553 0062 0B       		.uleb128 0xb
 1554 0063 00       		.byte	0
 1555 0064 00       		.byte	0
 1556 0065 00       		.byte	0
 1557              		.section	.debug_aranges,"",%progbits
 1558 0000 14000000 		.4byte	0x14
 1559 0004 0200     		.2byte	0x2
 1560 0006 00000000 		.4byte	.Ldebug_info0
 1561 000a 04       		.byte	0x4
 1562 000b 00       		.byte	0
 1563 000c 0000     		.2byte	0
 1564 000e 0000     		.2byte	0
 1565 0010 00000000 		.4byte	0
 1566 0014 00000000 		.4byte	0
 1567              		.section	.debug_line,"",%progbits
 1568              	.Ldebug_line0:
 1569 0000 4F000000 		.section	.debug_str,"MS",%progbits,1
 1569      02004900 
 1569      00000201 
 1569      FB0E0D00 
 1569      01010101 
 1570              	.LASF19:
 1571 0000 2E5C4765 		.ascii	".\\Generated_Source\\PSoC5\\cymetadata.c\000"
 1571      6E657261 
 1571      7465645F 
 1571      536F7572 
 1571      63655C50 
 1572              	.LASF17:
 1573 0026 63795F6D 		.ascii	"cy_metadata\000"
 1573      65746164 
 1573      61746100 
 1574              	.LASF9:
 1575 0032 666C6F61 		.ascii	"float\000"
 1575      7400
 1576              	.LASF1:
 1577 0038 756E7369 		.ascii	"unsigned char\000"
 1577      676E6564 
 1577      20636861 
 1577      7200
 1578              	.LASF5:
ARM GAS  C:\Users\doug_000\AppData\Local\Temp\ccPGBYwB.s 			page 29


 1579 0046 6C6F6E67 		.ascii	"long unsigned int\000"
 1579      20756E73 
 1579      69676E65 
 1579      6420696E 
 1579      7400
 1580              	.LASF3:
 1581 0058 73686F72 		.ascii	"short unsigned int\000"
 1581      7420756E 
 1581      7369676E 
 1581      65642069 
 1581      6E7400
 1582              	.LASF10:
 1583 006b 646F7562 		.ascii	"double\000"
 1583      6C6500
 1584              	.LASF14:
 1585 0072 63795F6D 		.ascii	"cy_meta_custnvl\000"
 1585      6574615F 
 1585      63757374 
 1585      6E766C00 
 1586              	.LASF13:
 1587 0082 63795F6D 		.ascii	"cy_meta_configecc\000"
 1587      6574615F 
 1587      636F6E66 
 1587      69676563 
 1587      6300
 1588              	.LASF18:
 1589 0094 474E5520 		.ascii	"GNU C 4.9.3 20150303 (release) [ARM/embedded-4_9-br"
 1589      4320342E 
 1589      392E3320 
 1589      32303135 
 1589      30333033 
 1590 00c7 616E6368 		.ascii	"anch revision 221220] -mcpu=cortex-m3 -mthumb -g -O"
 1590      20726576 
 1590      6973696F 
 1590      6E203232 
 1590      31323230 
 1591 00fa 67202D66 		.ascii	"g -ffunction-sections -ffat-lto-objects\000"
 1591      66756E63 
 1591      74696F6E 
 1591      2D736563 
 1591      74696F6E 
 1592              	.LASF8:
 1593 0122 756E7369 		.ascii	"unsigned int\000"
 1593      676E6564 
 1593      20696E74 
 1593      00
 1594              	.LASF7:
 1595 012f 6C6F6E67 		.ascii	"long long unsigned int\000"
 1595      206C6F6E 
 1595      6720756E 
 1595      7369676E 
 1595      65642069 
 1596              	.LASF16:
 1597 0146 63795F6D 		.ascii	"cy_meta_flashprotect\000"
 1597      6574615F 
 1597      666C6173 
 1597      6870726F 
ARM GAS  C:\Users\doug_000\AppData\Local\Temp\ccPGBYwB.s 			page 30


 1597      74656374 
 1598              	.LASF15:
 1599 015b 63795F6D 		.ascii	"cy_meta_wonvl\000"
 1599      6574615F 
 1599      776F6E76 
 1599      6C00
 1600              	.LASF12:
 1601 0169 73697A65 		.ascii	"sizetype\000"
 1601      74797065 
 1601      00
 1602              	.LASF6:
 1603 0172 6C6F6E67 		.ascii	"long long int\000"
 1603      206C6F6E 
 1603      6720696E 
 1603      7400
 1604              	.LASF11:
 1605 0180 63686172 		.ascii	"char\000"
 1605      00
 1606              	.LASF2:
 1607 0185 73686F72 		.ascii	"short int\000"
 1607      7420696E 
 1607      7400
 1608              	.LASF21:
 1609 018f 75696E74 		.ascii	"uint8\000"
 1609      3800
 1610              	.LASF4:
 1611 0195 6C6F6E67 		.ascii	"long int\000"
 1611      20696E74 
 1611      00
 1612              	.LASF0:
 1613 019e 7369676E 		.ascii	"signed char\000"
 1613      65642063 
 1613      68617200 
 1614              	.LASF20:
 1615 01aa 433A5C55 		.ascii	"C:\\Users\\doug_000\\Documents\\GitHub\\LB-RPPSOC\\"
 1615      73657273 
 1615      5C646F75 
 1615      675F3030 
 1615      305C446F 
 1616 01d7 52505053 		.ascii	"RPPSOC-FAT-Chain.cydsn\000"
 1616      4F432D46 
 1616      41542D43 
 1616      6861696E 
 1616      2E637964 
 1617              		.ident	"GCC: (GNU Tools for ARM Embedded Processors) 4.9.3 20150303 (release) [ARM/embedded-4_9-br
